[2022-08-15 02:56:34,996] {processor.py:153} INFO - Started process (PID=2303) to work on /home/airflow/.local/lib/python3.7/site-packages/airflow/example_dags/example_xcom.py
[2022-08-15 02:56:35,006] {processor.py:641} INFO - Processing file /home/airflow/.local/lib/python3.7/site-packages/airflow/example_dags/example_xcom.py for tasks to queue
[2022-08-15 02:56:35,013] {logging_mixin.py:115} INFO - [2022-08-15 02:56:35,013] {dagbag.py:508} INFO - Filling up the DagBag from /home/airflow/.local/lib/python3.7/site-packages/airflow/example_dags/example_xcom.py
[2022-08-15 02:56:35,289] {processor.py:651} INFO - DAG(s) dict_keys(['example_xcom']) retrieved from /home/airflow/.local/lib/python3.7/site-packages/airflow/example_dags/example_xcom.py
[2022-08-15 02:56:36,326] {logging_mixin.py:115} INFO - [2022-08-15 02:56:36,326] {dag.py:2420} INFO - Sync 1 DAGs
[2022-08-15 02:56:36,554] {logging_mixin.py:115} INFO - [2022-08-15 02:56:36,554] {dag.py:2972} INFO - Setting next_dagrun for example_xcom to 2021-01-01T00:00:00+00:00, run_after=2021-01-01T00:00:00+00:00
[2022-08-15 02:56:36,676] {processor.py:161} INFO - Processing /home/airflow/.local/lib/python3.7/site-packages/airflow/example_dags/example_xcom.py took 1.726 seconds
[2022-08-15 02:57:06,835] {processor.py:153} INFO - Started process (PID=2364) to work on /home/airflow/.local/lib/python3.7/site-packages/airflow/example_dags/example_xcom.py
[2022-08-15 02:57:06,838] {processor.py:641} INFO - Processing file /home/airflow/.local/lib/python3.7/site-packages/airflow/example_dags/example_xcom.py for tasks to queue
[2022-08-15 02:57:06,839] {logging_mixin.py:115} INFO - [2022-08-15 02:57:06,839] {dagbag.py:508} INFO - Filling up the DagBag from /home/airflow/.local/lib/python3.7/site-packages/airflow/example_dags/example_xcom.py
[2022-08-15 02:57:06,921] {processor.py:651} INFO - DAG(s) dict_keys(['example_xcom']) retrieved from /home/airflow/.local/lib/python3.7/site-packages/airflow/example_dags/example_xcom.py
[2022-08-15 02:57:07,090] {logging_mixin.py:115} INFO - [2022-08-15 02:57:07,090] {dag.py:2420} INFO - Sync 1 DAGs
[2022-08-15 02:57:07,139] {logging_mixin.py:115} INFO - [2022-08-15 02:57:07,138] {dag.py:2972} INFO - Setting next_dagrun for example_xcom to 2021-01-01T00:00:00+00:00, run_after=2021-01-01T00:00:00+00:00
[2022-08-15 02:57:07,173] {processor.py:161} INFO - Processing /home/airflow/.local/lib/python3.7/site-packages/airflow/example_dags/example_xcom.py took 0.354 seconds
[2022-08-15 02:57:37,892] {processor.py:153} INFO - Started process (PID=2418) to work on /home/airflow/.local/lib/python3.7/site-packages/airflow/example_dags/example_xcom.py
[2022-08-15 02:57:37,894] {processor.py:641} INFO - Processing file /home/airflow/.local/lib/python3.7/site-packages/airflow/example_dags/example_xcom.py for tasks to queue
[2022-08-15 02:57:37,896] {logging_mixin.py:115} INFO - [2022-08-15 02:57:37,895] {dagbag.py:508} INFO - Filling up the DagBag from /home/airflow/.local/lib/python3.7/site-packages/airflow/example_dags/example_xcom.py
[2022-08-15 02:57:37,960] {processor.py:651} INFO - DAG(s) dict_keys(['example_xcom']) retrieved from /home/airflow/.local/lib/python3.7/site-packages/airflow/example_dags/example_xcom.py
[2022-08-15 02:57:38,181] {logging_mixin.py:115} INFO - [2022-08-15 02:57:38,181] {dag.py:2420} INFO - Sync 1 DAGs
[2022-08-15 02:57:38,218] {logging_mixin.py:115} INFO - [2022-08-15 02:57:38,217] {dag.py:2972} INFO - Setting next_dagrun for example_xcom to 2021-01-01T00:00:00+00:00, run_after=2021-01-01T00:00:00+00:00
[2022-08-15 02:57:38,240] {processor.py:161} INFO - Processing /home/airflow/.local/lib/python3.7/site-packages/airflow/example_dags/example_xcom.py took 0.362 seconds
[2022-08-15 02:58:08,848] {processor.py:153} INFO - Started process (PID=2474) to work on /home/airflow/.local/lib/python3.7/site-packages/airflow/example_dags/example_xcom.py
[2022-08-15 02:58:08,850] {processor.py:641} INFO - Processing file /home/airflow/.local/lib/python3.7/site-packages/airflow/example_dags/example_xcom.py for tasks to queue
[2022-08-15 02:58:08,852] {logging_mixin.py:115} INFO - [2022-08-15 02:58:08,852] {dagbag.py:508} INFO - Filling up the DagBag from /home/airflow/.local/lib/python3.7/site-packages/airflow/example_dags/example_xcom.py
[2022-08-15 02:58:08,926] {processor.py:651} INFO - DAG(s) dict_keys(['example_xcom']) retrieved from /home/airflow/.local/lib/python3.7/site-packages/airflow/example_dags/example_xcom.py
[2022-08-15 02:58:09,011] {logging_mixin.py:115} INFO - [2022-08-15 02:58:09,011] {dag.py:2420} INFO - Sync 1 DAGs
[2022-08-15 02:58:09,094] {logging_mixin.py:115} INFO - [2022-08-15 02:58:09,094] {dag.py:2972} INFO - Setting next_dagrun for example_xcom to 2021-01-01T00:00:00+00:00, run_after=2021-01-01T00:00:00+00:00
[2022-08-15 02:58:09,151] {processor.py:161} INFO - Processing /home/airflow/.local/lib/python3.7/site-packages/airflow/example_dags/example_xcom.py took 0.309 seconds
[2022-08-15 02:58:39,327] {processor.py:153} INFO - Started process (PID=2536) to work on /home/airflow/.local/lib/python3.7/site-packages/airflow/example_dags/example_xcom.py
[2022-08-15 02:58:39,331] {processor.py:641} INFO - Processing file /home/airflow/.local/lib/python3.7/site-packages/airflow/example_dags/example_xcom.py for tasks to queue
[2022-08-15 02:58:39,335] {logging_mixin.py:115} INFO - [2022-08-15 02:58:39,334] {dagbag.py:508} INFO - Filling up the DagBag from /home/airflow/.local/lib/python3.7/site-packages/airflow/example_dags/example_xcom.py
[2022-08-15 02:58:39,438] {processor.py:651} INFO - DAG(s) dict_keys(['example_xcom']) retrieved from /home/airflow/.local/lib/python3.7/site-packages/airflow/example_dags/example_xcom.py
[2022-08-15 02:58:39,586] {logging_mixin.py:115} INFO - [2022-08-15 02:58:39,585] {dag.py:2420} INFO - Sync 1 DAGs
[2022-08-15 02:58:39,708] {logging_mixin.py:115} INFO - [2022-08-15 02:58:39,707] {dag.py:2972} INFO - Setting next_dagrun for example_xcom to 2021-01-01T00:00:00+00:00, run_after=2021-01-01T00:00:00+00:00
[2022-08-15 02:58:39,780] {processor.py:161} INFO - Processing /home/airflow/.local/lib/python3.7/site-packages/airflow/example_dags/example_xcom.py took 0.468 seconds
[2022-08-15 02:59:09,901] {processor.py:153} INFO - Started process (PID=2592) to work on /home/airflow/.local/lib/python3.7/site-packages/airflow/example_dags/example_xcom.py
[2022-08-15 02:59:09,902] {processor.py:641} INFO - Processing file /home/airflow/.local/lib/python3.7/site-packages/airflow/example_dags/example_xcom.py for tasks to queue
[2022-08-15 02:59:09,904] {logging_mixin.py:115} INFO - [2022-08-15 02:59:09,904] {dagbag.py:508} INFO - Filling up the DagBag from /home/airflow/.local/lib/python3.7/site-packages/airflow/example_dags/example_xcom.py
[2022-08-15 02:59:09,943] {processor.py:651} INFO - DAG(s) dict_keys(['example_xcom']) retrieved from /home/airflow/.local/lib/python3.7/site-packages/airflow/example_dags/example_xcom.py
[2022-08-15 02:59:10,011] {logging_mixin.py:115} INFO - [2022-08-15 02:59:10,011] {dag.py:2420} INFO - Sync 1 DAGs
[2022-08-15 02:59:10,061] {logging_mixin.py:115} INFO - [2022-08-15 02:59:10,060] {dag.py:2972} INFO - Setting next_dagrun for example_xcom to 2021-01-01T00:00:00+00:00, run_after=2021-01-01T00:00:00+00:00
[2022-08-15 02:59:10,092] {processor.py:161} INFO - Processing /home/airflow/.local/lib/python3.7/site-packages/airflow/example_dags/example_xcom.py took 0.199 seconds
[2022-08-15 02:59:40,289] {processor.py:153} INFO - Started process (PID=2645) to work on /home/airflow/.local/lib/python3.7/site-packages/airflow/example_dags/example_xcom.py
[2022-08-15 02:59:40,294] {processor.py:641} INFO - Processing file /home/airflow/.local/lib/python3.7/site-packages/airflow/example_dags/example_xcom.py for tasks to queue
[2022-08-15 02:59:40,304] {logging_mixin.py:115} INFO - [2022-08-15 02:59:40,296] {dagbag.py:508} INFO - Filling up the DagBag from /home/airflow/.local/lib/python3.7/site-packages/airflow/example_dags/example_xcom.py
[2022-08-15 02:59:40,398] {processor.py:651} INFO - DAG(s) dict_keys(['example_xcom']) retrieved from /home/airflow/.local/lib/python3.7/site-packages/airflow/example_dags/example_xcom.py
[2022-08-15 02:59:40,629] {logging_mixin.py:115} INFO - [2022-08-15 02:59:40,629] {dag.py:2420} INFO - Sync 1 DAGs
[2022-08-15 02:59:40,668] {logging_mixin.py:115} INFO - [2022-08-15 02:59:40,668] {dag.py:2972} INFO - Setting next_dagrun for example_xcom to 2021-01-01T00:00:00+00:00, run_after=2021-01-01T00:00:00+00:00
[2022-08-15 02:59:40,714] {processor.py:161} INFO - Processing /home/airflow/.local/lib/python3.7/site-packages/airflow/example_dags/example_xcom.py took 0.432 seconds
[2022-08-15 03:00:11,789] {processor.py:153} INFO - Started process (PID=2709) to work on /home/airflow/.local/lib/python3.7/site-packages/airflow/example_dags/example_xcom.py
[2022-08-15 03:00:11,806] {processor.py:641} INFO - Processing file /home/airflow/.local/lib/python3.7/site-packages/airflow/example_dags/example_xcom.py for tasks to queue
[2022-08-15 03:00:11,808] {logging_mixin.py:115} INFO - [2022-08-15 03:00:11,808] {dagbag.py:508} INFO - Filling up the DagBag from /home/airflow/.local/lib/python3.7/site-packages/airflow/example_dags/example_xcom.py
[2022-08-15 03:00:11,888] {processor.py:651} INFO - DAG(s) dict_keys(['example_xcom']) retrieved from /home/airflow/.local/lib/python3.7/site-packages/airflow/example_dags/example_xcom.py
[2022-08-15 03:00:11,984] {logging_mixin.py:115} INFO - [2022-08-15 03:00:11,983] {dag.py:2420} INFO - Sync 1 DAGs
[2022-08-15 03:00:12,082] {logging_mixin.py:115} INFO - [2022-08-15 03:00:12,082] {dag.py:2972} INFO - Setting next_dagrun for example_xcom to 2021-01-01T00:00:00+00:00, run_after=2021-01-01T00:00:00+00:00
[2022-08-15 03:00:12,140] {processor.py:161} INFO - Processing /home/airflow/.local/lib/python3.7/site-packages/airflow/example_dags/example_xcom.py took 0.360 seconds
[2022-08-15 03:00:42,363] {processor.py:153} INFO - Started process (PID=2762) to work on /home/airflow/.local/lib/python3.7/site-packages/airflow/example_dags/example_xcom.py
[2022-08-15 03:00:42,366] {processor.py:641} INFO - Processing file /home/airflow/.local/lib/python3.7/site-packages/airflow/example_dags/example_xcom.py for tasks to queue
[2022-08-15 03:00:42,377] {logging_mixin.py:115} INFO - [2022-08-15 03:00:42,377] {dagbag.py:508} INFO - Filling up the DagBag from /home/airflow/.local/lib/python3.7/site-packages/airflow/example_dags/example_xcom.py
[2022-08-15 03:00:42,482] {processor.py:651} INFO - DAG(s) dict_keys(['example_xcom']) retrieved from /home/airflow/.local/lib/python3.7/site-packages/airflow/example_dags/example_xcom.py
[2022-08-15 03:00:42,589] {logging_mixin.py:115} INFO - [2022-08-15 03:00:42,589] {dag.py:2420} INFO - Sync 1 DAGs
[2022-08-15 03:00:42,639] {logging_mixin.py:115} INFO - [2022-08-15 03:00:42,638] {dag.py:2972} INFO - Setting next_dagrun for example_xcom to 2021-01-01T00:00:00+00:00, run_after=2021-01-01T00:00:00+00:00
[2022-08-15 03:00:42,668] {processor.py:161} INFO - Processing /home/airflow/.local/lib/python3.7/site-packages/airflow/example_dags/example_xcom.py took 0.321 seconds
[2022-08-15 03:01:13,075] {processor.py:153} INFO - Started process (PID=2822) to work on /home/airflow/.local/lib/python3.7/site-packages/airflow/example_dags/example_xcom.py
[2022-08-15 03:01:13,083] {processor.py:641} INFO - Processing file /home/airflow/.local/lib/python3.7/site-packages/airflow/example_dags/example_xcom.py for tasks to queue
[2022-08-15 03:01:13,085] {logging_mixin.py:115} INFO - [2022-08-15 03:01:13,085] {dagbag.py:508} INFO - Filling up the DagBag from /home/airflow/.local/lib/python3.7/site-packages/airflow/example_dags/example_xcom.py
[2022-08-15 03:01:13,137] {processor.py:651} INFO - DAG(s) dict_keys(['example_xcom']) retrieved from /home/airflow/.local/lib/python3.7/site-packages/airflow/example_dags/example_xcom.py
[2022-08-15 03:01:13,565] {logging_mixin.py:115} INFO - [2022-08-15 03:01:13,537] {dag.py:2420} INFO - Sync 1 DAGs
[2022-08-15 03:01:13,685] {logging_mixin.py:115} INFO - [2022-08-15 03:01:13,685] {dag.py:2972} INFO - Setting next_dagrun for example_xcom to 2021-01-01T00:00:00+00:00, run_after=2021-01-01T00:00:00+00:00
[2022-08-15 03:01:13,789] {processor.py:161} INFO - Processing /home/airflow/.local/lib/python3.7/site-packages/airflow/example_dags/example_xcom.py took 0.726 seconds
[2022-08-15 03:01:44,071] {processor.py:153} INFO - Started process (PID=2882) to work on /home/airflow/.local/lib/python3.7/site-packages/airflow/example_dags/example_xcom.py
[2022-08-15 03:01:44,073] {processor.py:641} INFO - Processing file /home/airflow/.local/lib/python3.7/site-packages/airflow/example_dags/example_xcom.py for tasks to queue
[2022-08-15 03:01:44,075] {logging_mixin.py:115} INFO - [2022-08-15 03:01:44,075] {dagbag.py:508} INFO - Filling up the DagBag from /home/airflow/.local/lib/python3.7/site-packages/airflow/example_dags/example_xcom.py
[2022-08-15 03:01:44,119] {processor.py:651} INFO - DAG(s) dict_keys(['example_xcom']) retrieved from /home/airflow/.local/lib/python3.7/site-packages/airflow/example_dags/example_xcom.py
[2022-08-15 03:01:44,513] {logging_mixin.py:115} INFO - [2022-08-15 03:01:44,513] {dag.py:2420} INFO - Sync 1 DAGs
[2022-08-15 03:01:44,573] {logging_mixin.py:115} INFO - [2022-08-15 03:01:44,573] {dag.py:2972} INFO - Setting next_dagrun for example_xcom to 2021-01-01T00:00:00+00:00, run_after=2021-01-01T00:00:00+00:00
[2022-08-15 03:01:44,645] {processor.py:161} INFO - Processing /home/airflow/.local/lib/python3.7/site-packages/airflow/example_dags/example_xcom.py took 0.585 seconds
[2022-08-15 03:02:15,326] {processor.py:153} INFO - Started process (PID=2947) to work on /home/airflow/.local/lib/python3.7/site-packages/airflow/example_dags/example_xcom.py
[2022-08-15 03:02:15,329] {processor.py:641} INFO - Processing file /home/airflow/.local/lib/python3.7/site-packages/airflow/example_dags/example_xcom.py for tasks to queue
[2022-08-15 03:02:15,331] {logging_mixin.py:115} INFO - [2022-08-15 03:02:15,331] {dagbag.py:508} INFO - Filling up the DagBag from /home/airflow/.local/lib/python3.7/site-packages/airflow/example_dags/example_xcom.py
[2022-08-15 03:02:15,386] {processor.py:651} INFO - DAG(s) dict_keys(['example_xcom']) retrieved from /home/airflow/.local/lib/python3.7/site-packages/airflow/example_dags/example_xcom.py
[2022-08-15 03:02:15,510] {logging_mixin.py:115} INFO - [2022-08-15 03:02:15,510] {dag.py:2420} INFO - Sync 1 DAGs
[2022-08-15 03:02:15,547] {logging_mixin.py:115} INFO - [2022-08-15 03:02:15,547] {dag.py:2972} INFO - Setting next_dagrun for example_xcom to 2021-01-01T00:00:00+00:00, run_after=2021-01-01T00:00:00+00:00
[2022-08-15 03:02:15,584] {processor.py:161} INFO - Processing /home/airflow/.local/lib/python3.7/site-packages/airflow/example_dags/example_xcom.py took 0.264 seconds
[2022-08-15 03:02:46,010] {processor.py:153} INFO - Started process (PID=3000) to work on /home/airflow/.local/lib/python3.7/site-packages/airflow/example_dags/example_xcom.py
[2022-08-15 03:02:46,012] {processor.py:641} INFO - Processing file /home/airflow/.local/lib/python3.7/site-packages/airflow/example_dags/example_xcom.py for tasks to queue
[2022-08-15 03:02:46,014] {logging_mixin.py:115} INFO - [2022-08-15 03:02:46,014] {dagbag.py:508} INFO - Filling up the DagBag from /home/airflow/.local/lib/python3.7/site-packages/airflow/example_dags/example_xcom.py
[2022-08-15 03:02:46,053] {processor.py:651} INFO - DAG(s) dict_keys(['example_xcom']) retrieved from /home/airflow/.local/lib/python3.7/site-packages/airflow/example_dags/example_xcom.py
[2022-08-15 03:02:46,219] {logging_mixin.py:115} INFO - [2022-08-15 03:02:46,218] {dag.py:2420} INFO - Sync 1 DAGs
[2022-08-15 03:02:46,261] {logging_mixin.py:115} INFO - [2022-08-15 03:02:46,261] {dag.py:2972} INFO - Setting next_dagrun for example_xcom to 2021-01-01T00:00:00+00:00, run_after=2021-01-01T00:00:00+00:00
[2022-08-15 03:02:46,296] {processor.py:161} INFO - Processing /home/airflow/.local/lib/python3.7/site-packages/airflow/example_dags/example_xcom.py took 0.294 seconds
[2022-08-15 03:03:16,925] {processor.py:153} INFO - Started process (PID=3055) to work on /home/airflow/.local/lib/python3.7/site-packages/airflow/example_dags/example_xcom.py
[2022-08-15 03:03:16,934] {processor.py:641} INFO - Processing file /home/airflow/.local/lib/python3.7/site-packages/airflow/example_dags/example_xcom.py for tasks to queue
[2022-08-15 03:03:16,938] {logging_mixin.py:115} INFO - [2022-08-15 03:03:16,937] {dagbag.py:508} INFO - Filling up the DagBag from /home/airflow/.local/lib/python3.7/site-packages/airflow/example_dags/example_xcom.py
[2022-08-15 03:03:17,000] {processor.py:651} INFO - DAG(s) dict_keys(['example_xcom']) retrieved from /home/airflow/.local/lib/python3.7/site-packages/airflow/example_dags/example_xcom.py
[2022-08-15 03:03:17,182] {logging_mixin.py:115} INFO - [2022-08-15 03:03:17,182] {dag.py:2420} INFO - Sync 1 DAGs
[2022-08-15 03:03:17,301] {logging_mixin.py:115} INFO - [2022-08-15 03:03:17,301] {dag.py:2972} INFO - Setting next_dagrun for example_xcom to 2021-01-01T00:00:00+00:00, run_after=2021-01-01T00:00:00+00:00
[2022-08-15 03:03:17,372] {processor.py:161} INFO - Processing /home/airflow/.local/lib/python3.7/site-packages/airflow/example_dags/example_xcom.py took 0.455 seconds
[2022-08-15 03:03:47,793] {processor.py:153} INFO - Started process (PID=3117) to work on /home/airflow/.local/lib/python3.7/site-packages/airflow/example_dags/example_xcom.py
[2022-08-15 03:03:47,796] {processor.py:641} INFO - Processing file /home/airflow/.local/lib/python3.7/site-packages/airflow/example_dags/example_xcom.py for tasks to queue
[2022-08-15 03:03:47,800] {logging_mixin.py:115} INFO - [2022-08-15 03:03:47,799] {dagbag.py:508} INFO - Filling up the DagBag from /home/airflow/.local/lib/python3.7/site-packages/airflow/example_dags/example_xcom.py
[2022-08-15 03:03:47,920] {processor.py:651} INFO - DAG(s) dict_keys(['example_xcom']) retrieved from /home/airflow/.local/lib/python3.7/site-packages/airflow/example_dags/example_xcom.py
[2022-08-15 03:03:47,994] {logging_mixin.py:115} INFO - [2022-08-15 03:03:47,994] {dag.py:2420} INFO - Sync 1 DAGs
[2022-08-15 03:03:48,077] {logging_mixin.py:115} INFO - [2022-08-15 03:03:48,077] {dag.py:2972} INFO - Setting next_dagrun for example_xcom to 2021-01-01T00:00:00+00:00, run_after=2021-01-01T00:00:00+00:00
[2022-08-15 03:03:48,127] {processor.py:161} INFO - Processing /home/airflow/.local/lib/python3.7/site-packages/airflow/example_dags/example_xcom.py took 0.351 seconds
[2022-08-15 03:04:18,986] {processor.py:153} INFO - Started process (PID=3170) to work on /home/airflow/.local/lib/python3.7/site-packages/airflow/example_dags/example_xcom.py
[2022-08-15 03:04:18,988] {processor.py:641} INFO - Processing file /home/airflow/.local/lib/python3.7/site-packages/airflow/example_dags/example_xcom.py for tasks to queue
[2022-08-15 03:04:18,991] {logging_mixin.py:115} INFO - [2022-08-15 03:04:18,991] {dagbag.py:508} INFO - Filling up the DagBag from /home/airflow/.local/lib/python3.7/site-packages/airflow/example_dags/example_xcom.py
[2022-08-15 03:04:19,026] {processor.py:651} INFO - DAG(s) dict_keys(['example_xcom']) retrieved from /home/airflow/.local/lib/python3.7/site-packages/airflow/example_dags/example_xcom.py
[2022-08-15 03:04:19,153] {logging_mixin.py:115} INFO - [2022-08-15 03:04:19,152] {dag.py:2420} INFO - Sync 1 DAGs
[2022-08-15 03:04:19,202] {logging_mixin.py:115} INFO - [2022-08-15 03:04:19,202] {dag.py:2972} INFO - Setting next_dagrun for example_xcom to 2021-01-01T00:00:00+00:00, run_after=2021-01-01T00:00:00+00:00
[2022-08-15 03:04:19,227] {processor.py:161} INFO - Processing /home/airflow/.local/lib/python3.7/site-packages/airflow/example_dags/example_xcom.py took 0.248 seconds
[2022-08-15 03:04:49,968] {processor.py:153} INFO - Started process (PID=3232) to work on /home/airflow/.local/lib/python3.7/site-packages/airflow/example_dags/example_xcom.py
[2022-08-15 03:04:49,971] {processor.py:641} INFO - Processing file /home/airflow/.local/lib/python3.7/site-packages/airflow/example_dags/example_xcom.py for tasks to queue
[2022-08-15 03:04:49,979] {logging_mixin.py:115} INFO - [2022-08-15 03:04:49,979] {dagbag.py:508} INFO - Filling up the DagBag from /home/airflow/.local/lib/python3.7/site-packages/airflow/example_dags/example_xcom.py
[2022-08-15 03:04:50,083] {processor.py:651} INFO - DAG(s) dict_keys(['example_xcom']) retrieved from /home/airflow/.local/lib/python3.7/site-packages/airflow/example_dags/example_xcom.py
[2022-08-15 03:04:50,575] {logging_mixin.py:115} INFO - [2022-08-15 03:04:50,575] {dag.py:2420} INFO - Sync 1 DAGs
[2022-08-15 03:04:50,676] {logging_mixin.py:115} INFO - [2022-08-15 03:04:50,676] {dag.py:2972} INFO - Setting next_dagrun for example_xcom to 2021-01-01T00:00:00+00:00, run_after=2021-01-01T00:00:00+00:00
[2022-08-15 03:04:50,740] {processor.py:161} INFO - Processing /home/airflow/.local/lib/python3.7/site-packages/airflow/example_dags/example_xcom.py took 0.791 seconds
[2022-08-15 03:05:21,074] {processor.py:153} INFO - Started process (PID=3288) to work on /home/airflow/.local/lib/python3.7/site-packages/airflow/example_dags/example_xcom.py
[2022-08-15 03:05:21,075] {processor.py:641} INFO - Processing file /home/airflow/.local/lib/python3.7/site-packages/airflow/example_dags/example_xcom.py for tasks to queue
[2022-08-15 03:05:21,084] {logging_mixin.py:115} INFO - [2022-08-15 03:05:21,083] {dagbag.py:508} INFO - Filling up the DagBag from /home/airflow/.local/lib/python3.7/site-packages/airflow/example_dags/example_xcom.py
[2022-08-15 03:05:21,123] {processor.py:651} INFO - DAG(s) dict_keys(['example_xcom']) retrieved from /home/airflow/.local/lib/python3.7/site-packages/airflow/example_dags/example_xcom.py
[2022-08-15 03:05:21,254] {logging_mixin.py:115} INFO - [2022-08-15 03:05:21,254] {dag.py:2420} INFO - Sync 1 DAGs
[2022-08-15 03:05:21,311] {logging_mixin.py:115} INFO - [2022-08-15 03:05:21,311] {dag.py:2972} INFO - Setting next_dagrun for example_xcom to 2021-01-01T00:00:00+00:00, run_after=2021-01-01T00:00:00+00:00
[2022-08-15 03:05:21,342] {processor.py:161} INFO - Processing /home/airflow/.local/lib/python3.7/site-packages/airflow/example_dags/example_xcom.py took 0.275 seconds
[2022-08-15 03:05:51,884] {processor.py:153} INFO - Started process (PID=3344) to work on /home/airflow/.local/lib/python3.7/site-packages/airflow/example_dags/example_xcom.py
[2022-08-15 03:05:51,886] {processor.py:641} INFO - Processing file /home/airflow/.local/lib/python3.7/site-packages/airflow/example_dags/example_xcom.py for tasks to queue
[2022-08-15 03:05:51,889] {logging_mixin.py:115} INFO - [2022-08-15 03:05:51,889] {dagbag.py:508} INFO - Filling up the DagBag from /home/airflow/.local/lib/python3.7/site-packages/airflow/example_dags/example_xcom.py
[2022-08-15 03:05:51,962] {processor.py:651} INFO - DAG(s) dict_keys(['example_xcom']) retrieved from /home/airflow/.local/lib/python3.7/site-packages/airflow/example_dags/example_xcom.py
[2022-08-15 03:05:52,188] {logging_mixin.py:115} INFO - [2022-08-15 03:05:52,188] {dag.py:2420} INFO - Sync 1 DAGs
[2022-08-15 03:05:52,247] {logging_mixin.py:115} INFO - [2022-08-15 03:05:52,247] {dag.py:2972} INFO - Setting next_dagrun for example_xcom to 2021-01-01T00:00:00+00:00, run_after=2021-01-01T00:00:00+00:00
[2022-08-15 03:05:52,323] {processor.py:161} INFO - Processing /home/airflow/.local/lib/python3.7/site-packages/airflow/example_dags/example_xcom.py took 0.448 seconds
[2022-08-15 03:06:22,710] {processor.py:153} INFO - Started process (PID=3407) to work on /home/airflow/.local/lib/python3.7/site-packages/airflow/example_dags/example_xcom.py
[2022-08-15 03:06:22,713] {processor.py:641} INFO - Processing file /home/airflow/.local/lib/python3.7/site-packages/airflow/example_dags/example_xcom.py for tasks to queue
[2022-08-15 03:06:22,717] {logging_mixin.py:115} INFO - [2022-08-15 03:06:22,716] {dagbag.py:508} INFO - Filling up the DagBag from /home/airflow/.local/lib/python3.7/site-packages/airflow/example_dags/example_xcom.py
[2022-08-15 03:06:22,777] {processor.py:651} INFO - DAG(s) dict_keys(['example_xcom']) retrieved from /home/airflow/.local/lib/python3.7/site-packages/airflow/example_dags/example_xcom.py
[2022-08-15 03:06:22,971] {logging_mixin.py:115} INFO - [2022-08-15 03:06:22,971] {dag.py:2420} INFO - Sync 1 DAGs
[2022-08-15 03:06:23,050] {logging_mixin.py:115} INFO - [2022-08-15 03:06:23,050] {dag.py:2972} INFO - Setting next_dagrun for example_xcom to 2021-01-01T00:00:00+00:00, run_after=2021-01-01T00:00:00+00:00
[2022-08-15 03:06:23,085] {processor.py:161} INFO - Processing /home/airflow/.local/lib/python3.7/site-packages/airflow/example_dags/example_xcom.py took 0.389 seconds
[2022-08-15 03:06:53,252] {processor.py:153} INFO - Started process (PID=3460) to work on /home/airflow/.local/lib/python3.7/site-packages/airflow/example_dags/example_xcom.py
[2022-08-15 03:06:53,254] {processor.py:641} INFO - Processing file /home/airflow/.local/lib/python3.7/site-packages/airflow/example_dags/example_xcom.py for tasks to queue
[2022-08-15 03:06:53,258] {logging_mixin.py:115} INFO - [2022-08-15 03:06:53,258] {dagbag.py:508} INFO - Filling up the DagBag from /home/airflow/.local/lib/python3.7/site-packages/airflow/example_dags/example_xcom.py
[2022-08-15 03:06:53,285] {processor.py:651} INFO - DAG(s) dict_keys(['example_xcom']) retrieved from /home/airflow/.local/lib/python3.7/site-packages/airflow/example_dags/example_xcom.py
[2022-08-15 03:06:53,378] {logging_mixin.py:115} INFO - [2022-08-15 03:06:53,377] {dag.py:2420} INFO - Sync 1 DAGs
[2022-08-15 03:06:53,411] {logging_mixin.py:115} INFO - [2022-08-15 03:06:53,410] {dag.py:2972} INFO - Setting next_dagrun for example_xcom to 2021-01-01T00:00:00+00:00, run_after=2021-01-01T00:00:00+00:00
[2022-08-15 03:06:53,440] {processor.py:161} INFO - Processing /home/airflow/.local/lib/python3.7/site-packages/airflow/example_dags/example_xcom.py took 0.194 seconds
[2022-08-15 03:07:23,643] {processor.py:153} INFO - Started process (PID=3515) to work on /home/airflow/.local/lib/python3.7/site-packages/airflow/example_dags/example_xcom.py
[2022-08-15 03:07:23,647] {processor.py:641} INFO - Processing file /home/airflow/.local/lib/python3.7/site-packages/airflow/example_dags/example_xcom.py for tasks to queue
[2022-08-15 03:07:23,650] {logging_mixin.py:115} INFO - [2022-08-15 03:07:23,649] {dagbag.py:508} INFO - Filling up the DagBag from /home/airflow/.local/lib/python3.7/site-packages/airflow/example_dags/example_xcom.py
[2022-08-15 03:07:23,689] {processor.py:651} INFO - DAG(s) dict_keys(['example_xcom']) retrieved from /home/airflow/.local/lib/python3.7/site-packages/airflow/example_dags/example_xcom.py
[2022-08-15 03:07:23,970] {logging_mixin.py:115} INFO - [2022-08-15 03:07:23,969] {dag.py:2420} INFO - Sync 1 DAGs
[2022-08-15 03:07:24,183] {logging_mixin.py:115} INFO - [2022-08-15 03:07:24,182] {dag.py:2972} INFO - Setting next_dagrun for example_xcom to 2021-01-01T00:00:00+00:00, run_after=2021-01-01T00:00:00+00:00
[2022-08-15 03:07:24,259] {processor.py:161} INFO - Processing /home/airflow/.local/lib/python3.7/site-packages/airflow/example_dags/example_xcom.py took 0.634 seconds
[2022-08-15 03:07:55,009] {processor.py:153} INFO - Started process (PID=3579) to work on /home/airflow/.local/lib/python3.7/site-packages/airflow/example_dags/example_xcom.py
[2022-08-15 03:07:55,024] {processor.py:641} INFO - Processing file /home/airflow/.local/lib/python3.7/site-packages/airflow/example_dags/example_xcom.py for tasks to queue
[2022-08-15 03:07:55,041] {logging_mixin.py:115} INFO - [2022-08-15 03:07:55,041] {dagbag.py:508} INFO - Filling up the DagBag from /home/airflow/.local/lib/python3.7/site-packages/airflow/example_dags/example_xcom.py
[2022-08-15 03:07:55,381] {processor.py:651} INFO - DAG(s) dict_keys(['example_xcom']) retrieved from /home/airflow/.local/lib/python3.7/site-packages/airflow/example_dags/example_xcom.py
[2022-08-15 03:07:56,618] {logging_mixin.py:115} INFO - [2022-08-15 03:07:56,617] {dag.py:2420} INFO - Sync 1 DAGs
[2022-08-15 03:07:57,374] {logging_mixin.py:115} INFO - [2022-08-15 03:07:57,374] {dag.py:2972} INFO - Setting next_dagrun for example_xcom to 2021-01-01T00:00:00+00:00, run_after=2021-01-01T00:00:00+00:00
[2022-08-15 03:07:57,570] {processor.py:161} INFO - Processing /home/airflow/.local/lib/python3.7/site-packages/airflow/example_dags/example_xcom.py took 2.587 seconds
[2022-08-15 03:08:28,271] {processor.py:153} INFO - Started process (PID=3632) to work on /home/airflow/.local/lib/python3.7/site-packages/airflow/example_dags/example_xcom.py
[2022-08-15 03:08:28,274] {processor.py:641} INFO - Processing file /home/airflow/.local/lib/python3.7/site-packages/airflow/example_dags/example_xcom.py for tasks to queue
[2022-08-15 03:08:28,277] {logging_mixin.py:115} INFO - [2022-08-15 03:08:28,276] {dagbag.py:508} INFO - Filling up the DagBag from /home/airflow/.local/lib/python3.7/site-packages/airflow/example_dags/example_xcom.py
[2022-08-15 03:08:28,335] {processor.py:651} INFO - DAG(s) dict_keys(['example_xcom']) retrieved from /home/airflow/.local/lib/python3.7/site-packages/airflow/example_dags/example_xcom.py
[2022-08-15 03:08:28,489] {logging_mixin.py:115} INFO - [2022-08-15 03:08:28,488] {dag.py:2420} INFO - Sync 1 DAGs
[2022-08-15 03:08:28,554] {logging_mixin.py:115} INFO - [2022-08-15 03:08:28,554] {dag.py:2972} INFO - Setting next_dagrun for example_xcom to 2021-01-01T00:00:00+00:00, run_after=2021-01-01T00:00:00+00:00
[2022-08-15 03:08:28,592] {processor.py:161} INFO - Processing /home/airflow/.local/lib/python3.7/site-packages/airflow/example_dags/example_xcom.py took 0.328 seconds
[2022-08-15 03:08:59,142] {processor.py:153} INFO - Started process (PID=3685) to work on /home/airflow/.local/lib/python3.7/site-packages/airflow/example_dags/example_xcom.py
[2022-08-15 03:08:59,144] {processor.py:641} INFO - Processing file /home/airflow/.local/lib/python3.7/site-packages/airflow/example_dags/example_xcom.py for tasks to queue
[2022-08-15 03:08:59,146] {logging_mixin.py:115} INFO - [2022-08-15 03:08:59,146] {dagbag.py:508} INFO - Filling up the DagBag from /home/airflow/.local/lib/python3.7/site-packages/airflow/example_dags/example_xcom.py
[2022-08-15 03:08:59,193] {processor.py:651} INFO - DAG(s) dict_keys(['example_xcom']) retrieved from /home/airflow/.local/lib/python3.7/site-packages/airflow/example_dags/example_xcom.py
[2022-08-15 03:08:59,320] {logging_mixin.py:115} INFO - [2022-08-15 03:08:59,320] {dag.py:2420} INFO - Sync 1 DAGs
[2022-08-15 03:08:59,371] {logging_mixin.py:115} INFO - [2022-08-15 03:08:59,371] {dag.py:2972} INFO - Setting next_dagrun for example_xcom to 2021-01-01T00:00:00+00:00, run_after=2021-01-01T00:00:00+00:00
[2022-08-15 03:08:59,396] {processor.py:161} INFO - Processing /home/airflow/.local/lib/python3.7/site-packages/airflow/example_dags/example_xcom.py took 0.263 seconds
[2022-08-15 03:09:29,589] {processor.py:153} INFO - Started process (PID=3748) to work on /home/airflow/.local/lib/python3.7/site-packages/airflow/example_dags/example_xcom.py
[2022-08-15 03:09:29,598] {processor.py:641} INFO - Processing file /home/airflow/.local/lib/python3.7/site-packages/airflow/example_dags/example_xcom.py for tasks to queue
[2022-08-15 03:09:29,600] {logging_mixin.py:115} INFO - [2022-08-15 03:09:29,600] {dagbag.py:508} INFO - Filling up the DagBag from /home/airflow/.local/lib/python3.7/site-packages/airflow/example_dags/example_xcom.py
[2022-08-15 03:09:29,671] {processor.py:651} INFO - DAG(s) dict_keys(['example_xcom']) retrieved from /home/airflow/.local/lib/python3.7/site-packages/airflow/example_dags/example_xcom.py
[2022-08-15 03:09:29,944] {logging_mixin.py:115} INFO - [2022-08-15 03:09:29,944] {dag.py:2420} INFO - Sync 1 DAGs
[2022-08-15 03:09:30,019] {logging_mixin.py:115} INFO - [2022-08-15 03:09:30,018] {dag.py:2972} INFO - Setting next_dagrun for example_xcom to 2021-01-01T00:00:00+00:00, run_after=2021-01-01T00:00:00+00:00
[2022-08-15 03:09:30,071] {processor.py:161} INFO - Processing /home/airflow/.local/lib/python3.7/site-packages/airflow/example_dags/example_xcom.py took 0.494 seconds
[2022-08-15 03:10:00,359] {processor.py:153} INFO - Started process (PID=3802) to work on /home/airflow/.local/lib/python3.7/site-packages/airflow/example_dags/example_xcom.py
[2022-08-15 03:10:00,362] {processor.py:641} INFO - Processing file /home/airflow/.local/lib/python3.7/site-packages/airflow/example_dags/example_xcom.py for tasks to queue
[2022-08-15 03:10:00,367] {logging_mixin.py:115} INFO - [2022-08-15 03:10:00,366] {dagbag.py:508} INFO - Filling up the DagBag from /home/airflow/.local/lib/python3.7/site-packages/airflow/example_dags/example_xcom.py
[2022-08-15 03:10:00,496] {processor.py:651} INFO - DAG(s) dict_keys(['example_xcom']) retrieved from /home/airflow/.local/lib/python3.7/site-packages/airflow/example_dags/example_xcom.py
[2022-08-15 03:10:00,606] {logging_mixin.py:115} INFO - [2022-08-15 03:10:00,606] {dag.py:2420} INFO - Sync 1 DAGs
[2022-08-15 03:10:00,686] {logging_mixin.py:115} INFO - [2022-08-15 03:10:00,685] {dag.py:2972} INFO - Setting next_dagrun for example_xcom to 2021-01-01T00:00:00+00:00, run_after=2021-01-01T00:00:00+00:00
[2022-08-15 03:10:00,733] {processor.py:161} INFO - Processing /home/airflow/.local/lib/python3.7/site-packages/airflow/example_dags/example_xcom.py took 0.420 seconds
[2022-08-15 03:10:31,568] {processor.py:153} INFO - Started process (PID=3859) to work on /home/airflow/.local/lib/python3.7/site-packages/airflow/example_dags/example_xcom.py
[2022-08-15 03:10:31,570] {processor.py:641} INFO - Processing file /home/airflow/.local/lib/python3.7/site-packages/airflow/example_dags/example_xcom.py for tasks to queue
[2022-08-15 03:10:31,572] {logging_mixin.py:115} INFO - [2022-08-15 03:10:31,572] {dagbag.py:508} INFO - Filling up the DagBag from /home/airflow/.local/lib/python3.7/site-packages/airflow/example_dags/example_xcom.py
[2022-08-15 03:10:31,610] {processor.py:651} INFO - DAG(s) dict_keys(['example_xcom']) retrieved from /home/airflow/.local/lib/python3.7/site-packages/airflow/example_dags/example_xcom.py
[2022-08-15 03:10:31,737] {logging_mixin.py:115} INFO - [2022-08-15 03:10:31,737] {dag.py:2420} INFO - Sync 1 DAGs
[2022-08-15 03:10:31,779] {logging_mixin.py:115} INFO - [2022-08-15 03:10:31,779] {dag.py:2972} INFO - Setting next_dagrun for example_xcom to 2021-01-01T00:00:00+00:00, run_after=2021-01-01T00:00:00+00:00
[2022-08-15 03:10:31,811] {processor.py:161} INFO - Processing /home/airflow/.local/lib/python3.7/site-packages/airflow/example_dags/example_xcom.py took 0.251 seconds
[2022-08-15 03:11:01,985] {processor.py:153} INFO - Started process (PID=3912) to work on /home/airflow/.local/lib/python3.7/site-packages/airflow/example_dags/example_xcom.py
[2022-08-15 03:11:01,991] {processor.py:641} INFO - Processing file /home/airflow/.local/lib/python3.7/site-packages/airflow/example_dags/example_xcom.py for tasks to queue
[2022-08-15 03:11:01,996] {logging_mixin.py:115} INFO - [2022-08-15 03:11:01,995] {dagbag.py:508} INFO - Filling up the DagBag from /home/airflow/.local/lib/python3.7/site-packages/airflow/example_dags/example_xcom.py
[2022-08-15 03:11:02,188] {processor.py:651} INFO - DAG(s) dict_keys(['example_xcom']) retrieved from /home/airflow/.local/lib/python3.7/site-packages/airflow/example_dags/example_xcom.py
[2022-08-15 03:11:02,411] {logging_mixin.py:115} INFO - [2022-08-15 03:11:02,411] {dag.py:2420} INFO - Sync 1 DAGs
[2022-08-15 03:11:02,604] {logging_mixin.py:115} INFO - [2022-08-15 03:11:02,604] {dag.py:2972} INFO - Setting next_dagrun for example_xcom to 2021-01-01T00:00:00+00:00, run_after=2021-01-01T00:00:00+00:00
[2022-08-15 03:11:02,691] {processor.py:161} INFO - Processing /home/airflow/.local/lib/python3.7/site-packages/airflow/example_dags/example_xcom.py took 0.728 seconds
[2022-08-15 03:11:33,105] {processor.py:153} INFO - Started process (PID=3974) to work on /home/airflow/.local/lib/python3.7/site-packages/airflow/example_dags/example_xcom.py
[2022-08-15 03:11:33,119] {processor.py:641} INFO - Processing file /home/airflow/.local/lib/python3.7/site-packages/airflow/example_dags/example_xcom.py for tasks to queue
[2022-08-15 03:11:33,124] {logging_mixin.py:115} INFO - [2022-08-15 03:11:33,123] {dagbag.py:508} INFO - Filling up the DagBag from /home/airflow/.local/lib/python3.7/site-packages/airflow/example_dags/example_xcom.py
[2022-08-15 03:11:33,347] {processor.py:651} INFO - DAG(s) dict_keys(['example_xcom']) retrieved from /home/airflow/.local/lib/python3.7/site-packages/airflow/example_dags/example_xcom.py
[2022-08-15 03:11:33,812] {logging_mixin.py:115} INFO - [2022-08-15 03:11:33,811] {dag.py:2420} INFO - Sync 1 DAGs
[2022-08-15 03:11:33,925] {logging_mixin.py:115} INFO - [2022-08-15 03:11:33,925] {dag.py:2972} INFO - Setting next_dagrun for example_xcom to 2021-01-01T00:00:00+00:00, run_after=2021-01-01T00:00:00+00:00
[2022-08-15 03:11:33,997] {processor.py:161} INFO - Processing /home/airflow/.local/lib/python3.7/site-packages/airflow/example_dags/example_xcom.py took 0.928 seconds
[2022-08-15 03:12:04,249] {processor.py:153} INFO - Started process (PID=4027) to work on /home/airflow/.local/lib/python3.7/site-packages/airflow/example_dags/example_xcom.py
[2022-08-15 03:12:04,253] {processor.py:641} INFO - Processing file /home/airflow/.local/lib/python3.7/site-packages/airflow/example_dags/example_xcom.py for tasks to queue
[2022-08-15 03:12:04,255] {logging_mixin.py:115} INFO - [2022-08-15 03:12:04,255] {dagbag.py:508} INFO - Filling up the DagBag from /home/airflow/.local/lib/python3.7/site-packages/airflow/example_dags/example_xcom.py
[2022-08-15 03:12:04,316] {processor.py:651} INFO - DAG(s) dict_keys(['example_xcom']) retrieved from /home/airflow/.local/lib/python3.7/site-packages/airflow/example_dags/example_xcom.py
[2022-08-15 03:12:04,541] {logging_mixin.py:115} INFO - [2022-08-15 03:12:04,540] {dag.py:2420} INFO - Sync 1 DAGs
[2022-08-15 03:12:04,585] {logging_mixin.py:115} INFO - [2022-08-15 03:12:04,585] {dag.py:2972} INFO - Setting next_dagrun for example_xcom to 2021-01-01T00:00:00+00:00, run_after=2021-01-01T00:00:00+00:00
[2022-08-15 03:12:04,620] {processor.py:161} INFO - Processing /home/airflow/.local/lib/python3.7/site-packages/airflow/example_dags/example_xcom.py took 0.381 seconds
[2022-08-15 03:12:35,366] {processor.py:153} INFO - Started process (PID=4083) to work on /home/airflow/.local/lib/python3.7/site-packages/airflow/example_dags/example_xcom.py
[2022-08-15 03:12:35,367] {processor.py:641} INFO - Processing file /home/airflow/.local/lib/python3.7/site-packages/airflow/example_dags/example_xcom.py for tasks to queue
[2022-08-15 03:12:35,369] {logging_mixin.py:115} INFO - [2022-08-15 03:12:35,369] {dagbag.py:508} INFO - Filling up the DagBag from /home/airflow/.local/lib/python3.7/site-packages/airflow/example_dags/example_xcom.py
[2022-08-15 03:12:35,405] {processor.py:651} INFO - DAG(s) dict_keys(['example_xcom']) retrieved from /home/airflow/.local/lib/python3.7/site-packages/airflow/example_dags/example_xcom.py
[2022-08-15 03:12:35,696] {logging_mixin.py:115} INFO - [2022-08-15 03:12:35,696] {dag.py:2420} INFO - Sync 1 DAGs
[2022-08-15 03:12:35,734] {logging_mixin.py:115} INFO - [2022-08-15 03:12:35,734] {dag.py:2972} INFO - Setting next_dagrun for example_xcom to 2021-01-01T00:00:00+00:00, run_after=2021-01-01T00:00:00+00:00
[2022-08-15 03:12:35,791] {processor.py:161} INFO - Processing /home/airflow/.local/lib/python3.7/site-packages/airflow/example_dags/example_xcom.py took 0.434 seconds
[2022-08-15 03:13:05,881] {processor.py:153} INFO - Started process (PID=4147) to work on /home/airflow/.local/lib/python3.7/site-packages/airflow/example_dags/example_xcom.py
[2022-08-15 03:13:05,884] {processor.py:641} INFO - Processing file /home/airflow/.local/lib/python3.7/site-packages/airflow/example_dags/example_xcom.py for tasks to queue
[2022-08-15 03:13:05,886] {logging_mixin.py:115} INFO - [2022-08-15 03:13:05,886] {dagbag.py:508} INFO - Filling up the DagBag from /home/airflow/.local/lib/python3.7/site-packages/airflow/example_dags/example_xcom.py
[2022-08-15 03:13:05,923] {processor.py:651} INFO - DAG(s) dict_keys(['example_xcom']) retrieved from /home/airflow/.local/lib/python3.7/site-packages/airflow/example_dags/example_xcom.py
[2022-08-15 03:13:06,034] {logging_mixin.py:115} INFO - [2022-08-15 03:13:06,034] {dag.py:2420} INFO - Sync 1 DAGs
[2022-08-15 03:13:06,079] {logging_mixin.py:115} INFO - [2022-08-15 03:13:06,079] {dag.py:2972} INFO - Setting next_dagrun for example_xcom to 2021-01-01T00:00:00+00:00, run_after=2021-01-01T00:00:00+00:00
[2022-08-15 03:13:06,104] {processor.py:161} INFO - Processing /home/airflow/.local/lib/python3.7/site-packages/airflow/example_dags/example_xcom.py took 0.231 seconds
[2022-08-15 03:13:36,318] {processor.py:153} INFO - Started process (PID=4201) to work on /home/airflow/.local/lib/python3.7/site-packages/airflow/example_dags/example_xcom.py
[2022-08-15 03:13:36,320] {processor.py:641} INFO - Processing file /home/airflow/.local/lib/python3.7/site-packages/airflow/example_dags/example_xcom.py for tasks to queue
[2022-08-15 03:13:36,322] {logging_mixin.py:115} INFO - [2022-08-15 03:13:36,321] {dagbag.py:508} INFO - Filling up the DagBag from /home/airflow/.local/lib/python3.7/site-packages/airflow/example_dags/example_xcom.py
[2022-08-15 03:13:36,355] {processor.py:651} INFO - DAG(s) dict_keys(['example_xcom']) retrieved from /home/airflow/.local/lib/python3.7/site-packages/airflow/example_dags/example_xcom.py
[2022-08-15 03:13:36,466] {logging_mixin.py:115} INFO - [2022-08-15 03:13:36,466] {dag.py:2420} INFO - Sync 1 DAGs
[2022-08-15 03:13:36,509] {logging_mixin.py:115} INFO - [2022-08-15 03:13:36,509] {dag.py:2972} INFO - Setting next_dagrun for example_xcom to 2021-01-01T00:00:00+00:00, run_after=2021-01-01T00:00:00+00:00
[2022-08-15 03:13:36,539] {processor.py:161} INFO - Processing /home/airflow/.local/lib/python3.7/site-packages/airflow/example_dags/example_xcom.py took 0.228 seconds
[2022-08-15 03:14:07,092] {processor.py:153} INFO - Started process (PID=4255) to work on /home/airflow/.local/lib/python3.7/site-packages/airflow/example_dags/example_xcom.py
[2022-08-15 03:14:07,093] {processor.py:641} INFO - Processing file /home/airflow/.local/lib/python3.7/site-packages/airflow/example_dags/example_xcom.py for tasks to queue
[2022-08-15 03:14:07,100] {logging_mixin.py:115} INFO - [2022-08-15 03:14:07,099] {dagbag.py:508} INFO - Filling up the DagBag from /home/airflow/.local/lib/python3.7/site-packages/airflow/example_dags/example_xcom.py
[2022-08-15 03:14:07,140] {processor.py:651} INFO - DAG(s) dict_keys(['example_xcom']) retrieved from /home/airflow/.local/lib/python3.7/site-packages/airflow/example_dags/example_xcom.py
[2022-08-15 03:14:07,185] {logging_mixin.py:115} INFO - [2022-08-15 03:14:07,185] {dag.py:2420} INFO - Sync 1 DAGs
[2022-08-15 03:14:07,227] {logging_mixin.py:115} INFO - [2022-08-15 03:14:07,227] {dag.py:2972} INFO - Setting next_dagrun for example_xcom to 2021-01-01T00:00:00+00:00, run_after=2021-01-01T00:00:00+00:00
[2022-08-15 03:14:07,256] {processor.py:161} INFO - Processing /home/airflow/.local/lib/python3.7/site-packages/airflow/example_dags/example_xcom.py took 0.173 seconds
[2022-08-15 03:14:37,701] {processor.py:153} INFO - Started process (PID=4312) to work on /home/airflow/.local/lib/python3.7/site-packages/airflow/example_dags/example_xcom.py
[2022-08-15 03:14:37,702] {processor.py:641} INFO - Processing file /home/airflow/.local/lib/python3.7/site-packages/airflow/example_dags/example_xcom.py for tasks to queue
[2022-08-15 03:14:37,709] {logging_mixin.py:115} INFO - [2022-08-15 03:14:37,709] {dagbag.py:508} INFO - Filling up the DagBag from /home/airflow/.local/lib/python3.7/site-packages/airflow/example_dags/example_xcom.py
[2022-08-15 03:14:37,752] {processor.py:651} INFO - DAG(s) dict_keys(['example_xcom']) retrieved from /home/airflow/.local/lib/python3.7/site-packages/airflow/example_dags/example_xcom.py
[2022-08-15 03:14:37,917] {logging_mixin.py:115} INFO - [2022-08-15 03:14:37,917] {dag.py:2420} INFO - Sync 1 DAGs
[2022-08-15 03:14:37,970] {logging_mixin.py:115} INFO - [2022-08-15 03:14:37,969] {dag.py:2972} INFO - Setting next_dagrun for example_xcom to 2021-01-01T00:00:00+00:00, run_after=2021-01-01T00:00:00+00:00
[2022-08-15 03:14:38,010] {processor.py:161} INFO - Processing /home/airflow/.local/lib/python3.7/site-packages/airflow/example_dags/example_xcom.py took 0.318 seconds
