[2022-08-15 02:56:18,865] {processor.py:153} INFO - Started process (PID=2278) to work on /home/airflow/.local/lib/python3.7/site-packages/airflow/example_dags/example_python_operator.py
[2022-08-15 02:56:18,868] {processor.py:641} INFO - Processing file /home/airflow/.local/lib/python3.7/site-packages/airflow/example_dags/example_python_operator.py for tasks to queue
[2022-08-15 02:56:18,883] {logging_mixin.py:115} INFO - [2022-08-15 02:56:18,882] {dagbag.py:508} INFO - Filling up the DagBag from /home/airflow/.local/lib/python3.7/site-packages/airflow/example_dags/example_python_operator.py
[2022-08-15 02:56:19,235] {processor.py:651} INFO - DAG(s) dict_keys(['example_python_operator']) retrieved from /home/airflow/.local/lib/python3.7/site-packages/airflow/example_dags/example_python_operator.py
[2022-08-15 02:56:19,864] {logging_mixin.py:115} INFO - [2022-08-15 02:56:19,864] {dag.py:2420} INFO - Sync 1 DAGs
[2022-08-15 02:56:20,276] {logging_mixin.py:115} INFO - [2022-08-15 02:56:20,276] {dag.py:2972} INFO - Setting next_dagrun for example_python_operator to None, run_after=None
[2022-08-15 02:56:20,582] {processor.py:161} INFO - Processing /home/airflow/.local/lib/python3.7/site-packages/airflow/example_dags/example_python_operator.py took 1.768 seconds
[2022-08-15 02:56:51,496] {processor.py:153} INFO - Started process (PID=2331) to work on /home/airflow/.local/lib/python3.7/site-packages/airflow/example_dags/example_python_operator.py
[2022-08-15 02:56:51,498] {processor.py:641} INFO - Processing file /home/airflow/.local/lib/python3.7/site-packages/airflow/example_dags/example_python_operator.py for tasks to queue
[2022-08-15 02:56:51,502] {logging_mixin.py:115} INFO - [2022-08-15 02:56:51,501] {dagbag.py:508} INFO - Filling up the DagBag from /home/airflow/.local/lib/python3.7/site-packages/airflow/example_dags/example_python_operator.py
[2022-08-15 02:56:51,583] {processor.py:651} INFO - DAG(s) dict_keys(['example_python_operator']) retrieved from /home/airflow/.local/lib/python3.7/site-packages/airflow/example_dags/example_python_operator.py
[2022-08-15 02:56:51,744] {logging_mixin.py:115} INFO - [2022-08-15 02:56:51,744] {dag.py:2420} INFO - Sync 1 DAGs
[2022-08-15 02:56:51,852] {logging_mixin.py:115} INFO - [2022-08-15 02:56:51,852] {dag.py:2972} INFO - Setting next_dagrun for example_python_operator to None, run_after=None
[2022-08-15 02:56:51,898] {processor.py:161} INFO - Processing /home/airflow/.local/lib/python3.7/site-packages/airflow/example_dags/example_python_operator.py took 0.411 seconds
[2022-08-15 02:57:22,270] {processor.py:153} INFO - Started process (PID=2386) to work on /home/airflow/.local/lib/python3.7/site-packages/airflow/example_dags/example_python_operator.py
[2022-08-15 02:57:22,273] {processor.py:641} INFO - Processing file /home/airflow/.local/lib/python3.7/site-packages/airflow/example_dags/example_python_operator.py for tasks to queue
[2022-08-15 02:57:22,275] {logging_mixin.py:115} INFO - [2022-08-15 02:57:22,275] {dagbag.py:508} INFO - Filling up the DagBag from /home/airflow/.local/lib/python3.7/site-packages/airflow/example_dags/example_python_operator.py
[2022-08-15 02:57:22,315] {processor.py:651} INFO - DAG(s) dict_keys(['example_python_operator']) retrieved from /home/airflow/.local/lib/python3.7/site-packages/airflow/example_dags/example_python_operator.py
[2022-08-15 02:57:22,367] {logging_mixin.py:115} INFO - [2022-08-15 02:57:22,367] {dag.py:2420} INFO - Sync 1 DAGs
[2022-08-15 02:57:22,409] {logging_mixin.py:115} INFO - [2022-08-15 02:57:22,409] {dag.py:2972} INFO - Setting next_dagrun for example_python_operator to None, run_after=None
[2022-08-15 02:57:22,441] {processor.py:161} INFO - Processing /home/airflow/.local/lib/python3.7/site-packages/airflow/example_dags/example_python_operator.py took 0.180 seconds
[2022-08-15 02:57:52,838] {processor.py:153} INFO - Started process (PID=2442) to work on /home/airflow/.local/lib/python3.7/site-packages/airflow/example_dags/example_python_operator.py
[2022-08-15 02:57:52,839] {processor.py:641} INFO - Processing file /home/airflow/.local/lib/python3.7/site-packages/airflow/example_dags/example_python_operator.py for tasks to queue
[2022-08-15 02:57:52,843] {logging_mixin.py:115} INFO - [2022-08-15 02:57:52,843] {dagbag.py:508} INFO - Filling up the DagBag from /home/airflow/.local/lib/python3.7/site-packages/airflow/example_dags/example_python_operator.py
[2022-08-15 02:57:52,905] {processor.py:651} INFO - DAG(s) dict_keys(['example_python_operator']) retrieved from /home/airflow/.local/lib/python3.7/site-packages/airflow/example_dags/example_python_operator.py
[2022-08-15 02:57:53,007] {logging_mixin.py:115} INFO - [2022-08-15 02:57:53,007] {dag.py:2420} INFO - Sync 1 DAGs
[2022-08-15 02:57:53,092] {logging_mixin.py:115} INFO - [2022-08-15 02:57:53,092] {dag.py:2972} INFO - Setting next_dagrun for example_python_operator to None, run_after=None
[2022-08-15 02:57:53,126] {processor.py:161} INFO - Processing /home/airflow/.local/lib/python3.7/site-packages/airflow/example_dags/example_python_operator.py took 0.312 seconds
[2022-08-15 02:58:23,799] {processor.py:153} INFO - Started process (PID=2504) to work on /home/airflow/.local/lib/python3.7/site-packages/airflow/example_dags/example_python_operator.py
[2022-08-15 02:58:23,802] {processor.py:641} INFO - Processing file /home/airflow/.local/lib/python3.7/site-packages/airflow/example_dags/example_python_operator.py for tasks to queue
[2022-08-15 02:58:23,812] {logging_mixin.py:115} INFO - [2022-08-15 02:58:23,810] {dagbag.py:508} INFO - Filling up the DagBag from /home/airflow/.local/lib/python3.7/site-packages/airflow/example_dags/example_python_operator.py
[2022-08-15 02:58:23,963] {processor.py:651} INFO - DAG(s) dict_keys(['example_python_operator']) retrieved from /home/airflow/.local/lib/python3.7/site-packages/airflow/example_dags/example_python_operator.py
[2022-08-15 02:58:24,101] {logging_mixin.py:115} INFO - [2022-08-15 02:58:24,101] {dag.py:2420} INFO - Sync 1 DAGs
[2022-08-15 02:58:24,268] {logging_mixin.py:115} INFO - [2022-08-15 02:58:24,268] {dag.py:2972} INFO - Setting next_dagrun for example_python_operator to None, run_after=None
[2022-08-15 02:58:24,307] {processor.py:161} INFO - Processing /home/airflow/.local/lib/python3.7/site-packages/airflow/example_dags/example_python_operator.py took 0.521 seconds
[2022-08-15 02:58:54,533] {processor.py:153} INFO - Started process (PID=2559) to work on /home/airflow/.local/lib/python3.7/site-packages/airflow/example_dags/example_python_operator.py
[2022-08-15 02:58:54,537] {processor.py:641} INFO - Processing file /home/airflow/.local/lib/python3.7/site-packages/airflow/example_dags/example_python_operator.py for tasks to queue
[2022-08-15 02:58:54,541] {logging_mixin.py:115} INFO - [2022-08-15 02:58:54,540] {dagbag.py:508} INFO - Filling up the DagBag from /home/airflow/.local/lib/python3.7/site-packages/airflow/example_dags/example_python_operator.py
[2022-08-15 02:58:54,644] {processor.py:651} INFO - DAG(s) dict_keys(['example_python_operator']) retrieved from /home/airflow/.local/lib/python3.7/site-packages/airflow/example_dags/example_python_operator.py
[2022-08-15 02:58:54,797] {logging_mixin.py:115} INFO - [2022-08-15 02:58:54,785] {dag.py:2420} INFO - Sync 1 DAGs
[2022-08-15 02:58:54,997] {logging_mixin.py:115} INFO - [2022-08-15 02:58:54,997] {dag.py:2972} INFO - Setting next_dagrun for example_python_operator to None, run_after=None
[2022-08-15 02:58:55,098] {processor.py:161} INFO - Processing /home/airflow/.local/lib/python3.7/site-packages/airflow/example_dags/example_python_operator.py took 0.585 seconds
[2022-08-15 02:59:25,784] {processor.py:153} INFO - Started process (PID=2613) to work on /home/airflow/.local/lib/python3.7/site-packages/airflow/example_dags/example_python_operator.py
[2022-08-15 02:59:25,800] {processor.py:641} INFO - Processing file /home/airflow/.local/lib/python3.7/site-packages/airflow/example_dags/example_python_operator.py for tasks to queue
[2022-08-15 02:59:25,804] {logging_mixin.py:115} INFO - [2022-08-15 02:59:25,804] {dagbag.py:508} INFO - Filling up the DagBag from /home/airflow/.local/lib/python3.7/site-packages/airflow/example_dags/example_python_operator.py
[2022-08-15 02:59:25,885] {processor.py:651} INFO - DAG(s) dict_keys(['example_python_operator']) retrieved from /home/airflow/.local/lib/python3.7/site-packages/airflow/example_dags/example_python_operator.py
[2022-08-15 02:59:25,995] {logging_mixin.py:115} INFO - [2022-08-15 02:59:25,995] {dag.py:2420} INFO - Sync 1 DAGs
[2022-08-15 02:59:26,058] {logging_mixin.py:115} INFO - [2022-08-15 02:59:26,058] {dag.py:2972} INFO - Setting next_dagrun for example_python_operator to None, run_after=None
[2022-08-15 02:59:26,080] {processor.py:161} INFO - Processing /home/airflow/.local/lib/python3.7/site-packages/airflow/example_dags/example_python_operator.py took 0.327 seconds
[2022-08-15 02:59:56,606] {processor.py:153} INFO - Started process (PID=2674) to work on /home/airflow/.local/lib/python3.7/site-packages/airflow/example_dags/example_python_operator.py
[2022-08-15 02:59:56,608] {processor.py:641} INFO - Processing file /home/airflow/.local/lib/python3.7/site-packages/airflow/example_dags/example_python_operator.py for tasks to queue
[2022-08-15 02:59:56,619] {logging_mixin.py:115} INFO - [2022-08-15 02:59:56,619] {dagbag.py:508} INFO - Filling up the DagBag from /home/airflow/.local/lib/python3.7/site-packages/airflow/example_dags/example_python_operator.py
[2022-08-15 02:59:56,772] {processor.py:651} INFO - DAG(s) dict_keys(['example_python_operator']) retrieved from /home/airflow/.local/lib/python3.7/site-packages/airflow/example_dags/example_python_operator.py
[2022-08-15 02:59:57,039] {logging_mixin.py:115} INFO - [2022-08-15 02:59:57,039] {dag.py:2420} INFO - Sync 1 DAGs
[2022-08-15 02:59:57,253] {logging_mixin.py:115} INFO - [2022-08-15 02:59:57,253] {dag.py:2972} INFO - Setting next_dagrun for example_python_operator to None, run_after=None
[2022-08-15 02:59:57,309] {processor.py:161} INFO - Processing /home/airflow/.local/lib/python3.7/site-packages/airflow/example_dags/example_python_operator.py took 0.727 seconds
[2022-08-15 03:00:27,478] {processor.py:153} INFO - Started process (PID=2731) to work on /home/airflow/.local/lib/python3.7/site-packages/airflow/example_dags/example_python_operator.py
[2022-08-15 03:00:27,480] {processor.py:641} INFO - Processing file /home/airflow/.local/lib/python3.7/site-packages/airflow/example_dags/example_python_operator.py for tasks to queue
[2022-08-15 03:00:27,487] {logging_mixin.py:115} INFO - [2022-08-15 03:00:27,487] {dagbag.py:508} INFO - Filling up the DagBag from /home/airflow/.local/lib/python3.7/site-packages/airflow/example_dags/example_python_operator.py
[2022-08-15 03:00:27,518] {processor.py:651} INFO - DAG(s) dict_keys(['example_python_operator']) retrieved from /home/airflow/.local/lib/python3.7/site-packages/airflow/example_dags/example_python_operator.py
[2022-08-15 03:00:27,578] {logging_mixin.py:115} INFO - [2022-08-15 03:00:27,578] {dag.py:2420} INFO - Sync 1 DAGs
[2022-08-15 03:00:27,616] {logging_mixin.py:115} INFO - [2022-08-15 03:00:27,616] {dag.py:2972} INFO - Setting next_dagrun for example_python_operator to None, run_after=None
[2022-08-15 03:00:27,637] {processor.py:161} INFO - Processing /home/airflow/.local/lib/python3.7/site-packages/airflow/example_dags/example_python_operator.py took 0.168 seconds
[2022-08-15 03:00:57,839] {processor.py:153} INFO - Started process (PID=2783) to work on /home/airflow/.local/lib/python3.7/site-packages/airflow/example_dags/example_python_operator.py
[2022-08-15 03:00:57,841] {processor.py:641} INFO - Processing file /home/airflow/.local/lib/python3.7/site-packages/airflow/example_dags/example_python_operator.py for tasks to queue
[2022-08-15 03:00:57,845] {logging_mixin.py:115} INFO - [2022-08-15 03:00:57,845] {dagbag.py:508} INFO - Filling up the DagBag from /home/airflow/.local/lib/python3.7/site-packages/airflow/example_dags/example_python_operator.py
[2022-08-15 03:00:57,883] {processor.py:651} INFO - DAG(s) dict_keys(['example_python_operator']) retrieved from /home/airflow/.local/lib/python3.7/site-packages/airflow/example_dags/example_python_operator.py
[2022-08-15 03:00:57,941] {logging_mixin.py:115} INFO - [2022-08-15 03:00:57,941] {dag.py:2420} INFO - Sync 1 DAGs
[2022-08-15 03:00:57,980] {logging_mixin.py:115} INFO - [2022-08-15 03:00:57,980] {dag.py:2972} INFO - Setting next_dagrun for example_python_operator to None, run_after=None
[2022-08-15 03:00:58,010] {processor.py:161} INFO - Processing /home/airflow/.local/lib/python3.7/site-packages/airflow/example_dags/example_python_operator.py took 0.181 seconds
[2022-08-15 03:01:28,389] {processor.py:153} INFO - Started process (PID=2846) to work on /home/airflow/.local/lib/python3.7/site-packages/airflow/example_dags/example_python_operator.py
[2022-08-15 03:01:28,391] {processor.py:641} INFO - Processing file /home/airflow/.local/lib/python3.7/site-packages/airflow/example_dags/example_python_operator.py for tasks to queue
[2022-08-15 03:01:28,393] {logging_mixin.py:115} INFO - [2022-08-15 03:01:28,393] {dagbag.py:508} INFO - Filling up the DagBag from /home/airflow/.local/lib/python3.7/site-packages/airflow/example_dags/example_python_operator.py
[2022-08-15 03:01:28,440] {processor.py:651} INFO - DAG(s) dict_keys(['example_python_operator']) retrieved from /home/airflow/.local/lib/python3.7/site-packages/airflow/example_dags/example_python_operator.py
[2022-08-15 03:01:28,498] {logging_mixin.py:115} INFO - [2022-08-15 03:01:28,498] {dag.py:2420} INFO - Sync 1 DAGs
[2022-08-15 03:01:28,541] {logging_mixin.py:115} INFO - [2022-08-15 03:01:28,540] {dag.py:2972} INFO - Setting next_dagrun for example_python_operator to None, run_after=None
[2022-08-15 03:01:28,573] {processor.py:161} INFO - Processing /home/airflow/.local/lib/python3.7/site-packages/airflow/example_dags/example_python_operator.py took 0.194 seconds
[2022-08-15 03:01:58,717] {processor.py:153} INFO - Started process (PID=2904) to work on /home/airflow/.local/lib/python3.7/site-packages/airflow/example_dags/example_python_operator.py
[2022-08-15 03:01:58,721] {processor.py:641} INFO - Processing file /home/airflow/.local/lib/python3.7/site-packages/airflow/example_dags/example_python_operator.py for tasks to queue
[2022-08-15 03:01:58,724] {logging_mixin.py:115} INFO - [2022-08-15 03:01:58,724] {dagbag.py:508} INFO - Filling up the DagBag from /home/airflow/.local/lib/python3.7/site-packages/airflow/example_dags/example_python_operator.py
[2022-08-15 03:01:58,803] {processor.py:651} INFO - DAG(s) dict_keys(['example_python_operator']) retrieved from /home/airflow/.local/lib/python3.7/site-packages/airflow/example_dags/example_python_operator.py
[2022-08-15 03:01:58,912] {logging_mixin.py:115} INFO - [2022-08-15 03:01:58,912] {dag.py:2420} INFO - Sync 1 DAGs
[2022-08-15 03:01:59,025] {logging_mixin.py:115} INFO - [2022-08-15 03:01:59,024] {dag.py:2972} INFO - Setting next_dagrun for example_python_operator to None, run_after=None
[2022-08-15 03:01:59,115] {processor.py:161} INFO - Processing /home/airflow/.local/lib/python3.7/site-packages/airflow/example_dags/example_python_operator.py took 0.407 seconds
[2022-08-15 03:02:29,365] {processor.py:153} INFO - Started process (PID=2967) to work on /home/airflow/.local/lib/python3.7/site-packages/airflow/example_dags/example_python_operator.py
[2022-08-15 03:02:29,368] {processor.py:641} INFO - Processing file /home/airflow/.local/lib/python3.7/site-packages/airflow/example_dags/example_python_operator.py for tasks to queue
[2022-08-15 03:02:29,372] {logging_mixin.py:115} INFO - [2022-08-15 03:02:29,371] {dagbag.py:508} INFO - Filling up the DagBag from /home/airflow/.local/lib/python3.7/site-packages/airflow/example_dags/example_python_operator.py
[2022-08-15 03:02:29,448] {processor.py:651} INFO - DAG(s) dict_keys(['example_python_operator']) retrieved from /home/airflow/.local/lib/python3.7/site-packages/airflow/example_dags/example_python_operator.py
[2022-08-15 03:02:29,541] {logging_mixin.py:115} INFO - [2022-08-15 03:02:29,541] {dag.py:2420} INFO - Sync 1 DAGs
[2022-08-15 03:02:29,610] {logging_mixin.py:115} INFO - [2022-08-15 03:02:29,610] {dag.py:2972} INFO - Setting next_dagrun for example_python_operator to None, run_after=None
[2022-08-15 03:02:29,649] {processor.py:161} INFO - Processing /home/airflow/.local/lib/python3.7/site-packages/airflow/example_dags/example_python_operator.py took 0.298 seconds
[2022-08-15 03:02:59,762] {processor.py:153} INFO - Started process (PID=3021) to work on /home/airflow/.local/lib/python3.7/site-packages/airflow/example_dags/example_python_operator.py
[2022-08-15 03:02:59,763] {processor.py:641} INFO - Processing file /home/airflow/.local/lib/python3.7/site-packages/airflow/example_dags/example_python_operator.py for tasks to queue
[2022-08-15 03:02:59,766] {logging_mixin.py:115} INFO - [2022-08-15 03:02:59,765] {dagbag.py:508} INFO - Filling up the DagBag from /home/airflow/.local/lib/python3.7/site-packages/airflow/example_dags/example_python_operator.py
[2022-08-15 03:02:59,801] {processor.py:651} INFO - DAG(s) dict_keys(['example_python_operator']) retrieved from /home/airflow/.local/lib/python3.7/site-packages/airflow/example_dags/example_python_operator.py
[2022-08-15 03:02:59,855] {logging_mixin.py:115} INFO - [2022-08-15 03:02:59,854] {dag.py:2420} INFO - Sync 1 DAGs
[2022-08-15 03:02:59,893] {logging_mixin.py:115} INFO - [2022-08-15 03:02:59,892] {dag.py:2972} INFO - Setting next_dagrun for example_python_operator to None, run_after=None
[2022-08-15 03:02:59,927] {processor.py:161} INFO - Processing /home/airflow/.local/lib/python3.7/site-packages/airflow/example_dags/example_python_operator.py took 0.175 seconds
[2022-08-15 03:03:30,472] {processor.py:153} INFO - Started process (PID=3076) to work on /home/airflow/.local/lib/python3.7/site-packages/airflow/example_dags/example_python_operator.py
[2022-08-15 03:03:30,485] {processor.py:641} INFO - Processing file /home/airflow/.local/lib/python3.7/site-packages/airflow/example_dags/example_python_operator.py for tasks to queue
[2022-08-15 03:03:30,488] {logging_mixin.py:115} INFO - [2022-08-15 03:03:30,488] {dagbag.py:508} INFO - Filling up the DagBag from /home/airflow/.local/lib/python3.7/site-packages/airflow/example_dags/example_python_operator.py
[2022-08-15 03:03:30,648] {processor.py:651} INFO - DAG(s) dict_keys(['example_python_operator']) retrieved from /home/airflow/.local/lib/python3.7/site-packages/airflow/example_dags/example_python_operator.py
[2022-08-15 03:03:30,846] {logging_mixin.py:115} INFO - [2022-08-15 03:03:30,846] {dag.py:2420} INFO - Sync 1 DAGs
[2022-08-15 03:03:30,983] {logging_mixin.py:115} INFO - [2022-08-15 03:03:30,983] {dag.py:2972} INFO - Setting next_dagrun for example_python_operator to None, run_after=None
[2022-08-15 03:03:31,123] {processor.py:161} INFO - Processing /home/airflow/.local/lib/python3.7/site-packages/airflow/example_dags/example_python_operator.py took 0.675 seconds
[2022-08-15 03:04:01,434] {processor.py:153} INFO - Started process (PID=3138) to work on /home/airflow/.local/lib/python3.7/site-packages/airflow/example_dags/example_python_operator.py
[2022-08-15 03:04:01,438] {processor.py:641} INFO - Processing file /home/airflow/.local/lib/python3.7/site-packages/airflow/example_dags/example_python_operator.py for tasks to queue
[2022-08-15 03:04:01,440] {logging_mixin.py:115} INFO - [2022-08-15 03:04:01,440] {dagbag.py:508} INFO - Filling up the DagBag from /home/airflow/.local/lib/python3.7/site-packages/airflow/example_dags/example_python_operator.py
[2022-08-15 03:04:01,495] {processor.py:651} INFO - DAG(s) dict_keys(['example_python_operator']) retrieved from /home/airflow/.local/lib/python3.7/site-packages/airflow/example_dags/example_python_operator.py
[2022-08-15 03:04:01,544] {logging_mixin.py:115} INFO - [2022-08-15 03:04:01,543] {dag.py:2420} INFO - Sync 1 DAGs
[2022-08-15 03:04:01,584] {logging_mixin.py:115} INFO - [2022-08-15 03:04:01,583] {dag.py:2972} INFO - Setting next_dagrun for example_python_operator to None, run_after=None
[2022-08-15 03:04:01,615] {processor.py:161} INFO - Processing /home/airflow/.local/lib/python3.7/site-packages/airflow/example_dags/example_python_operator.py took 0.201 seconds
[2022-08-15 03:04:31,710] {processor.py:153} INFO - Started process (PID=3191) to work on /home/airflow/.local/lib/python3.7/site-packages/airflow/example_dags/example_python_operator.py
[2022-08-15 03:04:31,719] {processor.py:641} INFO - Processing file /home/airflow/.local/lib/python3.7/site-packages/airflow/example_dags/example_python_operator.py for tasks to queue
[2022-08-15 03:04:31,723] {logging_mixin.py:115} INFO - [2022-08-15 03:04:31,723] {dagbag.py:508} INFO - Filling up the DagBag from /home/airflow/.local/lib/python3.7/site-packages/airflow/example_dags/example_python_operator.py
[2022-08-15 03:04:31,795] {processor.py:651} INFO - DAG(s) dict_keys(['example_python_operator']) retrieved from /home/airflow/.local/lib/python3.7/site-packages/airflow/example_dags/example_python_operator.py
[2022-08-15 03:04:31,864] {logging_mixin.py:115} INFO - [2022-08-15 03:04:31,864] {dag.py:2420} INFO - Sync 1 DAGs
[2022-08-15 03:04:31,905] {logging_mixin.py:115} INFO - [2022-08-15 03:04:31,905] {dag.py:2972} INFO - Setting next_dagrun for example_python_operator to None, run_after=None
[2022-08-15 03:04:31,945] {processor.py:161} INFO - Processing /home/airflow/.local/lib/python3.7/site-packages/airflow/example_dags/example_python_operator.py took 0.246 seconds
[2022-08-15 03:05:02,315] {processor.py:153} INFO - Started process (PID=3244) to work on /home/airflow/.local/lib/python3.7/site-packages/airflow/example_dags/example_python_operator.py
[2022-08-15 03:05:02,336] {processor.py:641} INFO - Processing file /home/airflow/.local/lib/python3.7/site-packages/airflow/example_dags/example_python_operator.py for tasks to queue
[2022-08-15 03:05:02,353] {logging_mixin.py:115} INFO - [2022-08-15 03:05:02,352] {dagbag.py:508} INFO - Filling up the DagBag from /home/airflow/.local/lib/python3.7/site-packages/airflow/example_dags/example_python_operator.py
[2022-08-15 03:05:02,467] {processor.py:651} INFO - DAG(s) dict_keys(['example_python_operator']) retrieved from /home/airflow/.local/lib/python3.7/site-packages/airflow/example_dags/example_python_operator.py
[2022-08-15 03:05:02,593] {logging_mixin.py:115} INFO - [2022-08-15 03:05:02,593] {dag.py:2420} INFO - Sync 1 DAGs
[2022-08-15 03:05:02,717] {logging_mixin.py:115} INFO - [2022-08-15 03:05:02,717] {dag.py:2972} INFO - Setting next_dagrun for example_python_operator to None, run_after=None
[2022-08-15 03:05:02,778] {processor.py:161} INFO - Processing /home/airflow/.local/lib/python3.7/site-packages/airflow/example_dags/example_python_operator.py took 0.486 seconds
[2022-08-15 03:05:33,030] {processor.py:153} INFO - Started process (PID=3309) to work on /home/airflow/.local/lib/python3.7/site-packages/airflow/example_dags/example_python_operator.py
[2022-08-15 03:05:33,031] {processor.py:641} INFO - Processing file /home/airflow/.local/lib/python3.7/site-packages/airflow/example_dags/example_python_operator.py for tasks to queue
[2022-08-15 03:05:33,033] {logging_mixin.py:115} INFO - [2022-08-15 03:05:33,033] {dagbag.py:508} INFO - Filling up the DagBag from /home/airflow/.local/lib/python3.7/site-packages/airflow/example_dags/example_python_operator.py
[2022-08-15 03:05:33,060] {processor.py:651} INFO - DAG(s) dict_keys(['example_python_operator']) retrieved from /home/airflow/.local/lib/python3.7/site-packages/airflow/example_dags/example_python_operator.py
[2022-08-15 03:05:33,100] {logging_mixin.py:115} INFO - [2022-08-15 03:05:33,100] {dag.py:2420} INFO - Sync 1 DAGs
[2022-08-15 03:05:33,132] {logging_mixin.py:115} INFO - [2022-08-15 03:05:33,132] {dag.py:2972} INFO - Setting next_dagrun for example_python_operator to None, run_after=None
[2022-08-15 03:05:33,155] {processor.py:161} INFO - Processing /home/airflow/.local/lib/python3.7/site-packages/airflow/example_dags/example_python_operator.py took 0.131 seconds
[2022-08-15 03:06:04,065] {processor.py:153} INFO - Started process (PID=3365) to work on /home/airflow/.local/lib/python3.7/site-packages/airflow/example_dags/example_python_operator.py
[2022-08-15 03:06:04,071] {processor.py:641} INFO - Processing file /home/airflow/.local/lib/python3.7/site-packages/airflow/example_dags/example_python_operator.py for tasks to queue
[2022-08-15 03:06:04,083] {logging_mixin.py:115} INFO - [2022-08-15 03:06:04,082] {dagbag.py:508} INFO - Filling up the DagBag from /home/airflow/.local/lib/python3.7/site-packages/airflow/example_dags/example_python_operator.py
[2022-08-15 03:06:04,196] {processor.py:651} INFO - DAG(s) dict_keys(['example_python_operator']) retrieved from /home/airflow/.local/lib/python3.7/site-packages/airflow/example_dags/example_python_operator.py
[2022-08-15 03:06:04,279] {logging_mixin.py:115} INFO - [2022-08-15 03:06:04,278] {dag.py:2420} INFO - Sync 1 DAGs
[2022-08-15 03:06:04,359] {logging_mixin.py:115} INFO - [2022-08-15 03:06:04,359] {dag.py:2972} INFO - Setting next_dagrun for example_python_operator to None, run_after=None
[2022-08-15 03:06:04,399] {processor.py:161} INFO - Processing /home/airflow/.local/lib/python3.7/site-packages/airflow/example_dags/example_python_operator.py took 0.348 seconds
[2022-08-15 03:06:34,986] {processor.py:153} INFO - Started process (PID=3428) to work on /home/airflow/.local/lib/python3.7/site-packages/airflow/example_dags/example_python_operator.py
[2022-08-15 03:06:34,997] {processor.py:641} INFO - Processing file /home/airflow/.local/lib/python3.7/site-packages/airflow/example_dags/example_python_operator.py for tasks to queue
[2022-08-15 03:06:35,003] {logging_mixin.py:115} INFO - [2022-08-15 03:06:35,003] {dagbag.py:508} INFO - Filling up the DagBag from /home/airflow/.local/lib/python3.7/site-packages/airflow/example_dags/example_python_operator.py
[2022-08-15 03:06:35,174] {processor.py:651} INFO - DAG(s) dict_keys(['example_python_operator']) retrieved from /home/airflow/.local/lib/python3.7/site-packages/airflow/example_dags/example_python_operator.py
[2022-08-15 03:06:35,407] {logging_mixin.py:115} INFO - [2022-08-15 03:06:35,407] {dag.py:2420} INFO - Sync 1 DAGs
[2022-08-15 03:06:35,569] {logging_mixin.py:115} INFO - [2022-08-15 03:06:35,569] {dag.py:2972} INFO - Setting next_dagrun for example_python_operator to None, run_after=None
[2022-08-15 03:06:35,602] {processor.py:161} INFO - Processing /home/airflow/.local/lib/python3.7/site-packages/airflow/example_dags/example_python_operator.py took 0.644 seconds
[2022-08-15 03:07:05,799] {processor.py:153} INFO - Started process (PID=3482) to work on /home/airflow/.local/lib/python3.7/site-packages/airflow/example_dags/example_python_operator.py
[2022-08-15 03:07:05,801] {processor.py:641} INFO - Processing file /home/airflow/.local/lib/python3.7/site-packages/airflow/example_dags/example_python_operator.py for tasks to queue
[2022-08-15 03:07:05,804] {logging_mixin.py:115} INFO - [2022-08-15 03:07:05,804] {dagbag.py:508} INFO - Filling up the DagBag from /home/airflow/.local/lib/python3.7/site-packages/airflow/example_dags/example_python_operator.py
[2022-08-15 03:07:05,839] {processor.py:651} INFO - DAG(s) dict_keys(['example_python_operator']) retrieved from /home/airflow/.local/lib/python3.7/site-packages/airflow/example_dags/example_python_operator.py
[2022-08-15 03:07:05,887] {logging_mixin.py:115} INFO - [2022-08-15 03:07:05,887] {dag.py:2420} INFO - Sync 1 DAGs
[2022-08-15 03:07:05,926] {logging_mixin.py:115} INFO - [2022-08-15 03:07:05,926] {dag.py:2972} INFO - Setting next_dagrun for example_python_operator to None, run_after=None
[2022-08-15 03:07:05,957] {processor.py:161} INFO - Processing /home/airflow/.local/lib/python3.7/site-packages/airflow/example_dags/example_python_operator.py took 0.169 seconds
[2022-08-15 03:07:36,629] {processor.py:153} INFO - Started process (PID=3537) to work on /home/airflow/.local/lib/python3.7/site-packages/airflow/example_dags/example_python_operator.py
[2022-08-15 03:07:36,631] {processor.py:641} INFO - Processing file /home/airflow/.local/lib/python3.7/site-packages/airflow/example_dags/example_python_operator.py for tasks to queue
[2022-08-15 03:07:36,635] {logging_mixin.py:115} INFO - [2022-08-15 03:07:36,634] {dagbag.py:508} INFO - Filling up the DagBag from /home/airflow/.local/lib/python3.7/site-packages/airflow/example_dags/example_python_operator.py
[2022-08-15 03:07:36,701] {processor.py:651} INFO - DAG(s) dict_keys(['example_python_operator']) retrieved from /home/airflow/.local/lib/python3.7/site-packages/airflow/example_dags/example_python_operator.py
[2022-08-15 03:07:36,782] {logging_mixin.py:115} INFO - [2022-08-15 03:07:36,781] {dag.py:2420} INFO - Sync 1 DAGs
[2022-08-15 03:07:36,883] {logging_mixin.py:115} INFO - [2022-08-15 03:07:36,883] {dag.py:2972} INFO - Setting next_dagrun for example_python_operator to None, run_after=None
[2022-08-15 03:07:36,929] {processor.py:161} INFO - Processing /home/airflow/.local/lib/python3.7/site-packages/airflow/example_dags/example_python_operator.py took 0.317 seconds
[2022-08-15 03:08:07,536] {processor.py:153} INFO - Started process (PID=3591) to work on /home/airflow/.local/lib/python3.7/site-packages/airflow/example_dags/example_python_operator.py
[2022-08-15 03:08:07,537] {processor.py:641} INFO - Processing file /home/airflow/.local/lib/python3.7/site-packages/airflow/example_dags/example_python_operator.py for tasks to queue
[2022-08-15 03:08:07,545] {logging_mixin.py:115} INFO - [2022-08-15 03:08:07,545] {dagbag.py:508} INFO - Filling up the DagBag from /home/airflow/.local/lib/python3.7/site-packages/airflow/example_dags/example_python_operator.py
[2022-08-15 03:08:07,581] {processor.py:651} INFO - DAG(s) dict_keys(['example_python_operator']) retrieved from /home/airflow/.local/lib/python3.7/site-packages/airflow/example_dags/example_python_operator.py
[2022-08-15 03:08:07,638] {logging_mixin.py:115} INFO - [2022-08-15 03:08:07,637] {dag.py:2420} INFO - Sync 1 DAGs
[2022-08-15 03:08:07,706] {logging_mixin.py:115} INFO - [2022-08-15 03:08:07,706] {dag.py:2972} INFO - Setting next_dagrun for example_python_operator to None, run_after=None
[2022-08-15 03:08:07,732] {processor.py:161} INFO - Processing /home/airflow/.local/lib/python3.7/site-packages/airflow/example_dags/example_python_operator.py took 0.206 seconds
[2022-08-15 03:08:37,862] {processor.py:153} INFO - Started process (PID=3652) to work on /home/airflow/.local/lib/python3.7/site-packages/airflow/example_dags/example_python_operator.py
[2022-08-15 03:08:37,875] {processor.py:641} INFO - Processing file /home/airflow/.local/lib/python3.7/site-packages/airflow/example_dags/example_python_operator.py for tasks to queue
[2022-08-15 03:08:37,893] {logging_mixin.py:115} INFO - [2022-08-15 03:08:37,893] {dagbag.py:508} INFO - Filling up the DagBag from /home/airflow/.local/lib/python3.7/site-packages/airflow/example_dags/example_python_operator.py
[2022-08-15 03:08:37,972] {processor.py:651} INFO - DAG(s) dict_keys(['example_python_operator']) retrieved from /home/airflow/.local/lib/python3.7/site-packages/airflow/example_dags/example_python_operator.py
[2022-08-15 03:08:38,079] {logging_mixin.py:115} INFO - [2022-08-15 03:08:38,079] {dag.py:2420} INFO - Sync 1 DAGs
[2022-08-15 03:08:38,167] {logging_mixin.py:115} INFO - [2022-08-15 03:08:38,167] {dag.py:2972} INFO - Setting next_dagrun for example_python_operator to None, run_after=None
[2022-08-15 03:08:38,215] {processor.py:161} INFO - Processing /home/airflow/.local/lib/python3.7/site-packages/airflow/example_dags/example_python_operator.py took 0.364 seconds
[2022-08-15 03:09:08,463] {processor.py:153} INFO - Started process (PID=3705) to work on /home/airflow/.local/lib/python3.7/site-packages/airflow/example_dags/example_python_operator.py
[2022-08-15 03:09:08,465] {processor.py:641} INFO - Processing file /home/airflow/.local/lib/python3.7/site-packages/airflow/example_dags/example_python_operator.py for tasks to queue
[2022-08-15 03:09:08,467] {logging_mixin.py:115} INFO - [2022-08-15 03:09:08,467] {dagbag.py:508} INFO - Filling up the DagBag from /home/airflow/.local/lib/python3.7/site-packages/airflow/example_dags/example_python_operator.py
[2022-08-15 03:09:08,495] {processor.py:651} INFO - DAG(s) dict_keys(['example_python_operator']) retrieved from /home/airflow/.local/lib/python3.7/site-packages/airflow/example_dags/example_python_operator.py
[2022-08-15 03:09:08,562] {logging_mixin.py:115} INFO - [2022-08-15 03:09:08,562] {dag.py:2420} INFO - Sync 1 DAGs
[2022-08-15 03:09:08,609] {logging_mixin.py:115} INFO - [2022-08-15 03:09:08,608] {dag.py:2972} INFO - Setting next_dagrun for example_python_operator to None, run_after=None
[2022-08-15 03:09:08,640] {processor.py:161} INFO - Processing /home/airflow/.local/lib/python3.7/site-packages/airflow/example_dags/example_python_operator.py took 0.182 seconds
[2022-08-15 03:09:39,093] {processor.py:153} INFO - Started process (PID=3760) to work on /home/airflow/.local/lib/python3.7/site-packages/airflow/example_dags/example_python_operator.py
[2022-08-15 03:09:39,097] {processor.py:641} INFO - Processing file /home/airflow/.local/lib/python3.7/site-packages/airflow/example_dags/example_python_operator.py for tasks to queue
[2022-08-15 03:09:39,100] {logging_mixin.py:115} INFO - [2022-08-15 03:09:39,100] {dagbag.py:508} INFO - Filling up the DagBag from /home/airflow/.local/lib/python3.7/site-packages/airflow/example_dags/example_python_operator.py
[2022-08-15 03:09:39,177] {processor.py:651} INFO - DAG(s) dict_keys(['example_python_operator']) retrieved from /home/airflow/.local/lib/python3.7/site-packages/airflow/example_dags/example_python_operator.py
[2022-08-15 03:09:39,275] {logging_mixin.py:115} INFO - [2022-08-15 03:09:39,275] {dag.py:2420} INFO - Sync 1 DAGs
[2022-08-15 03:09:39,342] {logging_mixin.py:115} INFO - [2022-08-15 03:09:39,342] {dag.py:2972} INFO - Setting next_dagrun for example_python_operator to None, run_after=None
[2022-08-15 03:09:39,381] {processor.py:161} INFO - Processing /home/airflow/.local/lib/python3.7/site-packages/airflow/example_dags/example_python_operator.py took 0.306 seconds
[2022-08-15 03:10:09,731] {processor.py:153} INFO - Started process (PID=3827) to work on /home/airflow/.local/lib/python3.7/site-packages/airflow/example_dags/example_python_operator.py
[2022-08-15 03:10:09,733] {processor.py:641} INFO - Processing file /home/airflow/.local/lib/python3.7/site-packages/airflow/example_dags/example_python_operator.py for tasks to queue
[2022-08-15 03:10:09,735] {logging_mixin.py:115} INFO - [2022-08-15 03:10:09,735] {dagbag.py:508} INFO - Filling up the DagBag from /home/airflow/.local/lib/python3.7/site-packages/airflow/example_dags/example_python_operator.py
[2022-08-15 03:10:09,774] {processor.py:651} INFO - DAG(s) dict_keys(['example_python_operator']) retrieved from /home/airflow/.local/lib/python3.7/site-packages/airflow/example_dags/example_python_operator.py
[2022-08-15 03:10:09,816] {logging_mixin.py:115} INFO - [2022-08-15 03:10:09,816] {dag.py:2420} INFO - Sync 1 DAGs
[2022-08-15 03:10:09,867] {logging_mixin.py:115} INFO - [2022-08-15 03:10:09,867] {dag.py:2972} INFO - Setting next_dagrun for example_python_operator to None, run_after=None
[2022-08-15 03:10:09,901] {processor.py:161} INFO - Processing /home/airflow/.local/lib/python3.7/site-packages/airflow/example_dags/example_python_operator.py took 0.179 seconds
[2022-08-15 03:10:40,359] {processor.py:153} INFO - Started process (PID=3880) to work on /home/airflow/.local/lib/python3.7/site-packages/airflow/example_dags/example_python_operator.py
[2022-08-15 03:10:40,365] {processor.py:641} INFO - Processing file /home/airflow/.local/lib/python3.7/site-packages/airflow/example_dags/example_python_operator.py for tasks to queue
[2022-08-15 03:10:40,367] {logging_mixin.py:115} INFO - [2022-08-15 03:10:40,366] {dagbag.py:508} INFO - Filling up the DagBag from /home/airflow/.local/lib/python3.7/site-packages/airflow/example_dags/example_python_operator.py
[2022-08-15 03:10:40,410] {processor.py:651} INFO - DAG(s) dict_keys(['example_python_operator']) retrieved from /home/airflow/.local/lib/python3.7/site-packages/airflow/example_dags/example_python_operator.py
[2022-08-15 03:10:40,457] {logging_mixin.py:115} INFO - [2022-08-15 03:10:40,457] {dag.py:2420} INFO - Sync 1 DAGs
[2022-08-15 03:10:40,499] {logging_mixin.py:115} INFO - [2022-08-15 03:10:40,499] {dag.py:2972} INFO - Setting next_dagrun for example_python_operator to None, run_after=None
[2022-08-15 03:10:40,524] {processor.py:161} INFO - Processing /home/airflow/.local/lib/python3.7/site-packages/airflow/example_dags/example_python_operator.py took 0.171 seconds
[2022-08-15 03:11:10,681] {processor.py:153} INFO - Started process (PID=3931) to work on /home/airflow/.local/lib/python3.7/site-packages/airflow/example_dags/example_python_operator.py
[2022-08-15 03:11:10,683] {processor.py:641} INFO - Processing file /home/airflow/.local/lib/python3.7/site-packages/airflow/example_dags/example_python_operator.py for tasks to queue
[2022-08-15 03:11:10,685] {logging_mixin.py:115} INFO - [2022-08-15 03:11:10,685] {dagbag.py:508} INFO - Filling up the DagBag from /home/airflow/.local/lib/python3.7/site-packages/airflow/example_dags/example_python_operator.py
[2022-08-15 03:11:10,725] {processor.py:651} INFO - DAG(s) dict_keys(['example_python_operator']) retrieved from /home/airflow/.local/lib/python3.7/site-packages/airflow/example_dags/example_python_operator.py
[2022-08-15 03:11:10,764] {logging_mixin.py:115} INFO - [2022-08-15 03:11:10,764] {dag.py:2420} INFO - Sync 1 DAGs
[2022-08-15 03:11:10,823] {logging_mixin.py:115} INFO - [2022-08-15 03:11:10,823] {dag.py:2972} INFO - Setting next_dagrun for example_python_operator to None, run_after=None
[2022-08-15 03:11:10,844] {processor.py:161} INFO - Processing /home/airflow/.local/lib/python3.7/site-packages/airflow/example_dags/example_python_operator.py took 0.180 seconds
[2022-08-15 03:11:41,190] {processor.py:153} INFO - Started process (PID=3985) to work on /home/airflow/.local/lib/python3.7/site-packages/airflow/example_dags/example_python_operator.py
[2022-08-15 03:11:41,192] {processor.py:641} INFO - Processing file /home/airflow/.local/lib/python3.7/site-packages/airflow/example_dags/example_python_operator.py for tasks to queue
[2022-08-15 03:11:41,203] {logging_mixin.py:115} INFO - [2022-08-15 03:11:41,203] {dagbag.py:508} INFO - Filling up the DagBag from /home/airflow/.local/lib/python3.7/site-packages/airflow/example_dags/example_python_operator.py
[2022-08-15 03:11:41,272] {processor.py:651} INFO - DAG(s) dict_keys(['example_python_operator']) retrieved from /home/airflow/.local/lib/python3.7/site-packages/airflow/example_dags/example_python_operator.py
[2022-08-15 03:11:41,336] {logging_mixin.py:115} INFO - [2022-08-15 03:11:41,335] {dag.py:2420} INFO - Sync 1 DAGs
[2022-08-15 03:11:41,415] {logging_mixin.py:115} INFO - [2022-08-15 03:11:41,415] {dag.py:2972} INFO - Setting next_dagrun for example_python_operator to None, run_after=None
[2022-08-15 03:11:41,442] {processor.py:161} INFO - Processing /home/airflow/.local/lib/python3.7/site-packages/airflow/example_dags/example_python_operator.py took 0.260 seconds
[2022-08-15 03:12:11,880] {processor.py:153} INFO - Started process (PID=4048) to work on /home/airflow/.local/lib/python3.7/site-packages/airflow/example_dags/example_python_operator.py
[2022-08-15 03:12:11,885] {processor.py:641} INFO - Processing file /home/airflow/.local/lib/python3.7/site-packages/airflow/example_dags/example_python_operator.py for tasks to queue
[2022-08-15 03:12:11,891] {logging_mixin.py:115} INFO - [2022-08-15 03:12:11,890] {dagbag.py:508} INFO - Filling up the DagBag from /home/airflow/.local/lib/python3.7/site-packages/airflow/example_dags/example_python_operator.py
[2022-08-15 03:12:12,129] {processor.py:651} INFO - DAG(s) dict_keys(['example_python_operator']) retrieved from /home/airflow/.local/lib/python3.7/site-packages/airflow/example_dags/example_python_operator.py
[2022-08-15 03:12:12,276] {logging_mixin.py:115} INFO - [2022-08-15 03:12:12,276] {dag.py:2420} INFO - Sync 1 DAGs
[2022-08-15 03:12:12,414] {logging_mixin.py:115} INFO - [2022-08-15 03:12:12,414] {dag.py:2972} INFO - Setting next_dagrun for example_python_operator to None, run_after=None
[2022-08-15 03:12:12,484] {processor.py:161} INFO - Processing /home/airflow/.local/lib/python3.7/site-packages/airflow/example_dags/example_python_operator.py took 0.615 seconds
[2022-08-15 03:12:42,899] {processor.py:153} INFO - Started process (PID=4103) to work on /home/airflow/.local/lib/python3.7/site-packages/airflow/example_dags/example_python_operator.py
[2022-08-15 03:12:42,910] {processor.py:641} INFO - Processing file /home/airflow/.local/lib/python3.7/site-packages/airflow/example_dags/example_python_operator.py for tasks to queue
[2022-08-15 03:12:42,912] {logging_mixin.py:115} INFO - [2022-08-15 03:12:42,912] {dagbag.py:508} INFO - Filling up the DagBag from /home/airflow/.local/lib/python3.7/site-packages/airflow/example_dags/example_python_operator.py
[2022-08-15 03:12:42,953] {processor.py:651} INFO - DAG(s) dict_keys(['example_python_operator']) retrieved from /home/airflow/.local/lib/python3.7/site-packages/airflow/example_dags/example_python_operator.py
[2022-08-15 03:12:43,056] {logging_mixin.py:115} INFO - [2022-08-15 03:12:43,056] {dag.py:2420} INFO - Sync 1 DAGs
[2022-08-15 03:12:43,118] {logging_mixin.py:115} INFO - [2022-08-15 03:12:43,118] {dag.py:2972} INFO - Setting next_dagrun for example_python_operator to None, run_after=None
[2022-08-15 03:12:43,224] {processor.py:161} INFO - Processing /home/airflow/.local/lib/python3.7/site-packages/airflow/example_dags/example_python_operator.py took 0.335 seconds
[2022-08-15 03:13:13,396] {processor.py:153} INFO - Started process (PID=4156) to work on /home/airflow/.local/lib/python3.7/site-packages/airflow/example_dags/example_python_operator.py
[2022-08-15 03:13:13,398] {processor.py:641} INFO - Processing file /home/airflow/.local/lib/python3.7/site-packages/airflow/example_dags/example_python_operator.py for tasks to queue
[2022-08-15 03:13:13,401] {logging_mixin.py:115} INFO - [2022-08-15 03:13:13,400] {dagbag.py:508} INFO - Filling up the DagBag from /home/airflow/.local/lib/python3.7/site-packages/airflow/example_dags/example_python_operator.py
[2022-08-15 03:13:13,441] {processor.py:651} INFO - DAG(s) dict_keys(['example_python_operator']) retrieved from /home/airflow/.local/lib/python3.7/site-packages/airflow/example_dags/example_python_operator.py
[2022-08-15 03:13:13,499] {logging_mixin.py:115} INFO - [2022-08-15 03:13:13,498] {dag.py:2420} INFO - Sync 1 DAGs
[2022-08-15 03:13:13,557] {logging_mixin.py:115} INFO - [2022-08-15 03:13:13,557] {dag.py:2972} INFO - Setting next_dagrun for example_python_operator to None, run_after=None
[2022-08-15 03:13:13,584] {processor.py:161} INFO - Processing /home/airflow/.local/lib/python3.7/site-packages/airflow/example_dags/example_python_operator.py took 0.199 seconds
[2022-08-15 03:13:43,839] {processor.py:153} INFO - Started process (PID=4221) to work on /home/airflow/.local/lib/python3.7/site-packages/airflow/example_dags/example_python_operator.py
[2022-08-15 03:13:43,847] {processor.py:641} INFO - Processing file /home/airflow/.local/lib/python3.7/site-packages/airflow/example_dags/example_python_operator.py for tasks to queue
[2022-08-15 03:13:43,855] {logging_mixin.py:115} INFO - [2022-08-15 03:13:43,854] {dagbag.py:508} INFO - Filling up the DagBag from /home/airflow/.local/lib/python3.7/site-packages/airflow/example_dags/example_python_operator.py
[2022-08-15 03:13:43,955] {processor.py:651} INFO - DAG(s) dict_keys(['example_python_operator']) retrieved from /home/airflow/.local/lib/python3.7/site-packages/airflow/example_dags/example_python_operator.py
[2022-08-15 03:13:44,079] {logging_mixin.py:115} INFO - [2022-08-15 03:13:44,079] {dag.py:2420} INFO - Sync 1 DAGs
[2022-08-15 03:13:44,162] {logging_mixin.py:115} INFO - [2022-08-15 03:13:44,162] {dag.py:2972} INFO - Setting next_dagrun for example_python_operator to None, run_after=None
[2022-08-15 03:13:44,202] {processor.py:161} INFO - Processing /home/airflow/.local/lib/python3.7/site-packages/airflow/example_dags/example_python_operator.py took 0.396 seconds
[2022-08-15 03:14:14,419] {processor.py:153} INFO - Started process (PID=4276) to work on /home/airflow/.local/lib/python3.7/site-packages/airflow/example_dags/example_python_operator.py
[2022-08-15 03:14:14,422] {processor.py:641} INFO - Processing file /home/airflow/.local/lib/python3.7/site-packages/airflow/example_dags/example_python_operator.py for tasks to queue
[2022-08-15 03:14:14,428] {logging_mixin.py:115} INFO - [2022-08-15 03:14:14,427] {dagbag.py:508} INFO - Filling up the DagBag from /home/airflow/.local/lib/python3.7/site-packages/airflow/example_dags/example_python_operator.py
[2022-08-15 03:14:14,530] {processor.py:651} INFO - DAG(s) dict_keys(['example_python_operator']) retrieved from /home/airflow/.local/lib/python3.7/site-packages/airflow/example_dags/example_python_operator.py
[2022-08-15 03:14:14,729] {logging_mixin.py:115} INFO - [2022-08-15 03:14:14,729] {dag.py:2420} INFO - Sync 1 DAGs
[2022-08-15 03:14:14,869] {logging_mixin.py:115} INFO - [2022-08-15 03:14:14,868] {dag.py:2972} INFO - Setting next_dagrun for example_python_operator to None, run_after=None
[2022-08-15 03:14:14,893] {processor.py:161} INFO - Processing /home/airflow/.local/lib/python3.7/site-packages/airflow/example_dags/example_python_operator.py took 0.492 seconds
[2022-08-15 03:14:45,904] {processor.py:153} INFO - Started process (PID=4331) to work on /home/airflow/.local/lib/python3.7/site-packages/airflow/example_dags/example_python_operator.py
[2022-08-15 03:14:45,906] {processor.py:641} INFO - Processing file /home/airflow/.local/lib/python3.7/site-packages/airflow/example_dags/example_python_operator.py for tasks to queue
[2022-08-15 03:14:45,914] {logging_mixin.py:115} INFO - [2022-08-15 03:14:45,914] {dagbag.py:508} INFO - Filling up the DagBag from /home/airflow/.local/lib/python3.7/site-packages/airflow/example_dags/example_python_operator.py
[2022-08-15 03:14:46,034] {processor.py:651} INFO - DAG(s) dict_keys(['example_python_operator']) retrieved from /home/airflow/.local/lib/python3.7/site-packages/airflow/example_dags/example_python_operator.py
[2022-08-15 03:14:46,185] {logging_mixin.py:115} INFO - [2022-08-15 03:14:46,185] {dag.py:2420} INFO - Sync 1 DAGs
[2022-08-15 03:14:46,252] {logging_mixin.py:115} INFO - [2022-08-15 03:14:46,251] {dag.py:2972} INFO - Setting next_dagrun for example_python_operator to None, run_after=None
[2022-08-15 03:14:46,296] {processor.py:161} INFO - Processing /home/airflow/.local/lib/python3.7/site-packages/airflow/example_dags/example_python_operator.py took 0.401 seconds
