[2022-08-15 02:56:21,924] {processor.py:153} INFO - Started process (PID=2281) to work on /home/airflow/.local/lib/python3.7/site-packages/airflow/example_dags/example_branch_day_of_week_operator.py
[2022-08-15 02:56:21,953] {processor.py:641} INFO - Processing file /home/airflow/.local/lib/python3.7/site-packages/airflow/example_dags/example_branch_day_of_week_operator.py for tasks to queue
[2022-08-15 02:56:21,976] {logging_mixin.py:115} INFO - [2022-08-15 02:56:21,973] {dagbag.py:508} INFO - Filling up the DagBag from /home/airflow/.local/lib/python3.7/site-packages/airflow/example_dags/example_branch_day_of_week_operator.py
[2022-08-15 02:56:22,097] {processor.py:651} INFO - DAG(s) dict_keys(['example_weekday_branch_operator']) retrieved from /home/airflow/.local/lib/python3.7/site-packages/airflow/example_dags/example_branch_day_of_week_operator.py
[2022-08-15 02:56:22,395] {logging_mixin.py:115} INFO - [2022-08-15 02:56:22,395] {dag.py:2420} INFO - Sync 1 DAGs
[2022-08-15 02:56:23,006] {logging_mixin.py:115} INFO - [2022-08-15 02:56:23,005] {dag.py:2972} INFO - Setting next_dagrun for example_weekday_branch_operator to 2022-08-14T00:00:00+00:00, run_after=2022-08-15T00:00:00+00:00
[2022-08-15 02:56:23,315] {processor.py:161} INFO - Processing /home/airflow/.local/lib/python3.7/site-packages/airflow/example_dags/example_branch_day_of_week_operator.py took 1.475 seconds
[2022-08-15 02:56:54,008] {processor.py:153} INFO - Started process (PID=2336) to work on /home/airflow/.local/lib/python3.7/site-packages/airflow/example_dags/example_branch_day_of_week_operator.py
[2022-08-15 02:56:54,011] {processor.py:641} INFO - Processing file /home/airflow/.local/lib/python3.7/site-packages/airflow/example_dags/example_branch_day_of_week_operator.py for tasks to queue
[2022-08-15 02:56:54,013] {logging_mixin.py:115} INFO - [2022-08-15 02:56:54,013] {dagbag.py:508} INFO - Filling up the DagBag from /home/airflow/.local/lib/python3.7/site-packages/airflow/example_dags/example_branch_day_of_week_operator.py
[2022-08-15 02:56:54,037] {processor.py:651} INFO - DAG(s) dict_keys(['example_weekday_branch_operator']) retrieved from /home/airflow/.local/lib/python3.7/site-packages/airflow/example_dags/example_branch_day_of_week_operator.py
[2022-08-15 02:56:54,087] {logging_mixin.py:115} INFO - [2022-08-15 02:56:54,086] {dag.py:2420} INFO - Sync 1 DAGs
[2022-08-15 02:56:54,132] {logging_mixin.py:115} INFO - [2022-08-15 02:56:54,132] {dag.py:2972} INFO - Setting next_dagrun for example_weekday_branch_operator to 2022-08-14T00:00:00+00:00, run_after=2022-08-15T00:00:00+00:00
[2022-08-15 02:56:54,168] {processor.py:161} INFO - Processing /home/airflow/.local/lib/python3.7/site-packages/airflow/example_dags/example_branch_day_of_week_operator.py took 0.170 seconds
[2022-08-15 02:57:24,557] {processor.py:153} INFO - Started process (PID=2389) to work on /home/airflow/.local/lib/python3.7/site-packages/airflow/example_dags/example_branch_day_of_week_operator.py
[2022-08-15 02:57:24,559] {processor.py:641} INFO - Processing file /home/airflow/.local/lib/python3.7/site-packages/airflow/example_dags/example_branch_day_of_week_operator.py for tasks to queue
[2022-08-15 02:57:24,562] {logging_mixin.py:115} INFO - [2022-08-15 02:57:24,562] {dagbag.py:508} INFO - Filling up the DagBag from /home/airflow/.local/lib/python3.7/site-packages/airflow/example_dags/example_branch_day_of_week_operator.py
[2022-08-15 02:57:24,604] {processor.py:651} INFO - DAG(s) dict_keys(['example_weekday_branch_operator']) retrieved from /home/airflow/.local/lib/python3.7/site-packages/airflow/example_dags/example_branch_day_of_week_operator.py
[2022-08-15 02:57:24,704] {logging_mixin.py:115} INFO - [2022-08-15 02:57:24,704] {dag.py:2420} INFO - Sync 1 DAGs
[2022-08-15 02:57:24,835] {logging_mixin.py:115} INFO - [2022-08-15 02:57:24,835] {dag.py:2972} INFO - Setting next_dagrun for example_weekday_branch_operator to 2022-08-14T00:00:00+00:00, run_after=2022-08-15T00:00:00+00:00
[2022-08-15 02:57:24,889] {processor.py:161} INFO - Processing /home/airflow/.local/lib/python3.7/site-packages/airflow/example_dags/example_branch_day_of_week_operator.py took 0.345 seconds
[2022-08-15 02:57:55,224] {processor.py:153} INFO - Started process (PID=2445) to work on /home/airflow/.local/lib/python3.7/site-packages/airflow/example_dags/example_branch_day_of_week_operator.py
[2022-08-15 02:57:55,228] {processor.py:641} INFO - Processing file /home/airflow/.local/lib/python3.7/site-packages/airflow/example_dags/example_branch_day_of_week_operator.py for tasks to queue
[2022-08-15 02:57:55,231] {logging_mixin.py:115} INFO - [2022-08-15 02:57:55,231] {dagbag.py:508} INFO - Filling up the DagBag from /home/airflow/.local/lib/python3.7/site-packages/airflow/example_dags/example_branch_day_of_week_operator.py
[2022-08-15 02:57:55,285] {processor.py:651} INFO - DAG(s) dict_keys(['example_weekday_branch_operator']) retrieved from /home/airflow/.local/lib/python3.7/site-packages/airflow/example_dags/example_branch_day_of_week_operator.py
[2022-08-15 02:57:55,351] {logging_mixin.py:115} INFO - [2022-08-15 02:57:55,351] {dag.py:2420} INFO - Sync 1 DAGs
[2022-08-15 02:57:55,449] {logging_mixin.py:115} INFO - [2022-08-15 02:57:55,449] {dag.py:2972} INFO - Setting next_dagrun for example_weekday_branch_operator to 2022-08-14T00:00:00+00:00, run_after=2022-08-15T00:00:00+00:00
[2022-08-15 02:57:55,489] {processor.py:161} INFO - Processing /home/airflow/.local/lib/python3.7/site-packages/airflow/example_dags/example_branch_day_of_week_operator.py took 0.281 seconds
[2022-08-15 02:58:25,622] {processor.py:153} INFO - Started process (PID=2507) to work on /home/airflow/.local/lib/python3.7/site-packages/airflow/example_dags/example_branch_day_of_week_operator.py
[2022-08-15 02:58:25,624] {processor.py:641} INFO - Processing file /home/airflow/.local/lib/python3.7/site-packages/airflow/example_dags/example_branch_day_of_week_operator.py for tasks to queue
[2022-08-15 02:58:25,638] {logging_mixin.py:115} INFO - [2022-08-15 02:58:25,638] {dagbag.py:508} INFO - Filling up the DagBag from /home/airflow/.local/lib/python3.7/site-packages/airflow/example_dags/example_branch_day_of_week_operator.py
[2022-08-15 02:58:25,669] {processor.py:651} INFO - DAG(s) dict_keys(['example_weekday_branch_operator']) retrieved from /home/airflow/.local/lib/python3.7/site-packages/airflow/example_dags/example_branch_day_of_week_operator.py
[2022-08-15 02:58:25,758] {logging_mixin.py:115} INFO - [2022-08-15 02:58:25,758] {dag.py:2420} INFO - Sync 1 DAGs
[2022-08-15 02:58:25,838] {logging_mixin.py:115} INFO - [2022-08-15 02:58:25,837] {dag.py:2972} INFO - Setting next_dagrun for example_weekday_branch_operator to 2022-08-14T00:00:00+00:00, run_after=2022-08-15T00:00:00+00:00
[2022-08-15 02:58:25,875] {processor.py:161} INFO - Processing /home/airflow/.local/lib/python3.7/site-packages/airflow/example_dags/example_branch_day_of_week_operator.py took 0.263 seconds
[2022-08-15 02:58:56,268] {processor.py:153} INFO - Started process (PID=2562) to work on /home/airflow/.local/lib/python3.7/site-packages/airflow/example_dags/example_branch_day_of_week_operator.py
[2022-08-15 02:58:56,271] {processor.py:641} INFO - Processing file /home/airflow/.local/lib/python3.7/site-packages/airflow/example_dags/example_branch_day_of_week_operator.py for tasks to queue
[2022-08-15 02:58:56,273] {logging_mixin.py:115} INFO - [2022-08-15 02:58:56,273] {dagbag.py:508} INFO - Filling up the DagBag from /home/airflow/.local/lib/python3.7/site-packages/airflow/example_dags/example_branch_day_of_week_operator.py
[2022-08-15 02:58:56,306] {processor.py:651} INFO - DAG(s) dict_keys(['example_weekday_branch_operator']) retrieved from /home/airflow/.local/lib/python3.7/site-packages/airflow/example_dags/example_branch_day_of_week_operator.py
[2022-08-15 02:58:56,395] {logging_mixin.py:115} INFO - [2022-08-15 02:58:56,395] {dag.py:2420} INFO - Sync 1 DAGs
[2022-08-15 02:58:56,469] {logging_mixin.py:115} INFO - [2022-08-15 02:58:56,469] {dag.py:2972} INFO - Setting next_dagrun for example_weekday_branch_operator to 2022-08-14T00:00:00+00:00, run_after=2022-08-15T00:00:00+00:00
[2022-08-15 02:58:56,499] {processor.py:161} INFO - Processing /home/airflow/.local/lib/python3.7/site-packages/airflow/example_dags/example_branch_day_of_week_operator.py took 0.242 seconds
[2022-08-15 02:59:27,098] {processor.py:153} INFO - Started process (PID=2616) to work on /home/airflow/.local/lib/python3.7/site-packages/airflow/example_dags/example_branch_day_of_week_operator.py
[2022-08-15 02:59:27,100] {processor.py:641} INFO - Processing file /home/airflow/.local/lib/python3.7/site-packages/airflow/example_dags/example_branch_day_of_week_operator.py for tasks to queue
[2022-08-15 02:59:27,106] {logging_mixin.py:115} INFO - [2022-08-15 02:59:27,106] {dagbag.py:508} INFO - Filling up the DagBag from /home/airflow/.local/lib/python3.7/site-packages/airflow/example_dags/example_branch_day_of_week_operator.py
[2022-08-15 02:59:27,139] {processor.py:651} INFO - DAG(s) dict_keys(['example_weekday_branch_operator']) retrieved from /home/airflow/.local/lib/python3.7/site-packages/airflow/example_dags/example_branch_day_of_week_operator.py
[2022-08-15 02:59:27,234] {logging_mixin.py:115} INFO - [2022-08-15 02:59:27,234] {dag.py:2420} INFO - Sync 1 DAGs
[2022-08-15 02:59:27,383] {logging_mixin.py:115} INFO - [2022-08-15 02:59:27,383] {dag.py:2972} INFO - Setting next_dagrun for example_weekday_branch_operator to 2022-08-14T00:00:00+00:00, run_after=2022-08-15T00:00:00+00:00
[2022-08-15 02:59:27,496] {processor.py:161} INFO - Processing /home/airflow/.local/lib/python3.7/site-packages/airflow/example_dags/example_branch_day_of_week_operator.py took 0.409 seconds
[2022-08-15 02:59:58,220] {processor.py:153} INFO - Started process (PID=2679) to work on /home/airflow/.local/lib/python3.7/site-packages/airflow/example_dags/example_branch_day_of_week_operator.py
[2022-08-15 02:59:58,227] {processor.py:641} INFO - Processing file /home/airflow/.local/lib/python3.7/site-packages/airflow/example_dags/example_branch_day_of_week_operator.py for tasks to queue
[2022-08-15 02:59:58,232] {logging_mixin.py:115} INFO - [2022-08-15 02:59:58,231] {dagbag.py:508} INFO - Filling up the DagBag from /home/airflow/.local/lib/python3.7/site-packages/airflow/example_dags/example_branch_day_of_week_operator.py
[2022-08-15 02:59:58,291] {processor.py:651} INFO - DAG(s) dict_keys(['example_weekday_branch_operator']) retrieved from /home/airflow/.local/lib/python3.7/site-packages/airflow/example_dags/example_branch_day_of_week_operator.py
[2022-08-15 02:59:58,460] {logging_mixin.py:115} INFO - [2022-08-15 02:59:58,460] {dag.py:2420} INFO - Sync 1 DAGs
[2022-08-15 02:59:58,621] {logging_mixin.py:115} INFO - [2022-08-15 02:59:58,621] {dag.py:2972} INFO - Setting next_dagrun for example_weekday_branch_operator to 2022-08-14T00:00:00+00:00, run_after=2022-08-15T00:00:00+00:00
[2022-08-15 02:59:58,662] {processor.py:161} INFO - Processing /home/airflow/.local/lib/python3.7/site-packages/airflow/example_dags/example_branch_day_of_week_operator.py took 0.460 seconds
[2022-08-15 03:00:28,865] {processor.py:153} INFO - Started process (PID=2733) to work on /home/airflow/.local/lib/python3.7/site-packages/airflow/example_dags/example_branch_day_of_week_operator.py
[2022-08-15 03:00:28,866] {processor.py:641} INFO - Processing file /home/airflow/.local/lib/python3.7/site-packages/airflow/example_dags/example_branch_day_of_week_operator.py for tasks to queue
[2022-08-15 03:00:28,868] {logging_mixin.py:115} INFO - [2022-08-15 03:00:28,868] {dagbag.py:508} INFO - Filling up the DagBag from /home/airflow/.local/lib/python3.7/site-packages/airflow/example_dags/example_branch_day_of_week_operator.py
[2022-08-15 03:00:28,901] {processor.py:651} INFO - DAG(s) dict_keys(['example_weekday_branch_operator']) retrieved from /home/airflow/.local/lib/python3.7/site-packages/airflow/example_dags/example_branch_day_of_week_operator.py
[2022-08-15 03:00:28,967] {logging_mixin.py:115} INFO - [2022-08-15 03:00:28,967] {dag.py:2420} INFO - Sync 1 DAGs
[2022-08-15 03:00:29,087] {logging_mixin.py:115} INFO - [2022-08-15 03:00:29,087] {dag.py:2972} INFO - Setting next_dagrun for example_weekday_branch_operator to 2022-08-14T00:00:00+00:00, run_after=2022-08-15T00:00:00+00:00
[2022-08-15 03:00:29,134] {processor.py:161} INFO - Processing /home/airflow/.local/lib/python3.7/site-packages/airflow/example_dags/example_branch_day_of_week_operator.py took 0.274 seconds
[2022-08-15 03:00:59,415] {processor.py:153} INFO - Started process (PID=2786) to work on /home/airflow/.local/lib/python3.7/site-packages/airflow/example_dags/example_branch_day_of_week_operator.py
[2022-08-15 03:00:59,417] {processor.py:641} INFO - Processing file /home/airflow/.local/lib/python3.7/site-packages/airflow/example_dags/example_branch_day_of_week_operator.py for tasks to queue
[2022-08-15 03:00:59,422] {logging_mixin.py:115} INFO - [2022-08-15 03:00:59,422] {dagbag.py:508} INFO - Filling up the DagBag from /home/airflow/.local/lib/python3.7/site-packages/airflow/example_dags/example_branch_day_of_week_operator.py
[2022-08-15 03:00:59,468] {processor.py:651} INFO - DAG(s) dict_keys(['example_weekday_branch_operator']) retrieved from /home/airflow/.local/lib/python3.7/site-packages/airflow/example_dags/example_branch_day_of_week_operator.py
[2022-08-15 03:00:59,586] {logging_mixin.py:115} INFO - [2022-08-15 03:00:59,586] {dag.py:2420} INFO - Sync 1 DAGs
[2022-08-15 03:00:59,632] {logging_mixin.py:115} INFO - [2022-08-15 03:00:59,632] {dag.py:2972} INFO - Setting next_dagrun for example_weekday_branch_operator to 2022-08-14T00:00:00+00:00, run_after=2022-08-15T00:00:00+00:00
[2022-08-15 03:00:59,674] {processor.py:161} INFO - Processing /home/airflow/.local/lib/python3.7/site-packages/airflow/example_dags/example_branch_day_of_week_operator.py took 0.270 seconds
[2022-08-15 03:01:29,815] {processor.py:153} INFO - Started process (PID=2849) to work on /home/airflow/.local/lib/python3.7/site-packages/airflow/example_dags/example_branch_day_of_week_operator.py
[2022-08-15 03:01:29,817] {processor.py:641} INFO - Processing file /home/airflow/.local/lib/python3.7/site-packages/airflow/example_dags/example_branch_day_of_week_operator.py for tasks to queue
[2022-08-15 03:01:29,819] {logging_mixin.py:115} INFO - [2022-08-15 03:01:29,819] {dagbag.py:508} INFO - Filling up the DagBag from /home/airflow/.local/lib/python3.7/site-packages/airflow/example_dags/example_branch_day_of_week_operator.py
[2022-08-15 03:01:29,844] {processor.py:651} INFO - DAG(s) dict_keys(['example_weekday_branch_operator']) retrieved from /home/airflow/.local/lib/python3.7/site-packages/airflow/example_dags/example_branch_day_of_week_operator.py
[2022-08-15 03:01:29,904] {logging_mixin.py:115} INFO - [2022-08-15 03:01:29,903] {dag.py:2420} INFO - Sync 1 DAGs
[2022-08-15 03:01:29,981] {logging_mixin.py:115} INFO - [2022-08-15 03:01:29,981] {dag.py:2972} INFO - Setting next_dagrun for example_weekday_branch_operator to 2022-08-14T00:00:00+00:00, run_after=2022-08-15T00:00:00+00:00
[2022-08-15 03:01:30,038] {processor.py:161} INFO - Processing /home/airflow/.local/lib/python3.7/site-packages/airflow/example_dags/example_branch_day_of_week_operator.py took 0.235 seconds
[2022-08-15 03:02:00,217] {processor.py:153} INFO - Started process (PID=2907) to work on /home/airflow/.local/lib/python3.7/site-packages/airflow/example_dags/example_branch_day_of_week_operator.py
[2022-08-15 03:02:00,219] {processor.py:641} INFO - Processing file /home/airflow/.local/lib/python3.7/site-packages/airflow/example_dags/example_branch_day_of_week_operator.py for tasks to queue
[2022-08-15 03:02:00,224] {logging_mixin.py:115} INFO - [2022-08-15 03:02:00,224] {dagbag.py:508} INFO - Filling up the DagBag from /home/airflow/.local/lib/python3.7/site-packages/airflow/example_dags/example_branch_day_of_week_operator.py
[2022-08-15 03:02:00,260] {processor.py:651} INFO - DAG(s) dict_keys(['example_weekday_branch_operator']) retrieved from /home/airflow/.local/lib/python3.7/site-packages/airflow/example_dags/example_branch_day_of_week_operator.py
[2022-08-15 03:02:00,333] {logging_mixin.py:115} INFO - [2022-08-15 03:02:00,333] {dag.py:2420} INFO - Sync 1 DAGs
[2022-08-15 03:02:00,376] {logging_mixin.py:115} INFO - [2022-08-15 03:02:00,376] {dag.py:2972} INFO - Setting next_dagrun for example_weekday_branch_operator to 2022-08-14T00:00:00+00:00, run_after=2022-08-15T00:00:00+00:00
[2022-08-15 03:02:00,409] {processor.py:161} INFO - Processing /home/airflow/.local/lib/python3.7/site-packages/airflow/example_dags/example_branch_day_of_week_operator.py took 0.199 seconds
[2022-08-15 03:02:30,697] {processor.py:153} INFO - Started process (PID=2970) to work on /home/airflow/.local/lib/python3.7/site-packages/airflow/example_dags/example_branch_day_of_week_operator.py
[2022-08-15 03:02:30,699] {processor.py:641} INFO - Processing file /home/airflow/.local/lib/python3.7/site-packages/airflow/example_dags/example_branch_day_of_week_operator.py for tasks to queue
[2022-08-15 03:02:30,705] {logging_mixin.py:115} INFO - [2022-08-15 03:02:30,705] {dagbag.py:508} INFO - Filling up the DagBag from /home/airflow/.local/lib/python3.7/site-packages/airflow/example_dags/example_branch_day_of_week_operator.py
[2022-08-15 03:02:30,727] {processor.py:651} INFO - DAG(s) dict_keys(['example_weekday_branch_operator']) retrieved from /home/airflow/.local/lib/python3.7/site-packages/airflow/example_dags/example_branch_day_of_week_operator.py
[2022-08-15 03:02:30,776] {logging_mixin.py:115} INFO - [2022-08-15 03:02:30,776] {dag.py:2420} INFO - Sync 1 DAGs
[2022-08-15 03:02:30,826] {logging_mixin.py:115} INFO - [2022-08-15 03:02:30,826] {dag.py:2972} INFO - Setting next_dagrun for example_weekday_branch_operator to 2022-08-14T00:00:00+00:00, run_after=2022-08-15T00:00:00+00:00
[2022-08-15 03:02:30,850] {processor.py:161} INFO - Processing /home/airflow/.local/lib/python3.7/site-packages/airflow/example_dags/example_branch_day_of_week_operator.py took 0.173 seconds
[2022-08-15 03:03:00,985] {processor.py:153} INFO - Started process (PID=3024) to work on /home/airflow/.local/lib/python3.7/site-packages/airflow/example_dags/example_branch_day_of_week_operator.py
[2022-08-15 03:03:00,987] {processor.py:641} INFO - Processing file /home/airflow/.local/lib/python3.7/site-packages/airflow/example_dags/example_branch_day_of_week_operator.py for tasks to queue
[2022-08-15 03:03:00,989] {logging_mixin.py:115} INFO - [2022-08-15 03:03:00,989] {dagbag.py:508} INFO - Filling up the DagBag from /home/airflow/.local/lib/python3.7/site-packages/airflow/example_dags/example_branch_day_of_week_operator.py
[2022-08-15 03:03:01,025] {processor.py:651} INFO - DAG(s) dict_keys(['example_weekday_branch_operator']) retrieved from /home/airflow/.local/lib/python3.7/site-packages/airflow/example_dags/example_branch_day_of_week_operator.py
[2022-08-15 03:03:01,089] {logging_mixin.py:115} INFO - [2022-08-15 03:03:01,089] {dag.py:2420} INFO - Sync 1 DAGs
[2022-08-15 03:03:01,175] {logging_mixin.py:115} INFO - [2022-08-15 03:03:01,175] {dag.py:2972} INFO - Setting next_dagrun for example_weekday_branch_operator to 2022-08-14T00:00:00+00:00, run_after=2022-08-15T00:00:00+00:00
[2022-08-15 03:03:01,227] {processor.py:161} INFO - Processing /home/airflow/.local/lib/python3.7/site-packages/airflow/example_dags/example_branch_day_of_week_operator.py took 0.250 seconds
[2022-08-15 03:03:32,306] {processor.py:153} INFO - Started process (PID=3087) to work on /home/airflow/.local/lib/python3.7/site-packages/airflow/example_dags/example_branch_day_of_week_operator.py
[2022-08-15 03:03:32,307] {processor.py:641} INFO - Processing file /home/airflow/.local/lib/python3.7/site-packages/airflow/example_dags/example_branch_day_of_week_operator.py for tasks to queue
[2022-08-15 03:03:32,317] {logging_mixin.py:115} INFO - [2022-08-15 03:03:32,316] {dagbag.py:508} INFO - Filling up the DagBag from /home/airflow/.local/lib/python3.7/site-packages/airflow/example_dags/example_branch_day_of_week_operator.py
[2022-08-15 03:03:32,436] {processor.py:651} INFO - DAG(s) dict_keys(['example_weekday_branch_operator']) retrieved from /home/airflow/.local/lib/python3.7/site-packages/airflow/example_dags/example_branch_day_of_week_operator.py
[2022-08-15 03:03:32,583] {logging_mixin.py:115} INFO - [2022-08-15 03:03:32,582] {dag.py:2420} INFO - Sync 1 DAGs
[2022-08-15 03:03:32,789] {logging_mixin.py:115} INFO - [2022-08-15 03:03:32,789] {dag.py:2972} INFO - Setting next_dagrun for example_weekday_branch_operator to 2022-08-14T00:00:00+00:00, run_after=2022-08-15T00:00:00+00:00
[2022-08-15 03:03:32,890] {processor.py:161} INFO - Processing /home/airflow/.local/lib/python3.7/site-packages/airflow/example_dags/example_branch_day_of_week_operator.py took 0.606 seconds
[2022-08-15 03:04:03,696] {processor.py:153} INFO - Started process (PID=3141) to work on /home/airflow/.local/lib/python3.7/site-packages/airflow/example_dags/example_branch_day_of_week_operator.py
[2022-08-15 03:04:03,698] {processor.py:641} INFO - Processing file /home/airflow/.local/lib/python3.7/site-packages/airflow/example_dags/example_branch_day_of_week_operator.py for tasks to queue
[2022-08-15 03:04:03,700] {logging_mixin.py:115} INFO - [2022-08-15 03:04:03,700] {dagbag.py:508} INFO - Filling up the DagBag from /home/airflow/.local/lib/python3.7/site-packages/airflow/example_dags/example_branch_day_of_week_operator.py
[2022-08-15 03:04:03,720] {processor.py:651} INFO - DAG(s) dict_keys(['example_weekday_branch_operator']) retrieved from /home/airflow/.local/lib/python3.7/site-packages/airflow/example_dags/example_branch_day_of_week_operator.py
[2022-08-15 03:04:03,771] {logging_mixin.py:115} INFO - [2022-08-15 03:04:03,771] {dag.py:2420} INFO - Sync 1 DAGs
[2022-08-15 03:04:03,811] {logging_mixin.py:115} INFO - [2022-08-15 03:04:03,811] {dag.py:2972} INFO - Setting next_dagrun for example_weekday_branch_operator to 2022-08-14T00:00:00+00:00, run_after=2022-08-15T00:00:00+00:00
[2022-08-15 03:04:03,840] {processor.py:161} INFO - Processing /home/airflow/.local/lib/python3.7/site-packages/airflow/example_dags/example_branch_day_of_week_operator.py took 0.150 seconds
[2022-08-15 03:04:34,041] {processor.py:153} INFO - Started process (PID=3194) to work on /home/airflow/.local/lib/python3.7/site-packages/airflow/example_dags/example_branch_day_of_week_operator.py
[2022-08-15 03:04:34,042] {processor.py:641} INFO - Processing file /home/airflow/.local/lib/python3.7/site-packages/airflow/example_dags/example_branch_day_of_week_operator.py for tasks to queue
[2022-08-15 03:04:34,045] {logging_mixin.py:115} INFO - [2022-08-15 03:04:34,045] {dagbag.py:508} INFO - Filling up the DagBag from /home/airflow/.local/lib/python3.7/site-packages/airflow/example_dags/example_branch_day_of_week_operator.py
[2022-08-15 03:04:34,076] {processor.py:651} INFO - DAG(s) dict_keys(['example_weekday_branch_operator']) retrieved from /home/airflow/.local/lib/python3.7/site-packages/airflow/example_dags/example_branch_day_of_week_operator.py
[2022-08-15 03:04:34,179] {logging_mixin.py:115} INFO - [2022-08-15 03:04:34,176] {dag.py:2420} INFO - Sync 1 DAGs
[2022-08-15 03:04:34,304] {logging_mixin.py:115} INFO - [2022-08-15 03:04:34,304] {dag.py:2972} INFO - Setting next_dagrun for example_weekday_branch_operator to 2022-08-14T00:00:00+00:00, run_after=2022-08-15T00:00:00+00:00
[2022-08-15 03:04:34,350] {processor.py:161} INFO - Processing /home/airflow/.local/lib/python3.7/site-packages/airflow/example_dags/example_branch_day_of_week_operator.py took 0.317 seconds
[2022-08-15 03:05:05,206] {processor.py:153} INFO - Started process (PID=3258) to work on /home/airflow/.local/lib/python3.7/site-packages/airflow/example_dags/example_branch_day_of_week_operator.py
[2022-08-15 03:05:05,208] {processor.py:641} INFO - Processing file /home/airflow/.local/lib/python3.7/site-packages/airflow/example_dags/example_branch_day_of_week_operator.py for tasks to queue
[2022-08-15 03:05:05,210] {logging_mixin.py:115} INFO - [2022-08-15 03:05:05,210] {dagbag.py:508} INFO - Filling up the DagBag from /home/airflow/.local/lib/python3.7/site-packages/airflow/example_dags/example_branch_day_of_week_operator.py
[2022-08-15 03:05:05,234] {processor.py:651} INFO - DAG(s) dict_keys(['example_weekday_branch_operator']) retrieved from /home/airflow/.local/lib/python3.7/site-packages/airflow/example_dags/example_branch_day_of_week_operator.py
[2022-08-15 03:05:05,282] {logging_mixin.py:115} INFO - [2022-08-15 03:05:05,282] {dag.py:2420} INFO - Sync 1 DAGs
[2022-08-15 03:05:05,331] {logging_mixin.py:115} INFO - [2022-08-15 03:05:05,331] {dag.py:2972} INFO - Setting next_dagrun for example_weekday_branch_operator to 2022-08-14T00:00:00+00:00, run_after=2022-08-15T00:00:00+00:00
[2022-08-15 03:05:05,364] {processor.py:161} INFO - Processing /home/airflow/.local/lib/python3.7/site-packages/airflow/example_dags/example_branch_day_of_week_operator.py took 0.164 seconds
[2022-08-15 03:05:35,493] {processor.py:153} INFO - Started process (PID=3313) to work on /home/airflow/.local/lib/python3.7/site-packages/airflow/example_dags/example_branch_day_of_week_operator.py
[2022-08-15 03:05:35,495] {processor.py:641} INFO - Processing file /home/airflow/.local/lib/python3.7/site-packages/airflow/example_dags/example_branch_day_of_week_operator.py for tasks to queue
[2022-08-15 03:05:35,497] {logging_mixin.py:115} INFO - [2022-08-15 03:05:35,497] {dagbag.py:508} INFO - Filling up the DagBag from /home/airflow/.local/lib/python3.7/site-packages/airflow/example_dags/example_branch_day_of_week_operator.py
[2022-08-15 03:05:35,524] {processor.py:651} INFO - DAG(s) dict_keys(['example_weekday_branch_operator']) retrieved from /home/airflow/.local/lib/python3.7/site-packages/airflow/example_dags/example_branch_day_of_week_operator.py
[2022-08-15 03:05:35,573] {logging_mixin.py:115} INFO - [2022-08-15 03:05:35,573] {dag.py:2420} INFO - Sync 1 DAGs
[2022-08-15 03:05:35,623] {logging_mixin.py:115} INFO - [2022-08-15 03:05:35,623] {dag.py:2972} INFO - Setting next_dagrun for example_weekday_branch_operator to 2022-08-14T00:00:00+00:00, run_after=2022-08-15T00:00:00+00:00
[2022-08-15 03:05:35,646] {processor.py:161} INFO - Processing /home/airflow/.local/lib/python3.7/site-packages/airflow/example_dags/example_branch_day_of_week_operator.py took 0.160 seconds
[2022-08-15 03:06:05,765] {processor.py:153} INFO - Started process (PID=3367) to work on /home/airflow/.local/lib/python3.7/site-packages/airflow/example_dags/example_branch_day_of_week_operator.py
[2022-08-15 03:06:05,774] {processor.py:641} INFO - Processing file /home/airflow/.local/lib/python3.7/site-packages/airflow/example_dags/example_branch_day_of_week_operator.py for tasks to queue
[2022-08-15 03:06:05,778] {logging_mixin.py:115} INFO - [2022-08-15 03:06:05,778] {dagbag.py:508} INFO - Filling up the DagBag from /home/airflow/.local/lib/python3.7/site-packages/airflow/example_dags/example_branch_day_of_week_operator.py
[2022-08-15 03:06:05,821] {processor.py:651} INFO - DAG(s) dict_keys(['example_weekday_branch_operator']) retrieved from /home/airflow/.local/lib/python3.7/site-packages/airflow/example_dags/example_branch_day_of_week_operator.py
[2022-08-15 03:06:05,964] {logging_mixin.py:115} INFO - [2022-08-15 03:06:05,964] {dag.py:2420} INFO - Sync 1 DAGs
[2022-08-15 03:06:06,074] {logging_mixin.py:115} INFO - [2022-08-15 03:06:06,074] {dag.py:2972} INFO - Setting next_dagrun for example_weekday_branch_operator to 2022-08-14T00:00:00+00:00, run_after=2022-08-15T00:00:00+00:00
[2022-08-15 03:06:06,127] {processor.py:161} INFO - Processing /home/airflow/.local/lib/python3.7/site-packages/airflow/example_dags/example_branch_day_of_week_operator.py took 0.371 seconds
[2022-08-15 03:06:36,784] {processor.py:153} INFO - Started process (PID=3431) to work on /home/airflow/.local/lib/python3.7/site-packages/airflow/example_dags/example_branch_day_of_week_operator.py
[2022-08-15 03:06:36,786] {processor.py:641} INFO - Processing file /home/airflow/.local/lib/python3.7/site-packages/airflow/example_dags/example_branch_day_of_week_operator.py for tasks to queue
[2022-08-15 03:06:36,788] {logging_mixin.py:115} INFO - [2022-08-15 03:06:36,788] {dagbag.py:508} INFO - Filling up the DagBag from /home/airflow/.local/lib/python3.7/site-packages/airflow/example_dags/example_branch_day_of_week_operator.py
[2022-08-15 03:06:36,815] {processor.py:651} INFO - DAG(s) dict_keys(['example_weekday_branch_operator']) retrieved from /home/airflow/.local/lib/python3.7/site-packages/airflow/example_dags/example_branch_day_of_week_operator.py
[2022-08-15 03:06:36,865] {logging_mixin.py:115} INFO - [2022-08-15 03:06:36,865] {dag.py:2420} INFO - Sync 1 DAGs
[2022-08-15 03:06:36,920] {logging_mixin.py:115} INFO - [2022-08-15 03:06:36,919] {dag.py:2972} INFO - Setting next_dagrun for example_weekday_branch_operator to 2022-08-14T00:00:00+00:00, run_after=2022-08-15T00:00:00+00:00
[2022-08-15 03:06:36,945] {processor.py:161} INFO - Processing /home/airflow/.local/lib/python3.7/site-packages/airflow/example_dags/example_branch_day_of_week_operator.py took 0.168 seconds
[2022-08-15 03:07:07,143] {processor.py:153} INFO - Started process (PID=3485) to work on /home/airflow/.local/lib/python3.7/site-packages/airflow/example_dags/example_branch_day_of_week_operator.py
[2022-08-15 03:07:07,144] {processor.py:641} INFO - Processing file /home/airflow/.local/lib/python3.7/site-packages/airflow/example_dags/example_branch_day_of_week_operator.py for tasks to queue
[2022-08-15 03:07:07,146] {logging_mixin.py:115} INFO - [2022-08-15 03:07:07,146] {dagbag.py:508} INFO - Filling up the DagBag from /home/airflow/.local/lib/python3.7/site-packages/airflow/example_dags/example_branch_day_of_week_operator.py
[2022-08-15 03:07:07,172] {processor.py:651} INFO - DAG(s) dict_keys(['example_weekday_branch_operator']) retrieved from /home/airflow/.local/lib/python3.7/site-packages/airflow/example_dags/example_branch_day_of_week_operator.py
[2022-08-15 03:07:07,232] {logging_mixin.py:115} INFO - [2022-08-15 03:07:07,232] {dag.py:2420} INFO - Sync 1 DAGs
[2022-08-15 03:07:07,279] {logging_mixin.py:115} INFO - [2022-08-15 03:07:07,279] {dag.py:2972} INFO - Setting next_dagrun for example_weekday_branch_operator to 2022-08-14T00:00:00+00:00, run_after=2022-08-15T00:00:00+00:00
[2022-08-15 03:07:07,301] {processor.py:161} INFO - Processing /home/airflow/.local/lib/python3.7/site-packages/airflow/example_dags/example_branch_day_of_week_operator.py took 0.164 seconds
[2022-08-15 03:07:38,222] {processor.py:153} INFO - Started process (PID=3548) to work on /home/airflow/.local/lib/python3.7/site-packages/airflow/example_dags/example_branch_day_of_week_operator.py
[2022-08-15 03:07:38,231] {processor.py:641} INFO - Processing file /home/airflow/.local/lib/python3.7/site-packages/airflow/example_dags/example_branch_day_of_week_operator.py for tasks to queue
[2022-08-15 03:07:38,239] {logging_mixin.py:115} INFO - [2022-08-15 03:07:38,239] {dagbag.py:508} INFO - Filling up the DagBag from /home/airflow/.local/lib/python3.7/site-packages/airflow/example_dags/example_branch_day_of_week_operator.py
[2022-08-15 03:07:38,324] {processor.py:651} INFO - DAG(s) dict_keys(['example_weekday_branch_operator']) retrieved from /home/airflow/.local/lib/python3.7/site-packages/airflow/example_dags/example_branch_day_of_week_operator.py
[2022-08-15 03:07:38,457] {logging_mixin.py:115} INFO - [2022-08-15 03:07:38,457] {dag.py:2420} INFO - Sync 1 DAGs
[2022-08-15 03:07:38,597] {logging_mixin.py:115} INFO - [2022-08-15 03:07:38,597] {dag.py:2972} INFO - Setting next_dagrun for example_weekday_branch_operator to 2022-08-14T00:00:00+00:00, run_after=2022-08-15T00:00:00+00:00
[2022-08-15 03:07:38,663] {processor.py:161} INFO - Processing /home/airflow/.local/lib/python3.7/site-packages/airflow/example_dags/example_branch_day_of_week_operator.py took 0.472 seconds
[2022-08-15 03:08:08,920] {processor.py:153} INFO - Started process (PID=3594) to work on /home/airflow/.local/lib/python3.7/site-packages/airflow/example_dags/example_branch_day_of_week_operator.py
[2022-08-15 03:08:08,922] {processor.py:641} INFO - Processing file /home/airflow/.local/lib/python3.7/site-packages/airflow/example_dags/example_branch_day_of_week_operator.py for tasks to queue
[2022-08-15 03:08:08,930] {logging_mixin.py:115} INFO - [2022-08-15 03:08:08,930] {dagbag.py:508} INFO - Filling up the DagBag from /home/airflow/.local/lib/python3.7/site-packages/airflow/example_dags/example_branch_day_of_week_operator.py
[2022-08-15 03:08:08,973] {processor.py:651} INFO - DAG(s) dict_keys(['example_weekday_branch_operator']) retrieved from /home/airflow/.local/lib/python3.7/site-packages/airflow/example_dags/example_branch_day_of_week_operator.py
[2022-08-15 03:08:09,069] {logging_mixin.py:115} INFO - [2022-08-15 03:08:09,069] {dag.py:2420} INFO - Sync 1 DAGs
[2022-08-15 03:08:09,152] {logging_mixin.py:115} INFO - [2022-08-15 03:08:09,152] {dag.py:2972} INFO - Setting next_dagrun for example_weekday_branch_operator to 2022-08-14T00:00:00+00:00, run_after=2022-08-15T00:00:00+00:00
[2022-08-15 03:08:09,215] {processor.py:161} INFO - Processing /home/airflow/.local/lib/python3.7/site-packages/airflow/example_dags/example_branch_day_of_week_operator.py took 0.305 seconds
[2022-08-15 03:08:39,675] {processor.py:153} INFO - Started process (PID=3656) to work on /home/airflow/.local/lib/python3.7/site-packages/airflow/example_dags/example_branch_day_of_week_operator.py
[2022-08-15 03:08:39,677] {processor.py:641} INFO - Processing file /home/airflow/.local/lib/python3.7/site-packages/airflow/example_dags/example_branch_day_of_week_operator.py for tasks to queue
[2022-08-15 03:08:39,678] {logging_mixin.py:115} INFO - [2022-08-15 03:08:39,678] {dagbag.py:508} INFO - Filling up the DagBag from /home/airflow/.local/lib/python3.7/site-packages/airflow/example_dags/example_branch_day_of_week_operator.py
[2022-08-15 03:08:39,701] {processor.py:651} INFO - DAG(s) dict_keys(['example_weekday_branch_operator']) retrieved from /home/airflow/.local/lib/python3.7/site-packages/airflow/example_dags/example_branch_day_of_week_operator.py
[2022-08-15 03:08:39,749] {logging_mixin.py:115} INFO - [2022-08-15 03:08:39,749] {dag.py:2420} INFO - Sync 1 DAGs
[2022-08-15 03:08:39,808] {logging_mixin.py:115} INFO - [2022-08-15 03:08:39,808] {dag.py:2972} INFO - Setting next_dagrun for example_weekday_branch_operator to 2022-08-14T00:00:00+00:00, run_after=2022-08-15T00:00:00+00:00
[2022-08-15 03:08:39,836] {processor.py:161} INFO - Processing /home/airflow/.local/lib/python3.7/site-packages/airflow/example_dags/example_branch_day_of_week_operator.py took 0.167 seconds
[2022-08-15 03:09:09,992] {processor.py:153} INFO - Started process (PID=3709) to work on /home/airflow/.local/lib/python3.7/site-packages/airflow/example_dags/example_branch_day_of_week_operator.py
[2022-08-15 03:09:10,008] {processor.py:641} INFO - Processing file /home/airflow/.local/lib/python3.7/site-packages/airflow/example_dags/example_branch_day_of_week_operator.py for tasks to queue
[2022-08-15 03:09:10,011] {logging_mixin.py:115} INFO - [2022-08-15 03:09:10,011] {dagbag.py:508} INFO - Filling up the DagBag from /home/airflow/.local/lib/python3.7/site-packages/airflow/example_dags/example_branch_day_of_week_operator.py
[2022-08-15 03:09:10,052] {processor.py:651} INFO - DAG(s) dict_keys(['example_weekday_branch_operator']) retrieved from /home/airflow/.local/lib/python3.7/site-packages/airflow/example_dags/example_branch_day_of_week_operator.py
[2022-08-15 03:09:10,186] {logging_mixin.py:115} INFO - [2022-08-15 03:09:10,186] {dag.py:2420} INFO - Sync 1 DAGs
[2022-08-15 03:09:10,281] {logging_mixin.py:115} INFO - [2022-08-15 03:09:10,281] {dag.py:2972} INFO - Setting next_dagrun for example_weekday_branch_operator to 2022-08-14T00:00:00+00:00, run_after=2022-08-15T00:00:00+00:00
[2022-08-15 03:09:10,307] {processor.py:161} INFO - Processing /home/airflow/.local/lib/python3.7/site-packages/airflow/example_dags/example_branch_day_of_week_operator.py took 0.333 seconds
[2022-08-15 03:09:40,707] {processor.py:153} INFO - Started process (PID=3763) to work on /home/airflow/.local/lib/python3.7/site-packages/airflow/example_dags/example_branch_day_of_week_operator.py
[2022-08-15 03:09:40,711] {processor.py:641} INFO - Processing file /home/airflow/.local/lib/python3.7/site-packages/airflow/example_dags/example_branch_day_of_week_operator.py for tasks to queue
[2022-08-15 03:09:40,717] {logging_mixin.py:115} INFO - [2022-08-15 03:09:40,716] {dagbag.py:508} INFO - Filling up the DagBag from /home/airflow/.local/lib/python3.7/site-packages/airflow/example_dags/example_branch_day_of_week_operator.py
[2022-08-15 03:09:40,786] {processor.py:651} INFO - DAG(s) dict_keys(['example_weekday_branch_operator']) retrieved from /home/airflow/.local/lib/python3.7/site-packages/airflow/example_dags/example_branch_day_of_week_operator.py
[2022-08-15 03:09:40,891] {logging_mixin.py:115} INFO - [2022-08-15 03:09:40,891] {dag.py:2420} INFO - Sync 1 DAGs
[2022-08-15 03:09:41,016] {logging_mixin.py:115} INFO - [2022-08-15 03:09:41,016] {dag.py:2972} INFO - Setting next_dagrun for example_weekday_branch_operator to 2022-08-14T00:00:00+00:00, run_after=2022-08-15T00:00:00+00:00
[2022-08-15 03:09:41,048] {processor.py:161} INFO - Processing /home/airflow/.local/lib/python3.7/site-packages/airflow/example_dags/example_branch_day_of_week_operator.py took 0.365 seconds
[2022-08-15 03:10:11,125] {processor.py:153} INFO - Started process (PID=3829) to work on /home/airflow/.local/lib/python3.7/site-packages/airflow/example_dags/example_branch_day_of_week_operator.py
[2022-08-15 03:10:11,127] {processor.py:641} INFO - Processing file /home/airflow/.local/lib/python3.7/site-packages/airflow/example_dags/example_branch_day_of_week_operator.py for tasks to queue
[2022-08-15 03:10:11,131] {logging_mixin.py:115} INFO - [2022-08-15 03:10:11,131] {dagbag.py:508} INFO - Filling up the DagBag from /home/airflow/.local/lib/python3.7/site-packages/airflow/example_dags/example_branch_day_of_week_operator.py
[2022-08-15 03:10:11,148] {processor.py:651} INFO - DAG(s) dict_keys(['example_weekday_branch_operator']) retrieved from /home/airflow/.local/lib/python3.7/site-packages/airflow/example_dags/example_branch_day_of_week_operator.py
[2022-08-15 03:10:11,187] {logging_mixin.py:115} INFO - [2022-08-15 03:10:11,187] {dag.py:2420} INFO - Sync 1 DAGs
[2022-08-15 03:10:11,233] {logging_mixin.py:115} INFO - [2022-08-15 03:10:11,232] {dag.py:2972} INFO - Setting next_dagrun for example_weekday_branch_operator to 2022-08-14T00:00:00+00:00, run_after=2022-08-15T00:00:00+00:00
[2022-08-15 03:10:11,256] {processor.py:161} INFO - Processing /home/airflow/.local/lib/python3.7/site-packages/airflow/example_dags/example_branch_day_of_week_operator.py took 0.137 seconds
[2022-08-15 03:10:41,849] {processor.py:153} INFO - Started process (PID=3883) to work on /home/airflow/.local/lib/python3.7/site-packages/airflow/example_dags/example_branch_day_of_week_operator.py
[2022-08-15 03:10:41,851] {processor.py:641} INFO - Processing file /home/airflow/.local/lib/python3.7/site-packages/airflow/example_dags/example_branch_day_of_week_operator.py for tasks to queue
[2022-08-15 03:10:41,854] {logging_mixin.py:115} INFO - [2022-08-15 03:10:41,854] {dagbag.py:508} INFO - Filling up the DagBag from /home/airflow/.local/lib/python3.7/site-packages/airflow/example_dags/example_branch_day_of_week_operator.py
[2022-08-15 03:10:41,882] {processor.py:651} INFO - DAG(s) dict_keys(['example_weekday_branch_operator']) retrieved from /home/airflow/.local/lib/python3.7/site-packages/airflow/example_dags/example_branch_day_of_week_operator.py
[2022-08-15 03:10:41,943] {logging_mixin.py:115} INFO - [2022-08-15 03:10:41,943] {dag.py:2420} INFO - Sync 1 DAGs
[2022-08-15 03:10:41,994] {logging_mixin.py:115} INFO - [2022-08-15 03:10:41,994] {dag.py:2972} INFO - Setting next_dagrun for example_weekday_branch_operator to 2022-08-14T00:00:00+00:00, run_after=2022-08-15T00:00:00+00:00
[2022-08-15 03:10:42,030] {processor.py:161} INFO - Processing /home/airflow/.local/lib/python3.7/site-packages/airflow/example_dags/example_branch_day_of_week_operator.py took 0.190 seconds
[2022-08-15 03:11:12,256] {processor.py:153} INFO - Started process (PID=3935) to work on /home/airflow/.local/lib/python3.7/site-packages/airflow/example_dags/example_branch_day_of_week_operator.py
[2022-08-15 03:11:12,258] {processor.py:641} INFO - Processing file /home/airflow/.local/lib/python3.7/site-packages/airflow/example_dags/example_branch_day_of_week_operator.py for tasks to queue
[2022-08-15 03:11:12,260] {logging_mixin.py:115} INFO - [2022-08-15 03:11:12,259] {dagbag.py:508} INFO - Filling up the DagBag from /home/airflow/.local/lib/python3.7/site-packages/airflow/example_dags/example_branch_day_of_week_operator.py
[2022-08-15 03:11:12,280] {processor.py:651} INFO - DAG(s) dict_keys(['example_weekday_branch_operator']) retrieved from /home/airflow/.local/lib/python3.7/site-packages/airflow/example_dags/example_branch_day_of_week_operator.py
[2022-08-15 03:11:12,326] {logging_mixin.py:115} INFO - [2022-08-15 03:11:12,325] {dag.py:2420} INFO - Sync 1 DAGs
[2022-08-15 03:11:12,375] {logging_mixin.py:115} INFO - [2022-08-15 03:11:12,375] {dag.py:2972} INFO - Setting next_dagrun for example_weekday_branch_operator to 2022-08-14T00:00:00+00:00, run_after=2022-08-15T00:00:00+00:00
[2022-08-15 03:11:12,402] {processor.py:161} INFO - Processing /home/airflow/.local/lib/python3.7/site-packages/airflow/example_dags/example_branch_day_of_week_operator.py took 0.153 seconds
[2022-08-15 03:11:42,655] {processor.py:153} INFO - Started process (PID=3989) to work on /home/airflow/.local/lib/python3.7/site-packages/airflow/example_dags/example_branch_day_of_week_operator.py
[2022-08-15 03:11:42,660] {processor.py:641} INFO - Processing file /home/airflow/.local/lib/python3.7/site-packages/airflow/example_dags/example_branch_day_of_week_operator.py for tasks to queue
[2022-08-15 03:11:42,663] {logging_mixin.py:115} INFO - [2022-08-15 03:11:42,663] {dagbag.py:508} INFO - Filling up the DagBag from /home/airflow/.local/lib/python3.7/site-packages/airflow/example_dags/example_branch_day_of_week_operator.py
[2022-08-15 03:11:42,711] {processor.py:651} INFO - DAG(s) dict_keys(['example_weekday_branch_operator']) retrieved from /home/airflow/.local/lib/python3.7/site-packages/airflow/example_dags/example_branch_day_of_week_operator.py
[2022-08-15 03:11:42,768] {logging_mixin.py:115} INFO - [2022-08-15 03:11:42,767] {dag.py:2420} INFO - Sync 1 DAGs
[2022-08-15 03:11:42,902] {logging_mixin.py:115} INFO - [2022-08-15 03:11:42,901] {dag.py:2972} INFO - Setting next_dagrun for example_weekday_branch_operator to 2022-08-14T00:00:00+00:00, run_after=2022-08-15T00:00:00+00:00
[2022-08-15 03:11:42,941] {processor.py:161} INFO - Processing /home/airflow/.local/lib/python3.7/site-packages/airflow/example_dags/example_branch_day_of_week_operator.py took 0.307 seconds
[2022-08-15 03:12:13,054] {processor.py:153} INFO - Started process (PID=4053) to work on /home/airflow/.local/lib/python3.7/site-packages/airflow/example_dags/example_branch_day_of_week_operator.py
[2022-08-15 03:12:13,063] {processor.py:641} INFO - Processing file /home/airflow/.local/lib/python3.7/site-packages/airflow/example_dags/example_branch_day_of_week_operator.py for tasks to queue
[2022-08-15 03:12:13,070] {logging_mixin.py:115} INFO - [2022-08-15 03:12:13,069] {dagbag.py:508} INFO - Filling up the DagBag from /home/airflow/.local/lib/python3.7/site-packages/airflow/example_dags/example_branch_day_of_week_operator.py
[2022-08-15 03:12:13,161] {processor.py:651} INFO - DAG(s) dict_keys(['example_weekday_branch_operator']) retrieved from /home/airflow/.local/lib/python3.7/site-packages/airflow/example_dags/example_branch_day_of_week_operator.py
[2022-08-15 03:12:13,333] {logging_mixin.py:115} INFO - [2022-08-15 03:12:13,333] {dag.py:2420} INFO - Sync 1 DAGs
[2022-08-15 03:12:13,514] {logging_mixin.py:115} INFO - [2022-08-15 03:12:13,514] {dag.py:2972} INFO - Setting next_dagrun for example_weekday_branch_operator to 2022-08-14T00:00:00+00:00, run_after=2022-08-15T00:00:00+00:00
[2022-08-15 03:12:13,572] {processor.py:161} INFO - Processing /home/airflow/.local/lib/python3.7/site-packages/airflow/example_dags/example_branch_day_of_week_operator.py took 0.533 seconds
[2022-08-15 03:12:43,730] {processor.py:153} INFO - Started process (PID=4106) to work on /home/airflow/.local/lib/python3.7/site-packages/airflow/example_dags/example_branch_day_of_week_operator.py
[2022-08-15 03:12:43,732] {processor.py:641} INFO - Processing file /home/airflow/.local/lib/python3.7/site-packages/airflow/example_dags/example_branch_day_of_week_operator.py for tasks to queue
[2022-08-15 03:12:43,741] {logging_mixin.py:115} INFO - [2022-08-15 03:12:43,741] {dagbag.py:508} INFO - Filling up the DagBag from /home/airflow/.local/lib/python3.7/site-packages/airflow/example_dags/example_branch_day_of_week_operator.py
[2022-08-15 03:12:43,756] {processor.py:651} INFO - DAG(s) dict_keys(['example_weekday_branch_operator']) retrieved from /home/airflow/.local/lib/python3.7/site-packages/airflow/example_dags/example_branch_day_of_week_operator.py
[2022-08-15 03:12:43,803] {logging_mixin.py:115} INFO - [2022-08-15 03:12:43,803] {dag.py:2420} INFO - Sync 1 DAGs
[2022-08-15 03:12:43,843] {logging_mixin.py:115} INFO - [2022-08-15 03:12:43,843] {dag.py:2972} INFO - Setting next_dagrun for example_weekday_branch_operator to 2022-08-14T00:00:00+00:00, run_after=2022-08-15T00:00:00+00:00
[2022-08-15 03:12:43,864] {processor.py:161} INFO - Processing /home/airflow/.local/lib/python3.7/site-packages/airflow/example_dags/example_branch_day_of_week_operator.py took 0.139 seconds
[2022-08-15 03:13:14,205] {processor.py:153} INFO - Started process (PID=4160) to work on /home/airflow/.local/lib/python3.7/site-packages/airflow/example_dags/example_branch_day_of_week_operator.py
[2022-08-15 03:13:14,207] {processor.py:641} INFO - Processing file /home/airflow/.local/lib/python3.7/site-packages/airflow/example_dags/example_branch_day_of_week_operator.py for tasks to queue
[2022-08-15 03:13:14,209] {logging_mixin.py:115} INFO - [2022-08-15 03:13:14,208] {dagbag.py:508} INFO - Filling up the DagBag from /home/airflow/.local/lib/python3.7/site-packages/airflow/example_dags/example_branch_day_of_week_operator.py
[2022-08-15 03:13:14,227] {processor.py:651} INFO - DAG(s) dict_keys(['example_weekday_branch_operator']) retrieved from /home/airflow/.local/lib/python3.7/site-packages/airflow/example_dags/example_branch_day_of_week_operator.py
[2022-08-15 03:13:14,293] {logging_mixin.py:115} INFO - [2022-08-15 03:13:14,293] {dag.py:2420} INFO - Sync 1 DAGs
[2022-08-15 03:13:14,343] {logging_mixin.py:115} INFO - [2022-08-15 03:13:14,342] {dag.py:2972} INFO - Setting next_dagrun for example_weekday_branch_operator to 2022-08-14T00:00:00+00:00, run_after=2022-08-15T00:00:00+00:00
[2022-08-15 03:13:14,367] {processor.py:161} INFO - Processing /home/airflow/.local/lib/python3.7/site-packages/airflow/example_dags/example_branch_day_of_week_operator.py took 0.170 seconds
[2022-08-15 03:13:46,145] {processor.py:153} INFO - Started process (PID=4226) to work on /home/airflow/.local/lib/python3.7/site-packages/airflow/example_dags/example_branch_day_of_week_operator.py
[2022-08-15 03:13:46,147] {processor.py:641} INFO - Processing file /home/airflow/.local/lib/python3.7/site-packages/airflow/example_dags/example_branch_day_of_week_operator.py for tasks to queue
[2022-08-15 03:13:46,152] {logging_mixin.py:115} INFO - [2022-08-15 03:13:46,151] {dagbag.py:508} INFO - Filling up the DagBag from /home/airflow/.local/lib/python3.7/site-packages/airflow/example_dags/example_branch_day_of_week_operator.py
[2022-08-15 03:13:46,174] {processor.py:651} INFO - DAG(s) dict_keys(['example_weekday_branch_operator']) retrieved from /home/airflow/.local/lib/python3.7/site-packages/airflow/example_dags/example_branch_day_of_week_operator.py
[2022-08-15 03:13:46,278] {logging_mixin.py:115} INFO - [2022-08-15 03:13:46,278] {dag.py:2420} INFO - Sync 1 DAGs
[2022-08-15 03:13:46,363] {logging_mixin.py:115} INFO - [2022-08-15 03:13:46,363] {dag.py:2972} INFO - Setting next_dagrun for example_weekday_branch_operator to 2022-08-14T00:00:00+00:00, run_after=2022-08-15T00:00:00+00:00
[2022-08-15 03:13:46,403] {processor.py:161} INFO - Processing /home/airflow/.local/lib/python3.7/site-packages/airflow/example_dags/example_branch_day_of_week_operator.py took 0.269 seconds
[2022-08-15 03:14:16,871] {processor.py:153} INFO - Started process (PID=4281) to work on /home/airflow/.local/lib/python3.7/site-packages/airflow/example_dags/example_branch_day_of_week_operator.py
[2022-08-15 03:14:16,873] {processor.py:641} INFO - Processing file /home/airflow/.local/lib/python3.7/site-packages/airflow/example_dags/example_branch_day_of_week_operator.py for tasks to queue
[2022-08-15 03:14:16,876] {logging_mixin.py:115} INFO - [2022-08-15 03:14:16,876] {dagbag.py:508} INFO - Filling up the DagBag from /home/airflow/.local/lib/python3.7/site-packages/airflow/example_dags/example_branch_day_of_week_operator.py
[2022-08-15 03:14:16,895] {processor.py:651} INFO - DAG(s) dict_keys(['example_weekday_branch_operator']) retrieved from /home/airflow/.local/lib/python3.7/site-packages/airflow/example_dags/example_branch_day_of_week_operator.py
[2022-08-15 03:14:16,948] {logging_mixin.py:115} INFO - [2022-08-15 03:14:16,948] {dag.py:2420} INFO - Sync 1 DAGs
[2022-08-15 03:14:17,020] {logging_mixin.py:115} INFO - [2022-08-15 03:14:17,020] {dag.py:2972} INFO - Setting next_dagrun for example_weekday_branch_operator to 2022-08-14T00:00:00+00:00, run_after=2022-08-15T00:00:00+00:00
[2022-08-15 03:14:17,044] {processor.py:161} INFO - Processing /home/airflow/.local/lib/python3.7/site-packages/airflow/example_dags/example_branch_day_of_week_operator.py took 0.183 seconds
[2022-08-15 03:14:48,102] {processor.py:153} INFO - Started process (PID=4336) to work on /home/airflow/.local/lib/python3.7/site-packages/airflow/example_dags/example_branch_day_of_week_operator.py
[2022-08-15 03:14:48,106] {processor.py:641} INFO - Processing file /home/airflow/.local/lib/python3.7/site-packages/airflow/example_dags/example_branch_day_of_week_operator.py for tasks to queue
[2022-08-15 03:14:48,108] {logging_mixin.py:115} INFO - [2022-08-15 03:14:48,107] {dagbag.py:508} INFO - Filling up the DagBag from /home/airflow/.local/lib/python3.7/site-packages/airflow/example_dags/example_branch_day_of_week_operator.py
[2022-08-15 03:14:48,148] {processor.py:651} INFO - DAG(s) dict_keys(['example_weekday_branch_operator']) retrieved from /home/airflow/.local/lib/python3.7/site-packages/airflow/example_dags/example_branch_day_of_week_operator.py
[2022-08-15 03:14:48,245] {logging_mixin.py:115} INFO - [2022-08-15 03:14:48,244] {dag.py:2420} INFO - Sync 1 DAGs
[2022-08-15 03:14:48,325] {logging_mixin.py:115} INFO - [2022-08-15 03:14:48,325] {dag.py:2972} INFO - Setting next_dagrun for example_weekday_branch_operator to 2022-08-14T00:00:00+00:00, run_after=2022-08-15T00:00:00+00:00
[2022-08-15 03:14:48,385] {processor.py:161} INFO - Processing /home/airflow/.local/lib/python3.7/site-packages/airflow/example_dags/example_branch_day_of_week_operator.py took 0.289 seconds
