[2022-08-15 02:56:36,844] {processor.py:153} INFO - Started process (PID=2305) to work on /home/airflow/.local/lib/python3.7/site-packages/airflow/example_dags/example_branch_operator.py
[2022-08-15 02:56:36,854] {processor.py:641} INFO - Processing file /home/airflow/.local/lib/python3.7/site-packages/airflow/example_dags/example_branch_operator.py for tasks to queue
[2022-08-15 02:56:36,859] {logging_mixin.py:115} INFO - [2022-08-15 02:56:36,858] {dagbag.py:508} INFO - Filling up the DagBag from /home/airflow/.local/lib/python3.7/site-packages/airflow/example_dags/example_branch_operator.py
[2022-08-15 02:56:37,006] {processor.py:651} INFO - DAG(s) dict_keys(['example_branch_operator']) retrieved from /home/airflow/.local/lib/python3.7/site-packages/airflow/example_dags/example_branch_operator.py
[2022-08-15 02:56:37,402] {logging_mixin.py:115} INFO - [2022-08-15 02:56:37,402] {dag.py:2420} INFO - Sync 1 DAGs
[2022-08-15 02:56:37,565] {logging_mixin.py:115} INFO - [2022-08-15 02:56:37,564] {dag.py:2972} INFO - Setting next_dagrun for example_branch_operator to 2022-08-14T00:00:00+00:00, run_after=2022-08-15T00:00:00+00:00
[2022-08-15 02:56:37,614] {processor.py:161} INFO - Processing /home/airflow/.local/lib/python3.7/site-packages/airflow/example_dags/example_branch_operator.py took 0.797 seconds
[2022-08-15 02:57:08,173] {processor.py:153} INFO - Started process (PID=2366) to work on /home/airflow/.local/lib/python3.7/site-packages/airflow/example_dags/example_branch_operator.py
[2022-08-15 02:57:08,175] {processor.py:641} INFO - Processing file /home/airflow/.local/lib/python3.7/site-packages/airflow/example_dags/example_branch_operator.py for tasks to queue
[2022-08-15 02:57:08,177] {logging_mixin.py:115} INFO - [2022-08-15 02:57:08,177] {dagbag.py:508} INFO - Filling up the DagBag from /home/airflow/.local/lib/python3.7/site-packages/airflow/example_dags/example_branch_operator.py
[2022-08-15 02:57:08,202] {processor.py:651} INFO - DAG(s) dict_keys(['example_branch_operator']) retrieved from /home/airflow/.local/lib/python3.7/site-packages/airflow/example_dags/example_branch_operator.py
[2022-08-15 02:57:08,263] {logging_mixin.py:115} INFO - [2022-08-15 02:57:08,263] {dag.py:2420} INFO - Sync 1 DAGs
[2022-08-15 02:57:08,349] {logging_mixin.py:115} INFO - [2022-08-15 02:57:08,349] {dag.py:2972} INFO - Setting next_dagrun for example_branch_operator to 2022-08-14T00:00:00+00:00, run_after=2022-08-15T00:00:00+00:00
[2022-08-15 02:57:08,375] {processor.py:161} INFO - Processing /home/airflow/.local/lib/python3.7/site-packages/airflow/example_dags/example_branch_operator.py took 0.213 seconds
[2022-08-15 02:57:39,263] {processor.py:153} INFO - Started process (PID=2420) to work on /home/airflow/.local/lib/python3.7/site-packages/airflow/example_dags/example_branch_operator.py
[2022-08-15 02:57:39,267] {processor.py:641} INFO - Processing file /home/airflow/.local/lib/python3.7/site-packages/airflow/example_dags/example_branch_operator.py for tasks to queue
[2022-08-15 02:57:39,270] {logging_mixin.py:115} INFO - [2022-08-15 02:57:39,270] {dagbag.py:508} INFO - Filling up the DagBag from /home/airflow/.local/lib/python3.7/site-packages/airflow/example_dags/example_branch_operator.py
[2022-08-15 02:57:39,310] {processor.py:651} INFO - DAG(s) dict_keys(['example_branch_operator']) retrieved from /home/airflow/.local/lib/python3.7/site-packages/airflow/example_dags/example_branch_operator.py
[2022-08-15 02:57:39,375] {logging_mixin.py:115} INFO - [2022-08-15 02:57:39,375] {dag.py:2420} INFO - Sync 1 DAGs
[2022-08-15 02:57:39,472] {logging_mixin.py:115} INFO - [2022-08-15 02:57:39,472] {dag.py:2972} INFO - Setting next_dagrun for example_branch_operator to 2022-08-14T00:00:00+00:00, run_after=2022-08-15T00:00:00+00:00
[2022-08-15 02:57:39,506] {processor.py:161} INFO - Processing /home/airflow/.local/lib/python3.7/site-packages/airflow/example_dags/example_branch_operator.py took 0.256 seconds
[2022-08-15 02:58:10,306] {processor.py:153} INFO - Started process (PID=2485) to work on /home/airflow/.local/lib/python3.7/site-packages/airflow/example_dags/example_branch_operator.py
[2022-08-15 02:58:10,309] {processor.py:641} INFO - Processing file /home/airflow/.local/lib/python3.7/site-packages/airflow/example_dags/example_branch_operator.py for tasks to queue
[2022-08-15 02:58:10,311] {logging_mixin.py:115} INFO - [2022-08-15 02:58:10,311] {dagbag.py:508} INFO - Filling up the DagBag from /home/airflow/.local/lib/python3.7/site-packages/airflow/example_dags/example_branch_operator.py
[2022-08-15 02:58:10,361] {processor.py:651} INFO - DAG(s) dict_keys(['example_branch_operator']) retrieved from /home/airflow/.local/lib/python3.7/site-packages/airflow/example_dags/example_branch_operator.py
[2022-08-15 02:58:10,466] {logging_mixin.py:115} INFO - [2022-08-15 02:58:10,466] {dag.py:2420} INFO - Sync 1 DAGs
[2022-08-15 02:58:10,579] {logging_mixin.py:115} INFO - [2022-08-15 02:58:10,579] {dag.py:2972} INFO - Setting next_dagrun for example_branch_operator to 2022-08-14T00:00:00+00:00, run_after=2022-08-15T00:00:00+00:00
[2022-08-15 02:58:10,617] {processor.py:161} INFO - Processing /home/airflow/.local/lib/python3.7/site-packages/airflow/example_dags/example_branch_operator.py took 0.316 seconds
[2022-08-15 02:58:40,859] {processor.py:153} INFO - Started process (PID=2537) to work on /home/airflow/.local/lib/python3.7/site-packages/airflow/example_dags/example_branch_operator.py
[2022-08-15 02:58:40,861] {processor.py:641} INFO - Processing file /home/airflow/.local/lib/python3.7/site-packages/airflow/example_dags/example_branch_operator.py for tasks to queue
[2022-08-15 02:58:40,863] {logging_mixin.py:115} INFO - [2022-08-15 02:58:40,863] {dagbag.py:508} INFO - Filling up the DagBag from /home/airflow/.local/lib/python3.7/site-packages/airflow/example_dags/example_branch_operator.py
[2022-08-15 02:58:40,881] {processor.py:651} INFO - DAG(s) dict_keys(['example_branch_operator']) retrieved from /home/airflow/.local/lib/python3.7/site-packages/airflow/example_dags/example_branch_operator.py
[2022-08-15 02:58:40,922] {logging_mixin.py:115} INFO - [2022-08-15 02:58:40,922] {dag.py:2420} INFO - Sync 1 DAGs
[2022-08-15 02:58:40,956] {logging_mixin.py:115} INFO - [2022-08-15 02:58:40,956] {dag.py:2972} INFO - Setting next_dagrun for example_branch_operator to 2022-08-14T00:00:00+00:00, run_after=2022-08-15T00:00:00+00:00
[2022-08-15 02:58:40,980] {processor.py:161} INFO - Processing /home/airflow/.local/lib/python3.7/site-packages/airflow/example_dags/example_branch_operator.py took 0.126 seconds
[2022-08-15 02:59:11,240] {processor.py:153} INFO - Started process (PID=2593) to work on /home/airflow/.local/lib/python3.7/site-packages/airflow/example_dags/example_branch_operator.py
[2022-08-15 02:59:11,253] {processor.py:641} INFO - Processing file /home/airflow/.local/lib/python3.7/site-packages/airflow/example_dags/example_branch_operator.py for tasks to queue
[2022-08-15 02:59:11,268] {logging_mixin.py:115} INFO - [2022-08-15 02:59:11,267] {dagbag.py:508} INFO - Filling up the DagBag from /home/airflow/.local/lib/python3.7/site-packages/airflow/example_dags/example_branch_operator.py
[2022-08-15 02:59:11,371] {processor.py:651} INFO - DAG(s) dict_keys(['example_branch_operator']) retrieved from /home/airflow/.local/lib/python3.7/site-packages/airflow/example_dags/example_branch_operator.py
[2022-08-15 02:59:11,449] {logging_mixin.py:115} INFO - [2022-08-15 02:59:11,449] {dag.py:2420} INFO - Sync 1 DAGs
[2022-08-15 02:59:11,502] {logging_mixin.py:115} INFO - [2022-08-15 02:59:11,502] {dag.py:2972} INFO - Setting next_dagrun for example_branch_operator to 2022-08-14T00:00:00+00:00, run_after=2022-08-15T00:00:00+00:00
[2022-08-15 02:59:11,538] {processor.py:161} INFO - Processing /home/airflow/.local/lib/python3.7/site-packages/airflow/example_dags/example_branch_operator.py took 0.329 seconds
[2022-08-15 02:59:41,669] {processor.py:153} INFO - Started process (PID=2646) to work on /home/airflow/.local/lib/python3.7/site-packages/airflow/example_dags/example_branch_operator.py
[2022-08-15 02:59:41,671] {processor.py:641} INFO - Processing file /home/airflow/.local/lib/python3.7/site-packages/airflow/example_dags/example_branch_operator.py for tasks to queue
[2022-08-15 02:59:41,674] {logging_mixin.py:115} INFO - [2022-08-15 02:59:41,674] {dagbag.py:508} INFO - Filling up the DagBag from /home/airflow/.local/lib/python3.7/site-packages/airflow/example_dags/example_branch_operator.py
[2022-08-15 02:59:41,700] {processor.py:651} INFO - DAG(s) dict_keys(['example_branch_operator']) retrieved from /home/airflow/.local/lib/python3.7/site-packages/airflow/example_dags/example_branch_operator.py
[2022-08-15 02:59:41,768] {logging_mixin.py:115} INFO - [2022-08-15 02:59:41,768] {dag.py:2420} INFO - Sync 1 DAGs
[2022-08-15 02:59:41,859] {logging_mixin.py:115} INFO - [2022-08-15 02:59:41,858] {dag.py:2972} INFO - Setting next_dagrun for example_branch_operator to 2022-08-14T00:00:00+00:00, run_after=2022-08-15T00:00:00+00:00
[2022-08-15 02:59:41,913] {processor.py:161} INFO - Processing /home/airflow/.local/lib/python3.7/site-packages/airflow/example_dags/example_branch_operator.py took 0.258 seconds
[2022-08-15 03:00:12,372] {processor.py:153} INFO - Started process (PID=2712) to work on /home/airflow/.local/lib/python3.7/site-packages/airflow/example_dags/example_branch_operator.py
[2022-08-15 03:00:12,389] {processor.py:641} INFO - Processing file /home/airflow/.local/lib/python3.7/site-packages/airflow/example_dags/example_branch_operator.py for tasks to queue
[2022-08-15 03:00:12,396] {logging_mixin.py:115} INFO - [2022-08-15 03:00:12,395] {dagbag.py:508} INFO - Filling up the DagBag from /home/airflow/.local/lib/python3.7/site-packages/airflow/example_dags/example_branch_operator.py
[2022-08-15 03:00:12,494] {processor.py:651} INFO - DAG(s) dict_keys(['example_branch_operator']) retrieved from /home/airflow/.local/lib/python3.7/site-packages/airflow/example_dags/example_branch_operator.py
[2022-08-15 03:00:12,679] {logging_mixin.py:115} INFO - [2022-08-15 03:00:12,679] {dag.py:2420} INFO - Sync 1 DAGs
[2022-08-15 03:00:12,800] {logging_mixin.py:115} INFO - [2022-08-15 03:00:12,800] {dag.py:2972} INFO - Setting next_dagrun for example_branch_operator to 2022-08-14T00:00:00+00:00, run_after=2022-08-15T00:00:00+00:00
[2022-08-15 03:00:12,825] {processor.py:161} INFO - Processing /home/airflow/.local/lib/python3.7/site-packages/airflow/example_dags/example_branch_operator.py took 0.467 seconds
[2022-08-15 03:00:43,233] {processor.py:153} INFO - Started process (PID=2765) to work on /home/airflow/.local/lib/python3.7/site-packages/airflow/example_dags/example_branch_operator.py
[2022-08-15 03:00:43,235] {processor.py:641} INFO - Processing file /home/airflow/.local/lib/python3.7/site-packages/airflow/example_dags/example_branch_operator.py for tasks to queue
[2022-08-15 03:00:43,242] {logging_mixin.py:115} INFO - [2022-08-15 03:00:43,242] {dagbag.py:508} INFO - Filling up the DagBag from /home/airflow/.local/lib/python3.7/site-packages/airflow/example_dags/example_branch_operator.py
[2022-08-15 03:00:43,266] {processor.py:651} INFO - DAG(s) dict_keys(['example_branch_operator']) retrieved from /home/airflow/.local/lib/python3.7/site-packages/airflow/example_dags/example_branch_operator.py
[2022-08-15 03:00:43,315] {logging_mixin.py:115} INFO - [2022-08-15 03:00:43,315] {dag.py:2420} INFO - Sync 1 DAGs
[2022-08-15 03:00:43,362] {logging_mixin.py:115} INFO - [2022-08-15 03:00:43,362] {dag.py:2972} INFO - Setting next_dagrun for example_branch_operator to 2022-08-14T00:00:00+00:00, run_after=2022-08-15T00:00:00+00:00
[2022-08-15 03:00:43,401] {processor.py:161} INFO - Processing /home/airflow/.local/lib/python3.7/site-packages/airflow/example_dags/example_branch_operator.py took 0.175 seconds
[2022-08-15 03:01:13,884] {processor.py:153} INFO - Started process (PID=2827) to work on /home/airflow/.local/lib/python3.7/site-packages/airflow/example_dags/example_branch_operator.py
[2022-08-15 03:01:13,886] {processor.py:641} INFO - Processing file /home/airflow/.local/lib/python3.7/site-packages/airflow/example_dags/example_branch_operator.py for tasks to queue
[2022-08-15 03:01:13,888] {logging_mixin.py:115} INFO - [2022-08-15 03:01:13,887] {dagbag.py:508} INFO - Filling up the DagBag from /home/airflow/.local/lib/python3.7/site-packages/airflow/example_dags/example_branch_operator.py
[2022-08-15 03:01:13,934] {processor.py:651} INFO - DAG(s) dict_keys(['example_branch_operator']) retrieved from /home/airflow/.local/lib/python3.7/site-packages/airflow/example_dags/example_branch_operator.py
[2022-08-15 03:01:14,063] {logging_mixin.py:115} INFO - [2022-08-15 03:01:14,062] {dag.py:2420} INFO - Sync 1 DAGs
[2022-08-15 03:01:14,106] {logging_mixin.py:115} INFO - [2022-08-15 03:01:14,106] {dag.py:2972} INFO - Setting next_dagrun for example_branch_operator to 2022-08-14T00:00:00+00:00, run_after=2022-08-15T00:00:00+00:00
[2022-08-15 03:01:14,147] {processor.py:161} INFO - Processing /home/airflow/.local/lib/python3.7/site-packages/airflow/example_dags/example_branch_operator.py took 0.279 seconds
[2022-08-15 03:01:44,638] {processor.py:153} INFO - Started process (PID=2884) to work on /home/airflow/.local/lib/python3.7/site-packages/airflow/example_dags/example_branch_operator.py
[2022-08-15 03:01:44,641] {processor.py:641} INFO - Processing file /home/airflow/.local/lib/python3.7/site-packages/airflow/example_dags/example_branch_operator.py for tasks to queue
[2022-08-15 03:01:44,644] {logging_mixin.py:115} INFO - [2022-08-15 03:01:44,643] {dagbag.py:508} INFO - Filling up the DagBag from /home/airflow/.local/lib/python3.7/site-packages/airflow/example_dags/example_branch_operator.py
[2022-08-15 03:01:44,707] {processor.py:651} INFO - DAG(s) dict_keys(['example_branch_operator']) retrieved from /home/airflow/.local/lib/python3.7/site-packages/airflow/example_dags/example_branch_operator.py
[2022-08-15 03:01:44,766] {logging_mixin.py:115} INFO - [2022-08-15 03:01:44,766] {dag.py:2420} INFO - Sync 1 DAGs
[2022-08-15 03:01:44,808] {logging_mixin.py:115} INFO - [2022-08-15 03:01:44,807] {dag.py:2972} INFO - Setting next_dagrun for example_branch_operator to 2022-08-14T00:00:00+00:00, run_after=2022-08-15T00:00:00+00:00
[2022-08-15 03:01:44,830] {processor.py:161} INFO - Processing /home/airflow/.local/lib/python3.7/site-packages/airflow/example_dags/example_branch_operator.py took 0.200 seconds
[2022-08-15 03:02:15,657] {processor.py:153} INFO - Started process (PID=2949) to work on /home/airflow/.local/lib/python3.7/site-packages/airflow/example_dags/example_branch_operator.py
[2022-08-15 03:02:15,659] {processor.py:641} INFO - Processing file /home/airflow/.local/lib/python3.7/site-packages/airflow/example_dags/example_branch_operator.py for tasks to queue
[2022-08-15 03:02:15,662] {logging_mixin.py:115} INFO - [2022-08-15 03:02:15,662] {dagbag.py:508} INFO - Filling up the DagBag from /home/airflow/.local/lib/python3.7/site-packages/airflow/example_dags/example_branch_operator.py
[2022-08-15 03:02:15,692] {processor.py:651} INFO - DAG(s) dict_keys(['example_branch_operator']) retrieved from /home/airflow/.local/lib/python3.7/site-packages/airflow/example_dags/example_branch_operator.py
[2022-08-15 03:02:15,765] {logging_mixin.py:115} INFO - [2022-08-15 03:02:15,765] {dag.py:2420} INFO - Sync 1 DAGs
[2022-08-15 03:02:15,839] {logging_mixin.py:115} INFO - [2022-08-15 03:02:15,838] {dag.py:2972} INFO - Setting next_dagrun for example_branch_operator to 2022-08-14T00:00:00+00:00, run_after=2022-08-15T00:00:00+00:00
[2022-08-15 03:02:15,871] {processor.py:161} INFO - Processing /home/airflow/.local/lib/python3.7/site-packages/airflow/example_dags/example_branch_operator.py took 0.232 seconds
[2022-08-15 03:02:46,369] {processor.py:153} INFO - Started process (PID=3002) to work on /home/airflow/.local/lib/python3.7/site-packages/airflow/example_dags/example_branch_operator.py
[2022-08-15 03:02:46,372] {processor.py:641} INFO - Processing file /home/airflow/.local/lib/python3.7/site-packages/airflow/example_dags/example_branch_operator.py for tasks to queue
[2022-08-15 03:02:46,375] {logging_mixin.py:115} INFO - [2022-08-15 03:02:46,375] {dagbag.py:508} INFO - Filling up the DagBag from /home/airflow/.local/lib/python3.7/site-packages/airflow/example_dags/example_branch_operator.py
[2022-08-15 03:02:46,415] {processor.py:651} INFO - DAG(s) dict_keys(['example_branch_operator']) retrieved from /home/airflow/.local/lib/python3.7/site-packages/airflow/example_dags/example_branch_operator.py
[2022-08-15 03:02:46,462] {logging_mixin.py:115} INFO - [2022-08-15 03:02:46,462] {dag.py:2420} INFO - Sync 1 DAGs
[2022-08-15 03:02:46,497] {logging_mixin.py:115} INFO - [2022-08-15 03:02:46,497] {dag.py:2972} INFO - Setting next_dagrun for example_branch_operator to 2022-08-14T00:00:00+00:00, run_after=2022-08-15T00:00:00+00:00
[2022-08-15 03:02:46,517] {processor.py:161} INFO - Processing /home/airflow/.local/lib/python3.7/site-packages/airflow/example_dags/example_branch_operator.py took 0.165 seconds
[2022-08-15 03:03:17,810] {processor.py:153} INFO - Started process (PID=3058) to work on /home/airflow/.local/lib/python3.7/site-packages/airflow/example_dags/example_branch_operator.py
[2022-08-15 03:03:17,812] {processor.py:641} INFO - Processing file /home/airflow/.local/lib/python3.7/site-packages/airflow/example_dags/example_branch_operator.py for tasks to queue
[2022-08-15 03:03:17,818] {logging_mixin.py:115} INFO - [2022-08-15 03:03:17,817] {dagbag.py:508} INFO - Filling up the DagBag from /home/airflow/.local/lib/python3.7/site-packages/airflow/example_dags/example_branch_operator.py
[2022-08-15 03:03:17,889] {processor.py:651} INFO - DAG(s) dict_keys(['example_branch_operator']) retrieved from /home/airflow/.local/lib/python3.7/site-packages/airflow/example_dags/example_branch_operator.py
[2022-08-15 03:03:18,021] {logging_mixin.py:115} INFO - [2022-08-15 03:03:18,020] {dag.py:2420} INFO - Sync 1 DAGs
[2022-08-15 03:03:18,306] {logging_mixin.py:115} INFO - [2022-08-15 03:03:18,306] {dag.py:2972} INFO - Setting next_dagrun for example_branch_operator to 2022-08-14T00:00:00+00:00, run_after=2022-08-15T00:00:00+00:00
[2022-08-15 03:03:18,416] {processor.py:161} INFO - Processing /home/airflow/.local/lib/python3.7/site-packages/airflow/example_dags/example_branch_operator.py took 0.627 seconds
[2022-08-15 03:03:49,324] {processor.py:153} INFO - Started process (PID=3120) to work on /home/airflow/.local/lib/python3.7/site-packages/airflow/example_dags/example_branch_operator.py
[2022-08-15 03:03:49,327] {processor.py:641} INFO - Processing file /home/airflow/.local/lib/python3.7/site-packages/airflow/example_dags/example_branch_operator.py for tasks to queue
[2022-08-15 03:03:49,331] {logging_mixin.py:115} INFO - [2022-08-15 03:03:49,331] {dagbag.py:508} INFO - Filling up the DagBag from /home/airflow/.local/lib/python3.7/site-packages/airflow/example_dags/example_branch_operator.py
[2022-08-15 03:03:49,388] {processor.py:651} INFO - DAG(s) dict_keys(['example_branch_operator']) retrieved from /home/airflow/.local/lib/python3.7/site-packages/airflow/example_dags/example_branch_operator.py
[2022-08-15 03:03:49,442] {logging_mixin.py:115} INFO - [2022-08-15 03:03:49,442] {dag.py:2420} INFO - Sync 1 DAGs
[2022-08-15 03:03:49,496] {logging_mixin.py:115} INFO - [2022-08-15 03:03:49,496] {dag.py:2972} INFO - Setting next_dagrun for example_branch_operator to 2022-08-14T00:00:00+00:00, run_after=2022-08-15T00:00:00+00:00
[2022-08-15 03:03:49,514] {processor.py:161} INFO - Processing /home/airflow/.local/lib/python3.7/site-packages/airflow/example_dags/example_branch_operator.py took 0.202 seconds
[2022-08-15 03:04:20,417] {processor.py:153} INFO - Started process (PID=3173) to work on /home/airflow/.local/lib/python3.7/site-packages/airflow/example_dags/example_branch_operator.py
[2022-08-15 03:04:20,419] {processor.py:641} INFO - Processing file /home/airflow/.local/lib/python3.7/site-packages/airflow/example_dags/example_branch_operator.py for tasks to queue
[2022-08-15 03:04:20,421] {logging_mixin.py:115} INFO - [2022-08-15 03:04:20,421] {dagbag.py:508} INFO - Filling up the DagBag from /home/airflow/.local/lib/python3.7/site-packages/airflow/example_dags/example_branch_operator.py
[2022-08-15 03:04:20,453] {processor.py:651} INFO - DAG(s) dict_keys(['example_branch_operator']) retrieved from /home/airflow/.local/lib/python3.7/site-packages/airflow/example_dags/example_branch_operator.py
[2022-08-15 03:04:20,534] {logging_mixin.py:115} INFO - [2022-08-15 03:04:20,534] {dag.py:2420} INFO - Sync 1 DAGs
[2022-08-15 03:04:20,590] {logging_mixin.py:115} INFO - [2022-08-15 03:04:20,589] {dag.py:2972} INFO - Setting next_dagrun for example_branch_operator to 2022-08-14T00:00:00+00:00, run_after=2022-08-15T00:00:00+00:00
[2022-08-15 03:04:20,610] {processor.py:161} INFO - Processing /home/airflow/.local/lib/python3.7/site-packages/airflow/example_dags/example_branch_operator.py took 0.203 seconds
[2022-08-15 03:04:50,989] {processor.py:153} INFO - Started process (PID=3235) to work on /home/airflow/.local/lib/python3.7/site-packages/airflow/example_dags/example_branch_operator.py
[2022-08-15 03:04:50,991] {processor.py:641} INFO - Processing file /home/airflow/.local/lib/python3.7/site-packages/airflow/example_dags/example_branch_operator.py for tasks to queue
[2022-08-15 03:04:50,997] {logging_mixin.py:115} INFO - [2022-08-15 03:04:50,997] {dagbag.py:508} INFO - Filling up the DagBag from /home/airflow/.local/lib/python3.7/site-packages/airflow/example_dags/example_branch_operator.py
[2022-08-15 03:04:51,037] {processor.py:651} INFO - DAG(s) dict_keys(['example_branch_operator']) retrieved from /home/airflow/.local/lib/python3.7/site-packages/airflow/example_dags/example_branch_operator.py
[2022-08-15 03:04:51,110] {logging_mixin.py:115} INFO - [2022-08-15 03:04:51,110] {dag.py:2420} INFO - Sync 1 DAGs
[2022-08-15 03:04:51,154] {logging_mixin.py:115} INFO - [2022-08-15 03:04:51,154] {dag.py:2972} INFO - Setting next_dagrun for example_branch_operator to 2022-08-14T00:00:00+00:00, run_after=2022-08-15T00:00:00+00:00
[2022-08-15 03:04:51,176] {processor.py:161} INFO - Processing /home/airflow/.local/lib/python3.7/site-packages/airflow/example_dags/example_branch_operator.py took 0.197 seconds
[2022-08-15 03:05:21,515] {processor.py:153} INFO - Started process (PID=3291) to work on /home/airflow/.local/lib/python3.7/site-packages/airflow/example_dags/example_branch_operator.py
[2022-08-15 03:05:21,516] {processor.py:641} INFO - Processing file /home/airflow/.local/lib/python3.7/site-packages/airflow/example_dags/example_branch_operator.py for tasks to queue
[2022-08-15 03:05:21,519] {logging_mixin.py:115} INFO - [2022-08-15 03:05:21,519] {dagbag.py:508} INFO - Filling up the DagBag from /home/airflow/.local/lib/python3.7/site-packages/airflow/example_dags/example_branch_operator.py
[2022-08-15 03:05:21,545] {processor.py:651} INFO - DAG(s) dict_keys(['example_branch_operator']) retrieved from /home/airflow/.local/lib/python3.7/site-packages/airflow/example_dags/example_branch_operator.py
[2022-08-15 03:05:21,596] {logging_mixin.py:115} INFO - [2022-08-15 03:05:21,596] {dag.py:2420} INFO - Sync 1 DAGs
[2022-08-15 03:05:21,631] {logging_mixin.py:115} INFO - [2022-08-15 03:05:21,631] {dag.py:2972} INFO - Setting next_dagrun for example_branch_operator to 2022-08-14T00:00:00+00:00, run_after=2022-08-15T00:00:00+00:00
[2022-08-15 03:05:21,653] {processor.py:161} INFO - Processing /home/airflow/.local/lib/python3.7/site-packages/airflow/example_dags/example_branch_operator.py took 0.146 seconds
[2022-08-15 03:05:52,428] {processor.py:153} INFO - Started process (PID=3346) to work on /home/airflow/.local/lib/python3.7/site-packages/airflow/example_dags/example_branch_operator.py
[2022-08-15 03:05:52,430] {processor.py:641} INFO - Processing file /home/airflow/.local/lib/python3.7/site-packages/airflow/example_dags/example_branch_operator.py for tasks to queue
[2022-08-15 03:05:52,433] {logging_mixin.py:115} INFO - [2022-08-15 03:05:52,433] {dagbag.py:508} INFO - Filling up the DagBag from /home/airflow/.local/lib/python3.7/site-packages/airflow/example_dags/example_branch_operator.py
[2022-08-15 03:05:52,477] {processor.py:651} INFO - DAG(s) dict_keys(['example_branch_operator']) retrieved from /home/airflow/.local/lib/python3.7/site-packages/airflow/example_dags/example_branch_operator.py
[2022-08-15 03:05:52,616] {logging_mixin.py:115} INFO - [2022-08-15 03:05:52,615] {dag.py:2420} INFO - Sync 1 DAGs
[2022-08-15 03:05:52,789] {logging_mixin.py:115} INFO - [2022-08-15 03:05:52,788] {dag.py:2972} INFO - Setting next_dagrun for example_branch_operator to 2022-08-14T00:00:00+00:00, run_after=2022-08-15T00:00:00+00:00
[2022-08-15 03:05:52,877] {processor.py:161} INFO - Processing /home/airflow/.local/lib/python3.7/site-packages/airflow/example_dags/example_branch_operator.py took 0.459 seconds
[2022-08-15 03:06:23,151] {processor.py:153} INFO - Started process (PID=3409) to work on /home/airflow/.local/lib/python3.7/site-packages/airflow/example_dags/example_branch_operator.py
[2022-08-15 03:06:23,153] {processor.py:641} INFO - Processing file /home/airflow/.local/lib/python3.7/site-packages/airflow/example_dags/example_branch_operator.py for tasks to queue
[2022-08-15 03:06:23,160] {logging_mixin.py:115} INFO - [2022-08-15 03:06:23,160] {dagbag.py:508} INFO - Filling up the DagBag from /home/airflow/.local/lib/python3.7/site-packages/airflow/example_dags/example_branch_operator.py
[2022-08-15 03:06:23,201] {processor.py:651} INFO - DAG(s) dict_keys(['example_branch_operator']) retrieved from /home/airflow/.local/lib/python3.7/site-packages/airflow/example_dags/example_branch_operator.py
[2022-08-15 03:06:23,263] {logging_mixin.py:115} INFO - [2022-08-15 03:06:23,262] {dag.py:2420} INFO - Sync 1 DAGs
[2022-08-15 03:06:23,308] {logging_mixin.py:115} INFO - [2022-08-15 03:06:23,307] {dag.py:2972} INFO - Setting next_dagrun for example_branch_operator to 2022-08-14T00:00:00+00:00, run_after=2022-08-15T00:00:00+00:00
[2022-08-15 03:06:23,334] {processor.py:161} INFO - Processing /home/airflow/.local/lib/python3.7/site-packages/airflow/example_dags/example_branch_operator.py took 0.190 seconds
[2022-08-15 03:06:53,510] {processor.py:153} INFO - Started process (PID=3462) to work on /home/airflow/.local/lib/python3.7/site-packages/airflow/example_dags/example_branch_operator.py
[2022-08-15 03:06:53,511] {processor.py:641} INFO - Processing file /home/airflow/.local/lib/python3.7/site-packages/airflow/example_dags/example_branch_operator.py for tasks to queue
[2022-08-15 03:06:53,513] {logging_mixin.py:115} INFO - [2022-08-15 03:06:53,513] {dagbag.py:508} INFO - Filling up the DagBag from /home/airflow/.local/lib/python3.7/site-packages/airflow/example_dags/example_branch_operator.py
[2022-08-15 03:06:53,567] {processor.py:651} INFO - DAG(s) dict_keys(['example_branch_operator']) retrieved from /home/airflow/.local/lib/python3.7/site-packages/airflow/example_dags/example_branch_operator.py
[2022-08-15 03:06:53,629] {logging_mixin.py:115} INFO - [2022-08-15 03:06:53,629] {dag.py:2420} INFO - Sync 1 DAGs
[2022-08-15 03:06:53,730] {logging_mixin.py:115} INFO - [2022-08-15 03:06:53,730] {dag.py:2972} INFO - Setting next_dagrun for example_branch_operator to 2022-08-14T00:00:00+00:00, run_after=2022-08-15T00:00:00+00:00
[2022-08-15 03:06:53,790] {processor.py:161} INFO - Processing /home/airflow/.local/lib/python3.7/site-packages/airflow/example_dags/example_branch_operator.py took 0.287 seconds
[2022-08-15 03:07:24,441] {processor.py:153} INFO - Started process (PID=3517) to work on /home/airflow/.local/lib/python3.7/site-packages/airflow/example_dags/example_branch_operator.py
[2022-08-15 03:07:24,455] {processor.py:641} INFO - Processing file /home/airflow/.local/lib/python3.7/site-packages/airflow/example_dags/example_branch_operator.py for tasks to queue
[2022-08-15 03:07:24,458] {logging_mixin.py:115} INFO - [2022-08-15 03:07:24,458] {dagbag.py:508} INFO - Filling up the DagBag from /home/airflow/.local/lib/python3.7/site-packages/airflow/example_dags/example_branch_operator.py
[2022-08-15 03:07:24,545] {processor.py:651} INFO - DAG(s) dict_keys(['example_branch_operator']) retrieved from /home/airflow/.local/lib/python3.7/site-packages/airflow/example_dags/example_branch_operator.py
[2022-08-15 03:07:24,658] {logging_mixin.py:115} INFO - [2022-08-15 03:07:24,657] {dag.py:2420} INFO - Sync 1 DAGs
[2022-08-15 03:07:24,787] {logging_mixin.py:115} INFO - [2022-08-15 03:07:24,787] {dag.py:2972} INFO - Setting next_dagrun for example_branch_operator to 2022-08-14T00:00:00+00:00, run_after=2022-08-15T00:00:00+00:00
[2022-08-15 03:07:24,847] {processor.py:161} INFO - Processing /home/airflow/.local/lib/python3.7/site-packages/airflow/example_dags/example_branch_operator.py took 0.423 seconds
[2022-08-15 03:07:57,758] {processor.py:153} INFO - Started process (PID=3581) to work on /home/airflow/.local/lib/python3.7/site-packages/airflow/example_dags/example_branch_operator.py
[2022-08-15 03:07:57,764] {processor.py:641} INFO - Processing file /home/airflow/.local/lib/python3.7/site-packages/airflow/example_dags/example_branch_operator.py for tasks to queue
[2022-08-15 03:07:57,772] {logging_mixin.py:115} INFO - [2022-08-15 03:07:57,771] {dagbag.py:508} INFO - Filling up the DagBag from /home/airflow/.local/lib/python3.7/site-packages/airflow/example_dags/example_branch_operator.py
[2022-08-15 03:07:57,877] {processor.py:651} INFO - DAG(s) dict_keys(['example_branch_operator']) retrieved from /home/airflow/.local/lib/python3.7/site-packages/airflow/example_dags/example_branch_operator.py
[2022-08-15 03:07:57,961] {logging_mixin.py:115} INFO - [2022-08-15 03:07:57,961] {dag.py:2420} INFO - Sync 1 DAGs
[2022-08-15 03:07:58,083] {logging_mixin.py:115} INFO - [2022-08-15 03:07:58,082] {dag.py:2972} INFO - Setting next_dagrun for example_branch_operator to 2022-08-14T00:00:00+00:00, run_after=2022-08-15T00:00:00+00:00
[2022-08-15 03:07:58,176] {processor.py:161} INFO - Processing /home/airflow/.local/lib/python3.7/site-packages/airflow/example_dags/example_branch_operator.py took 0.431 seconds
[2022-08-15 03:08:28,550] {processor.py:153} INFO - Started process (PID=3634) to work on /home/airflow/.local/lib/python3.7/site-packages/airflow/example_dags/example_branch_operator.py
[2022-08-15 03:08:28,554] {processor.py:641} INFO - Processing file /home/airflow/.local/lib/python3.7/site-packages/airflow/example_dags/example_branch_operator.py for tasks to queue
[2022-08-15 03:08:28,557] {logging_mixin.py:115} INFO - [2022-08-15 03:08:28,557] {dagbag.py:508} INFO - Filling up the DagBag from /home/airflow/.local/lib/python3.7/site-packages/airflow/example_dags/example_branch_operator.py
[2022-08-15 03:08:28,598] {processor.py:651} INFO - DAG(s) dict_keys(['example_branch_operator']) retrieved from /home/airflow/.local/lib/python3.7/site-packages/airflow/example_dags/example_branch_operator.py
[2022-08-15 03:08:28,699] {logging_mixin.py:115} INFO - [2022-08-15 03:08:28,699] {dag.py:2420} INFO - Sync 1 DAGs
[2022-08-15 03:08:28,763] {logging_mixin.py:115} INFO - [2022-08-15 03:08:28,763] {dag.py:2972} INFO - Setting next_dagrun for example_branch_operator to 2022-08-14T00:00:00+00:00, run_after=2022-08-15T00:00:00+00:00
[2022-08-15 03:08:28,826] {processor.py:161} INFO - Processing /home/airflow/.local/lib/python3.7/site-packages/airflow/example_dags/example_branch_operator.py took 0.288 seconds
[2022-08-15 03:08:59,360] {processor.py:153} INFO - Started process (PID=3687) to work on /home/airflow/.local/lib/python3.7/site-packages/airflow/example_dags/example_branch_operator.py
[2022-08-15 03:08:59,364] {processor.py:641} INFO - Processing file /home/airflow/.local/lib/python3.7/site-packages/airflow/example_dags/example_branch_operator.py for tasks to queue
[2022-08-15 03:08:59,366] {logging_mixin.py:115} INFO - [2022-08-15 03:08:59,366] {dagbag.py:508} INFO - Filling up the DagBag from /home/airflow/.local/lib/python3.7/site-packages/airflow/example_dags/example_branch_operator.py
[2022-08-15 03:08:59,389] {processor.py:651} INFO - DAG(s) dict_keys(['example_branch_operator']) retrieved from /home/airflow/.local/lib/python3.7/site-packages/airflow/example_dags/example_branch_operator.py
[2022-08-15 03:08:59,447] {logging_mixin.py:115} INFO - [2022-08-15 03:08:59,447] {dag.py:2420} INFO - Sync 1 DAGs
[2022-08-15 03:08:59,493] {logging_mixin.py:115} INFO - [2022-08-15 03:08:59,493] {dag.py:2972} INFO - Setting next_dagrun for example_branch_operator to 2022-08-14T00:00:00+00:00, run_after=2022-08-15T00:00:00+00:00
[2022-08-15 03:08:59,517] {processor.py:161} INFO - Processing /home/airflow/.local/lib/python3.7/site-packages/airflow/example_dags/example_branch_operator.py took 0.165 seconds
[2022-08-15 03:09:29,965] {processor.py:153} INFO - Started process (PID=3750) to work on /home/airflow/.local/lib/python3.7/site-packages/airflow/example_dags/example_branch_operator.py
[2022-08-15 03:09:29,967] {processor.py:641} INFO - Processing file /home/airflow/.local/lib/python3.7/site-packages/airflow/example_dags/example_branch_operator.py for tasks to queue
[2022-08-15 03:09:29,970] {logging_mixin.py:115} INFO - [2022-08-15 03:09:29,969] {dagbag.py:508} INFO - Filling up the DagBag from /home/airflow/.local/lib/python3.7/site-packages/airflow/example_dags/example_branch_operator.py
[2022-08-15 03:09:30,013] {processor.py:651} INFO - DAG(s) dict_keys(['example_branch_operator']) retrieved from /home/airflow/.local/lib/python3.7/site-packages/airflow/example_dags/example_branch_operator.py
[2022-08-15 03:09:30,101] {logging_mixin.py:115} INFO - [2022-08-15 03:09:30,101] {dag.py:2420} INFO - Sync 1 DAGs
[2022-08-15 03:09:30,186] {logging_mixin.py:115} INFO - [2022-08-15 03:09:30,186] {dag.py:2972} INFO - Setting next_dagrun for example_branch_operator to 2022-08-14T00:00:00+00:00, run_after=2022-08-15T00:00:00+00:00
[2022-08-15 03:09:30,220] {processor.py:161} INFO - Processing /home/airflow/.local/lib/python3.7/site-packages/airflow/example_dags/example_branch_operator.py took 0.267 seconds
[2022-08-15 03:10:00,782] {processor.py:153} INFO - Started process (PID=3804) to work on /home/airflow/.local/lib/python3.7/site-packages/airflow/example_dags/example_branch_operator.py
[2022-08-15 03:10:00,783] {processor.py:641} INFO - Processing file /home/airflow/.local/lib/python3.7/site-packages/airflow/example_dags/example_branch_operator.py for tasks to queue
[2022-08-15 03:10:00,785] {logging_mixin.py:115} INFO - [2022-08-15 03:10:00,785] {dagbag.py:508} INFO - Filling up the DagBag from /home/airflow/.local/lib/python3.7/site-packages/airflow/example_dags/example_branch_operator.py
[2022-08-15 03:10:00,814] {processor.py:651} INFO - DAG(s) dict_keys(['example_branch_operator']) retrieved from /home/airflow/.local/lib/python3.7/site-packages/airflow/example_dags/example_branch_operator.py
[2022-08-15 03:10:00,889] {logging_mixin.py:115} INFO - [2022-08-15 03:10:00,889] {dag.py:2420} INFO - Sync 1 DAGs
[2022-08-15 03:10:00,941] {logging_mixin.py:115} INFO - [2022-08-15 03:10:00,941] {dag.py:2972} INFO - Setting next_dagrun for example_branch_operator to 2022-08-14T00:00:00+00:00, run_after=2022-08-15T00:00:00+00:00
[2022-08-15 03:10:01,013] {processor.py:161} INFO - Processing /home/airflow/.local/lib/python3.7/site-packages/airflow/example_dags/example_branch_operator.py took 0.237 seconds
[2022-08-15 03:10:31,789] {processor.py:153} INFO - Started process (PID=3861) to work on /home/airflow/.local/lib/python3.7/site-packages/airflow/example_dags/example_branch_operator.py
[2022-08-15 03:10:31,792] {processor.py:641} INFO - Processing file /home/airflow/.local/lib/python3.7/site-packages/airflow/example_dags/example_branch_operator.py for tasks to queue
[2022-08-15 03:10:31,795] {logging_mixin.py:115} INFO - [2022-08-15 03:10:31,794] {dagbag.py:508} INFO - Filling up the DagBag from /home/airflow/.local/lib/python3.7/site-packages/airflow/example_dags/example_branch_operator.py
[2022-08-15 03:10:31,822] {processor.py:651} INFO - DAG(s) dict_keys(['example_branch_operator']) retrieved from /home/airflow/.local/lib/python3.7/site-packages/airflow/example_dags/example_branch_operator.py
[2022-08-15 03:10:31,900] {logging_mixin.py:115} INFO - [2022-08-15 03:10:31,900] {dag.py:2420} INFO - Sync 1 DAGs
[2022-08-15 03:10:31,960] {logging_mixin.py:115} INFO - [2022-08-15 03:10:31,959] {dag.py:2972} INFO - Setting next_dagrun for example_branch_operator to 2022-08-14T00:00:00+00:00, run_after=2022-08-15T00:00:00+00:00
[2022-08-15 03:10:32,004] {processor.py:161} INFO - Processing /home/airflow/.local/lib/python3.7/site-packages/airflow/example_dags/example_branch_operator.py took 0.224 seconds
[2022-08-15 03:11:02,833] {processor.py:153} INFO - Started process (PID=3920) to work on /home/airflow/.local/lib/python3.7/site-packages/airflow/example_dags/example_branch_operator.py
[2022-08-15 03:11:02,837] {processor.py:641} INFO - Processing file /home/airflow/.local/lib/python3.7/site-packages/airflow/example_dags/example_branch_operator.py for tasks to queue
[2022-08-15 03:11:02,840] {logging_mixin.py:115} INFO - [2022-08-15 03:11:02,840] {dagbag.py:508} INFO - Filling up the DagBag from /home/airflow/.local/lib/python3.7/site-packages/airflow/example_dags/example_branch_operator.py
[2022-08-15 03:11:02,898] {processor.py:651} INFO - DAG(s) dict_keys(['example_branch_operator']) retrieved from /home/airflow/.local/lib/python3.7/site-packages/airflow/example_dags/example_branch_operator.py
[2022-08-15 03:11:03,060] {logging_mixin.py:115} INFO - [2022-08-15 03:11:03,060] {dag.py:2420} INFO - Sync 1 DAGs
[2022-08-15 03:11:03,190] {logging_mixin.py:115} INFO - [2022-08-15 03:11:03,190] {dag.py:2972} INFO - Setting next_dagrun for example_branch_operator to 2022-08-14T00:00:00+00:00, run_after=2022-08-15T00:00:00+00:00
[2022-08-15 03:11:03,307] {processor.py:161} INFO - Processing /home/airflow/.local/lib/python3.7/site-packages/airflow/example_dags/example_branch_operator.py took 0.494 seconds
[2022-08-15 03:11:33,828] {processor.py:153} INFO - Started process (PID=3976) to work on /home/airflow/.local/lib/python3.7/site-packages/airflow/example_dags/example_branch_operator.py
[2022-08-15 03:11:33,835] {processor.py:641} INFO - Processing file /home/airflow/.local/lib/python3.7/site-packages/airflow/example_dags/example_branch_operator.py for tasks to queue
[2022-08-15 03:11:33,843] {logging_mixin.py:115} INFO - [2022-08-15 03:11:33,843] {dagbag.py:508} INFO - Filling up the DagBag from /home/airflow/.local/lib/python3.7/site-packages/airflow/example_dags/example_branch_operator.py
[2022-08-15 03:11:33,902] {processor.py:651} INFO - DAG(s) dict_keys(['example_branch_operator']) retrieved from /home/airflow/.local/lib/python3.7/site-packages/airflow/example_dags/example_branch_operator.py
[2022-08-15 03:11:34,064] {logging_mixin.py:115} INFO - [2022-08-15 03:11:34,064] {dag.py:2420} INFO - Sync 1 DAGs
[2022-08-15 03:11:34,200] {logging_mixin.py:115} INFO - [2022-08-15 03:11:34,200] {dag.py:2972} INFO - Setting next_dagrun for example_branch_operator to 2022-08-14T00:00:00+00:00, run_after=2022-08-15T00:00:00+00:00
[2022-08-15 03:11:34,270] {processor.py:161} INFO - Processing /home/airflow/.local/lib/python3.7/site-packages/airflow/example_dags/example_branch_operator.py took 0.463 seconds
[2022-08-15 03:12:04,632] {processor.py:153} INFO - Started process (PID=4029) to work on /home/airflow/.local/lib/python3.7/site-packages/airflow/example_dags/example_branch_operator.py
[2022-08-15 03:12:04,634] {processor.py:641} INFO - Processing file /home/airflow/.local/lib/python3.7/site-packages/airflow/example_dags/example_branch_operator.py for tasks to queue
[2022-08-15 03:12:04,636] {logging_mixin.py:115} INFO - [2022-08-15 03:12:04,636] {dagbag.py:508} INFO - Filling up the DagBag from /home/airflow/.local/lib/python3.7/site-packages/airflow/example_dags/example_branch_operator.py
[2022-08-15 03:12:04,666] {processor.py:651} INFO - DAG(s) dict_keys(['example_branch_operator']) retrieved from /home/airflow/.local/lib/python3.7/site-packages/airflow/example_dags/example_branch_operator.py
[2022-08-15 03:12:04,720] {logging_mixin.py:115} INFO - [2022-08-15 03:12:04,720] {dag.py:2420} INFO - Sync 1 DAGs
[2022-08-15 03:12:04,777] {logging_mixin.py:115} INFO - [2022-08-15 03:12:04,776] {dag.py:2972} INFO - Setting next_dagrun for example_branch_operator to 2022-08-14T00:00:00+00:00, run_after=2022-08-15T00:00:00+00:00
[2022-08-15 03:12:04,806] {processor.py:161} INFO - Processing /home/airflow/.local/lib/python3.7/site-packages/airflow/example_dags/example_branch_operator.py took 0.186 seconds
[2022-08-15 03:12:35,687] {processor.py:153} INFO - Started process (PID=4085) to work on /home/airflow/.local/lib/python3.7/site-packages/airflow/example_dags/example_branch_operator.py
[2022-08-15 03:12:35,689] {processor.py:641} INFO - Processing file /home/airflow/.local/lib/python3.7/site-packages/airflow/example_dags/example_branch_operator.py for tasks to queue
[2022-08-15 03:12:35,692] {logging_mixin.py:115} INFO - [2022-08-15 03:12:35,691] {dagbag.py:508} INFO - Filling up the DagBag from /home/airflow/.local/lib/python3.7/site-packages/airflow/example_dags/example_branch_operator.py
[2022-08-15 03:12:35,716] {processor.py:651} INFO - DAG(s) dict_keys(['example_branch_operator']) retrieved from /home/airflow/.local/lib/python3.7/site-packages/airflow/example_dags/example_branch_operator.py
[2022-08-15 03:12:35,766] {logging_mixin.py:115} INFO - [2022-08-15 03:12:35,766] {dag.py:2420} INFO - Sync 1 DAGs
[2022-08-15 03:12:35,811] {logging_mixin.py:115} INFO - [2022-08-15 03:12:35,811] {dag.py:2972} INFO - Setting next_dagrun for example_branch_operator to 2022-08-14T00:00:00+00:00, run_after=2022-08-15T00:00:00+00:00
[2022-08-15 03:12:35,857] {processor.py:161} INFO - Processing /home/airflow/.local/lib/python3.7/site-packages/airflow/example_dags/example_branch_operator.py took 0.180 seconds
[2022-08-15 03:13:06,211] {processor.py:153} INFO - Started process (PID=4148) to work on /home/airflow/.local/lib/python3.7/site-packages/airflow/example_dags/example_branch_operator.py
[2022-08-15 03:13:06,216] {processor.py:641} INFO - Processing file /home/airflow/.local/lib/python3.7/site-packages/airflow/example_dags/example_branch_operator.py for tasks to queue
[2022-08-15 03:13:06,223] {logging_mixin.py:115} INFO - [2022-08-15 03:13:06,223] {dagbag.py:508} INFO - Filling up the DagBag from /home/airflow/.local/lib/python3.7/site-packages/airflow/example_dags/example_branch_operator.py
[2022-08-15 03:13:06,282] {processor.py:651} INFO - DAG(s) dict_keys(['example_branch_operator']) retrieved from /home/airflow/.local/lib/python3.7/site-packages/airflow/example_dags/example_branch_operator.py
[2022-08-15 03:13:06,395] {logging_mixin.py:115} INFO - [2022-08-15 03:13:06,394] {dag.py:2420} INFO - Sync 1 DAGs
[2022-08-15 03:13:06,496] {logging_mixin.py:115} INFO - [2022-08-15 03:13:06,496] {dag.py:2972} INFO - Setting next_dagrun for example_branch_operator to 2022-08-14T00:00:00+00:00, run_after=2022-08-15T00:00:00+00:00
[2022-08-15 03:13:06,550] {processor.py:161} INFO - Processing /home/airflow/.local/lib/python3.7/site-packages/airflow/example_dags/example_branch_operator.py took 0.368 seconds
[2022-08-15 03:13:36,780] {processor.py:153} INFO - Started process (PID=4204) to work on /home/airflow/.local/lib/python3.7/site-packages/airflow/example_dags/example_branch_operator.py
[2022-08-15 03:13:36,782] {processor.py:641} INFO - Processing file /home/airflow/.local/lib/python3.7/site-packages/airflow/example_dags/example_branch_operator.py for tasks to queue
[2022-08-15 03:13:36,789] {logging_mixin.py:115} INFO - [2022-08-15 03:13:36,789] {dagbag.py:508} INFO - Filling up the DagBag from /home/airflow/.local/lib/python3.7/site-packages/airflow/example_dags/example_branch_operator.py
[2022-08-15 03:13:36,816] {processor.py:651} INFO - DAG(s) dict_keys(['example_branch_operator']) retrieved from /home/airflow/.local/lib/python3.7/site-packages/airflow/example_dags/example_branch_operator.py
[2022-08-15 03:13:36,916] {logging_mixin.py:115} INFO - [2022-08-15 03:13:36,916] {dag.py:2420} INFO - Sync 1 DAGs
[2022-08-15 03:13:37,020] {logging_mixin.py:115} INFO - [2022-08-15 03:13:37,020] {dag.py:2972} INFO - Setting next_dagrun for example_branch_operator to 2022-08-14T00:00:00+00:00, run_after=2022-08-15T00:00:00+00:00
[2022-08-15 03:13:37,078] {processor.py:161} INFO - Processing /home/airflow/.local/lib/python3.7/site-packages/airflow/example_dags/example_branch_operator.py took 0.306 seconds
[2022-08-15 03:14:07,550] {processor.py:153} INFO - Started process (PID=4259) to work on /home/airflow/.local/lib/python3.7/site-packages/airflow/example_dags/example_branch_operator.py
[2022-08-15 03:14:07,552] {processor.py:641} INFO - Processing file /home/airflow/.local/lib/python3.7/site-packages/airflow/example_dags/example_branch_operator.py for tasks to queue
[2022-08-15 03:14:07,554] {logging_mixin.py:115} INFO - [2022-08-15 03:14:07,553] {dagbag.py:508} INFO - Filling up the DagBag from /home/airflow/.local/lib/python3.7/site-packages/airflow/example_dags/example_branch_operator.py
[2022-08-15 03:14:07,573] {processor.py:651} INFO - DAG(s) dict_keys(['example_branch_operator']) retrieved from /home/airflow/.local/lib/python3.7/site-packages/airflow/example_dags/example_branch_operator.py
[2022-08-15 03:14:07,623] {logging_mixin.py:115} INFO - [2022-08-15 03:14:07,623] {dag.py:2420} INFO - Sync 1 DAGs
[2022-08-15 03:14:07,666] {logging_mixin.py:115} INFO - [2022-08-15 03:14:07,666] {dag.py:2972} INFO - Setting next_dagrun for example_branch_operator to 2022-08-14T00:00:00+00:00, run_after=2022-08-15T00:00:00+00:00
[2022-08-15 03:14:07,688] {processor.py:161} INFO - Processing /home/airflow/.local/lib/python3.7/site-packages/airflow/example_dags/example_branch_operator.py took 0.148 seconds
[2022-08-15 03:14:38,092] {processor.py:153} INFO - Started process (PID=4315) to work on /home/airflow/.local/lib/python3.7/site-packages/airflow/example_dags/example_branch_operator.py
[2022-08-15 03:14:38,094] {processor.py:641} INFO - Processing file /home/airflow/.local/lib/python3.7/site-packages/airflow/example_dags/example_branch_operator.py for tasks to queue
[2022-08-15 03:14:38,098] {logging_mixin.py:115} INFO - [2022-08-15 03:14:38,097] {dagbag.py:508} INFO - Filling up the DagBag from /home/airflow/.local/lib/python3.7/site-packages/airflow/example_dags/example_branch_operator.py
[2022-08-15 03:14:38,139] {processor.py:651} INFO - DAG(s) dict_keys(['example_branch_operator']) retrieved from /home/airflow/.local/lib/python3.7/site-packages/airflow/example_dags/example_branch_operator.py
[2022-08-15 03:14:38,190] {logging_mixin.py:115} INFO - [2022-08-15 03:14:38,189] {dag.py:2420} INFO - Sync 1 DAGs
[2022-08-15 03:14:38,241] {logging_mixin.py:115} INFO - [2022-08-15 03:14:38,241] {dag.py:2972} INFO - Setting next_dagrun for example_branch_operator to 2022-08-14T00:00:00+00:00, run_after=2022-08-15T00:00:00+00:00
[2022-08-15 03:14:38,276] {processor.py:161} INFO - Processing /home/airflow/.local/lib/python3.7/site-packages/airflow/example_dags/example_branch_operator.py took 0.197 seconds
