[2022-08-15 02:56:22,601] {processor.py:153} INFO - Started process (PID=2282) to work on /home/airflow/.local/lib/python3.7/site-packages/airflow/example_dags/example_branch_labels.py
[2022-08-15 02:56:22,617] {processor.py:641} INFO - Processing file /home/airflow/.local/lib/python3.7/site-packages/airflow/example_dags/example_branch_labels.py for tasks to queue
[2022-08-15 02:56:22,627] {logging_mixin.py:115} INFO - [2022-08-15 02:56:22,627] {dagbag.py:508} INFO - Filling up the DagBag from /home/airflow/.local/lib/python3.7/site-packages/airflow/example_dags/example_branch_labels.py
[2022-08-15 02:56:22,760] {processor.py:651} INFO - DAG(s) dict_keys(['example_branch_labels']) retrieved from /home/airflow/.local/lib/python3.7/site-packages/airflow/example_dags/example_branch_labels.py
[2022-08-15 02:56:23,497] {logging_mixin.py:115} INFO - [2022-08-15 02:56:23,497] {dag.py:2420} INFO - Sync 1 DAGs
[2022-08-15 02:56:23,796] {logging_mixin.py:115} INFO - [2022-08-15 02:56:23,796] {dag.py:2972} INFO - Setting next_dagrun for example_branch_labels to 2022-08-14T00:00:00+00:00, run_after=2022-08-15T00:00:00+00:00
[2022-08-15 02:56:23,937] {processor.py:161} INFO - Processing /home/airflow/.local/lib/python3.7/site-packages/airflow/example_dags/example_branch_labels.py took 1.369 seconds
[2022-08-15 02:56:54,238] {processor.py:153} INFO - Started process (PID=2337) to work on /home/airflow/.local/lib/python3.7/site-packages/airflow/example_dags/example_branch_labels.py
[2022-08-15 02:56:54,274] {processor.py:641} INFO - Processing file /home/airflow/.local/lib/python3.7/site-packages/airflow/example_dags/example_branch_labels.py for tasks to queue
[2022-08-15 02:56:54,277] {logging_mixin.py:115} INFO - [2022-08-15 02:56:54,277] {dagbag.py:508} INFO - Filling up the DagBag from /home/airflow/.local/lib/python3.7/site-packages/airflow/example_dags/example_branch_labels.py
[2022-08-15 02:56:54,312] {processor.py:651} INFO - DAG(s) dict_keys(['example_branch_labels']) retrieved from /home/airflow/.local/lib/python3.7/site-packages/airflow/example_dags/example_branch_labels.py
[2022-08-15 02:56:54,363] {logging_mixin.py:115} INFO - [2022-08-15 02:56:54,363] {dag.py:2420} INFO - Sync 1 DAGs
[2022-08-15 02:56:54,403] {logging_mixin.py:115} INFO - [2022-08-15 02:56:54,402] {dag.py:2972} INFO - Setting next_dagrun for example_branch_labels to 2022-08-14T00:00:00+00:00, run_after=2022-08-15T00:00:00+00:00
[2022-08-15 02:56:54,422] {processor.py:161} INFO - Processing /home/airflow/.local/lib/python3.7/site-packages/airflow/example_dags/example_branch_labels.py took 0.202 seconds
[2022-08-15 02:57:24,571] {processor.py:153} INFO - Started process (PID=2390) to work on /home/airflow/.local/lib/python3.7/site-packages/airflow/example_dags/example_branch_labels.py
[2022-08-15 02:57:24,575] {processor.py:641} INFO - Processing file /home/airflow/.local/lib/python3.7/site-packages/airflow/example_dags/example_branch_labels.py for tasks to queue
[2022-08-15 02:57:24,577] {logging_mixin.py:115} INFO - [2022-08-15 02:57:24,577] {dagbag.py:508} INFO - Filling up the DagBag from /home/airflow/.local/lib/python3.7/site-packages/airflow/example_dags/example_branch_labels.py
[2022-08-15 02:57:24,601] {processor.py:651} INFO - DAG(s) dict_keys(['example_branch_labels']) retrieved from /home/airflow/.local/lib/python3.7/site-packages/airflow/example_dags/example_branch_labels.py
[2022-08-15 02:57:24,741] {logging_mixin.py:115} INFO - [2022-08-15 02:57:24,741] {dag.py:2420} INFO - Sync 1 DAGs
[2022-08-15 02:57:24,845] {logging_mixin.py:115} INFO - [2022-08-15 02:57:24,845] {dag.py:2972} INFO - Setting next_dagrun for example_branch_labels to 2022-08-14T00:00:00+00:00, run_after=2022-08-15T00:00:00+00:00
[2022-08-15 02:57:24,922] {processor.py:161} INFO - Processing /home/airflow/.local/lib/python3.7/site-packages/airflow/example_dags/example_branch_labels.py took 0.371 seconds
[2022-08-15 02:57:55,236] {processor.py:153} INFO - Started process (PID=2446) to work on /home/airflow/.local/lib/python3.7/site-packages/airflow/example_dags/example_branch_labels.py
[2022-08-15 02:57:55,241] {processor.py:641} INFO - Processing file /home/airflow/.local/lib/python3.7/site-packages/airflow/example_dags/example_branch_labels.py for tasks to queue
[2022-08-15 02:57:55,247] {logging_mixin.py:115} INFO - [2022-08-15 02:57:55,247] {dagbag.py:508} INFO - Filling up the DagBag from /home/airflow/.local/lib/python3.7/site-packages/airflow/example_dags/example_branch_labels.py
[2022-08-15 02:57:55,287] {processor.py:651} INFO - DAG(s) dict_keys(['example_branch_labels']) retrieved from /home/airflow/.local/lib/python3.7/site-packages/airflow/example_dags/example_branch_labels.py
[2022-08-15 02:57:55,406] {logging_mixin.py:115} INFO - [2022-08-15 02:57:55,406] {dag.py:2420} INFO - Sync 1 DAGs
[2022-08-15 02:57:55,560] {logging_mixin.py:115} INFO - [2022-08-15 02:57:55,559] {dag.py:2972} INFO - Setting next_dagrun for example_branch_labels to 2022-08-14T00:00:00+00:00, run_after=2022-08-15T00:00:00+00:00
[2022-08-15 02:57:55,617] {processor.py:161} INFO - Processing /home/airflow/.local/lib/python3.7/site-packages/airflow/example_dags/example_branch_labels.py took 0.402 seconds
[2022-08-15 02:58:25,994] {processor.py:153} INFO - Started process (PID=2508) to work on /home/airflow/.local/lib/python3.7/site-packages/airflow/example_dags/example_branch_labels.py
[2022-08-15 02:58:25,996] {processor.py:641} INFO - Processing file /home/airflow/.local/lib/python3.7/site-packages/airflow/example_dags/example_branch_labels.py for tasks to queue
[2022-08-15 02:58:25,999] {logging_mixin.py:115} INFO - [2022-08-15 02:58:25,998] {dagbag.py:508} INFO - Filling up the DagBag from /home/airflow/.local/lib/python3.7/site-packages/airflow/example_dags/example_branch_labels.py
[2022-08-15 02:58:26,036] {processor.py:651} INFO - DAG(s) dict_keys(['example_branch_labels']) retrieved from /home/airflow/.local/lib/python3.7/site-packages/airflow/example_dags/example_branch_labels.py
[2022-08-15 02:58:26,170] {logging_mixin.py:115} INFO - [2022-08-15 02:58:26,170] {dag.py:2420} INFO - Sync 1 DAGs
[2022-08-15 02:58:26,297] {logging_mixin.py:115} INFO - [2022-08-15 02:58:26,297] {dag.py:2972} INFO - Setting next_dagrun for example_branch_labels to 2022-08-14T00:00:00+00:00, run_after=2022-08-15T00:00:00+00:00
[2022-08-15 02:58:26,319] {processor.py:161} INFO - Processing /home/airflow/.local/lib/python3.7/site-packages/airflow/example_dags/example_branch_labels.py took 0.344 seconds
[2022-08-15 02:58:56,581] {processor.py:153} INFO - Started process (PID=2563) to work on /home/airflow/.local/lib/python3.7/site-packages/airflow/example_dags/example_branch_labels.py
[2022-08-15 02:58:56,583] {processor.py:641} INFO - Processing file /home/airflow/.local/lib/python3.7/site-packages/airflow/example_dags/example_branch_labels.py for tasks to queue
[2022-08-15 02:58:56,586] {logging_mixin.py:115} INFO - [2022-08-15 02:58:56,586] {dagbag.py:508} INFO - Filling up the DagBag from /home/airflow/.local/lib/python3.7/site-packages/airflow/example_dags/example_branch_labels.py
[2022-08-15 02:58:56,604] {processor.py:651} INFO - DAG(s) dict_keys(['example_branch_labels']) retrieved from /home/airflow/.local/lib/python3.7/site-packages/airflow/example_dags/example_branch_labels.py
[2022-08-15 02:58:56,651] {logging_mixin.py:115} INFO - [2022-08-15 02:58:56,651] {dag.py:2420} INFO - Sync 1 DAGs
[2022-08-15 02:58:56,702] {logging_mixin.py:115} INFO - [2022-08-15 02:58:56,702] {dag.py:2972} INFO - Setting next_dagrun for example_branch_labels to 2022-08-14T00:00:00+00:00, run_after=2022-08-15T00:00:00+00:00
[2022-08-15 02:58:56,739] {processor.py:161} INFO - Processing /home/airflow/.local/lib/python3.7/site-packages/airflow/example_dags/example_branch_labels.py took 0.165 seconds
[2022-08-15 02:59:27,512] {processor.py:153} INFO - Started process (PID=2617) to work on /home/airflow/.local/lib/python3.7/site-packages/airflow/example_dags/example_branch_labels.py
[2022-08-15 02:59:27,517] {processor.py:641} INFO - Processing file /home/airflow/.local/lib/python3.7/site-packages/airflow/example_dags/example_branch_labels.py for tasks to queue
[2022-08-15 02:59:27,524] {logging_mixin.py:115} INFO - [2022-08-15 02:59:27,524] {dagbag.py:508} INFO - Filling up the DagBag from /home/airflow/.local/lib/python3.7/site-packages/airflow/example_dags/example_branch_labels.py
[2022-08-15 02:59:27,539] {processor.py:651} INFO - DAG(s) dict_keys(['example_branch_labels']) retrieved from /home/airflow/.local/lib/python3.7/site-packages/airflow/example_dags/example_branch_labels.py
[2022-08-15 02:59:27,584] {logging_mixin.py:115} INFO - [2022-08-15 02:59:27,584] {dag.py:2420} INFO - Sync 1 DAGs
[2022-08-15 02:59:27,626] {logging_mixin.py:115} INFO - [2022-08-15 02:59:27,625] {dag.py:2972} INFO - Setting next_dagrun for example_branch_labels to 2022-08-14T00:00:00+00:00, run_after=2022-08-15T00:00:00+00:00
[2022-08-15 02:59:27,649] {processor.py:161} INFO - Processing /home/airflow/.local/lib/python3.7/site-packages/airflow/example_dags/example_branch_labels.py took 0.169 seconds
[2022-08-15 02:59:58,628] {processor.py:153} INFO - Started process (PID=2680) to work on /home/airflow/.local/lib/python3.7/site-packages/airflow/example_dags/example_branch_labels.py
[2022-08-15 02:59:58,631] {processor.py:641} INFO - Processing file /home/airflow/.local/lib/python3.7/site-packages/airflow/example_dags/example_branch_labels.py for tasks to queue
[2022-08-15 02:59:58,634] {logging_mixin.py:115} INFO - [2022-08-15 02:59:58,633] {dagbag.py:508} INFO - Filling up the DagBag from /home/airflow/.local/lib/python3.7/site-packages/airflow/example_dags/example_branch_labels.py
[2022-08-15 02:59:58,656] {processor.py:651} INFO - DAG(s) dict_keys(['example_branch_labels']) retrieved from /home/airflow/.local/lib/python3.7/site-packages/airflow/example_dags/example_branch_labels.py
[2022-08-15 02:59:58,728] {logging_mixin.py:115} INFO - [2022-08-15 02:59:58,728] {dag.py:2420} INFO - Sync 1 DAGs
[2022-08-15 02:59:58,769] {logging_mixin.py:115} INFO - [2022-08-15 02:59:58,768] {dag.py:2972} INFO - Setting next_dagrun for example_branch_labels to 2022-08-14T00:00:00+00:00, run_after=2022-08-15T00:00:00+00:00
[2022-08-15 02:59:58,791] {processor.py:161} INFO - Processing /home/airflow/.local/lib/python3.7/site-packages/airflow/example_dags/example_branch_labels.py took 0.169 seconds
[2022-08-15 03:00:28,902] {processor.py:153} INFO - Started process (PID=2734) to work on /home/airflow/.local/lib/python3.7/site-packages/airflow/example_dags/example_branch_labels.py
[2022-08-15 03:00:28,905] {processor.py:641} INFO - Processing file /home/airflow/.local/lib/python3.7/site-packages/airflow/example_dags/example_branch_labels.py for tasks to queue
[2022-08-15 03:00:28,909] {logging_mixin.py:115} INFO - [2022-08-15 03:00:28,908] {dagbag.py:508} INFO - Filling up the DagBag from /home/airflow/.local/lib/python3.7/site-packages/airflow/example_dags/example_branch_labels.py
[2022-08-15 03:00:28,935] {processor.py:651} INFO - DAG(s) dict_keys(['example_branch_labels']) retrieved from /home/airflow/.local/lib/python3.7/site-packages/airflow/example_dags/example_branch_labels.py
[2022-08-15 03:00:28,987] {logging_mixin.py:115} INFO - [2022-08-15 03:00:28,986] {dag.py:2420} INFO - Sync 1 DAGs
[2022-08-15 03:00:29,063] {logging_mixin.py:115} INFO - [2022-08-15 03:00:29,063] {dag.py:2972} INFO - Setting next_dagrun for example_branch_labels to 2022-08-14T00:00:00+00:00, run_after=2022-08-15T00:00:00+00:00
[2022-08-15 03:00:29,104] {processor.py:161} INFO - Processing /home/airflow/.local/lib/python3.7/site-packages/airflow/example_dags/example_branch_labels.py took 0.223 seconds
[2022-08-15 03:00:59,427] {processor.py:153} INFO - Started process (PID=2787) to work on /home/airflow/.local/lib/python3.7/site-packages/airflow/example_dags/example_branch_labels.py
[2022-08-15 03:00:59,429] {processor.py:641} INFO - Processing file /home/airflow/.local/lib/python3.7/site-packages/airflow/example_dags/example_branch_labels.py for tasks to queue
[2022-08-15 03:00:59,434] {logging_mixin.py:115} INFO - [2022-08-15 03:00:59,433] {dagbag.py:508} INFO - Filling up the DagBag from /home/airflow/.local/lib/python3.7/site-packages/airflow/example_dags/example_branch_labels.py
[2022-08-15 03:00:59,460] {processor.py:651} INFO - DAG(s) dict_keys(['example_branch_labels']) retrieved from /home/airflow/.local/lib/python3.7/site-packages/airflow/example_dags/example_branch_labels.py
[2022-08-15 03:00:59,581] {logging_mixin.py:115} INFO - [2022-08-15 03:00:59,580] {dag.py:2420} INFO - Sync 1 DAGs
[2022-08-15 03:00:59,689] {logging_mixin.py:115} INFO - [2022-08-15 03:00:59,689] {dag.py:2972} INFO - Setting next_dagrun for example_branch_labels to 2022-08-14T00:00:00+00:00, run_after=2022-08-15T00:00:00+00:00
[2022-08-15 03:00:59,720] {processor.py:161} INFO - Processing /home/airflow/.local/lib/python3.7/site-packages/airflow/example_dags/example_branch_labels.py took 0.312 seconds
[2022-08-15 03:01:29,825] {processor.py:153} INFO - Started process (PID=2850) to work on /home/airflow/.local/lib/python3.7/site-packages/airflow/example_dags/example_branch_labels.py
[2022-08-15 03:01:29,827] {processor.py:641} INFO - Processing file /home/airflow/.local/lib/python3.7/site-packages/airflow/example_dags/example_branch_labels.py for tasks to queue
[2022-08-15 03:01:29,830] {logging_mixin.py:115} INFO - [2022-08-15 03:01:29,829] {dagbag.py:508} INFO - Filling up the DagBag from /home/airflow/.local/lib/python3.7/site-packages/airflow/example_dags/example_branch_labels.py
[2022-08-15 03:01:29,844] {processor.py:651} INFO - DAG(s) dict_keys(['example_branch_labels']) retrieved from /home/airflow/.local/lib/python3.7/site-packages/airflow/example_dags/example_branch_labels.py
[2022-08-15 03:01:29,893] {logging_mixin.py:115} INFO - [2022-08-15 03:01:29,893] {dag.py:2420} INFO - Sync 1 DAGs
[2022-08-15 03:01:29,968] {logging_mixin.py:115} INFO - [2022-08-15 03:01:29,968] {dag.py:2972} INFO - Setting next_dagrun for example_branch_labels to 2022-08-14T00:00:00+00:00, run_after=2022-08-15T00:00:00+00:00
[2022-08-15 03:01:30,008] {processor.py:161} INFO - Processing /home/airflow/.local/lib/python3.7/site-packages/airflow/example_dags/example_branch_labels.py took 0.191 seconds
[2022-08-15 03:02:00,482] {processor.py:153} INFO - Started process (PID=2908) to work on /home/airflow/.local/lib/python3.7/site-packages/airflow/example_dags/example_branch_labels.py
[2022-08-15 03:02:00,489] {processor.py:641} INFO - Processing file /home/airflow/.local/lib/python3.7/site-packages/airflow/example_dags/example_branch_labels.py for tasks to queue
[2022-08-15 03:02:00,496] {logging_mixin.py:115} INFO - [2022-08-15 03:02:00,495] {dagbag.py:508} INFO - Filling up the DagBag from /home/airflow/.local/lib/python3.7/site-packages/airflow/example_dags/example_branch_labels.py
[2022-08-15 03:02:00,525] {processor.py:651} INFO - DAG(s) dict_keys(['example_branch_labels']) retrieved from /home/airflow/.local/lib/python3.7/site-packages/airflow/example_dags/example_branch_labels.py
[2022-08-15 03:02:00,632] {logging_mixin.py:115} INFO - [2022-08-15 03:02:00,632] {dag.py:2420} INFO - Sync 1 DAGs
[2022-08-15 03:02:00,693] {logging_mixin.py:115} INFO - [2022-08-15 03:02:00,693] {dag.py:2972} INFO - Setting next_dagrun for example_branch_labels to 2022-08-14T00:00:00+00:00, run_after=2022-08-15T00:00:00+00:00
[2022-08-15 03:02:00,718] {processor.py:161} INFO - Processing /home/airflow/.local/lib/python3.7/site-packages/airflow/example_dags/example_branch_labels.py took 0.251 seconds
[2022-08-15 03:02:30,903] {processor.py:153} INFO - Started process (PID=2971) to work on /home/airflow/.local/lib/python3.7/site-packages/airflow/example_dags/example_branch_labels.py
[2022-08-15 03:02:30,905] {processor.py:641} INFO - Processing file /home/airflow/.local/lib/python3.7/site-packages/airflow/example_dags/example_branch_labels.py for tasks to queue
[2022-08-15 03:02:30,907] {logging_mixin.py:115} INFO - [2022-08-15 03:02:30,907] {dagbag.py:508} INFO - Filling up the DagBag from /home/airflow/.local/lib/python3.7/site-packages/airflow/example_dags/example_branch_labels.py
[2022-08-15 03:02:30,919] {processor.py:651} INFO - DAG(s) dict_keys(['example_branch_labels']) retrieved from /home/airflow/.local/lib/python3.7/site-packages/airflow/example_dags/example_branch_labels.py
[2022-08-15 03:02:30,959] {logging_mixin.py:115} INFO - [2022-08-15 03:02:30,959] {dag.py:2420} INFO - Sync 1 DAGs
[2022-08-15 03:02:31,000] {logging_mixin.py:115} INFO - [2022-08-15 03:02:31,000] {dag.py:2972} INFO - Setting next_dagrun for example_branch_labels to 2022-08-14T00:00:00+00:00, run_after=2022-08-15T00:00:00+00:00
[2022-08-15 03:02:31,025] {processor.py:161} INFO - Processing /home/airflow/.local/lib/python3.7/site-packages/airflow/example_dags/example_branch_labels.py took 0.129 seconds
[2022-08-15 03:03:01,309] {processor.py:153} INFO - Started process (PID=3025) to work on /home/airflow/.local/lib/python3.7/site-packages/airflow/example_dags/example_branch_labels.py
[2022-08-15 03:03:01,311] {processor.py:641} INFO - Processing file /home/airflow/.local/lib/python3.7/site-packages/airflow/example_dags/example_branch_labels.py for tasks to queue
[2022-08-15 03:03:01,314] {logging_mixin.py:115} INFO - [2022-08-15 03:03:01,313] {dagbag.py:508} INFO - Filling up the DagBag from /home/airflow/.local/lib/python3.7/site-packages/airflow/example_dags/example_branch_labels.py
[2022-08-15 03:03:01,334] {processor.py:651} INFO - DAG(s) dict_keys(['example_branch_labels']) retrieved from /home/airflow/.local/lib/python3.7/site-packages/airflow/example_dags/example_branch_labels.py
[2022-08-15 03:03:01,390] {logging_mixin.py:115} INFO - [2022-08-15 03:03:01,390] {dag.py:2420} INFO - Sync 1 DAGs
[2022-08-15 03:03:01,432] {logging_mixin.py:115} INFO - [2022-08-15 03:03:01,431] {dag.py:2972} INFO - Setting next_dagrun for example_branch_labels to 2022-08-14T00:00:00+00:00, run_after=2022-08-15T00:00:00+00:00
[2022-08-15 03:03:01,459] {processor.py:161} INFO - Processing /home/airflow/.local/lib/python3.7/site-packages/airflow/example_dags/example_branch_labels.py took 0.159 seconds
[2022-08-15 03:03:32,957] {processor.py:153} INFO - Started process (PID=3088) to work on /home/airflow/.local/lib/python3.7/site-packages/airflow/example_dags/example_branch_labels.py
[2022-08-15 03:03:32,959] {processor.py:641} INFO - Processing file /home/airflow/.local/lib/python3.7/site-packages/airflow/example_dags/example_branch_labels.py for tasks to queue
[2022-08-15 03:03:32,973] {logging_mixin.py:115} INFO - [2022-08-15 03:03:32,973] {dagbag.py:508} INFO - Filling up the DagBag from /home/airflow/.local/lib/python3.7/site-packages/airflow/example_dags/example_branch_labels.py
[2022-08-15 03:03:33,007] {processor.py:651} INFO - DAG(s) dict_keys(['example_branch_labels']) retrieved from /home/airflow/.local/lib/python3.7/site-packages/airflow/example_dags/example_branch_labels.py
[2022-08-15 03:03:33,098] {logging_mixin.py:115} INFO - [2022-08-15 03:03:33,098] {dag.py:2420} INFO - Sync 1 DAGs
[2022-08-15 03:03:33,176] {logging_mixin.py:115} INFO - [2022-08-15 03:03:33,176] {dag.py:2972} INFO - Setting next_dagrun for example_branch_labels to 2022-08-14T00:00:00+00:00, run_after=2022-08-15T00:00:00+00:00
[2022-08-15 03:03:33,215] {processor.py:161} INFO - Processing /home/airflow/.local/lib/python3.7/site-packages/airflow/example_dags/example_branch_labels.py took 0.270 seconds
[2022-08-15 03:04:03,892] {processor.py:153} INFO - Started process (PID=3142) to work on /home/airflow/.local/lib/python3.7/site-packages/airflow/example_dags/example_branch_labels.py
[2022-08-15 03:04:03,894] {processor.py:641} INFO - Processing file /home/airflow/.local/lib/python3.7/site-packages/airflow/example_dags/example_branch_labels.py for tasks to queue
[2022-08-15 03:04:03,897] {logging_mixin.py:115} INFO - [2022-08-15 03:04:03,897] {dagbag.py:508} INFO - Filling up the DagBag from /home/airflow/.local/lib/python3.7/site-packages/airflow/example_dags/example_branch_labels.py
[2022-08-15 03:04:03,909] {processor.py:651} INFO - DAG(s) dict_keys(['example_branch_labels']) retrieved from /home/airflow/.local/lib/python3.7/site-packages/airflow/example_dags/example_branch_labels.py
[2022-08-15 03:04:03,950] {logging_mixin.py:115} INFO - [2022-08-15 03:04:03,950] {dag.py:2420} INFO - Sync 1 DAGs
[2022-08-15 03:04:03,986] {logging_mixin.py:115} INFO - [2022-08-15 03:04:03,985] {dag.py:2972} INFO - Setting next_dagrun for example_branch_labels to 2022-08-14T00:00:00+00:00, run_after=2022-08-15T00:00:00+00:00
[2022-08-15 03:04:04,005] {processor.py:161} INFO - Processing /home/airflow/.local/lib/python3.7/site-packages/airflow/example_dags/example_branch_labels.py took 0.120 seconds
[2022-08-15 03:04:34,424] {processor.py:153} INFO - Started process (PID=3195) to work on /home/airflow/.local/lib/python3.7/site-packages/airflow/example_dags/example_branch_labels.py
[2022-08-15 03:04:34,426] {processor.py:641} INFO - Processing file /home/airflow/.local/lib/python3.7/site-packages/airflow/example_dags/example_branch_labels.py for tasks to queue
[2022-08-15 03:04:34,428] {logging_mixin.py:115} INFO - [2022-08-15 03:04:34,427] {dagbag.py:508} INFO - Filling up the DagBag from /home/airflow/.local/lib/python3.7/site-packages/airflow/example_dags/example_branch_labels.py
[2022-08-15 03:04:34,442] {processor.py:651} INFO - DAG(s) dict_keys(['example_branch_labels']) retrieved from /home/airflow/.local/lib/python3.7/site-packages/airflow/example_dags/example_branch_labels.py
[2022-08-15 03:04:34,490] {logging_mixin.py:115} INFO - [2022-08-15 03:04:34,490] {dag.py:2420} INFO - Sync 1 DAGs
[2022-08-15 03:04:34,537] {logging_mixin.py:115} INFO - [2022-08-15 03:04:34,537] {dag.py:2972} INFO - Setting next_dagrun for example_branch_labels to 2022-08-14T00:00:00+00:00, run_after=2022-08-15T00:00:00+00:00
[2022-08-15 03:04:34,558] {processor.py:161} INFO - Processing /home/airflow/.local/lib/python3.7/site-packages/airflow/example_dags/example_branch_labels.py took 0.140 seconds
[2022-08-15 03:05:05,410] {processor.py:153} INFO - Started process (PID=3259) to work on /home/airflow/.local/lib/python3.7/site-packages/airflow/example_dags/example_branch_labels.py
[2022-08-15 03:05:05,412] {processor.py:641} INFO - Processing file /home/airflow/.local/lib/python3.7/site-packages/airflow/example_dags/example_branch_labels.py for tasks to queue
[2022-08-15 03:05:05,416] {logging_mixin.py:115} INFO - [2022-08-15 03:05:05,416] {dagbag.py:508} INFO - Filling up the DagBag from /home/airflow/.local/lib/python3.7/site-packages/airflow/example_dags/example_branch_labels.py
[2022-08-15 03:05:05,430] {processor.py:651} INFO - DAG(s) dict_keys(['example_branch_labels']) retrieved from /home/airflow/.local/lib/python3.7/site-packages/airflow/example_dags/example_branch_labels.py
[2022-08-15 03:05:05,471] {logging_mixin.py:115} INFO - [2022-08-15 03:05:05,471] {dag.py:2420} INFO - Sync 1 DAGs
[2022-08-15 03:05:05,506] {logging_mixin.py:115} INFO - [2022-08-15 03:05:05,506] {dag.py:2972} INFO - Setting next_dagrun for example_branch_labels to 2022-08-14T00:00:00+00:00, run_after=2022-08-15T00:00:00+00:00
[2022-08-15 03:05:05,525] {processor.py:161} INFO - Processing /home/airflow/.local/lib/python3.7/site-packages/airflow/example_dags/example_branch_labels.py took 0.120 seconds
[2022-08-15 03:05:35,701] {processor.py:153} INFO - Started process (PID=3314) to work on /home/airflow/.local/lib/python3.7/site-packages/airflow/example_dags/example_branch_labels.py
[2022-08-15 03:05:35,702] {processor.py:641} INFO - Processing file /home/airflow/.local/lib/python3.7/site-packages/airflow/example_dags/example_branch_labels.py for tasks to queue
[2022-08-15 03:05:35,704] {logging_mixin.py:115} INFO - [2022-08-15 03:05:35,704] {dagbag.py:508} INFO - Filling up the DagBag from /home/airflow/.local/lib/python3.7/site-packages/airflow/example_dags/example_branch_labels.py
[2022-08-15 03:05:35,724] {processor.py:651} INFO - DAG(s) dict_keys(['example_branch_labels']) retrieved from /home/airflow/.local/lib/python3.7/site-packages/airflow/example_dags/example_branch_labels.py
[2022-08-15 03:05:35,767] {logging_mixin.py:115} INFO - [2022-08-15 03:05:35,767] {dag.py:2420} INFO - Sync 1 DAGs
[2022-08-15 03:05:35,802] {logging_mixin.py:115} INFO - [2022-08-15 03:05:35,802] {dag.py:2972} INFO - Setting next_dagrun for example_branch_labels to 2022-08-14T00:00:00+00:00, run_after=2022-08-15T00:00:00+00:00
[2022-08-15 03:05:35,822] {processor.py:161} INFO - Processing /home/airflow/.local/lib/python3.7/site-packages/airflow/example_dags/example_branch_labels.py took 0.132 seconds
[2022-08-15 03:06:06,244] {processor.py:153} INFO - Started process (PID=3369) to work on /home/airflow/.local/lib/python3.7/site-packages/airflow/example_dags/example_branch_labels.py
[2022-08-15 03:06:06,249] {processor.py:641} INFO - Processing file /home/airflow/.local/lib/python3.7/site-packages/airflow/example_dags/example_branch_labels.py for tasks to queue
[2022-08-15 03:06:06,254] {logging_mixin.py:115} INFO - [2022-08-15 03:06:06,253] {dagbag.py:508} INFO - Filling up the DagBag from /home/airflow/.local/lib/python3.7/site-packages/airflow/example_dags/example_branch_labels.py
[2022-08-15 03:06:06,295] {processor.py:651} INFO - DAG(s) dict_keys(['example_branch_labels']) retrieved from /home/airflow/.local/lib/python3.7/site-packages/airflow/example_dags/example_branch_labels.py
[2022-08-15 03:06:06,394] {logging_mixin.py:115} INFO - [2022-08-15 03:06:06,394] {dag.py:2420} INFO - Sync 1 DAGs
[2022-08-15 03:06:06,528] {logging_mixin.py:115} INFO - [2022-08-15 03:06:06,528] {dag.py:2972} INFO - Setting next_dagrun for example_branch_labels to 2022-08-14T00:00:00+00:00, run_after=2022-08-15T00:00:00+00:00
[2022-08-15 03:06:06,642] {processor.py:161} INFO - Processing /home/airflow/.local/lib/python3.7/site-packages/airflow/example_dags/example_branch_labels.py took 0.417 seconds
[2022-08-15 03:06:36,999] {processor.py:153} INFO - Started process (PID=3432) to work on /home/airflow/.local/lib/python3.7/site-packages/airflow/example_dags/example_branch_labels.py
[2022-08-15 03:06:37,000] {processor.py:641} INFO - Processing file /home/airflow/.local/lib/python3.7/site-packages/airflow/example_dags/example_branch_labels.py for tasks to queue
[2022-08-15 03:06:37,001] {logging_mixin.py:115} INFO - [2022-08-15 03:06:37,001] {dagbag.py:508} INFO - Filling up the DagBag from /home/airflow/.local/lib/python3.7/site-packages/airflow/example_dags/example_branch_labels.py
[2022-08-15 03:06:37,014] {processor.py:651} INFO - DAG(s) dict_keys(['example_branch_labels']) retrieved from /home/airflow/.local/lib/python3.7/site-packages/airflow/example_dags/example_branch_labels.py
[2022-08-15 03:06:37,062] {logging_mixin.py:115} INFO - [2022-08-15 03:06:37,062] {dag.py:2420} INFO - Sync 1 DAGs
[2022-08-15 03:06:37,110] {logging_mixin.py:115} INFO - [2022-08-15 03:06:37,110] {dag.py:2972} INFO - Setting next_dagrun for example_branch_labels to 2022-08-14T00:00:00+00:00, run_after=2022-08-15T00:00:00+00:00
[2022-08-15 03:06:37,142] {processor.py:161} INFO - Processing /home/airflow/.local/lib/python3.7/site-packages/airflow/example_dags/example_branch_labels.py took 0.149 seconds
[2022-08-15 03:07:07,360] {processor.py:153} INFO - Started process (PID=3486) to work on /home/airflow/.local/lib/python3.7/site-packages/airflow/example_dags/example_branch_labels.py
[2022-08-15 03:07:07,362] {processor.py:641} INFO - Processing file /home/airflow/.local/lib/python3.7/site-packages/airflow/example_dags/example_branch_labels.py for tasks to queue
[2022-08-15 03:07:07,364] {logging_mixin.py:115} INFO - [2022-08-15 03:07:07,363] {dagbag.py:508} INFO - Filling up the DagBag from /home/airflow/.local/lib/python3.7/site-packages/airflow/example_dags/example_branch_labels.py
[2022-08-15 03:07:07,377] {processor.py:651} INFO - DAG(s) dict_keys(['example_branch_labels']) retrieved from /home/airflow/.local/lib/python3.7/site-packages/airflow/example_dags/example_branch_labels.py
[2022-08-15 03:07:07,417] {logging_mixin.py:115} INFO - [2022-08-15 03:07:07,417] {dag.py:2420} INFO - Sync 1 DAGs
[2022-08-15 03:07:07,459] {logging_mixin.py:115} INFO - [2022-08-15 03:07:07,458] {dag.py:2972} INFO - Setting next_dagrun for example_branch_labels to 2022-08-14T00:00:00+00:00, run_after=2022-08-15T00:00:00+00:00
[2022-08-15 03:07:07,484] {processor.py:161} INFO - Processing /home/airflow/.local/lib/python3.7/site-packages/airflow/example_dags/example_branch_labels.py took 0.131 seconds
[2022-08-15 03:07:38,666] {processor.py:153} INFO - Started process (PID=3551) to work on /home/airflow/.local/lib/python3.7/site-packages/airflow/example_dags/example_branch_labels.py
[2022-08-15 03:07:38,672] {processor.py:641} INFO - Processing file /home/airflow/.local/lib/python3.7/site-packages/airflow/example_dags/example_branch_labels.py for tasks to queue
[2022-08-15 03:07:38,679] {logging_mixin.py:115} INFO - [2022-08-15 03:07:38,678] {dagbag.py:508} INFO - Filling up the DagBag from /home/airflow/.local/lib/python3.7/site-packages/airflow/example_dags/example_branch_labels.py
[2022-08-15 03:07:38,720] {processor.py:651} INFO - DAG(s) dict_keys(['example_branch_labels']) retrieved from /home/airflow/.local/lib/python3.7/site-packages/airflow/example_dags/example_branch_labels.py
[2022-08-15 03:07:38,813] {logging_mixin.py:115} INFO - [2022-08-15 03:07:38,812] {dag.py:2420} INFO - Sync 1 DAGs
[2022-08-15 03:07:38,893] {logging_mixin.py:115} INFO - [2022-08-15 03:07:38,893] {dag.py:2972} INFO - Setting next_dagrun for example_branch_labels to 2022-08-14T00:00:00+00:00, run_after=2022-08-15T00:00:00+00:00
[2022-08-15 03:07:38,936] {processor.py:161} INFO - Processing /home/airflow/.local/lib/python3.7/site-packages/airflow/example_dags/example_branch_labels.py took 0.288 seconds
[2022-08-15 03:08:09,296] {processor.py:153} INFO - Started process (PID=3595) to work on /home/airflow/.local/lib/python3.7/site-packages/airflow/example_dags/example_branch_labels.py
[2022-08-15 03:08:09,298] {processor.py:641} INFO - Processing file /home/airflow/.local/lib/python3.7/site-packages/airflow/example_dags/example_branch_labels.py for tasks to queue
[2022-08-15 03:08:09,301] {logging_mixin.py:115} INFO - [2022-08-15 03:08:09,300] {dagbag.py:508} INFO - Filling up the DagBag from /home/airflow/.local/lib/python3.7/site-packages/airflow/example_dags/example_branch_labels.py
[2022-08-15 03:08:09,318] {processor.py:651} INFO - DAG(s) dict_keys(['example_branch_labels']) retrieved from /home/airflow/.local/lib/python3.7/site-packages/airflow/example_dags/example_branch_labels.py
[2022-08-15 03:08:09,373] {logging_mixin.py:115} INFO - [2022-08-15 03:08:09,373] {dag.py:2420} INFO - Sync 1 DAGs
[2022-08-15 03:08:09,428] {logging_mixin.py:115} INFO - [2022-08-15 03:08:09,427] {dag.py:2972} INFO - Setting next_dagrun for example_branch_labels to 2022-08-14T00:00:00+00:00, run_after=2022-08-15T00:00:00+00:00
[2022-08-15 03:08:09,454] {processor.py:161} INFO - Processing /home/airflow/.local/lib/python3.7/site-packages/airflow/example_dags/example_branch_labels.py took 0.169 seconds
[2022-08-15 03:08:39,911] {processor.py:153} INFO - Started process (PID=3657) to work on /home/airflow/.local/lib/python3.7/site-packages/airflow/example_dags/example_branch_labels.py
[2022-08-15 03:08:39,913] {processor.py:641} INFO - Processing file /home/airflow/.local/lib/python3.7/site-packages/airflow/example_dags/example_branch_labels.py for tasks to queue
[2022-08-15 03:08:39,929] {logging_mixin.py:115} INFO - [2022-08-15 03:08:39,929] {dagbag.py:508} INFO - Filling up the DagBag from /home/airflow/.local/lib/python3.7/site-packages/airflow/example_dags/example_branch_labels.py
[2022-08-15 03:08:39,942] {processor.py:651} INFO - DAG(s) dict_keys(['example_branch_labels']) retrieved from /home/airflow/.local/lib/python3.7/site-packages/airflow/example_dags/example_branch_labels.py
[2022-08-15 03:08:39,984] {logging_mixin.py:115} INFO - [2022-08-15 03:08:39,984] {dag.py:2420} INFO - Sync 1 DAGs
[2022-08-15 03:08:40,023] {logging_mixin.py:115} INFO - [2022-08-15 03:08:40,023] {dag.py:2972} INFO - Setting next_dagrun for example_branch_labels to 2022-08-14T00:00:00+00:00, run_after=2022-08-15T00:00:00+00:00
[2022-08-15 03:08:40,050] {processor.py:161} INFO - Processing /home/airflow/.local/lib/python3.7/site-packages/airflow/example_dags/example_branch_labels.py took 0.147 seconds
[2022-08-15 03:09:10,361] {processor.py:153} INFO - Started process (PID=3710) to work on /home/airflow/.local/lib/python3.7/site-packages/airflow/example_dags/example_branch_labels.py
[2022-08-15 03:09:10,364] {processor.py:641} INFO - Processing file /home/airflow/.local/lib/python3.7/site-packages/airflow/example_dags/example_branch_labels.py for tasks to queue
[2022-08-15 03:09:10,366] {logging_mixin.py:115} INFO - [2022-08-15 03:09:10,366] {dagbag.py:508} INFO - Filling up the DagBag from /home/airflow/.local/lib/python3.7/site-packages/airflow/example_dags/example_branch_labels.py
[2022-08-15 03:09:10,382] {processor.py:651} INFO - DAG(s) dict_keys(['example_branch_labels']) retrieved from /home/airflow/.local/lib/python3.7/site-packages/airflow/example_dags/example_branch_labels.py
[2022-08-15 03:09:10,428] {logging_mixin.py:115} INFO - [2022-08-15 03:09:10,428] {dag.py:2420} INFO - Sync 1 DAGs
[2022-08-15 03:09:10,467] {logging_mixin.py:115} INFO - [2022-08-15 03:09:10,467] {dag.py:2972} INFO - Setting next_dagrun for example_branch_labels to 2022-08-14T00:00:00+00:00, run_after=2022-08-15T00:00:00+00:00
[2022-08-15 03:09:10,520] {processor.py:161} INFO - Processing /home/airflow/.local/lib/python3.7/site-packages/airflow/example_dags/example_branch_labels.py took 0.164 seconds
[2022-08-15 03:09:41,127] {processor.py:153} INFO - Started process (PID=3771) to work on /home/airflow/.local/lib/python3.7/site-packages/airflow/example_dags/example_branch_labels.py
[2022-08-15 03:09:41,129] {processor.py:641} INFO - Processing file /home/airflow/.local/lib/python3.7/site-packages/airflow/example_dags/example_branch_labels.py for tasks to queue
[2022-08-15 03:09:41,131] {logging_mixin.py:115} INFO - [2022-08-15 03:09:41,131] {dagbag.py:508} INFO - Filling up the DagBag from /home/airflow/.local/lib/python3.7/site-packages/airflow/example_dags/example_branch_labels.py
[2022-08-15 03:09:41,154] {processor.py:651} INFO - DAG(s) dict_keys(['example_branch_labels']) retrieved from /home/airflow/.local/lib/python3.7/site-packages/airflow/example_dags/example_branch_labels.py
[2022-08-15 03:09:41,200] {logging_mixin.py:115} INFO - [2022-08-15 03:09:41,200] {dag.py:2420} INFO - Sync 1 DAGs
[2022-08-15 03:09:41,256] {logging_mixin.py:115} INFO - [2022-08-15 03:09:41,255] {dag.py:2972} INFO - Setting next_dagrun for example_branch_labels to 2022-08-14T00:00:00+00:00, run_after=2022-08-15T00:00:00+00:00
[2022-08-15 03:09:41,305] {processor.py:161} INFO - Processing /home/airflow/.local/lib/python3.7/site-packages/airflow/example_dags/example_branch_labels.py took 0.196 seconds
[2022-08-15 03:10:11,586] {processor.py:153} INFO - Started process (PID=3831) to work on /home/airflow/.local/lib/python3.7/site-packages/airflow/example_dags/example_branch_labels.py
[2022-08-15 03:10:11,588] {processor.py:641} INFO - Processing file /home/airflow/.local/lib/python3.7/site-packages/airflow/example_dags/example_branch_labels.py for tasks to queue
[2022-08-15 03:10:11,591] {logging_mixin.py:115} INFO - [2022-08-15 03:10:11,591] {dagbag.py:508} INFO - Filling up the DagBag from /home/airflow/.local/lib/python3.7/site-packages/airflow/example_dags/example_branch_labels.py
[2022-08-15 03:10:11,607] {processor.py:651} INFO - DAG(s) dict_keys(['example_branch_labels']) retrieved from /home/airflow/.local/lib/python3.7/site-packages/airflow/example_dags/example_branch_labels.py
[2022-08-15 03:10:11,652] {logging_mixin.py:115} INFO - [2022-08-15 03:10:11,652] {dag.py:2420} INFO - Sync 1 DAGs
[2022-08-15 03:10:11,708] {logging_mixin.py:115} INFO - [2022-08-15 03:10:11,708] {dag.py:2972} INFO - Setting next_dagrun for example_branch_labels to 2022-08-14T00:00:00+00:00, run_after=2022-08-15T00:00:00+00:00
[2022-08-15 03:10:11,737] {processor.py:161} INFO - Processing /home/airflow/.local/lib/python3.7/site-packages/airflow/example_dags/example_branch_labels.py took 0.158 seconds
[2022-08-15 03:10:42,110] {processor.py:153} INFO - Started process (PID=3884) to work on /home/airflow/.local/lib/python3.7/site-packages/airflow/example_dags/example_branch_labels.py
[2022-08-15 03:10:42,111] {processor.py:641} INFO - Processing file /home/airflow/.local/lib/python3.7/site-packages/airflow/example_dags/example_branch_labels.py for tasks to queue
[2022-08-15 03:10:42,114] {logging_mixin.py:115} INFO - [2022-08-15 03:10:42,114] {dagbag.py:508} INFO - Filling up the DagBag from /home/airflow/.local/lib/python3.7/site-packages/airflow/example_dags/example_branch_labels.py
[2022-08-15 03:10:42,127] {processor.py:651} INFO - DAG(s) dict_keys(['example_branch_labels']) retrieved from /home/airflow/.local/lib/python3.7/site-packages/airflow/example_dags/example_branch_labels.py
[2022-08-15 03:10:42,167] {logging_mixin.py:115} INFO - [2022-08-15 03:10:42,167] {dag.py:2420} INFO - Sync 1 DAGs
[2022-08-15 03:10:42,202] {logging_mixin.py:115} INFO - [2022-08-15 03:10:42,202] {dag.py:2972} INFO - Setting next_dagrun for example_branch_labels to 2022-08-14T00:00:00+00:00, run_after=2022-08-15T00:00:00+00:00
[2022-08-15 03:10:42,222] {processor.py:161} INFO - Processing /home/airflow/.local/lib/python3.7/site-packages/airflow/example_dags/example_branch_labels.py took 0.119 seconds
[2022-08-15 03:11:12,470] {processor.py:153} INFO - Started process (PID=3936) to work on /home/airflow/.local/lib/python3.7/site-packages/airflow/example_dags/example_branch_labels.py
[2022-08-15 03:11:12,472] {processor.py:641} INFO - Processing file /home/airflow/.local/lib/python3.7/site-packages/airflow/example_dags/example_branch_labels.py for tasks to queue
[2022-08-15 03:11:12,474] {logging_mixin.py:115} INFO - [2022-08-15 03:11:12,474] {dagbag.py:508} INFO - Filling up the DagBag from /home/airflow/.local/lib/python3.7/site-packages/airflow/example_dags/example_branch_labels.py
[2022-08-15 03:11:12,491] {processor.py:651} INFO - DAG(s) dict_keys(['example_branch_labels']) retrieved from /home/airflow/.local/lib/python3.7/site-packages/airflow/example_dags/example_branch_labels.py
[2022-08-15 03:11:12,631] {logging_mixin.py:115} INFO - [2022-08-15 03:11:12,631] {dag.py:2420} INFO - Sync 1 DAGs
[2022-08-15 03:11:12,822] {logging_mixin.py:115} INFO - [2022-08-15 03:11:12,822] {dag.py:2972} INFO - Setting next_dagrun for example_branch_labels to 2022-08-14T00:00:00+00:00, run_after=2022-08-15T00:00:00+00:00
[2022-08-15 03:11:12,888] {processor.py:161} INFO - Processing /home/airflow/.local/lib/python3.7/site-packages/airflow/example_dags/example_branch_labels.py took 0.424 seconds
[2022-08-15 03:11:43,039] {processor.py:153} INFO - Started process (PID=3990) to work on /home/airflow/.local/lib/python3.7/site-packages/airflow/example_dags/example_branch_labels.py
[2022-08-15 03:11:43,049] {processor.py:641} INFO - Processing file /home/airflow/.local/lib/python3.7/site-packages/airflow/example_dags/example_branch_labels.py for tasks to queue
[2022-08-15 03:11:43,051] {logging_mixin.py:115} INFO - [2022-08-15 03:11:43,051] {dagbag.py:508} INFO - Filling up the DagBag from /home/airflow/.local/lib/python3.7/site-packages/airflow/example_dags/example_branch_labels.py
[2022-08-15 03:11:43,065] {processor.py:651} INFO - DAG(s) dict_keys(['example_branch_labels']) retrieved from /home/airflow/.local/lib/python3.7/site-packages/airflow/example_dags/example_branch_labels.py
[2022-08-15 03:11:43,112] {logging_mixin.py:115} INFO - [2022-08-15 03:11:43,112] {dag.py:2420} INFO - Sync 1 DAGs
[2022-08-15 03:11:43,158] {logging_mixin.py:115} INFO - [2022-08-15 03:11:43,158] {dag.py:2972} INFO - Setting next_dagrun for example_branch_labels to 2022-08-14T00:00:00+00:00, run_after=2022-08-15T00:00:00+00:00
[2022-08-15 03:11:43,194] {processor.py:161} INFO - Processing /home/airflow/.local/lib/python3.7/site-packages/airflow/example_dags/example_branch_labels.py took 0.164 seconds
[2022-08-15 03:12:13,693] {processor.py:153} INFO - Started process (PID=4055) to work on /home/airflow/.local/lib/python3.7/site-packages/airflow/example_dags/example_branch_labels.py
[2022-08-15 03:12:13,697] {processor.py:641} INFO - Processing file /home/airflow/.local/lib/python3.7/site-packages/airflow/example_dags/example_branch_labels.py for tasks to queue
[2022-08-15 03:12:13,702] {logging_mixin.py:115} INFO - [2022-08-15 03:12:13,701] {dagbag.py:508} INFO - Filling up the DagBag from /home/airflow/.local/lib/python3.7/site-packages/airflow/example_dags/example_branch_labels.py
[2022-08-15 03:12:13,740] {processor.py:651} INFO - DAG(s) dict_keys(['example_branch_labels']) retrieved from /home/airflow/.local/lib/python3.7/site-packages/airflow/example_dags/example_branch_labels.py
[2022-08-15 03:12:13,797] {logging_mixin.py:115} INFO - [2022-08-15 03:12:13,796] {dag.py:2420} INFO - Sync 1 DAGs
[2022-08-15 03:12:13,838] {logging_mixin.py:115} INFO - [2022-08-15 03:12:13,838] {dag.py:2972} INFO - Setting next_dagrun for example_branch_labels to 2022-08-14T00:00:00+00:00, run_after=2022-08-15T00:00:00+00:00
[2022-08-15 03:12:13,872] {processor.py:161} INFO - Processing /home/airflow/.local/lib/python3.7/site-packages/airflow/example_dags/example_branch_labels.py took 0.207 seconds
[2022-08-15 03:12:44,100] {processor.py:153} INFO - Started process (PID=4108) to work on /home/airflow/.local/lib/python3.7/site-packages/airflow/example_dags/example_branch_labels.py
[2022-08-15 03:12:44,102] {processor.py:641} INFO - Processing file /home/airflow/.local/lib/python3.7/site-packages/airflow/example_dags/example_branch_labels.py for tasks to queue
[2022-08-15 03:12:44,104] {logging_mixin.py:115} INFO - [2022-08-15 03:12:44,104] {dagbag.py:508} INFO - Filling up the DagBag from /home/airflow/.local/lib/python3.7/site-packages/airflow/example_dags/example_branch_labels.py
[2022-08-15 03:12:44,118] {processor.py:651} INFO - DAG(s) dict_keys(['example_branch_labels']) retrieved from /home/airflow/.local/lib/python3.7/site-packages/airflow/example_dags/example_branch_labels.py
[2022-08-15 03:12:44,174] {logging_mixin.py:115} INFO - [2022-08-15 03:12:44,174] {dag.py:2420} INFO - Sync 1 DAGs
[2022-08-15 03:12:44,212] {logging_mixin.py:115} INFO - [2022-08-15 03:12:44,212] {dag.py:2972} INFO - Setting next_dagrun for example_branch_labels to 2022-08-14T00:00:00+00:00, run_after=2022-08-15T00:00:00+00:00
[2022-08-15 03:12:44,232] {processor.py:161} INFO - Processing /home/airflow/.local/lib/python3.7/site-packages/airflow/example_dags/example_branch_labels.py took 0.142 seconds
[2022-08-15 03:13:14,424] {processor.py:153} INFO - Started process (PID=4162) to work on /home/airflow/.local/lib/python3.7/site-packages/airflow/example_dags/example_branch_labels.py
[2022-08-15 03:13:14,426] {processor.py:641} INFO - Processing file /home/airflow/.local/lib/python3.7/site-packages/airflow/example_dags/example_branch_labels.py for tasks to queue
[2022-08-15 03:13:14,428] {logging_mixin.py:115} INFO - [2022-08-15 03:13:14,428] {dagbag.py:508} INFO - Filling up the DagBag from /home/airflow/.local/lib/python3.7/site-packages/airflow/example_dags/example_branch_labels.py
[2022-08-15 03:13:14,442] {processor.py:651} INFO - DAG(s) dict_keys(['example_branch_labels']) retrieved from /home/airflow/.local/lib/python3.7/site-packages/airflow/example_dags/example_branch_labels.py
[2022-08-15 03:13:14,505] {logging_mixin.py:115} INFO - [2022-08-15 03:13:14,505] {dag.py:2420} INFO - Sync 1 DAGs
[2022-08-15 03:13:14,544] {logging_mixin.py:115} INFO - [2022-08-15 03:13:14,544] {dag.py:2972} INFO - Setting next_dagrun for example_branch_labels to 2022-08-14T00:00:00+00:00, run_after=2022-08-15T00:00:00+00:00
[2022-08-15 03:13:14,576] {processor.py:161} INFO - Processing /home/airflow/.local/lib/python3.7/site-packages/airflow/example_dags/example_branch_labels.py took 0.161 seconds
[2022-08-15 03:13:46,245] {processor.py:153} INFO - Started process (PID=4227) to work on /home/airflow/.local/lib/python3.7/site-packages/airflow/example_dags/example_branch_labels.py
[2022-08-15 03:13:46,247] {processor.py:641} INFO - Processing file /home/airflow/.local/lib/python3.7/site-packages/airflow/example_dags/example_branch_labels.py for tasks to queue
[2022-08-15 03:13:46,251] {logging_mixin.py:115} INFO - [2022-08-15 03:13:46,250] {dagbag.py:508} INFO - Filling up the DagBag from /home/airflow/.local/lib/python3.7/site-packages/airflow/example_dags/example_branch_labels.py
[2022-08-15 03:13:46,279] {processor.py:651} INFO - DAG(s) dict_keys(['example_branch_labels']) retrieved from /home/airflow/.local/lib/python3.7/site-packages/airflow/example_dags/example_branch_labels.py
[2022-08-15 03:13:46,401] {logging_mixin.py:115} INFO - [2022-08-15 03:13:46,401] {dag.py:2420} INFO - Sync 1 DAGs
[2022-08-15 03:13:46,477] {logging_mixin.py:115} INFO - [2022-08-15 03:13:46,477] {dag.py:2972} INFO - Setting next_dagrun for example_branch_labels to 2022-08-14T00:00:00+00:00, run_after=2022-08-15T00:00:00+00:00
[2022-08-15 03:13:46,508] {processor.py:161} INFO - Processing /home/airflow/.local/lib/python3.7/site-packages/airflow/example_dags/example_branch_labels.py took 0.275 seconds
[2022-08-15 03:14:16,973] {processor.py:153} INFO - Started process (PID=4282) to work on /home/airflow/.local/lib/python3.7/site-packages/airflow/example_dags/example_branch_labels.py
[2022-08-15 03:14:16,975] {processor.py:641} INFO - Processing file /home/airflow/.local/lib/python3.7/site-packages/airflow/example_dags/example_branch_labels.py for tasks to queue
[2022-08-15 03:14:16,978] {logging_mixin.py:115} INFO - [2022-08-15 03:14:16,977] {dagbag.py:508} INFO - Filling up the DagBag from /home/airflow/.local/lib/python3.7/site-packages/airflow/example_dags/example_branch_labels.py
[2022-08-15 03:14:16,993] {processor.py:651} INFO - DAG(s) dict_keys(['example_branch_labels']) retrieved from /home/airflow/.local/lib/python3.7/site-packages/airflow/example_dags/example_branch_labels.py
[2022-08-15 03:14:17,056] {logging_mixin.py:115} INFO - [2022-08-15 03:14:17,056] {dag.py:2420} INFO - Sync 1 DAGs
[2022-08-15 03:14:17,103] {logging_mixin.py:115} INFO - [2022-08-15 03:14:17,103] {dag.py:2972} INFO - Setting next_dagrun for example_branch_labels to 2022-08-14T00:00:00+00:00, run_after=2022-08-15T00:00:00+00:00
[2022-08-15 03:14:17,123] {processor.py:161} INFO - Processing /home/airflow/.local/lib/python3.7/site-packages/airflow/example_dags/example_branch_labels.py took 0.159 seconds
[2022-08-15 03:14:48,295] {processor.py:153} INFO - Started process (PID=4337) to work on /home/airflow/.local/lib/python3.7/site-packages/airflow/example_dags/example_branch_labels.py
[2022-08-15 03:14:48,299] {processor.py:641} INFO - Processing file /home/airflow/.local/lib/python3.7/site-packages/airflow/example_dags/example_branch_labels.py for tasks to queue
[2022-08-15 03:14:48,300] {logging_mixin.py:115} INFO - [2022-08-15 03:14:48,300] {dagbag.py:508} INFO - Filling up the DagBag from /home/airflow/.local/lib/python3.7/site-packages/airflow/example_dags/example_branch_labels.py
[2022-08-15 03:14:48,331] {processor.py:651} INFO - DAG(s) dict_keys(['example_branch_labels']) retrieved from /home/airflow/.local/lib/python3.7/site-packages/airflow/example_dags/example_branch_labels.py
[2022-08-15 03:14:48,403] {logging_mixin.py:115} INFO - [2022-08-15 03:14:48,403] {dag.py:2420} INFO - Sync 1 DAGs
[2022-08-15 03:14:48,465] {logging_mixin.py:115} INFO - [2022-08-15 03:14:48,465] {dag.py:2972} INFO - Setting next_dagrun for example_branch_labels to 2022-08-14T00:00:00+00:00, run_after=2022-08-15T00:00:00+00:00
[2022-08-15 03:14:48,488] {processor.py:161} INFO - Processing /home/airflow/.local/lib/python3.7/site-packages/airflow/example_dags/example_branch_labels.py took 0.201 seconds
