[2022-08-15 02:56:32,769] {processor.py:153} INFO - Started process (PID=2299) to work on /home/airflow/.local/lib/python3.7/site-packages/airflow/example_dags/example_bash_operator.py
[2022-08-15 02:56:32,774] {processor.py:641} INFO - Processing file /home/airflow/.local/lib/python3.7/site-packages/airflow/example_dags/example_bash_operator.py for tasks to queue
[2022-08-15 02:56:32,778] {logging_mixin.py:115} INFO - [2022-08-15 02:56:32,777] {dagbag.py:508} INFO - Filling up the DagBag from /home/airflow/.local/lib/python3.7/site-packages/airflow/example_dags/example_bash_operator.py
[2022-08-15 02:56:32,904] {processor.py:651} INFO - DAG(s) dict_keys(['example_bash_operator']) retrieved from /home/airflow/.local/lib/python3.7/site-packages/airflow/example_dags/example_bash_operator.py
[2022-08-15 02:56:33,151] {logging_mixin.py:115} INFO - [2022-08-15 02:56:33,151] {dag.py:2420} INFO - Sync 1 DAGs
[2022-08-15 02:56:33,381] {logging_mixin.py:115} INFO - [2022-08-15 02:56:33,381] {dag.py:2972} INFO - Setting next_dagrun for example_bash_operator to 2022-08-14T00:00:00+00:00, run_after=2022-08-15T00:00:00+00:00
[2022-08-15 02:56:33,478] {processor.py:161} INFO - Processing /home/airflow/.local/lib/python3.7/site-packages/airflow/example_dags/example_bash_operator.py took 0.743 seconds
[2022-08-15 02:57:04,669] {processor.py:153} INFO - Started process (PID=2358) to work on /home/airflow/.local/lib/python3.7/site-packages/airflow/example_dags/example_bash_operator.py
[2022-08-15 02:57:04,675] {processor.py:641} INFO - Processing file /home/airflow/.local/lib/python3.7/site-packages/airflow/example_dags/example_bash_operator.py for tasks to queue
[2022-08-15 02:57:04,680] {logging_mixin.py:115} INFO - [2022-08-15 02:57:04,680] {dagbag.py:508} INFO - Filling up the DagBag from /home/airflow/.local/lib/python3.7/site-packages/airflow/example_dags/example_bash_operator.py
[2022-08-15 02:57:04,805] {processor.py:651} INFO - DAG(s) dict_keys(['example_bash_operator']) retrieved from /home/airflow/.local/lib/python3.7/site-packages/airflow/example_dags/example_bash_operator.py
[2022-08-15 02:57:05,003] {logging_mixin.py:115} INFO - [2022-08-15 02:57:05,002] {dag.py:2420} INFO - Sync 1 DAGs
[2022-08-15 02:57:05,154] {logging_mixin.py:115} INFO - [2022-08-15 02:57:05,153] {dag.py:2972} INFO - Setting next_dagrun for example_bash_operator to 2022-08-14T00:00:00+00:00, run_after=2022-08-15T00:00:00+00:00
[2022-08-15 02:57:05,230] {processor.py:161} INFO - Processing /home/airflow/.local/lib/python3.7/site-packages/airflow/example_dags/example_bash_operator.py took 0.589 seconds
[2022-08-15 02:57:36,129] {processor.py:153} INFO - Started process (PID=2414) to work on /home/airflow/.local/lib/python3.7/site-packages/airflow/example_dags/example_bash_operator.py
[2022-08-15 02:57:36,132] {processor.py:641} INFO - Processing file /home/airflow/.local/lib/python3.7/site-packages/airflow/example_dags/example_bash_operator.py for tasks to queue
[2022-08-15 02:57:36,136] {logging_mixin.py:115} INFO - [2022-08-15 02:57:36,135] {dagbag.py:508} INFO - Filling up the DagBag from /home/airflow/.local/lib/python3.7/site-packages/airflow/example_dags/example_bash_operator.py
[2022-08-15 02:57:36,184] {processor.py:651} INFO - DAG(s) dict_keys(['example_bash_operator']) retrieved from /home/airflow/.local/lib/python3.7/site-packages/airflow/example_dags/example_bash_operator.py
[2022-08-15 02:57:36,269] {logging_mixin.py:115} INFO - [2022-08-15 02:57:36,268] {dag.py:2420} INFO - Sync 1 DAGs
[2022-08-15 02:57:36,367] {logging_mixin.py:115} INFO - [2022-08-15 02:57:36,366] {dag.py:2972} INFO - Setting next_dagrun for example_bash_operator to 2022-08-14T00:00:00+00:00, run_after=2022-08-15T00:00:00+00:00
[2022-08-15 02:57:36,415] {processor.py:161} INFO - Processing /home/airflow/.local/lib/python3.7/site-packages/airflow/example_dags/example_bash_operator.py took 0.296 seconds
[2022-08-15 02:58:07,279] {processor.py:153} INFO - Started process (PID=2470) to work on /home/airflow/.local/lib/python3.7/site-packages/airflow/example_dags/example_bash_operator.py
[2022-08-15 02:58:07,281] {processor.py:641} INFO - Processing file /home/airflow/.local/lib/python3.7/site-packages/airflow/example_dags/example_bash_operator.py for tasks to queue
[2022-08-15 02:58:07,284] {logging_mixin.py:115} INFO - [2022-08-15 02:58:07,283] {dagbag.py:508} INFO - Filling up the DagBag from /home/airflow/.local/lib/python3.7/site-packages/airflow/example_dags/example_bash_operator.py
[2022-08-15 02:58:07,333] {processor.py:651} INFO - DAG(s) dict_keys(['example_bash_operator']) retrieved from /home/airflow/.local/lib/python3.7/site-packages/airflow/example_dags/example_bash_operator.py
[2022-08-15 02:58:07,422] {logging_mixin.py:115} INFO - [2022-08-15 02:58:07,422] {dag.py:2420} INFO - Sync 1 DAGs
[2022-08-15 02:58:07,488] {logging_mixin.py:115} INFO - [2022-08-15 02:58:07,488] {dag.py:2972} INFO - Setting next_dagrun for example_bash_operator to 2022-08-14T00:00:00+00:00, run_after=2022-08-15T00:00:00+00:00
[2022-08-15 02:58:07,526] {processor.py:161} INFO - Processing /home/airflow/.local/lib/python3.7/site-packages/airflow/example_dags/example_bash_operator.py took 0.256 seconds
[2022-08-15 02:58:38,045] {processor.py:153} INFO - Started process (PID=2532) to work on /home/airflow/.local/lib/python3.7/site-packages/airflow/example_dags/example_bash_operator.py
[2022-08-15 02:58:38,047] {processor.py:641} INFO - Processing file /home/airflow/.local/lib/python3.7/site-packages/airflow/example_dags/example_bash_operator.py for tasks to queue
[2022-08-15 02:58:38,057] {logging_mixin.py:115} INFO - [2022-08-15 02:58:38,054] {dagbag.py:508} INFO - Filling up the DagBag from /home/airflow/.local/lib/python3.7/site-packages/airflow/example_dags/example_bash_operator.py
[2022-08-15 02:58:38,154] {processor.py:651} INFO - DAG(s) dict_keys(['example_bash_operator']) retrieved from /home/airflow/.local/lib/python3.7/site-packages/airflow/example_dags/example_bash_operator.py
[2022-08-15 02:58:38,266] {logging_mixin.py:115} INFO - [2022-08-15 02:58:38,266] {dag.py:2420} INFO - Sync 1 DAGs
[2022-08-15 02:58:38,366] {logging_mixin.py:115} INFO - [2022-08-15 02:58:38,365] {dag.py:2972} INFO - Setting next_dagrun for example_bash_operator to 2022-08-14T00:00:00+00:00, run_after=2022-08-15T00:00:00+00:00
[2022-08-15 02:58:38,429] {processor.py:161} INFO - Processing /home/airflow/.local/lib/python3.7/site-packages/airflow/example_dags/example_bash_operator.py took 0.420 seconds
[2022-08-15 02:59:09,207] {processor.py:153} INFO - Started process (PID=2588) to work on /home/airflow/.local/lib/python3.7/site-packages/airflow/example_dags/example_bash_operator.py
[2022-08-15 02:59:09,208] {processor.py:641} INFO - Processing file /home/airflow/.local/lib/python3.7/site-packages/airflow/example_dags/example_bash_operator.py for tasks to queue
[2022-08-15 02:59:09,213] {logging_mixin.py:115} INFO - [2022-08-15 02:59:09,212] {dagbag.py:508} INFO - Filling up the DagBag from /home/airflow/.local/lib/python3.7/site-packages/airflow/example_dags/example_bash_operator.py
[2022-08-15 02:59:09,236] {processor.py:651} INFO - DAG(s) dict_keys(['example_bash_operator']) retrieved from /home/airflow/.local/lib/python3.7/site-packages/airflow/example_dags/example_bash_operator.py
[2022-08-15 02:59:09,292] {logging_mixin.py:115} INFO - [2022-08-15 02:59:09,292] {dag.py:2420} INFO - Sync 1 DAGs
[2022-08-15 02:59:09,348] {logging_mixin.py:115} INFO - [2022-08-15 02:59:09,348] {dag.py:2972} INFO - Setting next_dagrun for example_bash_operator to 2022-08-14T00:00:00+00:00, run_after=2022-08-15T00:00:00+00:00
[2022-08-15 02:59:09,372] {processor.py:161} INFO - Processing /home/airflow/.local/lib/python3.7/site-packages/airflow/example_dags/example_bash_operator.py took 0.176 seconds
[2022-08-15 02:59:39,527] {processor.py:153} INFO - Started process (PID=2641) to work on /home/airflow/.local/lib/python3.7/site-packages/airflow/example_dags/example_bash_operator.py
[2022-08-15 02:59:39,528] {processor.py:641} INFO - Processing file /home/airflow/.local/lib/python3.7/site-packages/airflow/example_dags/example_bash_operator.py for tasks to queue
[2022-08-15 02:59:39,536] {logging_mixin.py:115} INFO - [2022-08-15 02:59:39,535] {dagbag.py:508} INFO - Filling up the DagBag from /home/airflow/.local/lib/python3.7/site-packages/airflow/example_dags/example_bash_operator.py
[2022-08-15 02:59:39,574] {processor.py:651} INFO - DAG(s) dict_keys(['example_bash_operator']) retrieved from /home/airflow/.local/lib/python3.7/site-packages/airflow/example_dags/example_bash_operator.py
[2022-08-15 02:59:39,632] {logging_mixin.py:115} INFO - [2022-08-15 02:59:39,632] {dag.py:2420} INFO - Sync 1 DAGs
[2022-08-15 02:59:39,691] {logging_mixin.py:115} INFO - [2022-08-15 02:59:39,691] {dag.py:2972} INFO - Setting next_dagrun for example_bash_operator to 2022-08-14T00:00:00+00:00, run_after=2022-08-15T00:00:00+00:00
[2022-08-15 02:59:39,729] {processor.py:161} INFO - Processing /home/airflow/.local/lib/python3.7/site-packages/airflow/example_dags/example_bash_operator.py took 0.220 seconds
[2022-08-15 03:00:10,767] {processor.py:153} INFO - Started process (PID=2705) to work on /home/airflow/.local/lib/python3.7/site-packages/airflow/example_dags/example_bash_operator.py
[2022-08-15 03:00:10,769] {processor.py:641} INFO - Processing file /home/airflow/.local/lib/python3.7/site-packages/airflow/example_dags/example_bash_operator.py for tasks to queue
[2022-08-15 03:00:10,774] {logging_mixin.py:115} INFO - [2022-08-15 03:00:10,773] {dagbag.py:508} INFO - Filling up the DagBag from /home/airflow/.local/lib/python3.7/site-packages/airflow/example_dags/example_bash_operator.py
[2022-08-15 03:00:10,821] {processor.py:651} INFO - DAG(s) dict_keys(['example_bash_operator']) retrieved from /home/airflow/.local/lib/python3.7/site-packages/airflow/example_dags/example_bash_operator.py
[2022-08-15 03:00:10,935] {logging_mixin.py:115} INFO - [2022-08-15 03:00:10,935] {dag.py:2420} INFO - Sync 1 DAGs
[2022-08-15 03:00:11,082] {logging_mixin.py:115} INFO - [2022-08-15 03:00:11,070] {dag.py:2972} INFO - Setting next_dagrun for example_bash_operator to 2022-08-14T00:00:00+00:00, run_after=2022-08-15T00:00:00+00:00
[2022-08-15 03:00:11,143] {processor.py:161} INFO - Processing /home/airflow/.local/lib/python3.7/site-packages/airflow/example_dags/example_bash_operator.py took 0.389 seconds
[2022-08-15 03:00:41,429] {processor.py:153} INFO - Started process (PID=2758) to work on /home/airflow/.local/lib/python3.7/site-packages/airflow/example_dags/example_bash_operator.py
[2022-08-15 03:00:41,431] {processor.py:641} INFO - Processing file /home/airflow/.local/lib/python3.7/site-packages/airflow/example_dags/example_bash_operator.py for tasks to queue
[2022-08-15 03:00:41,433] {logging_mixin.py:115} INFO - [2022-08-15 03:00:41,433] {dagbag.py:508} INFO - Filling up the DagBag from /home/airflow/.local/lib/python3.7/site-packages/airflow/example_dags/example_bash_operator.py
[2022-08-15 03:00:41,469] {processor.py:651} INFO - DAG(s) dict_keys(['example_bash_operator']) retrieved from /home/airflow/.local/lib/python3.7/site-packages/airflow/example_dags/example_bash_operator.py
[2022-08-15 03:00:41,584] {logging_mixin.py:115} INFO - [2022-08-15 03:00:41,584] {dag.py:2420} INFO - Sync 1 DAGs
[2022-08-15 03:00:41,738] {logging_mixin.py:115} INFO - [2022-08-15 03:00:41,738] {dag.py:2972} INFO - Setting next_dagrun for example_bash_operator to 2022-08-14T00:00:00+00:00, run_after=2022-08-15T00:00:00+00:00
[2022-08-15 03:00:41,790] {processor.py:161} INFO - Processing /home/airflow/.local/lib/python3.7/site-packages/airflow/example_dags/example_bash_operator.py took 0.367 seconds
[2022-08-15 03:01:11,985] {processor.py:153} INFO - Started process (PID=2811) to work on /home/airflow/.local/lib/python3.7/site-packages/airflow/example_dags/example_bash_operator.py
[2022-08-15 03:01:11,988] {processor.py:641} INFO - Processing file /home/airflow/.local/lib/python3.7/site-packages/airflow/example_dags/example_bash_operator.py for tasks to queue
[2022-08-15 03:01:11,990] {logging_mixin.py:115} INFO - [2022-08-15 03:01:11,989] {dagbag.py:508} INFO - Filling up the DagBag from /home/airflow/.local/lib/python3.7/site-packages/airflow/example_dags/example_bash_operator.py
[2022-08-15 03:01:12,039] {processor.py:651} INFO - DAG(s) dict_keys(['example_bash_operator']) retrieved from /home/airflow/.local/lib/python3.7/site-packages/airflow/example_dags/example_bash_operator.py
[2022-08-15 03:01:12,108] {logging_mixin.py:115} INFO - [2022-08-15 03:01:12,108] {dag.py:2420} INFO - Sync 1 DAGs
[2022-08-15 03:01:12,211] {logging_mixin.py:115} INFO - [2022-08-15 03:01:12,211] {dag.py:2972} INFO - Setting next_dagrun for example_bash_operator to 2022-08-14T00:00:00+00:00, run_after=2022-08-15T00:00:00+00:00
[2022-08-15 03:01:12,246] {processor.py:161} INFO - Processing /home/airflow/.local/lib/python3.7/site-packages/airflow/example_dags/example_bash_operator.py took 0.272 seconds
[2022-08-15 03:01:42,517] {processor.py:153} INFO - Started process (PID=2877) to work on /home/airflow/.local/lib/python3.7/site-packages/airflow/example_dags/example_bash_operator.py
[2022-08-15 03:01:42,519] {processor.py:641} INFO - Processing file /home/airflow/.local/lib/python3.7/site-packages/airflow/example_dags/example_bash_operator.py for tasks to queue
[2022-08-15 03:01:42,522] {logging_mixin.py:115} INFO - [2022-08-15 03:01:42,522] {dagbag.py:508} INFO - Filling up the DagBag from /home/airflow/.local/lib/python3.7/site-packages/airflow/example_dags/example_bash_operator.py
[2022-08-15 03:01:42,545] {processor.py:651} INFO - DAG(s) dict_keys(['example_bash_operator']) retrieved from /home/airflow/.local/lib/python3.7/site-packages/airflow/example_dags/example_bash_operator.py
[2022-08-15 03:01:42,593] {logging_mixin.py:115} INFO - [2022-08-15 03:01:42,593] {dag.py:2420} INFO - Sync 1 DAGs
[2022-08-15 03:01:42,634] {logging_mixin.py:115} INFO - [2022-08-15 03:01:42,634] {dag.py:2972} INFO - Setting next_dagrun for example_bash_operator to 2022-08-14T00:00:00+00:00, run_after=2022-08-15T00:00:00+00:00
[2022-08-15 03:01:42,662] {processor.py:161} INFO - Processing /home/airflow/.local/lib/python3.7/site-packages/airflow/example_dags/example_bash_operator.py took 0.152 seconds
[2022-08-15 03:02:12,931] {processor.py:153} INFO - Started process (PID=2933) to work on /home/airflow/.local/lib/python3.7/site-packages/airflow/example_dags/example_bash_operator.py
[2022-08-15 03:02:12,933] {processor.py:641} INFO - Processing file /home/airflow/.local/lib/python3.7/site-packages/airflow/example_dags/example_bash_operator.py for tasks to queue
[2022-08-15 03:02:12,935] {logging_mixin.py:115} INFO - [2022-08-15 03:02:12,935] {dagbag.py:508} INFO - Filling up the DagBag from /home/airflow/.local/lib/python3.7/site-packages/airflow/example_dags/example_bash_operator.py
[2022-08-15 03:02:13,009] {processor.py:651} INFO - DAG(s) dict_keys(['example_bash_operator']) retrieved from /home/airflow/.local/lib/python3.7/site-packages/airflow/example_dags/example_bash_operator.py
[2022-08-15 03:02:13,094] {logging_mixin.py:115} INFO - [2022-08-15 03:02:13,094] {dag.py:2420} INFO - Sync 1 DAGs
[2022-08-15 03:02:13,228] {logging_mixin.py:115} INFO - [2022-08-15 03:02:13,228] {dag.py:2972} INFO - Setting next_dagrun for example_bash_operator to 2022-08-14T00:00:00+00:00, run_after=2022-08-15T00:00:00+00:00
[2022-08-15 03:02:13,451] {processor.py:161} INFO - Processing /home/airflow/.local/lib/python3.7/site-packages/airflow/example_dags/example_bash_operator.py took 0.526 seconds
[2022-08-15 03:02:44,390] {processor.py:153} INFO - Started process (PID=2995) to work on /home/airflow/.local/lib/python3.7/site-packages/airflow/example_dags/example_bash_operator.py
[2022-08-15 03:02:44,392] {processor.py:641} INFO - Processing file /home/airflow/.local/lib/python3.7/site-packages/airflow/example_dags/example_bash_operator.py for tasks to queue
[2022-08-15 03:02:44,399] {logging_mixin.py:115} INFO - [2022-08-15 03:02:44,399] {dagbag.py:508} INFO - Filling up the DagBag from /home/airflow/.local/lib/python3.7/site-packages/airflow/example_dags/example_bash_operator.py
[2022-08-15 03:02:44,425] {processor.py:651} INFO - DAG(s) dict_keys(['example_bash_operator']) retrieved from /home/airflow/.local/lib/python3.7/site-packages/airflow/example_dags/example_bash_operator.py
[2022-08-15 03:02:44,479] {logging_mixin.py:115} INFO - [2022-08-15 03:02:44,479] {dag.py:2420} INFO - Sync 1 DAGs
[2022-08-15 03:02:44,548] {logging_mixin.py:115} INFO - [2022-08-15 03:02:44,548] {dag.py:2972} INFO - Setting next_dagrun for example_bash_operator to 2022-08-14T00:00:00+00:00, run_after=2022-08-15T00:00:00+00:00
[2022-08-15 03:02:44,580] {processor.py:161} INFO - Processing /home/airflow/.local/lib/python3.7/site-packages/airflow/example_dags/example_bash_operator.py took 0.194 seconds
[2022-08-15 03:03:15,148] {processor.py:153} INFO - Started process (PID=3051) to work on /home/airflow/.local/lib/python3.7/site-packages/airflow/example_dags/example_bash_operator.py
[2022-08-15 03:03:15,150] {processor.py:641} INFO - Processing file /home/airflow/.local/lib/python3.7/site-packages/airflow/example_dags/example_bash_operator.py for tasks to queue
[2022-08-15 03:03:15,155] {logging_mixin.py:115} INFO - [2022-08-15 03:03:15,154] {dagbag.py:508} INFO - Filling up the DagBag from /home/airflow/.local/lib/python3.7/site-packages/airflow/example_dags/example_bash_operator.py
[2022-08-15 03:03:15,228] {processor.py:651} INFO - DAG(s) dict_keys(['example_bash_operator']) retrieved from /home/airflow/.local/lib/python3.7/site-packages/airflow/example_dags/example_bash_operator.py
[2022-08-15 03:03:15,332] {logging_mixin.py:115} INFO - [2022-08-15 03:03:15,331] {dag.py:2420} INFO - Sync 1 DAGs
[2022-08-15 03:03:15,412] {logging_mixin.py:115} INFO - [2022-08-15 03:03:15,412] {dag.py:2972} INFO - Setting next_dagrun for example_bash_operator to 2022-08-14T00:00:00+00:00, run_after=2022-08-15T00:00:00+00:00
[2022-08-15 03:03:15,451] {processor.py:161} INFO - Processing /home/airflow/.local/lib/python3.7/site-packages/airflow/example_dags/example_bash_operator.py took 0.310 seconds
[2022-08-15 03:03:45,935] {processor.py:153} INFO - Started process (PID=3113) to work on /home/airflow/.local/lib/python3.7/site-packages/airflow/example_dags/example_bash_operator.py
[2022-08-15 03:03:45,941] {processor.py:641} INFO - Processing file /home/airflow/.local/lib/python3.7/site-packages/airflow/example_dags/example_bash_operator.py for tasks to queue
[2022-08-15 03:03:45,943] {logging_mixin.py:115} INFO - [2022-08-15 03:03:45,943] {dagbag.py:508} INFO - Filling up the DagBag from /home/airflow/.local/lib/python3.7/site-packages/airflow/example_dags/example_bash_operator.py
[2022-08-15 03:03:46,011] {processor.py:651} INFO - DAG(s) dict_keys(['example_bash_operator']) retrieved from /home/airflow/.local/lib/python3.7/site-packages/airflow/example_dags/example_bash_operator.py
[2022-08-15 03:03:46,137] {logging_mixin.py:115} INFO - [2022-08-15 03:03:46,137] {dag.py:2420} INFO - Sync 1 DAGs
[2022-08-15 03:03:46,246] {logging_mixin.py:115} INFO - [2022-08-15 03:03:46,245] {dag.py:2972} INFO - Setting next_dagrun for example_bash_operator to 2022-08-14T00:00:00+00:00, run_after=2022-08-15T00:00:00+00:00
[2022-08-15 03:03:46,306] {processor.py:161} INFO - Processing /home/airflow/.local/lib/python3.7/site-packages/airflow/example_dags/example_bash_operator.py took 0.382 seconds
[2022-08-15 03:04:16,770] {processor.py:153} INFO - Started process (PID=3166) to work on /home/airflow/.local/lib/python3.7/site-packages/airflow/example_dags/example_bash_operator.py
[2022-08-15 03:04:16,772] {processor.py:641} INFO - Processing file /home/airflow/.local/lib/python3.7/site-packages/airflow/example_dags/example_bash_operator.py for tasks to queue
[2022-08-15 03:04:16,774] {logging_mixin.py:115} INFO - [2022-08-15 03:04:16,774] {dagbag.py:508} INFO - Filling up the DagBag from /home/airflow/.local/lib/python3.7/site-packages/airflow/example_dags/example_bash_operator.py
[2022-08-15 03:04:16,797] {processor.py:651} INFO - DAG(s) dict_keys(['example_bash_operator']) retrieved from /home/airflow/.local/lib/python3.7/site-packages/airflow/example_dags/example_bash_operator.py
[2022-08-15 03:04:16,847] {logging_mixin.py:115} INFO - [2022-08-15 03:04:16,847] {dag.py:2420} INFO - Sync 1 DAGs
[2022-08-15 03:04:16,945] {logging_mixin.py:115} INFO - [2022-08-15 03:04:16,945] {dag.py:2972} INFO - Setting next_dagrun for example_bash_operator to 2022-08-14T00:00:00+00:00, run_after=2022-08-15T00:00:00+00:00
[2022-08-15 03:04:17,006] {processor.py:161} INFO - Processing /home/airflow/.local/lib/python3.7/site-packages/airflow/example_dags/example_bash_operator.py took 0.243 seconds
[2022-08-15 03:04:47,600] {processor.py:153} INFO - Started process (PID=3219) to work on /home/airflow/.local/lib/python3.7/site-packages/airflow/example_dags/example_bash_operator.py
[2022-08-15 03:04:47,608] {processor.py:641} INFO - Processing file /home/airflow/.local/lib/python3.7/site-packages/airflow/example_dags/example_bash_operator.py for tasks to queue
[2022-08-15 03:04:47,615] {logging_mixin.py:115} INFO - [2022-08-15 03:04:47,614] {dagbag.py:508} INFO - Filling up the DagBag from /home/airflow/.local/lib/python3.7/site-packages/airflow/example_dags/example_bash_operator.py
[2022-08-15 03:04:47,781] {processor.py:651} INFO - DAG(s) dict_keys(['example_bash_operator']) retrieved from /home/airflow/.local/lib/python3.7/site-packages/airflow/example_dags/example_bash_operator.py
[2022-08-15 03:04:47,942] {logging_mixin.py:115} INFO - [2022-08-15 03:04:47,941] {dag.py:2420} INFO - Sync 1 DAGs
[2022-08-15 03:04:48,146] {logging_mixin.py:115} INFO - [2022-08-15 03:04:48,144] {dag.py:2972} INFO - Setting next_dagrun for example_bash_operator to 2022-08-14T00:00:00+00:00, run_after=2022-08-15T00:00:00+00:00
[2022-08-15 03:04:48,250] {processor.py:161} INFO - Processing /home/airflow/.local/lib/python3.7/site-packages/airflow/example_dags/example_bash_operator.py took 0.666 seconds
[2022-08-15 03:05:18,465] {processor.py:153} INFO - Started process (PID=3283) to work on /home/airflow/.local/lib/python3.7/site-packages/airflow/example_dags/example_bash_operator.py
[2022-08-15 03:05:18,466] {processor.py:641} INFO - Processing file /home/airflow/.local/lib/python3.7/site-packages/airflow/example_dags/example_bash_operator.py for tasks to queue
[2022-08-15 03:05:18,475] {logging_mixin.py:115} INFO - [2022-08-15 03:05:18,475] {dagbag.py:508} INFO - Filling up the DagBag from /home/airflow/.local/lib/python3.7/site-packages/airflow/example_dags/example_bash_operator.py
[2022-08-15 03:05:18,507] {processor.py:651} INFO - DAG(s) dict_keys(['example_bash_operator']) retrieved from /home/airflow/.local/lib/python3.7/site-packages/airflow/example_dags/example_bash_operator.py
[2022-08-15 03:05:18,554] {logging_mixin.py:115} INFO - [2022-08-15 03:05:18,554] {dag.py:2420} INFO - Sync 1 DAGs
[2022-08-15 03:05:18,595] {logging_mixin.py:115} INFO - [2022-08-15 03:05:18,595] {dag.py:2972} INFO - Setting next_dagrun for example_bash_operator to 2022-08-14T00:00:00+00:00, run_after=2022-08-15T00:00:00+00:00
[2022-08-15 03:05:18,620] {processor.py:161} INFO - Processing /home/airflow/.local/lib/python3.7/site-packages/airflow/example_dags/example_bash_operator.py took 0.162 seconds
[2022-08-15 03:05:49,145] {processor.py:153} INFO - Started process (PID=3340) to work on /home/airflow/.local/lib/python3.7/site-packages/airflow/example_dags/example_bash_operator.py
[2022-08-15 03:05:49,146] {processor.py:641} INFO - Processing file /home/airflow/.local/lib/python3.7/site-packages/airflow/example_dags/example_bash_operator.py for tasks to queue
[2022-08-15 03:05:49,148] {logging_mixin.py:115} INFO - [2022-08-15 03:05:49,148] {dagbag.py:508} INFO - Filling up the DagBag from /home/airflow/.local/lib/python3.7/site-packages/airflow/example_dags/example_bash_operator.py
[2022-08-15 03:05:49,175] {processor.py:651} INFO - DAG(s) dict_keys(['example_bash_operator']) retrieved from /home/airflow/.local/lib/python3.7/site-packages/airflow/example_dags/example_bash_operator.py
[2022-08-15 03:05:49,248] {logging_mixin.py:115} INFO - [2022-08-15 03:05:49,248] {dag.py:2420} INFO - Sync 1 DAGs
[2022-08-15 03:05:49,316] {logging_mixin.py:115} INFO - [2022-08-15 03:05:49,316] {dag.py:2972} INFO - Setting next_dagrun for example_bash_operator to 2022-08-14T00:00:00+00:00, run_after=2022-08-15T00:00:00+00:00
[2022-08-15 03:05:49,370] {processor.py:161} INFO - Processing /home/airflow/.local/lib/python3.7/site-packages/airflow/example_dags/example_bash_operator.py took 0.233 seconds
[2022-08-15 03:06:19,550] {processor.py:153} INFO - Started process (PID=3394) to work on /home/airflow/.local/lib/python3.7/site-packages/airflow/example_dags/example_bash_operator.py
[2022-08-15 03:06:19,553] {processor.py:641} INFO - Processing file /home/airflow/.local/lib/python3.7/site-packages/airflow/example_dags/example_bash_operator.py for tasks to queue
[2022-08-15 03:06:19,556] {logging_mixin.py:115} INFO - [2022-08-15 03:06:19,556] {dagbag.py:508} INFO - Filling up the DagBag from /home/airflow/.local/lib/python3.7/site-packages/airflow/example_dags/example_bash_operator.py
[2022-08-15 03:06:19,610] {processor.py:651} INFO - DAG(s) dict_keys(['example_bash_operator']) retrieved from /home/airflow/.local/lib/python3.7/site-packages/airflow/example_dags/example_bash_operator.py
[2022-08-15 03:06:19,843] {logging_mixin.py:115} INFO - [2022-08-15 03:06:19,843] {dag.py:2420} INFO - Sync 1 DAGs
[2022-08-15 03:06:20,094] {logging_mixin.py:115} INFO - [2022-08-15 03:06:20,093] {dag.py:2972} INFO - Setting next_dagrun for example_bash_operator to 2022-08-14T00:00:00+00:00, run_after=2022-08-15T00:00:00+00:00
[2022-08-15 03:06:20,181] {processor.py:161} INFO - Processing /home/airflow/.local/lib/python3.7/site-packages/airflow/example_dags/example_bash_operator.py took 0.650 seconds
[2022-08-15 03:06:50,643] {processor.py:153} INFO - Started process (PID=3456) to work on /home/airflow/.local/lib/python3.7/site-packages/airflow/example_dags/example_bash_operator.py
[2022-08-15 03:06:50,645] {processor.py:641} INFO - Processing file /home/airflow/.local/lib/python3.7/site-packages/airflow/example_dags/example_bash_operator.py for tasks to queue
[2022-08-15 03:06:50,649] {logging_mixin.py:115} INFO - [2022-08-15 03:06:50,649] {dagbag.py:508} INFO - Filling up the DagBag from /home/airflow/.local/lib/python3.7/site-packages/airflow/example_dags/example_bash_operator.py
[2022-08-15 03:06:50,676] {processor.py:651} INFO - DAG(s) dict_keys(['example_bash_operator']) retrieved from /home/airflow/.local/lib/python3.7/site-packages/airflow/example_dags/example_bash_operator.py
[2022-08-15 03:06:50,738] {logging_mixin.py:115} INFO - [2022-08-15 03:06:50,738] {dag.py:2420} INFO - Sync 1 DAGs
[2022-08-15 03:06:50,788] {logging_mixin.py:115} INFO - [2022-08-15 03:06:50,787] {dag.py:2972} INFO - Setting next_dagrun for example_bash_operator to 2022-08-14T00:00:00+00:00, run_after=2022-08-15T00:00:00+00:00
[2022-08-15 03:06:50,814] {processor.py:161} INFO - Processing /home/airflow/.local/lib/python3.7/site-packages/airflow/example_dags/example_bash_operator.py took 0.180 seconds
[2022-08-15 03:07:20,943] {processor.py:153} INFO - Started process (PID=3511) to work on /home/airflow/.local/lib/python3.7/site-packages/airflow/example_dags/example_bash_operator.py
[2022-08-15 03:07:20,945] {processor.py:641} INFO - Processing file /home/airflow/.local/lib/python3.7/site-packages/airflow/example_dags/example_bash_operator.py for tasks to queue
[2022-08-15 03:07:20,948] {logging_mixin.py:115} INFO - [2022-08-15 03:07:20,947] {dagbag.py:508} INFO - Filling up the DagBag from /home/airflow/.local/lib/python3.7/site-packages/airflow/example_dags/example_bash_operator.py
[2022-08-15 03:07:20,975] {processor.py:651} INFO - DAG(s) dict_keys(['example_bash_operator']) retrieved from /home/airflow/.local/lib/python3.7/site-packages/airflow/example_dags/example_bash_operator.py
[2022-08-15 03:07:21,025] {logging_mixin.py:115} INFO - [2022-08-15 03:07:21,025] {dag.py:2420} INFO - Sync 1 DAGs
[2022-08-15 03:07:21,067] {logging_mixin.py:115} INFO - [2022-08-15 03:07:21,066] {dag.py:2972} INFO - Setting next_dagrun for example_bash_operator to 2022-08-14T00:00:00+00:00, run_after=2022-08-15T00:00:00+00:00
[2022-08-15 03:07:21,100] {processor.py:161} INFO - Processing /home/airflow/.local/lib/python3.7/site-packages/airflow/example_dags/example_bash_operator.py took 0.165 seconds
[2022-08-15 03:07:51,840] {processor.py:153} INFO - Started process (PID=3573) to work on /home/airflow/.local/lib/python3.7/site-packages/airflow/example_dags/example_bash_operator.py
[2022-08-15 03:07:51,848] {processor.py:641} INFO - Processing file /home/airflow/.local/lib/python3.7/site-packages/airflow/example_dags/example_bash_operator.py for tasks to queue
[2022-08-15 03:07:51,857] {logging_mixin.py:115} INFO - [2022-08-15 03:07:51,854] {dagbag.py:508} INFO - Filling up the DagBag from /home/airflow/.local/lib/python3.7/site-packages/airflow/example_dags/example_bash_operator.py
[2022-08-15 03:07:51,965] {processor.py:651} INFO - DAG(s) dict_keys(['example_bash_operator']) retrieved from /home/airflow/.local/lib/python3.7/site-packages/airflow/example_dags/example_bash_operator.py
[2022-08-15 03:07:52,129] {logging_mixin.py:115} INFO - [2022-08-15 03:07:52,129] {dag.py:2420} INFO - Sync 1 DAGs
[2022-08-15 03:07:52,334] {logging_mixin.py:115} INFO - [2022-08-15 03:07:52,333] {dag.py:2972} INFO - Setting next_dagrun for example_bash_operator to 2022-08-14T00:00:00+00:00, run_after=2022-08-15T00:00:00+00:00
[2022-08-15 03:07:52,454] {processor.py:161} INFO - Processing /home/airflow/.local/lib/python3.7/site-packages/airflow/example_dags/example_bash_operator.py took 0.642 seconds
[2022-08-15 03:08:22,933] {processor.py:153} INFO - Started process (PID=3626) to work on /home/airflow/.local/lib/python3.7/site-packages/airflow/example_dags/example_bash_operator.py
[2022-08-15 03:08:22,939] {processor.py:641} INFO - Processing file /home/airflow/.local/lib/python3.7/site-packages/airflow/example_dags/example_bash_operator.py for tasks to queue
[2022-08-15 03:08:22,950] {logging_mixin.py:115} INFO - [2022-08-15 03:08:22,950] {dagbag.py:508} INFO - Filling up the DagBag from /home/airflow/.local/lib/python3.7/site-packages/airflow/example_dags/example_bash_operator.py
[2022-08-15 03:08:23,145] {processor.py:651} INFO - DAG(s) dict_keys(['example_bash_operator']) retrieved from /home/airflow/.local/lib/python3.7/site-packages/airflow/example_dags/example_bash_operator.py
[2022-08-15 03:08:23,283] {logging_mixin.py:115} INFO - [2022-08-15 03:08:23,283] {dag.py:2420} INFO - Sync 1 DAGs
[2022-08-15 03:08:23,430] {logging_mixin.py:115} INFO - [2022-08-15 03:08:23,430] {dag.py:2972} INFO - Setting next_dagrun for example_bash_operator to 2022-08-14T00:00:00+00:00, run_after=2022-08-15T00:00:00+00:00
[2022-08-15 03:08:23,477] {processor.py:161} INFO - Processing /home/airflow/.local/lib/python3.7/site-packages/airflow/example_dags/example_bash_operator.py took 0.578 seconds
[2022-08-15 03:08:53,685] {processor.py:153} INFO - Started process (PID=3681) to work on /home/airflow/.local/lib/python3.7/site-packages/airflow/example_dags/example_bash_operator.py
[2022-08-15 03:08:53,688] {processor.py:641} INFO - Processing file /home/airflow/.local/lib/python3.7/site-packages/airflow/example_dags/example_bash_operator.py for tasks to queue
[2022-08-15 03:08:53,711] {logging_mixin.py:115} INFO - [2022-08-15 03:08:53,711] {dagbag.py:508} INFO - Filling up the DagBag from /home/airflow/.local/lib/python3.7/site-packages/airflow/example_dags/example_bash_operator.py
[2022-08-15 03:08:53,739] {processor.py:651} INFO - DAG(s) dict_keys(['example_bash_operator']) retrieved from /home/airflow/.local/lib/python3.7/site-packages/airflow/example_dags/example_bash_operator.py
[2022-08-15 03:08:53,786] {logging_mixin.py:115} INFO - [2022-08-15 03:08:53,786] {dag.py:2420} INFO - Sync 1 DAGs
[2022-08-15 03:08:53,827] {logging_mixin.py:115} INFO - [2022-08-15 03:08:53,827] {dag.py:2972} INFO - Setting next_dagrun for example_bash_operator to 2022-08-14T00:00:00+00:00, run_after=2022-08-15T00:00:00+00:00
[2022-08-15 03:08:53,845] {processor.py:161} INFO - Processing /home/airflow/.local/lib/python3.7/site-packages/airflow/example_dags/example_bash_operator.py took 0.176 seconds
[2022-08-15 03:09:24,893] {processor.py:153} INFO - Started process (PID=3734) to work on /home/airflow/.local/lib/python3.7/site-packages/airflow/example_dags/example_bash_operator.py
[2022-08-15 03:09:24,898] {processor.py:641} INFO - Processing file /home/airflow/.local/lib/python3.7/site-packages/airflow/example_dags/example_bash_operator.py for tasks to queue
[2022-08-15 03:09:24,902] {logging_mixin.py:115} INFO - [2022-08-15 03:09:24,901] {dagbag.py:508} INFO - Filling up the DagBag from /home/airflow/.local/lib/python3.7/site-packages/airflow/example_dags/example_bash_operator.py
[2022-08-15 03:09:24,926] {processor.py:651} INFO - DAG(s) dict_keys(['example_bash_operator']) retrieved from /home/airflow/.local/lib/python3.7/site-packages/airflow/example_dags/example_bash_operator.py
[2022-08-15 03:09:24,970] {logging_mixin.py:115} INFO - [2022-08-15 03:09:24,970] {dag.py:2420} INFO - Sync 1 DAGs
[2022-08-15 03:09:25,020] {logging_mixin.py:115} INFO - [2022-08-15 03:09:25,020] {dag.py:2972} INFO - Setting next_dagrun for example_bash_operator to 2022-08-14T00:00:00+00:00, run_after=2022-08-15T00:00:00+00:00
[2022-08-15 03:09:25,055] {processor.py:161} INFO - Processing /home/airflow/.local/lib/python3.7/site-packages/airflow/example_dags/example_bash_operator.py took 0.173 seconds
[2022-08-15 03:09:55,693] {processor.py:153} INFO - Started process (PID=3798) to work on /home/airflow/.local/lib/python3.7/site-packages/airflow/example_dags/example_bash_operator.py
[2022-08-15 03:09:55,695] {processor.py:641} INFO - Processing file /home/airflow/.local/lib/python3.7/site-packages/airflow/example_dags/example_bash_operator.py for tasks to queue
[2022-08-15 03:09:55,698] {logging_mixin.py:115} INFO - [2022-08-15 03:09:55,697] {dagbag.py:508} INFO - Filling up the DagBag from /home/airflow/.local/lib/python3.7/site-packages/airflow/example_dags/example_bash_operator.py
[2022-08-15 03:09:55,769] {processor.py:651} INFO - DAG(s) dict_keys(['example_bash_operator']) retrieved from /home/airflow/.local/lib/python3.7/site-packages/airflow/example_dags/example_bash_operator.py
[2022-08-15 03:09:55,844] {logging_mixin.py:115} INFO - [2022-08-15 03:09:55,844] {dag.py:2420} INFO - Sync 1 DAGs
[2022-08-15 03:09:55,890] {logging_mixin.py:115} INFO - [2022-08-15 03:09:55,890] {dag.py:2972} INFO - Setting next_dagrun for example_bash_operator to 2022-08-14T00:00:00+00:00, run_after=2022-08-15T00:00:00+00:00
[2022-08-15 03:09:55,910] {processor.py:161} INFO - Processing /home/airflow/.local/lib/python3.7/site-packages/airflow/example_dags/example_bash_operator.py took 0.224 seconds
[2022-08-15 03:10:26,080] {processor.py:153} INFO - Started process (PID=3855) to work on /home/airflow/.local/lib/python3.7/site-packages/airflow/example_dags/example_bash_operator.py
[2022-08-15 03:10:26,085] {processor.py:641} INFO - Processing file /home/airflow/.local/lib/python3.7/site-packages/airflow/example_dags/example_bash_operator.py for tasks to queue
[2022-08-15 03:10:26,089] {logging_mixin.py:115} INFO - [2022-08-15 03:10:26,088] {dagbag.py:508} INFO - Filling up the DagBag from /home/airflow/.local/lib/python3.7/site-packages/airflow/example_dags/example_bash_operator.py
[2022-08-15 03:10:26,119] {processor.py:651} INFO - DAG(s) dict_keys(['example_bash_operator']) retrieved from /home/airflow/.local/lib/python3.7/site-packages/airflow/example_dags/example_bash_operator.py
[2022-08-15 03:10:26,166] {logging_mixin.py:115} INFO - [2022-08-15 03:10:26,165] {dag.py:2420} INFO - Sync 1 DAGs
[2022-08-15 03:10:26,210] {logging_mixin.py:115} INFO - [2022-08-15 03:10:26,210] {dag.py:2972} INFO - Setting next_dagrun for example_bash_operator to 2022-08-14T00:00:00+00:00, run_after=2022-08-15T00:00:00+00:00
[2022-08-15 03:10:26,236] {processor.py:161} INFO - Processing /home/airflow/.local/lib/python3.7/site-packages/airflow/example_dags/example_bash_operator.py took 0.164 seconds
[2022-08-15 03:10:56,474] {processor.py:153} INFO - Started process (PID=3908) to work on /home/airflow/.local/lib/python3.7/site-packages/airflow/example_dags/example_bash_operator.py
[2022-08-15 03:10:56,478] {processor.py:641} INFO - Processing file /home/airflow/.local/lib/python3.7/site-packages/airflow/example_dags/example_bash_operator.py for tasks to queue
[2022-08-15 03:10:56,482] {logging_mixin.py:115} INFO - [2022-08-15 03:10:56,481] {dagbag.py:508} INFO - Filling up the DagBag from /home/airflow/.local/lib/python3.7/site-packages/airflow/example_dags/example_bash_operator.py
[2022-08-15 03:10:56,526] {processor.py:651} INFO - DAG(s) dict_keys(['example_bash_operator']) retrieved from /home/airflow/.local/lib/python3.7/site-packages/airflow/example_dags/example_bash_operator.py
[2022-08-15 03:10:56,571] {logging_mixin.py:115} INFO - [2022-08-15 03:10:56,571] {dag.py:2420} INFO - Sync 1 DAGs
[2022-08-15 03:10:56,614] {logging_mixin.py:115} INFO - [2022-08-15 03:10:56,614] {dag.py:2972} INFO - Setting next_dagrun for example_bash_operator to 2022-08-14T00:00:00+00:00, run_after=2022-08-15T00:00:00+00:00
[2022-08-15 03:10:56,641] {processor.py:161} INFO - Processing /home/airflow/.local/lib/python3.7/site-packages/airflow/example_dags/example_bash_operator.py took 0.176 seconds
[2022-08-15 03:11:27,228] {processor.py:153} INFO - Started process (PID=3960) to work on /home/airflow/.local/lib/python3.7/site-packages/airflow/example_dags/example_bash_operator.py
[2022-08-15 03:11:27,232] {processor.py:641} INFO - Processing file /home/airflow/.local/lib/python3.7/site-packages/airflow/example_dags/example_bash_operator.py for tasks to queue
[2022-08-15 03:11:27,234] {logging_mixin.py:115} INFO - [2022-08-15 03:11:27,234] {dagbag.py:508} INFO - Filling up the DagBag from /home/airflow/.local/lib/python3.7/site-packages/airflow/example_dags/example_bash_operator.py
[2022-08-15 03:11:27,268] {processor.py:651} INFO - DAG(s) dict_keys(['example_bash_operator']) retrieved from /home/airflow/.local/lib/python3.7/site-packages/airflow/example_dags/example_bash_operator.py
[2022-08-15 03:11:27,340] {logging_mixin.py:115} INFO - [2022-08-15 03:11:27,339] {dag.py:2420} INFO - Sync 1 DAGs
[2022-08-15 03:11:27,411] {logging_mixin.py:115} INFO - [2022-08-15 03:11:27,411] {dag.py:2972} INFO - Setting next_dagrun for example_bash_operator to 2022-08-14T00:00:00+00:00, run_after=2022-08-15T00:00:00+00:00
[2022-08-15 03:11:27,449] {processor.py:161} INFO - Processing /home/airflow/.local/lib/python3.7/site-packages/airflow/example_dags/example_bash_operator.py took 0.228 seconds
[2022-08-15 03:11:58,371] {processor.py:153} INFO - Started process (PID=4021) to work on /home/airflow/.local/lib/python3.7/site-packages/airflow/example_dags/example_bash_operator.py
[2022-08-15 03:11:58,373] {processor.py:641} INFO - Processing file /home/airflow/.local/lib/python3.7/site-packages/airflow/example_dags/example_bash_operator.py for tasks to queue
[2022-08-15 03:11:58,377] {logging_mixin.py:115} INFO - [2022-08-15 03:11:58,377] {dagbag.py:508} INFO - Filling up the DagBag from /home/airflow/.local/lib/python3.7/site-packages/airflow/example_dags/example_bash_operator.py
[2022-08-15 03:11:58,464] {processor.py:651} INFO - DAG(s) dict_keys(['example_bash_operator']) retrieved from /home/airflow/.local/lib/python3.7/site-packages/airflow/example_dags/example_bash_operator.py
[2022-08-15 03:11:58,660] {logging_mixin.py:115} INFO - [2022-08-15 03:11:58,660] {dag.py:2420} INFO - Sync 1 DAGs
[2022-08-15 03:11:58,796] {logging_mixin.py:115} INFO - [2022-08-15 03:11:58,796] {dag.py:2972} INFO - Setting next_dagrun for example_bash_operator to 2022-08-14T00:00:00+00:00, run_after=2022-08-15T00:00:00+00:00
[2022-08-15 03:11:58,845] {processor.py:161} INFO - Processing /home/airflow/.local/lib/python3.7/site-packages/airflow/example_dags/example_bash_operator.py took 0.503 seconds
[2022-08-15 03:12:29,672] {processor.py:153} INFO - Started process (PID=4079) to work on /home/airflow/.local/lib/python3.7/site-packages/airflow/example_dags/example_bash_operator.py
[2022-08-15 03:12:29,684] {processor.py:641} INFO - Processing file /home/airflow/.local/lib/python3.7/site-packages/airflow/example_dags/example_bash_operator.py for tasks to queue
[2022-08-15 03:12:29,713] {logging_mixin.py:115} INFO - [2022-08-15 03:12:29,713] {dagbag.py:508} INFO - Filling up the DagBag from /home/airflow/.local/lib/python3.7/site-packages/airflow/example_dags/example_bash_operator.py
[2022-08-15 03:12:29,839] {processor.py:651} INFO - DAG(s) dict_keys(['example_bash_operator']) retrieved from /home/airflow/.local/lib/python3.7/site-packages/airflow/example_dags/example_bash_operator.py
[2022-08-15 03:12:29,922] {logging_mixin.py:115} INFO - [2022-08-15 03:12:29,922] {dag.py:2420} INFO - Sync 1 DAGs
[2022-08-15 03:12:29,990] {logging_mixin.py:115} INFO - [2022-08-15 03:12:29,990] {dag.py:2972} INFO - Setting next_dagrun for example_bash_operator to 2022-08-14T00:00:00+00:00, run_after=2022-08-15T00:00:00+00:00
[2022-08-15 03:12:30,059] {processor.py:161} INFO - Processing /home/airflow/.local/lib/python3.7/site-packages/airflow/example_dags/example_bash_operator.py took 0.406 seconds
[2022-08-15 03:13:00,817] {processor.py:153} INFO - Started process (PID=4132) to work on /home/airflow/.local/lib/python3.7/site-packages/airflow/example_dags/example_bash_operator.py
[2022-08-15 03:13:00,819] {processor.py:641} INFO - Processing file /home/airflow/.local/lib/python3.7/site-packages/airflow/example_dags/example_bash_operator.py for tasks to queue
[2022-08-15 03:13:00,821] {logging_mixin.py:115} INFO - [2022-08-15 03:13:00,821] {dagbag.py:508} INFO - Filling up the DagBag from /home/airflow/.local/lib/python3.7/site-packages/airflow/example_dags/example_bash_operator.py
[2022-08-15 03:13:00,844] {processor.py:651} INFO - DAG(s) dict_keys(['example_bash_operator']) retrieved from /home/airflow/.local/lib/python3.7/site-packages/airflow/example_dags/example_bash_operator.py
[2022-08-15 03:13:00,895] {logging_mixin.py:115} INFO - [2022-08-15 03:13:00,895] {dag.py:2420} INFO - Sync 1 DAGs
[2022-08-15 03:13:00,941] {logging_mixin.py:115} INFO - [2022-08-15 03:13:00,941] {dag.py:2972} INFO - Setting next_dagrun for example_bash_operator to 2022-08-14T00:00:00+00:00, run_after=2022-08-15T00:00:00+00:00
[2022-08-15 03:13:00,968] {processor.py:161} INFO - Processing /home/airflow/.local/lib/python3.7/site-packages/airflow/example_dags/example_bash_operator.py took 0.158 seconds
[2022-08-15 03:13:31,064] {processor.py:153} INFO - Started process (PID=4195) to work on /home/airflow/.local/lib/python3.7/site-packages/airflow/example_dags/example_bash_operator.py
[2022-08-15 03:13:31,073] {processor.py:641} INFO - Processing file /home/airflow/.local/lib/python3.7/site-packages/airflow/example_dags/example_bash_operator.py for tasks to queue
[2022-08-15 03:13:31,074] {logging_mixin.py:115} INFO - [2022-08-15 03:13:31,074] {dagbag.py:508} INFO - Filling up the DagBag from /home/airflow/.local/lib/python3.7/site-packages/airflow/example_dags/example_bash_operator.py
[2022-08-15 03:13:31,129] {processor.py:651} INFO - DAG(s) dict_keys(['example_bash_operator']) retrieved from /home/airflow/.local/lib/python3.7/site-packages/airflow/example_dags/example_bash_operator.py
[2022-08-15 03:13:31,247] {logging_mixin.py:115} INFO - [2022-08-15 03:13:31,247] {dag.py:2420} INFO - Sync 1 DAGs
[2022-08-15 03:13:31,345] {logging_mixin.py:115} INFO - [2022-08-15 03:13:31,345] {dag.py:2972} INFO - Setting next_dagrun for example_bash_operator to 2022-08-14T00:00:00+00:00, run_after=2022-08-15T00:00:00+00:00
[2022-08-15 03:13:31,402] {processor.py:161} INFO - Processing /home/airflow/.local/lib/python3.7/site-packages/airflow/example_dags/example_bash_operator.py took 0.344 seconds
[2022-08-15 03:14:02,253] {processor.py:153} INFO - Started process (PID=4251) to work on /home/airflow/.local/lib/python3.7/site-packages/airflow/example_dags/example_bash_operator.py
[2022-08-15 03:14:02,255] {processor.py:641} INFO - Processing file /home/airflow/.local/lib/python3.7/site-packages/airflow/example_dags/example_bash_operator.py for tasks to queue
[2022-08-15 03:14:02,259] {logging_mixin.py:115} INFO - [2022-08-15 03:14:02,258] {dagbag.py:508} INFO - Filling up the DagBag from /home/airflow/.local/lib/python3.7/site-packages/airflow/example_dags/example_bash_operator.py
[2022-08-15 03:14:02,338] {processor.py:651} INFO - DAG(s) dict_keys(['example_bash_operator']) retrieved from /home/airflow/.local/lib/python3.7/site-packages/airflow/example_dags/example_bash_operator.py
[2022-08-15 03:14:02,470] {logging_mixin.py:115} INFO - [2022-08-15 03:14:02,469] {dag.py:2420} INFO - Sync 1 DAGs
[2022-08-15 03:14:02,630] {logging_mixin.py:115} INFO - [2022-08-15 03:14:02,623] {dag.py:2972} INFO - Setting next_dagrun for example_bash_operator to 2022-08-14T00:00:00+00:00, run_after=2022-08-15T00:00:00+00:00
[2022-08-15 03:14:02,692] {processor.py:161} INFO - Processing /home/airflow/.local/lib/python3.7/site-packages/airflow/example_dags/example_bash_operator.py took 0.468 seconds
[2022-08-15 03:14:33,103] {processor.py:153} INFO - Started process (PID=4308) to work on /home/airflow/.local/lib/python3.7/site-packages/airflow/example_dags/example_bash_operator.py
[2022-08-15 03:14:33,108] {processor.py:641} INFO - Processing file /home/airflow/.local/lib/python3.7/site-packages/airflow/example_dags/example_bash_operator.py for tasks to queue
[2022-08-15 03:14:33,111] {logging_mixin.py:115} INFO - [2022-08-15 03:14:33,111] {dagbag.py:508} INFO - Filling up the DagBag from /home/airflow/.local/lib/python3.7/site-packages/airflow/example_dags/example_bash_operator.py
[2022-08-15 03:14:33,156] {processor.py:651} INFO - DAG(s) dict_keys(['example_bash_operator']) retrieved from /home/airflow/.local/lib/python3.7/site-packages/airflow/example_dags/example_bash_operator.py
[2022-08-15 03:14:33,227] {logging_mixin.py:115} INFO - [2022-08-15 03:14:33,227] {dag.py:2420} INFO - Sync 1 DAGs
[2022-08-15 03:14:33,281] {logging_mixin.py:115} INFO - [2022-08-15 03:14:33,281] {dag.py:2972} INFO - Setting next_dagrun for example_bash_operator to 2022-08-14T00:00:00+00:00, run_after=2022-08-15T00:00:00+00:00
[2022-08-15 03:14:33,379] {processor.py:161} INFO - Processing /home/airflow/.local/lib/python3.7/site-packages/airflow/example_dags/example_bash_operator.py took 0.255 seconds
