[2022-08-15 02:56:24,947] {processor.py:153} INFO - Started process (PID=2287) to work on /home/airflow/.local/lib/python3.7/site-packages/airflow/example_dags/example_task_group_decorator.py
[2022-08-15 02:56:24,949] {processor.py:641} INFO - Processing file /home/airflow/.local/lib/python3.7/site-packages/airflow/example_dags/example_task_group_decorator.py for tasks to queue
[2022-08-15 02:56:24,954] {logging_mixin.py:115} INFO - [2022-08-15 02:56:24,952] {dagbag.py:508} INFO - Filling up the DagBag from /home/airflow/.local/lib/python3.7/site-packages/airflow/example_dags/example_task_group_decorator.py
[2022-08-15 02:56:25,284] {processor.py:651} INFO - DAG(s) dict_keys(['example_task_group_decorator']) retrieved from /home/airflow/.local/lib/python3.7/site-packages/airflow/example_dags/example_task_group_decorator.py
[2022-08-15 02:56:25,998] {logging_mixin.py:115} INFO - [2022-08-15 02:56:25,997] {dag.py:2420} INFO - Sync 1 DAGs
[2022-08-15 02:56:26,141] {logging_mixin.py:115} INFO - [2022-08-15 02:56:26,141] {dag.py:2972} INFO - Setting next_dagrun for example_task_group_decorator to 2022-08-14T02:56:26.141160+00:00, run_after=2022-08-15T02:56:26.141160+00:00
[2022-08-15 02:56:26,300] {processor.py:161} INFO - Processing /home/airflow/.local/lib/python3.7/site-packages/airflow/example_dags/example_task_group_decorator.py took 1.387 seconds
[2022-08-15 02:56:56,536] {processor.py:153} INFO - Started process (PID=2340) to work on /home/airflow/.local/lib/python3.7/site-packages/airflow/example_dags/example_task_group_decorator.py
[2022-08-15 02:56:56,537] {processor.py:641} INFO - Processing file /home/airflow/.local/lib/python3.7/site-packages/airflow/example_dags/example_task_group_decorator.py for tasks to queue
[2022-08-15 02:56:56,539] {logging_mixin.py:115} INFO - [2022-08-15 02:56:56,539] {dagbag.py:508} INFO - Filling up the DagBag from /home/airflow/.local/lib/python3.7/site-packages/airflow/example_dags/example_task_group_decorator.py
[2022-08-15 02:56:56,575] {processor.py:651} INFO - DAG(s) dict_keys(['example_task_group_decorator']) retrieved from /home/airflow/.local/lib/python3.7/site-packages/airflow/example_dags/example_task_group_decorator.py
[2022-08-15 02:56:56,674] {logging_mixin.py:115} INFO - [2022-08-15 02:56:56,674] {dag.py:2420} INFO - Sync 1 DAGs
[2022-08-15 02:56:56,703] {logging_mixin.py:115} INFO - [2022-08-15 02:56:56,703] {dag.py:2972} INFO - Setting next_dagrun for example_task_group_decorator to 2022-08-14T02:56:56.702770+00:00, run_after=2022-08-15T02:56:56.702770+00:00
[2022-08-15 02:56:56,744] {processor.py:161} INFO - Processing /home/airflow/.local/lib/python3.7/site-packages/airflow/example_dags/example_task_group_decorator.py took 0.216 seconds
[2022-08-15 02:57:27,292] {processor.py:153} INFO - Started process (PID=2393) to work on /home/airflow/.local/lib/python3.7/site-packages/airflow/example_dags/example_task_group_decorator.py
[2022-08-15 02:57:27,294] {processor.py:641} INFO - Processing file /home/airflow/.local/lib/python3.7/site-packages/airflow/example_dags/example_task_group_decorator.py for tasks to queue
[2022-08-15 02:57:27,296] {logging_mixin.py:115} INFO - [2022-08-15 02:57:27,296] {dagbag.py:508} INFO - Filling up the DagBag from /home/airflow/.local/lib/python3.7/site-packages/airflow/example_dags/example_task_group_decorator.py
[2022-08-15 02:57:27,335] {processor.py:651} INFO - DAG(s) dict_keys(['example_task_group_decorator']) retrieved from /home/airflow/.local/lib/python3.7/site-packages/airflow/example_dags/example_task_group_decorator.py
[2022-08-15 02:57:27,434] {logging_mixin.py:115} INFO - [2022-08-15 02:57:27,434] {dag.py:2420} INFO - Sync 1 DAGs
[2022-08-15 02:57:27,462] {logging_mixin.py:115} INFO - [2022-08-15 02:57:27,462] {dag.py:2972} INFO - Setting next_dagrun for example_task_group_decorator to 2022-08-14T02:57:27.462343+00:00, run_after=2022-08-15T02:57:27.462343+00:00
[2022-08-15 02:57:27,487] {processor.py:161} INFO - Processing /home/airflow/.local/lib/python3.7/site-packages/airflow/example_dags/example_task_group_decorator.py took 0.202 seconds
[2022-08-15 02:57:58,304] {processor.py:153} INFO - Started process (PID=2458) to work on /home/airflow/.local/lib/python3.7/site-packages/airflow/example_dags/example_task_group_decorator.py
[2022-08-15 02:57:58,306] {processor.py:641} INFO - Processing file /home/airflow/.local/lib/python3.7/site-packages/airflow/example_dags/example_task_group_decorator.py for tasks to queue
[2022-08-15 02:57:58,309] {logging_mixin.py:115} INFO - [2022-08-15 02:57:58,308] {dagbag.py:508} INFO - Filling up the DagBag from /home/airflow/.local/lib/python3.7/site-packages/airflow/example_dags/example_task_group_decorator.py
[2022-08-15 02:57:58,367] {processor.py:651} INFO - DAG(s) dict_keys(['example_task_group_decorator']) retrieved from /home/airflow/.local/lib/python3.7/site-packages/airflow/example_dags/example_task_group_decorator.py
[2022-08-15 02:57:58,503] {logging_mixin.py:115} INFO - [2022-08-15 02:57:58,502] {dag.py:2420} INFO - Sync 1 DAGs
[2022-08-15 02:57:58,551] {logging_mixin.py:115} INFO - [2022-08-15 02:57:58,550] {dag.py:2972} INFO - Setting next_dagrun for example_task_group_decorator to 2022-08-14T02:57:58.550436+00:00, run_after=2022-08-15T02:57:58.550436+00:00
[2022-08-15 02:57:58,583] {processor.py:161} INFO - Processing /home/airflow/.local/lib/python3.7/site-packages/airflow/example_dags/example_task_group_decorator.py took 0.286 seconds
[2022-08-15 02:58:28,733] {processor.py:153} INFO - Started process (PID=2511) to work on /home/airflow/.local/lib/python3.7/site-packages/airflow/example_dags/example_task_group_decorator.py
[2022-08-15 02:58:28,735] {processor.py:641} INFO - Processing file /home/airflow/.local/lib/python3.7/site-packages/airflow/example_dags/example_task_group_decorator.py for tasks to queue
[2022-08-15 02:58:28,738] {logging_mixin.py:115} INFO - [2022-08-15 02:58:28,738] {dagbag.py:508} INFO - Filling up the DagBag from /home/airflow/.local/lib/python3.7/site-packages/airflow/example_dags/example_task_group_decorator.py
[2022-08-15 02:58:28,780] {processor.py:651} INFO - DAG(s) dict_keys(['example_task_group_decorator']) retrieved from /home/airflow/.local/lib/python3.7/site-packages/airflow/example_dags/example_task_group_decorator.py
[2022-08-15 02:58:28,880] {logging_mixin.py:115} INFO - [2022-08-15 02:58:28,879] {dag.py:2420} INFO - Sync 1 DAGs
[2022-08-15 02:58:28,909] {logging_mixin.py:115} INFO - [2022-08-15 02:58:28,909] {dag.py:2972} INFO - Setting next_dagrun for example_task_group_decorator to 2022-08-14T02:58:28.909021+00:00, run_after=2022-08-15T02:58:28.909021+00:00
[2022-08-15 02:58:28,934] {processor.py:161} INFO - Processing /home/airflow/.local/lib/python3.7/site-packages/airflow/example_dags/example_task_group_decorator.py took 0.208 seconds
[2022-08-15 02:58:59,263] {processor.py:153} INFO - Started process (PID=2566) to work on /home/airflow/.local/lib/python3.7/site-packages/airflow/example_dags/example_task_group_decorator.py
[2022-08-15 02:58:59,267] {processor.py:641} INFO - Processing file /home/airflow/.local/lib/python3.7/site-packages/airflow/example_dags/example_task_group_decorator.py for tasks to queue
[2022-08-15 02:58:59,276] {logging_mixin.py:115} INFO - [2022-08-15 02:58:59,275] {dagbag.py:508} INFO - Filling up the DagBag from /home/airflow/.local/lib/python3.7/site-packages/airflow/example_dags/example_task_group_decorator.py
[2022-08-15 02:58:59,423] {processor.py:651} INFO - DAG(s) dict_keys(['example_task_group_decorator']) retrieved from /home/airflow/.local/lib/python3.7/site-packages/airflow/example_dags/example_task_group_decorator.py
[2022-08-15 02:58:59,617] {logging_mixin.py:115} INFO - [2022-08-15 02:58:59,617] {dag.py:2420} INFO - Sync 1 DAGs
[2022-08-15 02:58:59,655] {logging_mixin.py:115} INFO - [2022-08-15 02:58:59,655] {dag.py:2972} INFO - Setting next_dagrun for example_task_group_decorator to 2022-08-14T02:58:59.654805+00:00, run_after=2022-08-15T02:58:59.654805+00:00
[2022-08-15 02:58:59,689] {processor.py:161} INFO - Processing /home/airflow/.local/lib/python3.7/site-packages/airflow/example_dags/example_task_group_decorator.py took 0.476 seconds
[2022-08-15 02:59:29,814] {processor.py:153} INFO - Started process (PID=2620) to work on /home/airflow/.local/lib/python3.7/site-packages/airflow/example_dags/example_task_group_decorator.py
[2022-08-15 02:59:29,816] {processor.py:641} INFO - Processing file /home/airflow/.local/lib/python3.7/site-packages/airflow/example_dags/example_task_group_decorator.py for tasks to queue
[2022-08-15 02:59:29,834] {logging_mixin.py:115} INFO - [2022-08-15 02:59:29,831] {dagbag.py:508} INFO - Filling up the DagBag from /home/airflow/.local/lib/python3.7/site-packages/airflow/example_dags/example_task_group_decorator.py
[2022-08-15 02:59:29,886] {processor.py:651} INFO - DAG(s) dict_keys(['example_task_group_decorator']) retrieved from /home/airflow/.local/lib/python3.7/site-packages/airflow/example_dags/example_task_group_decorator.py
[2022-08-15 02:59:30,013] {logging_mixin.py:115} INFO - [2022-08-15 02:59:30,012] {dag.py:2420} INFO - Sync 1 DAGs
[2022-08-15 02:59:30,049] {logging_mixin.py:115} INFO - [2022-08-15 02:59:30,049] {dag.py:2972} INFO - Setting next_dagrun for example_task_group_decorator to 2022-08-14T02:59:30.048761+00:00, run_after=2022-08-15T02:59:30.048761+00:00
[2022-08-15 02:59:30,077] {processor.py:161} INFO - Processing /home/airflow/.local/lib/python3.7/site-packages/airflow/example_dags/example_task_group_decorator.py took 0.272 seconds
[2022-08-15 03:00:00,248] {processor.py:153} INFO - Started process (PID=2683) to work on /home/airflow/.local/lib/python3.7/site-packages/airflow/example_dags/example_task_group_decorator.py
[2022-08-15 03:00:00,250] {processor.py:641} INFO - Processing file /home/airflow/.local/lib/python3.7/site-packages/airflow/example_dags/example_task_group_decorator.py for tasks to queue
[2022-08-15 03:00:00,252] {logging_mixin.py:115} INFO - [2022-08-15 03:00:00,252] {dagbag.py:508} INFO - Filling up the DagBag from /home/airflow/.local/lib/python3.7/site-packages/airflow/example_dags/example_task_group_decorator.py
[2022-08-15 03:00:00,329] {processor.py:651} INFO - DAG(s) dict_keys(['example_task_group_decorator']) retrieved from /home/airflow/.local/lib/python3.7/site-packages/airflow/example_dags/example_task_group_decorator.py
[2022-08-15 03:00:00,370] {logging_mixin.py:115} INFO - [2022-08-15 03:00:00,370] {dag.py:2420} INFO - Sync 1 DAGs
[2022-08-15 03:00:00,404] {logging_mixin.py:115} INFO - [2022-08-15 03:00:00,404] {dag.py:2972} INFO - Setting next_dagrun for example_task_group_decorator to 2022-08-14T03:00:00.404060+00:00, run_after=2022-08-15T03:00:00.404060+00:00
[2022-08-15 03:00:00,426] {processor.py:161} INFO - Processing /home/airflow/.local/lib/python3.7/site-packages/airflow/example_dags/example_task_group_decorator.py took 0.185 seconds
[2022-08-15 03:00:30,518] {processor.py:153} INFO - Started process (PID=2737) to work on /home/airflow/.local/lib/python3.7/site-packages/airflow/example_dags/example_task_group_decorator.py
[2022-08-15 03:00:30,528] {processor.py:641} INFO - Processing file /home/airflow/.local/lib/python3.7/site-packages/airflow/example_dags/example_task_group_decorator.py for tasks to queue
[2022-08-15 03:00:30,530] {logging_mixin.py:115} INFO - [2022-08-15 03:00:30,529] {dagbag.py:508} INFO - Filling up the DagBag from /home/airflow/.local/lib/python3.7/site-packages/airflow/example_dags/example_task_group_decorator.py
[2022-08-15 03:00:30,594] {processor.py:651} INFO - DAG(s) dict_keys(['example_task_group_decorator']) retrieved from /home/airflow/.local/lib/python3.7/site-packages/airflow/example_dags/example_task_group_decorator.py
[2022-08-15 03:00:30,728] {logging_mixin.py:115} INFO - [2022-08-15 03:00:30,727] {dag.py:2420} INFO - Sync 1 DAGs
[2022-08-15 03:00:30,799] {logging_mixin.py:115} INFO - [2022-08-15 03:00:30,799] {dag.py:2972} INFO - Setting next_dagrun for example_task_group_decorator to 2022-08-14T03:00:30.798808+00:00, run_after=2022-08-15T03:00:30.798808+00:00
[2022-08-15 03:00:30,828] {processor.py:161} INFO - Processing /home/airflow/.local/lib/python3.7/site-packages/airflow/example_dags/example_task_group_decorator.py took 0.319 seconds
[2022-08-15 03:01:01,127] {processor.py:153} INFO - Started process (PID=2799) to work on /home/airflow/.local/lib/python3.7/site-packages/airflow/example_dags/example_task_group_decorator.py
[2022-08-15 03:01:01,129] {processor.py:641} INFO - Processing file /home/airflow/.local/lib/python3.7/site-packages/airflow/example_dags/example_task_group_decorator.py for tasks to queue
[2022-08-15 03:01:01,131] {logging_mixin.py:115} INFO - [2022-08-15 03:01:01,131] {dagbag.py:508} INFO - Filling up the DagBag from /home/airflow/.local/lib/python3.7/site-packages/airflow/example_dags/example_task_group_decorator.py
[2022-08-15 03:01:01,190] {processor.py:651} INFO - DAG(s) dict_keys(['example_task_group_decorator']) retrieved from /home/airflow/.local/lib/python3.7/site-packages/airflow/example_dags/example_task_group_decorator.py
[2022-08-15 03:01:01,238] {logging_mixin.py:115} INFO - [2022-08-15 03:01:01,238] {dag.py:2420} INFO - Sync 1 DAGs
[2022-08-15 03:01:01,285] {logging_mixin.py:115} INFO - [2022-08-15 03:01:01,285] {dag.py:2972} INFO - Setting next_dagrun for example_task_group_decorator to 2022-08-14T03:01:01.285380+00:00, run_after=2022-08-15T03:01:01.285380+00:00
[2022-08-15 03:01:01,320] {processor.py:161} INFO - Processing /home/airflow/.local/lib/python3.7/site-packages/airflow/example_dags/example_task_group_decorator.py took 0.202 seconds
[2022-08-15 03:01:32,451] {processor.py:153} INFO - Started process (PID=2853) to work on /home/airflow/.local/lib/python3.7/site-packages/airflow/example_dags/example_task_group_decorator.py
[2022-08-15 03:01:32,452] {processor.py:641} INFO - Processing file /home/airflow/.local/lib/python3.7/site-packages/airflow/example_dags/example_task_group_decorator.py for tasks to queue
[2022-08-15 03:01:32,454] {logging_mixin.py:115} INFO - [2022-08-15 03:01:32,454] {dagbag.py:508} INFO - Filling up the DagBag from /home/airflow/.local/lib/python3.7/site-packages/airflow/example_dags/example_task_group_decorator.py
[2022-08-15 03:01:32,576] {processor.py:651} INFO - DAG(s) dict_keys(['example_task_group_decorator']) retrieved from /home/airflow/.local/lib/python3.7/site-packages/airflow/example_dags/example_task_group_decorator.py
[2022-08-15 03:01:32,709] {logging_mixin.py:115} INFO - [2022-08-15 03:01:32,709] {dag.py:2420} INFO - Sync 1 DAGs
[2022-08-15 03:01:32,749] {logging_mixin.py:115} INFO - [2022-08-15 03:01:32,749] {dag.py:2972} INFO - Setting next_dagrun for example_task_group_decorator to 2022-08-14T03:01:32.748902+00:00, run_after=2022-08-15T03:01:32.748902+00:00
[2022-08-15 03:01:32,776] {processor.py:161} INFO - Processing /home/airflow/.local/lib/python3.7/site-packages/airflow/example_dags/example_task_group_decorator.py took 0.333 seconds
[2022-08-15 03:02:03,053] {processor.py:153} INFO - Started process (PID=2921) to work on /home/airflow/.local/lib/python3.7/site-packages/airflow/example_dags/example_task_group_decorator.py
[2022-08-15 03:02:03,054] {processor.py:641} INFO - Processing file /home/airflow/.local/lib/python3.7/site-packages/airflow/example_dags/example_task_group_decorator.py for tasks to queue
[2022-08-15 03:02:03,056] {logging_mixin.py:115} INFO - [2022-08-15 03:02:03,056] {dagbag.py:508} INFO - Filling up the DagBag from /home/airflow/.local/lib/python3.7/site-packages/airflow/example_dags/example_task_group_decorator.py
[2022-08-15 03:02:03,104] {processor.py:651} INFO - DAG(s) dict_keys(['example_task_group_decorator']) retrieved from /home/airflow/.local/lib/python3.7/site-packages/airflow/example_dags/example_task_group_decorator.py
[2022-08-15 03:02:03,151] {logging_mixin.py:115} INFO - [2022-08-15 03:02:03,150] {dag.py:2420} INFO - Sync 1 DAGs
[2022-08-15 03:02:03,233] {logging_mixin.py:115} INFO - [2022-08-15 03:02:03,233] {dag.py:2972} INFO - Setting next_dagrun for example_task_group_decorator to 2022-08-14T03:02:03.232718+00:00, run_after=2022-08-15T03:02:03.232718+00:00
[2022-08-15 03:02:03,253] {processor.py:161} INFO - Processing /home/airflow/.local/lib/python3.7/site-packages/airflow/example_dags/example_task_group_decorator.py took 0.214 seconds
[2022-08-15 03:02:33,360] {processor.py:153} INFO - Started process (PID=2974) to work on /home/airflow/.local/lib/python3.7/site-packages/airflow/example_dags/example_task_group_decorator.py
[2022-08-15 03:02:33,361] {processor.py:641} INFO - Processing file /home/airflow/.local/lib/python3.7/site-packages/airflow/example_dags/example_task_group_decorator.py for tasks to queue
[2022-08-15 03:02:33,363] {logging_mixin.py:115} INFO - [2022-08-15 03:02:33,363] {dagbag.py:508} INFO - Filling up the DagBag from /home/airflow/.local/lib/python3.7/site-packages/airflow/example_dags/example_task_group_decorator.py
[2022-08-15 03:02:33,402] {processor.py:651} INFO - DAG(s) dict_keys(['example_task_group_decorator']) retrieved from /home/airflow/.local/lib/python3.7/site-packages/airflow/example_dags/example_task_group_decorator.py
[2022-08-15 03:02:33,516] {logging_mixin.py:115} INFO - [2022-08-15 03:02:33,515] {dag.py:2420} INFO - Sync 1 DAGs
[2022-08-15 03:02:33,544] {logging_mixin.py:115} INFO - [2022-08-15 03:02:33,544] {dag.py:2972} INFO - Setting next_dagrun for example_task_group_decorator to 2022-08-14T03:02:33.544398+00:00, run_after=2022-08-15T03:02:33.544398+00:00
[2022-08-15 03:02:33,569] {processor.py:161} INFO - Processing /home/airflow/.local/lib/python3.7/site-packages/airflow/example_dags/example_task_group_decorator.py took 0.215 seconds
[2022-08-15 03:03:04,538] {processor.py:153} INFO - Started process (PID=3036) to work on /home/airflow/.local/lib/python3.7/site-packages/airflow/example_dags/example_task_group_decorator.py
[2022-08-15 03:03:04,542] {processor.py:641} INFO - Processing file /home/airflow/.local/lib/python3.7/site-packages/airflow/example_dags/example_task_group_decorator.py for tasks to queue
[2022-08-15 03:03:04,545] {logging_mixin.py:115} INFO - [2022-08-15 03:03:04,544] {dagbag.py:508} INFO - Filling up the DagBag from /home/airflow/.local/lib/python3.7/site-packages/airflow/example_dags/example_task_group_decorator.py
[2022-08-15 03:03:04,661] {processor.py:651} INFO - DAG(s) dict_keys(['example_task_group_decorator']) retrieved from /home/airflow/.local/lib/python3.7/site-packages/airflow/example_dags/example_task_group_decorator.py
[2022-08-15 03:03:05,096] {logging_mixin.py:115} INFO - [2022-08-15 03:03:05,095] {dag.py:2420} INFO - Sync 1 DAGs
[2022-08-15 03:03:05,197] {logging_mixin.py:115} INFO - [2022-08-15 03:03:05,197] {dag.py:2972} INFO - Setting next_dagrun for example_task_group_decorator to 2022-08-14T03:03:05.196899+00:00, run_after=2022-08-15T03:03:05.196899+00:00
[2022-08-15 03:03:05,248] {processor.py:161} INFO - Processing /home/airflow/.local/lib/python3.7/site-packages/airflow/example_dags/example_task_group_decorator.py took 0.724 seconds
[2022-08-15 03:03:36,299] {processor.py:153} INFO - Started process (PID=3091) to work on /home/airflow/.local/lib/python3.7/site-packages/airflow/example_dags/example_task_group_decorator.py
[2022-08-15 03:03:36,303] {processor.py:641} INFO - Processing file /home/airflow/.local/lib/python3.7/site-packages/airflow/example_dags/example_task_group_decorator.py for tasks to queue
[2022-08-15 03:03:36,309] {logging_mixin.py:115} INFO - [2022-08-15 03:03:36,308] {dagbag.py:508} INFO - Filling up the DagBag from /home/airflow/.local/lib/python3.7/site-packages/airflow/example_dags/example_task_group_decorator.py
[2022-08-15 03:03:36,425] {processor.py:651} INFO - DAG(s) dict_keys(['example_task_group_decorator']) retrieved from /home/airflow/.local/lib/python3.7/site-packages/airflow/example_dags/example_task_group_decorator.py
[2022-08-15 03:03:36,552] {logging_mixin.py:115} INFO - [2022-08-15 03:03:36,552] {dag.py:2420} INFO - Sync 1 DAGs
[2022-08-15 03:03:36,597] {logging_mixin.py:115} INFO - [2022-08-15 03:03:36,596] {dag.py:2972} INFO - Setting next_dagrun for example_task_group_decorator to 2022-08-14T03:03:36.596521+00:00, run_after=2022-08-15T03:03:36.596521+00:00
[2022-08-15 03:03:36,638] {processor.py:161} INFO - Processing /home/airflow/.local/lib/python3.7/site-packages/airflow/example_dags/example_task_group_decorator.py took 0.355 seconds
[2022-08-15 03:04:07,158] {processor.py:153} INFO - Started process (PID=3145) to work on /home/airflow/.local/lib/python3.7/site-packages/airflow/example_dags/example_task_group_decorator.py
[2022-08-15 03:04:07,161] {processor.py:641} INFO - Processing file /home/airflow/.local/lib/python3.7/site-packages/airflow/example_dags/example_task_group_decorator.py for tasks to queue
[2022-08-15 03:04:07,165] {logging_mixin.py:115} INFO - [2022-08-15 03:04:07,165] {dagbag.py:508} INFO - Filling up the DagBag from /home/airflow/.local/lib/python3.7/site-packages/airflow/example_dags/example_task_group_decorator.py
[2022-08-15 03:04:07,243] {processor.py:651} INFO - DAG(s) dict_keys(['example_task_group_decorator']) retrieved from /home/airflow/.local/lib/python3.7/site-packages/airflow/example_dags/example_task_group_decorator.py
[2022-08-15 03:04:07,300] {logging_mixin.py:115} INFO - [2022-08-15 03:04:07,300] {dag.py:2420} INFO - Sync 1 DAGs
[2022-08-15 03:04:07,430] {logging_mixin.py:115} INFO - [2022-08-15 03:04:07,423] {dag.py:2972} INFO - Setting next_dagrun for example_task_group_decorator to 2022-08-14T03:04:07.422620+00:00, run_after=2022-08-15T03:04:07.422620+00:00
[2022-08-15 03:04:07,468] {processor.py:161} INFO - Processing /home/airflow/.local/lib/python3.7/site-packages/airflow/example_dags/example_task_group_decorator.py took 0.325 seconds
[2022-08-15 03:04:38,074] {processor.py:153} INFO - Started process (PID=3207) to work on /home/airflow/.local/lib/python3.7/site-packages/airflow/example_dags/example_task_group_decorator.py
[2022-08-15 03:04:38,076] {processor.py:641} INFO - Processing file /home/airflow/.local/lib/python3.7/site-packages/airflow/example_dags/example_task_group_decorator.py for tasks to queue
[2022-08-15 03:04:38,079] {logging_mixin.py:115} INFO - [2022-08-15 03:04:38,078] {dagbag.py:508} INFO - Filling up the DagBag from /home/airflow/.local/lib/python3.7/site-packages/airflow/example_dags/example_task_group_decorator.py
[2022-08-15 03:04:38,306] {processor.py:651} INFO - DAG(s) dict_keys(['example_task_group_decorator']) retrieved from /home/airflow/.local/lib/python3.7/site-packages/airflow/example_dags/example_task_group_decorator.py
[2022-08-15 03:04:38,529] {logging_mixin.py:115} INFO - [2022-08-15 03:04:38,528] {dag.py:2420} INFO - Sync 1 DAGs
[2022-08-15 03:04:38,571] {logging_mixin.py:115} INFO - [2022-08-15 03:04:38,571] {dag.py:2972} INFO - Setting next_dagrun for example_task_group_decorator to 2022-08-14T03:04:38.570984+00:00, run_after=2022-08-15T03:04:38.570984+00:00
[2022-08-15 03:04:38,600] {processor.py:161} INFO - Processing /home/airflow/.local/lib/python3.7/site-packages/airflow/example_dags/example_task_group_decorator.py took 0.560 seconds
[2022-08-15 03:05:08,676] {processor.py:153} INFO - Started process (PID=3262) to work on /home/airflow/.local/lib/python3.7/site-packages/airflow/example_dags/example_task_group_decorator.py
[2022-08-15 03:05:08,682] {processor.py:641} INFO - Processing file /home/airflow/.local/lib/python3.7/site-packages/airflow/example_dags/example_task_group_decorator.py for tasks to queue
[2022-08-15 03:05:08,686] {logging_mixin.py:115} INFO - [2022-08-15 03:05:08,686] {dagbag.py:508} INFO - Filling up the DagBag from /home/airflow/.local/lib/python3.7/site-packages/airflow/example_dags/example_task_group_decorator.py
[2022-08-15 03:05:08,744] {processor.py:651} INFO - DAG(s) dict_keys(['example_task_group_decorator']) retrieved from /home/airflow/.local/lib/python3.7/site-packages/airflow/example_dags/example_task_group_decorator.py
[2022-08-15 03:05:08,956] {logging_mixin.py:115} INFO - [2022-08-15 03:05:08,956] {dag.py:2420} INFO - Sync 1 DAGs
[2022-08-15 03:05:09,005] {logging_mixin.py:115} INFO - [2022-08-15 03:05:09,005] {dag.py:2972} INFO - Setting next_dagrun for example_task_group_decorator to 2022-08-14T03:05:09.004497+00:00, run_after=2022-08-15T03:05:09.004497+00:00
[2022-08-15 03:05:09,051] {processor.py:161} INFO - Processing /home/airflow/.local/lib/python3.7/site-packages/airflow/example_dags/example_task_group_decorator.py took 0.385 seconds
[2022-08-15 03:05:39,265] {processor.py:153} INFO - Started process (PID=3317) to work on /home/airflow/.local/lib/python3.7/site-packages/airflow/example_dags/example_task_group_decorator.py
[2022-08-15 03:05:39,269] {processor.py:641} INFO - Processing file /home/airflow/.local/lib/python3.7/site-packages/airflow/example_dags/example_task_group_decorator.py for tasks to queue
[2022-08-15 03:05:39,271] {logging_mixin.py:115} INFO - [2022-08-15 03:05:39,271] {dagbag.py:508} INFO - Filling up the DagBag from /home/airflow/.local/lib/python3.7/site-packages/airflow/example_dags/example_task_group_decorator.py
[2022-08-15 03:05:39,424] {processor.py:651} INFO - DAG(s) dict_keys(['example_task_group_decorator']) retrieved from /home/airflow/.local/lib/python3.7/site-packages/airflow/example_dags/example_task_group_decorator.py
[2022-08-15 03:05:39,819] {logging_mixin.py:115} INFO - [2022-08-15 03:05:39,818] {dag.py:2420} INFO - Sync 1 DAGs
[2022-08-15 03:05:39,885] {logging_mixin.py:115} INFO - [2022-08-15 03:05:39,885] {dag.py:2972} INFO - Setting next_dagrun for example_task_group_decorator to 2022-08-14T03:05:39.884797+00:00, run_after=2022-08-15T03:05:39.884797+00:00
[2022-08-15 03:05:39,943] {processor.py:161} INFO - Processing /home/airflow/.local/lib/python3.7/site-packages/airflow/example_dags/example_task_group_decorator.py took 0.695 seconds
[2022-08-15 03:06:10,070] {processor.py:153} INFO - Started process (PID=3383) to work on /home/airflow/.local/lib/python3.7/site-packages/airflow/example_dags/example_task_group_decorator.py
[2022-08-15 03:06:10,073] {processor.py:641} INFO - Processing file /home/airflow/.local/lib/python3.7/site-packages/airflow/example_dags/example_task_group_decorator.py for tasks to queue
[2022-08-15 03:06:10,077] {logging_mixin.py:115} INFO - [2022-08-15 03:06:10,076] {dagbag.py:508} INFO - Filling up the DagBag from /home/airflow/.local/lib/python3.7/site-packages/airflow/example_dags/example_task_group_decorator.py
[2022-08-15 03:06:10,187] {processor.py:651} INFO - DAG(s) dict_keys(['example_task_group_decorator']) retrieved from /home/airflow/.local/lib/python3.7/site-packages/airflow/example_dags/example_task_group_decorator.py
[2022-08-15 03:06:10,294] {logging_mixin.py:115} INFO - [2022-08-15 03:06:10,294] {dag.py:2420} INFO - Sync 1 DAGs
[2022-08-15 03:06:10,324] {logging_mixin.py:115} INFO - [2022-08-15 03:06:10,324] {dag.py:2972} INFO - Setting next_dagrun for example_task_group_decorator to 2022-08-14T03:06:10.324146+00:00, run_after=2022-08-15T03:06:10.324146+00:00
[2022-08-15 03:06:10,350] {processor.py:161} INFO - Processing /home/airflow/.local/lib/python3.7/site-packages/airflow/example_dags/example_task_group_decorator.py took 0.291 seconds
[2022-08-15 03:06:40,430] {processor.py:153} INFO - Started process (PID=3435) to work on /home/airflow/.local/lib/python3.7/site-packages/airflow/example_dags/example_task_group_decorator.py
[2022-08-15 03:06:40,432] {processor.py:641} INFO - Processing file /home/airflow/.local/lib/python3.7/site-packages/airflow/example_dags/example_task_group_decorator.py for tasks to queue
[2022-08-15 03:06:40,434] {logging_mixin.py:115} INFO - [2022-08-15 03:06:40,434] {dagbag.py:508} INFO - Filling up the DagBag from /home/airflow/.local/lib/python3.7/site-packages/airflow/example_dags/example_task_group_decorator.py
[2022-08-15 03:06:40,503] {processor.py:651} INFO - DAG(s) dict_keys(['example_task_group_decorator']) retrieved from /home/airflow/.local/lib/python3.7/site-packages/airflow/example_dags/example_task_group_decorator.py
[2022-08-15 03:06:40,669] {logging_mixin.py:115} INFO - [2022-08-15 03:06:40,669] {dag.py:2420} INFO - Sync 1 DAGs
[2022-08-15 03:06:40,708] {logging_mixin.py:115} INFO - [2022-08-15 03:06:40,707] {dag.py:2972} INFO - Setting next_dagrun for example_task_group_decorator to 2022-08-14T03:06:40.707621+00:00, run_after=2022-08-15T03:06:40.707621+00:00
[2022-08-15 03:06:40,731] {processor.py:161} INFO - Processing /home/airflow/.local/lib/python3.7/site-packages/airflow/example_dags/example_task_group_decorator.py took 0.320 seconds
[2022-08-15 03:07:10,863] {processor.py:153} INFO - Started process (PID=3489) to work on /home/airflow/.local/lib/python3.7/site-packages/airflow/example_dags/example_task_group_decorator.py
[2022-08-15 03:07:10,867] {processor.py:641} INFO - Processing file /home/airflow/.local/lib/python3.7/site-packages/airflow/example_dags/example_task_group_decorator.py for tasks to queue
[2022-08-15 03:07:10,871] {logging_mixin.py:115} INFO - [2022-08-15 03:07:10,870] {dagbag.py:508} INFO - Filling up the DagBag from /home/airflow/.local/lib/python3.7/site-packages/airflow/example_dags/example_task_group_decorator.py
[2022-08-15 03:07:11,178] {processor.py:651} INFO - DAG(s) dict_keys(['example_task_group_decorator']) retrieved from /home/airflow/.local/lib/python3.7/site-packages/airflow/example_dags/example_task_group_decorator.py
[2022-08-15 03:07:11,448] {logging_mixin.py:115} INFO - [2022-08-15 03:07:11,448] {dag.py:2420} INFO - Sync 1 DAGs
[2022-08-15 03:07:11,489] {logging_mixin.py:115} INFO - [2022-08-15 03:07:11,489] {dag.py:2972} INFO - Setting next_dagrun for example_task_group_decorator to 2022-08-14T03:07:11.489351+00:00, run_after=2022-08-15T03:07:11.489351+00:00
[2022-08-15 03:07:11,530] {processor.py:161} INFO - Processing /home/airflow/.local/lib/python3.7/site-packages/airflow/example_dags/example_task_group_decorator.py took 0.689 seconds
[2022-08-15 03:07:42,089] {processor.py:153} INFO - Started process (PID=3554) to work on /home/airflow/.local/lib/python3.7/site-packages/airflow/example_dags/example_task_group_decorator.py
[2022-08-15 03:07:42,091] {processor.py:641} INFO - Processing file /home/airflow/.local/lib/python3.7/site-packages/airflow/example_dags/example_task_group_decorator.py for tasks to queue
[2022-08-15 03:07:42,093] {logging_mixin.py:115} INFO - [2022-08-15 03:07:42,093] {dagbag.py:508} INFO - Filling up the DagBag from /home/airflow/.local/lib/python3.7/site-packages/airflow/example_dags/example_task_group_decorator.py
[2022-08-15 03:07:42,149] {processor.py:651} INFO - DAG(s) dict_keys(['example_task_group_decorator']) retrieved from /home/airflow/.local/lib/python3.7/site-packages/airflow/example_dags/example_task_group_decorator.py
[2022-08-15 03:07:42,304] {logging_mixin.py:115} INFO - [2022-08-15 03:07:42,304] {dag.py:2420} INFO - Sync 1 DAGs
[2022-08-15 03:07:42,336] {logging_mixin.py:115} INFO - [2022-08-15 03:07:42,336] {dag.py:2972} INFO - Setting next_dagrun for example_task_group_decorator to 2022-08-14T03:07:42.335684+00:00, run_after=2022-08-15T03:07:42.335684+00:00
[2022-08-15 03:07:42,358] {processor.py:161} INFO - Processing /home/airflow/.local/lib/python3.7/site-packages/airflow/example_dags/example_task_group_decorator.py took 0.277 seconds
[2022-08-15 03:08:12,901] {processor.py:153} INFO - Started process (PID=3607) to work on /home/airflow/.local/lib/python3.7/site-packages/airflow/example_dags/example_task_group_decorator.py
[2022-08-15 03:08:12,903] {processor.py:641} INFO - Processing file /home/airflow/.local/lib/python3.7/site-packages/airflow/example_dags/example_task_group_decorator.py for tasks to queue
[2022-08-15 03:08:12,906] {logging_mixin.py:115} INFO - [2022-08-15 03:08:12,905] {dagbag.py:508} INFO - Filling up the DagBag from /home/airflow/.local/lib/python3.7/site-packages/airflow/example_dags/example_task_group_decorator.py
[2022-08-15 03:08:12,957] {processor.py:651} INFO - DAG(s) dict_keys(['example_task_group_decorator']) retrieved from /home/airflow/.local/lib/python3.7/site-packages/airflow/example_dags/example_task_group_decorator.py
[2022-08-15 03:08:13,266] {logging_mixin.py:115} INFO - [2022-08-15 03:08:13,266] {dag.py:2420} INFO - Sync 1 DAGs
[2022-08-15 03:08:13,343] {logging_mixin.py:115} INFO - [2022-08-15 03:08:13,342] {dag.py:2972} INFO - Setting next_dagrun for example_task_group_decorator to 2022-08-14T03:08:13.341505+00:00, run_after=2022-08-15T03:08:13.341505+00:00
[2022-08-15 03:08:13,379] {processor.py:161} INFO - Processing /home/airflow/.local/lib/python3.7/site-packages/airflow/example_dags/example_task_group_decorator.py took 0.485 seconds
[2022-08-15 03:08:43,534] {processor.py:153} INFO - Started process (PID=3661) to work on /home/airflow/.local/lib/python3.7/site-packages/airflow/example_dags/example_task_group_decorator.py
[2022-08-15 03:08:43,537] {processor.py:641} INFO - Processing file /home/airflow/.local/lib/python3.7/site-packages/airflow/example_dags/example_task_group_decorator.py for tasks to queue
[2022-08-15 03:08:43,539] {logging_mixin.py:115} INFO - [2022-08-15 03:08:43,539] {dagbag.py:508} INFO - Filling up the DagBag from /home/airflow/.local/lib/python3.7/site-packages/airflow/example_dags/example_task_group_decorator.py
[2022-08-15 03:08:43,587] {processor.py:651} INFO - DAG(s) dict_keys(['example_task_group_decorator']) retrieved from /home/airflow/.local/lib/python3.7/site-packages/airflow/example_dags/example_task_group_decorator.py
[2022-08-15 03:08:43,715] {logging_mixin.py:115} INFO - [2022-08-15 03:08:43,714] {dag.py:2420} INFO - Sync 1 DAGs
[2022-08-15 03:08:43,763] {logging_mixin.py:115} INFO - [2022-08-15 03:08:43,763] {dag.py:2972} INFO - Setting next_dagrun for example_task_group_decorator to 2022-08-14T03:08:43.762830+00:00, run_after=2022-08-15T03:08:43.762830+00:00
[2022-08-15 03:08:43,803] {processor.py:161} INFO - Processing /home/airflow/.local/lib/python3.7/site-packages/airflow/example_dags/example_task_group_decorator.py took 0.288 seconds
[2022-08-15 03:09:13,872] {processor.py:153} INFO - Started process (PID=3714) to work on /home/airflow/.local/lib/python3.7/site-packages/airflow/example_dags/example_task_group_decorator.py
[2022-08-15 03:09:13,874] {processor.py:641} INFO - Processing file /home/airflow/.local/lib/python3.7/site-packages/airflow/example_dags/example_task_group_decorator.py for tasks to queue
[2022-08-15 03:09:13,876] {logging_mixin.py:115} INFO - [2022-08-15 03:09:13,876] {dagbag.py:508} INFO - Filling up the DagBag from /home/airflow/.local/lib/python3.7/site-packages/airflow/example_dags/example_task_group_decorator.py
[2022-08-15 03:09:13,915] {processor.py:651} INFO - DAG(s) dict_keys(['example_task_group_decorator']) retrieved from /home/airflow/.local/lib/python3.7/site-packages/airflow/example_dags/example_task_group_decorator.py
[2022-08-15 03:09:14,036] {logging_mixin.py:115} INFO - [2022-08-15 03:09:14,036] {dag.py:2420} INFO - Sync 1 DAGs
[2022-08-15 03:09:14,089] {logging_mixin.py:115} INFO - [2022-08-15 03:09:14,089] {dag.py:2972} INFO - Setting next_dagrun for example_task_group_decorator to 2022-08-14T03:09:14.088736+00:00, run_after=2022-08-15T03:09:14.088736+00:00
[2022-08-15 03:09:14,115] {processor.py:161} INFO - Processing /home/airflow/.local/lib/python3.7/site-packages/airflow/example_dags/example_task_group_decorator.py took 0.252 seconds
[2022-08-15 03:09:44,578] {processor.py:153} INFO - Started process (PID=3776) to work on /home/airflow/.local/lib/python3.7/site-packages/airflow/example_dags/example_task_group_decorator.py
[2022-08-15 03:09:44,580] {processor.py:641} INFO - Processing file /home/airflow/.local/lib/python3.7/site-packages/airflow/example_dags/example_task_group_decorator.py for tasks to queue
[2022-08-15 03:09:44,589] {logging_mixin.py:115} INFO - [2022-08-15 03:09:44,589] {dagbag.py:508} INFO - Filling up the DagBag from /home/airflow/.local/lib/python3.7/site-packages/airflow/example_dags/example_task_group_decorator.py
[2022-08-15 03:09:44,664] {processor.py:651} INFO - DAG(s) dict_keys(['example_task_group_decorator']) retrieved from /home/airflow/.local/lib/python3.7/site-packages/airflow/example_dags/example_task_group_decorator.py
[2022-08-15 03:09:44,816] {logging_mixin.py:115} INFO - [2022-08-15 03:09:44,816] {dag.py:2420} INFO - Sync 1 DAGs
[2022-08-15 03:09:44,846] {logging_mixin.py:115} INFO - [2022-08-15 03:09:44,845] {dag.py:2972} INFO - Setting next_dagrun for example_task_group_decorator to 2022-08-14T03:09:44.845526+00:00, run_after=2022-08-15T03:09:44.845526+00:00
[2022-08-15 03:09:44,868] {processor.py:161} INFO - Processing /home/airflow/.local/lib/python3.7/site-packages/airflow/example_dags/example_task_group_decorator.py took 0.302 seconds
[2022-08-15 03:10:15,230] {processor.py:153} INFO - Started process (PID=3834) to work on /home/airflow/.local/lib/python3.7/site-packages/airflow/example_dags/example_task_group_decorator.py
[2022-08-15 03:10:15,235] {processor.py:641} INFO - Processing file /home/airflow/.local/lib/python3.7/site-packages/airflow/example_dags/example_task_group_decorator.py for tasks to queue
[2022-08-15 03:10:15,241] {logging_mixin.py:115} INFO - [2022-08-15 03:10:15,240] {dagbag.py:508} INFO - Filling up the DagBag from /home/airflow/.local/lib/python3.7/site-packages/airflow/example_dags/example_task_group_decorator.py
[2022-08-15 03:10:15,752] {processor.py:651} INFO - DAG(s) dict_keys(['example_task_group_decorator']) retrieved from /home/airflow/.local/lib/python3.7/site-packages/airflow/example_dags/example_task_group_decorator.py
[2022-08-15 03:10:16,808] {logging_mixin.py:115} INFO - [2022-08-15 03:10:16,808] {dag.py:2420} INFO - Sync 1 DAGs
[2022-08-15 03:10:17,191] {logging_mixin.py:115} INFO - [2022-08-15 03:10:17,190] {dag.py:2972} INFO - Setting next_dagrun for example_task_group_decorator to 2022-08-14T03:10:17.190132+00:00, run_after=2022-08-15T03:10:17.190132+00:00
[2022-08-15 03:10:17,435] {processor.py:161} INFO - Processing /home/airflow/.local/lib/python3.7/site-packages/airflow/example_dags/example_task_group_decorator.py took 2.229 seconds
[2022-08-15 03:10:47,747] {processor.py:153} INFO - Started process (PID=3888) to work on /home/airflow/.local/lib/python3.7/site-packages/airflow/example_dags/example_task_group_decorator.py
[2022-08-15 03:10:47,749] {processor.py:641} INFO - Processing file /home/airflow/.local/lib/python3.7/site-packages/airflow/example_dags/example_task_group_decorator.py for tasks to queue
[2022-08-15 03:10:47,752] {logging_mixin.py:115} INFO - [2022-08-15 03:10:47,752] {dagbag.py:508} INFO - Filling up the DagBag from /home/airflow/.local/lib/python3.7/site-packages/airflow/example_dags/example_task_group_decorator.py
[2022-08-15 03:10:47,883] {processor.py:651} INFO - DAG(s) dict_keys(['example_task_group_decorator']) retrieved from /home/airflow/.local/lib/python3.7/site-packages/airflow/example_dags/example_task_group_decorator.py
[2022-08-15 03:10:48,129] {logging_mixin.py:115} INFO - [2022-08-15 03:10:48,128] {dag.py:2420} INFO - Sync 1 DAGs
[2022-08-15 03:10:48,198] {logging_mixin.py:115} INFO - [2022-08-15 03:10:48,198] {dag.py:2972} INFO - Setting next_dagrun for example_task_group_decorator to 2022-08-14T03:10:48.197732+00:00, run_after=2022-08-15T03:10:48.197732+00:00
[2022-08-15 03:10:48,268] {processor.py:161} INFO - Processing /home/airflow/.local/lib/python3.7/site-packages/airflow/example_dags/example_task_group_decorator.py took 0.536 seconds
[2022-08-15 03:11:18,811] {processor.py:153} INFO - Started process (PID=3949) to work on /home/airflow/.local/lib/python3.7/site-packages/airflow/example_dags/example_task_group_decorator.py
[2022-08-15 03:11:18,822] {processor.py:641} INFO - Processing file /home/airflow/.local/lib/python3.7/site-packages/airflow/example_dags/example_task_group_decorator.py for tasks to queue
[2022-08-15 03:11:18,827] {logging_mixin.py:115} INFO - [2022-08-15 03:11:18,826] {dagbag.py:508} INFO - Filling up the DagBag from /home/airflow/.local/lib/python3.7/site-packages/airflow/example_dags/example_task_group_decorator.py
[2022-08-15 03:11:19,098] {processor.py:651} INFO - DAG(s) dict_keys(['example_task_group_decorator']) retrieved from /home/airflow/.local/lib/python3.7/site-packages/airflow/example_dags/example_task_group_decorator.py
[2022-08-15 03:11:19,691] {logging_mixin.py:115} INFO - [2022-08-15 03:11:19,691] {dag.py:2420} INFO - Sync 1 DAGs
[2022-08-15 03:11:19,852] {logging_mixin.py:115} INFO - [2022-08-15 03:11:19,852] {dag.py:2972} INFO - Setting next_dagrun for example_task_group_decorator to 2022-08-14T03:11:19.852395+00:00, run_after=2022-08-15T03:11:19.852395+00:00
[2022-08-15 03:11:19,919] {processor.py:161} INFO - Processing /home/airflow/.local/lib/python3.7/site-packages/airflow/example_dags/example_task_group_decorator.py took 1.144 seconds
[2022-08-15 03:11:50,488] {processor.py:153} INFO - Started process (PID=4003) to work on /home/airflow/.local/lib/python3.7/site-packages/airflow/example_dags/example_task_group_decorator.py
[2022-08-15 03:11:50,490] {processor.py:641} INFO - Processing file /home/airflow/.local/lib/python3.7/site-packages/airflow/example_dags/example_task_group_decorator.py for tasks to queue
[2022-08-15 03:11:50,495] {logging_mixin.py:115} INFO - [2022-08-15 03:11:50,494] {dagbag.py:508} INFO - Filling up the DagBag from /home/airflow/.local/lib/python3.7/site-packages/airflow/example_dags/example_task_group_decorator.py
[2022-08-15 03:11:50,531] {processor.py:651} INFO - DAG(s) dict_keys(['example_task_group_decorator']) retrieved from /home/airflow/.local/lib/python3.7/site-packages/airflow/example_dags/example_task_group_decorator.py
[2022-08-15 03:11:50,629] {logging_mixin.py:115} INFO - [2022-08-15 03:11:50,629] {dag.py:2420} INFO - Sync 1 DAGs
[2022-08-15 03:11:50,662] {logging_mixin.py:115} INFO - [2022-08-15 03:11:50,662] {dag.py:2972} INFO - Setting next_dagrun for example_task_group_decorator to 2022-08-14T03:11:50.662135+00:00, run_after=2022-08-15T03:11:50.662135+00:00
[2022-08-15 03:11:50,695] {processor.py:161} INFO - Processing /home/airflow/.local/lib/python3.7/site-packages/airflow/example_dags/example_task_group_decorator.py took 0.213 seconds
[2022-08-15 03:12:21,217] {processor.py:153} INFO - Started process (PID=4059) to work on /home/airflow/.local/lib/python3.7/site-packages/airflow/example_dags/example_task_group_decorator.py
[2022-08-15 03:12:21,219] {processor.py:641} INFO - Processing file /home/airflow/.local/lib/python3.7/site-packages/airflow/example_dags/example_task_group_decorator.py for tasks to queue
[2022-08-15 03:12:21,227] {logging_mixin.py:115} INFO - [2022-08-15 03:12:21,227] {dagbag.py:508} INFO - Filling up the DagBag from /home/airflow/.local/lib/python3.7/site-packages/airflow/example_dags/example_task_group_decorator.py
[2022-08-15 03:12:21,280] {processor.py:651} INFO - DAG(s) dict_keys(['example_task_group_decorator']) retrieved from /home/airflow/.local/lib/python3.7/site-packages/airflow/example_dags/example_task_group_decorator.py
[2022-08-15 03:12:21,325] {logging_mixin.py:115} INFO - [2022-08-15 03:12:21,325] {dag.py:2420} INFO - Sync 1 DAGs
[2022-08-15 03:12:21,359] {logging_mixin.py:115} INFO - [2022-08-15 03:12:21,359] {dag.py:2972} INFO - Setting next_dagrun for example_task_group_decorator to 2022-08-14T03:12:21.358724+00:00, run_after=2022-08-15T03:12:21.358724+00:00
[2022-08-15 03:12:21,381] {processor.py:161} INFO - Processing /home/airflow/.local/lib/python3.7/site-packages/airflow/example_dags/example_task_group_decorator.py took 0.172 seconds
[2022-08-15 03:12:51,787] {processor.py:153} INFO - Started process (PID=4112) to work on /home/airflow/.local/lib/python3.7/site-packages/airflow/example_dags/example_task_group_decorator.py
[2022-08-15 03:12:51,789] {processor.py:641} INFO - Processing file /home/airflow/.local/lib/python3.7/site-packages/airflow/example_dags/example_task_group_decorator.py for tasks to queue
[2022-08-15 03:12:51,792] {logging_mixin.py:115} INFO - [2022-08-15 03:12:51,791] {dagbag.py:508} INFO - Filling up the DagBag from /home/airflow/.local/lib/python3.7/site-packages/airflow/example_dags/example_task_group_decorator.py
[2022-08-15 03:12:51,863] {processor.py:651} INFO - DAG(s) dict_keys(['example_task_group_decorator']) retrieved from /home/airflow/.local/lib/python3.7/site-packages/airflow/example_dags/example_task_group_decorator.py
[2022-08-15 03:12:51,969] {logging_mixin.py:115} INFO - [2022-08-15 03:12:51,969] {dag.py:2420} INFO - Sync 1 DAGs
[2022-08-15 03:12:52,049] {logging_mixin.py:115} INFO - [2022-08-15 03:12:52,048] {dag.py:2972} INFO - Setting next_dagrun for example_task_group_decorator to 2022-08-14T03:12:52.048539+00:00, run_after=2022-08-15T03:12:52.048539+00:00
[2022-08-15 03:12:52,088] {processor.py:161} INFO - Processing /home/airflow/.local/lib/python3.7/site-packages/airflow/example_dags/example_task_group_decorator.py took 0.308 seconds
[2022-08-15 03:13:22,147] {processor.py:153} INFO - Started process (PID=4175) to work on /home/airflow/.local/lib/python3.7/site-packages/airflow/example_dags/example_task_group_decorator.py
[2022-08-15 03:13:22,149] {processor.py:641} INFO - Processing file /home/airflow/.local/lib/python3.7/site-packages/airflow/example_dags/example_task_group_decorator.py for tasks to queue
[2022-08-15 03:13:22,151] {logging_mixin.py:115} INFO - [2022-08-15 03:13:22,151] {dagbag.py:508} INFO - Filling up the DagBag from /home/airflow/.local/lib/python3.7/site-packages/airflow/example_dags/example_task_group_decorator.py
[2022-08-15 03:13:22,189] {processor.py:651} INFO - DAG(s) dict_keys(['example_task_group_decorator']) retrieved from /home/airflow/.local/lib/python3.7/site-packages/airflow/example_dags/example_task_group_decorator.py
[2022-08-15 03:13:22,254] {logging_mixin.py:115} INFO - [2022-08-15 03:13:22,254] {dag.py:2420} INFO - Sync 1 DAGs
[2022-08-15 03:13:22,316] {logging_mixin.py:115} INFO - [2022-08-15 03:13:22,315] {dag.py:2972} INFO - Setting next_dagrun for example_task_group_decorator to 2022-08-14T03:13:22.315453+00:00, run_after=2022-08-15T03:13:22.315453+00:00
[2022-08-15 03:13:22,340] {processor.py:161} INFO - Processing /home/airflow/.local/lib/python3.7/site-packages/airflow/example_dags/example_task_group_decorator.py took 0.200 seconds
[2022-08-15 03:13:53,079] {processor.py:153} INFO - Started process (PID=4231) to work on /home/airflow/.local/lib/python3.7/site-packages/airflow/example_dags/example_task_group_decorator.py
[2022-08-15 03:13:53,081] {processor.py:641} INFO - Processing file /home/airflow/.local/lib/python3.7/site-packages/airflow/example_dags/example_task_group_decorator.py for tasks to queue
[2022-08-15 03:13:53,083] {logging_mixin.py:115} INFO - [2022-08-15 03:13:53,083] {dagbag.py:508} INFO - Filling up the DagBag from /home/airflow/.local/lib/python3.7/site-packages/airflow/example_dags/example_task_group_decorator.py
[2022-08-15 03:13:53,122] {processor.py:651} INFO - DAG(s) dict_keys(['example_task_group_decorator']) retrieved from /home/airflow/.local/lib/python3.7/site-packages/airflow/example_dags/example_task_group_decorator.py
[2022-08-15 03:13:53,237] {logging_mixin.py:115} INFO - [2022-08-15 03:13:53,237] {dag.py:2420} INFO - Sync 1 DAGs
[2022-08-15 03:13:53,271] {logging_mixin.py:115} INFO - [2022-08-15 03:13:53,271] {dag.py:2972} INFO - Setting next_dagrun for example_task_group_decorator to 2022-08-14T03:13:53.271281+00:00, run_after=2022-08-15T03:13:53.271281+00:00
[2022-08-15 03:13:53,296] {processor.py:161} INFO - Processing /home/airflow/.local/lib/python3.7/site-packages/airflow/example_dags/example_task_group_decorator.py took 0.224 seconds
[2022-08-15 03:14:23,389] {processor.py:153} INFO - Started process (PID=4286) to work on /home/airflow/.local/lib/python3.7/site-packages/airflow/example_dags/example_task_group_decorator.py
[2022-08-15 03:14:23,393] {processor.py:641} INFO - Processing file /home/airflow/.local/lib/python3.7/site-packages/airflow/example_dags/example_task_group_decorator.py for tasks to queue
[2022-08-15 03:14:23,395] {logging_mixin.py:115} INFO - [2022-08-15 03:14:23,395] {dagbag.py:508} INFO - Filling up the DagBag from /home/airflow/.local/lib/python3.7/site-packages/airflow/example_dags/example_task_group_decorator.py
[2022-08-15 03:14:23,434] {processor.py:651} INFO - DAG(s) dict_keys(['example_task_group_decorator']) retrieved from /home/airflow/.local/lib/python3.7/site-packages/airflow/example_dags/example_task_group_decorator.py
[2022-08-15 03:14:23,567] {logging_mixin.py:115} INFO - [2022-08-15 03:14:23,567] {dag.py:2420} INFO - Sync 1 DAGs
[2022-08-15 03:14:23,604] {logging_mixin.py:115} INFO - [2022-08-15 03:14:23,604] {dag.py:2972} INFO - Setting next_dagrun for example_task_group_decorator to 2022-08-14T03:14:23.603730+00:00, run_after=2022-08-15T03:14:23.603730+00:00
[2022-08-15 03:14:23,632] {processor.py:161} INFO - Processing /home/airflow/.local/lib/python3.7/site-packages/airflow/example_dags/example_task_group_decorator.py took 0.256 seconds
