[2022-08-15 02:56:31,386] {processor.py:153} INFO - Started process (PID=2296) to work on /home/airflow/.local/lib/python3.7/site-packages/airflow/example_dags/example_short_circuit_operator.py
[2022-08-15 02:56:31,394] {processor.py:641} INFO - Processing file /home/airflow/.local/lib/python3.7/site-packages/airflow/example_dags/example_short_circuit_operator.py for tasks to queue
[2022-08-15 02:56:31,397] {logging_mixin.py:115} INFO - [2022-08-15 02:56:31,397] {dagbag.py:508} INFO - Filling up the DagBag from /home/airflow/.local/lib/python3.7/site-packages/airflow/example_dags/example_short_circuit_operator.py
[2022-08-15 02:56:31,495] {processor.py:651} INFO - DAG(s) dict_keys(['example_short_circuit_operator']) retrieved from /home/airflow/.local/lib/python3.7/site-packages/airflow/example_dags/example_short_circuit_operator.py
[2022-08-15 02:56:31,753] {logging_mixin.py:115} INFO - [2022-08-15 02:56:31,752] {dag.py:2420} INFO - Sync 1 DAGs
[2022-08-15 02:56:31,959] {logging_mixin.py:115} INFO - [2022-08-15 02:56:31,958] {dag.py:2972} INFO - Setting next_dagrun for example_short_circuit_operator to 2022-08-14T02:56:31.954172+00:00, run_after=2022-08-15T02:56:31.954172+00:00
[2022-08-15 02:56:32,072] {processor.py:161} INFO - Processing /home/airflow/.local/lib/python3.7/site-packages/airflow/example_dags/example_short_circuit_operator.py took 0.702 seconds
[2022-08-15 02:57:03,110] {processor.py:153} INFO - Started process (PID=2349) to work on /home/airflow/.local/lib/python3.7/site-packages/airflow/example_dags/example_short_circuit_operator.py
[2022-08-15 02:57:03,112] {processor.py:641} INFO - Processing file /home/airflow/.local/lib/python3.7/site-packages/airflow/example_dags/example_short_circuit_operator.py for tasks to queue
[2022-08-15 02:57:03,117] {logging_mixin.py:115} INFO - [2022-08-15 02:57:03,117] {dagbag.py:508} INFO - Filling up the DagBag from /home/airflow/.local/lib/python3.7/site-packages/airflow/example_dags/example_short_circuit_operator.py
[2022-08-15 02:57:03,170] {processor.py:651} INFO - DAG(s) dict_keys(['example_short_circuit_operator']) retrieved from /home/airflow/.local/lib/python3.7/site-packages/airflow/example_dags/example_short_circuit_operator.py
[2022-08-15 02:57:03,261] {logging_mixin.py:115} INFO - [2022-08-15 02:57:03,261] {dag.py:2420} INFO - Sync 1 DAGs
[2022-08-15 02:57:03,336] {logging_mixin.py:115} INFO - [2022-08-15 02:57:03,336] {dag.py:2972} INFO - Setting next_dagrun for example_short_circuit_operator to 2022-08-14T02:57:03.335634+00:00, run_after=2022-08-15T02:57:03.335634+00:00
[2022-08-15 02:57:03,418] {processor.py:161} INFO - Processing /home/airflow/.local/lib/python3.7/site-packages/airflow/example_dags/example_short_circuit_operator.py took 0.318 seconds
[2022-08-15 02:57:33,876] {processor.py:153} INFO - Started process (PID=2411) to work on /home/airflow/.local/lib/python3.7/site-packages/airflow/example_dags/example_short_circuit_operator.py
[2022-08-15 02:57:33,878] {processor.py:641} INFO - Processing file /home/airflow/.local/lib/python3.7/site-packages/airflow/example_dags/example_short_circuit_operator.py for tasks to queue
[2022-08-15 02:57:33,880] {logging_mixin.py:115} INFO - [2022-08-15 02:57:33,879] {dagbag.py:508} INFO - Filling up the DagBag from /home/airflow/.local/lib/python3.7/site-packages/airflow/example_dags/example_short_circuit_operator.py
[2022-08-15 02:57:33,903] {processor.py:651} INFO - DAG(s) dict_keys(['example_short_circuit_operator']) retrieved from /home/airflow/.local/lib/python3.7/site-packages/airflow/example_dags/example_short_circuit_operator.py
[2022-08-15 02:57:33,967] {logging_mixin.py:115} INFO - [2022-08-15 02:57:33,966] {dag.py:2420} INFO - Sync 1 DAGs
[2022-08-15 02:57:34,015] {logging_mixin.py:115} INFO - [2022-08-15 02:57:34,014] {dag.py:2972} INFO - Setting next_dagrun for example_short_circuit_operator to 2022-08-14T02:57:34.014439+00:00, run_after=2022-08-15T02:57:34.014439+00:00
[2022-08-15 02:57:34,043] {processor.py:161} INFO - Processing /home/airflow/.local/lib/python3.7/site-packages/airflow/example_dags/example_short_circuit_operator.py took 0.176 seconds
[2022-08-15 02:58:04,991] {processor.py:153} INFO - Started process (PID=2467) to work on /home/airflow/.local/lib/python3.7/site-packages/airflow/example_dags/example_short_circuit_operator.py
[2022-08-15 02:58:04,993] {processor.py:641} INFO - Processing file /home/airflow/.local/lib/python3.7/site-packages/airflow/example_dags/example_short_circuit_operator.py for tasks to queue
[2022-08-15 02:58:04,995] {logging_mixin.py:115} INFO - [2022-08-15 02:58:04,995] {dagbag.py:508} INFO - Filling up the DagBag from /home/airflow/.local/lib/python3.7/site-packages/airflow/example_dags/example_short_circuit_operator.py
[2022-08-15 02:58:05,021] {processor.py:651} INFO - DAG(s) dict_keys(['example_short_circuit_operator']) retrieved from /home/airflow/.local/lib/python3.7/site-packages/airflow/example_dags/example_short_circuit_operator.py
[2022-08-15 02:58:05,122] {logging_mixin.py:115} INFO - [2022-08-15 02:58:05,122] {dag.py:2420} INFO - Sync 1 DAGs
[2022-08-15 02:58:05,181] {logging_mixin.py:115} INFO - [2022-08-15 02:58:05,181] {dag.py:2972} INFO - Setting next_dagrun for example_short_circuit_operator to 2022-08-14T02:58:05.181258+00:00, run_after=2022-08-15T02:58:05.181258+00:00
[2022-08-15 02:58:05,213] {processor.py:161} INFO - Processing /home/airflow/.local/lib/python3.7/site-packages/airflow/example_dags/example_short_circuit_operator.py took 0.232 seconds
[2022-08-15 02:58:35,618] {processor.py:153} INFO - Started process (PID=2520) to work on /home/airflow/.local/lib/python3.7/site-packages/airflow/example_dags/example_short_circuit_operator.py
[2022-08-15 02:58:35,621] {processor.py:641} INFO - Processing file /home/airflow/.local/lib/python3.7/site-packages/airflow/example_dags/example_short_circuit_operator.py for tasks to queue
[2022-08-15 02:58:35,623] {logging_mixin.py:115} INFO - [2022-08-15 02:58:35,623] {dagbag.py:508} INFO - Filling up the DagBag from /home/airflow/.local/lib/python3.7/site-packages/airflow/example_dags/example_short_circuit_operator.py
[2022-08-15 02:58:35,648] {processor.py:651} INFO - DAG(s) dict_keys(['example_short_circuit_operator']) retrieved from /home/airflow/.local/lib/python3.7/site-packages/airflow/example_dags/example_short_circuit_operator.py
[2022-08-15 02:58:35,767] {logging_mixin.py:115} INFO - [2022-08-15 02:58:35,767] {dag.py:2420} INFO - Sync 1 DAGs
[2022-08-15 02:58:35,853] {logging_mixin.py:115} INFO - [2022-08-15 02:58:35,853] {dag.py:2972} INFO - Setting next_dagrun for example_short_circuit_operator to 2022-08-14T02:58:35.852397+00:00, run_after=2022-08-15T02:58:35.852397+00:00
[2022-08-15 02:58:35,918] {processor.py:161} INFO - Processing /home/airflow/.local/lib/python3.7/site-packages/airflow/example_dags/example_short_circuit_operator.py took 0.309 seconds
[2022-08-15 02:59:06,906] {processor.py:153} INFO - Started process (PID=2585) to work on /home/airflow/.local/lib/python3.7/site-packages/airflow/example_dags/example_short_circuit_operator.py
[2022-08-15 02:59:06,908] {processor.py:641} INFO - Processing file /home/airflow/.local/lib/python3.7/site-packages/airflow/example_dags/example_short_circuit_operator.py for tasks to queue
[2022-08-15 02:59:06,909] {logging_mixin.py:115} INFO - [2022-08-15 02:59:06,909] {dagbag.py:508} INFO - Filling up the DagBag from /home/airflow/.local/lib/python3.7/site-packages/airflow/example_dags/example_short_circuit_operator.py
[2022-08-15 02:59:06,964] {processor.py:651} INFO - DAG(s) dict_keys(['example_short_circuit_operator']) retrieved from /home/airflow/.local/lib/python3.7/site-packages/airflow/example_dags/example_short_circuit_operator.py
[2022-08-15 02:59:07,104] {logging_mixin.py:115} INFO - [2022-08-15 02:59:07,104] {dag.py:2420} INFO - Sync 1 DAGs
[2022-08-15 02:59:07,173] {logging_mixin.py:115} INFO - [2022-08-15 02:59:07,173] {dag.py:2972} INFO - Setting next_dagrun for example_short_circuit_operator to 2022-08-14T02:59:07.172798+00:00, run_after=2022-08-15T02:59:07.172798+00:00
[2022-08-15 02:59:07,198] {processor.py:161} INFO - Processing /home/airflow/.local/lib/python3.7/site-packages/airflow/example_dags/example_short_circuit_operator.py took 0.308 seconds
[2022-08-15 02:59:38,095] {processor.py:153} INFO - Started process (PID=2638) to work on /home/airflow/.local/lib/python3.7/site-packages/airflow/example_dags/example_short_circuit_operator.py
[2022-08-15 02:59:38,097] {processor.py:641} INFO - Processing file /home/airflow/.local/lib/python3.7/site-packages/airflow/example_dags/example_short_circuit_operator.py for tasks to queue
[2022-08-15 02:59:38,108] {logging_mixin.py:115} INFO - [2022-08-15 02:59:38,107] {dagbag.py:508} INFO - Filling up the DagBag from /home/airflow/.local/lib/python3.7/site-packages/airflow/example_dags/example_short_circuit_operator.py
[2022-08-15 02:59:38,144] {processor.py:651} INFO - DAG(s) dict_keys(['example_short_circuit_operator']) retrieved from /home/airflow/.local/lib/python3.7/site-packages/airflow/example_dags/example_short_circuit_operator.py
[2022-08-15 02:59:38,263] {logging_mixin.py:115} INFO - [2022-08-15 02:59:38,263] {dag.py:2420} INFO - Sync 1 DAGs
[2022-08-15 02:59:38,364] {logging_mixin.py:115} INFO - [2022-08-15 02:59:38,364] {dag.py:2972} INFO - Setting next_dagrun for example_short_circuit_operator to 2022-08-14T02:59:38.364082+00:00, run_after=2022-08-15T02:59:38.364082+00:00
[2022-08-15 02:59:38,423] {processor.py:161} INFO - Processing /home/airflow/.local/lib/python3.7/site-packages/airflow/example_dags/example_short_circuit_operator.py took 0.340 seconds
[2022-08-15 03:00:08,514] {processor.py:153} INFO - Started process (PID=2693) to work on /home/airflow/.local/lib/python3.7/site-packages/airflow/example_dags/example_short_circuit_operator.py
[2022-08-15 03:00:08,516] {processor.py:641} INFO - Processing file /home/airflow/.local/lib/python3.7/site-packages/airflow/example_dags/example_short_circuit_operator.py for tasks to queue
[2022-08-15 03:00:08,518] {logging_mixin.py:115} INFO - [2022-08-15 03:00:08,518] {dagbag.py:508} INFO - Filling up the DagBag from /home/airflow/.local/lib/python3.7/site-packages/airflow/example_dags/example_short_circuit_operator.py
[2022-08-15 03:00:08,536] {processor.py:651} INFO - DAG(s) dict_keys(['example_short_circuit_operator']) retrieved from /home/airflow/.local/lib/python3.7/site-packages/airflow/example_dags/example_short_circuit_operator.py
[2022-08-15 03:00:08,582] {logging_mixin.py:115} INFO - [2022-08-15 03:00:08,581] {dag.py:2420} INFO - Sync 1 DAGs
[2022-08-15 03:00:08,632] {logging_mixin.py:115} INFO - [2022-08-15 03:00:08,632] {dag.py:2972} INFO - Setting next_dagrun for example_short_circuit_operator to 2022-08-14T03:00:08.631684+00:00, run_after=2022-08-15T03:00:08.631684+00:00
[2022-08-15 03:00:08,678] {processor.py:161} INFO - Processing /home/airflow/.local/lib/python3.7/site-packages/airflow/example_dags/example_short_circuit_operator.py took 0.174 seconds
[2022-08-15 03:00:39,200] {processor.py:153} INFO - Started process (PID=2755) to work on /home/airflow/.local/lib/python3.7/site-packages/airflow/example_dags/example_short_circuit_operator.py
[2022-08-15 03:00:39,203] {processor.py:641} INFO - Processing file /home/airflow/.local/lib/python3.7/site-packages/airflow/example_dags/example_short_circuit_operator.py for tasks to queue
[2022-08-15 03:00:39,205] {logging_mixin.py:115} INFO - [2022-08-15 03:00:39,205] {dagbag.py:508} INFO - Filling up the DagBag from /home/airflow/.local/lib/python3.7/site-packages/airflow/example_dags/example_short_circuit_operator.py
[2022-08-15 03:00:39,230] {processor.py:651} INFO - DAG(s) dict_keys(['example_short_circuit_operator']) retrieved from /home/airflow/.local/lib/python3.7/site-packages/airflow/example_dags/example_short_circuit_operator.py
[2022-08-15 03:00:39,297] {logging_mixin.py:115} INFO - [2022-08-15 03:00:39,297] {dag.py:2420} INFO - Sync 1 DAGs
[2022-08-15 03:00:39,336] {logging_mixin.py:115} INFO - [2022-08-15 03:00:39,336] {dag.py:2972} INFO - Setting next_dagrun for example_short_circuit_operator to 2022-08-14T03:00:39.335737+00:00, run_after=2022-08-15T03:00:39.335737+00:00
[2022-08-15 03:00:39,362] {processor.py:161} INFO - Processing /home/airflow/.local/lib/python3.7/site-packages/airflow/example_dags/example_short_circuit_operator.py took 0.175 seconds
[2022-08-15 03:01:09,682] {processor.py:153} INFO - Started process (PID=2808) to work on /home/airflow/.local/lib/python3.7/site-packages/airflow/example_dags/example_short_circuit_operator.py
[2022-08-15 03:01:09,684] {processor.py:641} INFO - Processing file /home/airflow/.local/lib/python3.7/site-packages/airflow/example_dags/example_short_circuit_operator.py for tasks to queue
[2022-08-15 03:01:09,688] {logging_mixin.py:115} INFO - [2022-08-15 03:01:09,688] {dagbag.py:508} INFO - Filling up the DagBag from /home/airflow/.local/lib/python3.7/site-packages/airflow/example_dags/example_short_circuit_operator.py
[2022-08-15 03:01:09,722] {processor.py:651} INFO - DAG(s) dict_keys(['example_short_circuit_operator']) retrieved from /home/airflow/.local/lib/python3.7/site-packages/airflow/example_dags/example_short_circuit_operator.py
[2022-08-15 03:01:09,845] {logging_mixin.py:115} INFO - [2022-08-15 03:01:09,845] {dag.py:2420} INFO - Sync 1 DAGs
[2022-08-15 03:01:09,922] {logging_mixin.py:115} INFO - [2022-08-15 03:01:09,922] {dag.py:2972} INFO - Setting next_dagrun for example_short_circuit_operator to 2022-08-14T03:01:09.922070+00:00, run_after=2022-08-15T03:01:09.922070+00:00
[2022-08-15 03:01:09,942] {processor.py:161} INFO - Processing /home/airflow/.local/lib/python3.7/site-packages/airflow/example_dags/example_short_circuit_operator.py took 0.284 seconds
[2022-08-15 03:01:40,479] {processor.py:153} INFO - Started process (PID=2874) to work on /home/airflow/.local/lib/python3.7/site-packages/airflow/example_dags/example_short_circuit_operator.py
[2022-08-15 03:01:40,482] {processor.py:641} INFO - Processing file /home/airflow/.local/lib/python3.7/site-packages/airflow/example_dags/example_short_circuit_operator.py for tasks to queue
[2022-08-15 03:01:40,484] {logging_mixin.py:115} INFO - [2022-08-15 03:01:40,484] {dagbag.py:508} INFO - Filling up the DagBag from /home/airflow/.local/lib/python3.7/site-packages/airflow/example_dags/example_short_circuit_operator.py
[2022-08-15 03:01:40,506] {processor.py:651} INFO - DAG(s) dict_keys(['example_short_circuit_operator']) retrieved from /home/airflow/.local/lib/python3.7/site-packages/airflow/example_dags/example_short_circuit_operator.py
[2022-08-15 03:01:40,553] {logging_mixin.py:115} INFO - [2022-08-15 03:01:40,553] {dag.py:2420} INFO - Sync 1 DAGs
[2022-08-15 03:01:40,602] {logging_mixin.py:115} INFO - [2022-08-15 03:01:40,602] {dag.py:2972} INFO - Setting next_dagrun for example_short_circuit_operator to 2022-08-14T03:01:40.601745+00:00, run_after=2022-08-15T03:01:40.601745+00:00
[2022-08-15 03:01:40,629] {processor.py:161} INFO - Processing /home/airflow/.local/lib/python3.7/site-packages/airflow/example_dags/example_short_circuit_operator.py took 0.161 seconds
[2022-08-15 03:02:11,466] {processor.py:153} INFO - Started process (PID=2930) to work on /home/airflow/.local/lib/python3.7/site-packages/airflow/example_dags/example_short_circuit_operator.py
[2022-08-15 03:02:11,470] {processor.py:641} INFO - Processing file /home/airflow/.local/lib/python3.7/site-packages/airflow/example_dags/example_short_circuit_operator.py for tasks to queue
[2022-08-15 03:02:11,476] {logging_mixin.py:115} INFO - [2022-08-15 03:02:11,475] {dagbag.py:508} INFO - Filling up the DagBag from /home/airflow/.local/lib/python3.7/site-packages/airflow/example_dags/example_short_circuit_operator.py
[2022-08-15 03:02:11,535] {processor.py:651} INFO - DAG(s) dict_keys(['example_short_circuit_operator']) retrieved from /home/airflow/.local/lib/python3.7/site-packages/airflow/example_dags/example_short_circuit_operator.py
[2022-08-15 03:02:11,650] {logging_mixin.py:115} INFO - [2022-08-15 03:02:11,650] {dag.py:2420} INFO - Sync 1 DAGs
[2022-08-15 03:02:11,772] {logging_mixin.py:115} INFO - [2022-08-15 03:02:11,772] {dag.py:2972} INFO - Setting next_dagrun for example_short_circuit_operator to 2022-08-14T03:02:11.772392+00:00, run_after=2022-08-15T03:02:11.772392+00:00
[2022-08-15 03:02:11,882] {processor.py:161} INFO - Processing /home/airflow/.local/lib/python3.7/site-packages/airflow/example_dags/example_short_circuit_operator.py took 0.435 seconds
[2022-08-15 03:02:42,071] {processor.py:153} INFO - Started process (PID=2992) to work on /home/airflow/.local/lib/python3.7/site-packages/airflow/example_dags/example_short_circuit_operator.py
[2022-08-15 03:02:42,075] {processor.py:641} INFO - Processing file /home/airflow/.local/lib/python3.7/site-packages/airflow/example_dags/example_short_circuit_operator.py for tasks to queue
[2022-08-15 03:02:42,078] {logging_mixin.py:115} INFO - [2022-08-15 03:02:42,078] {dagbag.py:508} INFO - Filling up the DagBag from /home/airflow/.local/lib/python3.7/site-packages/airflow/example_dags/example_short_circuit_operator.py
[2022-08-15 03:02:42,124] {processor.py:651} INFO - DAG(s) dict_keys(['example_short_circuit_operator']) retrieved from /home/airflow/.local/lib/python3.7/site-packages/airflow/example_dags/example_short_circuit_operator.py
[2022-08-15 03:02:42,218] {logging_mixin.py:115} INFO - [2022-08-15 03:02:42,218] {dag.py:2420} INFO - Sync 1 DAGs
[2022-08-15 03:02:42,281] {logging_mixin.py:115} INFO - [2022-08-15 03:02:42,281] {dag.py:2972} INFO - Setting next_dagrun for example_short_circuit_operator to 2022-08-14T03:02:42.280733+00:00, run_after=2022-08-15T03:02:42.280733+00:00
[2022-08-15 03:02:42,343] {processor.py:161} INFO - Processing /home/airflow/.local/lib/python3.7/site-packages/airflow/example_dags/example_short_circuit_operator.py took 0.300 seconds
[2022-08-15 03:03:12,885] {processor.py:153} INFO - Started process (PID=3048) to work on /home/airflow/.local/lib/python3.7/site-packages/airflow/example_dags/example_short_circuit_operator.py
[2022-08-15 03:03:12,887] {processor.py:641} INFO - Processing file /home/airflow/.local/lib/python3.7/site-packages/airflow/example_dags/example_short_circuit_operator.py for tasks to queue
[2022-08-15 03:03:12,890] {logging_mixin.py:115} INFO - [2022-08-15 03:03:12,890] {dagbag.py:508} INFO - Filling up the DagBag from /home/airflow/.local/lib/python3.7/site-packages/airflow/example_dags/example_short_circuit_operator.py
[2022-08-15 03:03:12,918] {processor.py:651} INFO - DAG(s) dict_keys(['example_short_circuit_operator']) retrieved from /home/airflow/.local/lib/python3.7/site-packages/airflow/example_dags/example_short_circuit_operator.py
[2022-08-15 03:03:12,966] {logging_mixin.py:115} INFO - [2022-08-15 03:03:12,966] {dag.py:2420} INFO - Sync 1 DAGs
[2022-08-15 03:03:13,017] {logging_mixin.py:115} INFO - [2022-08-15 03:03:13,017] {dag.py:2972} INFO - Setting next_dagrun for example_short_circuit_operator to 2022-08-14T03:03:13.016768+00:00, run_after=2022-08-15T03:03:13.016768+00:00
[2022-08-15 03:03:13,049] {processor.py:161} INFO - Processing /home/airflow/.local/lib/python3.7/site-packages/airflow/example_dags/example_short_circuit_operator.py took 0.173 seconds
[2022-08-15 03:03:43,558] {processor.py:153} INFO - Started process (PID=3100) to work on /home/airflow/.local/lib/python3.7/site-packages/airflow/example_dags/example_short_circuit_operator.py
[2022-08-15 03:03:43,561] {processor.py:641} INFO - Processing file /home/airflow/.local/lib/python3.7/site-packages/airflow/example_dags/example_short_circuit_operator.py for tasks to queue
[2022-08-15 03:03:43,570] {logging_mixin.py:115} INFO - [2022-08-15 03:03:43,570] {dagbag.py:508} INFO - Filling up the DagBag from /home/airflow/.local/lib/python3.7/site-packages/airflow/example_dags/example_short_circuit_operator.py
[2022-08-15 03:03:43,612] {processor.py:651} INFO - DAG(s) dict_keys(['example_short_circuit_operator']) retrieved from /home/airflow/.local/lib/python3.7/site-packages/airflow/example_dags/example_short_circuit_operator.py
[2022-08-15 03:03:43,719] {logging_mixin.py:115} INFO - [2022-08-15 03:03:43,719] {dag.py:2420} INFO - Sync 1 DAGs
[2022-08-15 03:03:43,809] {logging_mixin.py:115} INFO - [2022-08-15 03:03:43,809] {dag.py:2972} INFO - Setting next_dagrun for example_short_circuit_operator to 2022-08-14T03:03:43.809086+00:00, run_after=2022-08-15T03:03:43.809086+00:00
[2022-08-15 03:03:43,852] {processor.py:161} INFO - Processing /home/airflow/.local/lib/python3.7/site-packages/airflow/example_dags/example_short_circuit_operator.py took 0.313 seconds
[2022-08-15 03:04:14,542] {processor.py:153} INFO - Started process (PID=3163) to work on /home/airflow/.local/lib/python3.7/site-packages/airflow/example_dags/example_short_circuit_operator.py
[2022-08-15 03:04:14,544] {processor.py:641} INFO - Processing file /home/airflow/.local/lib/python3.7/site-packages/airflow/example_dags/example_short_circuit_operator.py for tasks to queue
[2022-08-15 03:04:14,548] {logging_mixin.py:115} INFO - [2022-08-15 03:04:14,548] {dagbag.py:508} INFO - Filling up the DagBag from /home/airflow/.local/lib/python3.7/site-packages/airflow/example_dags/example_short_circuit_operator.py
[2022-08-15 03:04:14,569] {processor.py:651} INFO - DAG(s) dict_keys(['example_short_circuit_operator']) retrieved from /home/airflow/.local/lib/python3.7/site-packages/airflow/example_dags/example_short_circuit_operator.py
[2022-08-15 03:04:14,625] {logging_mixin.py:115} INFO - [2022-08-15 03:04:14,625] {dag.py:2420} INFO - Sync 1 DAGs
[2022-08-15 03:04:14,680] {logging_mixin.py:115} INFO - [2022-08-15 03:04:14,680] {dag.py:2972} INFO - Setting next_dagrun for example_short_circuit_operator to 2022-08-14T03:04:14.679613+00:00, run_after=2022-08-15T03:04:14.679613+00:00
[2022-08-15 03:04:14,703] {processor.py:161} INFO - Processing /home/airflow/.local/lib/python3.7/site-packages/airflow/example_dags/example_short_circuit_operator.py took 0.170 seconds
[2022-08-15 03:04:45,267] {processor.py:153} INFO - Started process (PID=3216) to work on /home/airflow/.local/lib/python3.7/site-packages/airflow/example_dags/example_short_circuit_operator.py
[2022-08-15 03:04:45,269] {processor.py:641} INFO - Processing file /home/airflow/.local/lib/python3.7/site-packages/airflow/example_dags/example_short_circuit_operator.py for tasks to queue
[2022-08-15 03:04:45,271] {logging_mixin.py:115} INFO - [2022-08-15 03:04:45,271] {dagbag.py:508} INFO - Filling up the DagBag from /home/airflow/.local/lib/python3.7/site-packages/airflow/example_dags/example_short_circuit_operator.py
[2022-08-15 03:04:45,296] {processor.py:651} INFO - DAG(s) dict_keys(['example_short_circuit_operator']) retrieved from /home/airflow/.local/lib/python3.7/site-packages/airflow/example_dags/example_short_circuit_operator.py
[2022-08-15 03:04:45,386] {logging_mixin.py:115} INFO - [2022-08-15 03:04:45,386] {dag.py:2420} INFO - Sync 1 DAGs
[2022-08-15 03:04:45,436] {logging_mixin.py:115} INFO - [2022-08-15 03:04:45,436] {dag.py:2972} INFO - Setting next_dagrun for example_short_circuit_operator to 2022-08-14T03:04:45.436038+00:00, run_after=2022-08-15T03:04:45.436038+00:00
[2022-08-15 03:04:45,474] {processor.py:161} INFO - Processing /home/airflow/.local/lib/python3.7/site-packages/airflow/example_dags/example_short_circuit_operator.py took 0.219 seconds
[2022-08-15 03:05:16,041] {processor.py:153} INFO - Started process (PID=3281) to work on /home/airflow/.local/lib/python3.7/site-packages/airflow/example_dags/example_short_circuit_operator.py
[2022-08-15 03:05:16,044] {processor.py:641} INFO - Processing file /home/airflow/.local/lib/python3.7/site-packages/airflow/example_dags/example_short_circuit_operator.py for tasks to queue
[2022-08-15 03:05:16,046] {logging_mixin.py:115} INFO - [2022-08-15 03:05:16,046] {dagbag.py:508} INFO - Filling up the DagBag from /home/airflow/.local/lib/python3.7/site-packages/airflow/example_dags/example_short_circuit_operator.py
[2022-08-15 03:05:16,110] {processor.py:651} INFO - DAG(s) dict_keys(['example_short_circuit_operator']) retrieved from /home/airflow/.local/lib/python3.7/site-packages/airflow/example_dags/example_short_circuit_operator.py
[2022-08-15 03:05:16,216] {logging_mixin.py:115} INFO - [2022-08-15 03:05:16,216] {dag.py:2420} INFO - Sync 1 DAGs
[2022-08-15 03:05:16,316] {logging_mixin.py:115} INFO - [2022-08-15 03:05:16,316] {dag.py:2972} INFO - Setting next_dagrun for example_short_circuit_operator to 2022-08-14T03:05:16.315724+00:00, run_after=2022-08-15T03:05:16.315724+00:00
[2022-08-15 03:05:16,377] {processor.py:161} INFO - Processing /home/airflow/.local/lib/python3.7/site-packages/airflow/example_dags/example_short_circuit_operator.py took 0.360 seconds
[2022-08-15 03:05:46,924] {processor.py:153} INFO - Started process (PID=3337) to work on /home/airflow/.local/lib/python3.7/site-packages/airflow/example_dags/example_short_circuit_operator.py
[2022-08-15 03:05:46,927] {processor.py:641} INFO - Processing file /home/airflow/.local/lib/python3.7/site-packages/airflow/example_dags/example_short_circuit_operator.py for tasks to queue
[2022-08-15 03:05:46,930] {logging_mixin.py:115} INFO - [2022-08-15 03:05:46,929] {dagbag.py:508} INFO - Filling up the DagBag from /home/airflow/.local/lib/python3.7/site-packages/airflow/example_dags/example_short_circuit_operator.py
[2022-08-15 03:05:46,954] {processor.py:651} INFO - DAG(s) dict_keys(['example_short_circuit_operator']) retrieved from /home/airflow/.local/lib/python3.7/site-packages/airflow/example_dags/example_short_circuit_operator.py
[2022-08-15 03:05:47,005] {logging_mixin.py:115} INFO - [2022-08-15 03:05:47,004] {dag.py:2420} INFO - Sync 1 DAGs
[2022-08-15 03:05:47,044] {logging_mixin.py:115} INFO - [2022-08-15 03:05:47,044] {dag.py:2972} INFO - Setting next_dagrun for example_short_circuit_operator to 2022-08-14T03:05:47.043723+00:00, run_after=2022-08-15T03:05:47.043723+00:00
[2022-08-15 03:05:47,076] {processor.py:161} INFO - Processing /home/airflow/.local/lib/python3.7/site-packages/airflow/example_dags/example_short_circuit_operator.py took 0.163 seconds
[2022-08-15 03:06:17,241] {processor.py:153} INFO - Started process (PID=3391) to work on /home/airflow/.local/lib/python3.7/site-packages/airflow/example_dags/example_short_circuit_operator.py
[2022-08-15 03:06:17,246] {processor.py:641} INFO - Processing file /home/airflow/.local/lib/python3.7/site-packages/airflow/example_dags/example_short_circuit_operator.py for tasks to queue
[2022-08-15 03:06:17,248] {logging_mixin.py:115} INFO - [2022-08-15 03:06:17,248] {dagbag.py:508} INFO - Filling up the DagBag from /home/airflow/.local/lib/python3.7/site-packages/airflow/example_dags/example_short_circuit_operator.py
[2022-08-15 03:06:17,313] {processor.py:651} INFO - DAG(s) dict_keys(['example_short_circuit_operator']) retrieved from /home/airflow/.local/lib/python3.7/site-packages/airflow/example_dags/example_short_circuit_operator.py
[2022-08-15 03:06:17,418] {logging_mixin.py:115} INFO - [2022-08-15 03:06:17,418] {dag.py:2420} INFO - Sync 1 DAGs
[2022-08-15 03:06:17,474] {logging_mixin.py:115} INFO - [2022-08-15 03:06:17,473] {dag.py:2972} INFO - Setting next_dagrun for example_short_circuit_operator to 2022-08-14T03:06:17.473543+00:00, run_after=2022-08-15T03:06:17.473543+00:00
[2022-08-15 03:06:17,498] {processor.py:161} INFO - Processing /home/airflow/.local/lib/python3.7/site-packages/airflow/example_dags/example_short_circuit_operator.py took 0.279 seconds
[2022-08-15 03:06:48,177] {processor.py:153} INFO - Started process (PID=3453) to work on /home/airflow/.local/lib/python3.7/site-packages/airflow/example_dags/example_short_circuit_operator.py
[2022-08-15 03:06:48,181] {processor.py:641} INFO - Processing file /home/airflow/.local/lib/python3.7/site-packages/airflow/example_dags/example_short_circuit_operator.py for tasks to queue
[2022-08-15 03:06:48,186] {logging_mixin.py:115} INFO - [2022-08-15 03:06:48,185] {dagbag.py:508} INFO - Filling up the DagBag from /home/airflow/.local/lib/python3.7/site-packages/airflow/example_dags/example_short_circuit_operator.py
[2022-08-15 03:06:48,258] {processor.py:651} INFO - DAG(s) dict_keys(['example_short_circuit_operator']) retrieved from /home/airflow/.local/lib/python3.7/site-packages/airflow/example_dags/example_short_circuit_operator.py
[2022-08-15 03:06:48,439] {logging_mixin.py:115} INFO - [2022-08-15 03:06:48,439] {dag.py:2420} INFO - Sync 1 DAGs
[2022-08-15 03:06:48,578] {logging_mixin.py:115} INFO - [2022-08-15 03:06:48,578] {dag.py:2972} INFO - Setting next_dagrun for example_short_circuit_operator to 2022-08-14T03:06:48.578226+00:00, run_after=2022-08-15T03:06:48.578226+00:00
[2022-08-15 03:06:48,615] {processor.py:161} INFO - Processing /home/airflow/.local/lib/python3.7/site-packages/airflow/example_dags/example_short_circuit_operator.py took 0.463 seconds
[2022-08-15 03:07:18,702] {processor.py:153} INFO - Started process (PID=3508) to work on /home/airflow/.local/lib/python3.7/site-packages/airflow/example_dags/example_short_circuit_operator.py
[2022-08-15 03:07:18,705] {processor.py:641} INFO - Processing file /home/airflow/.local/lib/python3.7/site-packages/airflow/example_dags/example_short_circuit_operator.py for tasks to queue
[2022-08-15 03:07:18,707] {logging_mixin.py:115} INFO - [2022-08-15 03:07:18,707] {dagbag.py:508} INFO - Filling up the DagBag from /home/airflow/.local/lib/python3.7/site-packages/airflow/example_dags/example_short_circuit_operator.py
[2022-08-15 03:07:18,734] {processor.py:651} INFO - DAG(s) dict_keys(['example_short_circuit_operator']) retrieved from /home/airflow/.local/lib/python3.7/site-packages/airflow/example_dags/example_short_circuit_operator.py
[2022-08-15 03:07:18,783] {logging_mixin.py:115} INFO - [2022-08-15 03:07:18,783] {dag.py:2420} INFO - Sync 1 DAGs
[2022-08-15 03:07:18,821] {logging_mixin.py:115} INFO - [2022-08-15 03:07:18,821] {dag.py:2972} INFO - Setting next_dagrun for example_short_circuit_operator to 2022-08-14T03:07:18.821279+00:00, run_after=2022-08-15T03:07:18.821279+00:00
[2022-08-15 03:07:18,860] {processor.py:161} INFO - Processing /home/airflow/.local/lib/python3.7/site-packages/airflow/example_dags/example_short_circuit_operator.py took 0.169 seconds
[2022-08-15 03:07:49,097] {processor.py:153} INFO - Started process (PID=3563) to work on /home/airflow/.local/lib/python3.7/site-packages/airflow/example_dags/example_short_circuit_operator.py
[2022-08-15 03:07:49,105] {processor.py:641} INFO - Processing file /home/airflow/.local/lib/python3.7/site-packages/airflow/example_dags/example_short_circuit_operator.py for tasks to queue
[2022-08-15 03:07:49,118] {logging_mixin.py:115} INFO - [2022-08-15 03:07:49,117] {dagbag.py:508} INFO - Filling up the DagBag from /home/airflow/.local/lib/python3.7/site-packages/airflow/example_dags/example_short_circuit_operator.py
[2022-08-15 03:07:49,250] {processor.py:651} INFO - DAG(s) dict_keys(['example_short_circuit_operator']) retrieved from /home/airflow/.local/lib/python3.7/site-packages/airflow/example_dags/example_short_circuit_operator.py
[2022-08-15 03:07:49,483] {logging_mixin.py:115} INFO - [2022-08-15 03:07:49,483] {dag.py:2420} INFO - Sync 1 DAGs
[2022-08-15 03:07:49,572] {logging_mixin.py:115} INFO - [2022-08-15 03:07:49,572] {dag.py:2972} INFO - Setting next_dagrun for example_short_circuit_operator to 2022-08-14T03:07:49.572219+00:00, run_after=2022-08-15T03:07:49.572219+00:00
[2022-08-15 03:07:49,627] {processor.py:161} INFO - Processing /home/airflow/.local/lib/python3.7/site-packages/airflow/example_dags/example_short_circuit_operator.py took 0.558 seconds
[2022-08-15 03:08:20,497] {processor.py:153} INFO - Started process (PID=3616) to work on /home/airflow/.local/lib/python3.7/site-packages/airflow/example_dags/example_short_circuit_operator.py
[2022-08-15 03:08:20,500] {processor.py:641} INFO - Processing file /home/airflow/.local/lib/python3.7/site-packages/airflow/example_dags/example_short_circuit_operator.py for tasks to queue
[2022-08-15 03:08:20,506] {logging_mixin.py:115} INFO - [2022-08-15 03:08:20,505] {dagbag.py:508} INFO - Filling up the DagBag from /home/airflow/.local/lib/python3.7/site-packages/airflow/example_dags/example_short_circuit_operator.py
[2022-08-15 03:08:20,579] {processor.py:651} INFO - DAG(s) dict_keys(['example_short_circuit_operator']) retrieved from /home/airflow/.local/lib/python3.7/site-packages/airflow/example_dags/example_short_circuit_operator.py
[2022-08-15 03:08:20,693] {logging_mixin.py:115} INFO - [2022-08-15 03:08:20,693] {dag.py:2420} INFO - Sync 1 DAGs
[2022-08-15 03:08:20,743] {logging_mixin.py:115} INFO - [2022-08-15 03:08:20,743] {dag.py:2972} INFO - Setting next_dagrun for example_short_circuit_operator to 2022-08-14T03:08:20.743395+00:00, run_after=2022-08-15T03:08:20.743395+00:00
[2022-08-15 03:08:20,771] {processor.py:161} INFO - Processing /home/airflow/.local/lib/python3.7/site-packages/airflow/example_dags/example_short_circuit_operator.py took 0.292 seconds
[2022-08-15 03:08:51,295] {processor.py:153} INFO - Started process (PID=3678) to work on /home/airflow/.local/lib/python3.7/site-packages/airflow/example_dags/example_short_circuit_operator.py
[2022-08-15 03:08:51,300] {processor.py:641} INFO - Processing file /home/airflow/.local/lib/python3.7/site-packages/airflow/example_dags/example_short_circuit_operator.py for tasks to queue
[2022-08-15 03:08:51,307] {logging_mixin.py:115} INFO - [2022-08-15 03:08:51,307] {dagbag.py:508} INFO - Filling up the DagBag from /home/airflow/.local/lib/python3.7/site-packages/airflow/example_dags/example_short_circuit_operator.py
[2022-08-15 03:08:51,354] {processor.py:651} INFO - DAG(s) dict_keys(['example_short_circuit_operator']) retrieved from /home/airflow/.local/lib/python3.7/site-packages/airflow/example_dags/example_short_circuit_operator.py
[2022-08-15 03:08:51,444] {logging_mixin.py:115} INFO - [2022-08-15 03:08:51,444] {dag.py:2420} INFO - Sync 1 DAGs
[2022-08-15 03:08:51,499] {logging_mixin.py:115} INFO - [2022-08-15 03:08:51,499] {dag.py:2972} INFO - Setting next_dagrun for example_short_circuit_operator to 2022-08-14T03:08:51.498878+00:00, run_after=2022-08-15T03:08:51.498878+00:00
[2022-08-15 03:08:51,548] {processor.py:161} INFO - Processing /home/airflow/.local/lib/python3.7/site-packages/airflow/example_dags/example_short_circuit_operator.py took 0.262 seconds
[2022-08-15 03:09:22,368] {processor.py:153} INFO - Started process (PID=3731) to work on /home/airflow/.local/lib/python3.7/site-packages/airflow/example_dags/example_short_circuit_operator.py
[2022-08-15 03:09:22,380] {processor.py:641} INFO - Processing file /home/airflow/.local/lib/python3.7/site-packages/airflow/example_dags/example_short_circuit_operator.py for tasks to queue
[2022-08-15 03:09:22,382] {logging_mixin.py:115} INFO - [2022-08-15 03:09:22,382] {dagbag.py:508} INFO - Filling up the DagBag from /home/airflow/.local/lib/python3.7/site-packages/airflow/example_dags/example_short_circuit_operator.py
[2022-08-15 03:09:22,417] {processor.py:651} INFO - DAG(s) dict_keys(['example_short_circuit_operator']) retrieved from /home/airflow/.local/lib/python3.7/site-packages/airflow/example_dags/example_short_circuit_operator.py
[2022-08-15 03:09:22,561] {logging_mixin.py:115} INFO - [2022-08-15 03:09:22,561] {dag.py:2420} INFO - Sync 1 DAGs
[2022-08-15 03:09:22,695] {logging_mixin.py:115} INFO - [2022-08-15 03:09:22,695] {dag.py:2972} INFO - Setting next_dagrun for example_short_circuit_operator to 2022-08-14T03:09:22.693502+00:00, run_after=2022-08-15T03:09:22.693502+00:00
[2022-08-15 03:09:22,799] {processor.py:161} INFO - Processing /home/airflow/.local/lib/python3.7/site-packages/airflow/example_dags/example_short_circuit_operator.py took 0.447 seconds
[2022-08-15 03:09:53,469] {processor.py:153} INFO - Started process (PID=3787) to work on /home/airflow/.local/lib/python3.7/site-packages/airflow/example_dags/example_short_circuit_operator.py
[2022-08-15 03:09:53,471] {processor.py:641} INFO - Processing file /home/airflow/.local/lib/python3.7/site-packages/airflow/example_dags/example_short_circuit_operator.py for tasks to queue
[2022-08-15 03:09:53,476] {logging_mixin.py:115} INFO - [2022-08-15 03:09:53,475] {dagbag.py:508} INFO - Filling up the DagBag from /home/airflow/.local/lib/python3.7/site-packages/airflow/example_dags/example_short_circuit_operator.py
[2022-08-15 03:09:53,503] {processor.py:651} INFO - DAG(s) dict_keys(['example_short_circuit_operator']) retrieved from /home/airflow/.local/lib/python3.7/site-packages/airflow/example_dags/example_short_circuit_operator.py
[2022-08-15 03:09:53,550] {logging_mixin.py:115} INFO - [2022-08-15 03:09:53,549] {dag.py:2420} INFO - Sync 1 DAGs
[2022-08-15 03:09:53,590] {logging_mixin.py:115} INFO - [2022-08-15 03:09:53,590] {dag.py:2972} INFO - Setting next_dagrun for example_short_circuit_operator to 2022-08-14T03:09:53.589924+00:00, run_after=2022-08-15T03:09:53.589924+00:00
[2022-08-15 03:09:53,615] {processor.py:161} INFO - Processing /home/airflow/.local/lib/python3.7/site-packages/airflow/example_dags/example_short_circuit_operator.py took 0.163 seconds
[2022-08-15 03:10:24,356] {processor.py:153} INFO - Started process (PID=3852) to work on /home/airflow/.local/lib/python3.7/site-packages/airflow/example_dags/example_short_circuit_operator.py
[2022-08-15 03:10:24,358] {processor.py:641} INFO - Processing file /home/airflow/.local/lib/python3.7/site-packages/airflow/example_dags/example_short_circuit_operator.py for tasks to queue
[2022-08-15 03:10:24,362] {logging_mixin.py:115} INFO - [2022-08-15 03:10:24,362] {dagbag.py:508} INFO - Filling up the DagBag from /home/airflow/.local/lib/python3.7/site-packages/airflow/example_dags/example_short_circuit_operator.py
[2022-08-15 03:10:24,392] {processor.py:651} INFO - DAG(s) dict_keys(['example_short_circuit_operator']) retrieved from /home/airflow/.local/lib/python3.7/site-packages/airflow/example_dags/example_short_circuit_operator.py
[2022-08-15 03:10:24,490] {logging_mixin.py:115} INFO - [2022-08-15 03:10:24,490] {dag.py:2420} INFO - Sync 1 DAGs
[2022-08-15 03:10:24,576] {logging_mixin.py:115} INFO - [2022-08-15 03:10:24,576] {dag.py:2972} INFO - Setting next_dagrun for example_short_circuit_operator to 2022-08-14T03:10:24.576201+00:00, run_after=2022-08-15T03:10:24.576201+00:00
[2022-08-15 03:10:24,612] {processor.py:161} INFO - Processing /home/airflow/.local/lib/python3.7/site-packages/airflow/example_dags/example_short_circuit_operator.py took 0.272 seconds
[2022-08-15 03:10:55,245] {processor.py:153} INFO - Started process (PID=3905) to work on /home/airflow/.local/lib/python3.7/site-packages/airflow/example_dags/example_short_circuit_operator.py
[2022-08-15 03:10:55,247] {processor.py:641} INFO - Processing file /home/airflow/.local/lib/python3.7/site-packages/airflow/example_dags/example_short_circuit_operator.py for tasks to queue
[2022-08-15 03:10:55,249] {logging_mixin.py:115} INFO - [2022-08-15 03:10:55,249] {dagbag.py:508} INFO - Filling up the DagBag from /home/airflow/.local/lib/python3.7/site-packages/airflow/example_dags/example_short_circuit_operator.py
[2022-08-15 03:10:55,271] {processor.py:651} INFO - DAG(s) dict_keys(['example_short_circuit_operator']) retrieved from /home/airflow/.local/lib/python3.7/site-packages/airflow/example_dags/example_short_circuit_operator.py
[2022-08-15 03:10:55,320] {logging_mixin.py:115} INFO - [2022-08-15 03:10:55,320] {dag.py:2420} INFO - Sync 1 DAGs
[2022-08-15 03:10:55,365] {logging_mixin.py:115} INFO - [2022-08-15 03:10:55,365] {dag.py:2972} INFO - Setting next_dagrun for example_short_circuit_operator to 2022-08-14T03:10:55.365332+00:00, run_after=2022-08-15T03:10:55.365332+00:00
[2022-08-15 03:10:55,390] {processor.py:161} INFO - Processing /home/airflow/.local/lib/python3.7/site-packages/airflow/example_dags/example_short_circuit_operator.py took 0.150 seconds
[2022-08-15 03:11:26,011] {processor.py:153} INFO - Started process (PID=3957) to work on /home/airflow/.local/lib/python3.7/site-packages/airflow/example_dags/example_short_circuit_operator.py
[2022-08-15 03:11:26,013] {processor.py:641} INFO - Processing file /home/airflow/.local/lib/python3.7/site-packages/airflow/example_dags/example_short_circuit_operator.py for tasks to queue
[2022-08-15 03:11:26,015] {logging_mixin.py:115} INFO - [2022-08-15 03:11:26,015] {dagbag.py:508} INFO - Filling up the DagBag from /home/airflow/.local/lib/python3.7/site-packages/airflow/example_dags/example_short_circuit_operator.py
[2022-08-15 03:11:26,041] {processor.py:651} INFO - DAG(s) dict_keys(['example_short_circuit_operator']) retrieved from /home/airflow/.local/lib/python3.7/site-packages/airflow/example_dags/example_short_circuit_operator.py
[2022-08-15 03:11:26,087] {logging_mixin.py:115} INFO - [2022-08-15 03:11:26,087] {dag.py:2420} INFO - Sync 1 DAGs
[2022-08-15 03:11:26,144] {logging_mixin.py:115} INFO - [2022-08-15 03:11:26,144] {dag.py:2972} INFO - Setting next_dagrun for example_short_circuit_operator to 2022-08-14T03:11:26.143830+00:00, run_after=2022-08-15T03:11:26.143830+00:00
[2022-08-15 03:11:26,199] {processor.py:161} INFO - Processing /home/airflow/.local/lib/python3.7/site-packages/airflow/example_dags/example_short_circuit_operator.py took 0.196 seconds
[2022-08-15 03:11:57,130] {processor.py:153} INFO - Started process (PID=4011) to work on /home/airflow/.local/lib/python3.7/site-packages/airflow/example_dags/example_short_circuit_operator.py
[2022-08-15 03:11:57,131] {processor.py:641} INFO - Processing file /home/airflow/.local/lib/python3.7/site-packages/airflow/example_dags/example_short_circuit_operator.py for tasks to queue
[2022-08-15 03:11:57,136] {logging_mixin.py:115} INFO - [2022-08-15 03:11:57,135] {dagbag.py:508} INFO - Filling up the DagBag from /home/airflow/.local/lib/python3.7/site-packages/airflow/example_dags/example_short_circuit_operator.py
[2022-08-15 03:11:57,152] {processor.py:651} INFO - DAG(s) dict_keys(['example_short_circuit_operator']) retrieved from /home/airflow/.local/lib/python3.7/site-packages/airflow/example_dags/example_short_circuit_operator.py
[2022-08-15 03:11:57,194] {logging_mixin.py:115} INFO - [2022-08-15 03:11:57,194] {dag.py:2420} INFO - Sync 1 DAGs
[2022-08-15 03:11:57,227] {logging_mixin.py:115} INFO - [2022-08-15 03:11:57,227] {dag.py:2972} INFO - Setting next_dagrun for example_short_circuit_operator to 2022-08-14T03:11:57.227356+00:00, run_after=2022-08-15T03:11:57.227356+00:00
[2022-08-15 03:11:57,249] {processor.py:161} INFO - Processing /home/airflow/.local/lib/python3.7/site-packages/airflow/example_dags/example_short_circuit_operator.py took 0.125 seconds
[2022-08-15 03:12:28,049] {processor.py:153} INFO - Started process (PID=4076) to work on /home/airflow/.local/lib/python3.7/site-packages/airflow/example_dags/example_short_circuit_operator.py
[2022-08-15 03:12:28,051] {processor.py:641} INFO - Processing file /home/airflow/.local/lib/python3.7/site-packages/airflow/example_dags/example_short_circuit_operator.py for tasks to queue
[2022-08-15 03:12:28,053] {logging_mixin.py:115} INFO - [2022-08-15 03:12:28,053] {dagbag.py:508} INFO - Filling up the DagBag from /home/airflow/.local/lib/python3.7/site-packages/airflow/example_dags/example_short_circuit_operator.py
[2022-08-15 03:12:28,092] {processor.py:651} INFO - DAG(s) dict_keys(['example_short_circuit_operator']) retrieved from /home/airflow/.local/lib/python3.7/site-packages/airflow/example_dags/example_short_circuit_operator.py
[2022-08-15 03:12:28,238] {logging_mixin.py:115} INFO - [2022-08-15 03:12:28,238] {dag.py:2420} INFO - Sync 1 DAGs
[2022-08-15 03:12:28,371] {logging_mixin.py:115} INFO - [2022-08-15 03:12:28,370] {dag.py:2972} INFO - Setting next_dagrun for example_short_circuit_operator to 2022-08-14T03:12:28.367360+00:00, run_after=2022-08-15T03:12:28.367360+00:00
[2022-08-15 03:12:28,425] {processor.py:161} INFO - Processing /home/airflow/.local/lib/python3.7/site-packages/airflow/example_dags/example_short_circuit_operator.py took 0.383 seconds
[2022-08-15 03:12:59,492] {processor.py:153} INFO - Started process (PID=4129) to work on /home/airflow/.local/lib/python3.7/site-packages/airflow/example_dags/example_short_circuit_operator.py
[2022-08-15 03:12:59,494] {processor.py:641} INFO - Processing file /home/airflow/.local/lib/python3.7/site-packages/airflow/example_dags/example_short_circuit_operator.py for tasks to queue
[2022-08-15 03:12:59,503] {logging_mixin.py:115} INFO - [2022-08-15 03:12:59,503] {dagbag.py:508} INFO - Filling up the DagBag from /home/airflow/.local/lib/python3.7/site-packages/airflow/example_dags/example_short_circuit_operator.py
[2022-08-15 03:12:59,552] {processor.py:651} INFO - DAG(s) dict_keys(['example_short_circuit_operator']) retrieved from /home/airflow/.local/lib/python3.7/site-packages/airflow/example_dags/example_short_circuit_operator.py
[2022-08-15 03:12:59,709] {logging_mixin.py:115} INFO - [2022-08-15 03:12:59,709] {dag.py:2420} INFO - Sync 1 DAGs
[2022-08-15 03:12:59,788] {logging_mixin.py:115} INFO - [2022-08-15 03:12:59,788] {dag.py:2972} INFO - Setting next_dagrun for example_short_circuit_operator to 2022-08-14T03:12:59.788255+00:00, run_after=2022-08-15T03:12:59.788255+00:00
[2022-08-15 03:12:59,813] {processor.py:161} INFO - Processing /home/airflow/.local/lib/python3.7/site-packages/airflow/example_dags/example_short_circuit_operator.py took 0.338 seconds
[2022-08-15 03:13:30,784] {processor.py:153} INFO - Started process (PID=4193) to work on /home/airflow/.local/lib/python3.7/site-packages/airflow/example_dags/example_short_circuit_operator.py
[2022-08-15 03:13:30,785] {processor.py:641} INFO - Processing file /home/airflow/.local/lib/python3.7/site-packages/airflow/example_dags/example_short_circuit_operator.py for tasks to queue
[2022-08-15 03:13:30,790] {logging_mixin.py:115} INFO - [2022-08-15 03:13:30,789] {dagbag.py:508} INFO - Filling up the DagBag from /home/airflow/.local/lib/python3.7/site-packages/airflow/example_dags/example_short_circuit_operator.py
[2022-08-15 03:13:30,850] {processor.py:651} INFO - DAG(s) dict_keys(['example_short_circuit_operator']) retrieved from /home/airflow/.local/lib/python3.7/site-packages/airflow/example_dags/example_short_circuit_operator.py
[2022-08-15 03:13:30,920] {logging_mixin.py:115} INFO - [2022-08-15 03:13:30,920] {dag.py:2420} INFO - Sync 1 DAGs
[2022-08-15 03:13:30,978] {logging_mixin.py:115} INFO - [2022-08-15 03:13:30,978] {dag.py:2972} INFO - Setting next_dagrun for example_short_circuit_operator to 2022-08-14T03:13:30.978047+00:00, run_after=2022-08-15T03:13:30.978047+00:00
[2022-08-15 03:13:31,002] {processor.py:161} INFO - Processing /home/airflow/.local/lib/python3.7/site-packages/airflow/example_dags/example_short_circuit_operator.py took 0.228 seconds
[2022-08-15 03:14:01,472] {processor.py:153} INFO - Started process (PID=4248) to work on /home/airflow/.local/lib/python3.7/site-packages/airflow/example_dags/example_short_circuit_operator.py
[2022-08-15 03:14:01,474] {processor.py:641} INFO - Processing file /home/airflow/.local/lib/python3.7/site-packages/airflow/example_dags/example_short_circuit_operator.py for tasks to queue
[2022-08-15 03:14:01,481] {logging_mixin.py:115} INFO - [2022-08-15 03:14:01,480] {dagbag.py:508} INFO - Filling up the DagBag from /home/airflow/.local/lib/python3.7/site-packages/airflow/example_dags/example_short_circuit_operator.py
[2022-08-15 03:14:01,518] {processor.py:651} INFO - DAG(s) dict_keys(['example_short_circuit_operator']) retrieved from /home/airflow/.local/lib/python3.7/site-packages/airflow/example_dags/example_short_circuit_operator.py
[2022-08-15 03:14:01,603] {logging_mixin.py:115} INFO - [2022-08-15 03:14:01,603] {dag.py:2420} INFO - Sync 1 DAGs
[2022-08-15 03:14:01,701] {logging_mixin.py:115} INFO - [2022-08-15 03:14:01,701] {dag.py:2972} INFO - Setting next_dagrun for example_short_circuit_operator to 2022-08-14T03:14:01.700892+00:00, run_after=2022-08-15T03:14:01.700892+00:00
[2022-08-15 03:14:01,776] {processor.py:161} INFO - Processing /home/airflow/.local/lib/python3.7/site-packages/airflow/example_dags/example_short_circuit_operator.py took 0.312 seconds
[2022-08-15 03:14:32,806] {processor.py:153} INFO - Started process (PID=4305) to work on /home/airflow/.local/lib/python3.7/site-packages/airflow/example_dags/example_short_circuit_operator.py
[2022-08-15 03:14:32,809] {processor.py:641} INFO - Processing file /home/airflow/.local/lib/python3.7/site-packages/airflow/example_dags/example_short_circuit_operator.py for tasks to queue
[2022-08-15 03:14:32,811] {logging_mixin.py:115} INFO - [2022-08-15 03:14:32,811] {dagbag.py:508} INFO - Filling up the DagBag from /home/airflow/.local/lib/python3.7/site-packages/airflow/example_dags/example_short_circuit_operator.py
[2022-08-15 03:14:32,835] {processor.py:651} INFO - DAG(s) dict_keys(['example_short_circuit_operator']) retrieved from /home/airflow/.local/lib/python3.7/site-packages/airflow/example_dags/example_short_circuit_operator.py
[2022-08-15 03:14:32,889] {logging_mixin.py:115} INFO - [2022-08-15 03:14:32,889] {dag.py:2420} INFO - Sync 1 DAGs
[2022-08-15 03:14:32,963] {logging_mixin.py:115} INFO - [2022-08-15 03:14:32,963] {dag.py:2972} INFO - Setting next_dagrun for example_short_circuit_operator to 2022-08-14T03:14:32.962724+00:00, run_after=2022-08-15T03:14:32.962724+00:00
[2022-08-15 03:14:33,009] {processor.py:161} INFO - Processing /home/airflow/.local/lib/python3.7/site-packages/airflow/example_dags/example_short_circuit_operator.py took 0.215 seconds
