[2022-08-15 02:56:23,612] {processor.py:153} INFO - Started process (PID=2285) to work on /home/airflow/.local/lib/python3.7/site-packages/airflow/example_dags/example_kubernetes_executor.py
[2022-08-15 02:56:23,617] {processor.py:641} INFO - Processing file /home/airflow/.local/lib/python3.7/site-packages/airflow/example_dags/example_kubernetes_executor.py for tasks to queue
[2022-08-15 02:56:23,626] {logging_mixin.py:115} INFO - [2022-08-15 02:56:23,625] {dagbag.py:508} INFO - Filling up the DagBag from /home/airflow/.local/lib/python3.7/site-packages/airflow/example_dags/example_kubernetes_executor.py
[2022-08-15 02:56:24,225] {processor.py:651} INFO - DAG(s) dict_keys(['example_kubernetes_executor']) retrieved from /home/airflow/.local/lib/python3.7/site-packages/airflow/example_dags/example_kubernetes_executor.py
[2022-08-15 02:56:24,404] {logging_mixin.py:115} INFO - [2022-08-15 02:56:24,403] {dag.py:2420} INFO - Sync 1 DAGs
[2022-08-15 02:56:24,640] {logging_mixin.py:115} INFO - [2022-08-15 02:56:24,640] {dag.py:2972} INFO - Setting next_dagrun for example_kubernetes_executor to None, run_after=None
[2022-08-15 02:56:24,773] {processor.py:161} INFO - Processing /home/airflow/.local/lib/python3.7/site-packages/airflow/example_dags/example_kubernetes_executor.py took 1.186 seconds
[2022-08-15 02:56:55,240] {processor.py:153} INFO - Started process (PID=2338) to work on /home/airflow/.local/lib/python3.7/site-packages/airflow/example_dags/example_kubernetes_executor.py
[2022-08-15 02:56:55,242] {processor.py:641} INFO - Processing file /home/airflow/.local/lib/python3.7/site-packages/airflow/example_dags/example_kubernetes_executor.py for tasks to queue
[2022-08-15 02:56:55,245] {logging_mixin.py:115} INFO - [2022-08-15 02:56:55,245] {dagbag.py:508} INFO - Filling up the DagBag from /home/airflow/.local/lib/python3.7/site-packages/airflow/example_dags/example_kubernetes_executor.py
[2022-08-15 02:56:55,311] {processor.py:651} INFO - DAG(s) dict_keys(['example_kubernetes_executor']) retrieved from /home/airflow/.local/lib/python3.7/site-packages/airflow/example_dags/example_kubernetes_executor.py
[2022-08-15 02:56:55,426] {logging_mixin.py:115} INFO - [2022-08-15 02:56:55,425] {dag.py:2420} INFO - Sync 1 DAGs
[2022-08-15 02:56:55,479] {logging_mixin.py:115} INFO - [2022-08-15 02:56:55,479] {dag.py:2972} INFO - Setting next_dagrun for example_kubernetes_executor to None, run_after=None
[2022-08-15 02:56:55,508] {processor.py:161} INFO - Processing /home/airflow/.local/lib/python3.7/site-packages/airflow/example_dags/example_kubernetes_executor.py took 0.281 seconds
[2022-08-15 02:57:26,026] {processor.py:153} INFO - Started process (PID=2391) to work on /home/airflow/.local/lib/python3.7/site-packages/airflow/example_dags/example_kubernetes_executor.py
[2022-08-15 02:57:26,035] {processor.py:641} INFO - Processing file /home/airflow/.local/lib/python3.7/site-packages/airflow/example_dags/example_kubernetes_executor.py for tasks to queue
[2022-08-15 02:57:26,045] {logging_mixin.py:115} INFO - [2022-08-15 02:57:26,045] {dagbag.py:508} INFO - Filling up the DagBag from /home/airflow/.local/lib/python3.7/site-packages/airflow/example_dags/example_kubernetes_executor.py
[2022-08-15 02:57:26,147] {processor.py:651} INFO - DAG(s) dict_keys(['example_kubernetes_executor']) retrieved from /home/airflow/.local/lib/python3.7/site-packages/airflow/example_dags/example_kubernetes_executor.py
[2022-08-15 02:57:26,205] {logging_mixin.py:115} INFO - [2022-08-15 02:57:26,205] {dag.py:2420} INFO - Sync 1 DAGs
[2022-08-15 02:57:26,262] {logging_mixin.py:115} INFO - [2022-08-15 02:57:26,262] {dag.py:2972} INFO - Setting next_dagrun for example_kubernetes_executor to None, run_after=None
[2022-08-15 02:57:26,284] {processor.py:161} INFO - Processing /home/airflow/.local/lib/python3.7/site-packages/airflow/example_dags/example_kubernetes_executor.py took 0.273 seconds
[2022-08-15 02:57:56,589] {processor.py:153} INFO - Started process (PID=2454) to work on /home/airflow/.local/lib/python3.7/site-packages/airflow/example_dags/example_kubernetes_executor.py
[2022-08-15 02:57:56,592] {processor.py:641} INFO - Processing file /home/airflow/.local/lib/python3.7/site-packages/airflow/example_dags/example_kubernetes_executor.py for tasks to queue
[2022-08-15 02:57:56,594] {logging_mixin.py:115} INFO - [2022-08-15 02:57:56,594] {dagbag.py:508} INFO - Filling up the DagBag from /home/airflow/.local/lib/python3.7/site-packages/airflow/example_dags/example_kubernetes_executor.py
[2022-08-15 02:57:56,747] {processor.py:651} INFO - DAG(s) dict_keys(['example_kubernetes_executor']) retrieved from /home/airflow/.local/lib/python3.7/site-packages/airflow/example_dags/example_kubernetes_executor.py
[2022-08-15 02:57:56,907] {logging_mixin.py:115} INFO - [2022-08-15 02:57:56,907] {dag.py:2420} INFO - Sync 1 DAGs
[2022-08-15 02:57:57,024] {logging_mixin.py:115} INFO - [2022-08-15 02:57:57,024] {dag.py:2972} INFO - Setting next_dagrun for example_kubernetes_executor to None, run_after=None
[2022-08-15 02:57:57,092] {processor.py:161} INFO - Processing /home/airflow/.local/lib/python3.7/site-packages/airflow/example_dags/example_kubernetes_executor.py took 0.512 seconds
[2022-08-15 02:58:27,376] {processor.py:153} INFO - Started process (PID=2509) to work on /home/airflow/.local/lib/python3.7/site-packages/airflow/example_dags/example_kubernetes_executor.py
[2022-08-15 02:58:27,378] {processor.py:641} INFO - Processing file /home/airflow/.local/lib/python3.7/site-packages/airflow/example_dags/example_kubernetes_executor.py for tasks to queue
[2022-08-15 02:58:27,386] {logging_mixin.py:115} INFO - [2022-08-15 02:58:27,386] {dagbag.py:508} INFO - Filling up the DagBag from /home/airflow/.local/lib/python3.7/site-packages/airflow/example_dags/example_kubernetes_executor.py
[2022-08-15 02:58:27,429] {processor.py:651} INFO - DAG(s) dict_keys(['example_kubernetes_executor']) retrieved from /home/airflow/.local/lib/python3.7/site-packages/airflow/example_dags/example_kubernetes_executor.py
[2022-08-15 02:58:27,549] {logging_mixin.py:115} INFO - [2022-08-15 02:58:27,549] {dag.py:2420} INFO - Sync 1 DAGs
[2022-08-15 02:58:27,644] {logging_mixin.py:115} INFO - [2022-08-15 02:58:27,644] {dag.py:2972} INFO - Setting next_dagrun for example_kubernetes_executor to None, run_after=None
[2022-08-15 02:58:27,668] {processor.py:161} INFO - Processing /home/airflow/.local/lib/python3.7/site-packages/airflow/example_dags/example_kubernetes_executor.py took 0.303 seconds
[2022-08-15 02:58:57,806] {processor.py:153} INFO - Started process (PID=2564) to work on /home/airflow/.local/lib/python3.7/site-packages/airflow/example_dags/example_kubernetes_executor.py
[2022-08-15 02:58:57,820] {processor.py:641} INFO - Processing file /home/airflow/.local/lib/python3.7/site-packages/airflow/example_dags/example_kubernetes_executor.py for tasks to queue
[2022-08-15 02:58:57,828] {logging_mixin.py:115} INFO - [2022-08-15 02:58:57,827] {dagbag.py:508} INFO - Filling up the DagBag from /home/airflow/.local/lib/python3.7/site-packages/airflow/example_dags/example_kubernetes_executor.py
[2022-08-15 02:58:57,914] {processor.py:651} INFO - DAG(s) dict_keys(['example_kubernetes_executor']) retrieved from /home/airflow/.local/lib/python3.7/site-packages/airflow/example_dags/example_kubernetes_executor.py
[2022-08-15 02:58:57,996] {logging_mixin.py:115} INFO - [2022-08-15 02:58:57,996] {dag.py:2420} INFO - Sync 1 DAGs
[2022-08-15 02:58:58,046] {logging_mixin.py:115} INFO - [2022-08-15 02:58:58,046] {dag.py:2972} INFO - Setting next_dagrun for example_kubernetes_executor to None, run_after=None
[2022-08-15 02:58:58,072] {processor.py:161} INFO - Processing /home/airflow/.local/lib/python3.7/site-packages/airflow/example_dags/example_kubernetes_executor.py took 0.278 seconds
[2022-08-15 02:59:28,572] {processor.py:153} INFO - Started process (PID=2618) to work on /home/airflow/.local/lib/python3.7/site-packages/airflow/example_dags/example_kubernetes_executor.py
[2022-08-15 02:59:28,574] {processor.py:641} INFO - Processing file /home/airflow/.local/lib/python3.7/site-packages/airflow/example_dags/example_kubernetes_executor.py for tasks to queue
[2022-08-15 02:59:28,577] {logging_mixin.py:115} INFO - [2022-08-15 02:59:28,577] {dagbag.py:508} INFO - Filling up the DagBag from /home/airflow/.local/lib/python3.7/site-packages/airflow/example_dags/example_kubernetes_executor.py
[2022-08-15 02:59:28,632] {processor.py:651} INFO - DAG(s) dict_keys(['example_kubernetes_executor']) retrieved from /home/airflow/.local/lib/python3.7/site-packages/airflow/example_dags/example_kubernetes_executor.py
[2022-08-15 02:59:28,682] {logging_mixin.py:115} INFO - [2022-08-15 02:59:28,682] {dag.py:2420} INFO - Sync 1 DAGs
[2022-08-15 02:59:28,727] {logging_mixin.py:115} INFO - [2022-08-15 02:59:28,727] {dag.py:2972} INFO - Setting next_dagrun for example_kubernetes_executor to None, run_after=None
[2022-08-15 02:59:28,754] {processor.py:161} INFO - Processing /home/airflow/.local/lib/python3.7/site-packages/airflow/example_dags/example_kubernetes_executor.py took 0.193 seconds
[2022-08-15 02:59:58,856] {processor.py:153} INFO - Started process (PID=2681) to work on /home/airflow/.local/lib/python3.7/site-packages/airflow/example_dags/example_kubernetes_executor.py
[2022-08-15 02:59:58,859] {processor.py:641} INFO - Processing file /home/airflow/.local/lib/python3.7/site-packages/airflow/example_dags/example_kubernetes_executor.py for tasks to queue
[2022-08-15 02:59:58,867] {logging_mixin.py:115} INFO - [2022-08-15 02:59:58,862] {dagbag.py:508} INFO - Filling up the DagBag from /home/airflow/.local/lib/python3.7/site-packages/airflow/example_dags/example_kubernetes_executor.py
[2022-08-15 02:59:58,959] {processor.py:651} INFO - DAG(s) dict_keys(['example_kubernetes_executor']) retrieved from /home/airflow/.local/lib/python3.7/site-packages/airflow/example_dags/example_kubernetes_executor.py
[2022-08-15 02:59:59,076] {logging_mixin.py:115} INFO - [2022-08-15 02:59:59,076] {dag.py:2420} INFO - Sync 1 DAGs
[2022-08-15 02:59:59,139] {logging_mixin.py:115} INFO - [2022-08-15 02:59:59,139] {dag.py:2972} INFO - Setting next_dagrun for example_kubernetes_executor to None, run_after=None
[2022-08-15 02:59:59,184] {processor.py:161} INFO - Processing /home/airflow/.local/lib/python3.7/site-packages/airflow/example_dags/example_kubernetes_executor.py took 0.335 seconds
[2022-08-15 03:00:30,188] {processor.py:153} INFO - Started process (PID=2735) to work on /home/airflow/.local/lib/python3.7/site-packages/airflow/example_dags/example_kubernetes_executor.py
[2022-08-15 03:00:30,190] {processor.py:641} INFO - Processing file /home/airflow/.local/lib/python3.7/site-packages/airflow/example_dags/example_kubernetes_executor.py for tasks to queue
[2022-08-15 03:00:30,195] {logging_mixin.py:115} INFO - [2022-08-15 03:00:30,194] {dagbag.py:508} INFO - Filling up the DagBag from /home/airflow/.local/lib/python3.7/site-packages/airflow/example_dags/example_kubernetes_executor.py
[2022-08-15 03:00:30,243] {processor.py:651} INFO - DAG(s) dict_keys(['example_kubernetes_executor']) retrieved from /home/airflow/.local/lib/python3.7/site-packages/airflow/example_dags/example_kubernetes_executor.py
[2022-08-15 03:00:30,325] {logging_mixin.py:115} INFO - [2022-08-15 03:00:30,324] {dag.py:2420} INFO - Sync 1 DAGs
[2022-08-15 03:00:30,402] {logging_mixin.py:115} INFO - [2022-08-15 03:00:30,402] {dag.py:2972} INFO - Setting next_dagrun for example_kubernetes_executor to None, run_after=None
[2022-08-15 03:00:30,438] {processor.py:161} INFO - Processing /home/airflow/.local/lib/python3.7/site-packages/airflow/example_dags/example_kubernetes_executor.py took 0.258 seconds
[2022-08-15 03:01:00,764] {processor.py:153} INFO - Started process (PID=2797) to work on /home/airflow/.local/lib/python3.7/site-packages/airflow/example_dags/example_kubernetes_executor.py
[2022-08-15 03:01:00,766] {processor.py:641} INFO - Processing file /home/airflow/.local/lib/python3.7/site-packages/airflow/example_dags/example_kubernetes_executor.py for tasks to queue
[2022-08-15 03:01:00,768] {logging_mixin.py:115} INFO - [2022-08-15 03:01:00,768] {dagbag.py:508} INFO - Filling up the DagBag from /home/airflow/.local/lib/python3.7/site-packages/airflow/example_dags/example_kubernetes_executor.py
[2022-08-15 03:01:00,813] {processor.py:651} INFO - DAG(s) dict_keys(['example_kubernetes_executor']) retrieved from /home/airflow/.local/lib/python3.7/site-packages/airflow/example_dags/example_kubernetes_executor.py
[2022-08-15 03:01:00,922] {logging_mixin.py:115} INFO - [2022-08-15 03:01:00,922] {dag.py:2420} INFO - Sync 1 DAGs
[2022-08-15 03:01:00,999] {logging_mixin.py:115} INFO - [2022-08-15 03:01:00,999] {dag.py:2972} INFO - Setting next_dagrun for example_kubernetes_executor to None, run_after=None
[2022-08-15 03:01:01,051] {processor.py:161} INFO - Processing /home/airflow/.local/lib/python3.7/site-packages/airflow/example_dags/example_kubernetes_executor.py took 0.303 seconds
[2022-08-15 03:01:32,107] {processor.py:153} INFO - Started process (PID=2851) to work on /home/airflow/.local/lib/python3.7/site-packages/airflow/example_dags/example_kubernetes_executor.py
[2022-08-15 03:01:32,110] {processor.py:641} INFO - Processing file /home/airflow/.local/lib/python3.7/site-packages/airflow/example_dags/example_kubernetes_executor.py for tasks to queue
[2022-08-15 03:01:32,115] {logging_mixin.py:115} INFO - [2022-08-15 03:01:32,115] {dagbag.py:508} INFO - Filling up the DagBag from /home/airflow/.local/lib/python3.7/site-packages/airflow/example_dags/example_kubernetes_executor.py
[2022-08-15 03:01:32,269] {processor.py:651} INFO - DAG(s) dict_keys(['example_kubernetes_executor']) retrieved from /home/airflow/.local/lib/python3.7/site-packages/airflow/example_dags/example_kubernetes_executor.py
[2022-08-15 03:01:32,412] {logging_mixin.py:115} INFO - [2022-08-15 03:01:32,412] {dag.py:2420} INFO - Sync 1 DAGs
[2022-08-15 03:01:32,489] {logging_mixin.py:115} INFO - [2022-08-15 03:01:32,489] {dag.py:2972} INFO - Setting next_dagrun for example_kubernetes_executor to None, run_after=None
[2022-08-15 03:01:32,534] {processor.py:161} INFO - Processing /home/airflow/.local/lib/python3.7/site-packages/airflow/example_dags/example_kubernetes_executor.py took 0.440 seconds
[2022-08-15 03:02:02,646] {processor.py:153} INFO - Started process (PID=2919) to work on /home/airflow/.local/lib/python3.7/site-packages/airflow/example_dags/example_kubernetes_executor.py
[2022-08-15 03:02:02,647] {processor.py:641} INFO - Processing file /home/airflow/.local/lib/python3.7/site-packages/airflow/example_dags/example_kubernetes_executor.py for tasks to queue
[2022-08-15 03:02:02,652] {logging_mixin.py:115} INFO - [2022-08-15 03:02:02,651] {dagbag.py:508} INFO - Filling up the DagBag from /home/airflow/.local/lib/python3.7/site-packages/airflow/example_dags/example_kubernetes_executor.py
[2022-08-15 03:02:02,783] {processor.py:651} INFO - DAG(s) dict_keys(['example_kubernetes_executor']) retrieved from /home/airflow/.local/lib/python3.7/site-packages/airflow/example_dags/example_kubernetes_executor.py
[2022-08-15 03:02:02,881] {logging_mixin.py:115} INFO - [2022-08-15 03:02:02,881] {dag.py:2420} INFO - Sync 1 DAGs
[2022-08-15 03:02:02,924] {logging_mixin.py:115} INFO - [2022-08-15 03:02:02,924] {dag.py:2972} INFO - Setting next_dagrun for example_kubernetes_executor to None, run_after=None
[2022-08-15 03:02:02,953] {processor.py:161} INFO - Processing /home/airflow/.local/lib/python3.7/site-packages/airflow/example_dags/example_kubernetes_executor.py took 0.320 seconds
[2022-08-15 03:02:33,081] {processor.py:153} INFO - Started process (PID=2972) to work on /home/airflow/.local/lib/python3.7/site-packages/airflow/example_dags/example_kubernetes_executor.py
[2022-08-15 03:02:33,084] {processor.py:641} INFO - Processing file /home/airflow/.local/lib/python3.7/site-packages/airflow/example_dags/example_kubernetes_executor.py for tasks to queue
[2022-08-15 03:02:33,086] {logging_mixin.py:115} INFO - [2022-08-15 03:02:33,086] {dagbag.py:508} INFO - Filling up the DagBag from /home/airflow/.local/lib/python3.7/site-packages/airflow/example_dags/example_kubernetes_executor.py
[2022-08-15 03:02:33,140] {processor.py:651} INFO - DAG(s) dict_keys(['example_kubernetes_executor']) retrieved from /home/airflow/.local/lib/python3.7/site-packages/airflow/example_dags/example_kubernetes_executor.py
[2022-08-15 03:02:33,231] {logging_mixin.py:115} INFO - [2022-08-15 03:02:33,230] {dag.py:2420} INFO - Sync 1 DAGs
[2022-08-15 03:02:33,286] {logging_mixin.py:115} INFO - [2022-08-15 03:02:33,286] {dag.py:2972} INFO - Setting next_dagrun for example_kubernetes_executor to None, run_after=None
[2022-08-15 03:02:33,308] {processor.py:161} INFO - Processing /home/airflow/.local/lib/python3.7/site-packages/airflow/example_dags/example_kubernetes_executor.py took 0.240 seconds
[2022-08-15 03:03:03,692] {processor.py:153} INFO - Started process (PID=3026) to work on /home/airflow/.local/lib/python3.7/site-packages/airflow/example_dags/example_kubernetes_executor.py
[2022-08-15 03:03:03,728] {processor.py:641} INFO - Processing file /home/airflow/.local/lib/python3.7/site-packages/airflow/example_dags/example_kubernetes_executor.py for tasks to queue
[2022-08-15 03:03:03,730] {logging_mixin.py:115} INFO - [2022-08-15 03:03:03,730] {dagbag.py:508} INFO - Filling up the DagBag from /home/airflow/.local/lib/python3.7/site-packages/airflow/example_dags/example_kubernetes_executor.py
[2022-08-15 03:03:04,040] {processor.py:651} INFO - DAG(s) dict_keys(['example_kubernetes_executor']) retrieved from /home/airflow/.local/lib/python3.7/site-packages/airflow/example_dags/example_kubernetes_executor.py
[2022-08-15 03:03:04,176] {logging_mixin.py:115} INFO - [2022-08-15 03:03:04,176] {dag.py:2420} INFO - Sync 1 DAGs
[2022-08-15 03:03:04,319] {logging_mixin.py:115} INFO - [2022-08-15 03:03:04,319] {dag.py:2972} INFO - Setting next_dagrun for example_kubernetes_executor to None, run_after=None
[2022-08-15 03:03:04,371] {processor.py:161} INFO - Processing /home/airflow/.local/lib/python3.7/site-packages/airflow/example_dags/example_kubernetes_executor.py took 0.735 seconds
[2022-08-15 03:03:35,041] {processor.py:153} INFO - Started process (PID=3089) to work on /home/airflow/.local/lib/python3.7/site-packages/airflow/example_dags/example_kubernetes_executor.py
[2022-08-15 03:03:35,044] {processor.py:641} INFO - Processing file /home/airflow/.local/lib/python3.7/site-packages/airflow/example_dags/example_kubernetes_executor.py for tasks to queue
[2022-08-15 03:03:35,046] {logging_mixin.py:115} INFO - [2022-08-15 03:03:35,046] {dagbag.py:508} INFO - Filling up the DagBag from /home/airflow/.local/lib/python3.7/site-packages/airflow/example_dags/example_kubernetes_executor.py
[2022-08-15 03:03:35,091] {processor.py:651} INFO - DAG(s) dict_keys(['example_kubernetes_executor']) retrieved from /home/airflow/.local/lib/python3.7/site-packages/airflow/example_dags/example_kubernetes_executor.py
[2022-08-15 03:03:35,149] {logging_mixin.py:115} INFO - [2022-08-15 03:03:35,149] {dag.py:2420} INFO - Sync 1 DAGs
[2022-08-15 03:03:35,198] {logging_mixin.py:115} INFO - [2022-08-15 03:03:35,197] {dag.py:2972} INFO - Setting next_dagrun for example_kubernetes_executor to None, run_after=None
[2022-08-15 03:03:35,226] {processor.py:161} INFO - Processing /home/airflow/.local/lib/python3.7/site-packages/airflow/example_dags/example_kubernetes_executor.py took 0.193 seconds
[2022-08-15 03:04:05,907] {processor.py:153} INFO - Started process (PID=3143) to work on /home/airflow/.local/lib/python3.7/site-packages/airflow/example_dags/example_kubernetes_executor.py
[2022-08-15 03:04:05,910] {processor.py:641} INFO - Processing file /home/airflow/.local/lib/python3.7/site-packages/airflow/example_dags/example_kubernetes_executor.py for tasks to queue
[2022-08-15 03:04:05,912] {logging_mixin.py:115} INFO - [2022-08-15 03:04:05,912] {dagbag.py:508} INFO - Filling up the DagBag from /home/airflow/.local/lib/python3.7/site-packages/airflow/example_dags/example_kubernetes_executor.py
[2022-08-15 03:04:05,966] {processor.py:651} INFO - DAG(s) dict_keys(['example_kubernetes_executor']) retrieved from /home/airflow/.local/lib/python3.7/site-packages/airflow/example_dags/example_kubernetes_executor.py
[2022-08-15 03:04:06,016] {logging_mixin.py:115} INFO - [2022-08-15 03:04:06,015] {dag.py:2420} INFO - Sync 1 DAGs
[2022-08-15 03:04:06,059] {logging_mixin.py:115} INFO - [2022-08-15 03:04:06,058] {dag.py:2972} INFO - Setting next_dagrun for example_kubernetes_executor to None, run_after=None
[2022-08-15 03:04:06,084] {processor.py:161} INFO - Processing /home/airflow/.local/lib/python3.7/site-packages/airflow/example_dags/example_kubernetes_executor.py took 0.186 seconds
[2022-08-15 03:04:36,481] {processor.py:153} INFO - Started process (PID=3203) to work on /home/airflow/.local/lib/python3.7/site-packages/airflow/example_dags/example_kubernetes_executor.py
[2022-08-15 03:04:36,485] {processor.py:641} INFO - Processing file /home/airflow/.local/lib/python3.7/site-packages/airflow/example_dags/example_kubernetes_executor.py for tasks to queue
[2022-08-15 03:04:36,489] {logging_mixin.py:115} INFO - [2022-08-15 03:04:36,489] {dagbag.py:508} INFO - Filling up the DagBag from /home/airflow/.local/lib/python3.7/site-packages/airflow/example_dags/example_kubernetes_executor.py
[2022-08-15 03:04:36,641] {processor.py:651} INFO - DAG(s) dict_keys(['example_kubernetes_executor']) retrieved from /home/airflow/.local/lib/python3.7/site-packages/airflow/example_dags/example_kubernetes_executor.py
[2022-08-15 03:04:36,775] {logging_mixin.py:115} INFO - [2022-08-15 03:04:36,775] {dag.py:2420} INFO - Sync 1 DAGs
[2022-08-15 03:04:36,895] {logging_mixin.py:115} INFO - [2022-08-15 03:04:36,894] {dag.py:2972} INFO - Setting next_dagrun for example_kubernetes_executor to None, run_after=None
[2022-08-15 03:04:36,962] {processor.py:161} INFO - Processing /home/airflow/.local/lib/python3.7/site-packages/airflow/example_dags/example_kubernetes_executor.py took 0.502 seconds
[2022-08-15 03:05:07,440] {processor.py:153} INFO - Started process (PID=3260) to work on /home/airflow/.local/lib/python3.7/site-packages/airflow/example_dags/example_kubernetes_executor.py
[2022-08-15 03:05:07,442] {processor.py:641} INFO - Processing file /home/airflow/.local/lib/python3.7/site-packages/airflow/example_dags/example_kubernetes_executor.py for tasks to queue
[2022-08-15 03:05:07,444] {logging_mixin.py:115} INFO - [2022-08-15 03:05:07,444] {dagbag.py:508} INFO - Filling up the DagBag from /home/airflow/.local/lib/python3.7/site-packages/airflow/example_dags/example_kubernetes_executor.py
[2022-08-15 03:05:07,491] {processor.py:651} INFO - DAG(s) dict_keys(['example_kubernetes_executor']) retrieved from /home/airflow/.local/lib/python3.7/site-packages/airflow/example_dags/example_kubernetes_executor.py
[2022-08-15 03:05:07,540] {logging_mixin.py:115} INFO - [2022-08-15 03:05:07,540] {dag.py:2420} INFO - Sync 1 DAGs
[2022-08-15 03:05:07,588] {logging_mixin.py:115} INFO - [2022-08-15 03:05:07,588] {dag.py:2972} INFO - Setting next_dagrun for example_kubernetes_executor to None, run_after=None
[2022-08-15 03:05:07,612] {processor.py:161} INFO - Processing /home/airflow/.local/lib/python3.7/site-packages/airflow/example_dags/example_kubernetes_executor.py took 0.183 seconds
[2022-08-15 03:05:37,768] {processor.py:153} INFO - Started process (PID=3315) to work on /home/airflow/.local/lib/python3.7/site-packages/airflow/example_dags/example_kubernetes_executor.py
[2022-08-15 03:05:37,771] {processor.py:641} INFO - Processing file /home/airflow/.local/lib/python3.7/site-packages/airflow/example_dags/example_kubernetes_executor.py for tasks to queue
[2022-08-15 03:05:37,775] {logging_mixin.py:115} INFO - [2022-08-15 03:05:37,774] {dagbag.py:508} INFO - Filling up the DagBag from /home/airflow/.local/lib/python3.7/site-packages/airflow/example_dags/example_kubernetes_executor.py
[2022-08-15 03:05:37,889] {processor.py:651} INFO - DAG(s) dict_keys(['example_kubernetes_executor']) retrieved from /home/airflow/.local/lib/python3.7/site-packages/airflow/example_dags/example_kubernetes_executor.py
[2022-08-15 03:05:37,979] {logging_mixin.py:115} INFO - [2022-08-15 03:05:37,979] {dag.py:2420} INFO - Sync 1 DAGs
[2022-08-15 03:05:38,048] {logging_mixin.py:115} INFO - [2022-08-15 03:05:38,048] {dag.py:2972} INFO - Setting next_dagrun for example_kubernetes_executor to None, run_after=None
[2022-08-15 03:05:38,131] {processor.py:161} INFO - Processing /home/airflow/.local/lib/python3.7/site-packages/airflow/example_dags/example_kubernetes_executor.py took 0.384 seconds
[2022-08-15 03:06:08,363] {processor.py:153} INFO - Started process (PID=3380) to work on /home/airflow/.local/lib/python3.7/site-packages/airflow/example_dags/example_kubernetes_executor.py
[2022-08-15 03:06:08,368] {processor.py:641} INFO - Processing file /home/airflow/.local/lib/python3.7/site-packages/airflow/example_dags/example_kubernetes_executor.py for tasks to queue
[2022-08-15 03:06:08,371] {logging_mixin.py:115} INFO - [2022-08-15 03:06:08,371] {dagbag.py:508} INFO - Filling up the DagBag from /home/airflow/.local/lib/python3.7/site-packages/airflow/example_dags/example_kubernetes_executor.py
[2022-08-15 03:06:08,500] {processor.py:651} INFO - DAG(s) dict_keys(['example_kubernetes_executor']) retrieved from /home/airflow/.local/lib/python3.7/site-packages/airflow/example_dags/example_kubernetes_executor.py
[2022-08-15 03:06:08,647] {logging_mixin.py:115} INFO - [2022-08-15 03:06:08,647] {dag.py:2420} INFO - Sync 1 DAGs
[2022-08-15 03:06:08,796] {logging_mixin.py:115} INFO - [2022-08-15 03:06:08,796] {dag.py:2972} INFO - Setting next_dagrun for example_kubernetes_executor to None, run_after=None
[2022-08-15 03:06:08,876] {processor.py:161} INFO - Processing /home/airflow/.local/lib/python3.7/site-packages/airflow/example_dags/example_kubernetes_executor.py took 0.533 seconds
[2022-08-15 03:06:39,013] {processor.py:153} INFO - Started process (PID=3433) to work on /home/airflow/.local/lib/python3.7/site-packages/airflow/example_dags/example_kubernetes_executor.py
[2022-08-15 03:06:39,015] {processor.py:641} INFO - Processing file /home/airflow/.local/lib/python3.7/site-packages/airflow/example_dags/example_kubernetes_executor.py for tasks to queue
[2022-08-15 03:06:39,017] {logging_mixin.py:115} INFO - [2022-08-15 03:06:39,016] {dagbag.py:508} INFO - Filling up the DagBag from /home/airflow/.local/lib/python3.7/site-packages/airflow/example_dags/example_kubernetes_executor.py
[2022-08-15 03:06:39,052] {processor.py:651} INFO - DAG(s) dict_keys(['example_kubernetes_executor']) retrieved from /home/airflow/.local/lib/python3.7/site-packages/airflow/example_dags/example_kubernetes_executor.py
[2022-08-15 03:06:39,091] {logging_mixin.py:115} INFO - [2022-08-15 03:06:39,091] {dag.py:2420} INFO - Sync 1 DAGs
[2022-08-15 03:06:39,126] {logging_mixin.py:115} INFO - [2022-08-15 03:06:39,126] {dag.py:2972} INFO - Setting next_dagrun for example_kubernetes_executor to None, run_after=None
[2022-08-15 03:06:39,147] {processor.py:161} INFO - Processing /home/airflow/.local/lib/python3.7/site-packages/airflow/example_dags/example_kubernetes_executor.py took 0.140 seconds
[2022-08-15 03:07:09,390] {processor.py:153} INFO - Started process (PID=3487) to work on /home/airflow/.local/lib/python3.7/site-packages/airflow/example_dags/example_kubernetes_executor.py
[2022-08-15 03:07:09,392] {processor.py:641} INFO - Processing file /home/airflow/.local/lib/python3.7/site-packages/airflow/example_dags/example_kubernetes_executor.py for tasks to queue
[2022-08-15 03:07:09,394] {logging_mixin.py:115} INFO - [2022-08-15 03:07:09,394] {dagbag.py:508} INFO - Filling up the DagBag from /home/airflow/.local/lib/python3.7/site-packages/airflow/example_dags/example_kubernetes_executor.py
[2022-08-15 03:07:09,443] {processor.py:651} INFO - DAG(s) dict_keys(['example_kubernetes_executor']) retrieved from /home/airflow/.local/lib/python3.7/site-packages/airflow/example_dags/example_kubernetes_executor.py
[2022-08-15 03:07:09,487] {logging_mixin.py:115} INFO - [2022-08-15 03:07:09,487] {dag.py:2420} INFO - Sync 1 DAGs
[2022-08-15 03:07:09,534] {logging_mixin.py:115} INFO - [2022-08-15 03:07:09,533] {dag.py:2972} INFO - Setting next_dagrun for example_kubernetes_executor to None, run_after=None
[2022-08-15 03:07:09,570] {processor.py:161} INFO - Processing /home/airflow/.local/lib/python3.7/site-packages/airflow/example_dags/example_kubernetes_executor.py took 0.189 seconds
[2022-08-15 03:07:39,768] {processor.py:153} INFO - Started process (PID=3552) to work on /home/airflow/.local/lib/python3.7/site-packages/airflow/example_dags/example_kubernetes_executor.py
[2022-08-15 03:07:39,770] {processor.py:641} INFO - Processing file /home/airflow/.local/lib/python3.7/site-packages/airflow/example_dags/example_kubernetes_executor.py for tasks to queue
[2022-08-15 03:07:39,771] {logging_mixin.py:115} INFO - [2022-08-15 03:07:39,771] {dagbag.py:508} INFO - Filling up the DagBag from /home/airflow/.local/lib/python3.7/site-packages/airflow/example_dags/example_kubernetes_executor.py
[2022-08-15 03:07:39,864] {processor.py:651} INFO - DAG(s) dict_keys(['example_kubernetes_executor']) retrieved from /home/airflow/.local/lib/python3.7/site-packages/airflow/example_dags/example_kubernetes_executor.py
[2022-08-15 03:07:39,938] {logging_mixin.py:115} INFO - [2022-08-15 03:07:39,938] {dag.py:2420} INFO - Sync 1 DAGs
[2022-08-15 03:07:39,991] {logging_mixin.py:115} INFO - [2022-08-15 03:07:39,991] {dag.py:2972} INFO - Setting next_dagrun for example_kubernetes_executor to None, run_after=None
[2022-08-15 03:07:40,023] {processor.py:161} INFO - Processing /home/airflow/.local/lib/python3.7/site-packages/airflow/example_dags/example_kubernetes_executor.py took 0.270 seconds
[2022-08-15 03:08:10,325] {processor.py:153} INFO - Started process (PID=3605) to work on /home/airflow/.local/lib/python3.7/site-packages/airflow/example_dags/example_kubernetes_executor.py
[2022-08-15 03:08:10,330] {processor.py:641} INFO - Processing file /home/airflow/.local/lib/python3.7/site-packages/airflow/example_dags/example_kubernetes_executor.py for tasks to queue
[2022-08-15 03:08:10,335] {logging_mixin.py:115} INFO - [2022-08-15 03:08:10,335] {dagbag.py:508} INFO - Filling up the DagBag from /home/airflow/.local/lib/python3.7/site-packages/airflow/example_dags/example_kubernetes_executor.py
[2022-08-15 03:08:10,445] {processor.py:651} INFO - DAG(s) dict_keys(['example_kubernetes_executor']) retrieved from /home/airflow/.local/lib/python3.7/site-packages/airflow/example_dags/example_kubernetes_executor.py
[2022-08-15 03:08:10,532] {logging_mixin.py:115} INFO - [2022-08-15 03:08:10,530] {dag.py:2420} INFO - Sync 1 DAGs
[2022-08-15 03:08:10,689] {logging_mixin.py:115} INFO - [2022-08-15 03:08:10,689] {dag.py:2972} INFO - Setting next_dagrun for example_kubernetes_executor to None, run_after=None
[2022-08-15 03:08:10,770] {processor.py:161} INFO - Processing /home/airflow/.local/lib/python3.7/site-packages/airflow/example_dags/example_kubernetes_executor.py took 0.457 seconds
[2022-08-15 03:08:40,915] {processor.py:153} INFO - Started process (PID=3658) to work on /home/airflow/.local/lib/python3.7/site-packages/airflow/example_dags/example_kubernetes_executor.py
[2022-08-15 03:08:40,925] {processor.py:641} INFO - Processing file /home/airflow/.local/lib/python3.7/site-packages/airflow/example_dags/example_kubernetes_executor.py for tasks to queue
[2022-08-15 03:08:40,928] {logging_mixin.py:115} INFO - [2022-08-15 03:08:40,928] {dagbag.py:508} INFO - Filling up the DagBag from /home/airflow/.local/lib/python3.7/site-packages/airflow/example_dags/example_kubernetes_executor.py
[2022-08-15 03:08:41,017] {processor.py:651} INFO - DAG(s) dict_keys(['example_kubernetes_executor']) retrieved from /home/airflow/.local/lib/python3.7/site-packages/airflow/example_dags/example_kubernetes_executor.py
[2022-08-15 03:08:41,058] {logging_mixin.py:115} INFO - [2022-08-15 03:08:41,057] {dag.py:2420} INFO - Sync 1 DAGs
[2022-08-15 03:08:41,099] {logging_mixin.py:115} INFO - [2022-08-15 03:08:41,099] {dag.py:2972} INFO - Setting next_dagrun for example_kubernetes_executor to None, run_after=None
[2022-08-15 03:08:41,125] {processor.py:161} INFO - Processing /home/airflow/.local/lib/python3.7/site-packages/airflow/example_dags/example_kubernetes_executor.py took 0.218 seconds
[2022-08-15 03:09:11,453] {processor.py:153} INFO - Started process (PID=3711) to work on /home/airflow/.local/lib/python3.7/site-packages/airflow/example_dags/example_kubernetes_executor.py
[2022-08-15 03:09:11,461] {processor.py:641} INFO - Processing file /home/airflow/.local/lib/python3.7/site-packages/airflow/example_dags/example_kubernetes_executor.py for tasks to queue
[2022-08-15 03:09:11,466] {logging_mixin.py:115} INFO - [2022-08-15 03:09:11,466] {dagbag.py:508} INFO - Filling up the DagBag from /home/airflow/.local/lib/python3.7/site-packages/airflow/example_dags/example_kubernetes_executor.py
[2022-08-15 03:09:11,619] {processor.py:651} INFO - DAG(s) dict_keys(['example_kubernetes_executor']) retrieved from /home/airflow/.local/lib/python3.7/site-packages/airflow/example_dags/example_kubernetes_executor.py
[2022-08-15 03:09:11,712] {logging_mixin.py:115} INFO - [2022-08-15 03:09:11,712] {dag.py:2420} INFO - Sync 1 DAGs
[2022-08-15 03:09:11,755] {logging_mixin.py:115} INFO - [2022-08-15 03:09:11,755] {dag.py:2972} INFO - Setting next_dagrun for example_kubernetes_executor to None, run_after=None
[2022-08-15 03:09:11,779] {processor.py:161} INFO - Processing /home/airflow/.local/lib/python3.7/site-packages/airflow/example_dags/example_kubernetes_executor.py took 0.384 seconds
[2022-08-15 03:09:42,205] {processor.py:153} INFO - Started process (PID=3774) to work on /home/airflow/.local/lib/python3.7/site-packages/airflow/example_dags/example_kubernetes_executor.py
[2022-08-15 03:09:42,209] {processor.py:641} INFO - Processing file /home/airflow/.local/lib/python3.7/site-packages/airflow/example_dags/example_kubernetes_executor.py for tasks to queue
[2022-08-15 03:09:42,211] {logging_mixin.py:115} INFO - [2022-08-15 03:09:42,211] {dagbag.py:508} INFO - Filling up the DagBag from /home/airflow/.local/lib/python3.7/site-packages/airflow/example_dags/example_kubernetes_executor.py
[2022-08-15 03:09:42,412] {processor.py:651} INFO - DAG(s) dict_keys(['example_kubernetes_executor']) retrieved from /home/airflow/.local/lib/python3.7/site-packages/airflow/example_dags/example_kubernetes_executor.py
[2022-08-15 03:09:42,480] {logging_mixin.py:115} INFO - [2022-08-15 03:09:42,480] {dag.py:2420} INFO - Sync 1 DAGs
[2022-08-15 03:09:42,556] {logging_mixin.py:115} INFO - [2022-08-15 03:09:42,556] {dag.py:2972} INFO - Setting next_dagrun for example_kubernetes_executor to None, run_after=None
[2022-08-15 03:09:42,579] {processor.py:161} INFO - Processing /home/airflow/.local/lib/python3.7/site-packages/airflow/example_dags/example_kubernetes_executor.py took 0.384 seconds
[2022-08-15 03:10:12,783] {processor.py:153} INFO - Started process (PID=3833) to work on /home/airflow/.local/lib/python3.7/site-packages/airflow/example_dags/example_kubernetes_executor.py
[2022-08-15 03:10:12,785] {processor.py:641} INFO - Processing file /home/airflow/.local/lib/python3.7/site-packages/airflow/example_dags/example_kubernetes_executor.py for tasks to queue
[2022-08-15 03:10:12,787] {logging_mixin.py:115} INFO - [2022-08-15 03:10:12,787] {dagbag.py:508} INFO - Filling up the DagBag from /home/airflow/.local/lib/python3.7/site-packages/airflow/example_dags/example_kubernetes_executor.py
[2022-08-15 03:10:12,833] {processor.py:651} INFO - DAG(s) dict_keys(['example_kubernetes_executor']) retrieved from /home/airflow/.local/lib/python3.7/site-packages/airflow/example_dags/example_kubernetes_executor.py
[2022-08-15 03:10:12,913] {logging_mixin.py:115} INFO - [2022-08-15 03:10:12,912] {dag.py:2420} INFO - Sync 1 DAGs
[2022-08-15 03:10:12,978] {logging_mixin.py:115} INFO - [2022-08-15 03:10:12,976] {dag.py:2972} INFO - Setting next_dagrun for example_kubernetes_executor to None, run_after=None
[2022-08-15 03:10:13,043] {processor.py:161} INFO - Processing /home/airflow/.local/lib/python3.7/site-packages/airflow/example_dags/example_kubernetes_executor.py took 0.267 seconds
[2022-08-15 03:10:43,137] {processor.py:153} INFO - Started process (PID=3885) to work on /home/airflow/.local/lib/python3.7/site-packages/airflow/example_dags/example_kubernetes_executor.py
[2022-08-15 03:10:43,140] {processor.py:641} INFO - Processing file /home/airflow/.local/lib/python3.7/site-packages/airflow/example_dags/example_kubernetes_executor.py for tasks to queue
[2022-08-15 03:10:43,145] {logging_mixin.py:115} INFO - [2022-08-15 03:10:43,144] {dagbag.py:508} INFO - Filling up the DagBag from /home/airflow/.local/lib/python3.7/site-packages/airflow/example_dags/example_kubernetes_executor.py
[2022-08-15 03:10:43,216] {processor.py:651} INFO - DAG(s) dict_keys(['example_kubernetes_executor']) retrieved from /home/airflow/.local/lib/python3.7/site-packages/airflow/example_dags/example_kubernetes_executor.py
[2022-08-15 03:10:43,271] {logging_mixin.py:115} INFO - [2022-08-15 03:10:43,271] {dag.py:2420} INFO - Sync 1 DAGs
[2022-08-15 03:10:43,309] {logging_mixin.py:115} INFO - [2022-08-15 03:10:43,309] {dag.py:2972} INFO - Setting next_dagrun for example_kubernetes_executor to None, run_after=None
[2022-08-15 03:10:43,333] {processor.py:161} INFO - Processing /home/airflow/.local/lib/python3.7/site-packages/airflow/example_dags/example_kubernetes_executor.py took 0.207 seconds
[2022-08-15 03:11:13,486] {processor.py:153} INFO - Started process (PID=3937) to work on /home/airflow/.local/lib/python3.7/site-packages/airflow/example_dags/example_kubernetes_executor.py
[2022-08-15 03:11:13,489] {processor.py:641} INFO - Processing file /home/airflow/.local/lib/python3.7/site-packages/airflow/example_dags/example_kubernetes_executor.py for tasks to queue
[2022-08-15 03:11:13,492] {logging_mixin.py:115} INFO - [2022-08-15 03:11:13,492] {dagbag.py:508} INFO - Filling up the DagBag from /home/airflow/.local/lib/python3.7/site-packages/airflow/example_dags/example_kubernetes_executor.py
[2022-08-15 03:11:13,555] {processor.py:651} INFO - DAG(s) dict_keys(['example_kubernetes_executor']) retrieved from /home/airflow/.local/lib/python3.7/site-packages/airflow/example_dags/example_kubernetes_executor.py
[2022-08-15 03:11:13,652] {logging_mixin.py:115} INFO - [2022-08-15 03:11:13,652] {dag.py:2420} INFO - Sync 1 DAGs
[2022-08-15 03:11:13,800] {logging_mixin.py:115} INFO - [2022-08-15 03:11:13,800] {dag.py:2972} INFO - Setting next_dagrun for example_kubernetes_executor to None, run_after=None
[2022-08-15 03:11:13,834] {processor.py:161} INFO - Processing /home/airflow/.local/lib/python3.7/site-packages/airflow/example_dags/example_kubernetes_executor.py took 0.360 seconds
[2022-08-15 03:11:44,094] {processor.py:153} INFO - Started process (PID=3991) to work on /home/airflow/.local/lib/python3.7/site-packages/airflow/example_dags/example_kubernetes_executor.py
[2022-08-15 03:11:44,102] {processor.py:641} INFO - Processing file /home/airflow/.local/lib/python3.7/site-packages/airflow/example_dags/example_kubernetes_executor.py for tasks to queue
[2022-08-15 03:11:44,104] {logging_mixin.py:115} INFO - [2022-08-15 03:11:44,104] {dagbag.py:508} INFO - Filling up the DagBag from /home/airflow/.local/lib/python3.7/site-packages/airflow/example_dags/example_kubernetes_executor.py
[2022-08-15 03:11:44,198] {processor.py:651} INFO - DAG(s) dict_keys(['example_kubernetes_executor']) retrieved from /home/airflow/.local/lib/python3.7/site-packages/airflow/example_dags/example_kubernetes_executor.py
[2022-08-15 03:11:44,301] {logging_mixin.py:115} INFO - [2022-08-15 03:11:44,301] {dag.py:2420} INFO - Sync 1 DAGs
[2022-08-15 03:11:44,392] {logging_mixin.py:115} INFO - [2022-08-15 03:11:44,392] {dag.py:2972} INFO - Setting next_dagrun for example_kubernetes_executor to None, run_after=None
[2022-08-15 03:11:44,412] {processor.py:161} INFO - Processing /home/airflow/.local/lib/python3.7/site-packages/airflow/example_dags/example_kubernetes_executor.py took 0.330 seconds
[2022-08-15 03:12:14,798] {processor.py:153} INFO - Started process (PID=4056) to work on /home/airflow/.local/lib/python3.7/site-packages/airflow/example_dags/example_kubernetes_executor.py
[2022-08-15 03:12:14,804] {processor.py:641} INFO - Processing file /home/airflow/.local/lib/python3.7/site-packages/airflow/example_dags/example_kubernetes_executor.py for tasks to queue
[2022-08-15 03:12:14,808] {logging_mixin.py:115} INFO - [2022-08-15 03:12:14,807] {dagbag.py:508} INFO - Filling up the DagBag from /home/airflow/.local/lib/python3.7/site-packages/airflow/example_dags/example_kubernetes_executor.py
[2022-08-15 03:12:14,936] {processor.py:651} INFO - DAG(s) dict_keys(['example_kubernetes_executor']) retrieved from /home/airflow/.local/lib/python3.7/site-packages/airflow/example_dags/example_kubernetes_executor.py
[2022-08-15 03:12:15,011] {logging_mixin.py:115} INFO - [2022-08-15 03:12:15,010] {dag.py:2420} INFO - Sync 1 DAGs
[2022-08-15 03:12:15,090] {logging_mixin.py:115} INFO - [2022-08-15 03:12:15,090] {dag.py:2972} INFO - Setting next_dagrun for example_kubernetes_executor to None, run_after=None
[2022-08-15 03:12:15,117] {processor.py:161} INFO - Processing /home/airflow/.local/lib/python3.7/site-packages/airflow/example_dags/example_kubernetes_executor.py took 0.330 seconds
[2022-08-15 03:12:45,296] {processor.py:153} INFO - Started process (PID=4109) to work on /home/airflow/.local/lib/python3.7/site-packages/airflow/example_dags/example_kubernetes_executor.py
[2022-08-15 03:12:45,298] {processor.py:641} INFO - Processing file /home/airflow/.local/lib/python3.7/site-packages/airflow/example_dags/example_kubernetes_executor.py for tasks to queue
[2022-08-15 03:12:45,300] {logging_mixin.py:115} INFO - [2022-08-15 03:12:45,300] {dagbag.py:508} INFO - Filling up the DagBag from /home/airflow/.local/lib/python3.7/site-packages/airflow/example_dags/example_kubernetes_executor.py
[2022-08-15 03:12:45,455] {processor.py:651} INFO - DAG(s) dict_keys(['example_kubernetes_executor']) retrieved from /home/airflow/.local/lib/python3.7/site-packages/airflow/example_dags/example_kubernetes_executor.py
[2022-08-15 03:12:45,571] {logging_mixin.py:115} INFO - [2022-08-15 03:12:45,571] {dag.py:2420} INFO - Sync 1 DAGs
[2022-08-15 03:12:45,672] {logging_mixin.py:115} INFO - [2022-08-15 03:12:45,672] {dag.py:2972} INFO - Setting next_dagrun for example_kubernetes_executor to None, run_after=None
[2022-08-15 03:12:45,704] {processor.py:161} INFO - Processing /home/airflow/.local/lib/python3.7/site-packages/airflow/example_dags/example_kubernetes_executor.py took 0.418 seconds
[2022-08-15 03:13:16,550] {processor.py:153} INFO - Started process (PID=4163) to work on /home/airflow/.local/lib/python3.7/site-packages/airflow/example_dags/example_kubernetes_executor.py
[2022-08-15 03:13:16,555] {processor.py:641} INFO - Processing file /home/airflow/.local/lib/python3.7/site-packages/airflow/example_dags/example_kubernetes_executor.py for tasks to queue
[2022-08-15 03:13:16,557] {logging_mixin.py:115} INFO - [2022-08-15 03:13:16,557] {dagbag.py:508} INFO - Filling up the DagBag from /home/airflow/.local/lib/python3.7/site-packages/airflow/example_dags/example_kubernetes_executor.py
[2022-08-15 03:13:16,666] {processor.py:651} INFO - DAG(s) dict_keys(['example_kubernetes_executor']) retrieved from /home/airflow/.local/lib/python3.7/site-packages/airflow/example_dags/example_kubernetes_executor.py
[2022-08-15 03:13:16,819] {logging_mixin.py:115} INFO - [2022-08-15 03:13:16,819] {dag.py:2420} INFO - Sync 1 DAGs
[2022-08-15 03:13:16,991] {logging_mixin.py:115} INFO - [2022-08-15 03:13:16,991] {dag.py:2972} INFO - Setting next_dagrun for example_kubernetes_executor to None, run_after=None
[2022-08-15 03:13:17,062] {processor.py:161} INFO - Processing /home/airflow/.local/lib/python3.7/site-packages/airflow/example_dags/example_kubernetes_executor.py took 0.531 seconds
[2022-08-15 03:13:47,777] {processor.py:153} INFO - Started process (PID=4228) to work on /home/airflow/.local/lib/python3.7/site-packages/airflow/example_dags/example_kubernetes_executor.py
[2022-08-15 03:13:47,808] {processor.py:641} INFO - Processing file /home/airflow/.local/lib/python3.7/site-packages/airflow/example_dags/example_kubernetes_executor.py for tasks to queue
[2022-08-15 03:13:47,843] {logging_mixin.py:115} INFO - [2022-08-15 03:13:47,842] {dagbag.py:508} INFO - Filling up the DagBag from /home/airflow/.local/lib/python3.7/site-packages/airflow/example_dags/example_kubernetes_executor.py
[2022-08-15 03:13:48,490] {processor.py:651} INFO - DAG(s) dict_keys(['example_kubernetes_executor']) retrieved from /home/airflow/.local/lib/python3.7/site-packages/airflow/example_dags/example_kubernetes_executor.py
[2022-08-15 03:13:48,651] {logging_mixin.py:115} INFO - [2022-08-15 03:13:48,651] {dag.py:2420} INFO - Sync 1 DAGs
[2022-08-15 03:13:48,897] {logging_mixin.py:115} INFO - [2022-08-15 03:13:48,897] {dag.py:2972} INFO - Setting next_dagrun for example_kubernetes_executor to None, run_after=None
[2022-08-15 03:13:48,998] {processor.py:161} INFO - Processing /home/airflow/.local/lib/python3.7/site-packages/airflow/example_dags/example_kubernetes_executor.py took 1.287 seconds
[2022-08-15 03:14:19,113] {processor.py:153} INFO - Started process (PID=4283) to work on /home/airflow/.local/lib/python3.7/site-packages/airflow/example_dags/example_kubernetes_executor.py
[2022-08-15 03:14:19,115] {processor.py:641} INFO - Processing file /home/airflow/.local/lib/python3.7/site-packages/airflow/example_dags/example_kubernetes_executor.py for tasks to queue
[2022-08-15 03:14:19,117] {logging_mixin.py:115} INFO - [2022-08-15 03:14:19,117] {dagbag.py:508} INFO - Filling up the DagBag from /home/airflow/.local/lib/python3.7/site-packages/airflow/example_dags/example_kubernetes_executor.py
[2022-08-15 03:14:19,165] {processor.py:651} INFO - DAG(s) dict_keys(['example_kubernetes_executor']) retrieved from /home/airflow/.local/lib/python3.7/site-packages/airflow/example_dags/example_kubernetes_executor.py
[2022-08-15 03:14:19,209] {logging_mixin.py:115} INFO - [2022-08-15 03:14:19,208] {dag.py:2420} INFO - Sync 1 DAGs
[2022-08-15 03:14:19,252] {logging_mixin.py:115} INFO - [2022-08-15 03:14:19,252] {dag.py:2972} INFO - Setting next_dagrun for example_kubernetes_executor to None, run_after=None
[2022-08-15 03:14:19,289] {processor.py:161} INFO - Processing /home/airflow/.local/lib/python3.7/site-packages/airflow/example_dags/example_kubernetes_executor.py took 0.186 seconds
[2022-08-15 03:14:49,473] {processor.py:153} INFO - Started process (PID=4338) to work on /home/airflow/.local/lib/python3.7/site-packages/airflow/example_dags/example_kubernetes_executor.py
[2022-08-15 03:14:49,475] {processor.py:641} INFO - Processing file /home/airflow/.local/lib/python3.7/site-packages/airflow/example_dags/example_kubernetes_executor.py for tasks to queue
[2022-08-15 03:14:49,483] {logging_mixin.py:115} INFO - [2022-08-15 03:14:49,483] {dagbag.py:508} INFO - Filling up the DagBag from /home/airflow/.local/lib/python3.7/site-packages/airflow/example_dags/example_kubernetes_executor.py
[2022-08-15 03:14:49,531] {processor.py:651} INFO - DAG(s) dict_keys(['example_kubernetes_executor']) retrieved from /home/airflow/.local/lib/python3.7/site-packages/airflow/example_dags/example_kubernetes_executor.py
[2022-08-15 03:14:49,576] {logging_mixin.py:115} INFO - [2022-08-15 03:14:49,575] {dag.py:2420} INFO - Sync 1 DAGs
[2022-08-15 03:14:49,623] {logging_mixin.py:115} INFO - [2022-08-15 03:14:49,622] {dag.py:2972} INFO - Setting next_dagrun for example_kubernetes_executor to None, run_after=None
[2022-08-15 03:14:49,650] {processor.py:161} INFO - Processing /home/airflow/.local/lib/python3.7/site-packages/airflow/example_dags/example_kubernetes_executor.py took 0.187 seconds
