[2022-08-15 02:56:19,810] {processor.py:153} INFO - Started process (PID=2279) to work on /home/airflow/.local/lib/python3.7/site-packages/airflow/example_dags/example_branch_python_dop_operator_3.py
[2022-08-15 02:56:19,832] {processor.py:641} INFO - Processing file /home/airflow/.local/lib/python3.7/site-packages/airflow/example_dags/example_branch_python_dop_operator_3.py for tasks to queue
[2022-08-15 02:56:19,901] {logging_mixin.py:115} INFO - [2022-08-15 02:56:19,901] {dagbag.py:508} INFO - Filling up the DagBag from /home/airflow/.local/lib/python3.7/site-packages/airflow/example_dags/example_branch_python_dop_operator_3.py
[2022-08-15 02:56:20,174] {processor.py:651} INFO - DAG(s) dict_keys(['example_branch_dop_operator_v3']) retrieved from /home/airflow/.local/lib/python3.7/site-packages/airflow/example_dags/example_branch_python_dop_operator_3.py
[2022-08-15 02:56:20,784] {logging_mixin.py:115} INFO - [2022-08-15 02:56:20,783] {dag.py:2420} INFO - Sync 1 DAGs
[2022-08-15 02:56:21,319] {logging_mixin.py:115} INFO - [2022-08-15 02:56:21,319] {dag.py:2972} INFO - Setting next_dagrun for example_branch_dop_operator_v3 to 2022-08-15T02:55:00+00:00, run_after=2022-08-15T02:56:00+00:00
[2022-08-15 02:56:21,516] {processor.py:161} INFO - Processing /home/airflow/.local/lib/python3.7/site-packages/airflow/example_dags/example_branch_python_dop_operator_3.py took 1.741 seconds
[2022-08-15 02:56:51,763] {processor.py:153} INFO - Started process (PID=2332) to work on /home/airflow/.local/lib/python3.7/site-packages/airflow/example_dags/example_branch_python_dop_operator_3.py
[2022-08-15 02:56:51,774] {processor.py:641} INFO - Processing file /home/airflow/.local/lib/python3.7/site-packages/airflow/example_dags/example_branch_python_dop_operator_3.py for tasks to queue
[2022-08-15 02:56:51,781] {logging_mixin.py:115} INFO - [2022-08-15 02:56:51,781] {dagbag.py:508} INFO - Filling up the DagBag from /home/airflow/.local/lib/python3.7/site-packages/airflow/example_dags/example_branch_python_dop_operator_3.py
[2022-08-15 02:56:51,863] {processor.py:651} INFO - DAG(s) dict_keys(['example_branch_dop_operator_v3']) retrieved from /home/airflow/.local/lib/python3.7/site-packages/airflow/example_dags/example_branch_python_dop_operator_3.py
[2022-08-15 02:56:51,984] {logging_mixin.py:115} INFO - [2022-08-15 02:56:51,984] {dag.py:2420} INFO - Sync 1 DAGs
[2022-08-15 02:56:52,154] {logging_mixin.py:115} INFO - [2022-08-15 02:56:52,154] {dag.py:2972} INFO - Setting next_dagrun for example_branch_dop_operator_v3 to 2022-08-15T02:55:00+00:00, run_after=2022-08-15T02:56:00+00:00
[2022-08-15 02:56:52,204] {processor.py:161} INFO - Processing /home/airflow/.local/lib/python3.7/site-packages/airflow/example_dags/example_branch_python_dop_operator_3.py took 0.477 seconds
[2022-08-15 02:57:22,280] {processor.py:153} INFO - Started process (PID=2387) to work on /home/airflow/.local/lib/python3.7/site-packages/airflow/example_dags/example_branch_python_dop_operator_3.py
[2022-08-15 02:57:22,282] {processor.py:641} INFO - Processing file /home/airflow/.local/lib/python3.7/site-packages/airflow/example_dags/example_branch_python_dop_operator_3.py for tasks to queue
[2022-08-15 02:57:22,285] {logging_mixin.py:115} INFO - [2022-08-15 02:57:22,285] {dagbag.py:508} INFO - Filling up the DagBag from /home/airflow/.local/lib/python3.7/site-packages/airflow/example_dags/example_branch_python_dop_operator_3.py
[2022-08-15 02:57:22,308] {processor.py:651} INFO - DAG(s) dict_keys(['example_branch_dop_operator_v3']) retrieved from /home/airflow/.local/lib/python3.7/site-packages/airflow/example_dags/example_branch_python_dop_operator_3.py
[2022-08-15 02:57:22,362] {logging_mixin.py:115} INFO - [2022-08-15 02:57:22,362] {dag.py:2420} INFO - Sync 1 DAGs
[2022-08-15 02:57:22,418] {logging_mixin.py:115} INFO - [2022-08-15 02:57:22,417] {dag.py:2972} INFO - Setting next_dagrun for example_branch_dop_operator_v3 to 2022-08-15T02:56:00+00:00, run_after=2022-08-15T02:57:00+00:00
[2022-08-15 02:57:22,475] {processor.py:161} INFO - Processing /home/airflow/.local/lib/python3.7/site-packages/airflow/example_dags/example_branch_python_dop_operator_3.py took 0.203 seconds
[2022-08-15 02:57:52,835] {processor.py:153} INFO - Started process (PID=2443) to work on /home/airflow/.local/lib/python3.7/site-packages/airflow/example_dags/example_branch_python_dop_operator_3.py
[2022-08-15 02:57:52,837] {processor.py:641} INFO - Processing file /home/airflow/.local/lib/python3.7/site-packages/airflow/example_dags/example_branch_python_dop_operator_3.py for tasks to queue
[2022-08-15 02:57:52,840] {logging_mixin.py:115} INFO - [2022-08-15 02:57:52,839] {dagbag.py:508} INFO - Filling up the DagBag from /home/airflow/.local/lib/python3.7/site-packages/airflow/example_dags/example_branch_python_dop_operator_3.py
[2022-08-15 02:57:52,876] {processor.py:651} INFO - DAG(s) dict_keys(['example_branch_dop_operator_v3']) retrieved from /home/airflow/.local/lib/python3.7/site-packages/airflow/example_dags/example_branch_python_dop_operator_3.py
[2022-08-15 02:57:52,975] {logging_mixin.py:115} INFO - [2022-08-15 02:57:52,975] {dag.py:2420} INFO - Sync 1 DAGs
[2022-08-15 02:57:53,088] {logging_mixin.py:115} INFO - [2022-08-15 02:57:53,088] {dag.py:2972} INFO - Setting next_dagrun for example_branch_dop_operator_v3 to 2022-08-15T02:56:00+00:00, run_after=2022-08-15T02:57:00+00:00
[2022-08-15 02:57:53,111] {processor.py:161} INFO - Processing /home/airflow/.local/lib/python3.7/site-packages/airflow/example_dags/example_branch_python_dop_operator_3.py took 0.285 seconds
[2022-08-15 02:58:23,841] {processor.py:153} INFO - Started process (PID=2505) to work on /home/airflow/.local/lib/python3.7/site-packages/airflow/example_dags/example_branch_python_dop_operator_3.py
[2022-08-15 02:58:23,846] {processor.py:641} INFO - Processing file /home/airflow/.local/lib/python3.7/site-packages/airflow/example_dags/example_branch_python_dop_operator_3.py for tasks to queue
[2022-08-15 02:58:23,849] {logging_mixin.py:115} INFO - [2022-08-15 02:58:23,849] {dagbag.py:508} INFO - Filling up the DagBag from /home/airflow/.local/lib/python3.7/site-packages/airflow/example_dags/example_branch_python_dop_operator_3.py
[2022-08-15 02:58:23,921] {processor.py:651} INFO - DAG(s) dict_keys(['example_branch_dop_operator_v3']) retrieved from /home/airflow/.local/lib/python3.7/site-packages/airflow/example_dags/example_branch_python_dop_operator_3.py
[2022-08-15 02:58:24,064] {logging_mixin.py:115} INFO - [2022-08-15 02:58:24,063] {dag.py:2420} INFO - Sync 1 DAGs
[2022-08-15 02:58:24,114] {logging_mixin.py:115} INFO - [2022-08-15 02:58:24,114] {dag.py:2972} INFO - Setting next_dagrun for example_branch_dop_operator_v3 to 2022-08-15T02:57:00+00:00, run_after=2022-08-15T02:58:00+00:00
[2022-08-15 02:58:24,147] {processor.py:161} INFO - Processing /home/airflow/.local/lib/python3.7/site-packages/airflow/example_dags/example_branch_python_dop_operator_3.py took 0.325 seconds
[2022-08-15 02:58:54,555] {processor.py:153} INFO - Started process (PID=2560) to work on /home/airflow/.local/lib/python3.7/site-packages/airflow/example_dags/example_branch_python_dop_operator_3.py
[2022-08-15 02:58:54,569] {processor.py:641} INFO - Processing file /home/airflow/.local/lib/python3.7/site-packages/airflow/example_dags/example_branch_python_dop_operator_3.py for tasks to queue
[2022-08-15 02:58:54,585] {logging_mixin.py:115} INFO - [2022-08-15 02:58:54,585] {dagbag.py:508} INFO - Filling up the DagBag from /home/airflow/.local/lib/python3.7/site-packages/airflow/example_dags/example_branch_python_dop_operator_3.py
[2022-08-15 02:58:54,620] {processor.py:651} INFO - DAG(s) dict_keys(['example_branch_dop_operator_v3']) retrieved from /home/airflow/.local/lib/python3.7/site-packages/airflow/example_dags/example_branch_python_dop_operator_3.py
[2022-08-15 02:58:54,705] {logging_mixin.py:115} INFO - [2022-08-15 02:58:54,705] {dag.py:2420} INFO - Sync 1 DAGs
[2022-08-15 02:58:55,009] {logging_mixin.py:115} INFO - [2022-08-15 02:58:55,009] {dag.py:2972} INFO - Setting next_dagrun for example_branch_dop_operator_v3 to 2022-08-15T02:57:00+00:00, run_after=2022-08-15T02:58:00+00:00
[2022-08-15 02:58:55,122] {processor.py:161} INFO - Processing /home/airflow/.local/lib/python3.7/site-packages/airflow/example_dags/example_branch_python_dop_operator_3.py took 0.586 seconds
[2022-08-15 02:59:25,813] {processor.py:153} INFO - Started process (PID=2614) to work on /home/airflow/.local/lib/python3.7/site-packages/airflow/example_dags/example_branch_python_dop_operator_3.py
[2022-08-15 02:59:25,816] {processor.py:641} INFO - Processing file /home/airflow/.local/lib/python3.7/site-packages/airflow/example_dags/example_branch_python_dop_operator_3.py for tasks to queue
[2022-08-15 02:59:25,820] {logging_mixin.py:115} INFO - [2022-08-15 02:59:25,819] {dagbag.py:508} INFO - Filling up the DagBag from /home/airflow/.local/lib/python3.7/site-packages/airflow/example_dags/example_branch_python_dop_operator_3.py
[2022-08-15 02:59:25,860] {processor.py:651} INFO - DAG(s) dict_keys(['example_branch_dop_operator_v3']) retrieved from /home/airflow/.local/lib/python3.7/site-packages/airflow/example_dags/example_branch_python_dop_operator_3.py
[2022-08-15 02:59:25,910] {logging_mixin.py:115} INFO - [2022-08-15 02:59:25,910] {dag.py:2420} INFO - Sync 1 DAGs
[2022-08-15 02:59:25,969] {logging_mixin.py:115} INFO - [2022-08-15 02:59:25,969] {dag.py:2972} INFO - Setting next_dagrun for example_branch_dop_operator_v3 to 2022-08-15T02:58:00+00:00, run_after=2022-08-15T02:59:00+00:00
[2022-08-15 02:59:26,012] {processor.py:161} INFO - Processing /home/airflow/.local/lib/python3.7/site-packages/airflow/example_dags/example_branch_python_dop_operator_3.py took 0.246 seconds
[2022-08-15 02:59:56,605] {processor.py:153} INFO - Started process (PID=2675) to work on /home/airflow/.local/lib/python3.7/site-packages/airflow/example_dags/example_branch_python_dop_operator_3.py
[2022-08-15 02:59:56,608] {processor.py:641} INFO - Processing file /home/airflow/.local/lib/python3.7/site-packages/airflow/example_dags/example_branch_python_dop_operator_3.py for tasks to queue
[2022-08-15 02:59:56,611] {logging_mixin.py:115} INFO - [2022-08-15 02:59:56,611] {dagbag.py:508} INFO - Filling up the DagBag from /home/airflow/.local/lib/python3.7/site-packages/airflow/example_dags/example_branch_python_dop_operator_3.py
[2022-08-15 02:59:56,670] {processor.py:651} INFO - DAG(s) dict_keys(['example_branch_dop_operator_v3']) retrieved from /home/airflow/.local/lib/python3.7/site-packages/airflow/example_dags/example_branch_python_dop_operator_3.py
[2022-08-15 02:59:56,761] {logging_mixin.py:115} INFO - [2022-08-15 02:59:56,761] {dag.py:2420} INFO - Sync 1 DAGs
[2022-08-15 02:59:57,006] {logging_mixin.py:115} INFO - [2022-08-15 02:59:57,005] {dag.py:2972} INFO - Setting next_dagrun for example_branch_dop_operator_v3 to 2022-08-15T02:58:00+00:00, run_after=2022-08-15T02:59:00+00:00
[2022-08-15 02:59:57,051] {processor.py:161} INFO - Processing /home/airflow/.local/lib/python3.7/site-packages/airflow/example_dags/example_branch_python_dop_operator_3.py took 0.453 seconds
[2022-08-15 03:00:27,297] {processor.py:153} INFO - Started process (PID=2730) to work on /home/airflow/.local/lib/python3.7/site-packages/airflow/example_dags/example_branch_python_dop_operator_3.py
[2022-08-15 03:00:27,299] {processor.py:641} INFO - Processing file /home/airflow/.local/lib/python3.7/site-packages/airflow/example_dags/example_branch_python_dop_operator_3.py for tasks to queue
[2022-08-15 03:00:27,301] {logging_mixin.py:115} INFO - [2022-08-15 03:00:27,301] {dagbag.py:508} INFO - Filling up the DagBag from /home/airflow/.local/lib/python3.7/site-packages/airflow/example_dags/example_branch_python_dop_operator_3.py
[2022-08-15 03:00:27,318] {processor.py:651} INFO - DAG(s) dict_keys(['example_branch_dop_operator_v3']) retrieved from /home/airflow/.local/lib/python3.7/site-packages/airflow/example_dags/example_branch_python_dop_operator_3.py
[2022-08-15 03:00:27,358] {logging_mixin.py:115} INFO - [2022-08-15 03:00:27,358] {dag.py:2420} INFO - Sync 1 DAGs
[2022-08-15 03:00:27,396] {logging_mixin.py:115} INFO - [2022-08-15 03:00:27,396] {dag.py:2972} INFO - Setting next_dagrun for example_branch_dop_operator_v3 to 2022-08-15T02:59:00+00:00, run_after=2022-08-15T03:00:00+00:00
[2022-08-15 03:00:27,422] {processor.py:161} INFO - Processing /home/airflow/.local/lib/python3.7/site-packages/airflow/example_dags/example_branch_python_dop_operator_3.py took 0.131 seconds
[2022-08-15 03:00:57,849] {processor.py:153} INFO - Started process (PID=2784) to work on /home/airflow/.local/lib/python3.7/site-packages/airflow/example_dags/example_branch_python_dop_operator_3.py
[2022-08-15 03:00:57,852] {processor.py:641} INFO - Processing file /home/airflow/.local/lib/python3.7/site-packages/airflow/example_dags/example_branch_python_dop_operator_3.py for tasks to queue
[2022-08-15 03:00:57,854] {logging_mixin.py:115} INFO - [2022-08-15 03:00:57,854] {dagbag.py:508} INFO - Filling up the DagBag from /home/airflow/.local/lib/python3.7/site-packages/airflow/example_dags/example_branch_python_dop_operator_3.py
[2022-08-15 03:00:57,874] {processor.py:651} INFO - DAG(s) dict_keys(['example_branch_dop_operator_v3']) retrieved from /home/airflow/.local/lib/python3.7/site-packages/airflow/example_dags/example_branch_python_dop_operator_3.py
[2022-08-15 03:00:57,932] {logging_mixin.py:115} INFO - [2022-08-15 03:00:57,932] {dag.py:2420} INFO - Sync 1 DAGs
[2022-08-15 03:00:57,992] {logging_mixin.py:115} INFO - [2022-08-15 03:00:57,992] {dag.py:2972} INFO - Setting next_dagrun for example_branch_dop_operator_v3 to 2022-08-15T02:59:00+00:00, run_after=2022-08-15T03:00:00+00:00
[2022-08-15 03:00:58,030] {processor.py:161} INFO - Processing /home/airflow/.local/lib/python3.7/site-packages/airflow/example_dags/example_branch_python_dop_operator_3.py took 0.187 seconds
[2022-08-15 03:01:28,406] {processor.py:153} INFO - Started process (PID=2847) to work on /home/airflow/.local/lib/python3.7/site-packages/airflow/example_dags/example_branch_python_dop_operator_3.py
[2022-08-15 03:01:28,408] {processor.py:641} INFO - Processing file /home/airflow/.local/lib/python3.7/site-packages/airflow/example_dags/example_branch_python_dop_operator_3.py for tasks to queue
[2022-08-15 03:01:28,411] {logging_mixin.py:115} INFO - [2022-08-15 03:01:28,411] {dagbag.py:508} INFO - Filling up the DagBag from /home/airflow/.local/lib/python3.7/site-packages/airflow/example_dags/example_branch_python_dop_operator_3.py
[2022-08-15 03:01:28,438] {processor.py:651} INFO - DAG(s) dict_keys(['example_branch_dop_operator_v3']) retrieved from /home/airflow/.local/lib/python3.7/site-packages/airflow/example_dags/example_branch_python_dop_operator_3.py
[2022-08-15 03:01:28,491] {logging_mixin.py:115} INFO - [2022-08-15 03:01:28,491] {dag.py:2420} INFO - Sync 1 DAGs
[2022-08-15 03:01:28,542] {logging_mixin.py:115} INFO - [2022-08-15 03:01:28,542] {dag.py:2972} INFO - Setting next_dagrun for example_branch_dop_operator_v3 to 2022-08-15T03:00:00+00:00, run_after=2022-08-15T03:01:00+00:00
[2022-08-15 03:01:28,566] {processor.py:161} INFO - Processing /home/airflow/.local/lib/python3.7/site-packages/airflow/example_dags/example_branch_python_dop_operator_3.py took 0.172 seconds
[2022-08-15 03:01:58,738] {processor.py:153} INFO - Started process (PID=2905) to work on /home/airflow/.local/lib/python3.7/site-packages/airflow/example_dags/example_branch_python_dop_operator_3.py
[2022-08-15 03:01:58,740] {processor.py:641} INFO - Processing file /home/airflow/.local/lib/python3.7/site-packages/airflow/example_dags/example_branch_python_dop_operator_3.py for tasks to queue
[2022-08-15 03:01:58,743] {logging_mixin.py:115} INFO - [2022-08-15 03:01:58,743] {dagbag.py:508} INFO - Filling up the DagBag from /home/airflow/.local/lib/python3.7/site-packages/airflow/example_dags/example_branch_python_dop_operator_3.py
[2022-08-15 03:01:58,788] {processor.py:651} INFO - DAG(s) dict_keys(['example_branch_dop_operator_v3']) retrieved from /home/airflow/.local/lib/python3.7/site-packages/airflow/example_dags/example_branch_python_dop_operator_3.py
[2022-08-15 03:01:58,883] {logging_mixin.py:115} INFO - [2022-08-15 03:01:58,883] {dag.py:2420} INFO - Sync 1 DAGs
[2022-08-15 03:01:59,013] {logging_mixin.py:115} INFO - [2022-08-15 03:01:59,013] {dag.py:2972} INFO - Setting next_dagrun for example_branch_dop_operator_v3 to 2022-08-15T03:00:00+00:00, run_after=2022-08-15T03:01:00+00:00
[2022-08-15 03:01:59,096] {processor.py:161} INFO - Processing /home/airflow/.local/lib/python3.7/site-packages/airflow/example_dags/example_branch_python_dop_operator_3.py took 0.371 seconds
[2022-08-15 03:02:29,382] {processor.py:153} INFO - Started process (PID=2968) to work on /home/airflow/.local/lib/python3.7/site-packages/airflow/example_dags/example_branch_python_dop_operator_3.py
[2022-08-15 03:02:29,386] {processor.py:641} INFO - Processing file /home/airflow/.local/lib/python3.7/site-packages/airflow/example_dags/example_branch_python_dop_operator_3.py for tasks to queue
[2022-08-15 03:02:29,388] {logging_mixin.py:115} INFO - [2022-08-15 03:02:29,388] {dagbag.py:508} INFO - Filling up the DagBag from /home/airflow/.local/lib/python3.7/site-packages/airflow/example_dags/example_branch_python_dop_operator_3.py
[2022-08-15 03:02:29,418] {processor.py:651} INFO - DAG(s) dict_keys(['example_branch_dop_operator_v3']) retrieved from /home/airflow/.local/lib/python3.7/site-packages/airflow/example_dags/example_branch_python_dop_operator_3.py
[2022-08-15 03:02:29,497] {logging_mixin.py:115} INFO - [2022-08-15 03:02:29,497] {dag.py:2420} INFO - Sync 1 DAGs
[2022-08-15 03:02:29,570] {logging_mixin.py:115} INFO - [2022-08-15 03:02:29,570] {dag.py:2972} INFO - Setting next_dagrun for example_branch_dop_operator_v3 to 2022-08-15T03:01:00+00:00, run_after=2022-08-15T03:02:00+00:00
[2022-08-15 03:02:29,604] {processor.py:161} INFO - Processing /home/airflow/.local/lib/python3.7/site-packages/airflow/example_dags/example_branch_python_dop_operator_3.py took 0.230 seconds
[2022-08-15 03:02:59,770] {processor.py:153} INFO - Started process (PID=3022) to work on /home/airflow/.local/lib/python3.7/site-packages/airflow/example_dags/example_branch_python_dop_operator_3.py
[2022-08-15 03:02:59,772] {processor.py:641} INFO - Processing file /home/airflow/.local/lib/python3.7/site-packages/airflow/example_dags/example_branch_python_dop_operator_3.py for tasks to queue
[2022-08-15 03:02:59,774] {logging_mixin.py:115} INFO - [2022-08-15 03:02:59,774] {dagbag.py:508} INFO - Filling up the DagBag from /home/airflow/.local/lib/python3.7/site-packages/airflow/example_dags/example_branch_python_dop_operator_3.py
[2022-08-15 03:02:59,792] {processor.py:651} INFO - DAG(s) dict_keys(['example_branch_dop_operator_v3']) retrieved from /home/airflow/.local/lib/python3.7/site-packages/airflow/example_dags/example_branch_python_dop_operator_3.py
[2022-08-15 03:02:59,841] {logging_mixin.py:115} INFO - [2022-08-15 03:02:59,841] {dag.py:2420} INFO - Sync 1 DAGs
[2022-08-15 03:02:59,893] {logging_mixin.py:115} INFO - [2022-08-15 03:02:59,892] {dag.py:2972} INFO - Setting next_dagrun for example_branch_dop_operator_v3 to 2022-08-15T03:01:00+00:00, run_after=2022-08-15T03:02:00+00:00
[2022-08-15 03:02:59,921] {processor.py:161} INFO - Processing /home/airflow/.local/lib/python3.7/site-packages/airflow/example_dags/example_branch_python_dop_operator_3.py took 0.160 seconds
[2022-08-15 03:03:30,489] {processor.py:153} INFO - Started process (PID=3077) to work on /home/airflow/.local/lib/python3.7/site-packages/airflow/example_dags/example_branch_python_dop_operator_3.py
[2022-08-15 03:03:30,510] {processor.py:641} INFO - Processing file /home/airflow/.local/lib/python3.7/site-packages/airflow/example_dags/example_branch_python_dop_operator_3.py for tasks to queue
[2022-08-15 03:03:30,539] {logging_mixin.py:115} INFO - [2022-08-15 03:03:30,539] {dagbag.py:508} INFO - Filling up the DagBag from /home/airflow/.local/lib/python3.7/site-packages/airflow/example_dags/example_branch_python_dop_operator_3.py
[2022-08-15 03:03:30,650] {processor.py:651} INFO - DAG(s) dict_keys(['example_branch_dop_operator_v3']) retrieved from /home/airflow/.local/lib/python3.7/site-packages/airflow/example_dags/example_branch_python_dop_operator_3.py
[2022-08-15 03:03:30,838] {logging_mixin.py:115} INFO - [2022-08-15 03:03:30,838] {dag.py:2420} INFO - Sync 1 DAGs
[2022-08-15 03:03:30,982] {logging_mixin.py:115} INFO - [2022-08-15 03:03:30,982] {dag.py:2972} INFO - Setting next_dagrun for example_branch_dop_operator_v3 to 2022-08-15T03:02:00+00:00, run_after=2022-08-15T03:03:00+00:00
[2022-08-15 03:03:31,064] {processor.py:161} INFO - Processing /home/airflow/.local/lib/python3.7/site-packages/airflow/example_dags/example_branch_python_dop_operator_3.py took 0.601 seconds
[2022-08-15 03:04:01,438] {processor.py:153} INFO - Started process (PID=3139) to work on /home/airflow/.local/lib/python3.7/site-packages/airflow/example_dags/example_branch_python_dop_operator_3.py
[2022-08-15 03:04:01,441] {processor.py:641} INFO - Processing file /home/airflow/.local/lib/python3.7/site-packages/airflow/example_dags/example_branch_python_dop_operator_3.py for tasks to queue
[2022-08-15 03:04:01,443] {logging_mixin.py:115} INFO - [2022-08-15 03:04:01,443] {dagbag.py:508} INFO - Filling up the DagBag from /home/airflow/.local/lib/python3.7/site-packages/airflow/example_dags/example_branch_python_dop_operator_3.py
[2022-08-15 03:04:01,468] {processor.py:651} INFO - DAG(s) dict_keys(['example_branch_dop_operator_v3']) retrieved from /home/airflow/.local/lib/python3.7/site-packages/airflow/example_dags/example_branch_python_dop_operator_3.py
[2022-08-15 03:04:01,526] {logging_mixin.py:115} INFO - [2022-08-15 03:04:01,526] {dag.py:2420} INFO - Sync 1 DAGs
[2022-08-15 03:04:01,573] {logging_mixin.py:115} INFO - [2022-08-15 03:04:01,573] {dag.py:2972} INFO - Setting next_dagrun for example_branch_dop_operator_v3 to 2022-08-15T03:03:00+00:00, run_after=2022-08-15T03:04:00+00:00
[2022-08-15 03:04:01,600] {processor.py:161} INFO - Processing /home/airflow/.local/lib/python3.7/site-packages/airflow/example_dags/example_branch_python_dop_operator_3.py took 0.171 seconds
[2022-08-15 03:04:31,734] {processor.py:153} INFO - Started process (PID=3192) to work on /home/airflow/.local/lib/python3.7/site-packages/airflow/example_dags/example_branch_python_dop_operator_3.py
[2022-08-15 03:04:31,741] {processor.py:641} INFO - Processing file /home/airflow/.local/lib/python3.7/site-packages/airflow/example_dags/example_branch_python_dop_operator_3.py for tasks to queue
[2022-08-15 03:04:31,743] {logging_mixin.py:115} INFO - [2022-08-15 03:04:31,743] {dagbag.py:508} INFO - Filling up the DagBag from /home/airflow/.local/lib/python3.7/site-packages/airflow/example_dags/example_branch_python_dop_operator_3.py
[2022-08-15 03:04:31,782] {processor.py:651} INFO - DAG(s) dict_keys(['example_branch_dop_operator_v3']) retrieved from /home/airflow/.local/lib/python3.7/site-packages/airflow/example_dags/example_branch_python_dop_operator_3.py
[2022-08-15 03:04:31,848] {logging_mixin.py:115} INFO - [2022-08-15 03:04:31,848] {dag.py:2420} INFO - Sync 1 DAGs
[2022-08-15 03:04:31,903] {logging_mixin.py:115} INFO - [2022-08-15 03:04:31,903] {dag.py:2972} INFO - Setting next_dagrun for example_branch_dop_operator_v3 to 2022-08-15T03:03:00+00:00, run_after=2022-08-15T03:04:00+00:00
[2022-08-15 03:04:31,937] {processor.py:161} INFO - Processing /home/airflow/.local/lib/python3.7/site-packages/airflow/example_dags/example_branch_python_dop_operator_3.py took 0.225 seconds
[2022-08-15 03:05:02,859] {processor.py:153} INFO - Started process (PID=3254) to work on /home/airflow/.local/lib/python3.7/site-packages/airflow/example_dags/example_branch_python_dop_operator_3.py
[2022-08-15 03:05:02,860] {processor.py:641} INFO - Processing file /home/airflow/.local/lib/python3.7/site-packages/airflow/example_dags/example_branch_python_dop_operator_3.py for tasks to queue
[2022-08-15 03:05:02,863] {logging_mixin.py:115} INFO - [2022-08-15 03:05:02,863] {dagbag.py:508} INFO - Filling up the DagBag from /home/airflow/.local/lib/python3.7/site-packages/airflow/example_dags/example_branch_python_dop_operator_3.py
[2022-08-15 03:05:02,918] {processor.py:651} INFO - DAG(s) dict_keys(['example_branch_dop_operator_v3']) retrieved from /home/airflow/.local/lib/python3.7/site-packages/airflow/example_dags/example_branch_python_dop_operator_3.py
[2022-08-15 03:05:03,017] {logging_mixin.py:115} INFO - [2022-08-15 03:05:03,017] {dag.py:2420} INFO - Sync 1 DAGs
[2022-08-15 03:05:03,117] {logging_mixin.py:115} INFO - [2022-08-15 03:05:03,116] {dag.py:2972} INFO - Setting next_dagrun for example_branch_dop_operator_v3 to 2022-08-15T03:04:00+00:00, run_after=2022-08-15T03:05:00+00:00
[2022-08-15 03:05:03,164] {processor.py:161} INFO - Processing /home/airflow/.local/lib/python3.7/site-packages/airflow/example_dags/example_branch_python_dop_operator_3.py took 0.314 seconds
[2022-08-15 03:05:33,445] {processor.py:153} INFO - Started process (PID=3311) to work on /home/airflow/.local/lib/python3.7/site-packages/airflow/example_dags/example_branch_python_dop_operator_3.py
[2022-08-15 03:05:33,448] {processor.py:641} INFO - Processing file /home/airflow/.local/lib/python3.7/site-packages/airflow/example_dags/example_branch_python_dop_operator_3.py for tasks to queue
[2022-08-15 03:05:33,453] {logging_mixin.py:115} INFO - [2022-08-15 03:05:33,452] {dagbag.py:508} INFO - Filling up the DagBag from /home/airflow/.local/lib/python3.7/site-packages/airflow/example_dags/example_branch_python_dop_operator_3.py
[2022-08-15 03:05:33,471] {processor.py:651} INFO - DAG(s) dict_keys(['example_branch_dop_operator_v3']) retrieved from /home/airflow/.local/lib/python3.7/site-packages/airflow/example_dags/example_branch_python_dop_operator_3.py
[2022-08-15 03:05:33,513] {logging_mixin.py:115} INFO - [2022-08-15 03:05:33,513] {dag.py:2420} INFO - Sync 1 DAGs
[2022-08-15 03:05:33,553] {logging_mixin.py:115} INFO - [2022-08-15 03:05:33,553] {dag.py:2972} INFO - Setting next_dagrun for example_branch_dop_operator_v3 to 2022-08-15T03:04:00+00:00, run_after=2022-08-15T03:05:00+00:00
[2022-08-15 03:05:33,573] {processor.py:161} INFO - Processing /home/airflow/.local/lib/python3.7/site-packages/airflow/example_dags/example_branch_python_dop_operator_3.py took 0.135 seconds
[2022-08-15 03:06:04,490] {processor.py:153} INFO - Started process (PID=3366) to work on /home/airflow/.local/lib/python3.7/site-packages/airflow/example_dags/example_branch_python_dop_operator_3.py
[2022-08-15 03:06:04,493] {processor.py:641} INFO - Processing file /home/airflow/.local/lib/python3.7/site-packages/airflow/example_dags/example_branch_python_dop_operator_3.py for tasks to queue
[2022-08-15 03:06:04,495] {logging_mixin.py:115} INFO - [2022-08-15 03:06:04,495] {dagbag.py:508} INFO - Filling up the DagBag from /home/airflow/.local/lib/python3.7/site-packages/airflow/example_dags/example_branch_python_dop_operator_3.py
[2022-08-15 03:06:04,516] {processor.py:651} INFO - DAG(s) dict_keys(['example_branch_dop_operator_v3']) retrieved from /home/airflow/.local/lib/python3.7/site-packages/airflow/example_dags/example_branch_python_dop_operator_3.py
[2022-08-15 03:06:04,583] {logging_mixin.py:115} INFO - [2022-08-15 03:06:04,582] {dag.py:2420} INFO - Sync 1 DAGs
[2022-08-15 03:06:04,697] {logging_mixin.py:115} INFO - [2022-08-15 03:06:04,697] {dag.py:2972} INFO - Setting next_dagrun for example_branch_dop_operator_v3 to 2022-08-15T03:05:00+00:00, run_after=2022-08-15T03:06:00+00:00
[2022-08-15 03:06:04,742] {processor.py:161} INFO - Processing /home/airflow/.local/lib/python3.7/site-packages/airflow/example_dags/example_branch_python_dop_operator_3.py took 0.266 seconds
[2022-08-15 03:06:35,679] {processor.py:153} INFO - Started process (PID=3429) to work on /home/airflow/.local/lib/python3.7/site-packages/airflow/example_dags/example_branch_python_dop_operator_3.py
[2022-08-15 03:06:35,685] {processor.py:641} INFO - Processing file /home/airflow/.local/lib/python3.7/site-packages/airflow/example_dags/example_branch_python_dop_operator_3.py for tasks to queue
[2022-08-15 03:06:35,689] {logging_mixin.py:115} INFO - [2022-08-15 03:06:35,688] {dagbag.py:508} INFO - Filling up the DagBag from /home/airflow/.local/lib/python3.7/site-packages/airflow/example_dags/example_branch_python_dop_operator_3.py
[2022-08-15 03:06:35,729] {processor.py:651} INFO - DAG(s) dict_keys(['example_branch_dop_operator_v3']) retrieved from /home/airflow/.local/lib/python3.7/site-packages/airflow/example_dags/example_branch_python_dop_operator_3.py
[2022-08-15 03:06:35,783] {logging_mixin.py:115} INFO - [2022-08-15 03:06:35,783] {dag.py:2420} INFO - Sync 1 DAGs
[2022-08-15 03:06:35,831] {logging_mixin.py:115} INFO - [2022-08-15 03:06:35,831] {dag.py:2972} INFO - Setting next_dagrun for example_branch_dop_operator_v3 to 2022-08-15T03:05:00+00:00, run_after=2022-08-15T03:06:00+00:00
[2022-08-15 03:06:35,852] {processor.py:161} INFO - Processing /home/airflow/.local/lib/python3.7/site-packages/airflow/example_dags/example_branch_python_dop_operator_3.py took 0.182 seconds
[2022-08-15 03:07:06,024] {processor.py:153} INFO - Started process (PID=3483) to work on /home/airflow/.local/lib/python3.7/site-packages/airflow/example_dags/example_branch_python_dop_operator_3.py
[2022-08-15 03:07:06,027] {processor.py:641} INFO - Processing file /home/airflow/.local/lib/python3.7/site-packages/airflow/example_dags/example_branch_python_dop_operator_3.py for tasks to queue
[2022-08-15 03:07:06,030] {logging_mixin.py:115} INFO - [2022-08-15 03:07:06,030] {dagbag.py:508} INFO - Filling up the DagBag from /home/airflow/.local/lib/python3.7/site-packages/airflow/example_dags/example_branch_python_dop_operator_3.py
[2022-08-15 03:07:06,053] {processor.py:651} INFO - DAG(s) dict_keys(['example_branch_dop_operator_v3']) retrieved from /home/airflow/.local/lib/python3.7/site-packages/airflow/example_dags/example_branch_python_dop_operator_3.py
[2022-08-15 03:07:06,107] {logging_mixin.py:115} INFO - [2022-08-15 03:07:06,107] {dag.py:2420} INFO - Sync 1 DAGs
[2022-08-15 03:07:06,156] {logging_mixin.py:115} INFO - [2022-08-15 03:07:06,155] {dag.py:2972} INFO - Setting next_dagrun for example_branch_dop_operator_v3 to 2022-08-15T03:06:00+00:00, run_after=2022-08-15T03:07:00+00:00
[2022-08-15 03:07:06,178] {processor.py:161} INFO - Processing /home/airflow/.local/lib/python3.7/site-packages/airflow/example_dags/example_branch_python_dop_operator_3.py took 0.166 seconds
[2022-08-15 03:07:36,998] {processor.py:153} INFO - Started process (PID=3538) to work on /home/airflow/.local/lib/python3.7/site-packages/airflow/example_dags/example_branch_python_dop_operator_3.py
[2022-08-15 03:07:37,008] {processor.py:641} INFO - Processing file /home/airflow/.local/lib/python3.7/site-packages/airflow/example_dags/example_branch_python_dop_operator_3.py for tasks to queue
[2022-08-15 03:07:37,012] {logging_mixin.py:115} INFO - [2022-08-15 03:07:37,012] {dagbag.py:508} INFO - Filling up the DagBag from /home/airflow/.local/lib/python3.7/site-packages/airflow/example_dags/example_branch_python_dop_operator_3.py
[2022-08-15 03:07:37,047] {processor.py:651} INFO - DAG(s) dict_keys(['example_branch_dop_operator_v3']) retrieved from /home/airflow/.local/lib/python3.7/site-packages/airflow/example_dags/example_branch_python_dop_operator_3.py
[2022-08-15 03:07:37,155] {logging_mixin.py:115} INFO - [2022-08-15 03:07:37,155] {dag.py:2420} INFO - Sync 1 DAGs
[2022-08-15 03:07:37,223] {logging_mixin.py:115} INFO - [2022-08-15 03:07:37,223] {dag.py:2972} INFO - Setting next_dagrun for example_branch_dop_operator_v3 to 2022-08-15T03:06:00+00:00, run_after=2022-08-15T03:07:00+00:00
[2022-08-15 03:07:37,252] {processor.py:161} INFO - Processing /home/airflow/.local/lib/python3.7/site-packages/airflow/example_dags/example_branch_python_dop_operator_3.py took 0.265 seconds
[2022-08-15 03:08:07,800] {processor.py:153} INFO - Started process (PID=3592) to work on /home/airflow/.local/lib/python3.7/site-packages/airflow/example_dags/example_branch_python_dop_operator_3.py
[2022-08-15 03:08:07,804] {processor.py:641} INFO - Processing file /home/airflow/.local/lib/python3.7/site-packages/airflow/example_dags/example_branch_python_dop_operator_3.py for tasks to queue
[2022-08-15 03:08:07,806] {logging_mixin.py:115} INFO - [2022-08-15 03:08:07,806] {dagbag.py:508} INFO - Filling up the DagBag from /home/airflow/.local/lib/python3.7/site-packages/airflow/example_dags/example_branch_python_dop_operator_3.py
[2022-08-15 03:08:07,831] {processor.py:651} INFO - DAG(s) dict_keys(['example_branch_dop_operator_v3']) retrieved from /home/airflow/.local/lib/python3.7/site-packages/airflow/example_dags/example_branch_python_dop_operator_3.py
[2022-08-15 03:08:07,904] {logging_mixin.py:115} INFO - [2022-08-15 03:08:07,904] {dag.py:2420} INFO - Sync 1 DAGs
[2022-08-15 03:08:07,992] {logging_mixin.py:115} INFO - [2022-08-15 03:08:07,991] {dag.py:2972} INFO - Setting next_dagrun for example_branch_dop_operator_v3 to 2022-08-15T03:07:00+00:00, run_after=2022-08-15T03:08:00+00:00
[2022-08-15 03:08:08,018] {processor.py:161} INFO - Processing /home/airflow/.local/lib/python3.7/site-packages/airflow/example_dags/example_branch_python_dop_operator_3.py took 0.225 seconds
[2022-08-15 03:08:38,332] {processor.py:153} INFO - Started process (PID=3654) to work on /home/airflow/.local/lib/python3.7/site-packages/airflow/example_dags/example_branch_python_dop_operator_3.py
[2022-08-15 03:08:38,335] {processor.py:641} INFO - Processing file /home/airflow/.local/lib/python3.7/site-packages/airflow/example_dags/example_branch_python_dop_operator_3.py for tasks to queue
[2022-08-15 03:08:38,338] {logging_mixin.py:115} INFO - [2022-08-15 03:08:38,338] {dagbag.py:508} INFO - Filling up the DagBag from /home/airflow/.local/lib/python3.7/site-packages/airflow/example_dags/example_branch_python_dop_operator_3.py
[2022-08-15 03:08:38,401] {processor.py:651} INFO - DAG(s) dict_keys(['example_branch_dop_operator_v3']) retrieved from /home/airflow/.local/lib/python3.7/site-packages/airflow/example_dags/example_branch_python_dop_operator_3.py
[2022-08-15 03:08:38,492] {logging_mixin.py:115} INFO - [2022-08-15 03:08:38,492] {dag.py:2420} INFO - Sync 1 DAGs
[2022-08-15 03:08:38,577] {logging_mixin.py:115} INFO - [2022-08-15 03:08:38,574] {dag.py:2972} INFO - Setting next_dagrun for example_branch_dop_operator_v3 to 2022-08-15T03:07:00+00:00, run_after=2022-08-15T03:08:00+00:00
[2022-08-15 03:08:38,633] {processor.py:161} INFO - Processing /home/airflow/.local/lib/python3.7/site-packages/airflow/example_dags/example_branch_python_dop_operator_3.py took 0.317 seconds
[2022-08-15 03:09:08,695] {processor.py:153} INFO - Started process (PID=3707) to work on /home/airflow/.local/lib/python3.7/site-packages/airflow/example_dags/example_branch_python_dop_operator_3.py
[2022-08-15 03:09:08,697] {processor.py:641} INFO - Processing file /home/airflow/.local/lib/python3.7/site-packages/airflow/example_dags/example_branch_python_dop_operator_3.py for tasks to queue
[2022-08-15 03:09:08,700] {logging_mixin.py:115} INFO - [2022-08-15 03:09:08,699] {dagbag.py:508} INFO - Filling up the DagBag from /home/airflow/.local/lib/python3.7/site-packages/airflow/example_dags/example_branch_python_dop_operator_3.py
[2022-08-15 03:09:08,725] {processor.py:651} INFO - DAG(s) dict_keys(['example_branch_dop_operator_v3']) retrieved from /home/airflow/.local/lib/python3.7/site-packages/airflow/example_dags/example_branch_python_dop_operator_3.py
[2022-08-15 03:09:08,778] {logging_mixin.py:115} INFO - [2022-08-15 03:09:08,777] {dag.py:2420} INFO - Sync 1 DAGs
[2022-08-15 03:09:08,844] {logging_mixin.py:115} INFO - [2022-08-15 03:09:08,843] {dag.py:2972} INFO - Setting next_dagrun for example_branch_dop_operator_v3 to 2022-08-15T03:08:00+00:00, run_after=2022-08-15T03:09:00+00:00
[2022-08-15 03:09:08,873] {processor.py:161} INFO - Processing /home/airflow/.local/lib/python3.7/site-packages/airflow/example_dags/example_branch_python_dop_operator_3.py took 0.183 seconds
[2022-08-15 03:09:39,461] {processor.py:153} INFO - Started process (PID=3761) to work on /home/airflow/.local/lib/python3.7/site-packages/airflow/example_dags/example_branch_python_dop_operator_3.py
[2022-08-15 03:09:39,465] {processor.py:641} INFO - Processing file /home/airflow/.local/lib/python3.7/site-packages/airflow/example_dags/example_branch_python_dop_operator_3.py for tasks to queue
[2022-08-15 03:09:39,469] {logging_mixin.py:115} INFO - [2022-08-15 03:09:39,469] {dagbag.py:508} INFO - Filling up the DagBag from /home/airflow/.local/lib/python3.7/site-packages/airflow/example_dags/example_branch_python_dop_operator_3.py
[2022-08-15 03:09:39,515] {processor.py:651} INFO - DAG(s) dict_keys(['example_branch_dop_operator_v3']) retrieved from /home/airflow/.local/lib/python3.7/site-packages/airflow/example_dags/example_branch_python_dop_operator_3.py
[2022-08-15 03:09:39,603] {logging_mixin.py:115} INFO - [2022-08-15 03:09:39,603] {dag.py:2420} INFO - Sync 1 DAGs
[2022-08-15 03:09:39,675] {logging_mixin.py:115} INFO - [2022-08-15 03:09:39,675] {dag.py:2972} INFO - Setting next_dagrun for example_branch_dop_operator_v3 to 2022-08-15T03:08:00+00:00, run_after=2022-08-15T03:09:00+00:00
[2022-08-15 03:09:39,696] {processor.py:161} INFO - Processing /home/airflow/.local/lib/python3.7/site-packages/airflow/example_dags/example_branch_python_dop_operator_3.py took 0.244 seconds
[2022-08-15 03:10:10,021] {processor.py:153} INFO - Started process (PID=3828) to work on /home/airflow/.local/lib/python3.7/site-packages/airflow/example_dags/example_branch_python_dop_operator_3.py
[2022-08-15 03:10:10,024] {processor.py:641} INFO - Processing file /home/airflow/.local/lib/python3.7/site-packages/airflow/example_dags/example_branch_python_dop_operator_3.py for tasks to queue
[2022-08-15 03:10:10,029] {logging_mixin.py:115} INFO - [2022-08-15 03:10:10,028] {dagbag.py:508} INFO - Filling up the DagBag from /home/airflow/.local/lib/python3.7/site-packages/airflow/example_dags/example_branch_python_dop_operator_3.py
[2022-08-15 03:10:10,075] {processor.py:651} INFO - DAG(s) dict_keys(['example_branch_dop_operator_v3']) retrieved from /home/airflow/.local/lib/python3.7/site-packages/airflow/example_dags/example_branch_python_dop_operator_3.py
[2022-08-15 03:10:10,131] {logging_mixin.py:115} INFO - [2022-08-15 03:10:10,131] {dag.py:2420} INFO - Sync 1 DAGs
[2022-08-15 03:10:10,215] {logging_mixin.py:115} INFO - [2022-08-15 03:10:10,215] {dag.py:2972} INFO - Setting next_dagrun for example_branch_dop_operator_v3 to 2022-08-15T03:09:00+00:00, run_after=2022-08-15T03:10:00+00:00
[2022-08-15 03:10:10,281] {processor.py:161} INFO - Processing /home/airflow/.local/lib/python3.7/site-packages/airflow/example_dags/example_branch_python_dop_operator_3.py took 0.280 seconds
[2022-08-15 03:10:40,611] {processor.py:153} INFO - Started process (PID=3881) to work on /home/airflow/.local/lib/python3.7/site-packages/airflow/example_dags/example_branch_python_dop_operator_3.py
[2022-08-15 03:10:40,613] {processor.py:641} INFO - Processing file /home/airflow/.local/lib/python3.7/site-packages/airflow/example_dags/example_branch_python_dop_operator_3.py for tasks to queue
[2022-08-15 03:10:40,615] {logging_mixin.py:115} INFO - [2022-08-15 03:10:40,615] {dagbag.py:508} INFO - Filling up the DagBag from /home/airflow/.local/lib/python3.7/site-packages/airflow/example_dags/example_branch_python_dop_operator_3.py
[2022-08-15 03:10:40,636] {processor.py:651} INFO - DAG(s) dict_keys(['example_branch_dop_operator_v3']) retrieved from /home/airflow/.local/lib/python3.7/site-packages/airflow/example_dags/example_branch_python_dop_operator_3.py
[2022-08-15 03:10:40,734] {logging_mixin.py:115} INFO - [2022-08-15 03:10:40,734] {dag.py:2420} INFO - Sync 1 DAGs
[2022-08-15 03:10:40,831] {logging_mixin.py:115} INFO - [2022-08-15 03:10:40,830] {dag.py:2972} INFO - Setting next_dagrun for example_branch_dop_operator_v3 to 2022-08-15T03:09:00+00:00, run_after=2022-08-15T03:10:00+00:00
[2022-08-15 03:10:40,856] {processor.py:161} INFO - Processing /home/airflow/.local/lib/python3.7/site-packages/airflow/example_dags/example_branch_python_dop_operator_3.py took 0.253 seconds
[2022-08-15 03:11:11,234] {processor.py:153} INFO - Started process (PID=3933) to work on /home/airflow/.local/lib/python3.7/site-packages/airflow/example_dags/example_branch_python_dop_operator_3.py
[2022-08-15 03:11:11,236] {processor.py:641} INFO - Processing file /home/airflow/.local/lib/python3.7/site-packages/airflow/example_dags/example_branch_python_dop_operator_3.py for tasks to queue
[2022-08-15 03:11:11,238] {logging_mixin.py:115} INFO - [2022-08-15 03:11:11,238] {dagbag.py:508} INFO - Filling up the DagBag from /home/airflow/.local/lib/python3.7/site-packages/airflow/example_dags/example_branch_python_dop_operator_3.py
[2022-08-15 03:11:11,256] {processor.py:651} INFO - DAG(s) dict_keys(['example_branch_dop_operator_v3']) retrieved from /home/airflow/.local/lib/python3.7/site-packages/airflow/example_dags/example_branch_python_dop_operator_3.py
[2022-08-15 03:11:11,305] {logging_mixin.py:115} INFO - [2022-08-15 03:11:11,305] {dag.py:2420} INFO - Sync 1 DAGs
[2022-08-15 03:11:11,353] {logging_mixin.py:115} INFO - [2022-08-15 03:11:11,353] {dag.py:2972} INFO - Setting next_dagrun for example_branch_dop_operator_v3 to 2022-08-15T03:10:00+00:00, run_after=2022-08-15T03:11:00+00:00
[2022-08-15 03:11:11,384] {processor.py:161} INFO - Processing /home/airflow/.local/lib/python3.7/site-packages/airflow/example_dags/example_branch_python_dop_operator_3.py took 0.159 seconds
[2022-08-15 03:11:41,504] {processor.py:153} INFO - Started process (PID=3987) to work on /home/airflow/.local/lib/python3.7/site-packages/airflow/example_dags/example_branch_python_dop_operator_3.py
[2022-08-15 03:11:41,507] {processor.py:641} INFO - Processing file /home/airflow/.local/lib/python3.7/site-packages/airflow/example_dags/example_branch_python_dop_operator_3.py for tasks to queue
[2022-08-15 03:11:41,510] {logging_mixin.py:115} INFO - [2022-08-15 03:11:41,509] {dagbag.py:508} INFO - Filling up the DagBag from /home/airflow/.local/lib/python3.7/site-packages/airflow/example_dags/example_branch_python_dop_operator_3.py
[2022-08-15 03:11:41,532] {processor.py:651} INFO - DAG(s) dict_keys(['example_branch_dop_operator_v3']) retrieved from /home/airflow/.local/lib/python3.7/site-packages/airflow/example_dags/example_branch_python_dop_operator_3.py
[2022-08-15 03:11:41,601] {logging_mixin.py:115} INFO - [2022-08-15 03:11:41,601] {dag.py:2420} INFO - Sync 1 DAGs
[2022-08-15 03:11:41,643] {logging_mixin.py:115} INFO - [2022-08-15 03:11:41,643] {dag.py:2972} INFO - Setting next_dagrun for example_branch_dop_operator_v3 to 2022-08-15T03:10:00+00:00, run_after=2022-08-15T03:11:00+00:00
[2022-08-15 03:11:41,663] {processor.py:161} INFO - Processing /home/airflow/.local/lib/python3.7/site-packages/airflow/example_dags/example_branch_python_dop_operator_3.py took 0.168 seconds
[2022-08-15 03:12:12,601] {processor.py:153} INFO - Started process (PID=4050) to work on /home/airflow/.local/lib/python3.7/site-packages/airflow/example_dags/example_branch_python_dop_operator_3.py
[2022-08-15 03:12:12,606] {processor.py:641} INFO - Processing file /home/airflow/.local/lib/python3.7/site-packages/airflow/example_dags/example_branch_python_dop_operator_3.py for tasks to queue
[2022-08-15 03:12:12,614] {logging_mixin.py:115} INFO - [2022-08-15 03:12:12,613] {dagbag.py:508} INFO - Filling up the DagBag from /home/airflow/.local/lib/python3.7/site-packages/airflow/example_dags/example_branch_python_dop_operator_3.py
[2022-08-15 03:12:12,677] {processor.py:651} INFO - DAG(s) dict_keys(['example_branch_dop_operator_v3']) retrieved from /home/airflow/.local/lib/python3.7/site-packages/airflow/example_dags/example_branch_python_dop_operator_3.py
[2022-08-15 03:12:12,780] {logging_mixin.py:115} INFO - [2022-08-15 03:12:12,780] {dag.py:2420} INFO - Sync 1 DAGs
[2022-08-15 03:12:12,939] {logging_mixin.py:115} INFO - [2022-08-15 03:12:12,939] {dag.py:2972} INFO - Setting next_dagrun for example_branch_dop_operator_v3 to 2022-08-15T03:11:00+00:00, run_after=2022-08-15T03:12:00+00:00
[2022-08-15 03:12:12,984] {processor.py:161} INFO - Processing /home/airflow/.local/lib/python3.7/site-packages/airflow/example_dags/example_branch_python_dop_operator_3.py took 0.399 seconds
[2022-08-15 03:12:43,466] {processor.py:153} INFO - Started process (PID=4105) to work on /home/airflow/.local/lib/python3.7/site-packages/airflow/example_dags/example_branch_python_dop_operator_3.py
[2022-08-15 03:12:43,468] {processor.py:641} INFO - Processing file /home/airflow/.local/lib/python3.7/site-packages/airflow/example_dags/example_branch_python_dop_operator_3.py for tasks to queue
[2022-08-15 03:12:43,476] {logging_mixin.py:115} INFO - [2022-08-15 03:12:43,476] {dagbag.py:508} INFO - Filling up the DagBag from /home/airflow/.local/lib/python3.7/site-packages/airflow/example_dags/example_branch_python_dop_operator_3.py
[2022-08-15 03:12:43,499] {processor.py:651} INFO - DAG(s) dict_keys(['example_branch_dop_operator_v3']) retrieved from /home/airflow/.local/lib/python3.7/site-packages/airflow/example_dags/example_branch_python_dop_operator_3.py
[2022-08-15 03:12:43,566] {logging_mixin.py:115} INFO - [2022-08-15 03:12:43,566] {dag.py:2420} INFO - Sync 1 DAGs
[2022-08-15 03:12:43,641] {logging_mixin.py:115} INFO - [2022-08-15 03:12:43,641] {dag.py:2972} INFO - Setting next_dagrun for example_branch_dop_operator_v3 to 2022-08-15T03:11:00+00:00, run_after=2022-08-15T03:12:00+00:00
[2022-08-15 03:12:43,671] {processor.py:161} INFO - Processing /home/airflow/.local/lib/python3.7/site-packages/airflow/example_dags/example_branch_python_dop_operator_3.py took 0.211 seconds
[2022-08-15 03:13:13,943] {processor.py:153} INFO - Started process (PID=4159) to work on /home/airflow/.local/lib/python3.7/site-packages/airflow/example_dags/example_branch_python_dop_operator_3.py
[2022-08-15 03:13:13,945] {processor.py:641} INFO - Processing file /home/airflow/.local/lib/python3.7/site-packages/airflow/example_dags/example_branch_python_dop_operator_3.py for tasks to queue
[2022-08-15 03:13:13,948] {logging_mixin.py:115} INFO - [2022-08-15 03:13:13,948] {dagbag.py:508} INFO - Filling up the DagBag from /home/airflow/.local/lib/python3.7/site-packages/airflow/example_dags/example_branch_python_dop_operator_3.py
[2022-08-15 03:13:13,997] {processor.py:651} INFO - DAG(s) dict_keys(['example_branch_dop_operator_v3']) retrieved from /home/airflow/.local/lib/python3.7/site-packages/airflow/example_dags/example_branch_python_dop_operator_3.py
[2022-08-15 03:13:14,072] {logging_mixin.py:115} INFO - [2022-08-15 03:13:14,072] {dag.py:2420} INFO - Sync 1 DAGs
[2022-08-15 03:13:14,126] {logging_mixin.py:115} INFO - [2022-08-15 03:13:14,126] {dag.py:2972} INFO - Setting next_dagrun for example_branch_dop_operator_v3 to 2022-08-15T03:12:00+00:00, run_after=2022-08-15T03:13:00+00:00
[2022-08-15 03:13:14,149] {processor.py:161} INFO - Processing /home/airflow/.local/lib/python3.7/site-packages/airflow/example_dags/example_branch_python_dop_operator_3.py took 0.223 seconds
[2022-08-15 03:13:44,345] {processor.py:153} INFO - Started process (PID=4223) to work on /home/airflow/.local/lib/python3.7/site-packages/airflow/example_dags/example_branch_python_dop_operator_3.py
[2022-08-15 03:13:44,347] {processor.py:641} INFO - Processing file /home/airflow/.local/lib/python3.7/site-packages/airflow/example_dags/example_branch_python_dop_operator_3.py for tasks to queue
[2022-08-15 03:13:44,354] {logging_mixin.py:115} INFO - [2022-08-15 03:13:44,354] {dagbag.py:508} INFO - Filling up the DagBag from /home/airflow/.local/lib/python3.7/site-packages/airflow/example_dags/example_branch_python_dop_operator_3.py
[2022-08-15 03:13:44,443] {processor.py:651} INFO - DAG(s) dict_keys(['example_branch_dop_operator_v3']) retrieved from /home/airflow/.local/lib/python3.7/site-packages/airflow/example_dags/example_branch_python_dop_operator_3.py
[2022-08-15 03:13:44,865] {logging_mixin.py:115} INFO - [2022-08-15 03:13:44,865] {dag.py:2420} INFO - Sync 1 DAGs
[2022-08-15 03:13:45,413] {logging_mixin.py:115} INFO - [2022-08-15 03:13:45,412] {dag.py:2972} INFO - Setting next_dagrun for example_branch_dop_operator_v3 to 2022-08-15T03:12:00+00:00, run_after=2022-08-15T03:13:00+00:00
[2022-08-15 03:13:45,536] {processor.py:161} INFO - Processing /home/airflow/.local/lib/python3.7/site-packages/airflow/example_dags/example_branch_python_dop_operator_3.py took 1.215 seconds
[2022-08-15 03:14:16,108] {processor.py:153} INFO - Started process (PID=4278) to work on /home/airflow/.local/lib/python3.7/site-packages/airflow/example_dags/example_branch_python_dop_operator_3.py
[2022-08-15 03:14:16,111] {processor.py:641} INFO - Processing file /home/airflow/.local/lib/python3.7/site-packages/airflow/example_dags/example_branch_python_dop_operator_3.py for tasks to queue
[2022-08-15 03:14:16,131] {logging_mixin.py:115} INFO - [2022-08-15 03:14:16,131] {dagbag.py:508} INFO - Filling up the DagBag from /home/airflow/.local/lib/python3.7/site-packages/airflow/example_dags/example_branch_python_dop_operator_3.py
[2022-08-15 03:14:16,205] {processor.py:651} INFO - DAG(s) dict_keys(['example_branch_dop_operator_v3']) retrieved from /home/airflow/.local/lib/python3.7/site-packages/airflow/example_dags/example_branch_python_dop_operator_3.py
[2022-08-15 03:14:16,313] {logging_mixin.py:115} INFO - [2022-08-15 03:14:16,312] {dag.py:2420} INFO - Sync 1 DAGs
[2022-08-15 03:14:16,429] {logging_mixin.py:115} INFO - [2022-08-15 03:14:16,429] {dag.py:2972} INFO - Setting next_dagrun for example_branch_dop_operator_v3 to 2022-08-15T03:13:00+00:00, run_after=2022-08-15T03:14:00+00:00
[2022-08-15 03:14:16,500] {processor.py:161} INFO - Processing /home/airflow/.local/lib/python3.7/site-packages/airflow/example_dags/example_branch_python_dop_operator_3.py took 0.415 seconds
[2022-08-15 03:14:47,707] {processor.py:153} INFO - Started process (PID=4334) to work on /home/airflow/.local/lib/python3.7/site-packages/airflow/example_dags/example_branch_python_dop_operator_3.py
[2022-08-15 03:14:47,719] {processor.py:641} INFO - Processing file /home/airflow/.local/lib/python3.7/site-packages/airflow/example_dags/example_branch_python_dop_operator_3.py for tasks to queue
[2022-08-15 03:14:47,721] {logging_mixin.py:115} INFO - [2022-08-15 03:14:47,721] {dagbag.py:508} INFO - Filling up the DagBag from /home/airflow/.local/lib/python3.7/site-packages/airflow/example_dags/example_branch_python_dop_operator_3.py
[2022-08-15 03:14:47,751] {processor.py:651} INFO - DAG(s) dict_keys(['example_branch_dop_operator_v3']) retrieved from /home/airflow/.local/lib/python3.7/site-packages/airflow/example_dags/example_branch_python_dop_operator_3.py
[2022-08-15 03:14:47,866] {logging_mixin.py:115} INFO - [2022-08-15 03:14:47,866] {dag.py:2420} INFO - Sync 1 DAGs
[2022-08-15 03:14:47,977] {logging_mixin.py:115} INFO - [2022-08-15 03:14:47,977] {dag.py:2972} INFO - Setting next_dagrun for example_branch_dop_operator_v3 to 2022-08-15T03:13:00+00:00, run_after=2022-08-15T03:14:00+00:00
[2022-08-15 03:14:48,031] {processor.py:161} INFO - Processing /home/airflow/.local/lib/python3.7/site-packages/airflow/example_dags/example_branch_python_dop_operator_3.py took 0.331 seconds
