[2022-08-15 02:56:30,044] {processor.py:153} INFO - Started process (PID=2294) to work on /home/airflow/.local/lib/python3.7/site-packages/airflow/example_dags/example_branch_datetime_operator.py
[2022-08-15 02:56:30,062] {processor.py:641} INFO - Processing file /home/airflow/.local/lib/python3.7/site-packages/airflow/example_dags/example_branch_datetime_operator.py for tasks to queue
[2022-08-15 02:56:30,066] {logging_mixin.py:115} INFO - [2022-08-15 02:56:30,066] {dagbag.py:508} INFO - Filling up the DagBag from /home/airflow/.local/lib/python3.7/site-packages/airflow/example_dags/example_branch_datetime_operator.py
[2022-08-15 02:56:30,223] {processor.py:651} INFO - DAG(s) dict_keys(['example_branch_datetime_operator', 'example_branch_datetime_operator_2']) retrieved from /home/airflow/.local/lib/python3.7/site-packages/airflow/example_dags/example_branch_datetime_operator.py
[2022-08-15 02:56:30,609] {logging_mixin.py:115} INFO - [2022-08-15 02:56:30,609] {dag.py:2420} INFO - Sync 2 DAGs
[2022-08-15 02:56:31,029] {logging_mixin.py:115} INFO - [2022-08-15 02:56:31,016] {dag.py:2972} INFO - Setting next_dagrun for example_branch_datetime_operator to 2022-08-14T00:00:00+00:00, run_after=2022-08-15T00:00:00+00:00
[2022-08-15 02:56:31,074] {logging_mixin.py:115} INFO - [2022-08-15 02:56:31,074] {dag.py:2972} INFO - Setting next_dagrun for example_branch_datetime_operator_2 to 2022-08-14T00:00:00+00:00, run_after=2022-08-15T00:00:00+00:00
[2022-08-15 02:56:31,183] {processor.py:161} INFO - Processing /home/airflow/.local/lib/python3.7/site-packages/airflow/example_dags/example_branch_datetime_operator.py took 1.152 seconds
[2022-08-15 02:57:01,814] {processor.py:153} INFO - Started process (PID=2347) to work on /home/airflow/.local/lib/python3.7/site-packages/airflow/example_dags/example_branch_datetime_operator.py
[2022-08-15 02:57:01,826] {processor.py:641} INFO - Processing file /home/airflow/.local/lib/python3.7/site-packages/airflow/example_dags/example_branch_datetime_operator.py for tasks to queue
[2022-08-15 02:57:01,828] {logging_mixin.py:115} INFO - [2022-08-15 02:57:01,828] {dagbag.py:508} INFO - Filling up the DagBag from /home/airflow/.local/lib/python3.7/site-packages/airflow/example_dags/example_branch_datetime_operator.py
[2022-08-15 02:57:01,863] {processor.py:651} INFO - DAG(s) dict_keys(['example_branch_datetime_operator', 'example_branch_datetime_operator_2']) retrieved from /home/airflow/.local/lib/python3.7/site-packages/airflow/example_dags/example_branch_datetime_operator.py
[2022-08-15 02:57:01,932] {logging_mixin.py:115} INFO - [2022-08-15 02:57:01,932] {dag.py:2420} INFO - Sync 2 DAGs
[2022-08-15 02:57:01,988] {logging_mixin.py:115} INFO - [2022-08-15 02:57:01,988] {dag.py:2972} INFO - Setting next_dagrun for example_branch_datetime_operator to 2022-08-14T00:00:00+00:00, run_after=2022-08-15T00:00:00+00:00
[2022-08-15 02:57:01,995] {logging_mixin.py:115} INFO - [2022-08-15 02:57:01,995] {dag.py:2972} INFO - Setting next_dagrun for example_branch_datetime_operator_2 to 2022-08-14T00:00:00+00:00, run_after=2022-08-15T00:00:00+00:00
[2022-08-15 02:57:02,044] {processor.py:161} INFO - Processing /home/airflow/.local/lib/python3.7/site-packages/airflow/example_dags/example_branch_datetime_operator.py took 0.242 seconds
[2022-08-15 02:57:32,631] {processor.py:153} INFO - Started process (PID=2409) to work on /home/airflow/.local/lib/python3.7/site-packages/airflow/example_dags/example_branch_datetime_operator.py
[2022-08-15 02:57:32,639] {processor.py:641} INFO - Processing file /home/airflow/.local/lib/python3.7/site-packages/airflow/example_dags/example_branch_datetime_operator.py for tasks to queue
[2022-08-15 02:57:32,642] {logging_mixin.py:115} INFO - [2022-08-15 02:57:32,642] {dagbag.py:508} INFO - Filling up the DagBag from /home/airflow/.local/lib/python3.7/site-packages/airflow/example_dags/example_branch_datetime_operator.py
[2022-08-15 02:57:32,690] {processor.py:651} INFO - DAG(s) dict_keys(['example_branch_datetime_operator', 'example_branch_datetime_operator_2']) retrieved from /home/airflow/.local/lib/python3.7/site-packages/airflow/example_dags/example_branch_datetime_operator.py
[2022-08-15 02:57:32,776] {logging_mixin.py:115} INFO - [2022-08-15 02:57:32,776] {dag.py:2420} INFO - Sync 2 DAGs
[2022-08-15 02:57:32,855] {logging_mixin.py:115} INFO - [2022-08-15 02:57:32,855] {dag.py:2972} INFO - Setting next_dagrun for example_branch_datetime_operator to 2022-08-14T00:00:00+00:00, run_after=2022-08-15T00:00:00+00:00
[2022-08-15 02:57:32,862] {logging_mixin.py:115} INFO - [2022-08-15 02:57:32,861] {dag.py:2972} INFO - Setting next_dagrun for example_branch_datetime_operator_2 to 2022-08-14T00:00:00+00:00, run_after=2022-08-15T00:00:00+00:00
[2022-08-15 02:57:32,885] {processor.py:161} INFO - Processing /home/airflow/.local/lib/python3.7/site-packages/airflow/example_dags/example_branch_datetime_operator.py took 0.277 seconds
[2022-08-15 02:58:03,713] {processor.py:153} INFO - Started process (PID=2465) to work on /home/airflow/.local/lib/python3.7/site-packages/airflow/example_dags/example_branch_datetime_operator.py
[2022-08-15 02:58:03,715] {processor.py:641} INFO - Processing file /home/airflow/.local/lib/python3.7/site-packages/airflow/example_dags/example_branch_datetime_operator.py for tasks to queue
[2022-08-15 02:58:03,722] {logging_mixin.py:115} INFO - [2022-08-15 02:58:03,722] {dagbag.py:508} INFO - Filling up the DagBag from /home/airflow/.local/lib/python3.7/site-packages/airflow/example_dags/example_branch_datetime_operator.py
[2022-08-15 02:58:03,770] {processor.py:651} INFO - DAG(s) dict_keys(['example_branch_datetime_operator', 'example_branch_datetime_operator_2']) retrieved from /home/airflow/.local/lib/python3.7/site-packages/airflow/example_dags/example_branch_datetime_operator.py
[2022-08-15 02:58:03,859] {logging_mixin.py:115} INFO - [2022-08-15 02:58:03,859] {dag.py:2420} INFO - Sync 2 DAGs
[2022-08-15 02:58:03,907] {logging_mixin.py:115} INFO - [2022-08-15 02:58:03,907] {dag.py:2972} INFO - Setting next_dagrun for example_branch_datetime_operator to 2022-08-14T00:00:00+00:00, run_after=2022-08-15T00:00:00+00:00
[2022-08-15 02:58:03,913] {logging_mixin.py:115} INFO - [2022-08-15 02:58:03,913] {dag.py:2972} INFO - Setting next_dagrun for example_branch_datetime_operator_2 to 2022-08-14T00:00:00+00:00, run_after=2022-08-15T00:00:00+00:00
[2022-08-15 02:58:03,940] {processor.py:161} INFO - Processing /home/airflow/.local/lib/python3.7/site-packages/airflow/example_dags/example_branch_datetime_operator.py took 0.244 seconds
[2022-08-15 02:58:34,546] {processor.py:153} INFO - Started process (PID=2518) to work on /home/airflow/.local/lib/python3.7/site-packages/airflow/example_dags/example_branch_datetime_operator.py
[2022-08-15 02:58:34,555] {processor.py:641} INFO - Processing file /home/airflow/.local/lib/python3.7/site-packages/airflow/example_dags/example_branch_datetime_operator.py for tasks to queue
[2022-08-15 02:58:34,557] {logging_mixin.py:115} INFO - [2022-08-15 02:58:34,557] {dagbag.py:508} INFO - Filling up the DagBag from /home/airflow/.local/lib/python3.7/site-packages/airflow/example_dags/example_branch_datetime_operator.py
[2022-08-15 02:58:34,606] {processor.py:651} INFO - DAG(s) dict_keys(['example_branch_datetime_operator', 'example_branch_datetime_operator_2']) retrieved from /home/airflow/.local/lib/python3.7/site-packages/airflow/example_dags/example_branch_datetime_operator.py
[2022-08-15 02:58:34,724] {logging_mixin.py:115} INFO - [2022-08-15 02:58:34,724] {dag.py:2420} INFO - Sync 2 DAGs
[2022-08-15 02:58:34,828] {logging_mixin.py:115} INFO - [2022-08-15 02:58:34,827] {dag.py:2972} INFO - Setting next_dagrun for example_branch_datetime_operator to 2022-08-14T00:00:00+00:00, run_after=2022-08-15T00:00:00+00:00
[2022-08-15 02:58:34,840] {logging_mixin.py:115} INFO - [2022-08-15 02:58:34,840] {dag.py:2972} INFO - Setting next_dagrun for example_branch_datetime_operator_2 to 2022-08-14T00:00:00+00:00, run_after=2022-08-15T00:00:00+00:00
[2022-08-15 02:58:34,895] {processor.py:161} INFO - Processing /home/airflow/.local/lib/python3.7/site-packages/airflow/example_dags/example_branch_datetime_operator.py took 0.365 seconds
[2022-08-15 02:59:05,316] {processor.py:153} INFO - Started process (PID=2583) to work on /home/airflow/.local/lib/python3.7/site-packages/airflow/example_dags/example_branch_datetime_operator.py
[2022-08-15 02:59:05,319] {processor.py:641} INFO - Processing file /home/airflow/.local/lib/python3.7/site-packages/airflow/example_dags/example_branch_datetime_operator.py for tasks to queue
[2022-08-15 02:59:05,323] {logging_mixin.py:115} INFO - [2022-08-15 02:59:05,322] {dagbag.py:508} INFO - Filling up the DagBag from /home/airflow/.local/lib/python3.7/site-packages/airflow/example_dags/example_branch_datetime_operator.py
[2022-08-15 02:59:05,387] {processor.py:651} INFO - DAG(s) dict_keys(['example_branch_datetime_operator', 'example_branch_datetime_operator_2']) retrieved from /home/airflow/.local/lib/python3.7/site-packages/airflow/example_dags/example_branch_datetime_operator.py
[2022-08-15 02:59:05,535] {logging_mixin.py:115} INFO - [2022-08-15 02:59:05,535] {dag.py:2420} INFO - Sync 2 DAGs
[2022-08-15 02:59:05,719] {logging_mixin.py:115} INFO - [2022-08-15 02:59:05,719] {dag.py:2972} INFO - Setting next_dagrun for example_branch_datetime_operator to 2022-08-14T00:00:00+00:00, run_after=2022-08-15T00:00:00+00:00
[2022-08-15 02:59:05,724] {logging_mixin.py:115} INFO - [2022-08-15 02:59:05,723] {dag.py:2972} INFO - Setting next_dagrun for example_branch_datetime_operator_2 to 2022-08-14T00:00:00+00:00, run_after=2022-08-15T00:00:00+00:00
[2022-08-15 02:59:05,796] {processor.py:161} INFO - Processing /home/airflow/.local/lib/python3.7/site-packages/airflow/example_dags/example_branch_datetime_operator.py took 0.502 seconds
[2022-08-15 02:59:36,843] {processor.py:153} INFO - Started process (PID=2636) to work on /home/airflow/.local/lib/python3.7/site-packages/airflow/example_dags/example_branch_datetime_operator.py
[2022-08-15 02:59:36,845] {processor.py:641} INFO - Processing file /home/airflow/.local/lib/python3.7/site-packages/airflow/example_dags/example_branch_datetime_operator.py for tasks to queue
[2022-08-15 02:59:36,848] {logging_mixin.py:115} INFO - [2022-08-15 02:59:36,848] {dagbag.py:508} INFO - Filling up the DagBag from /home/airflow/.local/lib/python3.7/site-packages/airflow/example_dags/example_branch_datetime_operator.py
[2022-08-15 02:59:36,894] {processor.py:651} INFO - DAG(s) dict_keys(['example_branch_datetime_operator', 'example_branch_datetime_operator_2']) retrieved from /home/airflow/.local/lib/python3.7/site-packages/airflow/example_dags/example_branch_datetime_operator.py
[2022-08-15 02:59:36,964] {logging_mixin.py:115} INFO - [2022-08-15 02:59:36,964] {dag.py:2420} INFO - Sync 2 DAGs
[2022-08-15 02:59:37,010] {logging_mixin.py:115} INFO - [2022-08-15 02:59:37,010] {dag.py:2972} INFO - Setting next_dagrun for example_branch_datetime_operator to 2022-08-14T00:00:00+00:00, run_after=2022-08-15T00:00:00+00:00
[2022-08-15 02:59:37,015] {logging_mixin.py:115} INFO - [2022-08-15 02:59:37,015] {dag.py:2972} INFO - Setting next_dagrun for example_branch_datetime_operator_2 to 2022-08-14T00:00:00+00:00, run_after=2022-08-15T00:00:00+00:00
[2022-08-15 02:59:37,039] {processor.py:161} INFO - Processing /home/airflow/.local/lib/python3.7/site-packages/airflow/example_dags/example_branch_datetime_operator.py took 0.205 seconds
[2022-08-15 03:00:07,231] {processor.py:153} INFO - Started process (PID=2690) to work on /home/airflow/.local/lib/python3.7/site-packages/airflow/example_dags/example_branch_datetime_operator.py
[2022-08-15 03:00:07,233] {processor.py:641} INFO - Processing file /home/airflow/.local/lib/python3.7/site-packages/airflow/example_dags/example_branch_datetime_operator.py for tasks to queue
[2022-08-15 03:00:07,236] {logging_mixin.py:115} INFO - [2022-08-15 03:00:07,235] {dagbag.py:508} INFO - Filling up the DagBag from /home/airflow/.local/lib/python3.7/site-packages/airflow/example_dags/example_branch_datetime_operator.py
[2022-08-15 03:00:07,257] {processor.py:651} INFO - DAG(s) dict_keys(['example_branch_datetime_operator', 'example_branch_datetime_operator_2']) retrieved from /home/airflow/.local/lib/python3.7/site-packages/airflow/example_dags/example_branch_datetime_operator.py
[2022-08-15 03:00:07,326] {logging_mixin.py:115} INFO - [2022-08-15 03:00:07,326] {dag.py:2420} INFO - Sync 2 DAGs
[2022-08-15 03:00:07,368] {logging_mixin.py:115} INFO - [2022-08-15 03:00:07,367] {dag.py:2972} INFO - Setting next_dagrun for example_branch_datetime_operator to 2022-08-14T00:00:00+00:00, run_after=2022-08-15T00:00:00+00:00
[2022-08-15 03:00:07,374] {logging_mixin.py:115} INFO - [2022-08-15 03:00:07,374] {dag.py:2972} INFO - Setting next_dagrun for example_branch_datetime_operator_2 to 2022-08-14T00:00:00+00:00, run_after=2022-08-15T00:00:00+00:00
[2022-08-15 03:00:07,432] {processor.py:161} INFO - Processing /home/airflow/.local/lib/python3.7/site-packages/airflow/example_dags/example_branch_datetime_operator.py took 0.211 seconds
[2022-08-15 03:00:37,965] {processor.py:153} INFO - Started process (PID=2753) to work on /home/airflow/.local/lib/python3.7/site-packages/airflow/example_dags/example_branch_datetime_operator.py
[2022-08-15 03:00:37,968] {processor.py:641} INFO - Processing file /home/airflow/.local/lib/python3.7/site-packages/airflow/example_dags/example_branch_datetime_operator.py for tasks to queue
[2022-08-15 03:00:37,970] {logging_mixin.py:115} INFO - [2022-08-15 03:00:37,970] {dagbag.py:508} INFO - Filling up the DagBag from /home/airflow/.local/lib/python3.7/site-packages/airflow/example_dags/example_branch_datetime_operator.py
[2022-08-15 03:00:37,995] {processor.py:651} INFO - DAG(s) dict_keys(['example_branch_datetime_operator', 'example_branch_datetime_operator_2']) retrieved from /home/airflow/.local/lib/python3.7/site-packages/airflow/example_dags/example_branch_datetime_operator.py
[2022-08-15 03:00:38,056] {logging_mixin.py:115} INFO - [2022-08-15 03:00:38,056] {dag.py:2420} INFO - Sync 2 DAGs
[2022-08-15 03:00:38,103] {logging_mixin.py:115} INFO - [2022-08-15 03:00:38,103] {dag.py:2972} INFO - Setting next_dagrun for example_branch_datetime_operator to 2022-08-14T00:00:00+00:00, run_after=2022-08-15T00:00:00+00:00
[2022-08-15 03:00:38,108] {logging_mixin.py:115} INFO - [2022-08-15 03:00:38,108] {dag.py:2972} INFO - Setting next_dagrun for example_branch_datetime_operator_2 to 2022-08-14T00:00:00+00:00, run_after=2022-08-15T00:00:00+00:00
[2022-08-15 03:00:38,132] {processor.py:161} INFO - Processing /home/airflow/.local/lib/python3.7/site-packages/airflow/example_dags/example_branch_datetime_operator.py took 0.181 seconds
[2022-08-15 03:01:08,333] {processor.py:153} INFO - Started process (PID=2806) to work on /home/airflow/.local/lib/python3.7/site-packages/airflow/example_dags/example_branch_datetime_operator.py
[2022-08-15 03:01:08,336] {processor.py:641} INFO - Processing file /home/airflow/.local/lib/python3.7/site-packages/airflow/example_dags/example_branch_datetime_operator.py for tasks to queue
[2022-08-15 03:01:08,338] {logging_mixin.py:115} INFO - [2022-08-15 03:01:08,338] {dagbag.py:508} INFO - Filling up the DagBag from /home/airflow/.local/lib/python3.7/site-packages/airflow/example_dags/example_branch_datetime_operator.py
[2022-08-15 03:01:08,390] {processor.py:651} INFO - DAG(s) dict_keys(['example_branch_datetime_operator', 'example_branch_datetime_operator_2']) retrieved from /home/airflow/.local/lib/python3.7/site-packages/airflow/example_dags/example_branch_datetime_operator.py
[2022-08-15 03:01:08,459] {logging_mixin.py:115} INFO - [2022-08-15 03:01:08,459] {dag.py:2420} INFO - Sync 2 DAGs
[2022-08-15 03:01:08,545] {logging_mixin.py:115} INFO - [2022-08-15 03:01:08,545] {dag.py:2972} INFO - Setting next_dagrun for example_branch_datetime_operator to 2022-08-14T00:00:00+00:00, run_after=2022-08-15T00:00:00+00:00
[2022-08-15 03:01:08,557] {logging_mixin.py:115} INFO - [2022-08-15 03:01:08,557] {dag.py:2972} INFO - Setting next_dagrun for example_branch_datetime_operator_2 to 2022-08-14T00:00:00+00:00, run_after=2022-08-15T00:00:00+00:00
[2022-08-15 03:01:08,587] {processor.py:161} INFO - Processing /home/airflow/.local/lib/python3.7/site-packages/airflow/example_dags/example_branch_datetime_operator.py took 0.263 seconds
[2022-08-15 03:01:39,126] {processor.py:153} INFO - Started process (PID=2872) to work on /home/airflow/.local/lib/python3.7/site-packages/airflow/example_dags/example_branch_datetime_operator.py
[2022-08-15 03:01:39,128] {processor.py:641} INFO - Processing file /home/airflow/.local/lib/python3.7/site-packages/airflow/example_dags/example_branch_datetime_operator.py for tasks to queue
[2022-08-15 03:01:39,131] {logging_mixin.py:115} INFO - [2022-08-15 03:01:39,130] {dagbag.py:508} INFO - Filling up the DagBag from /home/airflow/.local/lib/python3.7/site-packages/airflow/example_dags/example_branch_datetime_operator.py
[2022-08-15 03:01:39,183] {processor.py:651} INFO - DAG(s) dict_keys(['example_branch_datetime_operator', 'example_branch_datetime_operator_2']) retrieved from /home/airflow/.local/lib/python3.7/site-packages/airflow/example_dags/example_branch_datetime_operator.py
[2022-08-15 03:01:39,282] {logging_mixin.py:115} INFO - [2022-08-15 03:01:39,282] {dag.py:2420} INFO - Sync 2 DAGs
[2022-08-15 03:01:39,371] {logging_mixin.py:115} INFO - [2022-08-15 03:01:39,371] {dag.py:2972} INFO - Setting next_dagrun for example_branch_datetime_operator to 2022-08-14T00:00:00+00:00, run_after=2022-08-15T00:00:00+00:00
[2022-08-15 03:01:39,378] {logging_mixin.py:115} INFO - [2022-08-15 03:01:39,374] {dag.py:2972} INFO - Setting next_dagrun for example_branch_datetime_operator_2 to 2022-08-14T00:00:00+00:00, run_after=2022-08-15T00:00:00+00:00
[2022-08-15 03:01:39,445] {processor.py:161} INFO - Processing /home/airflow/.local/lib/python3.7/site-packages/airflow/example_dags/example_branch_datetime_operator.py took 0.328 seconds
[2022-08-15 03:02:09,952] {processor.py:153} INFO - Started process (PID=2928) to work on /home/airflow/.local/lib/python3.7/site-packages/airflow/example_dags/example_branch_datetime_operator.py
[2022-08-15 03:02:09,964] {processor.py:641} INFO - Processing file /home/airflow/.local/lib/python3.7/site-packages/airflow/example_dags/example_branch_datetime_operator.py for tasks to queue
[2022-08-15 03:02:09,972] {logging_mixin.py:115} INFO - [2022-08-15 03:02:09,972] {dagbag.py:508} INFO - Filling up the DagBag from /home/airflow/.local/lib/python3.7/site-packages/airflow/example_dags/example_branch_datetime_operator.py
[2022-08-15 03:02:10,014] {processor.py:651} INFO - DAG(s) dict_keys(['example_branch_datetime_operator', 'example_branch_datetime_operator_2']) retrieved from /home/airflow/.local/lib/python3.7/site-packages/airflow/example_dags/example_branch_datetime_operator.py
[2022-08-15 03:02:10,142] {logging_mixin.py:115} INFO - [2022-08-15 03:02:10,142] {dag.py:2420} INFO - Sync 2 DAGs
[2022-08-15 03:02:10,245] {logging_mixin.py:115} INFO - [2022-08-15 03:02:10,244] {dag.py:2972} INFO - Setting next_dagrun for example_branch_datetime_operator to 2022-08-14T00:00:00+00:00, run_after=2022-08-15T00:00:00+00:00
[2022-08-15 03:02:10,263] {logging_mixin.py:115} INFO - [2022-08-15 03:02:10,262] {dag.py:2972} INFO - Setting next_dagrun for example_branch_datetime_operator_2 to 2022-08-14T00:00:00+00:00, run_after=2022-08-15T00:00:00+00:00
[2022-08-15 03:02:10,323] {processor.py:161} INFO - Processing /home/airflow/.local/lib/python3.7/site-packages/airflow/example_dags/example_branch_datetime_operator.py took 0.379 seconds
[2022-08-15 03:02:40,646] {processor.py:153} INFO - Started process (PID=2990) to work on /home/airflow/.local/lib/python3.7/site-packages/airflow/example_dags/example_branch_datetime_operator.py
[2022-08-15 03:02:40,653] {processor.py:641} INFO - Processing file /home/airflow/.local/lib/python3.7/site-packages/airflow/example_dags/example_branch_datetime_operator.py for tasks to queue
[2022-08-15 03:02:40,655] {logging_mixin.py:115} INFO - [2022-08-15 03:02:40,655] {dagbag.py:508} INFO - Filling up the DagBag from /home/airflow/.local/lib/python3.7/site-packages/airflow/example_dags/example_branch_datetime_operator.py
[2022-08-15 03:02:40,675] {processor.py:651} INFO - DAG(s) dict_keys(['example_branch_datetime_operator', 'example_branch_datetime_operator_2']) retrieved from /home/airflow/.local/lib/python3.7/site-packages/airflow/example_dags/example_branch_datetime_operator.py
[2022-08-15 03:02:40,772] {logging_mixin.py:115} INFO - [2022-08-15 03:02:40,772] {dag.py:2420} INFO - Sync 2 DAGs
[2022-08-15 03:02:40,855] {logging_mixin.py:115} INFO - [2022-08-15 03:02:40,855] {dag.py:2972} INFO - Setting next_dagrun for example_branch_datetime_operator to 2022-08-14T00:00:00+00:00, run_after=2022-08-15T00:00:00+00:00
[2022-08-15 03:02:40,869] {logging_mixin.py:115} INFO - [2022-08-15 03:02:40,869] {dag.py:2972} INFO - Setting next_dagrun for example_branch_datetime_operator_2 to 2022-08-14T00:00:00+00:00, run_after=2022-08-15T00:00:00+00:00
[2022-08-15 03:02:40,932] {processor.py:161} INFO - Processing /home/airflow/.local/lib/python3.7/site-packages/airflow/example_dags/example_branch_datetime_operator.py took 0.301 seconds
[2022-08-15 03:03:11,674] {processor.py:153} INFO - Started process (PID=3046) to work on /home/airflow/.local/lib/python3.7/site-packages/airflow/example_dags/example_branch_datetime_operator.py
[2022-08-15 03:03:11,676] {processor.py:641} INFO - Processing file /home/airflow/.local/lib/python3.7/site-packages/airflow/example_dags/example_branch_datetime_operator.py for tasks to queue
[2022-08-15 03:03:11,678] {logging_mixin.py:115} INFO - [2022-08-15 03:03:11,678] {dagbag.py:508} INFO - Filling up the DagBag from /home/airflow/.local/lib/python3.7/site-packages/airflow/example_dags/example_branch_datetime_operator.py
[2022-08-15 03:03:11,700] {processor.py:651} INFO - DAG(s) dict_keys(['example_branch_datetime_operator', 'example_branch_datetime_operator_2']) retrieved from /home/airflow/.local/lib/python3.7/site-packages/airflow/example_dags/example_branch_datetime_operator.py
[2022-08-15 03:03:11,753] {logging_mixin.py:115} INFO - [2022-08-15 03:03:11,752] {dag.py:2420} INFO - Sync 2 DAGs
[2022-08-15 03:03:11,797] {logging_mixin.py:115} INFO - [2022-08-15 03:03:11,797] {dag.py:2972} INFO - Setting next_dagrun for example_branch_datetime_operator to 2022-08-14T00:00:00+00:00, run_after=2022-08-15T00:00:00+00:00
[2022-08-15 03:03:11,803] {logging_mixin.py:115} INFO - [2022-08-15 03:03:11,803] {dag.py:2972} INFO - Setting next_dagrun for example_branch_datetime_operator_2 to 2022-08-14T00:00:00+00:00, run_after=2022-08-15T00:00:00+00:00
[2022-08-15 03:03:11,826] {processor.py:161} INFO - Processing /home/airflow/.local/lib/python3.7/site-packages/airflow/example_dags/example_branch_datetime_operator.py took 0.163 seconds
[2022-08-15 03:03:42,298] {processor.py:153} INFO - Started process (PID=3098) to work on /home/airflow/.local/lib/python3.7/site-packages/airflow/example_dags/example_branch_datetime_operator.py
[2022-08-15 03:03:42,303] {processor.py:641} INFO - Processing file /home/airflow/.local/lib/python3.7/site-packages/airflow/example_dags/example_branch_datetime_operator.py for tasks to queue
[2022-08-15 03:03:42,305] {logging_mixin.py:115} INFO - [2022-08-15 03:03:42,305] {dagbag.py:508} INFO - Filling up the DagBag from /home/airflow/.local/lib/python3.7/site-packages/airflow/example_dags/example_branch_datetime_operator.py
[2022-08-15 03:03:42,331] {processor.py:651} INFO - DAG(s) dict_keys(['example_branch_datetime_operator', 'example_branch_datetime_operator_2']) retrieved from /home/airflow/.local/lib/python3.7/site-packages/airflow/example_dags/example_branch_datetime_operator.py
[2022-08-15 03:03:42,385] {logging_mixin.py:115} INFO - [2022-08-15 03:03:42,385] {dag.py:2420} INFO - Sync 2 DAGs
[2022-08-15 03:03:42,434] {logging_mixin.py:115} INFO - [2022-08-15 03:03:42,434] {dag.py:2972} INFO - Setting next_dagrun for example_branch_datetime_operator to 2022-08-14T00:00:00+00:00, run_after=2022-08-15T00:00:00+00:00
[2022-08-15 03:03:42,439] {logging_mixin.py:115} INFO - [2022-08-15 03:03:42,439] {dag.py:2972} INFO - Setting next_dagrun for example_branch_datetime_operator_2 to 2022-08-14T00:00:00+00:00, run_after=2022-08-15T00:00:00+00:00
[2022-08-15 03:03:42,465] {processor.py:161} INFO - Processing /home/airflow/.local/lib/python3.7/site-packages/airflow/example_dags/example_branch_datetime_operator.py took 0.177 seconds
[2022-08-15 03:04:13,241] {processor.py:153} INFO - Started process (PID=3161) to work on /home/airflow/.local/lib/python3.7/site-packages/airflow/example_dags/example_branch_datetime_operator.py
[2022-08-15 03:04:13,243] {processor.py:641} INFO - Processing file /home/airflow/.local/lib/python3.7/site-packages/airflow/example_dags/example_branch_datetime_operator.py for tasks to queue
[2022-08-15 03:04:13,244] {logging_mixin.py:115} INFO - [2022-08-15 03:04:13,244] {dagbag.py:508} INFO - Filling up the DagBag from /home/airflow/.local/lib/python3.7/site-packages/airflow/example_dags/example_branch_datetime_operator.py
[2022-08-15 03:04:13,286] {processor.py:651} INFO - DAG(s) dict_keys(['example_branch_datetime_operator', 'example_branch_datetime_operator_2']) retrieved from /home/airflow/.local/lib/python3.7/site-packages/airflow/example_dags/example_branch_datetime_operator.py
[2022-08-15 03:04:13,424] {logging_mixin.py:115} INFO - [2022-08-15 03:04:13,424] {dag.py:2420} INFO - Sync 2 DAGs
[2022-08-15 03:04:13,517] {logging_mixin.py:115} INFO - [2022-08-15 03:04:13,517] {dag.py:2972} INFO - Setting next_dagrun for example_branch_datetime_operator to 2022-08-14T00:00:00+00:00, run_after=2022-08-15T00:00:00+00:00
[2022-08-15 03:04:13,524] {logging_mixin.py:115} INFO - [2022-08-15 03:04:13,524] {dag.py:2972} INFO - Setting next_dagrun for example_branch_datetime_operator_2 to 2022-08-14T00:00:00+00:00, run_after=2022-08-15T00:00:00+00:00
[2022-08-15 03:04:13,551] {processor.py:161} INFO - Processing /home/airflow/.local/lib/python3.7/site-packages/airflow/example_dags/example_branch_datetime_operator.py took 0.325 seconds
[2022-08-15 03:04:44,029] {processor.py:153} INFO - Started process (PID=3214) to work on /home/airflow/.local/lib/python3.7/site-packages/airflow/example_dags/example_branch_datetime_operator.py
[2022-08-15 03:04:44,031] {processor.py:641} INFO - Processing file /home/airflow/.local/lib/python3.7/site-packages/airflow/example_dags/example_branch_datetime_operator.py for tasks to queue
[2022-08-15 03:04:44,034] {logging_mixin.py:115} INFO - [2022-08-15 03:04:44,033] {dagbag.py:508} INFO - Filling up the DagBag from /home/airflow/.local/lib/python3.7/site-packages/airflow/example_dags/example_branch_datetime_operator.py
[2022-08-15 03:04:44,058] {processor.py:651} INFO - DAG(s) dict_keys(['example_branch_datetime_operator', 'example_branch_datetime_operator_2']) retrieved from /home/airflow/.local/lib/python3.7/site-packages/airflow/example_dags/example_branch_datetime_operator.py
[2022-08-15 03:04:44,109] {logging_mixin.py:115} INFO - [2022-08-15 03:04:44,109] {dag.py:2420} INFO - Sync 2 DAGs
[2022-08-15 03:04:44,175] {logging_mixin.py:115} INFO - [2022-08-15 03:04:44,175] {dag.py:2972} INFO - Setting next_dagrun for example_branch_datetime_operator to 2022-08-14T00:00:00+00:00, run_after=2022-08-15T00:00:00+00:00
[2022-08-15 03:04:44,179] {logging_mixin.py:115} INFO - [2022-08-15 03:04:44,179] {dag.py:2972} INFO - Setting next_dagrun for example_branch_datetime_operator_2 to 2022-08-14T00:00:00+00:00, run_after=2022-08-15T00:00:00+00:00
[2022-08-15 03:04:44,208] {processor.py:161} INFO - Processing /home/airflow/.local/lib/python3.7/site-packages/airflow/example_dags/example_branch_datetime_operator.py took 0.186 seconds
[2022-08-15 03:05:14,710] {processor.py:153} INFO - Started process (PID=3269) to work on /home/airflow/.local/lib/python3.7/site-packages/airflow/example_dags/example_branch_datetime_operator.py
[2022-08-15 03:05:14,711] {processor.py:641} INFO - Processing file /home/airflow/.local/lib/python3.7/site-packages/airflow/example_dags/example_branch_datetime_operator.py for tasks to queue
[2022-08-15 03:05:14,715] {logging_mixin.py:115} INFO - [2022-08-15 03:05:14,714] {dagbag.py:508} INFO - Filling up the DagBag from /home/airflow/.local/lib/python3.7/site-packages/airflow/example_dags/example_branch_datetime_operator.py
[2022-08-15 03:05:14,770] {processor.py:651} INFO - DAG(s) dict_keys(['example_branch_datetime_operator', 'example_branch_datetime_operator_2']) retrieved from /home/airflow/.local/lib/python3.7/site-packages/airflow/example_dags/example_branch_datetime_operator.py
[2022-08-15 03:05:14,900] {logging_mixin.py:115} INFO - [2022-08-15 03:05:14,900] {dag.py:2420} INFO - Sync 2 DAGs
[2022-08-15 03:05:14,985] {logging_mixin.py:115} INFO - [2022-08-15 03:05:14,985] {dag.py:2972} INFO - Setting next_dagrun for example_branch_datetime_operator to 2022-08-14T00:00:00+00:00, run_after=2022-08-15T00:00:00+00:00
[2022-08-15 03:05:14,990] {logging_mixin.py:115} INFO - [2022-08-15 03:05:14,990] {dag.py:2972} INFO - Setting next_dagrun for example_branch_datetime_operator_2 to 2022-08-14T00:00:00+00:00, run_after=2022-08-15T00:00:00+00:00
[2022-08-15 03:05:15,012] {processor.py:161} INFO - Processing /home/airflow/.local/lib/python3.7/site-packages/airflow/example_dags/example_branch_datetime_operator.py took 0.312 seconds
[2022-08-15 03:05:45,627] {processor.py:153} INFO - Started process (PID=3335) to work on /home/airflow/.local/lib/python3.7/site-packages/airflow/example_dags/example_branch_datetime_operator.py
[2022-08-15 03:05:45,637] {processor.py:641} INFO - Processing file /home/airflow/.local/lib/python3.7/site-packages/airflow/example_dags/example_branch_datetime_operator.py for tasks to queue
[2022-08-15 03:05:45,640] {logging_mixin.py:115} INFO - [2022-08-15 03:05:45,640] {dagbag.py:508} INFO - Filling up the DagBag from /home/airflow/.local/lib/python3.7/site-packages/airflow/example_dags/example_branch_datetime_operator.py
[2022-08-15 03:05:45,671] {processor.py:651} INFO - DAG(s) dict_keys(['example_branch_datetime_operator', 'example_branch_datetime_operator_2']) retrieved from /home/airflow/.local/lib/python3.7/site-packages/airflow/example_dags/example_branch_datetime_operator.py
[2022-08-15 03:05:45,730] {logging_mixin.py:115} INFO - [2022-08-15 03:05:45,730] {dag.py:2420} INFO - Sync 2 DAGs
[2022-08-15 03:05:45,791] {logging_mixin.py:115} INFO - [2022-08-15 03:05:45,791] {dag.py:2972} INFO - Setting next_dagrun for example_branch_datetime_operator to 2022-08-14T00:00:00+00:00, run_after=2022-08-15T00:00:00+00:00
[2022-08-15 03:05:45,802] {logging_mixin.py:115} INFO - [2022-08-15 03:05:45,802] {dag.py:2972} INFO - Setting next_dagrun for example_branch_datetime_operator_2 to 2022-08-14T00:00:00+00:00, run_after=2022-08-15T00:00:00+00:00
[2022-08-15 03:05:45,837] {processor.py:161} INFO - Processing /home/airflow/.local/lib/python3.7/site-packages/airflow/example_dags/example_branch_datetime_operator.py took 0.219 seconds
[2022-08-15 03:06:15,986] {processor.py:153} INFO - Started process (PID=3389) to work on /home/airflow/.local/lib/python3.7/site-packages/airflow/example_dags/example_branch_datetime_operator.py
[2022-08-15 03:06:15,988] {processor.py:641} INFO - Processing file /home/airflow/.local/lib/python3.7/site-packages/airflow/example_dags/example_branch_datetime_operator.py for tasks to queue
[2022-08-15 03:06:15,990] {logging_mixin.py:115} INFO - [2022-08-15 03:06:15,990] {dagbag.py:508} INFO - Filling up the DagBag from /home/airflow/.local/lib/python3.7/site-packages/airflow/example_dags/example_branch_datetime_operator.py
[2022-08-15 03:06:16,012] {processor.py:651} INFO - DAG(s) dict_keys(['example_branch_datetime_operator', 'example_branch_datetime_operator_2']) retrieved from /home/airflow/.local/lib/python3.7/site-packages/airflow/example_dags/example_branch_datetime_operator.py
[2022-08-15 03:06:16,066] {logging_mixin.py:115} INFO - [2022-08-15 03:06:16,066] {dag.py:2420} INFO - Sync 2 DAGs
[2022-08-15 03:06:16,108] {logging_mixin.py:115} INFO - [2022-08-15 03:06:16,108] {dag.py:2972} INFO - Setting next_dagrun for example_branch_datetime_operator to 2022-08-14T00:00:00+00:00, run_after=2022-08-15T00:00:00+00:00
[2022-08-15 03:06:16,114] {logging_mixin.py:115} INFO - [2022-08-15 03:06:16,114] {dag.py:2972} INFO - Setting next_dagrun for example_branch_datetime_operator_2 to 2022-08-14T00:00:00+00:00, run_after=2022-08-15T00:00:00+00:00
[2022-08-15 03:06:16,140] {processor.py:161} INFO - Processing /home/airflow/.local/lib/python3.7/site-packages/airflow/example_dags/example_branch_datetime_operator.py took 0.162 seconds
[2022-08-15 03:06:46,694] {processor.py:153} INFO - Started process (PID=3449) to work on /home/airflow/.local/lib/python3.7/site-packages/airflow/example_dags/example_branch_datetime_operator.py
[2022-08-15 03:06:46,697] {processor.py:641} INFO - Processing file /home/airflow/.local/lib/python3.7/site-packages/airflow/example_dags/example_branch_datetime_operator.py for tasks to queue
[2022-08-15 03:06:46,709] {logging_mixin.py:115} INFO - [2022-08-15 03:06:46,709] {dagbag.py:508} INFO - Filling up the DagBag from /home/airflow/.local/lib/python3.7/site-packages/airflow/example_dags/example_branch_datetime_operator.py
[2022-08-15 03:06:46,764] {processor.py:651} INFO - DAG(s) dict_keys(['example_branch_datetime_operator', 'example_branch_datetime_operator_2']) retrieved from /home/airflow/.local/lib/python3.7/site-packages/airflow/example_dags/example_branch_datetime_operator.py
[2022-08-15 03:06:46,830] {logging_mixin.py:115} INFO - [2022-08-15 03:06:46,830] {dag.py:2420} INFO - Sync 2 DAGs
[2022-08-15 03:06:46,939] {logging_mixin.py:115} INFO - [2022-08-15 03:06:46,938] {dag.py:2972} INFO - Setting next_dagrun for example_branch_datetime_operator to 2022-08-14T00:00:00+00:00, run_after=2022-08-15T00:00:00+00:00
[2022-08-15 03:06:46,960] {logging_mixin.py:115} INFO - [2022-08-15 03:06:46,960] {dag.py:2972} INFO - Setting next_dagrun for example_branch_datetime_operator_2 to 2022-08-14T00:00:00+00:00, run_after=2022-08-15T00:00:00+00:00
[2022-08-15 03:06:47,024] {processor.py:161} INFO - Processing /home/airflow/.local/lib/python3.7/site-packages/airflow/example_dags/example_branch_datetime_operator.py took 0.349 seconds
[2022-08-15 03:07:17,645] {processor.py:153} INFO - Started process (PID=3506) to work on /home/airflow/.local/lib/python3.7/site-packages/airflow/example_dags/example_branch_datetime_operator.py
[2022-08-15 03:07:17,647] {processor.py:641} INFO - Processing file /home/airflow/.local/lib/python3.7/site-packages/airflow/example_dags/example_branch_datetime_operator.py for tasks to queue
[2022-08-15 03:07:17,650] {logging_mixin.py:115} INFO - [2022-08-15 03:07:17,649] {dagbag.py:508} INFO - Filling up the DagBag from /home/airflow/.local/lib/python3.7/site-packages/airflow/example_dags/example_branch_datetime_operator.py
[2022-08-15 03:07:17,675] {processor.py:651} INFO - DAG(s) dict_keys(['example_branch_datetime_operator', 'example_branch_datetime_operator_2']) retrieved from /home/airflow/.local/lib/python3.7/site-packages/airflow/example_dags/example_branch_datetime_operator.py
[2022-08-15 03:07:17,732] {logging_mixin.py:115} INFO - [2022-08-15 03:07:17,732] {dag.py:2420} INFO - Sync 2 DAGs
[2022-08-15 03:07:17,782] {logging_mixin.py:115} INFO - [2022-08-15 03:07:17,782] {dag.py:2972} INFO - Setting next_dagrun for example_branch_datetime_operator to 2022-08-14T00:00:00+00:00, run_after=2022-08-15T00:00:00+00:00
[2022-08-15 03:07:17,788] {logging_mixin.py:115} INFO - [2022-08-15 03:07:17,787] {dag.py:2972} INFO - Setting next_dagrun for example_branch_datetime_operator_2 to 2022-08-14T00:00:00+00:00, run_after=2022-08-15T00:00:00+00:00
[2022-08-15 03:07:17,812] {processor.py:161} INFO - Processing /home/airflow/.local/lib/python3.7/site-packages/airflow/example_dags/example_branch_datetime_operator.py took 0.176 seconds
[2022-08-15 03:07:48,112] {processor.py:153} INFO - Started process (PID=3561) to work on /home/airflow/.local/lib/python3.7/site-packages/airflow/example_dags/example_branch_datetime_operator.py
[2022-08-15 03:07:48,160] {processor.py:641} INFO - Processing file /home/airflow/.local/lib/python3.7/site-packages/airflow/example_dags/example_branch_datetime_operator.py for tasks to queue
[2022-08-15 03:07:48,177] {logging_mixin.py:115} INFO - [2022-08-15 03:07:48,177] {dagbag.py:508} INFO - Filling up the DagBag from /home/airflow/.local/lib/python3.7/site-packages/airflow/example_dags/example_branch_datetime_operator.py
[2022-08-15 03:07:48,475] {processor.py:651} INFO - DAG(s) dict_keys(['example_branch_datetime_operator', 'example_branch_datetime_operator_2']) retrieved from /home/airflow/.local/lib/python3.7/site-packages/airflow/example_dags/example_branch_datetime_operator.py
[2022-08-15 03:07:48,737] {logging_mixin.py:115} INFO - [2022-08-15 03:07:48,737] {dag.py:2420} INFO - Sync 2 DAGs
[2022-08-15 03:07:48,873] {logging_mixin.py:115} INFO - [2022-08-15 03:07:48,873] {dag.py:2972} INFO - Setting next_dagrun for example_branch_datetime_operator to 2022-08-14T00:00:00+00:00, run_after=2022-08-15T00:00:00+00:00
[2022-08-15 03:07:48,905] {logging_mixin.py:115} INFO - [2022-08-15 03:07:48,904] {dag.py:2972} INFO - Setting next_dagrun for example_branch_datetime_operator_2 to 2022-08-14T00:00:00+00:00, run_after=2022-08-15T00:00:00+00:00
[2022-08-15 03:07:48,955] {processor.py:161} INFO - Processing /home/airflow/.local/lib/python3.7/site-packages/airflow/example_dags/example_branch_datetime_operator.py took 0.874 seconds
[2022-08-15 03:08:19,939] {processor.py:153} INFO - Started process (PID=3614) to work on /home/airflow/.local/lib/python3.7/site-packages/airflow/example_dags/example_branch_datetime_operator.py
[2022-08-15 03:08:19,943] {processor.py:641} INFO - Processing file /home/airflow/.local/lib/python3.7/site-packages/airflow/example_dags/example_branch_datetime_operator.py for tasks to queue
[2022-08-15 03:08:19,945] {logging_mixin.py:115} INFO - [2022-08-15 03:08:19,945] {dagbag.py:508} INFO - Filling up the DagBag from /home/airflow/.local/lib/python3.7/site-packages/airflow/example_dags/example_branch_datetime_operator.py
[2022-08-15 03:08:20,003] {processor.py:651} INFO - DAG(s) dict_keys(['example_branch_datetime_operator', 'example_branch_datetime_operator_2']) retrieved from /home/airflow/.local/lib/python3.7/site-packages/airflow/example_dags/example_branch_datetime_operator.py
[2022-08-15 03:08:20,287] {logging_mixin.py:115} INFO - [2022-08-15 03:08:20,286] {dag.py:2420} INFO - Sync 2 DAGs
[2022-08-15 03:08:20,371] {logging_mixin.py:115} INFO - [2022-08-15 03:08:20,371] {dag.py:2972} INFO - Setting next_dagrun for example_branch_datetime_operator to 2022-08-14T00:00:00+00:00, run_after=2022-08-15T00:00:00+00:00
[2022-08-15 03:08:20,381] {logging_mixin.py:115} INFO - [2022-08-15 03:08:20,381] {dag.py:2972} INFO - Setting next_dagrun for example_branch_datetime_operator_2 to 2022-08-14T00:00:00+00:00, run_after=2022-08-15T00:00:00+00:00
[2022-08-15 03:08:20,413] {processor.py:161} INFO - Processing /home/airflow/.local/lib/python3.7/site-packages/airflow/example_dags/example_branch_datetime_operator.py took 0.500 seconds
[2022-08-15 03:08:51,007] {processor.py:153} INFO - Started process (PID=3676) to work on /home/airflow/.local/lib/python3.7/site-packages/airflow/example_dags/example_branch_datetime_operator.py
[2022-08-15 03:08:51,010] {processor.py:641} INFO - Processing file /home/airflow/.local/lib/python3.7/site-packages/airflow/example_dags/example_branch_datetime_operator.py for tasks to queue
[2022-08-15 03:08:51,012] {logging_mixin.py:115} INFO - [2022-08-15 03:08:51,012] {dagbag.py:508} INFO - Filling up the DagBag from /home/airflow/.local/lib/python3.7/site-packages/airflow/example_dags/example_branch_datetime_operator.py
[2022-08-15 03:08:51,062] {processor.py:651} INFO - DAG(s) dict_keys(['example_branch_datetime_operator', 'example_branch_datetime_operator_2']) retrieved from /home/airflow/.local/lib/python3.7/site-packages/airflow/example_dags/example_branch_datetime_operator.py
[2022-08-15 03:08:51,164] {logging_mixin.py:115} INFO - [2022-08-15 03:08:51,163] {dag.py:2420} INFO - Sync 2 DAGs
[2022-08-15 03:08:51,248] {logging_mixin.py:115} INFO - [2022-08-15 03:08:51,248] {dag.py:2972} INFO - Setting next_dagrun for example_branch_datetime_operator to 2022-08-14T00:00:00+00:00, run_after=2022-08-15T00:00:00+00:00
[2022-08-15 03:08:51,255] {logging_mixin.py:115} INFO - [2022-08-15 03:08:51,255] {dag.py:2972} INFO - Setting next_dagrun for example_branch_datetime_operator_2 to 2022-08-14T00:00:00+00:00, run_after=2022-08-15T00:00:00+00:00
[2022-08-15 03:08:51,306] {processor.py:161} INFO - Processing /home/airflow/.local/lib/python3.7/site-packages/airflow/example_dags/example_branch_datetime_operator.py took 0.320 seconds
[2022-08-15 03:09:22,008] {processor.py:153} INFO - Started process (PID=3729) to work on /home/airflow/.local/lib/python3.7/site-packages/airflow/example_dags/example_branch_datetime_operator.py
[2022-08-15 03:09:22,010] {processor.py:641} INFO - Processing file /home/airflow/.local/lib/python3.7/site-packages/airflow/example_dags/example_branch_datetime_operator.py for tasks to queue
[2022-08-15 03:09:22,012] {logging_mixin.py:115} INFO - [2022-08-15 03:09:22,012] {dagbag.py:508} INFO - Filling up the DagBag from /home/airflow/.local/lib/python3.7/site-packages/airflow/example_dags/example_branch_datetime_operator.py
[2022-08-15 03:09:22,057] {processor.py:651} INFO - DAG(s) dict_keys(['example_branch_datetime_operator', 'example_branch_datetime_operator_2']) retrieved from /home/airflow/.local/lib/python3.7/site-packages/airflow/example_dags/example_branch_datetime_operator.py
[2022-08-15 03:09:22,180] {logging_mixin.py:115} INFO - [2022-08-15 03:09:22,179] {dag.py:2420} INFO - Sync 2 DAGs
[2022-08-15 03:09:22,264] {logging_mixin.py:115} INFO - [2022-08-15 03:09:22,264] {dag.py:2972} INFO - Setting next_dagrun for example_branch_datetime_operator to 2022-08-14T00:00:00+00:00, run_after=2022-08-15T00:00:00+00:00
[2022-08-15 03:09:22,274] {logging_mixin.py:115} INFO - [2022-08-15 03:09:22,274] {dag.py:2972} INFO - Setting next_dagrun for example_branch_datetime_operator_2 to 2022-08-14T00:00:00+00:00, run_after=2022-08-15T00:00:00+00:00
[2022-08-15 03:09:22,328] {processor.py:161} INFO - Processing /home/airflow/.local/lib/python3.7/site-packages/airflow/example_dags/example_branch_datetime_operator.py took 0.329 seconds
[2022-08-15 03:09:53,147] {processor.py:153} INFO - Started process (PID=3783) to work on /home/airflow/.local/lib/python3.7/site-packages/airflow/example_dags/example_branch_datetime_operator.py
[2022-08-15 03:09:53,150] {processor.py:641} INFO - Processing file /home/airflow/.local/lib/python3.7/site-packages/airflow/example_dags/example_branch_datetime_operator.py for tasks to queue
[2022-08-15 03:09:53,154] {logging_mixin.py:115} INFO - [2022-08-15 03:09:53,154] {dagbag.py:508} INFO - Filling up the DagBag from /home/airflow/.local/lib/python3.7/site-packages/airflow/example_dags/example_branch_datetime_operator.py
[2022-08-15 03:09:53,217] {processor.py:651} INFO - DAG(s) dict_keys(['example_branch_datetime_operator', 'example_branch_datetime_operator_2']) retrieved from /home/airflow/.local/lib/python3.7/site-packages/airflow/example_dags/example_branch_datetime_operator.py
[2022-08-15 03:09:53,279] {logging_mixin.py:115} INFO - [2022-08-15 03:09:53,279] {dag.py:2420} INFO - Sync 2 DAGs
[2022-08-15 03:09:53,332] {logging_mixin.py:115} INFO - [2022-08-15 03:09:53,331] {dag.py:2972} INFO - Setting next_dagrun for example_branch_datetime_operator to 2022-08-14T00:00:00+00:00, run_after=2022-08-15T00:00:00+00:00
[2022-08-15 03:09:53,337] {logging_mixin.py:115} INFO - [2022-08-15 03:09:53,337] {dag.py:2972} INFO - Setting next_dagrun for example_branch_datetime_operator_2 to 2022-08-14T00:00:00+00:00, run_after=2022-08-15T00:00:00+00:00
[2022-08-15 03:09:53,390] {processor.py:161} INFO - Processing /home/airflow/.local/lib/python3.7/site-packages/airflow/example_dags/example_branch_datetime_operator.py took 0.256 seconds
[2022-08-15 03:10:24,014] {processor.py:153} INFO - Started process (PID=3850) to work on /home/airflow/.local/lib/python3.7/site-packages/airflow/example_dags/example_branch_datetime_operator.py
[2022-08-15 03:10:24,016] {processor.py:641} INFO - Processing file /home/airflow/.local/lib/python3.7/site-packages/airflow/example_dags/example_branch_datetime_operator.py for tasks to queue
[2022-08-15 03:10:24,021] {logging_mixin.py:115} INFO - [2022-08-15 03:10:24,021] {dagbag.py:508} INFO - Filling up the DagBag from /home/airflow/.local/lib/python3.7/site-packages/airflow/example_dags/example_branch_datetime_operator.py
[2022-08-15 03:10:24,058] {processor.py:651} INFO - DAG(s) dict_keys(['example_branch_datetime_operator', 'example_branch_datetime_operator_2']) retrieved from /home/airflow/.local/lib/python3.7/site-packages/airflow/example_dags/example_branch_datetime_operator.py
[2022-08-15 03:10:24,152] {logging_mixin.py:115} INFO - [2022-08-15 03:10:24,152] {dag.py:2420} INFO - Sync 2 DAGs
[2022-08-15 03:10:24,203] {logging_mixin.py:115} INFO - [2022-08-15 03:10:24,202] {dag.py:2972} INFO - Setting next_dagrun for example_branch_datetime_operator to 2022-08-14T00:00:00+00:00, run_after=2022-08-15T00:00:00+00:00
[2022-08-15 03:10:24,213] {logging_mixin.py:115} INFO - [2022-08-15 03:10:24,213] {dag.py:2972} INFO - Setting next_dagrun for example_branch_datetime_operator_2 to 2022-08-14T00:00:00+00:00, run_after=2022-08-15T00:00:00+00:00
[2022-08-15 03:10:24,262] {processor.py:161} INFO - Processing /home/airflow/.local/lib/python3.7/site-packages/airflow/example_dags/example_branch_datetime_operator.py took 0.252 seconds
[2022-08-15 03:10:55,000] {processor.py:153} INFO - Started process (PID=3903) to work on /home/airflow/.local/lib/python3.7/site-packages/airflow/example_dags/example_branch_datetime_operator.py
[2022-08-15 03:10:55,004] {processor.py:641} INFO - Processing file /home/airflow/.local/lib/python3.7/site-packages/airflow/example_dags/example_branch_datetime_operator.py for tasks to queue
[2022-08-15 03:10:55,007] {logging_mixin.py:115} INFO - [2022-08-15 03:10:55,007] {dagbag.py:508} INFO - Filling up the DagBag from /home/airflow/.local/lib/python3.7/site-packages/airflow/example_dags/example_branch_datetime_operator.py
[2022-08-15 03:10:55,037] {processor.py:651} INFO - DAG(s) dict_keys(['example_branch_datetime_operator', 'example_branch_datetime_operator_2']) retrieved from /home/airflow/.local/lib/python3.7/site-packages/airflow/example_dags/example_branch_datetime_operator.py
[2022-08-15 03:10:55,111] {logging_mixin.py:115} INFO - [2022-08-15 03:10:55,111] {dag.py:2420} INFO - Sync 2 DAGs
[2022-08-15 03:10:55,166] {logging_mixin.py:115} INFO - [2022-08-15 03:10:55,166] {dag.py:2972} INFO - Setting next_dagrun for example_branch_datetime_operator to 2022-08-14T00:00:00+00:00, run_after=2022-08-15T00:00:00+00:00
[2022-08-15 03:10:55,172] {logging_mixin.py:115} INFO - [2022-08-15 03:10:55,171] {dag.py:2972} INFO - Setting next_dagrun for example_branch_datetime_operator_2 to 2022-08-14T00:00:00+00:00, run_after=2022-08-15T00:00:00+00:00
[2022-08-15 03:10:55,197] {processor.py:161} INFO - Processing /home/airflow/.local/lib/python3.7/site-packages/airflow/example_dags/example_branch_datetime_operator.py took 0.207 seconds
[2022-08-15 03:11:25,633] {processor.py:153} INFO - Started process (PID=3955) to work on /home/airflow/.local/lib/python3.7/site-packages/airflow/example_dags/example_branch_datetime_operator.py
[2022-08-15 03:11:25,635] {processor.py:641} INFO - Processing file /home/airflow/.local/lib/python3.7/site-packages/airflow/example_dags/example_branch_datetime_operator.py for tasks to queue
[2022-08-15 03:11:25,639] {logging_mixin.py:115} INFO - [2022-08-15 03:11:25,638] {dagbag.py:508} INFO - Filling up the DagBag from /home/airflow/.local/lib/python3.7/site-packages/airflow/example_dags/example_branch_datetime_operator.py
[2022-08-15 03:11:25,672] {processor.py:651} INFO - DAG(s) dict_keys(['example_branch_datetime_operator', 'example_branch_datetime_operator_2']) retrieved from /home/airflow/.local/lib/python3.7/site-packages/airflow/example_dags/example_branch_datetime_operator.py
[2022-08-15 03:11:25,865] {logging_mixin.py:115} INFO - [2022-08-15 03:11:25,865] {dag.py:2420} INFO - Sync 2 DAGs
[2022-08-15 03:11:25,919] {logging_mixin.py:115} INFO - [2022-08-15 03:11:25,919] {dag.py:2972} INFO - Setting next_dagrun for example_branch_datetime_operator to 2022-08-14T00:00:00+00:00, run_after=2022-08-15T00:00:00+00:00
[2022-08-15 03:11:25,925] {logging_mixin.py:115} INFO - [2022-08-15 03:11:25,925] {dag.py:2972} INFO - Setting next_dagrun for example_branch_datetime_operator_2 to 2022-08-14T00:00:00+00:00, run_after=2022-08-15T00:00:00+00:00
[2022-08-15 03:11:25,950] {processor.py:161} INFO - Processing /home/airflow/.local/lib/python3.7/site-packages/airflow/example_dags/example_branch_datetime_operator.py took 0.330 seconds
[2022-08-15 03:11:56,591] {processor.py:153} INFO - Started process (PID=4009) to work on /home/airflow/.local/lib/python3.7/site-packages/airflow/example_dags/example_branch_datetime_operator.py
[2022-08-15 03:11:56,612] {processor.py:641} INFO - Processing file /home/airflow/.local/lib/python3.7/site-packages/airflow/example_dags/example_branch_datetime_operator.py for tasks to queue
[2022-08-15 03:11:56,615] {logging_mixin.py:115} INFO - [2022-08-15 03:11:56,615] {dagbag.py:508} INFO - Filling up the DagBag from /home/airflow/.local/lib/python3.7/site-packages/airflow/example_dags/example_branch_datetime_operator.py
[2022-08-15 03:11:56,686] {processor.py:651} INFO - DAG(s) dict_keys(['example_branch_datetime_operator', 'example_branch_datetime_operator_2']) retrieved from /home/airflow/.local/lib/python3.7/site-packages/airflow/example_dags/example_branch_datetime_operator.py
[2022-08-15 03:11:56,898] {logging_mixin.py:115} INFO - [2022-08-15 03:11:56,897] {dag.py:2420} INFO - Sync 2 DAGs
[2022-08-15 03:11:57,018] {logging_mixin.py:115} INFO - [2022-08-15 03:11:57,018] {dag.py:2972} INFO - Setting next_dagrun for example_branch_datetime_operator to 2022-08-14T00:00:00+00:00, run_after=2022-08-15T00:00:00+00:00
[2022-08-15 03:11:57,035] {logging_mixin.py:115} INFO - [2022-08-15 03:11:57,035] {dag.py:2972} INFO - Setting next_dagrun for example_branch_datetime_operator_2 to 2022-08-14T00:00:00+00:00, run_after=2022-08-15T00:00:00+00:00
[2022-08-15 03:11:57,065] {processor.py:161} INFO - Processing /home/airflow/.local/lib/python3.7/site-packages/airflow/example_dags/example_branch_datetime_operator.py took 0.500 seconds
[2022-08-15 03:12:27,656] {processor.py:153} INFO - Started process (PID=4074) to work on /home/airflow/.local/lib/python3.7/site-packages/airflow/example_dags/example_branch_datetime_operator.py
[2022-08-15 03:12:27,659] {processor.py:641} INFO - Processing file /home/airflow/.local/lib/python3.7/site-packages/airflow/example_dags/example_branch_datetime_operator.py for tasks to queue
[2022-08-15 03:12:27,663] {logging_mixin.py:115} INFO - [2022-08-15 03:12:27,663] {dagbag.py:508} INFO - Filling up the DagBag from /home/airflow/.local/lib/python3.7/site-packages/airflow/example_dags/example_branch_datetime_operator.py
[2022-08-15 03:12:27,721] {processor.py:651} INFO - DAG(s) dict_keys(['example_branch_datetime_operator', 'example_branch_datetime_operator_2']) retrieved from /home/airflow/.local/lib/python3.7/site-packages/airflow/example_dags/example_branch_datetime_operator.py
[2022-08-15 03:12:27,834] {logging_mixin.py:115} INFO - [2022-08-15 03:12:27,834] {dag.py:2420} INFO - Sync 2 DAGs
[2022-08-15 03:12:27,927] {logging_mixin.py:115} INFO - [2022-08-15 03:12:27,926] {dag.py:2972} INFO - Setting next_dagrun for example_branch_datetime_operator to 2022-08-14T00:00:00+00:00, run_after=2022-08-15T00:00:00+00:00
[2022-08-15 03:12:27,931] {logging_mixin.py:115} INFO - [2022-08-15 03:12:27,931] {dag.py:2972} INFO - Setting next_dagrun for example_branch_datetime_operator_2 to 2022-08-14T00:00:00+00:00, run_after=2022-08-15T00:00:00+00:00
[2022-08-15 03:12:27,960] {processor.py:161} INFO - Processing /home/airflow/.local/lib/python3.7/site-packages/airflow/example_dags/example_branch_datetime_operator.py took 0.318 seconds
[2022-08-15 03:12:58,993] {processor.py:153} INFO - Started process (PID=4127) to work on /home/airflow/.local/lib/python3.7/site-packages/airflow/example_dags/example_branch_datetime_operator.py
[2022-08-15 03:12:59,015] {processor.py:641} INFO - Processing file /home/airflow/.local/lib/python3.7/site-packages/airflow/example_dags/example_branch_datetime_operator.py for tasks to queue
[2022-08-15 03:12:59,033] {logging_mixin.py:115} INFO - [2022-08-15 03:12:59,033] {dagbag.py:508} INFO - Filling up the DagBag from /home/airflow/.local/lib/python3.7/site-packages/airflow/example_dags/example_branch_datetime_operator.py
[2022-08-15 03:12:59,126] {processor.py:651} INFO - DAG(s) dict_keys(['example_branch_datetime_operator', 'example_branch_datetime_operator_2']) retrieved from /home/airflow/.local/lib/python3.7/site-packages/airflow/example_dags/example_branch_datetime_operator.py
[2022-08-15 03:12:59,236] {logging_mixin.py:115} INFO - [2022-08-15 03:12:59,236] {dag.py:2420} INFO - Sync 2 DAGs
[2022-08-15 03:12:59,343] {logging_mixin.py:115} INFO - [2022-08-15 03:12:59,343] {dag.py:2972} INFO - Setting next_dagrun for example_branch_datetime_operator to 2022-08-14T00:00:00+00:00, run_after=2022-08-15T00:00:00+00:00
[2022-08-15 03:12:59,359] {logging_mixin.py:115} INFO - [2022-08-15 03:12:59,356] {dag.py:2972} INFO - Setting next_dagrun for example_branch_datetime_operator_2 to 2022-08-14T00:00:00+00:00, run_after=2022-08-15T00:00:00+00:00
[2022-08-15 03:12:59,407] {processor.py:161} INFO - Processing /home/airflow/.local/lib/python3.7/site-packages/airflow/example_dags/example_branch_datetime_operator.py took 0.433 seconds
[2022-08-15 03:13:30,306] {processor.py:153} INFO - Started process (PID=4191) to work on /home/airflow/.local/lib/python3.7/site-packages/airflow/example_dags/example_branch_datetime_operator.py
[2022-08-15 03:13:30,315] {processor.py:641} INFO - Processing file /home/airflow/.local/lib/python3.7/site-packages/airflow/example_dags/example_branch_datetime_operator.py for tasks to queue
[2022-08-15 03:13:30,317] {logging_mixin.py:115} INFO - [2022-08-15 03:13:30,317] {dagbag.py:508} INFO - Filling up the DagBag from /home/airflow/.local/lib/python3.7/site-packages/airflow/example_dags/example_branch_datetime_operator.py
[2022-08-15 03:13:30,375] {processor.py:651} INFO - DAG(s) dict_keys(['example_branch_datetime_operator', 'example_branch_datetime_operator_2']) retrieved from /home/airflow/.local/lib/python3.7/site-packages/airflow/example_dags/example_branch_datetime_operator.py
[2022-08-15 03:13:30,517] {logging_mixin.py:115} INFO - [2022-08-15 03:13:30,517] {dag.py:2420} INFO - Sync 2 DAGs
[2022-08-15 03:13:30,642] {logging_mixin.py:115} INFO - [2022-08-15 03:13:30,642] {dag.py:2972} INFO - Setting next_dagrun for example_branch_datetime_operator to 2022-08-14T00:00:00+00:00, run_after=2022-08-15T00:00:00+00:00
[2022-08-15 03:13:30,650] {logging_mixin.py:115} INFO - [2022-08-15 03:13:30,650] {dag.py:2972} INFO - Setting next_dagrun for example_branch_datetime_operator_2 to 2022-08-14T00:00:00+00:00, run_after=2022-08-15T00:00:00+00:00
[2022-08-15 03:13:30,733] {processor.py:161} INFO - Processing /home/airflow/.local/lib/python3.7/site-packages/airflow/example_dags/example_branch_datetime_operator.py took 0.448 seconds
[2022-08-15 03:14:00,909] {processor.py:153} INFO - Started process (PID=4246) to work on /home/airflow/.local/lib/python3.7/site-packages/airflow/example_dags/example_branch_datetime_operator.py
[2022-08-15 03:14:00,910] {processor.py:641} INFO - Processing file /home/airflow/.local/lib/python3.7/site-packages/airflow/example_dags/example_branch_datetime_operator.py for tasks to queue
[2022-08-15 03:14:00,913] {logging_mixin.py:115} INFO - [2022-08-15 03:14:00,913] {dagbag.py:508} INFO - Filling up the DagBag from /home/airflow/.local/lib/python3.7/site-packages/airflow/example_dags/example_branch_datetime_operator.py
[2022-08-15 03:14:01,013] {processor.py:651} INFO - DAG(s) dict_keys(['example_branch_datetime_operator', 'example_branch_datetime_operator_2']) retrieved from /home/airflow/.local/lib/python3.7/site-packages/airflow/example_dags/example_branch_datetime_operator.py
[2022-08-15 03:14:01,178] {logging_mixin.py:115} INFO - [2022-08-15 03:14:01,178] {dag.py:2420} INFO - Sync 2 DAGs
[2022-08-15 03:14:01,306] {logging_mixin.py:115} INFO - [2022-08-15 03:14:01,306] {dag.py:2972} INFO - Setting next_dagrun for example_branch_datetime_operator to 2022-08-14T00:00:00+00:00, run_after=2022-08-15T00:00:00+00:00
[2022-08-15 03:14:01,319] {logging_mixin.py:115} INFO - [2022-08-15 03:14:01,319] {dag.py:2972} INFO - Setting next_dagrun for example_branch_datetime_operator_2 to 2022-08-14T00:00:00+00:00, run_after=2022-08-15T00:00:00+00:00
[2022-08-15 03:14:01,388] {processor.py:161} INFO - Processing /home/airflow/.local/lib/python3.7/site-packages/airflow/example_dags/example_branch_datetime_operator.py took 0.489 seconds
[2022-08-15 03:14:31,561] {processor.py:153} INFO - Started process (PID=4303) to work on /home/airflow/.local/lib/python3.7/site-packages/airflow/example_dags/example_branch_datetime_operator.py
[2022-08-15 03:14:31,565] {processor.py:641} INFO - Processing file /home/airflow/.local/lib/python3.7/site-packages/airflow/example_dags/example_branch_datetime_operator.py for tasks to queue
[2022-08-15 03:14:31,574] {logging_mixin.py:115} INFO - [2022-08-15 03:14:31,574] {dagbag.py:508} INFO - Filling up the DagBag from /home/airflow/.local/lib/python3.7/site-packages/airflow/example_dags/example_branch_datetime_operator.py
[2022-08-15 03:14:31,618] {processor.py:651} INFO - DAG(s) dict_keys(['example_branch_datetime_operator', 'example_branch_datetime_operator_2']) retrieved from /home/airflow/.local/lib/python3.7/site-packages/airflow/example_dags/example_branch_datetime_operator.py
[2022-08-15 03:14:31,678] {logging_mixin.py:115} INFO - [2022-08-15 03:14:31,678] {dag.py:2420} INFO - Sync 2 DAGs
[2022-08-15 03:14:31,723] {logging_mixin.py:115} INFO - [2022-08-15 03:14:31,723] {dag.py:2972} INFO - Setting next_dagrun for example_branch_datetime_operator to 2022-08-14T00:00:00+00:00, run_after=2022-08-15T00:00:00+00:00
[2022-08-15 03:14:31,728] {logging_mixin.py:115} INFO - [2022-08-15 03:14:31,727] {dag.py:2972} INFO - Setting next_dagrun for example_branch_datetime_operator_2 to 2022-08-14T00:00:00+00:00, run_after=2022-08-15T00:00:00+00:00
[2022-08-15 03:14:31,762] {processor.py:161} INFO - Processing /home/airflow/.local/lib/python3.7/site-packages/airflow/example_dags/example_branch_datetime_operator.py took 0.213 seconds
