[2022-08-15 02:56:33,786] {processor.py:153} INFO - Started process (PID=2301) to work on /home/airflow/.local/lib/python3.7/site-packages/airflow/example_dags/example_skip_dag.py
[2022-08-15 02:56:33,798] {processor.py:641} INFO - Processing file /home/airflow/.local/lib/python3.7/site-packages/airflow/example_dags/example_skip_dag.py for tasks to queue
[2022-08-15 02:56:33,801] {logging_mixin.py:115} INFO - [2022-08-15 02:56:33,801] {dagbag.py:508} INFO - Filling up the DagBag from /home/airflow/.local/lib/python3.7/site-packages/airflow/example_dags/example_skip_dag.py
[2022-08-15 02:56:33,888] {processor.py:651} INFO - DAG(s) dict_keys(['example_skip_dag']) retrieved from /home/airflow/.local/lib/python3.7/site-packages/airflow/example_dags/example_skip_dag.py
[2022-08-15 02:56:34,244] {logging_mixin.py:115} INFO - [2022-08-15 02:56:34,244] {dag.py:2420} INFO - Sync 1 DAGs
[2022-08-15 02:56:34,544] {logging_mixin.py:115} INFO - [2022-08-15 02:56:34,544] {dag.py:2972} INFO - Setting next_dagrun for example_skip_dag to 2022-08-14T02:56:34.543243+00:00, run_after=2022-08-15T02:56:34.543243+00:00
[2022-08-15 02:56:34,676] {processor.py:161} INFO - Processing /home/airflow/.local/lib/python3.7/site-packages/airflow/example_dags/example_skip_dag.py took 0.913 seconds
[2022-08-15 02:57:05,389] {processor.py:153} INFO - Started process (PID=2360) to work on /home/airflow/.local/lib/python3.7/site-packages/airflow/example_dags/example_skip_dag.py
[2022-08-15 02:57:05,401] {processor.py:641} INFO - Processing file /home/airflow/.local/lib/python3.7/site-packages/airflow/example_dags/example_skip_dag.py for tasks to queue
[2022-08-15 02:57:05,403] {logging_mixin.py:115} INFO - [2022-08-15 02:57:05,403] {dagbag.py:508} INFO - Filling up the DagBag from /home/airflow/.local/lib/python3.7/site-packages/airflow/example_dags/example_skip_dag.py
[2022-08-15 02:57:05,443] {processor.py:651} INFO - DAG(s) dict_keys(['example_skip_dag']) retrieved from /home/airflow/.local/lib/python3.7/site-packages/airflow/example_dags/example_skip_dag.py
[2022-08-15 02:57:05,597] {logging_mixin.py:115} INFO - [2022-08-15 02:57:05,597] {dag.py:2420} INFO - Sync 1 DAGs
[2022-08-15 02:57:05,711] {logging_mixin.py:115} INFO - [2022-08-15 02:57:05,711] {dag.py:2972} INFO - Setting next_dagrun for example_skip_dag to 2022-08-14T02:57:05.711230+00:00, run_after=2022-08-15T02:57:05.711230+00:00
[2022-08-15 02:57:05,822] {processor.py:161} INFO - Processing /home/airflow/.local/lib/python3.7/site-packages/airflow/example_dags/example_skip_dag.py took 0.450 seconds
[2022-08-15 02:57:36,528] {processor.py:153} INFO - Started process (PID=2416) to work on /home/airflow/.local/lib/python3.7/site-packages/airflow/example_dags/example_skip_dag.py
[2022-08-15 02:57:36,532] {processor.py:641} INFO - Processing file /home/airflow/.local/lib/python3.7/site-packages/airflow/example_dags/example_skip_dag.py for tasks to queue
[2022-08-15 02:57:36,535] {logging_mixin.py:115} INFO - [2022-08-15 02:57:36,534] {dagbag.py:508} INFO - Filling up the DagBag from /home/airflow/.local/lib/python3.7/site-packages/airflow/example_dags/example_skip_dag.py
[2022-08-15 02:57:36,557] {processor.py:651} INFO - DAG(s) dict_keys(['example_skip_dag']) retrieved from /home/airflow/.local/lib/python3.7/site-packages/airflow/example_dags/example_skip_dag.py
[2022-08-15 02:57:36,661] {logging_mixin.py:115} INFO - [2022-08-15 02:57:36,661] {dag.py:2420} INFO - Sync 1 DAGs
[2022-08-15 02:57:36,749] {logging_mixin.py:115} INFO - [2022-08-15 02:57:36,749] {dag.py:2972} INFO - Setting next_dagrun for example_skip_dag to 2022-08-14T02:57:36.748796+00:00, run_after=2022-08-15T02:57:36.748796+00:00
[2022-08-15 02:57:36,796] {processor.py:161} INFO - Processing /home/airflow/.local/lib/python3.7/site-packages/airflow/example_dags/example_skip_dag.py took 0.281 seconds
[2022-08-15 02:58:07,602] {processor.py:153} INFO - Started process (PID=2472) to work on /home/airflow/.local/lib/python3.7/site-packages/airflow/example_dags/example_skip_dag.py
[2022-08-15 02:58:07,607] {processor.py:641} INFO - Processing file /home/airflow/.local/lib/python3.7/site-packages/airflow/example_dags/example_skip_dag.py for tasks to queue
[2022-08-15 02:58:07,610] {logging_mixin.py:115} INFO - [2022-08-15 02:58:07,610] {dagbag.py:508} INFO - Filling up the DagBag from /home/airflow/.local/lib/python3.7/site-packages/airflow/example_dags/example_skip_dag.py
[2022-08-15 02:58:07,623] {processor.py:651} INFO - DAG(s) dict_keys(['example_skip_dag']) retrieved from /home/airflow/.local/lib/python3.7/site-packages/airflow/example_dags/example_skip_dag.py
[2022-08-15 02:58:07,676] {logging_mixin.py:115} INFO - [2022-08-15 02:58:07,676] {dag.py:2420} INFO - Sync 1 DAGs
[2022-08-15 02:58:07,733] {logging_mixin.py:115} INFO - [2022-08-15 02:58:07,732] {dag.py:2972} INFO - Setting next_dagrun for example_skip_dag to 2022-08-14T02:58:07.732405+00:00, run_after=2022-08-15T02:58:07.732405+00:00
[2022-08-15 02:58:07,759] {processor.py:161} INFO - Processing /home/airflow/.local/lib/python3.7/site-packages/airflow/example_dags/example_skip_dag.py took 0.163 seconds
[2022-08-15 02:58:38,700] {processor.py:153} INFO - Started process (PID=2534) to work on /home/airflow/.local/lib/python3.7/site-packages/airflow/example_dags/example_skip_dag.py
[2022-08-15 02:58:38,704] {processor.py:641} INFO - Processing file /home/airflow/.local/lib/python3.7/site-packages/airflow/example_dags/example_skip_dag.py for tasks to queue
[2022-08-15 02:58:38,709] {logging_mixin.py:115} INFO - [2022-08-15 02:58:38,708] {dagbag.py:508} INFO - Filling up the DagBag from /home/airflow/.local/lib/python3.7/site-packages/airflow/example_dags/example_skip_dag.py
[2022-08-15 02:58:38,788] {processor.py:651} INFO - DAG(s) dict_keys(['example_skip_dag']) retrieved from /home/airflow/.local/lib/python3.7/site-packages/airflow/example_dags/example_skip_dag.py
[2022-08-15 02:58:38,957] {logging_mixin.py:115} INFO - [2022-08-15 02:58:38,957] {dag.py:2420} INFO - Sync 1 DAGs
[2022-08-15 02:58:39,142] {logging_mixin.py:115} INFO - [2022-08-15 02:58:39,142] {dag.py:2972} INFO - Setting next_dagrun for example_skip_dag to 2022-08-14T02:58:39.142402+00:00, run_after=2022-08-15T02:58:39.142402+00:00
[2022-08-15 02:58:39,191] {processor.py:161} INFO - Processing /home/airflow/.local/lib/python3.7/site-packages/airflow/example_dags/example_skip_dag.py took 0.511 seconds
[2022-08-15 02:59:09,578] {processor.py:153} INFO - Started process (PID=2590) to work on /home/airflow/.local/lib/python3.7/site-packages/airflow/example_dags/example_skip_dag.py
[2022-08-15 02:59:09,582] {processor.py:641} INFO - Processing file /home/airflow/.local/lib/python3.7/site-packages/airflow/example_dags/example_skip_dag.py for tasks to queue
[2022-08-15 02:59:09,585] {logging_mixin.py:115} INFO - [2022-08-15 02:59:09,585] {dagbag.py:508} INFO - Filling up the DagBag from /home/airflow/.local/lib/python3.7/site-packages/airflow/example_dags/example_skip_dag.py
[2022-08-15 02:59:09,597] {processor.py:651} INFO - DAG(s) dict_keys(['example_skip_dag']) retrieved from /home/airflow/.local/lib/python3.7/site-packages/airflow/example_dags/example_skip_dag.py
[2022-08-15 02:59:09,652] {logging_mixin.py:115} INFO - [2022-08-15 02:59:09,651] {dag.py:2420} INFO - Sync 1 DAGs
[2022-08-15 02:59:09,730] {logging_mixin.py:115} INFO - [2022-08-15 02:59:09,729] {dag.py:2972} INFO - Setting next_dagrun for example_skip_dag to 2022-08-14T02:59:09.729394+00:00, run_after=2022-08-15T02:59:09.729394+00:00
[2022-08-15 02:59:09,806] {processor.py:161} INFO - Processing /home/airflow/.local/lib/python3.7/site-packages/airflow/example_dags/example_skip_dag.py took 0.236 seconds
[2022-08-15 02:59:39,931] {processor.py:153} INFO - Started process (PID=2643) to work on /home/airflow/.local/lib/python3.7/site-packages/airflow/example_dags/example_skip_dag.py
[2022-08-15 02:59:39,935] {processor.py:641} INFO - Processing file /home/airflow/.local/lib/python3.7/site-packages/airflow/example_dags/example_skip_dag.py for tasks to queue
[2022-08-15 02:59:39,940] {logging_mixin.py:115} INFO - [2022-08-15 02:59:39,939] {dagbag.py:508} INFO - Filling up the DagBag from /home/airflow/.local/lib/python3.7/site-packages/airflow/example_dags/example_skip_dag.py
[2022-08-15 02:59:39,961] {processor.py:651} INFO - DAG(s) dict_keys(['example_skip_dag']) retrieved from /home/airflow/.local/lib/python3.7/site-packages/airflow/example_dags/example_skip_dag.py
[2022-08-15 02:59:40,048] {logging_mixin.py:115} INFO - [2022-08-15 02:59:40,048] {dag.py:2420} INFO - Sync 1 DAGs
[2022-08-15 02:59:40,143] {logging_mixin.py:115} INFO - [2022-08-15 02:59:40,142] {dag.py:2972} INFO - Setting next_dagrun for example_skip_dag to 2022-08-14T02:59:40.141890+00:00, run_after=2022-08-15T02:59:40.141890+00:00
[2022-08-15 02:59:40,195] {processor.py:161} INFO - Processing /home/airflow/.local/lib/python3.7/site-packages/airflow/example_dags/example_skip_dag.py took 0.273 seconds
[2022-08-15 03:00:11,364] {processor.py:153} INFO - Started process (PID=2707) to work on /home/airflow/.local/lib/python3.7/site-packages/airflow/example_dags/example_skip_dag.py
[2022-08-15 03:00:11,369] {processor.py:641} INFO - Processing file /home/airflow/.local/lib/python3.7/site-packages/airflow/example_dags/example_skip_dag.py for tasks to queue
[2022-08-15 03:00:11,371] {logging_mixin.py:115} INFO - [2022-08-15 03:00:11,371] {dagbag.py:508} INFO - Filling up the DagBag from /home/airflow/.local/lib/python3.7/site-packages/airflow/example_dags/example_skip_dag.py
[2022-08-15 03:00:11,403] {processor.py:651} INFO - DAG(s) dict_keys(['example_skip_dag']) retrieved from /home/airflow/.local/lib/python3.7/site-packages/airflow/example_dags/example_skip_dag.py
[2022-08-15 03:00:11,593] {logging_mixin.py:115} INFO - [2022-08-15 03:00:11,593] {dag.py:2420} INFO - Sync 1 DAGs
[2022-08-15 03:00:11,671] {logging_mixin.py:115} INFO - [2022-08-15 03:00:11,671] {dag.py:2972} INFO - Setting next_dagrun for example_skip_dag to 2022-08-14T03:00:11.670939+00:00, run_after=2022-08-15T03:00:11.670939+00:00
[2022-08-15 03:00:11,706] {processor.py:161} INFO - Processing /home/airflow/.local/lib/python3.7/site-packages/airflow/example_dags/example_skip_dag.py took 0.355 seconds
[2022-08-15 03:00:42,060] {processor.py:153} INFO - Started process (PID=2760) to work on /home/airflow/.local/lib/python3.7/site-packages/airflow/example_dags/example_skip_dag.py
[2022-08-15 03:00:42,061] {processor.py:641} INFO - Processing file /home/airflow/.local/lib/python3.7/site-packages/airflow/example_dags/example_skip_dag.py for tasks to queue
[2022-08-15 03:00:42,068] {logging_mixin.py:115} INFO - [2022-08-15 03:00:42,068] {dagbag.py:508} INFO - Filling up the DagBag from /home/airflow/.local/lib/python3.7/site-packages/airflow/example_dags/example_skip_dag.py
[2022-08-15 03:00:42,082] {processor.py:651} INFO - DAG(s) dict_keys(['example_skip_dag']) retrieved from /home/airflow/.local/lib/python3.7/site-packages/airflow/example_dags/example_skip_dag.py
[2022-08-15 03:00:42,145] {logging_mixin.py:115} INFO - [2022-08-15 03:00:42,145] {dag.py:2420} INFO - Sync 1 DAGs
[2022-08-15 03:00:42,199] {logging_mixin.py:115} INFO - [2022-08-15 03:00:42,199] {dag.py:2972} INFO - Setting next_dagrun for example_skip_dag to 2022-08-14T03:00:42.198823+00:00, run_after=2022-08-15T03:00:42.198823+00:00
[2022-08-15 03:00:42,224] {processor.py:161} INFO - Processing /home/airflow/.local/lib/python3.7/site-packages/airflow/example_dags/example_skip_dag.py took 0.172 seconds
[2022-08-15 03:01:12,515] {processor.py:153} INFO - Started process (PID=2813) to work on /home/airflow/.local/lib/python3.7/site-packages/airflow/example_dags/example_skip_dag.py
[2022-08-15 03:01:12,525] {processor.py:641} INFO - Processing file /home/airflow/.local/lib/python3.7/site-packages/airflow/example_dags/example_skip_dag.py for tasks to queue
[2022-08-15 03:01:12,530] {logging_mixin.py:115} INFO - [2022-08-15 03:01:12,530] {dagbag.py:508} INFO - Filling up the DagBag from /home/airflow/.local/lib/python3.7/site-packages/airflow/example_dags/example_skip_dag.py
[2022-08-15 03:01:12,593] {processor.py:651} INFO - DAG(s) dict_keys(['example_skip_dag']) retrieved from /home/airflow/.local/lib/python3.7/site-packages/airflow/example_dags/example_skip_dag.py
[2022-08-15 03:01:12,776] {logging_mixin.py:115} INFO - [2022-08-15 03:01:12,776] {dag.py:2420} INFO - Sync 1 DAGs
[2022-08-15 03:01:12,858] {logging_mixin.py:115} INFO - [2022-08-15 03:01:12,858] {dag.py:2972} INFO - Setting next_dagrun for example_skip_dag to 2022-08-14T03:01:12.856973+00:00, run_after=2022-08-15T03:01:12.856973+00:00
[2022-08-15 03:01:12,925] {processor.py:161} INFO - Processing /home/airflow/.local/lib/python3.7/site-packages/airflow/example_dags/example_skip_dag.py took 0.436 seconds
[2022-08-15 03:01:43,744] {processor.py:153} INFO - Started process (PID=2879) to work on /home/airflow/.local/lib/python3.7/site-packages/airflow/example_dags/example_skip_dag.py
[2022-08-15 03:01:43,746] {processor.py:641} INFO - Processing file /home/airflow/.local/lib/python3.7/site-packages/airflow/example_dags/example_skip_dag.py for tasks to queue
[2022-08-15 03:01:43,748] {logging_mixin.py:115} INFO - [2022-08-15 03:01:43,748] {dagbag.py:508} INFO - Filling up the DagBag from /home/airflow/.local/lib/python3.7/site-packages/airflow/example_dags/example_skip_dag.py
[2022-08-15 03:01:43,759] {processor.py:651} INFO - DAG(s) dict_keys(['example_skip_dag']) retrieved from /home/airflow/.local/lib/python3.7/site-packages/airflow/example_dags/example_skip_dag.py
[2022-08-15 03:01:43,810] {logging_mixin.py:115} INFO - [2022-08-15 03:01:43,810] {dag.py:2420} INFO - Sync 1 DAGs
[2022-08-15 03:01:43,852] {logging_mixin.py:115} INFO - [2022-08-15 03:01:43,851] {dag.py:2972} INFO - Setting next_dagrun for example_skip_dag to 2022-08-14T03:01:43.851447+00:00, run_after=2022-08-15T03:01:43.851447+00:00
[2022-08-15 03:01:43,877] {processor.py:161} INFO - Processing /home/airflow/.local/lib/python3.7/site-packages/airflow/example_dags/example_skip_dag.py took 0.146 seconds
[2022-08-15 03:02:14,628] {processor.py:153} INFO - Started process (PID=2942) to work on /home/airflow/.local/lib/python3.7/site-packages/airflow/example_dags/example_skip_dag.py
[2022-08-15 03:02:14,631] {processor.py:641} INFO - Processing file /home/airflow/.local/lib/python3.7/site-packages/airflow/example_dags/example_skip_dag.py for tasks to queue
[2022-08-15 03:02:14,636] {logging_mixin.py:115} INFO - [2022-08-15 03:02:14,635] {dagbag.py:508} INFO - Filling up the DagBag from /home/airflow/.local/lib/python3.7/site-packages/airflow/example_dags/example_skip_dag.py
[2022-08-15 03:02:14,680] {processor.py:651} INFO - DAG(s) dict_keys(['example_skip_dag']) retrieved from /home/airflow/.local/lib/python3.7/site-packages/airflow/example_dags/example_skip_dag.py
[2022-08-15 03:02:14,759] {logging_mixin.py:115} INFO - [2022-08-15 03:02:14,759] {dag.py:2420} INFO - Sync 1 DAGs
[2022-08-15 03:02:14,858] {logging_mixin.py:115} INFO - [2022-08-15 03:02:14,857] {dag.py:2972} INFO - Setting next_dagrun for example_skip_dag to 2022-08-14T03:02:14.857252+00:00, run_after=2022-08-15T03:02:14.857252+00:00
[2022-08-15 03:02:14,933] {processor.py:161} INFO - Processing /home/airflow/.local/lib/python3.7/site-packages/airflow/example_dags/example_skip_dag.py took 0.322 seconds
[2022-08-15 03:02:45,650] {processor.py:153} INFO - Started process (PID=2997) to work on /home/airflow/.local/lib/python3.7/site-packages/airflow/example_dags/example_skip_dag.py
[2022-08-15 03:02:45,652] {processor.py:641} INFO - Processing file /home/airflow/.local/lib/python3.7/site-packages/airflow/example_dags/example_skip_dag.py for tasks to queue
[2022-08-15 03:02:45,654] {logging_mixin.py:115} INFO - [2022-08-15 03:02:45,654] {dagbag.py:508} INFO - Filling up the DagBag from /home/airflow/.local/lib/python3.7/site-packages/airflow/example_dags/example_skip_dag.py
[2022-08-15 03:02:45,666] {processor.py:651} INFO - DAG(s) dict_keys(['example_skip_dag']) retrieved from /home/airflow/.local/lib/python3.7/site-packages/airflow/example_dags/example_skip_dag.py
[2022-08-15 03:02:45,720] {logging_mixin.py:115} INFO - [2022-08-15 03:02:45,720] {dag.py:2420} INFO - Sync 1 DAGs
[2022-08-15 03:02:45,773] {logging_mixin.py:115} INFO - [2022-08-15 03:02:45,773] {dag.py:2972} INFO - Setting next_dagrun for example_skip_dag to 2022-08-14T03:02:45.772718+00:00, run_after=2022-08-15T03:02:45.772718+00:00
[2022-08-15 03:02:45,799] {processor.py:161} INFO - Processing /home/airflow/.local/lib/python3.7/site-packages/airflow/example_dags/example_skip_dag.py took 0.160 seconds
[2022-08-15 03:03:16,566] {processor.py:153} INFO - Started process (PID=3053) to work on /home/airflow/.local/lib/python3.7/site-packages/airflow/example_dags/example_skip_dag.py
[2022-08-15 03:03:16,568] {processor.py:641} INFO - Processing file /home/airflow/.local/lib/python3.7/site-packages/airflow/example_dags/example_skip_dag.py for tasks to queue
[2022-08-15 03:03:16,572] {logging_mixin.py:115} INFO - [2022-08-15 03:03:16,571] {dagbag.py:508} INFO - Filling up the DagBag from /home/airflow/.local/lib/python3.7/site-packages/airflow/example_dags/example_skip_dag.py
[2022-08-15 03:03:16,593] {processor.py:651} INFO - DAG(s) dict_keys(['example_skip_dag']) retrieved from /home/airflow/.local/lib/python3.7/site-packages/airflow/example_dags/example_skip_dag.py
[2022-08-15 03:03:16,663] {logging_mixin.py:115} INFO - [2022-08-15 03:03:16,663] {dag.py:2420} INFO - Sync 1 DAGs
[2022-08-15 03:03:16,749] {logging_mixin.py:115} INFO - [2022-08-15 03:03:16,749] {dag.py:2972} INFO - Setting next_dagrun for example_skip_dag to 2022-08-14T03:03:16.749019+00:00, run_after=2022-08-15T03:03:16.749019+00:00
[2022-08-15 03:03:16,789] {processor.py:161} INFO - Processing /home/airflow/.local/lib/python3.7/site-packages/airflow/example_dags/example_skip_dag.py took 0.242 seconds
[2022-08-15 03:03:47,416] {processor.py:153} INFO - Started process (PID=3115) to work on /home/airflow/.local/lib/python3.7/site-packages/airflow/example_dags/example_skip_dag.py
[2022-08-15 03:03:47,419] {processor.py:641} INFO - Processing file /home/airflow/.local/lib/python3.7/site-packages/airflow/example_dags/example_skip_dag.py for tasks to queue
[2022-08-15 03:03:47,423] {logging_mixin.py:115} INFO - [2022-08-15 03:03:47,422] {dagbag.py:508} INFO - Filling up the DagBag from /home/airflow/.local/lib/python3.7/site-packages/airflow/example_dags/example_skip_dag.py
[2022-08-15 03:03:47,443] {processor.py:651} INFO - DAG(s) dict_keys(['example_skip_dag']) retrieved from /home/airflow/.local/lib/python3.7/site-packages/airflow/example_dags/example_skip_dag.py
[2022-08-15 03:03:47,523] {logging_mixin.py:115} INFO - [2022-08-15 03:03:47,523] {dag.py:2420} INFO - Sync 1 DAGs
[2022-08-15 03:03:47,587] {logging_mixin.py:115} INFO - [2022-08-15 03:03:47,587] {dag.py:2972} INFO - Setting next_dagrun for example_skip_dag to 2022-08-14T03:03:47.586653+00:00, run_after=2022-08-15T03:03:47.586653+00:00
[2022-08-15 03:03:47,632] {processor.py:161} INFO - Processing /home/airflow/.local/lib/python3.7/site-packages/airflow/example_dags/example_skip_dag.py took 0.241 seconds
[2022-08-15 03:04:17,798] {processor.py:153} INFO - Started process (PID=3168) to work on /home/airflow/.local/lib/python3.7/site-packages/airflow/example_dags/example_skip_dag.py
[2022-08-15 03:04:17,800] {processor.py:641} INFO - Processing file /home/airflow/.local/lib/python3.7/site-packages/airflow/example_dags/example_skip_dag.py for tasks to queue
[2022-08-15 03:04:17,802] {logging_mixin.py:115} INFO - [2022-08-15 03:04:17,801] {dagbag.py:508} INFO - Filling up the DagBag from /home/airflow/.local/lib/python3.7/site-packages/airflow/example_dags/example_skip_dag.py
[2022-08-15 03:04:17,813] {processor.py:651} INFO - DAG(s) dict_keys(['example_skip_dag']) retrieved from /home/airflow/.local/lib/python3.7/site-packages/airflow/example_dags/example_skip_dag.py
[2022-08-15 03:04:17,866] {logging_mixin.py:115} INFO - [2022-08-15 03:04:17,866] {dag.py:2420} INFO - Sync 1 DAGs
[2022-08-15 03:04:17,909] {logging_mixin.py:115} INFO - [2022-08-15 03:04:17,909] {dag.py:2972} INFO - Setting next_dagrun for example_skip_dag to 2022-08-14T03:04:17.909395+00:00, run_after=2022-08-15T03:04:17.909395+00:00
[2022-08-15 03:04:17,940] {processor.py:161} INFO - Processing /home/airflow/.local/lib/python3.7/site-packages/airflow/example_dags/example_skip_dag.py took 0.149 seconds
[2022-08-15 03:04:48,582] {processor.py:153} INFO - Started process (PID=3221) to work on /home/airflow/.local/lib/python3.7/site-packages/airflow/example_dags/example_skip_dag.py
[2022-08-15 03:04:48,589] {processor.py:641} INFO - Processing file /home/airflow/.local/lib/python3.7/site-packages/airflow/example_dags/example_skip_dag.py for tasks to queue
[2022-08-15 03:04:48,593] {logging_mixin.py:115} INFO - [2022-08-15 03:04:48,593] {dagbag.py:508} INFO - Filling up the DagBag from /home/airflow/.local/lib/python3.7/site-packages/airflow/example_dags/example_skip_dag.py
[2022-08-15 03:04:48,620] {processor.py:651} INFO - DAG(s) dict_keys(['example_skip_dag']) retrieved from /home/airflow/.local/lib/python3.7/site-packages/airflow/example_dags/example_skip_dag.py
[2022-08-15 03:04:48,770] {logging_mixin.py:115} INFO - [2022-08-15 03:04:48,770] {dag.py:2420} INFO - Sync 1 DAGs
[2022-08-15 03:04:48,884] {logging_mixin.py:115} INFO - [2022-08-15 03:04:48,884] {dag.py:2972} INFO - Setting next_dagrun for example_skip_dag to 2022-08-14T03:04:48.883814+00:00, run_after=2022-08-15T03:04:48.883814+00:00
[2022-08-15 03:04:48,911] {processor.py:161} INFO - Processing /home/airflow/.local/lib/python3.7/site-packages/airflow/example_dags/example_skip_dag.py took 0.362 seconds
[2022-08-15 03:05:19,718] {processor.py:153} INFO - Started process (PID=3286) to work on /home/airflow/.local/lib/python3.7/site-packages/airflow/example_dags/example_skip_dag.py
[2022-08-15 03:05:19,721] {processor.py:641} INFO - Processing file /home/airflow/.local/lib/python3.7/site-packages/airflow/example_dags/example_skip_dag.py for tasks to queue
[2022-08-15 03:05:19,723] {logging_mixin.py:115} INFO - [2022-08-15 03:05:19,723] {dagbag.py:508} INFO - Filling up the DagBag from /home/airflow/.local/lib/python3.7/site-packages/airflow/example_dags/example_skip_dag.py
[2022-08-15 03:05:19,751] {processor.py:651} INFO - DAG(s) dict_keys(['example_skip_dag']) retrieved from /home/airflow/.local/lib/python3.7/site-packages/airflow/example_dags/example_skip_dag.py
[2022-08-15 03:05:19,919] {logging_mixin.py:115} INFO - [2022-08-15 03:05:19,919] {dag.py:2420} INFO - Sync 1 DAGs
[2022-08-15 03:05:19,984] {logging_mixin.py:115} INFO - [2022-08-15 03:05:19,984] {dag.py:2972} INFO - Setting next_dagrun for example_skip_dag to 2022-08-14T03:05:19.984273+00:00, run_after=2022-08-15T03:05:19.984273+00:00
[2022-08-15 03:05:20,010] {processor.py:161} INFO - Processing /home/airflow/.local/lib/python3.7/site-packages/airflow/example_dags/example_skip_dag.py took 0.302 seconds
[2022-08-15 03:05:50,520] {processor.py:153} INFO - Started process (PID=3342) to work on /home/airflow/.local/lib/python3.7/site-packages/airflow/example_dags/example_skip_dag.py
[2022-08-15 03:05:50,524] {processor.py:641} INFO - Processing file /home/airflow/.local/lib/python3.7/site-packages/airflow/example_dags/example_skip_dag.py for tasks to queue
[2022-08-15 03:05:50,530] {logging_mixin.py:115} INFO - [2022-08-15 03:05:50,530] {dagbag.py:508} INFO - Filling up the DagBag from /home/airflow/.local/lib/python3.7/site-packages/airflow/example_dags/example_skip_dag.py
[2022-08-15 03:05:50,581] {processor.py:651} INFO - DAG(s) dict_keys(['example_skip_dag']) retrieved from /home/airflow/.local/lib/python3.7/site-packages/airflow/example_dags/example_skip_dag.py
[2022-08-15 03:05:50,684] {logging_mixin.py:115} INFO - [2022-08-15 03:05:50,684] {dag.py:2420} INFO - Sync 1 DAGs
[2022-08-15 03:05:50,761] {logging_mixin.py:115} INFO - [2022-08-15 03:05:50,761] {dag.py:2972} INFO - Setting next_dagrun for example_skip_dag to 2022-08-14T03:05:50.760856+00:00, run_after=2022-08-15T03:05:50.760856+00:00
[2022-08-15 03:05:50,800] {processor.py:161} INFO - Processing /home/airflow/.local/lib/python3.7/site-packages/airflow/example_dags/example_skip_dag.py took 0.287 seconds
[2022-08-15 03:06:21,335] {processor.py:153} INFO - Started process (PID=3405) to work on /home/airflow/.local/lib/python3.7/site-packages/airflow/example_dags/example_skip_dag.py
[2022-08-15 03:06:21,338] {processor.py:641} INFO - Processing file /home/airflow/.local/lib/python3.7/site-packages/airflow/example_dags/example_skip_dag.py for tasks to queue
[2022-08-15 03:06:21,341] {logging_mixin.py:115} INFO - [2022-08-15 03:06:21,341] {dagbag.py:508} INFO - Filling up the DagBag from /home/airflow/.local/lib/python3.7/site-packages/airflow/example_dags/example_skip_dag.py
[2022-08-15 03:06:21,388] {processor.py:651} INFO - DAG(s) dict_keys(['example_skip_dag']) retrieved from /home/airflow/.local/lib/python3.7/site-packages/airflow/example_dags/example_skip_dag.py
[2022-08-15 03:06:21,511] {logging_mixin.py:115} INFO - [2022-08-15 03:06:21,511] {dag.py:2420} INFO - Sync 1 DAGs
[2022-08-15 03:06:21,557] {logging_mixin.py:115} INFO - [2022-08-15 03:06:21,557] {dag.py:2972} INFO - Setting next_dagrun for example_skip_dag to 2022-08-14T03:06:21.557111+00:00, run_after=2022-08-15T03:06:21.557111+00:00
[2022-08-15 03:06:21,598] {processor.py:161} INFO - Processing /home/airflow/.local/lib/python3.7/site-packages/airflow/example_dags/example_skip_dag.py took 0.284 seconds
[2022-08-15 03:06:51,888] {processor.py:153} INFO - Started process (PID=3458) to work on /home/airflow/.local/lib/python3.7/site-packages/airflow/example_dags/example_skip_dag.py
[2022-08-15 03:06:51,889] {processor.py:641} INFO - Processing file /home/airflow/.local/lib/python3.7/site-packages/airflow/example_dags/example_skip_dag.py for tasks to queue
[2022-08-15 03:06:51,892] {logging_mixin.py:115} INFO - [2022-08-15 03:06:51,891] {dagbag.py:508} INFO - Filling up the DagBag from /home/airflow/.local/lib/python3.7/site-packages/airflow/example_dags/example_skip_dag.py
[2022-08-15 03:06:51,909] {processor.py:651} INFO - DAG(s) dict_keys(['example_skip_dag']) retrieved from /home/airflow/.local/lib/python3.7/site-packages/airflow/example_dags/example_skip_dag.py
[2022-08-15 03:06:51,959] {logging_mixin.py:115} INFO - [2022-08-15 03:06:51,958] {dag.py:2420} INFO - Sync 1 DAGs
[2022-08-15 03:06:52,000] {logging_mixin.py:115} INFO - [2022-08-15 03:06:52,000] {dag.py:2972} INFO - Setting next_dagrun for example_skip_dag to 2022-08-14T03:06:51.999624+00:00, run_after=2022-08-15T03:06:51.999624+00:00
[2022-08-15 03:06:52,028] {processor.py:161} INFO - Processing /home/airflow/.local/lib/python3.7/site-packages/airflow/example_dags/example_skip_dag.py took 0.148 seconds
[2022-08-15 03:07:22,221] {processor.py:153} INFO - Started process (PID=3513) to work on /home/airflow/.local/lib/python3.7/site-packages/airflow/example_dags/example_skip_dag.py
[2022-08-15 03:07:22,230] {processor.py:641} INFO - Processing file /home/airflow/.local/lib/python3.7/site-packages/airflow/example_dags/example_skip_dag.py for tasks to queue
[2022-08-15 03:07:22,232] {logging_mixin.py:115} INFO - [2022-08-15 03:07:22,232] {dagbag.py:508} INFO - Filling up the DagBag from /home/airflow/.local/lib/python3.7/site-packages/airflow/example_dags/example_skip_dag.py
[2022-08-15 03:07:22,264] {processor.py:651} INFO - DAG(s) dict_keys(['example_skip_dag']) retrieved from /home/airflow/.local/lib/python3.7/site-packages/airflow/example_dags/example_skip_dag.py
[2022-08-15 03:07:22,384] {logging_mixin.py:115} INFO - [2022-08-15 03:07:22,383] {dag.py:2420} INFO - Sync 1 DAGs
[2022-08-15 03:07:22,470] {logging_mixin.py:115} INFO - [2022-08-15 03:07:22,469] {dag.py:2972} INFO - Setting next_dagrun for example_skip_dag to 2022-08-14T03:07:22.469488+00:00, run_after=2022-08-15T03:07:22.469488+00:00
[2022-08-15 03:07:22,542] {processor.py:161} INFO - Processing /home/airflow/.local/lib/python3.7/site-packages/airflow/example_dags/example_skip_dag.py took 0.333 seconds
[2022-08-15 03:07:52,879] {processor.py:153} INFO - Started process (PID=3575) to work on /home/airflow/.local/lib/python3.7/site-packages/airflow/example_dags/example_skip_dag.py
[2022-08-15 03:07:52,892] {processor.py:641} INFO - Processing file /home/airflow/.local/lib/python3.7/site-packages/airflow/example_dags/example_skip_dag.py for tasks to queue
[2022-08-15 03:07:52,897] {logging_mixin.py:115} INFO - [2022-08-15 03:07:52,897] {dagbag.py:508} INFO - Filling up the DagBag from /home/airflow/.local/lib/python3.7/site-packages/airflow/example_dags/example_skip_dag.py
[2022-08-15 03:07:52,975] {processor.py:651} INFO - DAG(s) dict_keys(['example_skip_dag']) retrieved from /home/airflow/.local/lib/python3.7/site-packages/airflow/example_dags/example_skip_dag.py
[2022-08-15 03:07:53,244] {logging_mixin.py:115} INFO - [2022-08-15 03:07:53,244] {dag.py:2420} INFO - Sync 1 DAGs
[2022-08-15 03:07:53,839] {logging_mixin.py:115} INFO - [2022-08-15 03:07:53,839] {dag.py:2972} INFO - Setting next_dagrun for example_skip_dag to 2022-08-14T03:07:53.838946+00:00, run_after=2022-08-15T03:07:53.838946+00:00
[2022-08-15 03:07:54,213] {processor.py:161} INFO - Processing /home/airflow/.local/lib/python3.7/site-packages/airflow/example_dags/example_skip_dag.py took 1.381 seconds
[2022-08-15 03:08:24,672] {processor.py:153} INFO - Started process (PID=3630) to work on /home/airflow/.local/lib/python3.7/site-packages/airflow/example_dags/example_skip_dag.py
[2022-08-15 03:08:24,675] {processor.py:641} INFO - Processing file /home/airflow/.local/lib/python3.7/site-packages/airflow/example_dags/example_skip_dag.py for tasks to queue
[2022-08-15 03:08:24,677] {logging_mixin.py:115} INFO - [2022-08-15 03:08:24,676] {dagbag.py:508} INFO - Filling up the DagBag from /home/airflow/.local/lib/python3.7/site-packages/airflow/example_dags/example_skip_dag.py
[2022-08-15 03:08:24,724] {processor.py:651} INFO - DAG(s) dict_keys(['example_skip_dag']) retrieved from /home/airflow/.local/lib/python3.7/site-packages/airflow/example_dags/example_skip_dag.py
[2022-08-15 03:08:24,921] {logging_mixin.py:115} INFO - [2022-08-15 03:08:24,921] {dag.py:2420} INFO - Sync 1 DAGs
[2022-08-15 03:08:25,139] {logging_mixin.py:115} INFO - [2022-08-15 03:08:25,139] {dag.py:2972} INFO - Setting next_dagrun for example_skip_dag to 2022-08-14T03:08:25.139355+00:00, run_after=2022-08-15T03:08:25.139355+00:00
[2022-08-15 03:08:25,194] {processor.py:161} INFO - Processing /home/airflow/.local/lib/python3.7/site-packages/airflow/example_dags/example_skip_dag.py took 0.558 seconds
[2022-08-15 03:08:55,931] {processor.py:153} INFO - Started process (PID=3683) to work on /home/airflow/.local/lib/python3.7/site-packages/airflow/example_dags/example_skip_dag.py
[2022-08-15 03:08:55,934] {processor.py:641} INFO - Processing file /home/airflow/.local/lib/python3.7/site-packages/airflow/example_dags/example_skip_dag.py for tasks to queue
[2022-08-15 03:08:55,943] {logging_mixin.py:115} INFO - [2022-08-15 03:08:55,943] {dagbag.py:508} INFO - Filling up the DagBag from /home/airflow/.local/lib/python3.7/site-packages/airflow/example_dags/example_skip_dag.py
[2022-08-15 03:08:55,959] {processor.py:651} INFO - DAG(s) dict_keys(['example_skip_dag']) retrieved from /home/airflow/.local/lib/python3.7/site-packages/airflow/example_dags/example_skip_dag.py
[2022-08-15 03:08:56,013] {logging_mixin.py:115} INFO - [2022-08-15 03:08:56,012] {dag.py:2420} INFO - Sync 1 DAGs
[2022-08-15 03:08:56,056] {logging_mixin.py:115} INFO - [2022-08-15 03:08:56,056] {dag.py:2972} INFO - Setting next_dagrun for example_skip_dag to 2022-08-14T03:08:56.056204+00:00, run_after=2022-08-15T03:08:56.056204+00:00
[2022-08-15 03:08:56,079] {processor.py:161} INFO - Processing /home/airflow/.local/lib/python3.7/site-packages/airflow/example_dags/example_skip_dag.py took 0.156 seconds
[2022-08-15 03:09:26,950] {processor.py:153} INFO - Started process (PID=3736) to work on /home/airflow/.local/lib/python3.7/site-packages/airflow/example_dags/example_skip_dag.py
[2022-08-15 03:09:26,952] {processor.py:641} INFO - Processing file /home/airflow/.local/lib/python3.7/site-packages/airflow/example_dags/example_skip_dag.py for tasks to queue
[2022-08-15 03:09:26,956] {logging_mixin.py:115} INFO - [2022-08-15 03:09:26,955] {dagbag.py:508} INFO - Filling up the DagBag from /home/airflow/.local/lib/python3.7/site-packages/airflow/example_dags/example_skip_dag.py
[2022-08-15 03:09:26,976] {processor.py:651} INFO - DAG(s) dict_keys(['example_skip_dag']) retrieved from /home/airflow/.local/lib/python3.7/site-packages/airflow/example_dags/example_skip_dag.py
[2022-08-15 03:09:27,072] {logging_mixin.py:115} INFO - [2022-08-15 03:09:27,072] {dag.py:2420} INFO - Sync 1 DAGs
[2022-08-15 03:09:27,154] {logging_mixin.py:115} INFO - [2022-08-15 03:09:27,153] {dag.py:2972} INFO - Setting next_dagrun for example_skip_dag to 2022-08-14T03:09:27.153409+00:00, run_after=2022-08-15T03:09:27.153409+00:00
[2022-08-15 03:09:27,209] {processor.py:161} INFO - Processing /home/airflow/.local/lib/python3.7/site-packages/airflow/example_dags/example_skip_dag.py took 0.269 seconds
[2022-08-15 03:09:57,958] {processor.py:153} INFO - Started process (PID=3800) to work on /home/airflow/.local/lib/python3.7/site-packages/airflow/example_dags/example_skip_dag.py
[2022-08-15 03:09:57,966] {processor.py:641} INFO - Processing file /home/airflow/.local/lib/python3.7/site-packages/airflow/example_dags/example_skip_dag.py for tasks to queue
[2022-08-15 03:09:57,969] {logging_mixin.py:115} INFO - [2022-08-15 03:09:57,969] {dagbag.py:508} INFO - Filling up the DagBag from /home/airflow/.local/lib/python3.7/site-packages/airflow/example_dags/example_skip_dag.py
[2022-08-15 03:09:57,983] {processor.py:651} INFO - DAG(s) dict_keys(['example_skip_dag']) retrieved from /home/airflow/.local/lib/python3.7/site-packages/airflow/example_dags/example_skip_dag.py
[2022-08-15 03:09:58,031] {logging_mixin.py:115} INFO - [2022-08-15 03:09:58,031] {dag.py:2420} INFO - Sync 1 DAGs
[2022-08-15 03:09:58,081] {logging_mixin.py:115} INFO - [2022-08-15 03:09:58,080] {dag.py:2972} INFO - Setting next_dagrun for example_skip_dag to 2022-08-14T03:09:58.073462+00:00, run_after=2022-08-15T03:09:58.073462+00:00
[2022-08-15 03:09:58,119] {processor.py:161} INFO - Processing /home/airflow/.local/lib/python3.7/site-packages/airflow/example_dags/example_skip_dag.py took 0.173 seconds
[2022-08-15 03:10:28,306] {processor.py:153} INFO - Started process (PID=3857) to work on /home/airflow/.local/lib/python3.7/site-packages/airflow/example_dags/example_skip_dag.py
[2022-08-15 03:10:28,308] {processor.py:641} INFO - Processing file /home/airflow/.local/lib/python3.7/site-packages/airflow/example_dags/example_skip_dag.py for tasks to queue
[2022-08-15 03:10:28,310] {logging_mixin.py:115} INFO - [2022-08-15 03:10:28,310] {dagbag.py:508} INFO - Filling up the DagBag from /home/airflow/.local/lib/python3.7/site-packages/airflow/example_dags/example_skip_dag.py
[2022-08-15 03:10:28,332] {processor.py:651} INFO - DAG(s) dict_keys(['example_skip_dag']) retrieved from /home/airflow/.local/lib/python3.7/site-packages/airflow/example_dags/example_skip_dag.py
[2022-08-15 03:10:28,415] {logging_mixin.py:115} INFO - [2022-08-15 03:10:28,415] {dag.py:2420} INFO - Sync 1 DAGs
[2022-08-15 03:10:28,459] {logging_mixin.py:115} INFO - [2022-08-15 03:10:28,459] {dag.py:2972} INFO - Setting next_dagrun for example_skip_dag to 2022-08-14T03:10:28.459141+00:00, run_after=2022-08-15T03:10:28.459141+00:00
[2022-08-15 03:10:28,500] {processor.py:161} INFO - Processing /home/airflow/.local/lib/python3.7/site-packages/airflow/example_dags/example_skip_dag.py took 0.201 seconds
[2022-08-15 03:10:58,718] {processor.py:153} INFO - Started process (PID=3910) to work on /home/airflow/.local/lib/python3.7/site-packages/airflow/example_dags/example_skip_dag.py
[2022-08-15 03:10:58,720] {processor.py:641} INFO - Processing file /home/airflow/.local/lib/python3.7/site-packages/airflow/example_dags/example_skip_dag.py for tasks to queue
[2022-08-15 03:10:58,722] {logging_mixin.py:115} INFO - [2022-08-15 03:10:58,722] {dagbag.py:508} INFO - Filling up the DagBag from /home/airflow/.local/lib/python3.7/site-packages/airflow/example_dags/example_skip_dag.py
[2022-08-15 03:10:58,740] {processor.py:651} INFO - DAG(s) dict_keys(['example_skip_dag']) retrieved from /home/airflow/.local/lib/python3.7/site-packages/airflow/example_dags/example_skip_dag.py
[2022-08-15 03:10:58,790] {logging_mixin.py:115} INFO - [2022-08-15 03:10:58,789] {dag.py:2420} INFO - Sync 1 DAGs
[2022-08-15 03:10:58,833] {logging_mixin.py:115} INFO - [2022-08-15 03:10:58,832] {dag.py:2972} INFO - Setting next_dagrun for example_skip_dag to 2022-08-14T03:10:58.832477+00:00, run_after=2022-08-15T03:10:58.832477+00:00
[2022-08-15 03:10:58,865] {processor.py:161} INFO - Processing /home/airflow/.local/lib/python3.7/site-packages/airflow/example_dags/example_skip_dag.py took 0.155 seconds
[2022-08-15 03:11:29,552] {processor.py:153} INFO - Started process (PID=3962) to work on /home/airflow/.local/lib/python3.7/site-packages/airflow/example_dags/example_skip_dag.py
[2022-08-15 03:11:29,555] {processor.py:641} INFO - Processing file /home/airflow/.local/lib/python3.7/site-packages/airflow/example_dags/example_skip_dag.py for tasks to queue
[2022-08-15 03:11:29,570] {logging_mixin.py:115} INFO - [2022-08-15 03:11:29,570] {dagbag.py:508} INFO - Filling up the DagBag from /home/airflow/.local/lib/python3.7/site-packages/airflow/example_dags/example_skip_dag.py
[2022-08-15 03:11:29,598] {processor.py:651} INFO - DAG(s) dict_keys(['example_skip_dag']) retrieved from /home/airflow/.local/lib/python3.7/site-packages/airflow/example_dags/example_skip_dag.py
[2022-08-15 03:11:29,747] {logging_mixin.py:115} INFO - [2022-08-15 03:11:29,747] {dag.py:2420} INFO - Sync 1 DAGs
[2022-08-15 03:11:29,839] {logging_mixin.py:115} INFO - [2022-08-15 03:11:29,839] {dag.py:2972} INFO - Setting next_dagrun for example_skip_dag to 2022-08-14T03:11:29.838770+00:00, run_after=2022-08-15T03:11:29.838770+00:00
[2022-08-15 03:11:29,890] {processor.py:161} INFO - Processing /home/airflow/.local/lib/python3.7/site-packages/airflow/example_dags/example_skip_dag.py took 0.347 seconds
[2022-08-15 03:12:00,873] {processor.py:153} INFO - Started process (PID=4025) to work on /home/airflow/.local/lib/python3.7/site-packages/airflow/example_dags/example_skip_dag.py
[2022-08-15 03:12:00,883] {processor.py:641} INFO - Processing file /home/airflow/.local/lib/python3.7/site-packages/airflow/example_dags/example_skip_dag.py for tasks to queue
[2022-08-15 03:12:00,887] {logging_mixin.py:115} INFO - [2022-08-15 03:12:00,886] {dagbag.py:508} INFO - Filling up the DagBag from /home/airflow/.local/lib/python3.7/site-packages/airflow/example_dags/example_skip_dag.py
[2022-08-15 03:12:00,905] {processor.py:651} INFO - DAG(s) dict_keys(['example_skip_dag']) retrieved from /home/airflow/.local/lib/python3.7/site-packages/airflow/example_dags/example_skip_dag.py
[2022-08-15 03:12:00,965] {logging_mixin.py:115} INFO - [2022-08-15 03:12:00,964] {dag.py:2420} INFO - Sync 1 DAGs
[2022-08-15 03:12:01,063] {logging_mixin.py:115} INFO - [2022-08-15 03:12:01,063] {dag.py:2972} INFO - Setting next_dagrun for example_skip_dag to 2022-08-14T03:12:01.063199+00:00, run_after=2022-08-15T03:12:01.063199+00:00
[2022-08-15 03:12:01,109] {processor.py:161} INFO - Processing /home/airflow/.local/lib/python3.7/site-packages/airflow/example_dags/example_skip_dag.py took 0.248 seconds
[2022-08-15 03:12:32,462] {processor.py:153} INFO - Started process (PID=4081) to work on /home/airflow/.local/lib/python3.7/site-packages/airflow/example_dags/example_skip_dag.py
[2022-08-15 03:12:32,480] {processor.py:641} INFO - Processing file /home/airflow/.local/lib/python3.7/site-packages/airflow/example_dags/example_skip_dag.py for tasks to queue
[2022-08-15 03:12:32,496] {logging_mixin.py:115} INFO - [2022-08-15 03:12:32,496] {dagbag.py:508} INFO - Filling up the DagBag from /home/airflow/.local/lib/python3.7/site-packages/airflow/example_dags/example_skip_dag.py
[2022-08-15 03:12:32,625] {processor.py:651} INFO - DAG(s) dict_keys(['example_skip_dag']) retrieved from /home/airflow/.local/lib/python3.7/site-packages/airflow/example_dags/example_skip_dag.py
[2022-08-15 03:12:32,996] {logging_mixin.py:115} INFO - [2022-08-15 03:12:32,978] {dag.py:2420} INFO - Sync 1 DAGs
[2022-08-15 03:12:33,164] {logging_mixin.py:115} INFO - [2022-08-15 03:12:33,164] {dag.py:2972} INFO - Setting next_dagrun for example_skip_dag to 2022-08-14T03:12:33.163791+00:00, run_after=2022-08-15T03:12:33.163791+00:00
[2022-08-15 03:12:33,209] {processor.py:161} INFO - Processing /home/airflow/.local/lib/python3.7/site-packages/airflow/example_dags/example_skip_dag.py took 0.795 seconds
[2022-08-15 03:13:04,163] {processor.py:153} INFO - Started process (PID=4142) to work on /home/airflow/.local/lib/python3.7/site-packages/airflow/example_dags/example_skip_dag.py
[2022-08-15 03:13:04,170] {processor.py:641} INFO - Processing file /home/airflow/.local/lib/python3.7/site-packages/airflow/example_dags/example_skip_dag.py for tasks to queue
[2022-08-15 03:13:04,172] {logging_mixin.py:115} INFO - [2022-08-15 03:13:04,172] {dagbag.py:508} INFO - Filling up the DagBag from /home/airflow/.local/lib/python3.7/site-packages/airflow/example_dags/example_skip_dag.py
[2022-08-15 03:13:04,207] {processor.py:651} INFO - DAG(s) dict_keys(['example_skip_dag']) retrieved from /home/airflow/.local/lib/python3.7/site-packages/airflow/example_dags/example_skip_dag.py
[2022-08-15 03:13:04,374] {logging_mixin.py:115} INFO - [2022-08-15 03:13:04,374] {dag.py:2420} INFO - Sync 1 DAGs
[2022-08-15 03:13:04,486] {logging_mixin.py:115} INFO - [2022-08-15 03:13:04,485] {dag.py:2972} INFO - Setting next_dagrun for example_skip_dag to 2022-08-14T03:13:04.485624+00:00, run_after=2022-08-15T03:13:04.485624+00:00
[2022-08-15 03:13:04,559] {processor.py:161} INFO - Processing /home/airflow/.local/lib/python3.7/site-packages/airflow/example_dags/example_skip_dag.py took 0.410 seconds
[2022-08-15 03:13:35,566] {processor.py:153} INFO - Started process (PID=4198) to work on /home/airflow/.local/lib/python3.7/site-packages/airflow/example_dags/example_skip_dag.py
[2022-08-15 03:13:35,569] {processor.py:641} INFO - Processing file /home/airflow/.local/lib/python3.7/site-packages/airflow/example_dags/example_skip_dag.py for tasks to queue
[2022-08-15 03:13:35,575] {logging_mixin.py:115} INFO - [2022-08-15 03:13:35,574] {dagbag.py:508} INFO - Filling up the DagBag from /home/airflow/.local/lib/python3.7/site-packages/airflow/example_dags/example_skip_dag.py
[2022-08-15 03:13:35,607] {processor.py:651} INFO - DAG(s) dict_keys(['example_skip_dag']) retrieved from /home/airflow/.local/lib/python3.7/site-packages/airflow/example_dags/example_skip_dag.py
[2022-08-15 03:13:35,726] {logging_mixin.py:115} INFO - [2022-08-15 03:13:35,726] {dag.py:2420} INFO - Sync 1 DAGs
[2022-08-15 03:13:35,822] {logging_mixin.py:115} INFO - [2022-08-15 03:13:35,822] {dag.py:2972} INFO - Setting next_dagrun for example_skip_dag to 2022-08-14T03:13:35.815554+00:00, run_after=2022-08-15T03:13:35.815554+00:00
[2022-08-15 03:13:35,882] {processor.py:161} INFO - Processing /home/airflow/.local/lib/python3.7/site-packages/airflow/example_dags/example_skip_dag.py took 0.327 seconds
[2022-08-15 03:14:06,858] {processor.py:153} INFO - Started process (PID=4253) to work on /home/airflow/.local/lib/python3.7/site-packages/airflow/example_dags/example_skip_dag.py
[2022-08-15 03:14:06,864] {processor.py:641} INFO - Processing file /home/airflow/.local/lib/python3.7/site-packages/airflow/example_dags/example_skip_dag.py for tasks to queue
[2022-08-15 03:14:06,866] {logging_mixin.py:115} INFO - [2022-08-15 03:14:06,866] {dagbag.py:508} INFO - Filling up the DagBag from /home/airflow/.local/lib/python3.7/site-packages/airflow/example_dags/example_skip_dag.py
[2022-08-15 03:14:06,882] {processor.py:651} INFO - DAG(s) dict_keys(['example_skip_dag']) retrieved from /home/airflow/.local/lib/python3.7/site-packages/airflow/example_dags/example_skip_dag.py
[2022-08-15 03:14:06,935] {logging_mixin.py:115} INFO - [2022-08-15 03:14:06,934] {dag.py:2420} INFO - Sync 1 DAGs
[2022-08-15 03:14:06,978] {logging_mixin.py:115} INFO - [2022-08-15 03:14:06,978] {dag.py:2972} INFO - Setting next_dagrun for example_skip_dag to 2022-08-14T03:14:06.978108+00:00, run_after=2022-08-15T03:14:06.978108+00:00
[2022-08-15 03:14:07,006] {processor.py:161} INFO - Processing /home/airflow/.local/lib/python3.7/site-packages/airflow/example_dags/example_skip_dag.py took 0.170 seconds
[2022-08-15 03:14:37,472] {processor.py:153} INFO - Started process (PID=4310) to work on /home/airflow/.local/lib/python3.7/site-packages/airflow/example_dags/example_skip_dag.py
[2022-08-15 03:14:37,475] {processor.py:641} INFO - Processing file /home/airflow/.local/lib/python3.7/site-packages/airflow/example_dags/example_skip_dag.py for tasks to queue
[2022-08-15 03:14:37,477] {logging_mixin.py:115} INFO - [2022-08-15 03:14:37,477] {dagbag.py:508} INFO - Filling up the DagBag from /home/airflow/.local/lib/python3.7/site-packages/airflow/example_dags/example_skip_dag.py
[2022-08-15 03:14:37,493] {processor.py:651} INFO - DAG(s) dict_keys(['example_skip_dag']) retrieved from /home/airflow/.local/lib/python3.7/site-packages/airflow/example_dags/example_skip_dag.py
[2022-08-15 03:14:37,540] {logging_mixin.py:115} INFO - [2022-08-15 03:14:37,540] {dag.py:2420} INFO - Sync 1 DAGs
[2022-08-15 03:14:37,586] {logging_mixin.py:115} INFO - [2022-08-15 03:14:37,586] {dag.py:2972} INFO - Setting next_dagrun for example_skip_dag to 2022-08-14T03:14:37.586166+00:00, run_after=2022-08-15T03:14:37.586166+00:00
[2022-08-15 03:14:37,611] {processor.py:161} INFO - Processing /home/airflow/.local/lib/python3.7/site-packages/airflow/example_dags/example_skip_dag.py took 0.146 seconds
