[2022-08-15 02:56:25,372] {processor.py:153} INFO - Started process (PID=2288) to work on /home/airflow/.local/lib/python3.7/site-packages/airflow/example_dags/example_dag_decorator.py
[2022-08-15 02:56:25,375] {processor.py:641} INFO - Processing file /home/airflow/.local/lib/python3.7/site-packages/airflow/example_dags/example_dag_decorator.py for tasks to queue
[2022-08-15 02:56:25,380] {logging_mixin.py:115} INFO - [2022-08-15 02:56:25,379] {dagbag.py:508} INFO - Filling up the DagBag from /home/airflow/.local/lib/python3.7/site-packages/airflow/example_dags/example_dag_decorator.py
[2022-08-15 02:56:25,573] {processor.py:651} INFO - DAG(s) dict_keys(['example_dag_decorator']) retrieved from /home/airflow/.local/lib/python3.7/site-packages/airflow/example_dags/example_dag_decorator.py
[2022-08-15 02:56:26,384] {logging_mixin.py:115} INFO - [2022-08-15 02:56:26,384] {dag.py:2420} INFO - Sync 1 DAGs
[2022-08-15 02:56:26,832] {logging_mixin.py:115} INFO - [2022-08-15 02:56:26,785] {dag.py:2972} INFO - Setting next_dagrun for example_dag_decorator to None, run_after=None
[2022-08-15 02:56:27,078] {processor.py:161} INFO - Processing /home/airflow/.local/lib/python3.7/site-packages/airflow/example_dags/example_dag_decorator.py took 1.748 seconds
[2022-08-15 02:56:57,581] {processor.py:153} INFO - Started process (PID=2341) to work on /home/airflow/.local/lib/python3.7/site-packages/airflow/example_dags/example_dag_decorator.py
[2022-08-15 02:56:57,589] {processor.py:641} INFO - Processing file /home/airflow/.local/lib/python3.7/site-packages/airflow/example_dags/example_dag_decorator.py for tasks to queue
[2022-08-15 02:56:57,594] {logging_mixin.py:115} INFO - [2022-08-15 02:56:57,594] {dagbag.py:508} INFO - Filling up the DagBag from /home/airflow/.local/lib/python3.7/site-packages/airflow/example_dags/example_dag_decorator.py
[2022-08-15 02:56:57,638] {processor.py:651} INFO - DAG(s) dict_keys(['example_dag_decorator']) retrieved from /home/airflow/.local/lib/python3.7/site-packages/airflow/example_dags/example_dag_decorator.py
[2022-08-15 02:56:57,731] {logging_mixin.py:115} INFO - [2022-08-15 02:56:57,731] {dag.py:2420} INFO - Sync 1 DAGs
[2022-08-15 02:56:57,760] {logging_mixin.py:115} INFO - [2022-08-15 02:56:57,760] {dag.py:2972} INFO - Setting next_dagrun for example_dag_decorator to None, run_after=None
[2022-08-15 02:56:57,784] {processor.py:161} INFO - Processing /home/airflow/.local/lib/python3.7/site-packages/airflow/example_dags/example_dag_decorator.py took 0.213 seconds
[2022-08-15 02:57:28,336] {processor.py:153} INFO - Started process (PID=2394) to work on /home/airflow/.local/lib/python3.7/site-packages/airflow/example_dags/example_dag_decorator.py
[2022-08-15 02:57:28,338] {processor.py:641} INFO - Processing file /home/airflow/.local/lib/python3.7/site-packages/airflow/example_dags/example_dag_decorator.py for tasks to queue
[2022-08-15 02:57:28,340] {logging_mixin.py:115} INFO - [2022-08-15 02:57:28,340] {dagbag.py:508} INFO - Filling up the DagBag from /home/airflow/.local/lib/python3.7/site-packages/airflow/example_dags/example_dag_decorator.py
[2022-08-15 02:57:28,373] {processor.py:651} INFO - DAG(s) dict_keys(['example_dag_decorator']) retrieved from /home/airflow/.local/lib/python3.7/site-packages/airflow/example_dags/example_dag_decorator.py
[2022-08-15 02:57:28,464] {logging_mixin.py:115} INFO - [2022-08-15 02:57:28,464] {dag.py:2420} INFO - Sync 1 DAGs
[2022-08-15 02:57:28,492] {logging_mixin.py:115} INFO - [2022-08-15 02:57:28,492] {dag.py:2972} INFO - Setting next_dagrun for example_dag_decorator to None, run_after=None
[2022-08-15 02:57:28,526] {processor.py:161} INFO - Processing /home/airflow/.local/lib/python3.7/site-packages/airflow/example_dags/example_dag_decorator.py took 0.196 seconds
[2022-08-15 02:57:58,657] {processor.py:153} INFO - Started process (PID=2459) to work on /home/airflow/.local/lib/python3.7/site-packages/airflow/example_dags/example_dag_decorator.py
[2022-08-15 02:57:58,659] {processor.py:641} INFO - Processing file /home/airflow/.local/lib/python3.7/site-packages/airflow/example_dags/example_dag_decorator.py for tasks to queue
[2022-08-15 02:57:58,662] {logging_mixin.py:115} INFO - [2022-08-15 02:57:58,661] {dagbag.py:508} INFO - Filling up the DagBag from /home/airflow/.local/lib/python3.7/site-packages/airflow/example_dags/example_dag_decorator.py
[2022-08-15 02:57:58,710] {processor.py:651} INFO - DAG(s) dict_keys(['example_dag_decorator']) retrieved from /home/airflow/.local/lib/python3.7/site-packages/airflow/example_dags/example_dag_decorator.py
[2022-08-15 02:57:58,847] {logging_mixin.py:115} INFO - [2022-08-15 02:57:58,847] {dag.py:2420} INFO - Sync 1 DAGs
[2022-08-15 02:57:58,924] {logging_mixin.py:115} INFO - [2022-08-15 02:57:58,924] {dag.py:2972} INFO - Setting next_dagrun for example_dag_decorator to None, run_after=None
[2022-08-15 02:57:58,960] {processor.py:161} INFO - Processing /home/airflow/.local/lib/python3.7/site-packages/airflow/example_dags/example_dag_decorator.py took 0.312 seconds
[2022-08-15 02:58:29,759] {processor.py:153} INFO - Started process (PID=2512) to work on /home/airflow/.local/lib/python3.7/site-packages/airflow/example_dags/example_dag_decorator.py
[2022-08-15 02:58:29,761] {processor.py:641} INFO - Processing file /home/airflow/.local/lib/python3.7/site-packages/airflow/example_dags/example_dag_decorator.py for tasks to queue
[2022-08-15 02:58:29,763] {logging_mixin.py:115} INFO - [2022-08-15 02:58:29,763] {dagbag.py:508} INFO - Filling up the DagBag from /home/airflow/.local/lib/python3.7/site-packages/airflow/example_dags/example_dag_decorator.py
[2022-08-15 02:58:29,803] {processor.py:651} INFO - DAG(s) dict_keys(['example_dag_decorator']) retrieved from /home/airflow/.local/lib/python3.7/site-packages/airflow/example_dags/example_dag_decorator.py
[2022-08-15 02:58:29,898] {logging_mixin.py:115} INFO - [2022-08-15 02:58:29,898] {dag.py:2420} INFO - Sync 1 DAGs
[2022-08-15 02:58:29,924] {logging_mixin.py:115} INFO - [2022-08-15 02:58:29,924] {dag.py:2972} INFO - Setting next_dagrun for example_dag_decorator to None, run_after=None
[2022-08-15 02:58:29,949] {processor.py:161} INFO - Processing /home/airflow/.local/lib/python3.7/site-packages/airflow/example_dags/example_dag_decorator.py took 0.196 seconds
[2022-08-15 02:59:00,308] {processor.py:153} INFO - Started process (PID=2567) to work on /home/airflow/.local/lib/python3.7/site-packages/airflow/example_dags/example_dag_decorator.py
[2022-08-15 02:59:00,311] {processor.py:641} INFO - Processing file /home/airflow/.local/lib/python3.7/site-packages/airflow/example_dags/example_dag_decorator.py for tasks to queue
[2022-08-15 02:59:00,313] {logging_mixin.py:115} INFO - [2022-08-15 02:59:00,313] {dagbag.py:508} INFO - Filling up the DagBag from /home/airflow/.local/lib/python3.7/site-packages/airflow/example_dags/example_dag_decorator.py
[2022-08-15 02:59:00,370] {processor.py:651} INFO - DAG(s) dict_keys(['example_dag_decorator']) retrieved from /home/airflow/.local/lib/python3.7/site-packages/airflow/example_dags/example_dag_decorator.py
[2022-08-15 02:59:00,498] {logging_mixin.py:115} INFO - [2022-08-15 02:59:00,498] {dag.py:2420} INFO - Sync 1 DAGs
[2022-08-15 02:59:00,534] {logging_mixin.py:115} INFO - [2022-08-15 02:59:00,534] {dag.py:2972} INFO - Setting next_dagrun for example_dag_decorator to None, run_after=None
[2022-08-15 02:59:00,564] {processor.py:161} INFO - Processing /home/airflow/.local/lib/python3.7/site-packages/airflow/example_dags/example_dag_decorator.py took 0.268 seconds
[2022-08-15 02:59:30,880] {processor.py:153} INFO - Started process (PID=2628) to work on /home/airflow/.local/lib/python3.7/site-packages/airflow/example_dags/example_dag_decorator.py
[2022-08-15 02:59:30,882] {processor.py:641} INFO - Processing file /home/airflow/.local/lib/python3.7/site-packages/airflow/example_dags/example_dag_decorator.py for tasks to queue
[2022-08-15 02:59:30,895] {logging_mixin.py:115} INFO - [2022-08-15 02:59:30,895] {dagbag.py:508} INFO - Filling up the DagBag from /home/airflow/.local/lib/python3.7/site-packages/airflow/example_dags/example_dag_decorator.py
[2022-08-15 02:59:31,018] {processor.py:651} INFO - DAG(s) dict_keys(['example_dag_decorator']) retrieved from /home/airflow/.local/lib/python3.7/site-packages/airflow/example_dags/example_dag_decorator.py
[2022-08-15 02:59:31,316] {logging_mixin.py:115} INFO - [2022-08-15 02:59:31,316] {dag.py:2420} INFO - Sync 1 DAGs
[2022-08-15 02:59:31,417] {logging_mixin.py:115} INFO - [2022-08-15 02:59:31,417] {dag.py:2972} INFO - Setting next_dagrun for example_dag_decorator to None, run_after=None
[2022-08-15 02:59:31,483] {processor.py:161} INFO - Processing /home/airflow/.local/lib/python3.7/site-packages/airflow/example_dags/example_dag_decorator.py took 0.614 seconds
[2022-08-15 03:00:02,341] {processor.py:153} INFO - Started process (PID=2684) to work on /home/airflow/.local/lib/python3.7/site-packages/airflow/example_dags/example_dag_decorator.py
[2022-08-15 03:00:02,343] {processor.py:641} INFO - Processing file /home/airflow/.local/lib/python3.7/site-packages/airflow/example_dags/example_dag_decorator.py for tasks to queue
[2022-08-15 03:00:02,346] {logging_mixin.py:115} INFO - [2022-08-15 03:00:02,345] {dagbag.py:508} INFO - Filling up the DagBag from /home/airflow/.local/lib/python3.7/site-packages/airflow/example_dags/example_dag_decorator.py
[2022-08-15 03:00:02,403] {processor.py:651} INFO - DAG(s) dict_keys(['example_dag_decorator']) retrieved from /home/airflow/.local/lib/python3.7/site-packages/airflow/example_dags/example_dag_decorator.py
[2022-08-15 03:00:02,473] {logging_mixin.py:115} INFO - [2022-08-15 03:00:02,473] {dag.py:2420} INFO - Sync 1 DAGs
[2022-08-15 03:00:02,529] {logging_mixin.py:115} INFO - [2022-08-15 03:00:02,529] {dag.py:2972} INFO - Setting next_dagrun for example_dag_decorator to None, run_after=None
[2022-08-15 03:00:02,560] {processor.py:161} INFO - Processing /home/airflow/.local/lib/python3.7/site-packages/airflow/example_dags/example_dag_decorator.py took 0.233 seconds
[2022-08-15 03:00:32,956] {processor.py:153} INFO - Started process (PID=2738) to work on /home/airflow/.local/lib/python3.7/site-packages/airflow/example_dags/example_dag_decorator.py
[2022-08-15 03:00:32,959] {processor.py:641} INFO - Processing file /home/airflow/.local/lib/python3.7/site-packages/airflow/example_dags/example_dag_decorator.py for tasks to queue
[2022-08-15 03:00:32,970] {logging_mixin.py:115} INFO - [2022-08-15 03:00:32,970] {dagbag.py:508} INFO - Filling up the DagBag from /home/airflow/.local/lib/python3.7/site-packages/airflow/example_dags/example_dag_decorator.py
[2022-08-15 03:00:33,044] {processor.py:651} INFO - DAG(s) dict_keys(['example_dag_decorator']) retrieved from /home/airflow/.local/lib/python3.7/site-packages/airflow/example_dags/example_dag_decorator.py
[2022-08-15 03:00:33,103] {logging_mixin.py:115} INFO - [2022-08-15 03:00:33,103] {dag.py:2420} INFO - Sync 1 DAGs
[2022-08-15 03:00:33,159] {logging_mixin.py:115} INFO - [2022-08-15 03:00:33,159] {dag.py:2972} INFO - Setting next_dagrun for example_dag_decorator to None, run_after=None
[2022-08-15 03:00:33,191] {processor.py:161} INFO - Processing /home/airflow/.local/lib/python3.7/site-packages/airflow/example_dags/example_dag_decorator.py took 0.247 seconds
[2022-08-15 03:01:03,407] {processor.py:153} INFO - Started process (PID=2800) to work on /home/airflow/.local/lib/python3.7/site-packages/airflow/example_dags/example_dag_decorator.py
[2022-08-15 03:01:03,416] {processor.py:641} INFO - Processing file /home/airflow/.local/lib/python3.7/site-packages/airflow/example_dags/example_dag_decorator.py for tasks to queue
[2022-08-15 03:01:03,418] {logging_mixin.py:115} INFO - [2022-08-15 03:01:03,418] {dagbag.py:508} INFO - Filling up the DagBag from /home/airflow/.local/lib/python3.7/site-packages/airflow/example_dags/example_dag_decorator.py
[2022-08-15 03:01:03,509] {processor.py:651} INFO - DAG(s) dict_keys(['example_dag_decorator']) retrieved from /home/airflow/.local/lib/python3.7/site-packages/airflow/example_dags/example_dag_decorator.py
[2022-08-15 03:01:03,599] {logging_mixin.py:115} INFO - [2022-08-15 03:01:03,599] {dag.py:2420} INFO - Sync 1 DAGs
[2022-08-15 03:01:03,681] {logging_mixin.py:115} INFO - [2022-08-15 03:01:03,681] {dag.py:2972} INFO - Setting next_dagrun for example_dag_decorator to None, run_after=None
[2022-08-15 03:01:03,709] {processor.py:161} INFO - Processing /home/airflow/.local/lib/python3.7/site-packages/airflow/example_dags/example_dag_decorator.py took 0.322 seconds
[2022-08-15 03:01:33,871] {processor.py:153} INFO - Started process (PID=2854) to work on /home/airflow/.local/lib/python3.7/site-packages/airflow/example_dags/example_dag_decorator.py
[2022-08-15 03:01:33,875] {processor.py:641} INFO - Processing file /home/airflow/.local/lib/python3.7/site-packages/airflow/example_dags/example_dag_decorator.py for tasks to queue
[2022-08-15 03:01:33,878] {logging_mixin.py:115} INFO - [2022-08-15 03:01:33,877] {dagbag.py:508} INFO - Filling up the DagBag from /home/airflow/.local/lib/python3.7/site-packages/airflow/example_dags/example_dag_decorator.py
[2022-08-15 03:01:33,991] {processor.py:651} INFO - DAG(s) dict_keys(['example_dag_decorator']) retrieved from /home/airflow/.local/lib/python3.7/site-packages/airflow/example_dags/example_dag_decorator.py
[2022-08-15 03:01:34,488] {logging_mixin.py:115} INFO - [2022-08-15 03:01:34,488] {dag.py:2420} INFO - Sync 1 DAGs
[2022-08-15 03:01:34,578] {logging_mixin.py:115} INFO - [2022-08-15 03:01:34,578] {dag.py:2972} INFO - Setting next_dagrun for example_dag_decorator to None, run_after=None
[2022-08-15 03:01:34,612] {processor.py:161} INFO - Processing /home/airflow/.local/lib/python3.7/site-packages/airflow/example_dags/example_dag_decorator.py took 0.766 seconds
[2022-08-15 03:02:05,317] {processor.py:153} INFO - Started process (PID=2923) to work on /home/airflow/.local/lib/python3.7/site-packages/airflow/example_dags/example_dag_decorator.py
[2022-08-15 03:02:05,319] {processor.py:641} INFO - Processing file /home/airflow/.local/lib/python3.7/site-packages/airflow/example_dags/example_dag_decorator.py for tasks to queue
[2022-08-15 03:02:05,322] {logging_mixin.py:115} INFO - [2022-08-15 03:02:05,322] {dagbag.py:508} INFO - Filling up the DagBag from /home/airflow/.local/lib/python3.7/site-packages/airflow/example_dags/example_dag_decorator.py
[2022-08-15 03:02:05,376] {processor.py:651} INFO - DAG(s) dict_keys(['example_dag_decorator']) retrieved from /home/airflow/.local/lib/python3.7/site-packages/airflow/example_dags/example_dag_decorator.py
[2022-08-15 03:02:05,450] {logging_mixin.py:115} INFO - [2022-08-15 03:02:05,450] {dag.py:2420} INFO - Sync 1 DAGs
[2022-08-15 03:02:05,500] {logging_mixin.py:115} INFO - [2022-08-15 03:02:05,500] {dag.py:2972} INFO - Setting next_dagrun for example_dag_decorator to None, run_after=None
[2022-08-15 03:02:05,523] {processor.py:161} INFO - Processing /home/airflow/.local/lib/python3.7/site-packages/airflow/example_dags/example_dag_decorator.py took 0.215 seconds
[2022-08-15 03:02:35,625] {processor.py:153} INFO - Started process (PID=2976) to work on /home/airflow/.local/lib/python3.7/site-packages/airflow/example_dags/example_dag_decorator.py
[2022-08-15 03:02:35,627] {processor.py:641} INFO - Processing file /home/airflow/.local/lib/python3.7/site-packages/airflow/example_dags/example_dag_decorator.py for tasks to queue
[2022-08-15 03:02:35,634] {logging_mixin.py:115} INFO - [2022-08-15 03:02:35,634] {dagbag.py:508} INFO - Filling up the DagBag from /home/airflow/.local/lib/python3.7/site-packages/airflow/example_dags/example_dag_decorator.py
[2022-08-15 03:02:35,669] {processor.py:651} INFO - DAG(s) dict_keys(['example_dag_decorator']) retrieved from /home/airflow/.local/lib/python3.7/site-packages/airflow/example_dags/example_dag_decorator.py
[2022-08-15 03:02:35,780] {logging_mixin.py:115} INFO - [2022-08-15 03:02:35,780] {dag.py:2420} INFO - Sync 1 DAGs
[2022-08-15 03:02:35,812] {logging_mixin.py:115} INFO - [2022-08-15 03:02:35,811] {dag.py:2972} INFO - Setting next_dagrun for example_dag_decorator to None, run_after=None
[2022-08-15 03:02:35,848] {processor.py:161} INFO - Processing /home/airflow/.local/lib/python3.7/site-packages/airflow/example_dags/example_dag_decorator.py took 0.230 seconds
[2022-08-15 03:03:06,602] {processor.py:153} INFO - Started process (PID=3041) to work on /home/airflow/.local/lib/python3.7/site-packages/airflow/example_dags/example_dag_decorator.py
[2022-08-15 03:03:06,608] {processor.py:641} INFO - Processing file /home/airflow/.local/lib/python3.7/site-packages/airflow/example_dags/example_dag_decorator.py for tasks to queue
[2022-08-15 03:03:06,612] {logging_mixin.py:115} INFO - [2022-08-15 03:03:06,611] {dagbag.py:508} INFO - Filling up the DagBag from /home/airflow/.local/lib/python3.7/site-packages/airflow/example_dags/example_dag_decorator.py
[2022-08-15 03:03:06,715] {processor.py:651} INFO - DAG(s) dict_keys(['example_dag_decorator']) retrieved from /home/airflow/.local/lib/python3.7/site-packages/airflow/example_dags/example_dag_decorator.py
[2022-08-15 03:03:07,073] {logging_mixin.py:115} INFO - [2022-08-15 03:03:07,073] {dag.py:2420} INFO - Sync 1 DAGs
[2022-08-15 03:03:07,162] {logging_mixin.py:115} INFO - [2022-08-15 03:03:07,162] {dag.py:2972} INFO - Setting next_dagrun for example_dag_decorator to None, run_after=None
[2022-08-15 03:03:07,264] {processor.py:161} INFO - Processing /home/airflow/.local/lib/python3.7/site-packages/airflow/example_dags/example_dag_decorator.py took 0.672 seconds
[2022-08-15 03:03:37,566] {processor.py:153} INFO - Started process (PID=3093) to work on /home/airflow/.local/lib/python3.7/site-packages/airflow/example_dags/example_dag_decorator.py
[2022-08-15 03:03:37,568] {processor.py:641} INFO - Processing file /home/airflow/.local/lib/python3.7/site-packages/airflow/example_dags/example_dag_decorator.py for tasks to queue
[2022-08-15 03:03:37,570] {logging_mixin.py:115} INFO - [2022-08-15 03:03:37,570] {dagbag.py:508} INFO - Filling up the DagBag from /home/airflow/.local/lib/python3.7/site-packages/airflow/example_dags/example_dag_decorator.py
[2022-08-15 03:03:37,621] {processor.py:651} INFO - DAG(s) dict_keys(['example_dag_decorator']) retrieved from /home/airflow/.local/lib/python3.7/site-packages/airflow/example_dags/example_dag_decorator.py
[2022-08-15 03:03:37,778] {logging_mixin.py:115} INFO - [2022-08-15 03:03:37,778] {dag.py:2420} INFO - Sync 1 DAGs
[2022-08-15 03:03:37,823] {logging_mixin.py:115} INFO - [2022-08-15 03:03:37,823] {dag.py:2972} INFO - Setting next_dagrun for example_dag_decorator to None, run_after=None
[2022-08-15 03:03:37,878] {processor.py:161} INFO - Processing /home/airflow/.local/lib/python3.7/site-packages/airflow/example_dags/example_dag_decorator.py took 0.323 seconds
[2022-08-15 03:04:08,194] {processor.py:153} INFO - Started process (PID=3147) to work on /home/airflow/.local/lib/python3.7/site-packages/airflow/example_dags/example_dag_decorator.py
[2022-08-15 03:04:08,196] {processor.py:641} INFO - Processing file /home/airflow/.local/lib/python3.7/site-packages/airflow/example_dags/example_dag_decorator.py for tasks to queue
[2022-08-15 03:04:08,199] {logging_mixin.py:115} INFO - [2022-08-15 03:04:08,199] {dagbag.py:508} INFO - Filling up the DagBag from /home/airflow/.local/lib/python3.7/site-packages/airflow/example_dags/example_dag_decorator.py
[2022-08-15 03:04:08,292] {processor.py:651} INFO - DAG(s) dict_keys(['example_dag_decorator']) retrieved from /home/airflow/.local/lib/python3.7/site-packages/airflow/example_dags/example_dag_decorator.py
[2022-08-15 03:04:08,617] {logging_mixin.py:115} INFO - [2022-08-15 03:04:08,617] {dag.py:2420} INFO - Sync 1 DAGs
[2022-08-15 03:04:08,672] {logging_mixin.py:115} INFO - [2022-08-15 03:04:08,672] {dag.py:2972} INFO - Setting next_dagrun for example_dag_decorator to None, run_after=None
[2022-08-15 03:04:08,726] {processor.py:161} INFO - Processing /home/airflow/.local/lib/python3.7/site-packages/airflow/example_dags/example_dag_decorator.py took 0.547 seconds
[2022-08-15 03:04:39,514] {processor.py:153} INFO - Started process (PID=3209) to work on /home/airflow/.local/lib/python3.7/site-packages/airflow/example_dags/example_dag_decorator.py
[2022-08-15 03:04:39,516] {processor.py:641} INFO - Processing file /home/airflow/.local/lib/python3.7/site-packages/airflow/example_dags/example_dag_decorator.py for tasks to queue
[2022-08-15 03:04:39,519] {logging_mixin.py:115} INFO - [2022-08-15 03:04:39,519] {dagbag.py:508} INFO - Filling up the DagBag from /home/airflow/.local/lib/python3.7/site-packages/airflow/example_dags/example_dag_decorator.py
[2022-08-15 03:04:39,565] {processor.py:651} INFO - DAG(s) dict_keys(['example_dag_decorator']) retrieved from /home/airflow/.local/lib/python3.7/site-packages/airflow/example_dags/example_dag_decorator.py
[2022-08-15 03:04:39,609] {logging_mixin.py:115} INFO - [2022-08-15 03:04:39,609] {dag.py:2420} INFO - Sync 1 DAGs
[2022-08-15 03:04:39,655] {logging_mixin.py:115} INFO - [2022-08-15 03:04:39,655] {dag.py:2972} INFO - Setting next_dagrun for example_dag_decorator to None, run_after=None
[2022-08-15 03:04:39,677] {processor.py:161} INFO - Processing /home/airflow/.local/lib/python3.7/site-packages/airflow/example_dags/example_dag_decorator.py took 0.170 seconds
[2022-08-15 03:05:09,982] {processor.py:153} INFO - Started process (PID=3264) to work on /home/airflow/.local/lib/python3.7/site-packages/airflow/example_dags/example_dag_decorator.py
[2022-08-15 03:05:09,992] {processor.py:641} INFO - Processing file /home/airflow/.local/lib/python3.7/site-packages/airflow/example_dags/example_dag_decorator.py for tasks to queue
[2022-08-15 03:05:09,997] {logging_mixin.py:115} INFO - [2022-08-15 03:05:09,996] {dagbag.py:508} INFO - Filling up the DagBag from /home/airflow/.local/lib/python3.7/site-packages/airflow/example_dags/example_dag_decorator.py
[2022-08-15 03:05:10,054] {processor.py:651} INFO - DAG(s) dict_keys(['example_dag_decorator']) retrieved from /home/airflow/.local/lib/python3.7/site-packages/airflow/example_dags/example_dag_decorator.py
[2022-08-15 03:05:10,180] {logging_mixin.py:115} INFO - [2022-08-15 03:05:10,179] {dag.py:2420} INFO - Sync 1 DAGs
[2022-08-15 03:05:10,220] {logging_mixin.py:115} INFO - [2022-08-15 03:05:10,219] {dag.py:2972} INFO - Setting next_dagrun for example_dag_decorator to None, run_after=None
[2022-08-15 03:05:10,253] {processor.py:161} INFO - Processing /home/airflow/.local/lib/python3.7/site-packages/airflow/example_dags/example_dag_decorator.py took 0.281 seconds
[2022-08-15 03:05:40,746] {processor.py:153} INFO - Started process (PID=3319) to work on /home/airflow/.local/lib/python3.7/site-packages/airflow/example_dags/example_dag_decorator.py
[2022-08-15 03:05:40,748] {processor.py:641} INFO - Processing file /home/airflow/.local/lib/python3.7/site-packages/airflow/example_dags/example_dag_decorator.py for tasks to queue
[2022-08-15 03:05:40,752] {logging_mixin.py:115} INFO - [2022-08-15 03:05:40,752] {dagbag.py:508} INFO - Filling up the DagBag from /home/airflow/.local/lib/python3.7/site-packages/airflow/example_dags/example_dag_decorator.py
[2022-08-15 03:05:40,842] {processor.py:651} INFO - DAG(s) dict_keys(['example_dag_decorator']) retrieved from /home/airflow/.local/lib/python3.7/site-packages/airflow/example_dags/example_dag_decorator.py
[2022-08-15 03:05:41,005] {logging_mixin.py:115} INFO - [2022-08-15 03:05:41,005] {dag.py:2420} INFO - Sync 1 DAGs
[2022-08-15 03:05:41,055] {logging_mixin.py:115} INFO - [2022-08-15 03:05:41,055] {dag.py:2972} INFO - Setting next_dagrun for example_dag_decorator to None, run_after=None
[2022-08-15 03:05:41,089] {processor.py:161} INFO - Processing /home/airflow/.local/lib/python3.7/site-packages/airflow/example_dags/example_dag_decorator.py took 0.356 seconds
[2022-08-15 03:06:11,225] {processor.py:153} INFO - Started process (PID=3384) to work on /home/airflow/.local/lib/python3.7/site-packages/airflow/example_dags/example_dag_decorator.py
[2022-08-15 03:06:11,227] {processor.py:641} INFO - Processing file /home/airflow/.local/lib/python3.7/site-packages/airflow/example_dags/example_dag_decorator.py for tasks to queue
[2022-08-15 03:06:11,235] {logging_mixin.py:115} INFO - [2022-08-15 03:06:11,235] {dagbag.py:508} INFO - Filling up the DagBag from /home/airflow/.local/lib/python3.7/site-packages/airflow/example_dags/example_dag_decorator.py
[2022-08-15 03:06:11,282] {processor.py:651} INFO - DAG(s) dict_keys(['example_dag_decorator']) retrieved from /home/airflow/.local/lib/python3.7/site-packages/airflow/example_dags/example_dag_decorator.py
[2022-08-15 03:06:11,377] {logging_mixin.py:115} INFO - [2022-08-15 03:06:11,377] {dag.py:2420} INFO - Sync 1 DAGs
[2022-08-15 03:06:11,416] {logging_mixin.py:115} INFO - [2022-08-15 03:06:11,416] {dag.py:2972} INFO - Setting next_dagrun for example_dag_decorator to None, run_after=None
[2022-08-15 03:06:11,446] {processor.py:161} INFO - Processing /home/airflow/.local/lib/python3.7/site-packages/airflow/example_dags/example_dag_decorator.py took 0.229 seconds
[2022-08-15 03:06:41,653] {processor.py:153} INFO - Started process (PID=3437) to work on /home/airflow/.local/lib/python3.7/site-packages/airflow/example_dags/example_dag_decorator.py
[2022-08-15 03:06:41,655] {processor.py:641} INFO - Processing file /home/airflow/.local/lib/python3.7/site-packages/airflow/example_dags/example_dag_decorator.py for tasks to queue
[2022-08-15 03:06:41,657] {logging_mixin.py:115} INFO - [2022-08-15 03:06:41,657] {dagbag.py:508} INFO - Filling up the DagBag from /home/airflow/.local/lib/python3.7/site-packages/airflow/example_dags/example_dag_decorator.py
[2022-08-15 03:06:41,728] {processor.py:651} INFO - DAG(s) dict_keys(['example_dag_decorator']) retrieved from /home/airflow/.local/lib/python3.7/site-packages/airflow/example_dags/example_dag_decorator.py
[2022-08-15 03:06:41,918] {logging_mixin.py:115} INFO - [2022-08-15 03:06:41,918] {dag.py:2420} INFO - Sync 1 DAGs
[2022-08-15 03:06:41,953] {logging_mixin.py:115} INFO - [2022-08-15 03:06:41,952] {dag.py:2972} INFO - Setting next_dagrun for example_dag_decorator to None, run_after=None
[2022-08-15 03:06:41,990] {processor.py:161} INFO - Processing /home/airflow/.local/lib/python3.7/site-packages/airflow/example_dags/example_dag_decorator.py took 0.343 seconds
[2022-08-15 03:07:12,399] {processor.py:153} INFO - Started process (PID=3499) to work on /home/airflow/.local/lib/python3.7/site-packages/airflow/example_dags/example_dag_decorator.py
[2022-08-15 03:07:12,401] {processor.py:641} INFO - Processing file /home/airflow/.local/lib/python3.7/site-packages/airflow/example_dags/example_dag_decorator.py for tasks to queue
[2022-08-15 03:07:12,406] {logging_mixin.py:115} INFO - [2022-08-15 03:07:12,406] {dagbag.py:508} INFO - Filling up the DagBag from /home/airflow/.local/lib/python3.7/site-packages/airflow/example_dags/example_dag_decorator.py
[2022-08-15 03:07:12,580] {processor.py:651} INFO - DAG(s) dict_keys(['example_dag_decorator']) retrieved from /home/airflow/.local/lib/python3.7/site-packages/airflow/example_dags/example_dag_decorator.py
[2022-08-15 03:07:13,034] {logging_mixin.py:115} INFO - [2022-08-15 03:07:13,034] {dag.py:2420} INFO - Sync 1 DAGs
[2022-08-15 03:07:13,145] {logging_mixin.py:115} INFO - [2022-08-15 03:07:13,145] {dag.py:2972} INFO - Setting next_dagrun for example_dag_decorator to None, run_after=None
[2022-08-15 03:07:13,238] {processor.py:161} INFO - Processing /home/airflow/.local/lib/python3.7/site-packages/airflow/example_dags/example_dag_decorator.py took 0.863 seconds
[2022-08-15 03:07:43,425] {processor.py:153} INFO - Started process (PID=3557) to work on /home/airflow/.local/lib/python3.7/site-packages/airflow/example_dags/example_dag_decorator.py
[2022-08-15 03:07:43,427] {processor.py:641} INFO - Processing file /home/airflow/.local/lib/python3.7/site-packages/airflow/example_dags/example_dag_decorator.py for tasks to queue
[2022-08-15 03:07:43,443] {logging_mixin.py:115} INFO - [2022-08-15 03:07:43,443] {dagbag.py:508} INFO - Filling up the DagBag from /home/airflow/.local/lib/python3.7/site-packages/airflow/example_dags/example_dag_decorator.py
[2022-08-15 03:07:43,491] {processor.py:651} INFO - DAG(s) dict_keys(['example_dag_decorator']) retrieved from /home/airflow/.local/lib/python3.7/site-packages/airflow/example_dags/example_dag_decorator.py
[2022-08-15 03:07:43,677] {logging_mixin.py:115} INFO - [2022-08-15 03:07:43,677] {dag.py:2420} INFO - Sync 1 DAGs
[2022-08-15 03:07:43,716] {logging_mixin.py:115} INFO - [2022-08-15 03:07:43,716] {dag.py:2972} INFO - Setting next_dagrun for example_dag_decorator to None, run_after=None
[2022-08-15 03:07:43,741] {processor.py:161} INFO - Processing /home/airflow/.local/lib/python3.7/site-packages/airflow/example_dags/example_dag_decorator.py took 0.324 seconds
[2022-08-15 03:08:14,312] {processor.py:153} INFO - Started process (PID=3609) to work on /home/airflow/.local/lib/python3.7/site-packages/airflow/example_dags/example_dag_decorator.py
[2022-08-15 03:08:14,316] {processor.py:641} INFO - Processing file /home/airflow/.local/lib/python3.7/site-packages/airflow/example_dags/example_dag_decorator.py for tasks to queue
[2022-08-15 03:08:14,320] {logging_mixin.py:115} INFO - [2022-08-15 03:08:14,320] {dagbag.py:508} INFO - Filling up the DagBag from /home/airflow/.local/lib/python3.7/site-packages/airflow/example_dags/example_dag_decorator.py
[2022-08-15 03:08:14,381] {processor.py:651} INFO - DAG(s) dict_keys(['example_dag_decorator']) retrieved from /home/airflow/.local/lib/python3.7/site-packages/airflow/example_dags/example_dag_decorator.py
[2022-08-15 03:08:14,495] {logging_mixin.py:115} INFO - [2022-08-15 03:08:14,495] {dag.py:2420} INFO - Sync 1 DAGs
[2022-08-15 03:08:14,547] {logging_mixin.py:115} INFO - [2022-08-15 03:08:14,547] {dag.py:2972} INFO - Setting next_dagrun for example_dag_decorator to None, run_after=None
[2022-08-15 03:08:14,584] {processor.py:161} INFO - Processing /home/airflow/.local/lib/python3.7/site-packages/airflow/example_dags/example_dag_decorator.py took 0.286 seconds
[2022-08-15 03:08:44,923] {processor.py:153} INFO - Started process (PID=3662) to work on /home/airflow/.local/lib/python3.7/site-packages/airflow/example_dags/example_dag_decorator.py
[2022-08-15 03:08:44,925] {processor.py:641} INFO - Processing file /home/airflow/.local/lib/python3.7/site-packages/airflow/example_dags/example_dag_decorator.py for tasks to queue
[2022-08-15 03:08:44,931] {logging_mixin.py:115} INFO - [2022-08-15 03:08:44,931] {dagbag.py:508} INFO - Filling up the DagBag from /home/airflow/.local/lib/python3.7/site-packages/airflow/example_dags/example_dag_decorator.py
[2022-08-15 03:08:45,023] {processor.py:651} INFO - DAG(s) dict_keys(['example_dag_decorator']) retrieved from /home/airflow/.local/lib/python3.7/site-packages/airflow/example_dags/example_dag_decorator.py
[2022-08-15 03:08:45,295] {logging_mixin.py:115} INFO - [2022-08-15 03:08:45,285] {dag.py:2420} INFO - Sync 1 DAGs
[2022-08-15 03:08:45,452] {logging_mixin.py:115} INFO - [2022-08-15 03:08:45,452] {dag.py:2972} INFO - Setting next_dagrun for example_dag_decorator to None, run_after=None
[2022-08-15 03:08:45,533] {processor.py:161} INFO - Processing /home/airflow/.local/lib/python3.7/site-packages/airflow/example_dags/example_dag_decorator.py took 0.641 seconds
[2022-08-15 03:09:15,942] {processor.py:153} INFO - Started process (PID=3722) to work on /home/airflow/.local/lib/python3.7/site-packages/airflow/example_dags/example_dag_decorator.py
[2022-08-15 03:09:15,954] {processor.py:641} INFO - Processing file /home/airflow/.local/lib/python3.7/site-packages/airflow/example_dags/example_dag_decorator.py for tasks to queue
[2022-08-15 03:09:15,958] {logging_mixin.py:115} INFO - [2022-08-15 03:09:15,958] {dagbag.py:508} INFO - Filling up the DagBag from /home/airflow/.local/lib/python3.7/site-packages/airflow/example_dags/example_dag_decorator.py
[2022-08-15 03:09:16,137] {processor.py:651} INFO - DAG(s) dict_keys(['example_dag_decorator']) retrieved from /home/airflow/.local/lib/python3.7/site-packages/airflow/example_dags/example_dag_decorator.py
[2022-08-15 03:09:16,463] {logging_mixin.py:115} INFO - [2022-08-15 03:09:16,463] {dag.py:2420} INFO - Sync 1 DAGs
[2022-08-15 03:09:16,626] {logging_mixin.py:115} INFO - [2022-08-15 03:09:16,626] {dag.py:2972} INFO - Setting next_dagrun for example_dag_decorator to None, run_after=None
[2022-08-15 03:09:16,695] {processor.py:161} INFO - Processing /home/airflow/.local/lib/python3.7/site-packages/airflow/example_dags/example_dag_decorator.py took 0.771 seconds
[2022-08-15 03:09:46,841] {processor.py:153} INFO - Started process (PID=3778) to work on /home/airflow/.local/lib/python3.7/site-packages/airflow/example_dags/example_dag_decorator.py
[2022-08-15 03:09:46,844] {processor.py:641} INFO - Processing file /home/airflow/.local/lib/python3.7/site-packages/airflow/example_dags/example_dag_decorator.py for tasks to queue
[2022-08-15 03:09:46,852] {logging_mixin.py:115} INFO - [2022-08-15 03:09:46,851] {dagbag.py:508} INFO - Filling up the DagBag from /home/airflow/.local/lib/python3.7/site-packages/airflow/example_dags/example_dag_decorator.py
[2022-08-15 03:09:47,074] {processor.py:651} INFO - DAG(s) dict_keys(['example_dag_decorator']) retrieved from /home/airflow/.local/lib/python3.7/site-packages/airflow/example_dags/example_dag_decorator.py
[2022-08-15 03:09:47,656] {logging_mixin.py:115} INFO - [2022-08-15 03:09:47,656] {dag.py:2420} INFO - Sync 1 DAGs
[2022-08-15 03:09:47,730] {logging_mixin.py:115} INFO - [2022-08-15 03:09:47,730] {dag.py:2972} INFO - Setting next_dagrun for example_dag_decorator to None, run_after=None
[2022-08-15 03:09:47,772] {processor.py:161} INFO - Processing /home/airflow/.local/lib/python3.7/site-packages/airflow/example_dags/example_dag_decorator.py took 0.938 seconds
[2022-08-15 03:10:18,416] {processor.py:153} INFO - Started process (PID=3836) to work on /home/airflow/.local/lib/python3.7/site-packages/airflow/example_dags/example_dag_decorator.py
[2022-08-15 03:10:18,433] {processor.py:641} INFO - Processing file /home/airflow/.local/lib/python3.7/site-packages/airflow/example_dags/example_dag_decorator.py for tasks to queue
[2022-08-15 03:10:18,470] {logging_mixin.py:115} INFO - [2022-08-15 03:10:18,470] {dagbag.py:508} INFO - Filling up the DagBag from /home/airflow/.local/lib/python3.7/site-packages/airflow/example_dags/example_dag_decorator.py
[2022-08-15 03:10:19,340] {processor.py:651} INFO - DAG(s) dict_keys(['example_dag_decorator']) retrieved from /home/airflow/.local/lib/python3.7/site-packages/airflow/example_dags/example_dag_decorator.py
[2022-08-15 03:10:20,570] {logging_mixin.py:115} INFO - [2022-08-15 03:10:20,570] {dag.py:2420} INFO - Sync 1 DAGs
[2022-08-15 03:10:20,802] {logging_mixin.py:115} INFO - [2022-08-15 03:10:20,802] {dag.py:2972} INFO - Setting next_dagrun for example_dag_decorator to None, run_after=None
[2022-08-15 03:10:20,920] {processor.py:161} INFO - Processing /home/airflow/.local/lib/python3.7/site-packages/airflow/example_dags/example_dag_decorator.py took 2.608 seconds
[2022-08-15 03:10:51,354] {processor.py:153} INFO - Started process (PID=3898) to work on /home/airflow/.local/lib/python3.7/site-packages/airflow/example_dags/example_dag_decorator.py
[2022-08-15 03:10:51,356] {processor.py:641} INFO - Processing file /home/airflow/.local/lib/python3.7/site-packages/airflow/example_dags/example_dag_decorator.py for tasks to queue
[2022-08-15 03:10:51,365] {logging_mixin.py:115} INFO - [2022-08-15 03:10:51,365] {dagbag.py:508} INFO - Filling up the DagBag from /home/airflow/.local/lib/python3.7/site-packages/airflow/example_dags/example_dag_decorator.py
[2022-08-15 03:10:51,452] {processor.py:651} INFO - DAG(s) dict_keys(['example_dag_decorator']) retrieved from /home/airflow/.local/lib/python3.7/site-packages/airflow/example_dags/example_dag_decorator.py
[2022-08-15 03:10:51,520] {logging_mixin.py:115} INFO - [2022-08-15 03:10:51,520] {dag.py:2420} INFO - Sync 1 DAGs
[2022-08-15 03:10:51,605] {logging_mixin.py:115} INFO - [2022-08-15 03:10:51,604] {dag.py:2972} INFO - Setting next_dagrun for example_dag_decorator to None, run_after=None
[2022-08-15 03:10:51,651] {processor.py:161} INFO - Processing /home/airflow/.local/lib/python3.7/site-packages/airflow/example_dags/example_dag_decorator.py took 0.307 seconds
[2022-08-15 03:11:21,977] {processor.py:153} INFO - Started process (PID=3950) to work on /home/airflow/.local/lib/python3.7/site-packages/airflow/example_dags/example_dag_decorator.py
[2022-08-15 03:11:21,983] {processor.py:641} INFO - Processing file /home/airflow/.local/lib/python3.7/site-packages/airflow/example_dags/example_dag_decorator.py for tasks to queue
[2022-08-15 03:11:21,987] {logging_mixin.py:115} INFO - [2022-08-15 03:11:21,987] {dagbag.py:508} INFO - Filling up the DagBag from /home/airflow/.local/lib/python3.7/site-packages/airflow/example_dags/example_dag_decorator.py
[2022-08-15 03:11:22,055] {processor.py:651} INFO - DAG(s) dict_keys(['example_dag_decorator']) retrieved from /home/airflow/.local/lib/python3.7/site-packages/airflow/example_dags/example_dag_decorator.py
[2022-08-15 03:11:22,202] {logging_mixin.py:115} INFO - [2022-08-15 03:11:22,202] {dag.py:2420} INFO - Sync 1 DAGs
[2022-08-15 03:11:22,243] {logging_mixin.py:115} INFO - [2022-08-15 03:11:22,243] {dag.py:2972} INFO - Setting next_dagrun for example_dag_decorator to None, run_after=None
[2022-08-15 03:11:22,276] {processor.py:161} INFO - Processing /home/airflow/.local/lib/python3.7/site-packages/airflow/example_dags/example_dag_decorator.py took 0.309 seconds
[2022-08-15 03:11:52,655] {processor.py:153} INFO - Started process (PID=4004) to work on /home/airflow/.local/lib/python3.7/site-packages/airflow/example_dags/example_dag_decorator.py
[2022-08-15 03:11:52,657] {processor.py:641} INFO - Processing file /home/airflow/.local/lib/python3.7/site-packages/airflow/example_dags/example_dag_decorator.py for tasks to queue
[2022-08-15 03:11:52,659] {logging_mixin.py:115} INFO - [2022-08-15 03:11:52,659] {dagbag.py:508} INFO - Filling up the DagBag from /home/airflow/.local/lib/python3.7/site-packages/airflow/example_dags/example_dag_decorator.py
[2022-08-15 03:11:52,705] {processor.py:651} INFO - DAG(s) dict_keys(['example_dag_decorator']) retrieved from /home/airflow/.local/lib/python3.7/site-packages/airflow/example_dags/example_dag_decorator.py
[2022-08-15 03:11:52,858] {logging_mixin.py:115} INFO - [2022-08-15 03:11:52,858] {dag.py:2420} INFO - Sync 1 DAGs
[2022-08-15 03:11:52,901] {logging_mixin.py:115} INFO - [2022-08-15 03:11:52,901] {dag.py:2972} INFO - Setting next_dagrun for example_dag_decorator to None, run_after=None
[2022-08-15 03:11:52,924] {processor.py:161} INFO - Processing /home/airflow/.local/lib/python3.7/site-packages/airflow/example_dags/example_dag_decorator.py took 0.279 seconds
[2022-08-15 03:12:23,395] {processor.py:153} INFO - Started process (PID=4060) to work on /home/airflow/.local/lib/python3.7/site-packages/airflow/example_dags/example_dag_decorator.py
[2022-08-15 03:12:23,399] {processor.py:641} INFO - Processing file /home/airflow/.local/lib/python3.7/site-packages/airflow/example_dags/example_dag_decorator.py for tasks to queue
[2022-08-15 03:12:23,404] {logging_mixin.py:115} INFO - [2022-08-15 03:12:23,403] {dagbag.py:508} INFO - Filling up the DagBag from /home/airflow/.local/lib/python3.7/site-packages/airflow/example_dags/example_dag_decorator.py
[2022-08-15 03:12:23,512] {processor.py:651} INFO - DAG(s) dict_keys(['example_dag_decorator']) retrieved from /home/airflow/.local/lib/python3.7/site-packages/airflow/example_dags/example_dag_decorator.py
[2022-08-15 03:12:23,682] {logging_mixin.py:115} INFO - [2022-08-15 03:12:23,682] {dag.py:2420} INFO - Sync 1 DAGs
[2022-08-15 03:12:23,721] {logging_mixin.py:115} INFO - [2022-08-15 03:12:23,721] {dag.py:2972} INFO - Setting next_dagrun for example_dag_decorator to None, run_after=None
[2022-08-15 03:12:23,744] {processor.py:161} INFO - Processing /home/airflow/.local/lib/python3.7/site-packages/airflow/example_dags/example_dag_decorator.py took 0.361 seconds
[2022-08-15 03:12:54,002] {processor.py:153} INFO - Started process (PID=4122) to work on /home/airflow/.local/lib/python3.7/site-packages/airflow/example_dags/example_dag_decorator.py
[2022-08-15 03:12:54,004] {processor.py:641} INFO - Processing file /home/airflow/.local/lib/python3.7/site-packages/airflow/example_dags/example_dag_decorator.py for tasks to queue
[2022-08-15 03:12:54,006] {logging_mixin.py:115} INFO - [2022-08-15 03:12:54,006] {dagbag.py:508} INFO - Filling up the DagBag from /home/airflow/.local/lib/python3.7/site-packages/airflow/example_dags/example_dag_decorator.py
[2022-08-15 03:12:54,062] {processor.py:651} INFO - DAG(s) dict_keys(['example_dag_decorator']) retrieved from /home/airflow/.local/lib/python3.7/site-packages/airflow/example_dags/example_dag_decorator.py
[2022-08-15 03:12:54,217] {logging_mixin.py:115} INFO - [2022-08-15 03:12:54,217] {dag.py:2420} INFO - Sync 1 DAGs
[2022-08-15 03:12:54,257] {logging_mixin.py:115} INFO - [2022-08-15 03:12:54,257] {dag.py:2972} INFO - Setting next_dagrun for example_dag_decorator to None, run_after=None
[2022-08-15 03:12:54,299] {processor.py:161} INFO - Processing /home/airflow/.local/lib/python3.7/site-packages/airflow/example_dags/example_dag_decorator.py took 0.306 seconds
[2022-08-15 03:13:24,412] {processor.py:153} INFO - Started process (PID=4176) to work on /home/airflow/.local/lib/python3.7/site-packages/airflow/example_dags/example_dag_decorator.py
[2022-08-15 03:13:24,414] {processor.py:641} INFO - Processing file /home/airflow/.local/lib/python3.7/site-packages/airflow/example_dags/example_dag_decorator.py for tasks to queue
[2022-08-15 03:13:24,416] {logging_mixin.py:115} INFO - [2022-08-15 03:13:24,416] {dagbag.py:508} INFO - Filling up the DagBag from /home/airflow/.local/lib/python3.7/site-packages/airflow/example_dags/example_dag_decorator.py
[2022-08-15 03:13:24,463] {processor.py:651} INFO - DAG(s) dict_keys(['example_dag_decorator']) retrieved from /home/airflow/.local/lib/python3.7/site-packages/airflow/example_dags/example_dag_decorator.py
[2022-08-15 03:13:24,604] {logging_mixin.py:115} INFO - [2022-08-15 03:13:24,603] {dag.py:2420} INFO - Sync 1 DAGs
[2022-08-15 03:13:24,665] {logging_mixin.py:115} INFO - [2022-08-15 03:13:24,664] {dag.py:2972} INFO - Setting next_dagrun for example_dag_decorator to None, run_after=None
[2022-08-15 03:13:24,712] {processor.py:161} INFO - Processing /home/airflow/.local/lib/python3.7/site-packages/airflow/example_dags/example_dag_decorator.py took 0.309 seconds
[2022-08-15 03:13:55,213] {processor.py:153} INFO - Started process (PID=4232) to work on /home/airflow/.local/lib/python3.7/site-packages/airflow/example_dags/example_dag_decorator.py
[2022-08-15 03:13:55,216] {processor.py:641} INFO - Processing file /home/airflow/.local/lib/python3.7/site-packages/airflow/example_dags/example_dag_decorator.py for tasks to queue
[2022-08-15 03:13:55,219] {logging_mixin.py:115} INFO - [2022-08-15 03:13:55,218] {dagbag.py:508} INFO - Filling up the DagBag from /home/airflow/.local/lib/python3.7/site-packages/airflow/example_dags/example_dag_decorator.py
[2022-08-15 03:13:55,270] {processor.py:651} INFO - DAG(s) dict_keys(['example_dag_decorator']) retrieved from /home/airflow/.local/lib/python3.7/site-packages/airflow/example_dags/example_dag_decorator.py
[2022-08-15 03:13:55,513] {logging_mixin.py:115} INFO - [2022-08-15 03:13:55,513] {dag.py:2420} INFO - Sync 1 DAGs
[2022-08-15 03:13:55,555] {logging_mixin.py:115} INFO - [2022-08-15 03:13:55,554] {dag.py:2972} INFO - Setting next_dagrun for example_dag_decorator to None, run_after=None
[2022-08-15 03:13:55,582] {processor.py:161} INFO - Processing /home/airflow/.local/lib/python3.7/site-packages/airflow/example_dags/example_dag_decorator.py took 0.378 seconds
[2022-08-15 03:14:25,686] {processor.py:153} INFO - Started process (PID=4287) to work on /home/airflow/.local/lib/python3.7/site-packages/airflow/example_dags/example_dag_decorator.py
[2022-08-15 03:14:25,688] {processor.py:641} INFO - Processing file /home/airflow/.local/lib/python3.7/site-packages/airflow/example_dags/example_dag_decorator.py for tasks to queue
[2022-08-15 03:14:25,697] {logging_mixin.py:115} INFO - [2022-08-15 03:14:25,696] {dagbag.py:508} INFO - Filling up the DagBag from /home/airflow/.local/lib/python3.7/site-packages/airflow/example_dags/example_dag_decorator.py
[2022-08-15 03:14:25,747] {processor.py:651} INFO - DAG(s) dict_keys(['example_dag_decorator']) retrieved from /home/airflow/.local/lib/python3.7/site-packages/airflow/example_dags/example_dag_decorator.py
[2022-08-15 03:14:25,901] {logging_mixin.py:115} INFO - [2022-08-15 03:14:25,901] {dag.py:2420} INFO - Sync 1 DAGs
[2022-08-15 03:14:25,940] {logging_mixin.py:115} INFO - [2022-08-15 03:14:25,940] {dag.py:2972} INFO - Setting next_dagrun for example_dag_decorator to None, run_after=None
[2022-08-15 03:14:25,971] {processor.py:161} INFO - Processing /home/airflow/.local/lib/python3.7/site-packages/airflow/example_dags/example_dag_decorator.py took 0.294 seconds
