[2022-08-15 02:56:24,273] {processor.py:153} INFO - Started process (PID=2286) to work on /home/airflow/.local/lib/python3.7/site-packages/airflow/example_dags/example_branch_operator_decorator.py
[2022-08-15 02:56:24,279] {processor.py:641} INFO - Processing file /home/airflow/.local/lib/python3.7/site-packages/airflow/example_dags/example_branch_operator_decorator.py for tasks to queue
[2022-08-15 02:56:24,286] {logging_mixin.py:115} INFO - [2022-08-15 02:56:24,285] {dagbag.py:508} INFO - Filling up the DagBag from /home/airflow/.local/lib/python3.7/site-packages/airflow/example_dags/example_branch_operator_decorator.py
[2022-08-15 02:56:24,539] {processor.py:651} INFO - DAG(s) dict_keys(['example_branch_python_operator_decorator']) retrieved from /home/airflow/.local/lib/python3.7/site-packages/airflow/example_dags/example_branch_operator_decorator.py
[2022-08-15 02:56:24,816] {logging_mixin.py:115} INFO - [2022-08-15 02:56:24,815] {dag.py:2420} INFO - Sync 1 DAGs
[2022-08-15 02:56:25,030] {logging_mixin.py:115} INFO - [2022-08-15 02:56:25,030] {dag.py:2972} INFO - Setting next_dagrun for example_branch_python_operator_decorator to 2022-08-14T00:00:00+00:00, run_after=2022-08-15T00:00:00+00:00
[2022-08-15 02:56:25,078] {processor.py:161} INFO - Processing /home/airflow/.local/lib/python3.7/site-packages/airflow/example_dags/example_branch_operator_decorator.py took 0.831 seconds
[2022-08-15 02:56:55,257] {processor.py:153} INFO - Started process (PID=2339) to work on /home/airflow/.local/lib/python3.7/site-packages/airflow/example_dags/example_branch_operator_decorator.py
[2022-08-15 02:56:55,259] {processor.py:641} INFO - Processing file /home/airflow/.local/lib/python3.7/site-packages/airflow/example_dags/example_branch_operator_decorator.py for tasks to queue
[2022-08-15 02:56:55,263] {logging_mixin.py:115} INFO - [2022-08-15 02:56:55,263] {dagbag.py:508} INFO - Filling up the DagBag from /home/airflow/.local/lib/python3.7/site-packages/airflow/example_dags/example_branch_operator_decorator.py
[2022-08-15 02:56:55,311] {processor.py:651} INFO - DAG(s) dict_keys(['example_branch_python_operator_decorator']) retrieved from /home/airflow/.local/lib/python3.7/site-packages/airflow/example_dags/example_branch_operator_decorator.py
[2022-08-15 02:56:55,383] {logging_mixin.py:115} INFO - [2022-08-15 02:56:55,383] {dag.py:2420} INFO - Sync 1 DAGs
[2022-08-15 02:56:55,450] {logging_mixin.py:115} INFO - [2022-08-15 02:56:55,449] {dag.py:2972} INFO - Setting next_dagrun for example_branch_python_operator_decorator to 2022-08-14T00:00:00+00:00, run_after=2022-08-15T00:00:00+00:00
[2022-08-15 02:56:55,473] {processor.py:161} INFO - Processing /home/airflow/.local/lib/python3.7/site-packages/airflow/example_dags/example_branch_operator_decorator.py took 0.226 seconds
[2022-08-15 02:57:26,057] {processor.py:153} INFO - Started process (PID=2392) to work on /home/airflow/.local/lib/python3.7/site-packages/airflow/example_dags/example_branch_operator_decorator.py
[2022-08-15 02:57:26,059] {processor.py:641} INFO - Processing file /home/airflow/.local/lib/python3.7/site-packages/airflow/example_dags/example_branch_operator_decorator.py for tasks to queue
[2022-08-15 02:57:26,062] {logging_mixin.py:115} INFO - [2022-08-15 02:57:26,062] {dagbag.py:508} INFO - Filling up the DagBag from /home/airflow/.local/lib/python3.7/site-packages/airflow/example_dags/example_branch_operator_decorator.py
[2022-08-15 02:57:26,108] {processor.py:651} INFO - DAG(s) dict_keys(['example_branch_python_operator_decorator']) retrieved from /home/airflow/.local/lib/python3.7/site-packages/airflow/example_dags/example_branch_operator_decorator.py
[2022-08-15 02:57:26,161] {logging_mixin.py:115} INFO - [2022-08-15 02:57:26,161] {dag.py:2420} INFO - Sync 1 DAGs
[2022-08-15 02:57:26,211] {logging_mixin.py:115} INFO - [2022-08-15 02:57:26,211] {dag.py:2972} INFO - Setting next_dagrun for example_branch_python_operator_decorator to 2022-08-14T00:00:00+00:00, run_after=2022-08-15T00:00:00+00:00
[2022-08-15 02:57:26,237] {processor.py:161} INFO - Processing /home/airflow/.local/lib/python3.7/site-packages/airflow/example_dags/example_branch_operator_decorator.py took 0.198 seconds
[2022-08-15 02:57:56,647] {processor.py:153} INFO - Started process (PID=2455) to work on /home/airflow/.local/lib/python3.7/site-packages/airflow/example_dags/example_branch_operator_decorator.py
[2022-08-15 02:57:56,649] {processor.py:641} INFO - Processing file /home/airflow/.local/lib/python3.7/site-packages/airflow/example_dags/example_branch_operator_decorator.py for tasks to queue
[2022-08-15 02:57:56,654] {logging_mixin.py:115} INFO - [2022-08-15 02:57:56,653] {dagbag.py:508} INFO - Filling up the DagBag from /home/airflow/.local/lib/python3.7/site-packages/airflow/example_dags/example_branch_operator_decorator.py
[2022-08-15 02:57:56,776] {processor.py:651} INFO - DAG(s) dict_keys(['example_branch_python_operator_decorator']) retrieved from /home/airflow/.local/lib/python3.7/site-packages/airflow/example_dags/example_branch_operator_decorator.py
[2022-08-15 02:57:56,923] {logging_mixin.py:115} INFO - [2022-08-15 02:57:56,922] {dag.py:2420} INFO - Sync 1 DAGs
[2022-08-15 02:57:57,050] {logging_mixin.py:115} INFO - [2022-08-15 02:57:57,050] {dag.py:2972} INFO - Setting next_dagrun for example_branch_python_operator_decorator to 2022-08-14T00:00:00+00:00, run_after=2022-08-15T00:00:00+00:00
[2022-08-15 02:57:57,117] {processor.py:161} INFO - Processing /home/airflow/.local/lib/python3.7/site-packages/airflow/example_dags/example_branch_operator_decorator.py took 0.491 seconds
[2022-08-15 02:58:27,394] {processor.py:153} INFO - Started process (PID=2510) to work on /home/airflow/.local/lib/python3.7/site-packages/airflow/example_dags/example_branch_operator_decorator.py
[2022-08-15 02:58:27,396] {processor.py:641} INFO - Processing file /home/airflow/.local/lib/python3.7/site-packages/airflow/example_dags/example_branch_operator_decorator.py for tasks to queue
[2022-08-15 02:58:27,398] {logging_mixin.py:115} INFO - [2022-08-15 02:58:27,398] {dagbag.py:508} INFO - Filling up the DagBag from /home/airflow/.local/lib/python3.7/site-packages/airflow/example_dags/example_branch_operator_decorator.py
[2022-08-15 02:58:27,452] {processor.py:651} INFO - DAG(s) dict_keys(['example_branch_python_operator_decorator']) retrieved from /home/airflow/.local/lib/python3.7/site-packages/airflow/example_dags/example_branch_operator_decorator.py
[2022-08-15 02:58:27,558] {logging_mixin.py:115} INFO - [2022-08-15 02:58:27,558] {dag.py:2420} INFO - Sync 1 DAGs
[2022-08-15 02:58:27,648] {logging_mixin.py:115} INFO - [2022-08-15 02:58:27,648] {dag.py:2972} INFO - Setting next_dagrun for example_branch_python_operator_decorator to 2022-08-14T00:00:00+00:00, run_after=2022-08-15T00:00:00+00:00
[2022-08-15 02:58:27,669] {processor.py:161} INFO - Processing /home/airflow/.local/lib/python3.7/site-packages/airflow/example_dags/example_branch_operator_decorator.py took 0.291 seconds
[2022-08-15 02:58:57,853] {processor.py:153} INFO - Started process (PID=2565) to work on /home/airflow/.local/lib/python3.7/site-packages/airflow/example_dags/example_branch_operator_decorator.py
[2022-08-15 02:58:57,855] {processor.py:641} INFO - Processing file /home/airflow/.local/lib/python3.7/site-packages/airflow/example_dags/example_branch_operator_decorator.py for tasks to queue
[2022-08-15 02:58:57,858] {logging_mixin.py:115} INFO - [2022-08-15 02:58:57,857] {dagbag.py:508} INFO - Filling up the DagBag from /home/airflow/.local/lib/python3.7/site-packages/airflow/example_dags/example_branch_operator_decorator.py
[2022-08-15 02:58:57,955] {processor.py:651} INFO - DAG(s) dict_keys(['example_branch_python_operator_decorator']) retrieved from /home/airflow/.local/lib/python3.7/site-packages/airflow/example_dags/example_branch_operator_decorator.py
[2022-08-15 02:58:58,021] {logging_mixin.py:115} INFO - [2022-08-15 02:58:58,021] {dag.py:2420} INFO - Sync 1 DAGs
[2022-08-15 02:58:58,069] {logging_mixin.py:115} INFO - [2022-08-15 02:58:58,069] {dag.py:2972} INFO - Setting next_dagrun for example_branch_python_operator_decorator to 2022-08-14T00:00:00+00:00, run_after=2022-08-15T00:00:00+00:00
[2022-08-15 02:58:58,096] {processor.py:161} INFO - Processing /home/airflow/.local/lib/python3.7/site-packages/airflow/example_dags/example_branch_operator_decorator.py took 0.256 seconds
[2022-08-15 02:59:28,582] {processor.py:153} INFO - Started process (PID=2619) to work on /home/airflow/.local/lib/python3.7/site-packages/airflow/example_dags/example_branch_operator_decorator.py
[2022-08-15 02:59:28,585] {processor.py:641} INFO - Processing file /home/airflow/.local/lib/python3.7/site-packages/airflow/example_dags/example_branch_operator_decorator.py for tasks to queue
[2022-08-15 02:59:28,587] {logging_mixin.py:115} INFO - [2022-08-15 02:59:28,587] {dagbag.py:508} INFO - Filling up the DagBag from /home/airflow/.local/lib/python3.7/site-packages/airflow/example_dags/example_branch_operator_decorator.py
[2022-08-15 02:59:28,628] {processor.py:651} INFO - DAG(s) dict_keys(['example_branch_python_operator_decorator']) retrieved from /home/airflow/.local/lib/python3.7/site-packages/airflow/example_dags/example_branch_operator_decorator.py
[2022-08-15 02:59:28,676] {logging_mixin.py:115} INFO - [2022-08-15 02:59:28,676] {dag.py:2420} INFO - Sync 1 DAGs
[2022-08-15 02:59:28,721] {logging_mixin.py:115} INFO - [2022-08-15 02:59:28,721] {dag.py:2972} INFO - Setting next_dagrun for example_branch_python_operator_decorator to 2022-08-14T00:00:00+00:00, run_after=2022-08-15T00:00:00+00:00
[2022-08-15 02:59:28,745] {processor.py:161} INFO - Processing /home/airflow/.local/lib/python3.7/site-packages/airflow/example_dags/example_branch_operator_decorator.py took 0.171 seconds
[2022-08-15 02:59:58,876] {processor.py:153} INFO - Started process (PID=2682) to work on /home/airflow/.local/lib/python3.7/site-packages/airflow/example_dags/example_branch_operator_decorator.py
[2022-08-15 02:59:58,879] {processor.py:641} INFO - Processing file /home/airflow/.local/lib/python3.7/site-packages/airflow/example_dags/example_branch_operator_decorator.py for tasks to queue
[2022-08-15 02:59:58,882] {logging_mixin.py:115} INFO - [2022-08-15 02:59:58,882] {dagbag.py:508} INFO - Filling up the DagBag from /home/airflow/.local/lib/python3.7/site-packages/airflow/example_dags/example_branch_operator_decorator.py
[2022-08-15 02:59:58,945] {processor.py:651} INFO - DAG(s) dict_keys(['example_branch_python_operator_decorator']) retrieved from /home/airflow/.local/lib/python3.7/site-packages/airflow/example_dags/example_branch_operator_decorator.py
[2022-08-15 02:59:59,005] {logging_mixin.py:115} INFO - [2022-08-15 02:59:59,004] {dag.py:2420} INFO - Sync 1 DAGs
[2022-08-15 02:59:59,085] {logging_mixin.py:115} INFO - [2022-08-15 02:59:59,085] {dag.py:2972} INFO - Setting next_dagrun for example_branch_python_operator_decorator to 2022-08-14T00:00:00+00:00, run_after=2022-08-15T00:00:00+00:00
[2022-08-15 02:59:59,144] {processor.py:161} INFO - Processing /home/airflow/.local/lib/python3.7/site-packages/airflow/example_dags/example_branch_operator_decorator.py took 0.281 seconds
[2022-08-15 03:00:30,216] {processor.py:153} INFO - Started process (PID=2736) to work on /home/airflow/.local/lib/python3.7/site-packages/airflow/example_dags/example_branch_operator_decorator.py
[2022-08-15 03:00:30,224] {processor.py:641} INFO - Processing file /home/airflow/.local/lib/python3.7/site-packages/airflow/example_dags/example_branch_operator_decorator.py for tasks to queue
[2022-08-15 03:00:30,227] {logging_mixin.py:115} INFO - [2022-08-15 03:00:30,227] {dagbag.py:508} INFO - Filling up the DagBag from /home/airflow/.local/lib/python3.7/site-packages/airflow/example_dags/example_branch_operator_decorator.py
[2022-08-15 03:00:30,310] {processor.py:651} INFO - DAG(s) dict_keys(['example_branch_python_operator_decorator']) retrieved from /home/airflow/.local/lib/python3.7/site-packages/airflow/example_dags/example_branch_operator_decorator.py
[2022-08-15 03:00:30,384] {logging_mixin.py:115} INFO - [2022-08-15 03:00:30,384] {dag.py:2420} INFO - Sync 1 DAGs
[2022-08-15 03:00:30,472] {logging_mixin.py:115} INFO - [2022-08-15 03:00:30,472] {dag.py:2972} INFO - Setting next_dagrun for example_branch_python_operator_decorator to 2022-08-14T00:00:00+00:00, run_after=2022-08-15T00:00:00+00:00
[2022-08-15 03:00:30,518] {processor.py:161} INFO - Processing /home/airflow/.local/lib/python3.7/site-packages/airflow/example_dags/example_branch_operator_decorator.py took 0.311 seconds
[2022-08-15 03:01:00,772] {processor.py:153} INFO - Started process (PID=2798) to work on /home/airflow/.local/lib/python3.7/site-packages/airflow/example_dags/example_branch_operator_decorator.py
[2022-08-15 03:01:00,775] {processor.py:641} INFO - Processing file /home/airflow/.local/lib/python3.7/site-packages/airflow/example_dags/example_branch_operator_decorator.py for tasks to queue
[2022-08-15 03:01:00,777] {logging_mixin.py:115} INFO - [2022-08-15 03:01:00,776] {dagbag.py:508} INFO - Filling up the DagBag from /home/airflow/.local/lib/python3.7/site-packages/airflow/example_dags/example_branch_operator_decorator.py
[2022-08-15 03:01:00,871] {processor.py:651} INFO - DAG(s) dict_keys(['example_branch_python_operator_decorator']) retrieved from /home/airflow/.local/lib/python3.7/site-packages/airflow/example_dags/example_branch_operator_decorator.py
[2022-08-15 03:01:00,961] {logging_mixin.py:115} INFO - [2022-08-15 03:01:00,961] {dag.py:2420} INFO - Sync 1 DAGs
[2022-08-15 03:01:01,009] {logging_mixin.py:115} INFO - [2022-08-15 03:01:01,009] {dag.py:2972} INFO - Setting next_dagrun for example_branch_python_operator_decorator to 2022-08-14T00:00:00+00:00, run_after=2022-08-15T00:00:00+00:00
[2022-08-15 03:01:01,036] {processor.py:161} INFO - Processing /home/airflow/.local/lib/python3.7/site-packages/airflow/example_dags/example_branch_operator_decorator.py took 0.275 seconds
[2022-08-15 03:01:32,114] {processor.py:153} INFO - Started process (PID=2852) to work on /home/airflow/.local/lib/python3.7/site-packages/airflow/example_dags/example_branch_operator_decorator.py
[2022-08-15 03:01:32,117] {processor.py:641} INFO - Processing file /home/airflow/.local/lib/python3.7/site-packages/airflow/example_dags/example_branch_operator_decorator.py for tasks to queue
[2022-08-15 03:01:32,130] {logging_mixin.py:115} INFO - [2022-08-15 03:01:32,129] {dagbag.py:508} INFO - Filling up the DagBag from /home/airflow/.local/lib/python3.7/site-packages/airflow/example_dags/example_branch_operator_decorator.py
[2022-08-15 03:01:32,256] {processor.py:651} INFO - DAG(s) dict_keys(['example_branch_python_operator_decorator']) retrieved from /home/airflow/.local/lib/python3.7/site-packages/airflow/example_dags/example_branch_operator_decorator.py
[2022-08-15 03:01:32,311] {logging_mixin.py:115} INFO - [2022-08-15 03:01:32,311] {dag.py:2420} INFO - Sync 1 DAGs
[2022-08-15 03:01:32,354] {logging_mixin.py:115} INFO - [2022-08-15 03:01:32,354] {dag.py:2972} INFO - Setting next_dagrun for example_branch_python_operator_decorator to 2022-08-14T00:00:00+00:00, run_after=2022-08-15T00:00:00+00:00
[2022-08-15 03:01:32,378] {processor.py:161} INFO - Processing /home/airflow/.local/lib/python3.7/site-packages/airflow/example_dags/example_branch_operator_decorator.py took 0.278 seconds
[2022-08-15 03:02:02,650] {processor.py:153} INFO - Started process (PID=2920) to work on /home/airflow/.local/lib/python3.7/site-packages/airflow/example_dags/example_branch_operator_decorator.py
[2022-08-15 03:02:02,661] {processor.py:641} INFO - Processing file /home/airflow/.local/lib/python3.7/site-packages/airflow/example_dags/example_branch_operator_decorator.py for tasks to queue
[2022-08-15 03:02:02,663] {logging_mixin.py:115} INFO - [2022-08-15 03:02:02,663] {dagbag.py:508} INFO - Filling up the DagBag from /home/airflow/.local/lib/python3.7/site-packages/airflow/example_dags/example_branch_operator_decorator.py
[2022-08-15 03:02:02,759] {processor.py:651} INFO - DAG(s) dict_keys(['example_branch_python_operator_decorator']) retrieved from /home/airflow/.local/lib/python3.7/site-packages/airflow/example_dags/example_branch_operator_decorator.py
[2022-08-15 03:02:02,860] {logging_mixin.py:115} INFO - [2022-08-15 03:02:02,860] {dag.py:2420} INFO - Sync 1 DAGs
[2022-08-15 03:02:02,946] {logging_mixin.py:115} INFO - [2022-08-15 03:02:02,946] {dag.py:2972} INFO - Setting next_dagrun for example_branch_python_operator_decorator to 2022-08-14T00:00:00+00:00, run_after=2022-08-15T00:00:00+00:00
[2022-08-15 03:02:03,007] {processor.py:161} INFO - Processing /home/airflow/.local/lib/python3.7/site-packages/airflow/example_dags/example_branch_operator_decorator.py took 0.368 seconds
[2022-08-15 03:02:33,092] {processor.py:153} INFO - Started process (PID=2973) to work on /home/airflow/.local/lib/python3.7/site-packages/airflow/example_dags/example_branch_operator_decorator.py
[2022-08-15 03:02:33,094] {processor.py:641} INFO - Processing file /home/airflow/.local/lib/python3.7/site-packages/airflow/example_dags/example_branch_operator_decorator.py for tasks to queue
[2022-08-15 03:02:33,099] {logging_mixin.py:115} INFO - [2022-08-15 03:02:33,099] {dagbag.py:508} INFO - Filling up the DagBag from /home/airflow/.local/lib/python3.7/site-packages/airflow/example_dags/example_branch_operator_decorator.py
[2022-08-15 03:02:33,149] {processor.py:651} INFO - DAG(s) dict_keys(['example_branch_python_operator_decorator']) retrieved from /home/airflow/.local/lib/python3.7/site-packages/airflow/example_dags/example_branch_operator_decorator.py
[2022-08-15 03:02:33,233] {logging_mixin.py:115} INFO - [2022-08-15 03:02:33,233] {dag.py:2420} INFO - Sync 1 DAGs
[2022-08-15 03:02:33,288] {logging_mixin.py:115} INFO - [2022-08-15 03:02:33,288] {dag.py:2972} INFO - Setting next_dagrun for example_branch_python_operator_decorator to 2022-08-14T00:00:00+00:00, run_after=2022-08-15T00:00:00+00:00
[2022-08-15 03:02:33,316] {processor.py:161} INFO - Processing /home/airflow/.local/lib/python3.7/site-packages/airflow/example_dags/example_branch_operator_decorator.py took 0.233 seconds
[2022-08-15 03:03:03,791] {processor.py:153} INFO - Started process (PID=3027) to work on /home/airflow/.local/lib/python3.7/site-packages/airflow/example_dags/example_branch_operator_decorator.py
[2022-08-15 03:03:03,804] {processor.py:641} INFO - Processing file /home/airflow/.local/lib/python3.7/site-packages/airflow/example_dags/example_branch_operator_decorator.py for tasks to queue
[2022-08-15 03:03:03,813] {logging_mixin.py:115} INFO - [2022-08-15 03:03:03,812] {dagbag.py:508} INFO - Filling up the DagBag from /home/airflow/.local/lib/python3.7/site-packages/airflow/example_dags/example_branch_operator_decorator.py
[2022-08-15 03:03:04,100] {processor.py:651} INFO - DAG(s) dict_keys(['example_branch_python_operator_decorator']) retrieved from /home/airflow/.local/lib/python3.7/site-packages/airflow/example_dags/example_branch_operator_decorator.py
[2022-08-15 03:03:04,268] {logging_mixin.py:115} INFO - [2022-08-15 03:03:04,268] {dag.py:2420} INFO - Sync 1 DAGs
[2022-08-15 03:03:04,379] {logging_mixin.py:115} INFO - [2022-08-15 03:03:04,379] {dag.py:2972} INFO - Setting next_dagrun for example_branch_python_operator_decorator to 2022-08-14T00:00:00+00:00, run_after=2022-08-15T00:00:00+00:00
[2022-08-15 03:03:04,457] {processor.py:161} INFO - Processing /home/airflow/.local/lib/python3.7/site-packages/airflow/example_dags/example_branch_operator_decorator.py took 0.750 seconds
[2022-08-15 03:03:35,057] {processor.py:153} INFO - Started process (PID=3090) to work on /home/airflow/.local/lib/python3.7/site-packages/airflow/example_dags/example_branch_operator_decorator.py
[2022-08-15 03:03:35,058] {processor.py:641} INFO - Processing file /home/airflow/.local/lib/python3.7/site-packages/airflow/example_dags/example_branch_operator_decorator.py for tasks to queue
[2022-08-15 03:03:35,060] {logging_mixin.py:115} INFO - [2022-08-15 03:03:35,060] {dagbag.py:508} INFO - Filling up the DagBag from /home/airflow/.local/lib/python3.7/site-packages/airflow/example_dags/example_branch_operator_decorator.py
[2022-08-15 03:03:35,100] {processor.py:651} INFO - DAG(s) dict_keys(['example_branch_python_operator_decorator']) retrieved from /home/airflow/.local/lib/python3.7/site-packages/airflow/example_dags/example_branch_operator_decorator.py
[2022-08-15 03:03:35,155] {logging_mixin.py:115} INFO - [2022-08-15 03:03:35,155] {dag.py:2420} INFO - Sync 1 DAGs
[2022-08-15 03:03:35,202] {logging_mixin.py:115} INFO - [2022-08-15 03:03:35,201] {dag.py:2972} INFO - Setting next_dagrun for example_branch_python_operator_decorator to 2022-08-14T00:00:00+00:00, run_after=2022-08-15T00:00:00+00:00
[2022-08-15 03:03:35,228] {processor.py:161} INFO - Processing /home/airflow/.local/lib/python3.7/site-packages/airflow/example_dags/example_branch_operator_decorator.py took 0.179 seconds
[2022-08-15 03:04:05,919] {processor.py:153} INFO - Started process (PID=3144) to work on /home/airflow/.local/lib/python3.7/site-packages/airflow/example_dags/example_branch_operator_decorator.py
[2022-08-15 03:04:05,921] {processor.py:641} INFO - Processing file /home/airflow/.local/lib/python3.7/site-packages/airflow/example_dags/example_branch_operator_decorator.py for tasks to queue
[2022-08-15 03:04:05,923] {logging_mixin.py:115} INFO - [2022-08-15 03:04:05,923] {dagbag.py:508} INFO - Filling up the DagBag from /home/airflow/.local/lib/python3.7/site-packages/airflow/example_dags/example_branch_operator_decorator.py
[2022-08-15 03:04:05,980] {processor.py:651} INFO - DAG(s) dict_keys(['example_branch_python_operator_decorator']) retrieved from /home/airflow/.local/lib/python3.7/site-packages/airflow/example_dags/example_branch_operator_decorator.py
[2022-08-15 03:04:06,030] {logging_mixin.py:115} INFO - [2022-08-15 03:04:06,030] {dag.py:2420} INFO - Sync 1 DAGs
[2022-08-15 03:04:06,078] {logging_mixin.py:115} INFO - [2022-08-15 03:04:06,078] {dag.py:2972} INFO - Setting next_dagrun for example_branch_python_operator_decorator to 2022-08-14T00:00:00+00:00, run_after=2022-08-15T00:00:00+00:00
[2022-08-15 03:04:06,113] {processor.py:161} INFO - Processing /home/airflow/.local/lib/python3.7/site-packages/airflow/example_dags/example_branch_operator_decorator.py took 0.203 seconds
[2022-08-15 03:04:36,538] {processor.py:153} INFO - Started process (PID=3204) to work on /home/airflow/.local/lib/python3.7/site-packages/airflow/example_dags/example_branch_operator_decorator.py
[2022-08-15 03:04:36,542] {processor.py:641} INFO - Processing file /home/airflow/.local/lib/python3.7/site-packages/airflow/example_dags/example_branch_operator_decorator.py for tasks to queue
[2022-08-15 03:04:36,545] {logging_mixin.py:115} INFO - [2022-08-15 03:04:36,544] {dagbag.py:508} INFO - Filling up the DagBag from /home/airflow/.local/lib/python3.7/site-packages/airflow/example_dags/example_branch_operator_decorator.py
[2022-08-15 03:04:36,645] {processor.py:651} INFO - DAG(s) dict_keys(['example_branch_python_operator_decorator']) retrieved from /home/airflow/.local/lib/python3.7/site-packages/airflow/example_dags/example_branch_operator_decorator.py
[2022-08-15 03:04:36,766] {logging_mixin.py:115} INFO - [2022-08-15 03:04:36,766] {dag.py:2420} INFO - Sync 1 DAGs
[2022-08-15 03:04:36,878] {logging_mixin.py:115} INFO - [2022-08-15 03:04:36,877] {dag.py:2972} INFO - Setting next_dagrun for example_branch_python_operator_decorator to 2022-08-14T00:00:00+00:00, run_after=2022-08-15T00:00:00+00:00
[2022-08-15 03:04:36,971] {processor.py:161} INFO - Processing /home/airflow/.local/lib/python3.7/site-packages/airflow/example_dags/example_branch_operator_decorator.py took 0.465 seconds
[2022-08-15 03:05:07,457] {processor.py:153} INFO - Started process (PID=3261) to work on /home/airflow/.local/lib/python3.7/site-packages/airflow/example_dags/example_branch_operator_decorator.py
[2022-08-15 03:05:07,459] {processor.py:641} INFO - Processing file /home/airflow/.local/lib/python3.7/site-packages/airflow/example_dags/example_branch_operator_decorator.py for tasks to queue
[2022-08-15 03:05:07,461] {logging_mixin.py:115} INFO - [2022-08-15 03:05:07,461] {dagbag.py:508} INFO - Filling up the DagBag from /home/airflow/.local/lib/python3.7/site-packages/airflow/example_dags/example_branch_operator_decorator.py
[2022-08-15 03:05:07,498] {processor.py:651} INFO - DAG(s) dict_keys(['example_branch_python_operator_decorator']) retrieved from /home/airflow/.local/lib/python3.7/site-packages/airflow/example_dags/example_branch_operator_decorator.py
[2022-08-15 03:05:07,548] {logging_mixin.py:115} INFO - [2022-08-15 03:05:07,548] {dag.py:2420} INFO - Sync 1 DAGs
[2022-08-15 03:05:07,597] {logging_mixin.py:115} INFO - [2022-08-15 03:05:07,597] {dag.py:2972} INFO - Setting next_dagrun for example_branch_python_operator_decorator to 2022-08-14T00:00:00+00:00, run_after=2022-08-15T00:00:00+00:00
[2022-08-15 03:05:07,619] {processor.py:161} INFO - Processing /home/airflow/.local/lib/python3.7/site-packages/airflow/example_dags/example_branch_operator_decorator.py took 0.176 seconds
[2022-08-15 03:05:37,789] {processor.py:153} INFO - Started process (PID=3316) to work on /home/airflow/.local/lib/python3.7/site-packages/airflow/example_dags/example_branch_operator_decorator.py
[2022-08-15 03:05:37,794] {processor.py:641} INFO - Processing file /home/airflow/.local/lib/python3.7/site-packages/airflow/example_dags/example_branch_operator_decorator.py for tasks to queue
[2022-08-15 03:05:37,819] {logging_mixin.py:115} INFO - [2022-08-15 03:05:37,799] {dagbag.py:508} INFO - Filling up the DagBag from /home/airflow/.local/lib/python3.7/site-packages/airflow/example_dags/example_branch_operator_decorator.py
[2022-08-15 03:05:37,912] {processor.py:651} INFO - DAG(s) dict_keys(['example_branch_python_operator_decorator']) retrieved from /home/airflow/.local/lib/python3.7/site-packages/airflow/example_dags/example_branch_operator_decorator.py
[2022-08-15 03:05:38,036] {logging_mixin.py:115} INFO - [2022-08-15 03:05:38,036] {dag.py:2420} INFO - Sync 1 DAGs
[2022-08-15 03:05:38,117] {logging_mixin.py:115} INFO - [2022-08-15 03:05:38,117] {dag.py:2972} INFO - Setting next_dagrun for example_branch_python_operator_decorator to 2022-08-14T00:00:00+00:00, run_after=2022-08-15T00:00:00+00:00
[2022-08-15 03:05:38,177] {processor.py:161} INFO - Processing /home/airflow/.local/lib/python3.7/site-packages/airflow/example_dags/example_branch_operator_decorator.py took 0.418 seconds
[2022-08-15 03:06:08,421] {processor.py:153} INFO - Started process (PID=3381) to work on /home/airflow/.local/lib/python3.7/site-packages/airflow/example_dags/example_branch_operator_decorator.py
[2022-08-15 03:06:08,423] {processor.py:641} INFO - Processing file /home/airflow/.local/lib/python3.7/site-packages/airflow/example_dags/example_branch_operator_decorator.py for tasks to queue
[2022-08-15 03:06:08,434] {logging_mixin.py:115} INFO - [2022-08-15 03:06:08,434] {dagbag.py:508} INFO - Filling up the DagBag from /home/airflow/.local/lib/python3.7/site-packages/airflow/example_dags/example_branch_operator_decorator.py
[2022-08-15 03:06:08,574] {processor.py:651} INFO - DAG(s) dict_keys(['example_branch_python_operator_decorator']) retrieved from /home/airflow/.local/lib/python3.7/site-packages/airflow/example_dags/example_branch_operator_decorator.py
[2022-08-15 03:06:08,736] {logging_mixin.py:115} INFO - [2022-08-15 03:06:08,736] {dag.py:2420} INFO - Sync 1 DAGs
[2022-08-15 03:06:08,918] {logging_mixin.py:115} INFO - [2022-08-15 03:06:08,913] {dag.py:2972} INFO - Setting next_dagrun for example_branch_python_operator_decorator to 2022-08-14T00:00:00+00:00, run_after=2022-08-15T00:00:00+00:00
[2022-08-15 03:06:08,972] {processor.py:161} INFO - Processing /home/airflow/.local/lib/python3.7/site-packages/airflow/example_dags/example_branch_operator_decorator.py took 0.580 seconds
[2022-08-15 03:06:39,193] {processor.py:153} INFO - Started process (PID=3434) to work on /home/airflow/.local/lib/python3.7/site-packages/airflow/example_dags/example_branch_operator_decorator.py
[2022-08-15 03:06:39,195] {processor.py:641} INFO - Processing file /home/airflow/.local/lib/python3.7/site-packages/airflow/example_dags/example_branch_operator_decorator.py for tasks to queue
[2022-08-15 03:06:39,199] {logging_mixin.py:115} INFO - [2022-08-15 03:06:39,199] {dagbag.py:508} INFO - Filling up the DagBag from /home/airflow/.local/lib/python3.7/site-packages/airflow/example_dags/example_branch_operator_decorator.py
[2022-08-15 03:06:39,229] {processor.py:651} INFO - DAG(s) dict_keys(['example_branch_python_operator_decorator']) retrieved from /home/airflow/.local/lib/python3.7/site-packages/airflow/example_dags/example_branch_operator_decorator.py
[2022-08-15 03:06:39,273] {logging_mixin.py:115} INFO - [2022-08-15 03:06:39,273] {dag.py:2420} INFO - Sync 1 DAGs
[2022-08-15 03:06:39,328] {logging_mixin.py:115} INFO - [2022-08-15 03:06:39,327] {dag.py:2972} INFO - Setting next_dagrun for example_branch_python_operator_decorator to 2022-08-14T00:00:00+00:00, run_after=2022-08-15T00:00:00+00:00
[2022-08-15 03:06:39,351] {processor.py:161} INFO - Processing /home/airflow/.local/lib/python3.7/site-packages/airflow/example_dags/example_branch_operator_decorator.py took 0.165 seconds
[2022-08-15 03:07:09,557] {processor.py:153} INFO - Started process (PID=3488) to work on /home/airflow/.local/lib/python3.7/site-packages/airflow/example_dags/example_branch_operator_decorator.py
[2022-08-15 03:07:09,558] {processor.py:641} INFO - Processing file /home/airflow/.local/lib/python3.7/site-packages/airflow/example_dags/example_branch_operator_decorator.py for tasks to queue
[2022-08-15 03:07:09,571] {logging_mixin.py:115} INFO - [2022-08-15 03:07:09,571] {dagbag.py:508} INFO - Filling up the DagBag from /home/airflow/.local/lib/python3.7/site-packages/airflow/example_dags/example_branch_operator_decorator.py
[2022-08-15 03:07:09,630] {processor.py:651} INFO - DAG(s) dict_keys(['example_branch_python_operator_decorator']) retrieved from /home/airflow/.local/lib/python3.7/site-packages/airflow/example_dags/example_branch_operator_decorator.py
[2022-08-15 03:07:09,699] {logging_mixin.py:115} INFO - [2022-08-15 03:07:09,699] {dag.py:2420} INFO - Sync 1 DAGs
[2022-08-15 03:07:09,752] {logging_mixin.py:115} INFO - [2022-08-15 03:07:09,752] {dag.py:2972} INFO - Setting next_dagrun for example_branch_python_operator_decorator to 2022-08-14T00:00:00+00:00, run_after=2022-08-15T00:00:00+00:00
[2022-08-15 03:07:09,773] {processor.py:161} INFO - Processing /home/airflow/.local/lib/python3.7/site-packages/airflow/example_dags/example_branch_operator_decorator.py took 0.228 seconds
[2022-08-15 03:07:40,029] {processor.py:153} INFO - Started process (PID=3553) to work on /home/airflow/.local/lib/python3.7/site-packages/airflow/example_dags/example_branch_operator_decorator.py
[2022-08-15 03:07:40,030] {processor.py:641} INFO - Processing file /home/airflow/.local/lib/python3.7/site-packages/airflow/example_dags/example_branch_operator_decorator.py for tasks to queue
[2022-08-15 03:07:40,034] {logging_mixin.py:115} INFO - [2022-08-15 03:07:40,034] {dagbag.py:508} INFO - Filling up the DagBag from /home/airflow/.local/lib/python3.7/site-packages/airflow/example_dags/example_branch_operator_decorator.py
[2022-08-15 03:07:40,092] {processor.py:651} INFO - DAG(s) dict_keys(['example_branch_python_operator_decorator']) retrieved from /home/airflow/.local/lib/python3.7/site-packages/airflow/example_dags/example_branch_operator_decorator.py
[2022-08-15 03:07:40,154] {logging_mixin.py:115} INFO - [2022-08-15 03:07:40,154] {dag.py:2420} INFO - Sync 1 DAGs
[2022-08-15 03:07:40,211] {logging_mixin.py:115} INFO - [2022-08-15 03:07:40,211] {dag.py:2972} INFO - Setting next_dagrun for example_branch_python_operator_decorator to 2022-08-14T00:00:00+00:00, run_after=2022-08-15T00:00:00+00:00
[2022-08-15 03:07:40,235] {processor.py:161} INFO - Processing /home/airflow/.local/lib/python3.7/site-packages/airflow/example_dags/example_branch_operator_decorator.py took 0.220 seconds
[2022-08-15 03:08:10,551] {processor.py:153} INFO - Started process (PID=3606) to work on /home/airflow/.local/lib/python3.7/site-packages/airflow/example_dags/example_branch_operator_decorator.py
[2022-08-15 03:08:10,557] {processor.py:641} INFO - Processing file /home/airflow/.local/lib/python3.7/site-packages/airflow/example_dags/example_branch_operator_decorator.py for tasks to queue
[2022-08-15 03:08:10,562] {logging_mixin.py:115} INFO - [2022-08-15 03:08:10,561] {dagbag.py:508} INFO - Filling up the DagBag from /home/airflow/.local/lib/python3.7/site-packages/airflow/example_dags/example_branch_operator_decorator.py
[2022-08-15 03:08:10,628] {processor.py:651} INFO - DAG(s) dict_keys(['example_branch_python_operator_decorator']) retrieved from /home/airflow/.local/lib/python3.7/site-packages/airflow/example_dags/example_branch_operator_decorator.py
[2022-08-15 03:08:10,769] {logging_mixin.py:115} INFO - [2022-08-15 03:08:10,769] {dag.py:2420} INFO - Sync 1 DAGs
[2022-08-15 03:08:10,978] {logging_mixin.py:115} INFO - [2022-08-15 03:08:10,978] {dag.py:2972} INFO - Setting next_dagrun for example_branch_python_operator_decorator to 2022-08-14T00:00:00+00:00, run_after=2022-08-15T00:00:00+00:00
[2022-08-15 03:08:11,014] {processor.py:161} INFO - Processing /home/airflow/.local/lib/python3.7/site-packages/airflow/example_dags/example_branch_operator_decorator.py took 0.477 seconds
[2022-08-15 03:08:41,105] {processor.py:153} INFO - Started process (PID=3659) to work on /home/airflow/.local/lib/python3.7/site-packages/airflow/example_dags/example_branch_operator_decorator.py
[2022-08-15 03:08:41,107] {processor.py:641} INFO - Processing file /home/airflow/.local/lib/python3.7/site-packages/airflow/example_dags/example_branch_operator_decorator.py for tasks to queue
[2022-08-15 03:08:41,109] {logging_mixin.py:115} INFO - [2022-08-15 03:08:41,109] {dagbag.py:508} INFO - Filling up the DagBag from /home/airflow/.local/lib/python3.7/site-packages/airflow/example_dags/example_branch_operator_decorator.py
[2022-08-15 03:08:41,152] {processor.py:651} INFO - DAG(s) dict_keys(['example_branch_python_operator_decorator']) retrieved from /home/airflow/.local/lib/python3.7/site-packages/airflow/example_dags/example_branch_operator_decorator.py
[2022-08-15 03:08:41,194] {logging_mixin.py:115} INFO - [2022-08-15 03:08:41,194] {dag.py:2420} INFO - Sync 1 DAGs
[2022-08-15 03:08:41,232] {logging_mixin.py:115} INFO - [2022-08-15 03:08:41,231] {dag.py:2972} INFO - Setting next_dagrun for example_branch_python_operator_decorator to 2022-08-14T00:00:00+00:00, run_after=2022-08-15T00:00:00+00:00
[2022-08-15 03:08:41,253] {processor.py:161} INFO - Processing /home/airflow/.local/lib/python3.7/site-packages/airflow/example_dags/example_branch_operator_decorator.py took 0.156 seconds
[2022-08-15 03:09:11,461] {processor.py:153} INFO - Started process (PID=3712) to work on /home/airflow/.local/lib/python3.7/site-packages/airflow/example_dags/example_branch_operator_decorator.py
[2022-08-15 03:09:11,463] {processor.py:641} INFO - Processing file /home/airflow/.local/lib/python3.7/site-packages/airflow/example_dags/example_branch_operator_decorator.py for tasks to queue
[2022-08-15 03:09:11,465] {logging_mixin.py:115} INFO - [2022-08-15 03:09:11,465] {dagbag.py:508} INFO - Filling up the DagBag from /home/airflow/.local/lib/python3.7/site-packages/airflow/example_dags/example_branch_operator_decorator.py
[2022-08-15 03:09:11,502] {processor.py:651} INFO - DAG(s) dict_keys(['example_branch_python_operator_decorator']) retrieved from /home/airflow/.local/lib/python3.7/site-packages/airflow/example_dags/example_branch_operator_decorator.py
[2022-08-15 03:09:11,549] {logging_mixin.py:115} INFO - [2022-08-15 03:09:11,549] {dag.py:2420} INFO - Sync 1 DAGs
[2022-08-15 03:09:11,604] {logging_mixin.py:115} INFO - [2022-08-15 03:09:11,604] {dag.py:2972} INFO - Setting next_dagrun for example_branch_python_operator_decorator to 2022-08-14T00:00:00+00:00, run_after=2022-08-15T00:00:00+00:00
[2022-08-15 03:09:11,632] {processor.py:161} INFO - Processing /home/airflow/.local/lib/python3.7/site-packages/airflow/example_dags/example_branch_operator_decorator.py took 0.183 seconds
[2022-08-15 03:09:42,243] {processor.py:153} INFO - Started process (PID=3775) to work on /home/airflow/.local/lib/python3.7/site-packages/airflow/example_dags/example_branch_operator_decorator.py
[2022-08-15 03:09:42,246] {processor.py:641} INFO - Processing file /home/airflow/.local/lib/python3.7/site-packages/airflow/example_dags/example_branch_operator_decorator.py for tasks to queue
[2022-08-15 03:09:42,263] {logging_mixin.py:115} INFO - [2022-08-15 03:09:42,261] {dagbag.py:508} INFO - Filling up the DagBag from /home/airflow/.local/lib/python3.7/site-packages/airflow/example_dags/example_branch_operator_decorator.py
[2022-08-15 03:09:42,341] {processor.py:651} INFO - DAG(s) dict_keys(['example_branch_python_operator_decorator']) retrieved from /home/airflow/.local/lib/python3.7/site-packages/airflow/example_dags/example_branch_operator_decorator.py
[2022-08-15 03:09:42,398] {logging_mixin.py:115} INFO - [2022-08-15 03:09:42,398] {dag.py:2420} INFO - Sync 1 DAGs
[2022-08-15 03:09:42,495] {logging_mixin.py:115} INFO - [2022-08-15 03:09:42,495] {dag.py:2972} INFO - Setting next_dagrun for example_branch_python_operator_decorator to 2022-08-14T00:00:00+00:00, run_after=2022-08-15T00:00:00+00:00
[2022-08-15 03:09:42,516] {processor.py:161} INFO - Processing /home/airflow/.local/lib/python3.7/site-packages/airflow/example_dags/example_branch_operator_decorator.py took 0.288 seconds
[2022-08-15 03:10:12,593] {processor.py:153} INFO - Started process (PID=3832) to work on /home/airflow/.local/lib/python3.7/site-packages/airflow/example_dags/example_branch_operator_decorator.py
[2022-08-15 03:10:12,594] {processor.py:641} INFO - Processing file /home/airflow/.local/lib/python3.7/site-packages/airflow/example_dags/example_branch_operator_decorator.py for tasks to queue
[2022-08-15 03:10:12,599] {logging_mixin.py:115} INFO - [2022-08-15 03:10:12,599] {dagbag.py:508} INFO - Filling up the DagBag from /home/airflow/.local/lib/python3.7/site-packages/airflow/example_dags/example_branch_operator_decorator.py
[2022-08-15 03:10:12,627] {processor.py:651} INFO - DAG(s) dict_keys(['example_branch_python_operator_decorator']) retrieved from /home/airflow/.local/lib/python3.7/site-packages/airflow/example_dags/example_branch_operator_decorator.py
[2022-08-15 03:10:12,667] {logging_mixin.py:115} INFO - [2022-08-15 03:10:12,667] {dag.py:2420} INFO - Sync 1 DAGs
[2022-08-15 03:10:12,702] {logging_mixin.py:115} INFO - [2022-08-15 03:10:12,702] {dag.py:2972} INFO - Setting next_dagrun for example_branch_python_operator_decorator to 2022-08-14T00:00:00+00:00, run_after=2022-08-15T00:00:00+00:00
[2022-08-15 03:10:12,729] {processor.py:161} INFO - Processing /home/airflow/.local/lib/python3.7/site-packages/airflow/example_dags/example_branch_operator_decorator.py took 0.143 seconds
[2022-08-15 03:10:43,158] {processor.py:153} INFO - Started process (PID=3886) to work on /home/airflow/.local/lib/python3.7/site-packages/airflow/example_dags/example_branch_operator_decorator.py
[2022-08-15 03:10:43,160] {processor.py:641} INFO - Processing file /home/airflow/.local/lib/python3.7/site-packages/airflow/example_dags/example_branch_operator_decorator.py for tasks to queue
[2022-08-15 03:10:43,163] {logging_mixin.py:115} INFO - [2022-08-15 03:10:43,163] {dagbag.py:508} INFO - Filling up the DagBag from /home/airflow/.local/lib/python3.7/site-packages/airflow/example_dags/example_branch_operator_decorator.py
[2022-08-15 03:10:43,214] {processor.py:651} INFO - DAG(s) dict_keys(['example_branch_python_operator_decorator']) retrieved from /home/airflow/.local/lib/python3.7/site-packages/airflow/example_dags/example_branch_operator_decorator.py
[2022-08-15 03:10:43,265] {logging_mixin.py:115} INFO - [2022-08-15 03:10:43,265] {dag.py:2420} INFO - Sync 1 DAGs
[2022-08-15 03:10:43,308] {logging_mixin.py:115} INFO - [2022-08-15 03:10:43,307] {dag.py:2972} INFO - Setting next_dagrun for example_branch_python_operator_decorator to 2022-08-14T00:00:00+00:00, run_after=2022-08-15T00:00:00+00:00
[2022-08-15 03:10:43,331] {processor.py:161} INFO - Processing /home/airflow/.local/lib/python3.7/site-packages/airflow/example_dags/example_branch_operator_decorator.py took 0.184 seconds
[2022-08-15 03:11:13,500] {processor.py:153} INFO - Started process (PID=3938) to work on /home/airflow/.local/lib/python3.7/site-packages/airflow/example_dags/example_branch_operator_decorator.py
[2022-08-15 03:11:13,502] {processor.py:641} INFO - Processing file /home/airflow/.local/lib/python3.7/site-packages/airflow/example_dags/example_branch_operator_decorator.py for tasks to queue
[2022-08-15 03:11:13,506] {logging_mixin.py:115} INFO - [2022-08-15 03:11:13,506] {dagbag.py:508} INFO - Filling up the DagBag from /home/airflow/.local/lib/python3.7/site-packages/airflow/example_dags/example_branch_operator_decorator.py
[2022-08-15 03:11:13,557] {processor.py:651} INFO - DAG(s) dict_keys(['example_branch_python_operator_decorator']) retrieved from /home/airflow/.local/lib/python3.7/site-packages/airflow/example_dags/example_branch_operator_decorator.py
[2022-08-15 03:11:13,661] {logging_mixin.py:115} INFO - [2022-08-15 03:11:13,661] {dag.py:2420} INFO - Sync 1 DAGs
[2022-08-15 03:11:13,797] {logging_mixin.py:115} INFO - [2022-08-15 03:11:13,797] {dag.py:2972} INFO - Setting next_dagrun for example_branch_python_operator_decorator to 2022-08-14T00:00:00+00:00, run_after=2022-08-15T00:00:00+00:00
[2022-08-15 03:11:13,833] {processor.py:161} INFO - Processing /home/airflow/.local/lib/python3.7/site-packages/airflow/example_dags/example_branch_operator_decorator.py took 0.343 seconds
[2022-08-15 03:11:44,108] {processor.py:153} INFO - Started process (PID=3992) to work on /home/airflow/.local/lib/python3.7/site-packages/airflow/example_dags/example_branch_operator_decorator.py
[2022-08-15 03:11:44,113] {processor.py:641} INFO - Processing file /home/airflow/.local/lib/python3.7/site-packages/airflow/example_dags/example_branch_operator_decorator.py for tasks to queue
[2022-08-15 03:11:44,117] {logging_mixin.py:115} INFO - [2022-08-15 03:11:44,116] {dagbag.py:508} INFO - Filling up the DagBag from /home/airflow/.local/lib/python3.7/site-packages/airflow/example_dags/example_branch_operator_decorator.py
[2022-08-15 03:11:44,184] {processor.py:651} INFO - DAG(s) dict_keys(['example_branch_python_operator_decorator']) retrieved from /home/airflow/.local/lib/python3.7/site-packages/airflow/example_dags/example_branch_operator_decorator.py
[2022-08-15 03:11:44,282] {logging_mixin.py:115} INFO - [2022-08-15 03:11:44,282] {dag.py:2420} INFO - Sync 1 DAGs
[2022-08-15 03:11:44,393] {logging_mixin.py:115} INFO - [2022-08-15 03:11:44,393] {dag.py:2972} INFO - Setting next_dagrun for example_branch_python_operator_decorator to 2022-08-14T00:00:00+00:00, run_after=2022-08-15T00:00:00+00:00
[2022-08-15 03:11:44,414] {processor.py:161} INFO - Processing /home/airflow/.local/lib/python3.7/site-packages/airflow/example_dags/example_branch_operator_decorator.py took 0.317 seconds
[2022-08-15 03:12:14,853] {processor.py:153} INFO - Started process (PID=4057) to work on /home/airflow/.local/lib/python3.7/site-packages/airflow/example_dags/example_branch_operator_decorator.py
[2022-08-15 03:12:14,858] {processor.py:641} INFO - Processing file /home/airflow/.local/lib/python3.7/site-packages/airflow/example_dags/example_branch_operator_decorator.py for tasks to queue
[2022-08-15 03:12:14,862] {logging_mixin.py:115} INFO - [2022-08-15 03:12:14,862] {dagbag.py:508} INFO - Filling up the DagBag from /home/airflow/.local/lib/python3.7/site-packages/airflow/example_dags/example_branch_operator_decorator.py
[2022-08-15 03:12:14,953] {processor.py:651} INFO - DAG(s) dict_keys(['example_branch_python_operator_decorator']) retrieved from /home/airflow/.local/lib/python3.7/site-packages/airflow/example_dags/example_branch_operator_decorator.py
[2022-08-15 03:12:15,028] {logging_mixin.py:115} INFO - [2022-08-15 03:12:15,028] {dag.py:2420} INFO - Sync 1 DAGs
[2022-08-15 03:12:15,108] {logging_mixin.py:115} INFO - [2022-08-15 03:12:15,107] {dag.py:2972} INFO - Setting next_dagrun for example_branch_python_operator_decorator to 2022-08-14T00:00:00+00:00, run_after=2022-08-15T00:00:00+00:00
[2022-08-15 03:12:15,149] {processor.py:161} INFO - Processing /home/airflow/.local/lib/python3.7/site-packages/airflow/example_dags/example_branch_operator_decorator.py took 0.320 seconds
[2022-08-15 03:12:45,325] {processor.py:153} INFO - Started process (PID=4110) to work on /home/airflow/.local/lib/python3.7/site-packages/airflow/example_dags/example_branch_operator_decorator.py
[2022-08-15 03:12:45,330] {processor.py:641} INFO - Processing file /home/airflow/.local/lib/python3.7/site-packages/airflow/example_dags/example_branch_operator_decorator.py for tasks to queue
[2022-08-15 03:12:45,334] {logging_mixin.py:115} INFO - [2022-08-15 03:12:45,334] {dagbag.py:508} INFO - Filling up the DagBag from /home/airflow/.local/lib/python3.7/site-packages/airflow/example_dags/example_branch_operator_decorator.py
[2022-08-15 03:12:45,440] {processor.py:651} INFO - DAG(s) dict_keys(['example_branch_python_operator_decorator']) retrieved from /home/airflow/.local/lib/python3.7/site-packages/airflow/example_dags/example_branch_operator_decorator.py
[2022-08-15 03:12:45,512] {logging_mixin.py:115} INFO - [2022-08-15 03:12:45,512] {dag.py:2420} INFO - Sync 1 DAGs
[2022-08-15 03:12:45,603] {logging_mixin.py:115} INFO - [2022-08-15 03:12:45,603] {dag.py:2972} INFO - Setting next_dagrun for example_branch_python_operator_decorator to 2022-08-14T00:00:00+00:00, run_after=2022-08-15T00:00:00+00:00
[2022-08-15 03:12:45,655] {processor.py:161} INFO - Processing /home/airflow/.local/lib/python3.7/site-packages/airflow/example_dags/example_branch_operator_decorator.py took 0.338 seconds
[2022-08-15 03:13:16,559] {processor.py:153} INFO - Started process (PID=4164) to work on /home/airflow/.local/lib/python3.7/site-packages/airflow/example_dags/example_branch_operator_decorator.py
[2022-08-15 03:13:16,562] {processor.py:641} INFO - Processing file /home/airflow/.local/lib/python3.7/site-packages/airflow/example_dags/example_branch_operator_decorator.py for tasks to queue
[2022-08-15 03:13:16,565] {logging_mixin.py:115} INFO - [2022-08-15 03:13:16,565] {dagbag.py:508} INFO - Filling up the DagBag from /home/airflow/.local/lib/python3.7/site-packages/airflow/example_dags/example_branch_operator_decorator.py
[2022-08-15 03:13:16,650] {processor.py:651} INFO - DAG(s) dict_keys(['example_branch_python_operator_decorator']) retrieved from /home/airflow/.local/lib/python3.7/site-packages/airflow/example_dags/example_branch_operator_decorator.py
[2022-08-15 03:13:16,820] {logging_mixin.py:115} INFO - [2022-08-15 03:13:16,820] {dag.py:2420} INFO - Sync 1 DAGs
[2022-08-15 03:13:16,974] {logging_mixin.py:115} INFO - [2022-08-15 03:13:16,974] {dag.py:2972} INFO - Setting next_dagrun for example_branch_python_operator_decorator to 2022-08-14T00:00:00+00:00, run_after=2022-08-15T00:00:00+00:00
[2022-08-15 03:13:17,033] {processor.py:161} INFO - Processing /home/airflow/.local/lib/python3.7/site-packages/airflow/example_dags/example_branch_operator_decorator.py took 0.488 seconds
[2022-08-15 03:13:48,030] {processor.py:153} INFO - Started process (PID=4229) to work on /home/airflow/.local/lib/python3.7/site-packages/airflow/example_dags/example_branch_operator_decorator.py
[2022-08-15 03:13:48,048] {processor.py:641} INFO - Processing file /home/airflow/.local/lib/python3.7/site-packages/airflow/example_dags/example_branch_operator_decorator.py for tasks to queue
[2022-08-15 03:13:48,064] {logging_mixin.py:115} INFO - [2022-08-15 03:13:48,064] {dagbag.py:508} INFO - Filling up the DagBag from /home/airflow/.local/lib/python3.7/site-packages/airflow/example_dags/example_branch_operator_decorator.py
[2022-08-15 03:13:48,432] {processor.py:651} INFO - DAG(s) dict_keys(['example_branch_python_operator_decorator']) retrieved from /home/airflow/.local/lib/python3.7/site-packages/airflow/example_dags/example_branch_operator_decorator.py
[2022-08-15 03:13:48,580] {logging_mixin.py:115} INFO - [2022-08-15 03:13:48,579] {dag.py:2420} INFO - Sync 1 DAGs
[2022-08-15 03:13:48,807] {logging_mixin.py:115} INFO - [2022-08-15 03:13:48,807] {dag.py:2972} INFO - Setting next_dagrun for example_branch_python_operator_decorator to 2022-08-14T00:00:00+00:00, run_after=2022-08-15T00:00:00+00:00
[2022-08-15 03:13:48,934] {processor.py:161} INFO - Processing /home/airflow/.local/lib/python3.7/site-packages/airflow/example_dags/example_branch_operator_decorator.py took 1.030 seconds
[2022-08-15 03:14:19,124] {processor.py:153} INFO - Started process (PID=4284) to work on /home/airflow/.local/lib/python3.7/site-packages/airflow/example_dags/example_branch_operator_decorator.py
[2022-08-15 03:14:19,126] {processor.py:641} INFO - Processing file /home/airflow/.local/lib/python3.7/site-packages/airflow/example_dags/example_branch_operator_decorator.py for tasks to queue
[2022-08-15 03:14:19,128] {logging_mixin.py:115} INFO - [2022-08-15 03:14:19,128] {dagbag.py:508} INFO - Filling up the DagBag from /home/airflow/.local/lib/python3.7/site-packages/airflow/example_dags/example_branch_operator_decorator.py
[2022-08-15 03:14:19,166] {processor.py:651} INFO - DAG(s) dict_keys(['example_branch_python_operator_decorator']) retrieved from /home/airflow/.local/lib/python3.7/site-packages/airflow/example_dags/example_branch_operator_decorator.py
[2022-08-15 03:14:19,213] {logging_mixin.py:115} INFO - [2022-08-15 03:14:19,213] {dag.py:2420} INFO - Sync 1 DAGs
[2022-08-15 03:14:19,271] {logging_mixin.py:115} INFO - [2022-08-15 03:14:19,270] {dag.py:2972} INFO - Setting next_dagrun for example_branch_python_operator_decorator to 2022-08-14T00:00:00+00:00, run_after=2022-08-15T00:00:00+00:00
[2022-08-15 03:14:19,294] {processor.py:161} INFO - Processing /home/airflow/.local/lib/python3.7/site-packages/airflow/example_dags/example_branch_operator_decorator.py took 0.176 seconds
[2022-08-15 03:14:49,492] {processor.py:153} INFO - Started process (PID=4339) to work on /home/airflow/.local/lib/python3.7/site-packages/airflow/example_dags/example_branch_operator_decorator.py
[2022-08-15 03:14:49,493] {processor.py:641} INFO - Processing file /home/airflow/.local/lib/python3.7/site-packages/airflow/example_dags/example_branch_operator_decorator.py for tasks to queue
[2022-08-15 03:14:49,495] {logging_mixin.py:115} INFO - [2022-08-15 03:14:49,495] {dagbag.py:508} INFO - Filling up the DagBag from /home/airflow/.local/lib/python3.7/site-packages/airflow/example_dags/example_branch_operator_decorator.py
[2022-08-15 03:14:49,529] {processor.py:651} INFO - DAG(s) dict_keys(['example_branch_python_operator_decorator']) retrieved from /home/airflow/.local/lib/python3.7/site-packages/airflow/example_dags/example_branch_operator_decorator.py
[2022-08-15 03:14:49,576] {logging_mixin.py:115} INFO - [2022-08-15 03:14:49,576] {dag.py:2420} INFO - Sync 1 DAGs
[2022-08-15 03:14:49,627] {logging_mixin.py:115} INFO - [2022-08-15 03:14:49,627] {dag.py:2972} INFO - Setting next_dagrun for example_branch_python_operator_decorator to 2022-08-14T00:00:00+00:00, run_after=2022-08-15T00:00:00+00:00
[2022-08-15 03:14:49,659] {processor.py:161} INFO - Processing /home/airflow/.local/lib/python3.7/site-packages/airflow/example_dags/example_branch_operator_decorator.py took 0.183 seconds
