[2022-08-15 02:56:17,249] {processor.py:153} INFO - Started process (PID=2270) to work on /home/airflow/.local/lib/python3.7/site-packages/airflow/example_dags/tutorial_taskflow_api_etl_virtualenv.py
[2022-08-15 02:56:17,275] {processor.py:641} INFO - Processing file /home/airflow/.local/lib/python3.7/site-packages/airflow/example_dags/tutorial_taskflow_api_etl_virtualenv.py for tasks to queue
[2022-08-15 02:56:17,297] {logging_mixin.py:115} INFO - [2022-08-15 02:56:17,297] {dagbag.py:508} INFO - Filling up the DagBag from /home/airflow/.local/lib/python3.7/site-packages/airflow/example_dags/tutorial_taskflow_api_etl_virtualenv.py
[2022-08-15 02:56:17,727] {processor.py:651} INFO - DAG(s) dict_keys(['tutorial_taskflow_api_etl_virtualenv']) retrieved from /home/airflow/.local/lib/python3.7/site-packages/airflow/example_dags/tutorial_taskflow_api_etl_virtualenv.py
[2022-08-15 02:56:18,798] {logging_mixin.py:115} INFO - [2022-08-15 02:56:18,794] {dag.py:2420} INFO - Sync 1 DAGs
[2022-08-15 02:56:19,170] {logging_mixin.py:115} INFO - [2022-08-15 02:56:19,170] {dag.py:2972} INFO - Setting next_dagrun for tutorial_taskflow_api_etl_virtualenv to None, run_after=None
[2022-08-15 02:56:19,402] {processor.py:161} INFO - Processing /home/airflow/.local/lib/python3.7/site-packages/airflow/example_dags/tutorial_taskflow_api_etl_virtualenv.py took 2.261 seconds
[2022-08-15 02:56:50,332] {processor.py:153} INFO - Started process (PID=2323) to work on /home/airflow/.local/lib/python3.7/site-packages/airflow/example_dags/tutorial_taskflow_api_etl_virtualenv.py
[2022-08-15 02:56:50,334] {processor.py:641} INFO - Processing file /home/airflow/.local/lib/python3.7/site-packages/airflow/example_dags/tutorial_taskflow_api_etl_virtualenv.py for tasks to queue
[2022-08-15 02:56:50,335] {logging_mixin.py:115} INFO - [2022-08-15 02:56:50,335] {dagbag.py:508} INFO - Filling up the DagBag from /home/airflow/.local/lib/python3.7/site-packages/airflow/example_dags/tutorial_taskflow_api_etl_virtualenv.py
[2022-08-15 02:56:50,366] {processor.py:651} INFO - DAG(s) dict_keys(['tutorial_taskflow_api_etl_virtualenv']) retrieved from /home/airflow/.local/lib/python3.7/site-packages/airflow/example_dags/tutorial_taskflow_api_etl_virtualenv.py
[2022-08-15 02:56:50,498] {logging_mixin.py:115} INFO - [2022-08-15 02:56:50,498] {dag.py:2420} INFO - Sync 1 DAGs
[2022-08-15 02:56:50,541] {logging_mixin.py:115} INFO - [2022-08-15 02:56:50,540] {dag.py:2972} INFO - Setting next_dagrun for tutorial_taskflow_api_etl_virtualenv to None, run_after=None
[2022-08-15 02:56:50,587] {processor.py:161} INFO - Processing /home/airflow/.local/lib/python3.7/site-packages/airflow/example_dags/tutorial_taskflow_api_etl_virtualenv.py took 0.261 seconds
[2022-08-15 02:57:21,092] {processor.py:153} INFO - Started process (PID=2385) to work on /home/airflow/.local/lib/python3.7/site-packages/airflow/example_dags/tutorial_taskflow_api_etl_virtualenv.py
[2022-08-15 02:57:21,094] {processor.py:641} INFO - Processing file /home/airflow/.local/lib/python3.7/site-packages/airflow/example_dags/tutorial_taskflow_api_etl_virtualenv.py for tasks to queue
[2022-08-15 02:57:21,096] {logging_mixin.py:115} INFO - [2022-08-15 02:57:21,096] {dagbag.py:508} INFO - Filling up the DagBag from /home/airflow/.local/lib/python3.7/site-packages/airflow/example_dags/tutorial_taskflow_api_etl_virtualenv.py
[2022-08-15 02:57:21,122] {processor.py:651} INFO - DAG(s) dict_keys(['tutorial_taskflow_api_etl_virtualenv']) retrieved from /home/airflow/.local/lib/python3.7/site-packages/airflow/example_dags/tutorial_taskflow_api_etl_virtualenv.py
[2022-08-15 02:57:21,228] {logging_mixin.py:115} INFO - [2022-08-15 02:57:21,228] {dag.py:2420} INFO - Sync 1 DAGs
[2022-08-15 02:57:21,268] {logging_mixin.py:115} INFO - [2022-08-15 02:57:21,268] {dag.py:2972} INFO - Setting next_dagrun for tutorial_taskflow_api_etl_virtualenv to None, run_after=None
[2022-08-15 02:57:21,291] {processor.py:161} INFO - Processing /home/airflow/.local/lib/python3.7/site-packages/airflow/example_dags/tutorial_taskflow_api_etl_virtualenv.py took 0.206 seconds
[2022-08-15 02:57:51,578] {processor.py:153} INFO - Started process (PID=2441) to work on /home/airflow/.local/lib/python3.7/site-packages/airflow/example_dags/tutorial_taskflow_api_etl_virtualenv.py
[2022-08-15 02:57:51,580] {processor.py:641} INFO - Processing file /home/airflow/.local/lib/python3.7/site-packages/airflow/example_dags/tutorial_taskflow_api_etl_virtualenv.py for tasks to queue
[2022-08-15 02:57:51,584] {logging_mixin.py:115} INFO - [2022-08-15 02:57:51,583] {dagbag.py:508} INFO - Filling up the DagBag from /home/airflow/.local/lib/python3.7/site-packages/airflow/example_dags/tutorial_taskflow_api_etl_virtualenv.py
[2022-08-15 02:57:51,609] {processor.py:651} INFO - DAG(s) dict_keys(['tutorial_taskflow_api_etl_virtualenv']) retrieved from /home/airflow/.local/lib/python3.7/site-packages/airflow/example_dags/tutorial_taskflow_api_etl_virtualenv.py
[2022-08-15 02:57:51,706] {logging_mixin.py:115} INFO - [2022-08-15 02:57:51,705] {dag.py:2420} INFO - Sync 1 DAGs
[2022-08-15 02:57:51,734] {logging_mixin.py:115} INFO - [2022-08-15 02:57:51,734] {dag.py:2972} INFO - Setting next_dagrun for tutorial_taskflow_api_etl_virtualenv to None, run_after=None
[2022-08-15 02:57:51,758] {processor.py:161} INFO - Processing /home/airflow/.local/lib/python3.7/site-packages/airflow/example_dags/tutorial_taskflow_api_etl_virtualenv.py took 0.187 seconds
[2022-08-15 02:58:22,132] {processor.py:153} INFO - Started process (PID=2494) to work on /home/airflow/.local/lib/python3.7/site-packages/airflow/example_dags/tutorial_taskflow_api_etl_virtualenv.py
[2022-08-15 02:58:22,135] {processor.py:641} INFO - Processing file /home/airflow/.local/lib/python3.7/site-packages/airflow/example_dags/tutorial_taskflow_api_etl_virtualenv.py for tasks to queue
[2022-08-15 02:58:22,139] {logging_mixin.py:115} INFO - [2022-08-15 02:58:22,139] {dagbag.py:508} INFO - Filling up the DagBag from /home/airflow/.local/lib/python3.7/site-packages/airflow/example_dags/tutorial_taskflow_api_etl_virtualenv.py
[2022-08-15 02:58:22,195] {processor.py:651} INFO - DAG(s) dict_keys(['tutorial_taskflow_api_etl_virtualenv']) retrieved from /home/airflow/.local/lib/python3.7/site-packages/airflow/example_dags/tutorial_taskflow_api_etl_virtualenv.py
[2022-08-15 02:58:22,552] {logging_mixin.py:115} INFO - [2022-08-15 02:58:22,552] {dag.py:2420} INFO - Sync 1 DAGs
[2022-08-15 02:58:22,647] {logging_mixin.py:115} INFO - [2022-08-15 02:58:22,647] {dag.py:2972} INFO - Setting next_dagrun for tutorial_taskflow_api_etl_virtualenv to None, run_after=None
[2022-08-15 02:58:22,697] {processor.py:161} INFO - Processing /home/airflow/.local/lib/python3.7/site-packages/airflow/example_dags/tutorial_taskflow_api_etl_virtualenv.py took 0.572 seconds
[2022-08-15 02:58:53,668] {processor.py:153} INFO - Started process (PID=2558) to work on /home/airflow/.local/lib/python3.7/site-packages/airflow/example_dags/tutorial_taskflow_api_etl_virtualenv.py
[2022-08-15 02:58:53,669] {processor.py:641} INFO - Processing file /home/airflow/.local/lib/python3.7/site-packages/airflow/example_dags/tutorial_taskflow_api_etl_virtualenv.py for tasks to queue
[2022-08-15 02:58:53,676] {logging_mixin.py:115} INFO - [2022-08-15 02:58:53,676] {dagbag.py:508} INFO - Filling up the DagBag from /home/airflow/.local/lib/python3.7/site-packages/airflow/example_dags/tutorial_taskflow_api_etl_virtualenv.py
[2022-08-15 02:58:53,882] {processor.py:651} INFO - DAG(s) dict_keys(['tutorial_taskflow_api_etl_virtualenv']) retrieved from /home/airflow/.local/lib/python3.7/site-packages/airflow/example_dags/tutorial_taskflow_api_etl_virtualenv.py
[2022-08-15 02:58:54,309] {logging_mixin.py:115} INFO - [2022-08-15 02:58:54,308] {dag.py:2420} INFO - Sync 1 DAGs
[2022-08-15 02:58:54,408] {logging_mixin.py:115} INFO - [2022-08-15 02:58:54,407] {dag.py:2972} INFO - Setting next_dagrun for tutorial_taskflow_api_etl_virtualenv to None, run_after=None
[2022-08-15 02:58:54,439] {processor.py:161} INFO - Processing /home/airflow/.local/lib/python3.7/site-packages/airflow/example_dags/tutorial_taskflow_api_etl_virtualenv.py took 0.785 seconds
[2022-08-15 02:59:24,591] {processor.py:153} INFO - Started process (PID=2612) to work on /home/airflow/.local/lib/python3.7/site-packages/airflow/example_dags/tutorial_taskflow_api_etl_virtualenv.py
[2022-08-15 02:59:24,592] {processor.py:641} INFO - Processing file /home/airflow/.local/lib/python3.7/site-packages/airflow/example_dags/tutorial_taskflow_api_etl_virtualenv.py for tasks to queue
[2022-08-15 02:59:24,595] {logging_mixin.py:115} INFO - [2022-08-15 02:59:24,594] {dagbag.py:508} INFO - Filling up the DagBag from /home/airflow/.local/lib/python3.7/site-packages/airflow/example_dags/tutorial_taskflow_api_etl_virtualenv.py
[2022-08-15 02:59:24,622] {processor.py:651} INFO - DAG(s) dict_keys(['tutorial_taskflow_api_etl_virtualenv']) retrieved from /home/airflow/.local/lib/python3.7/site-packages/airflow/example_dags/tutorial_taskflow_api_etl_virtualenv.py
[2022-08-15 02:59:24,716] {logging_mixin.py:115} INFO - [2022-08-15 02:59:24,716] {dag.py:2420} INFO - Sync 1 DAGs
[2022-08-15 02:59:24,747] {logging_mixin.py:115} INFO - [2022-08-15 02:59:24,746] {dag.py:2972} INFO - Setting next_dagrun for tutorial_taskflow_api_etl_virtualenv to None, run_after=None
[2022-08-15 02:59:24,772] {processor.py:161} INFO - Processing /home/airflow/.local/lib/python3.7/site-packages/airflow/example_dags/tutorial_taskflow_api_etl_virtualenv.py took 0.187 seconds
[2022-08-15 02:59:55,432] {processor.py:153} INFO - Started process (PID=2665) to work on /home/airflow/.local/lib/python3.7/site-packages/airflow/example_dags/tutorial_taskflow_api_etl_virtualenv.py
[2022-08-15 02:59:55,434] {processor.py:641} INFO - Processing file /home/airflow/.local/lib/python3.7/site-packages/airflow/example_dags/tutorial_taskflow_api_etl_virtualenv.py for tasks to queue
[2022-08-15 02:59:55,436] {logging_mixin.py:115} INFO - [2022-08-15 02:59:55,436] {dagbag.py:508} INFO - Filling up the DagBag from /home/airflow/.local/lib/python3.7/site-packages/airflow/example_dags/tutorial_taskflow_api_etl_virtualenv.py
[2022-08-15 02:59:55,463] {processor.py:651} INFO - DAG(s) dict_keys(['tutorial_taskflow_api_etl_virtualenv']) retrieved from /home/airflow/.local/lib/python3.7/site-packages/airflow/example_dags/tutorial_taskflow_api_etl_virtualenv.py
[2022-08-15 02:59:55,555] {logging_mixin.py:115} INFO - [2022-08-15 02:59:55,554] {dag.py:2420} INFO - Sync 1 DAGs
[2022-08-15 02:59:55,583] {logging_mixin.py:115} INFO - [2022-08-15 02:59:55,583] {dag.py:2972} INFO - Setting next_dagrun for tutorial_taskflow_api_etl_virtualenv to None, run_after=None
[2022-08-15 02:59:55,608] {processor.py:161} INFO - Processing /home/airflow/.local/lib/python3.7/site-packages/airflow/example_dags/tutorial_taskflow_api_etl_virtualenv.py took 0.182 seconds
[2022-08-15 03:00:26,013] {processor.py:153} INFO - Started process (PID=2729) to work on /home/airflow/.local/lib/python3.7/site-packages/airflow/example_dags/tutorial_taskflow_api_etl_virtualenv.py
[2022-08-15 03:00:26,015] {processor.py:641} INFO - Processing file /home/airflow/.local/lib/python3.7/site-packages/airflow/example_dags/tutorial_taskflow_api_etl_virtualenv.py for tasks to queue
[2022-08-15 03:00:26,023] {logging_mixin.py:115} INFO - [2022-08-15 03:00:26,023] {dagbag.py:508} INFO - Filling up the DagBag from /home/airflow/.local/lib/python3.7/site-packages/airflow/example_dags/tutorial_taskflow_api_etl_virtualenv.py
[2022-08-15 03:00:26,065] {processor.py:651} INFO - DAG(s) dict_keys(['tutorial_taskflow_api_etl_virtualenv']) retrieved from /home/airflow/.local/lib/python3.7/site-packages/airflow/example_dags/tutorial_taskflow_api_etl_virtualenv.py
[2022-08-15 03:00:26,193] {logging_mixin.py:115} INFO - [2022-08-15 03:00:26,193] {dag.py:2420} INFO - Sync 1 DAGs
[2022-08-15 03:00:26,222] {logging_mixin.py:115} INFO - [2022-08-15 03:00:26,221] {dag.py:2972} INFO - Setting next_dagrun for tutorial_taskflow_api_etl_virtualenv to None, run_after=None
[2022-08-15 03:00:26,246] {processor.py:161} INFO - Processing /home/airflow/.local/lib/python3.7/site-packages/airflow/example_dags/tutorial_taskflow_api_etl_virtualenv.py took 0.241 seconds
[2022-08-15 03:00:56,697] {processor.py:153} INFO - Started process (PID=2782) to work on /home/airflow/.local/lib/python3.7/site-packages/airflow/example_dags/tutorial_taskflow_api_etl_virtualenv.py
[2022-08-15 03:00:56,699] {processor.py:641} INFO - Processing file /home/airflow/.local/lib/python3.7/site-packages/airflow/example_dags/tutorial_taskflow_api_etl_virtualenv.py for tasks to queue
[2022-08-15 03:00:56,701] {logging_mixin.py:115} INFO - [2022-08-15 03:00:56,701] {dagbag.py:508} INFO - Filling up the DagBag from /home/airflow/.local/lib/python3.7/site-packages/airflow/example_dags/tutorial_taskflow_api_etl_virtualenv.py
[2022-08-15 03:00:56,745] {processor.py:651} INFO - DAG(s) dict_keys(['tutorial_taskflow_api_etl_virtualenv']) retrieved from /home/airflow/.local/lib/python3.7/site-packages/airflow/example_dags/tutorial_taskflow_api_etl_virtualenv.py
[2022-08-15 03:00:56,798] {logging_mixin.py:115} INFO - [2022-08-15 03:00:56,798] {dag.py:2420} INFO - Sync 1 DAGs
[2022-08-15 03:00:56,844] {logging_mixin.py:115} INFO - [2022-08-15 03:00:56,844] {dag.py:2972} INFO - Setting next_dagrun for tutorial_taskflow_api_etl_virtualenv to None, run_after=None
[2022-08-15 03:00:56,876] {processor.py:161} INFO - Processing /home/airflow/.local/lib/python3.7/site-packages/airflow/example_dags/tutorial_taskflow_api_etl_virtualenv.py took 0.187 seconds
[2022-08-15 03:01:27,204] {processor.py:153} INFO - Started process (PID=2845) to work on /home/airflow/.local/lib/python3.7/site-packages/airflow/example_dags/tutorial_taskflow_api_etl_virtualenv.py
[2022-08-15 03:01:27,206] {processor.py:641} INFO - Processing file /home/airflow/.local/lib/python3.7/site-packages/airflow/example_dags/tutorial_taskflow_api_etl_virtualenv.py for tasks to queue
[2022-08-15 03:01:27,209] {logging_mixin.py:115} INFO - [2022-08-15 03:01:27,209] {dagbag.py:508} INFO - Filling up the DagBag from /home/airflow/.local/lib/python3.7/site-packages/airflow/example_dags/tutorial_taskflow_api_etl_virtualenv.py
[2022-08-15 03:01:27,242] {processor.py:651} INFO - DAG(s) dict_keys(['tutorial_taskflow_api_etl_virtualenv']) retrieved from /home/airflow/.local/lib/python3.7/site-packages/airflow/example_dags/tutorial_taskflow_api_etl_virtualenv.py
[2022-08-15 03:01:27,359] {logging_mixin.py:115} INFO - [2022-08-15 03:01:27,359] {dag.py:2420} INFO - Sync 1 DAGs
[2022-08-15 03:01:27,396] {logging_mixin.py:115} INFO - [2022-08-15 03:01:27,395] {dag.py:2972} INFO - Setting next_dagrun for tutorial_taskflow_api_etl_virtualenv to None, run_after=None
[2022-08-15 03:01:27,421] {processor.py:161} INFO - Processing /home/airflow/.local/lib/python3.7/site-packages/airflow/example_dags/tutorial_taskflow_api_etl_virtualenv.py took 0.225 seconds
[2022-08-15 03:01:57,505] {processor.py:153} INFO - Started process (PID=2903) to work on /home/airflow/.local/lib/python3.7/site-packages/airflow/example_dags/tutorial_taskflow_api_etl_virtualenv.py
[2022-08-15 03:01:57,507] {processor.py:641} INFO - Processing file /home/airflow/.local/lib/python3.7/site-packages/airflow/example_dags/tutorial_taskflow_api_etl_virtualenv.py for tasks to queue
[2022-08-15 03:01:57,513] {logging_mixin.py:115} INFO - [2022-08-15 03:01:57,513] {dagbag.py:508} INFO - Filling up the DagBag from /home/airflow/.local/lib/python3.7/site-packages/airflow/example_dags/tutorial_taskflow_api_etl_virtualenv.py
[2022-08-15 03:01:57,543] {processor.py:651} INFO - DAG(s) dict_keys(['tutorial_taskflow_api_etl_virtualenv']) retrieved from /home/airflow/.local/lib/python3.7/site-packages/airflow/example_dags/tutorial_taskflow_api_etl_virtualenv.py
[2022-08-15 03:01:57,588] {logging_mixin.py:115} INFO - [2022-08-15 03:01:57,588] {dag.py:2420} INFO - Sync 1 DAGs
[2022-08-15 03:01:57,628] {logging_mixin.py:115} INFO - [2022-08-15 03:01:57,628] {dag.py:2972} INFO - Setting next_dagrun for tutorial_taskflow_api_etl_virtualenv to None, run_after=None
[2022-08-15 03:01:57,649] {processor.py:161} INFO - Processing /home/airflow/.local/lib/python3.7/site-packages/airflow/example_dags/tutorial_taskflow_api_etl_virtualenv.py took 0.153 seconds
[2022-08-15 03:02:27,864] {processor.py:153} INFO - Started process (PID=2964) to work on /home/airflow/.local/lib/python3.7/site-packages/airflow/example_dags/tutorial_taskflow_api_etl_virtualenv.py
[2022-08-15 03:02:27,867] {processor.py:641} INFO - Processing file /home/airflow/.local/lib/python3.7/site-packages/airflow/example_dags/tutorial_taskflow_api_etl_virtualenv.py for tasks to queue
[2022-08-15 03:02:27,872] {logging_mixin.py:115} INFO - [2022-08-15 03:02:27,872] {dagbag.py:508} INFO - Filling up the DagBag from /home/airflow/.local/lib/python3.7/site-packages/airflow/example_dags/tutorial_taskflow_api_etl_virtualenv.py
[2022-08-15 03:02:27,944] {processor.py:651} INFO - DAG(s) dict_keys(['tutorial_taskflow_api_etl_virtualenv']) retrieved from /home/airflow/.local/lib/python3.7/site-packages/airflow/example_dags/tutorial_taskflow_api_etl_virtualenv.py
[2022-08-15 03:02:28,231] {logging_mixin.py:115} INFO - [2022-08-15 03:02:28,231] {dag.py:2420} INFO - Sync 1 DAGs
[2022-08-15 03:02:28,266] {logging_mixin.py:115} INFO - [2022-08-15 03:02:28,266] {dag.py:2972} INFO - Setting next_dagrun for tutorial_taskflow_api_etl_virtualenv to None, run_after=None
[2022-08-15 03:02:28,290] {processor.py:161} INFO - Processing /home/airflow/.local/lib/python3.7/site-packages/airflow/example_dags/tutorial_taskflow_api_etl_virtualenv.py took 0.444 seconds
[2022-08-15 03:02:58,463] {processor.py:153} INFO - Started process (PID=3020) to work on /home/airflow/.local/lib/python3.7/site-packages/airflow/example_dags/tutorial_taskflow_api_etl_virtualenv.py
[2022-08-15 03:02:58,465] {processor.py:641} INFO - Processing file /home/airflow/.local/lib/python3.7/site-packages/airflow/example_dags/tutorial_taskflow_api_etl_virtualenv.py for tasks to queue
[2022-08-15 03:02:58,473] {logging_mixin.py:115} INFO - [2022-08-15 03:02:58,473] {dagbag.py:508} INFO - Filling up the DagBag from /home/airflow/.local/lib/python3.7/site-packages/airflow/example_dags/tutorial_taskflow_api_etl_virtualenv.py
[2022-08-15 03:02:58,499] {processor.py:651} INFO - DAG(s) dict_keys(['tutorial_taskflow_api_etl_virtualenv']) retrieved from /home/airflow/.local/lib/python3.7/site-packages/airflow/example_dags/tutorial_taskflow_api_etl_virtualenv.py
[2022-08-15 03:02:58,612] {logging_mixin.py:115} INFO - [2022-08-15 03:02:58,611] {dag.py:2420} INFO - Sync 1 DAGs
[2022-08-15 03:02:58,646] {logging_mixin.py:115} INFO - [2022-08-15 03:02:58,646] {dag.py:2972} INFO - Setting next_dagrun for tutorial_taskflow_api_etl_virtualenv to None, run_after=None
[2022-08-15 03:02:58,697] {processor.py:161} INFO - Processing /home/airflow/.local/lib/python3.7/site-packages/airflow/example_dags/tutorial_taskflow_api_etl_virtualenv.py took 0.243 seconds
[2022-08-15 03:03:29,231] {processor.py:153} INFO - Started process (PID=3075) to work on /home/airflow/.local/lib/python3.7/site-packages/airflow/example_dags/tutorial_taskflow_api_etl_virtualenv.py
[2022-08-15 03:03:29,233] {processor.py:641} INFO - Processing file /home/airflow/.local/lib/python3.7/site-packages/airflow/example_dags/tutorial_taskflow_api_etl_virtualenv.py for tasks to queue
[2022-08-15 03:03:29,240] {logging_mixin.py:115} INFO - [2022-08-15 03:03:29,240] {dagbag.py:508} INFO - Filling up the DagBag from /home/airflow/.local/lib/python3.7/site-packages/airflow/example_dags/tutorial_taskflow_api_etl_virtualenv.py
[2022-08-15 03:03:29,273] {processor.py:651} INFO - DAG(s) dict_keys(['tutorial_taskflow_api_etl_virtualenv']) retrieved from /home/airflow/.local/lib/python3.7/site-packages/airflow/example_dags/tutorial_taskflow_api_etl_virtualenv.py
[2022-08-15 03:03:29,402] {logging_mixin.py:115} INFO - [2022-08-15 03:03:29,401] {dag.py:2420} INFO - Sync 1 DAGs
[2022-08-15 03:03:29,440] {logging_mixin.py:115} INFO - [2022-08-15 03:03:29,440] {dag.py:2972} INFO - Setting next_dagrun for tutorial_taskflow_api_etl_virtualenv to None, run_after=None
[2022-08-15 03:03:29,470] {processor.py:161} INFO - Processing /home/airflow/.local/lib/python3.7/site-packages/airflow/example_dags/tutorial_taskflow_api_etl_virtualenv.py took 0.247 seconds
[2022-08-15 03:04:00,112] {processor.py:153} INFO - Started process (PID=3137) to work on /home/airflow/.local/lib/python3.7/site-packages/airflow/example_dags/tutorial_taskflow_api_etl_virtualenv.py
[2022-08-15 03:04:00,113] {processor.py:641} INFO - Processing file /home/airflow/.local/lib/python3.7/site-packages/airflow/example_dags/tutorial_taskflow_api_etl_virtualenv.py for tasks to queue
[2022-08-15 03:04:00,127] {logging_mixin.py:115} INFO - [2022-08-15 03:04:00,127] {dagbag.py:508} INFO - Filling up the DagBag from /home/airflow/.local/lib/python3.7/site-packages/airflow/example_dags/tutorial_taskflow_api_etl_virtualenv.py
[2022-08-15 03:04:00,208] {processor.py:651} INFO - DAG(s) dict_keys(['tutorial_taskflow_api_etl_virtualenv']) retrieved from /home/airflow/.local/lib/python3.7/site-packages/airflow/example_dags/tutorial_taskflow_api_etl_virtualenv.py
[2022-08-15 03:04:00,262] {logging_mixin.py:115} INFO - [2022-08-15 03:04:00,262] {dag.py:2420} INFO - Sync 1 DAGs
[2022-08-15 03:04:00,306] {logging_mixin.py:115} INFO - [2022-08-15 03:04:00,306] {dag.py:2972} INFO - Setting next_dagrun for tutorial_taskflow_api_etl_virtualenv to None, run_after=None
[2022-08-15 03:04:00,345] {processor.py:161} INFO - Processing /home/airflow/.local/lib/python3.7/site-packages/airflow/example_dags/tutorial_taskflow_api_etl_virtualenv.py took 0.244 seconds
[2022-08-15 03:04:31,370] {processor.py:153} INFO - Started process (PID=3190) to work on /home/airflow/.local/lib/python3.7/site-packages/airflow/example_dags/tutorial_taskflow_api_etl_virtualenv.py
[2022-08-15 03:04:31,371] {processor.py:641} INFO - Processing file /home/airflow/.local/lib/python3.7/site-packages/airflow/example_dags/tutorial_taskflow_api_etl_virtualenv.py for tasks to queue
[2022-08-15 03:04:31,373] {logging_mixin.py:115} INFO - [2022-08-15 03:04:31,373] {dagbag.py:508} INFO - Filling up the DagBag from /home/airflow/.local/lib/python3.7/site-packages/airflow/example_dags/tutorial_taskflow_api_etl_virtualenv.py
[2022-08-15 03:04:31,412] {processor.py:651} INFO - DAG(s) dict_keys(['tutorial_taskflow_api_etl_virtualenv']) retrieved from /home/airflow/.local/lib/python3.7/site-packages/airflow/example_dags/tutorial_taskflow_api_etl_virtualenv.py
[2022-08-15 03:04:31,585] {logging_mixin.py:115} INFO - [2022-08-15 03:04:31,585] {dag.py:2420} INFO - Sync 1 DAGs
[2022-08-15 03:04:31,620] {logging_mixin.py:115} INFO - [2022-08-15 03:04:31,620] {dag.py:2972} INFO - Setting next_dagrun for tutorial_taskflow_api_etl_virtualenv to None, run_after=None
[2022-08-15 03:04:31,650] {processor.py:161} INFO - Processing /home/airflow/.local/lib/python3.7/site-packages/airflow/example_dags/tutorial_taskflow_api_etl_virtualenv.py took 0.286 seconds
[2022-08-15 03:05:02,277] {processor.py:153} INFO - Started process (PID=3243) to work on /home/airflow/.local/lib/python3.7/site-packages/airflow/example_dags/tutorial_taskflow_api_etl_virtualenv.py
[2022-08-15 03:05:02,296] {processor.py:641} INFO - Processing file /home/airflow/.local/lib/python3.7/site-packages/airflow/example_dags/tutorial_taskflow_api_etl_virtualenv.py for tasks to queue
[2022-08-15 03:05:02,302] {logging_mixin.py:115} INFO - [2022-08-15 03:05:02,301] {dagbag.py:508} INFO - Filling up the DagBag from /home/airflow/.local/lib/python3.7/site-packages/airflow/example_dags/tutorial_taskflow_api_etl_virtualenv.py
[2022-08-15 03:05:02,415] {processor.py:651} INFO - DAG(s) dict_keys(['tutorial_taskflow_api_etl_virtualenv']) retrieved from /home/airflow/.local/lib/python3.7/site-packages/airflow/example_dags/tutorial_taskflow_api_etl_virtualenv.py
[2022-08-15 03:05:02,864] {logging_mixin.py:115} INFO - [2022-08-15 03:05:02,864] {dag.py:2420} INFO - Sync 1 DAGs
[2022-08-15 03:05:02,974] {logging_mixin.py:115} INFO - [2022-08-15 03:05:02,974] {dag.py:2972} INFO - Setting next_dagrun for tutorial_taskflow_api_etl_virtualenv to None, run_after=None
[2022-08-15 03:05:03,061] {processor.py:161} INFO - Processing /home/airflow/.local/lib/python3.7/site-packages/airflow/example_dags/tutorial_taskflow_api_etl_virtualenv.py took 0.795 seconds
[2022-08-15 03:05:33,206] {processor.py:153} INFO - Started process (PID=3310) to work on /home/airflow/.local/lib/python3.7/site-packages/airflow/example_dags/tutorial_taskflow_api_etl_virtualenv.py
[2022-08-15 03:05:33,208] {processor.py:641} INFO - Processing file /home/airflow/.local/lib/python3.7/site-packages/airflow/example_dags/tutorial_taskflow_api_etl_virtualenv.py for tasks to queue
[2022-08-15 03:05:33,211] {logging_mixin.py:115} INFO - [2022-08-15 03:05:33,211] {dagbag.py:508} INFO - Filling up the DagBag from /home/airflow/.local/lib/python3.7/site-packages/airflow/example_dags/tutorial_taskflow_api_etl_virtualenv.py
[2022-08-15 03:05:33,243] {processor.py:651} INFO - DAG(s) dict_keys(['tutorial_taskflow_api_etl_virtualenv']) retrieved from /home/airflow/.local/lib/python3.7/site-packages/airflow/example_dags/tutorial_taskflow_api_etl_virtualenv.py
[2022-08-15 03:05:33,339] {logging_mixin.py:115} INFO - [2022-08-15 03:05:33,339] {dag.py:2420} INFO - Sync 1 DAGs
[2022-08-15 03:05:33,369] {logging_mixin.py:115} INFO - [2022-08-15 03:05:33,369] {dag.py:2972} INFO - Setting next_dagrun for tutorial_taskflow_api_etl_virtualenv to None, run_after=None
[2022-08-15 03:05:33,393] {processor.py:161} INFO - Processing /home/airflow/.local/lib/python3.7/site-packages/airflow/example_dags/tutorial_taskflow_api_etl_virtualenv.py took 0.194 seconds
[2022-08-15 03:06:04,025] {processor.py:153} INFO - Started process (PID=3364) to work on /home/airflow/.local/lib/python3.7/site-packages/airflow/example_dags/tutorial_taskflow_api_etl_virtualenv.py
[2022-08-15 03:06:04,029] {processor.py:641} INFO - Processing file /home/airflow/.local/lib/python3.7/site-packages/airflow/example_dags/tutorial_taskflow_api_etl_virtualenv.py for tasks to queue
[2022-08-15 03:06:04,047] {logging_mixin.py:115} INFO - [2022-08-15 03:06:04,047] {dagbag.py:508} INFO - Filling up the DagBag from /home/airflow/.local/lib/python3.7/site-packages/airflow/example_dags/tutorial_taskflow_api_etl_virtualenv.py
[2022-08-15 03:06:04,175] {processor.py:651} INFO - DAG(s) dict_keys(['tutorial_taskflow_api_etl_virtualenv']) retrieved from /home/airflow/.local/lib/python3.7/site-packages/airflow/example_dags/tutorial_taskflow_api_etl_virtualenv.py
[2022-08-15 03:06:04,440] {logging_mixin.py:115} INFO - [2022-08-15 03:06:04,440] {dag.py:2420} INFO - Sync 1 DAGs
[2022-08-15 03:06:04,555] {logging_mixin.py:115} INFO - [2022-08-15 03:06:04,555] {dag.py:2972} INFO - Setting next_dagrun for tutorial_taskflow_api_etl_virtualenv to None, run_after=None
[2022-08-15 03:06:04,626] {processor.py:161} INFO - Processing /home/airflow/.local/lib/python3.7/site-packages/airflow/example_dags/tutorial_taskflow_api_etl_virtualenv.py took 0.610 seconds
[2022-08-15 03:06:34,913] {processor.py:153} INFO - Started process (PID=3427) to work on /home/airflow/.local/lib/python3.7/site-packages/airflow/example_dags/tutorial_taskflow_api_etl_virtualenv.py
[2022-08-15 03:06:34,919] {processor.py:641} INFO - Processing file /home/airflow/.local/lib/python3.7/site-packages/airflow/example_dags/tutorial_taskflow_api_etl_virtualenv.py for tasks to queue
[2022-08-15 03:06:34,927] {logging_mixin.py:115} INFO - [2022-08-15 03:06:34,925] {dagbag.py:508} INFO - Filling up the DagBag from /home/airflow/.local/lib/python3.7/site-packages/airflow/example_dags/tutorial_taskflow_api_etl_virtualenv.py
[2022-08-15 03:06:35,044] {processor.py:651} INFO - DAG(s) dict_keys(['tutorial_taskflow_api_etl_virtualenv']) retrieved from /home/airflow/.local/lib/python3.7/site-packages/airflow/example_dags/tutorial_taskflow_api_etl_virtualenv.py
[2022-08-15 03:06:35,517] {logging_mixin.py:115} INFO - [2022-08-15 03:06:35,517] {dag.py:2420} INFO - Sync 1 DAGs
[2022-08-15 03:06:35,639] {logging_mixin.py:115} INFO - [2022-08-15 03:06:35,639] {dag.py:2972} INFO - Setting next_dagrun for tutorial_taskflow_api_etl_virtualenv to None, run_after=None
[2022-08-15 03:06:35,701] {processor.py:161} INFO - Processing /home/airflow/.local/lib/python3.7/site-packages/airflow/example_dags/tutorial_taskflow_api_etl_virtualenv.py took 0.795 seconds
[2022-08-15 03:07:05,778] {processor.py:153} INFO - Started process (PID=3481) to work on /home/airflow/.local/lib/python3.7/site-packages/airflow/example_dags/tutorial_taskflow_api_etl_virtualenv.py
[2022-08-15 03:07:05,784] {processor.py:641} INFO - Processing file /home/airflow/.local/lib/python3.7/site-packages/airflow/example_dags/tutorial_taskflow_api_etl_virtualenv.py for tasks to queue
[2022-08-15 03:07:05,794] {logging_mixin.py:115} INFO - [2022-08-15 03:07:05,793] {dagbag.py:508} INFO - Filling up the DagBag from /home/airflow/.local/lib/python3.7/site-packages/airflow/example_dags/tutorial_taskflow_api_etl_virtualenv.py
[2022-08-15 03:07:05,834] {processor.py:651} INFO - DAG(s) dict_keys(['tutorial_taskflow_api_etl_virtualenv']) retrieved from /home/airflow/.local/lib/python3.7/site-packages/airflow/example_dags/tutorial_taskflow_api_etl_virtualenv.py
[2022-08-15 03:07:05,973] {logging_mixin.py:115} INFO - [2022-08-15 03:07:05,973] {dag.py:2420} INFO - Sync 1 DAGs
[2022-08-15 03:07:06,033] {logging_mixin.py:115} INFO - [2022-08-15 03:07:06,032] {dag.py:2972} INFO - Setting next_dagrun for tutorial_taskflow_api_etl_virtualenv to None, run_after=None
[2022-08-15 03:07:06,067] {processor.py:161} INFO - Processing /home/airflow/.local/lib/python3.7/site-packages/airflow/example_dags/tutorial_taskflow_api_etl_virtualenv.py took 0.294 seconds
[2022-08-15 03:07:36,605] {processor.py:153} INFO - Started process (PID=3536) to work on /home/airflow/.local/lib/python3.7/site-packages/airflow/example_dags/tutorial_taskflow_api_etl_virtualenv.py
[2022-08-15 03:07:36,607] {processor.py:641} INFO - Processing file /home/airflow/.local/lib/python3.7/site-packages/airflow/example_dags/tutorial_taskflow_api_etl_virtualenv.py for tasks to queue
[2022-08-15 03:07:36,611] {logging_mixin.py:115} INFO - [2022-08-15 03:07:36,611] {dagbag.py:508} INFO - Filling up the DagBag from /home/airflow/.local/lib/python3.7/site-packages/airflow/example_dags/tutorial_taskflow_api_etl_virtualenv.py
[2022-08-15 03:07:36,686] {processor.py:651} INFO - DAG(s) dict_keys(['tutorial_taskflow_api_etl_virtualenv']) retrieved from /home/airflow/.local/lib/python3.7/site-packages/airflow/example_dags/tutorial_taskflow_api_etl_virtualenv.py
[2022-08-15 03:07:36,952] {logging_mixin.py:115} INFO - [2022-08-15 03:07:36,952] {dag.py:2420} INFO - Sync 1 DAGs
[2022-08-15 03:07:37,007] {logging_mixin.py:115} INFO - [2022-08-15 03:07:37,007] {dag.py:2972} INFO - Setting next_dagrun for tutorial_taskflow_api_etl_virtualenv to None, run_after=None
[2022-08-15 03:07:37,050] {processor.py:161} INFO - Processing /home/airflow/.local/lib/python3.7/site-packages/airflow/example_dags/tutorial_taskflow_api_etl_virtualenv.py took 0.463 seconds
[2022-08-15 03:08:07,500] {processor.py:153} INFO - Started process (PID=3590) to work on /home/airflow/.local/lib/python3.7/site-packages/airflow/example_dags/tutorial_taskflow_api_etl_virtualenv.py
[2022-08-15 03:08:07,517] {processor.py:641} INFO - Processing file /home/airflow/.local/lib/python3.7/site-packages/airflow/example_dags/tutorial_taskflow_api_etl_virtualenv.py for tasks to queue
[2022-08-15 03:08:07,519] {logging_mixin.py:115} INFO - [2022-08-15 03:08:07,519] {dagbag.py:508} INFO - Filling up the DagBag from /home/airflow/.local/lib/python3.7/site-packages/airflow/example_dags/tutorial_taskflow_api_etl_virtualenv.py
[2022-08-15 03:08:07,565] {processor.py:651} INFO - DAG(s) dict_keys(['tutorial_taskflow_api_etl_virtualenv']) retrieved from /home/airflow/.local/lib/python3.7/site-packages/airflow/example_dags/tutorial_taskflow_api_etl_virtualenv.py
[2022-08-15 03:08:07,750] {logging_mixin.py:115} INFO - [2022-08-15 03:08:07,749] {dag.py:2420} INFO - Sync 1 DAGs
[2022-08-15 03:08:07,791] {logging_mixin.py:115} INFO - [2022-08-15 03:08:07,791] {dag.py:2972} INFO - Setting next_dagrun for tutorial_taskflow_api_etl_virtualenv to None, run_after=None
[2022-08-15 03:08:07,826] {processor.py:161} INFO - Processing /home/airflow/.local/lib/python3.7/site-packages/airflow/example_dags/tutorial_taskflow_api_etl_virtualenv.py took 0.335 seconds
[2022-08-15 03:08:38,069] {processor.py:153} INFO - Started process (PID=3653) to work on /home/airflow/.local/lib/python3.7/site-packages/airflow/example_dags/tutorial_taskflow_api_etl_virtualenv.py
[2022-08-15 03:08:38,070] {processor.py:641} INFO - Processing file /home/airflow/.local/lib/python3.7/site-packages/airflow/example_dags/tutorial_taskflow_api_etl_virtualenv.py for tasks to queue
[2022-08-15 03:08:38,081] {logging_mixin.py:115} INFO - [2022-08-15 03:08:38,080] {dagbag.py:508} INFO - Filling up the DagBag from /home/airflow/.local/lib/python3.7/site-packages/airflow/example_dags/tutorial_taskflow_api_etl_virtualenv.py
[2022-08-15 03:08:38,144] {processor.py:651} INFO - DAG(s) dict_keys(['tutorial_taskflow_api_etl_virtualenv']) retrieved from /home/airflow/.local/lib/python3.7/site-packages/airflow/example_dags/tutorial_taskflow_api_etl_virtualenv.py
[2022-08-15 03:08:38,472] {logging_mixin.py:115} INFO - [2022-08-15 03:08:38,472] {dag.py:2420} INFO - Sync 1 DAGs
[2022-08-15 03:08:38,545] {logging_mixin.py:115} INFO - [2022-08-15 03:08:38,545] {dag.py:2972} INFO - Setting next_dagrun for tutorial_taskflow_api_etl_virtualenv to None, run_after=None
[2022-08-15 03:08:38,597] {processor.py:161} INFO - Processing /home/airflow/.local/lib/python3.7/site-packages/airflow/example_dags/tutorial_taskflow_api_etl_virtualenv.py took 0.541 seconds
[2022-08-15 03:09:08,687] {processor.py:153} INFO - Started process (PID=3706) to work on /home/airflow/.local/lib/python3.7/site-packages/airflow/example_dags/tutorial_taskflow_api_etl_virtualenv.py
[2022-08-15 03:09:08,696] {processor.py:641} INFO - Processing file /home/airflow/.local/lib/python3.7/site-packages/airflow/example_dags/tutorial_taskflow_api_etl_virtualenv.py for tasks to queue
[2022-08-15 03:09:08,698] {logging_mixin.py:115} INFO - [2022-08-15 03:09:08,698] {dagbag.py:508} INFO - Filling up the DagBag from /home/airflow/.local/lib/python3.7/site-packages/airflow/example_dags/tutorial_taskflow_api_etl_virtualenv.py
[2022-08-15 03:09:08,731] {processor.py:651} INFO - DAG(s) dict_keys(['tutorial_taskflow_api_etl_virtualenv']) retrieved from /home/airflow/.local/lib/python3.7/site-packages/airflow/example_dags/tutorial_taskflow_api_etl_virtualenv.py
[2022-08-15 03:09:08,874] {logging_mixin.py:115} INFO - [2022-08-15 03:09:08,874] {dag.py:2420} INFO - Sync 1 DAGs
[2022-08-15 03:09:08,920] {logging_mixin.py:115} INFO - [2022-08-15 03:09:08,920] {dag.py:2972} INFO - Setting next_dagrun for tutorial_taskflow_api_etl_virtualenv to None, run_after=None
[2022-08-15 03:09:08,942] {processor.py:161} INFO - Processing /home/airflow/.local/lib/python3.7/site-packages/airflow/example_dags/tutorial_taskflow_api_etl_virtualenv.py took 0.264 seconds
[2022-08-15 03:09:39,073] {processor.py:153} INFO - Started process (PID=3759) to work on /home/airflow/.local/lib/python3.7/site-packages/airflow/example_dags/tutorial_taskflow_api_etl_virtualenv.py
[2022-08-15 03:09:39,079] {processor.py:641} INFO - Processing file /home/airflow/.local/lib/python3.7/site-packages/airflow/example_dags/tutorial_taskflow_api_etl_virtualenv.py for tasks to queue
[2022-08-15 03:09:39,081] {logging_mixin.py:115} INFO - [2022-08-15 03:09:39,081] {dagbag.py:508} INFO - Filling up the DagBag from /home/airflow/.local/lib/python3.7/site-packages/airflow/example_dags/tutorial_taskflow_api_etl_virtualenv.py
[2022-08-15 03:09:39,166] {processor.py:651} INFO - DAG(s) dict_keys(['tutorial_taskflow_api_etl_virtualenv']) retrieved from /home/airflow/.local/lib/python3.7/site-packages/airflow/example_dags/tutorial_taskflow_api_etl_virtualenv.py
[2022-08-15 03:09:39,406] {logging_mixin.py:115} INFO - [2022-08-15 03:09:39,406] {dag.py:2420} INFO - Sync 1 DAGs
[2022-08-15 03:09:39,502] {logging_mixin.py:115} INFO - [2022-08-15 03:09:39,502] {dag.py:2972} INFO - Setting next_dagrun for tutorial_taskflow_api_etl_virtualenv to None, run_after=None
[2022-08-15 03:09:39,556] {processor.py:161} INFO - Processing /home/airflow/.local/lib/python3.7/site-packages/airflow/example_dags/tutorial_taskflow_api_etl_virtualenv.py took 0.492 seconds
[2022-08-15 03:10:09,714] {processor.py:153} INFO - Started process (PID=3826) to work on /home/airflow/.local/lib/python3.7/site-packages/airflow/example_dags/tutorial_taskflow_api_etl_virtualenv.py
[2022-08-15 03:10:09,721] {processor.py:641} INFO - Processing file /home/airflow/.local/lib/python3.7/site-packages/airflow/example_dags/tutorial_taskflow_api_etl_virtualenv.py for tasks to queue
[2022-08-15 03:10:09,723] {logging_mixin.py:115} INFO - [2022-08-15 03:10:09,723] {dagbag.py:508} INFO - Filling up the DagBag from /home/airflow/.local/lib/python3.7/site-packages/airflow/example_dags/tutorial_taskflow_api_etl_virtualenv.py
[2022-08-15 03:10:09,765] {processor.py:651} INFO - DAG(s) dict_keys(['tutorial_taskflow_api_etl_virtualenv']) retrieved from /home/airflow/.local/lib/python3.7/site-packages/airflow/example_dags/tutorial_taskflow_api_etl_virtualenv.py
[2022-08-15 03:10:09,924] {logging_mixin.py:115} INFO - [2022-08-15 03:10:09,924] {dag.py:2420} INFO - Sync 1 DAGs
[2022-08-15 03:10:10,003] {logging_mixin.py:115} INFO - [2022-08-15 03:10:10,002] {dag.py:2972} INFO - Setting next_dagrun for tutorial_taskflow_api_etl_virtualenv to None, run_after=None
[2022-08-15 03:10:10,061] {processor.py:161} INFO - Processing /home/airflow/.local/lib/python3.7/site-packages/airflow/example_dags/tutorial_taskflow_api_etl_virtualenv.py took 0.355 seconds
[2022-08-15 03:10:40,347] {processor.py:153} INFO - Started process (PID=3879) to work on /home/airflow/.local/lib/python3.7/site-packages/airflow/example_dags/tutorial_taskflow_api_etl_virtualenv.py
[2022-08-15 03:10:40,349] {processor.py:641} INFO - Processing file /home/airflow/.local/lib/python3.7/site-packages/airflow/example_dags/tutorial_taskflow_api_etl_virtualenv.py for tasks to queue
[2022-08-15 03:10:40,352] {logging_mixin.py:115} INFO - [2022-08-15 03:10:40,352] {dagbag.py:508} INFO - Filling up the DagBag from /home/airflow/.local/lib/python3.7/site-packages/airflow/example_dags/tutorial_taskflow_api_etl_virtualenv.py
[2022-08-15 03:10:40,392] {processor.py:651} INFO - DAG(s) dict_keys(['tutorial_taskflow_api_etl_virtualenv']) retrieved from /home/airflow/.local/lib/python3.7/site-packages/airflow/example_dags/tutorial_taskflow_api_etl_virtualenv.py
[2022-08-15 03:10:40,577] {logging_mixin.py:115} INFO - [2022-08-15 03:10:40,577] {dag.py:2420} INFO - Sync 1 DAGs
[2022-08-15 03:10:40,674] {logging_mixin.py:115} INFO - [2022-08-15 03:10:40,674] {dag.py:2972} INFO - Setting next_dagrun for tutorial_taskflow_api_etl_virtualenv to None, run_after=None
[2022-08-15 03:10:40,745] {processor.py:161} INFO - Processing /home/airflow/.local/lib/python3.7/site-packages/airflow/example_dags/tutorial_taskflow_api_etl_virtualenv.py took 0.409 seconds
[2022-08-15 03:11:10,907] {processor.py:153} INFO - Started process (PID=3932) to work on /home/airflow/.local/lib/python3.7/site-packages/airflow/example_dags/tutorial_taskflow_api_etl_virtualenv.py
[2022-08-15 03:11:10,909] {processor.py:641} INFO - Processing file /home/airflow/.local/lib/python3.7/site-packages/airflow/example_dags/tutorial_taskflow_api_etl_virtualenv.py for tasks to queue
[2022-08-15 03:11:10,912] {logging_mixin.py:115} INFO - [2022-08-15 03:11:10,911] {dagbag.py:508} INFO - Filling up the DagBag from /home/airflow/.local/lib/python3.7/site-packages/airflow/example_dags/tutorial_taskflow_api_etl_virtualenv.py
[2022-08-15 03:11:10,946] {processor.py:651} INFO - DAG(s) dict_keys(['tutorial_taskflow_api_etl_virtualenv']) retrieved from /home/airflow/.local/lib/python3.7/site-packages/airflow/example_dags/tutorial_taskflow_api_etl_virtualenv.py
[2022-08-15 03:11:11,110] {logging_mixin.py:115} INFO - [2022-08-15 03:11:11,110] {dag.py:2420} INFO - Sync 1 DAGs
[2022-08-15 03:11:11,142] {logging_mixin.py:115} INFO - [2022-08-15 03:11:11,142] {dag.py:2972} INFO - Setting next_dagrun for tutorial_taskflow_api_etl_virtualenv to None, run_after=None
[2022-08-15 03:11:11,167] {processor.py:161} INFO - Processing /home/airflow/.local/lib/python3.7/site-packages/airflow/example_dags/tutorial_taskflow_api_etl_virtualenv.py took 0.268 seconds
[2022-08-15 03:11:41,290] {processor.py:153} INFO - Started process (PID=3986) to work on /home/airflow/.local/lib/python3.7/site-packages/airflow/example_dags/tutorial_taskflow_api_etl_virtualenv.py
[2022-08-15 03:11:41,293] {processor.py:641} INFO - Processing file /home/airflow/.local/lib/python3.7/site-packages/airflow/example_dags/tutorial_taskflow_api_etl_virtualenv.py for tasks to queue
[2022-08-15 03:11:41,295] {logging_mixin.py:115} INFO - [2022-08-15 03:11:41,295] {dagbag.py:508} INFO - Filling up the DagBag from /home/airflow/.local/lib/python3.7/site-packages/airflow/example_dags/tutorial_taskflow_api_etl_virtualenv.py
[2022-08-15 03:11:41,332] {processor.py:651} INFO - DAG(s) dict_keys(['tutorial_taskflow_api_etl_virtualenv']) retrieved from /home/airflow/.local/lib/python3.7/site-packages/airflow/example_dags/tutorial_taskflow_api_etl_virtualenv.py
[2022-08-15 03:11:41,458] {logging_mixin.py:115} INFO - [2022-08-15 03:11:41,457] {dag.py:2420} INFO - Sync 1 DAGs
[2022-08-15 03:11:41,513] {logging_mixin.py:115} INFO - [2022-08-15 03:11:41,513] {dag.py:2972} INFO - Setting next_dagrun for tutorial_taskflow_api_etl_virtualenv to None, run_after=None
[2022-08-15 03:11:41,555] {processor.py:161} INFO - Processing /home/airflow/.local/lib/python3.7/site-packages/airflow/example_dags/tutorial_taskflow_api_etl_virtualenv.py took 0.273 seconds
[2022-08-15 03:12:12,310] {processor.py:153} INFO - Started process (PID=4049) to work on /home/airflow/.local/lib/python3.7/site-packages/airflow/example_dags/tutorial_taskflow_api_etl_virtualenv.py
[2022-08-15 03:12:12,316] {processor.py:641} INFO - Processing file /home/airflow/.local/lib/python3.7/site-packages/airflow/example_dags/tutorial_taskflow_api_etl_virtualenv.py for tasks to queue
[2022-08-15 03:12:12,321] {logging_mixin.py:115} INFO - [2022-08-15 03:12:12,320] {dagbag.py:508} INFO - Filling up the DagBag from /home/airflow/.local/lib/python3.7/site-packages/airflow/example_dags/tutorial_taskflow_api_etl_virtualenv.py
[2022-08-15 03:12:12,427] {processor.py:651} INFO - DAG(s) dict_keys(['tutorial_taskflow_api_etl_virtualenv']) retrieved from /home/airflow/.local/lib/python3.7/site-packages/airflow/example_dags/tutorial_taskflow_api_etl_virtualenv.py
[2022-08-15 03:12:12,790] {logging_mixin.py:115} INFO - [2022-08-15 03:12:12,790] {dag.py:2420} INFO - Sync 1 DAGs
[2022-08-15 03:12:12,895] {logging_mixin.py:115} INFO - [2022-08-15 03:12:12,895] {dag.py:2972} INFO - Setting next_dagrun for tutorial_taskflow_api_etl_virtualenv to None, run_after=None
[2022-08-15 03:12:12,954] {processor.py:161} INFO - Processing /home/airflow/.local/lib/python3.7/site-packages/airflow/example_dags/tutorial_taskflow_api_etl_virtualenv.py took 0.660 seconds
[2022-08-15 03:12:43,326] {processor.py:153} INFO - Started process (PID=4104) to work on /home/airflow/.local/lib/python3.7/site-packages/airflow/example_dags/tutorial_taskflow_api_etl_virtualenv.py
[2022-08-15 03:12:43,328] {processor.py:641} INFO - Processing file /home/airflow/.local/lib/python3.7/site-packages/airflow/example_dags/tutorial_taskflow_api_etl_virtualenv.py for tasks to queue
[2022-08-15 03:12:43,332] {logging_mixin.py:115} INFO - [2022-08-15 03:12:43,332] {dagbag.py:508} INFO - Filling up the DagBag from /home/airflow/.local/lib/python3.7/site-packages/airflow/example_dags/tutorial_taskflow_api_etl_virtualenv.py
[2022-08-15 03:12:43,385] {processor.py:651} INFO - DAG(s) dict_keys(['tutorial_taskflow_api_etl_virtualenv']) retrieved from /home/airflow/.local/lib/python3.7/site-packages/airflow/example_dags/tutorial_taskflow_api_etl_virtualenv.py
[2022-08-15 03:12:43,594] {logging_mixin.py:115} INFO - [2022-08-15 03:12:43,594] {dag.py:2420} INFO - Sync 1 DAGs
[2022-08-15 03:12:43,646] {logging_mixin.py:115} INFO - [2022-08-15 03:12:43,645] {dag.py:2972} INFO - Setting next_dagrun for tutorial_taskflow_api_etl_virtualenv to None, run_after=None
[2022-08-15 03:12:43,681] {processor.py:161} INFO - Processing /home/airflow/.local/lib/python3.7/site-packages/airflow/example_dags/tutorial_taskflow_api_etl_virtualenv.py took 0.371 seconds
[2022-08-15 03:13:13,934] {processor.py:153} INFO - Started process (PID=4158) to work on /home/airflow/.local/lib/python3.7/site-packages/airflow/example_dags/tutorial_taskflow_api_etl_virtualenv.py
[2022-08-15 03:13:13,936] {processor.py:641} INFO - Processing file /home/airflow/.local/lib/python3.7/site-packages/airflow/example_dags/tutorial_taskflow_api_etl_virtualenv.py for tasks to queue
[2022-08-15 03:13:13,938] {logging_mixin.py:115} INFO - [2022-08-15 03:13:13,938] {dagbag.py:508} INFO - Filling up the DagBag from /home/airflow/.local/lib/python3.7/site-packages/airflow/example_dags/tutorial_taskflow_api_etl_virtualenv.py
[2022-08-15 03:13:14,008] {processor.py:651} INFO - DAG(s) dict_keys(['tutorial_taskflow_api_etl_virtualenv']) retrieved from /home/airflow/.local/lib/python3.7/site-packages/airflow/example_dags/tutorial_taskflow_api_etl_virtualenv.py
[2022-08-15 03:13:14,169] {logging_mixin.py:115} INFO - [2022-08-15 03:13:14,169] {dag.py:2420} INFO - Sync 1 DAGs
[2022-08-15 03:13:14,219] {logging_mixin.py:115} INFO - [2022-08-15 03:13:14,219] {dag.py:2972} INFO - Setting next_dagrun for tutorial_taskflow_api_etl_virtualenv to None, run_after=None
[2022-08-15 03:13:14,242] {processor.py:161} INFO - Processing /home/airflow/.local/lib/python3.7/site-packages/airflow/example_dags/tutorial_taskflow_api_etl_virtualenv.py took 0.317 seconds
[2022-08-15 03:13:45,678] {processor.py:153} INFO - Started process (PID=4224) to work on /home/airflow/.local/lib/python3.7/site-packages/airflow/example_dags/tutorial_taskflow_api_etl_virtualenv.py
[2022-08-15 03:13:45,705] {processor.py:641} INFO - Processing file /home/airflow/.local/lib/python3.7/site-packages/airflow/example_dags/tutorial_taskflow_api_etl_virtualenv.py for tasks to queue
[2022-08-15 03:13:45,723] {logging_mixin.py:115} INFO - [2022-08-15 03:13:45,719] {dagbag.py:508} INFO - Filling up the DagBag from /home/airflow/.local/lib/python3.7/site-packages/airflow/example_dags/tutorial_taskflow_api_etl_virtualenv.py
[2022-08-15 03:13:45,794] {processor.py:651} INFO - DAG(s) dict_keys(['tutorial_taskflow_api_etl_virtualenv']) retrieved from /home/airflow/.local/lib/python3.7/site-packages/airflow/example_dags/tutorial_taskflow_api_etl_virtualenv.py
[2022-08-15 03:13:45,966] {logging_mixin.py:115} INFO - [2022-08-15 03:13:45,966] {dag.py:2420} INFO - Sync 1 DAGs
[2022-08-15 03:13:46,022] {logging_mixin.py:115} INFO - [2022-08-15 03:13:46,022] {dag.py:2972} INFO - Setting next_dagrun for tutorial_taskflow_api_etl_virtualenv to None, run_after=None
[2022-08-15 03:13:46,066] {processor.py:161} INFO - Processing /home/airflow/.local/lib/python3.7/site-packages/airflow/example_dags/tutorial_taskflow_api_etl_virtualenv.py took 0.423 seconds
[2022-08-15 03:14:16,591] {processor.py:153} INFO - Started process (PID=4279) to work on /home/airflow/.local/lib/python3.7/site-packages/airflow/example_dags/tutorial_taskflow_api_etl_virtualenv.py
[2022-08-15 03:14:16,593] {processor.py:641} INFO - Processing file /home/airflow/.local/lib/python3.7/site-packages/airflow/example_dags/tutorial_taskflow_api_etl_virtualenv.py for tasks to queue
[2022-08-15 03:14:16,597] {logging_mixin.py:115} INFO - [2022-08-15 03:14:16,597] {dagbag.py:508} INFO - Filling up the DagBag from /home/airflow/.local/lib/python3.7/site-packages/airflow/example_dags/tutorial_taskflow_api_etl_virtualenv.py
[2022-08-15 03:14:16,688] {processor.py:651} INFO - DAG(s) dict_keys(['tutorial_taskflow_api_etl_virtualenv']) retrieved from /home/airflow/.local/lib/python3.7/site-packages/airflow/example_dags/tutorial_taskflow_api_etl_virtualenv.py
[2022-08-15 03:14:16,821] {logging_mixin.py:115} INFO - [2022-08-15 03:14:16,820] {dag.py:2420} INFO - Sync 1 DAGs
[2022-08-15 03:14:16,878] {logging_mixin.py:115} INFO - [2022-08-15 03:14:16,877] {dag.py:2972} INFO - Setting next_dagrun for tutorial_taskflow_api_etl_virtualenv to None, run_after=None
[2022-08-15 03:14:16,911] {processor.py:161} INFO - Processing /home/airflow/.local/lib/python3.7/site-packages/airflow/example_dags/tutorial_taskflow_api_etl_virtualenv.py took 0.348 seconds
[2022-08-15 03:14:47,388] {processor.py:153} INFO - Started process (PID=4333) to work on /home/airflow/.local/lib/python3.7/site-packages/airflow/example_dags/tutorial_taskflow_api_etl_virtualenv.py
[2022-08-15 03:14:47,390] {processor.py:641} INFO - Processing file /home/airflow/.local/lib/python3.7/site-packages/airflow/example_dags/tutorial_taskflow_api_etl_virtualenv.py for tasks to queue
[2022-08-15 03:14:47,392] {logging_mixin.py:115} INFO - [2022-08-15 03:14:47,392] {dagbag.py:508} INFO - Filling up the DagBag from /home/airflow/.local/lib/python3.7/site-packages/airflow/example_dags/tutorial_taskflow_api_etl_virtualenv.py
[2022-08-15 03:14:47,453] {processor.py:651} INFO - DAG(s) dict_keys(['tutorial_taskflow_api_etl_virtualenv']) retrieved from /home/airflow/.local/lib/python3.7/site-packages/airflow/example_dags/tutorial_taskflow_api_etl_virtualenv.py
[2022-08-15 03:14:47,554] {logging_mixin.py:115} INFO - [2022-08-15 03:14:47,554] {dag.py:2420} INFO - Sync 1 DAGs
[2022-08-15 03:14:47,636] {logging_mixin.py:115} INFO - [2022-08-15 03:14:47,635] {dag.py:2972} INFO - Setting next_dagrun for tutorial_taskflow_api_etl_virtualenv to None, run_after=None
[2022-08-15 03:14:47,683] {processor.py:161} INFO - Processing /home/airflow/.local/lib/python3.7/site-packages/airflow/example_dags/tutorial_taskflow_api_etl_virtualenv.py took 0.308 seconds
