[2022-08-15 02:56:26,576] {processor.py:153} INFO - Started process (PID=2289) to work on /home/airflow/.local/lib/python3.7/site-packages/airflow/example_dags/tutorial.py
[2022-08-15 02:56:26,594] {processor.py:641} INFO - Processing file /home/airflow/.local/lib/python3.7/site-packages/airflow/example_dags/tutorial.py for tasks to queue
[2022-08-15 02:56:26,630] {logging_mixin.py:115} INFO - [2022-08-15 02:56:26,630] {dagbag.py:508} INFO - Filling up the DagBag from /home/airflow/.local/lib/python3.7/site-packages/airflow/example_dags/tutorial.py
[2022-08-15 02:56:26,926] {processor.py:651} INFO - DAG(s) dict_keys(['tutorial']) retrieved from /home/airflow/.local/lib/python3.7/site-packages/airflow/example_dags/tutorial.py
[2022-08-15 02:56:27,326] {logging_mixin.py:115} INFO - [2022-08-15 02:56:27,325] {dag.py:2420} INFO - Sync 1 DAGs
[2022-08-15 02:56:27,651] {logging_mixin.py:115} INFO - [2022-08-15 02:56:27,651] {dag.py:2972} INFO - Setting next_dagrun for tutorial to 2022-08-14T02:56:27.650592+00:00, run_after=2022-08-15T02:56:27.650592+00:00
[2022-08-15 02:56:27,799] {processor.py:161} INFO - Processing /home/airflow/.local/lib/python3.7/site-packages/airflow/example_dags/tutorial.py took 1.295 seconds
[2022-08-15 02:56:58,817] {processor.py:153} INFO - Started process (PID=2342) to work on /home/airflow/.local/lib/python3.7/site-packages/airflow/example_dags/tutorial.py
[2022-08-15 02:56:58,819] {processor.py:641} INFO - Processing file /home/airflow/.local/lib/python3.7/site-packages/airflow/example_dags/tutorial.py for tasks to queue
[2022-08-15 02:56:58,823] {logging_mixin.py:115} INFO - [2022-08-15 02:56:58,823] {dagbag.py:508} INFO - Filling up the DagBag from /home/airflow/.local/lib/python3.7/site-packages/airflow/example_dags/tutorial.py
[2022-08-15 02:56:58,881] {processor.py:651} INFO - DAG(s) dict_keys(['tutorial']) retrieved from /home/airflow/.local/lib/python3.7/site-packages/airflow/example_dags/tutorial.py
[2022-08-15 02:56:58,955] {logging_mixin.py:115} INFO - [2022-08-15 02:56:58,955] {dag.py:2420} INFO - Sync 1 DAGs
[2022-08-15 02:56:59,033] {logging_mixin.py:115} INFO - [2022-08-15 02:56:59,033] {dag.py:2972} INFO - Setting next_dagrun for tutorial to 2022-08-14T02:56:59.033035+00:00, run_after=2022-08-15T02:56:59.033035+00:00
[2022-08-15 02:56:59,114] {processor.py:161} INFO - Processing /home/airflow/.local/lib/python3.7/site-packages/airflow/example_dags/tutorial.py took 0.305 seconds
[2022-08-15 02:57:29,579] {processor.py:153} INFO - Started process (PID=2395) to work on /home/airflow/.local/lib/python3.7/site-packages/airflow/example_dags/tutorial.py
[2022-08-15 02:57:29,581] {processor.py:641} INFO - Processing file /home/airflow/.local/lib/python3.7/site-packages/airflow/example_dags/tutorial.py for tasks to queue
[2022-08-15 02:57:29,592] {logging_mixin.py:115} INFO - [2022-08-15 02:57:29,591] {dagbag.py:508} INFO - Filling up the DagBag from /home/airflow/.local/lib/python3.7/site-packages/airflow/example_dags/tutorial.py
[2022-08-15 02:57:29,618] {processor.py:651} INFO - DAG(s) dict_keys(['tutorial']) retrieved from /home/airflow/.local/lib/python3.7/site-packages/airflow/example_dags/tutorial.py
[2022-08-15 02:57:29,743] {logging_mixin.py:115} INFO - [2022-08-15 02:57:29,742] {dag.py:2420} INFO - Sync 1 DAGs
[2022-08-15 02:57:29,822] {logging_mixin.py:115} INFO - [2022-08-15 02:57:29,822] {dag.py:2972} INFO - Setting next_dagrun for tutorial to 2022-08-14T02:57:29.822091+00:00, run_after=2022-08-15T02:57:29.822091+00:00
[2022-08-15 02:57:29,865] {processor.py:161} INFO - Processing /home/airflow/.local/lib/python3.7/site-packages/airflow/example_dags/tutorial.py took 0.309 seconds
[2022-08-15 02:58:00,032] {processor.py:153} INFO - Started process (PID=2460) to work on /home/airflow/.local/lib/python3.7/site-packages/airflow/example_dags/tutorial.py
[2022-08-15 02:58:00,034] {processor.py:641} INFO - Processing file /home/airflow/.local/lib/python3.7/site-packages/airflow/example_dags/tutorial.py for tasks to queue
[2022-08-15 02:58:00,036] {logging_mixin.py:115} INFO - [2022-08-15 02:58:00,036] {dagbag.py:508} INFO - Filling up the DagBag from /home/airflow/.local/lib/python3.7/site-packages/airflow/example_dags/tutorial.py
[2022-08-15 02:58:00,051] {processor.py:651} INFO - DAG(s) dict_keys(['tutorial']) retrieved from /home/airflow/.local/lib/python3.7/site-packages/airflow/example_dags/tutorial.py
[2022-08-15 02:58:00,103] {logging_mixin.py:115} INFO - [2022-08-15 02:58:00,103] {dag.py:2420} INFO - Sync 1 DAGs
[2022-08-15 02:58:00,147] {logging_mixin.py:115} INFO - [2022-08-15 02:58:00,147] {dag.py:2972} INFO - Setting next_dagrun for tutorial to 2022-08-14T02:58:00.146759+00:00, run_after=2022-08-15T02:58:00.146759+00:00
[2022-08-15 02:58:00,174] {processor.py:161} INFO - Processing /home/airflow/.local/lib/python3.7/site-packages/airflow/example_dags/tutorial.py took 0.151 seconds
[2022-08-15 02:58:30,996] {processor.py:153} INFO - Started process (PID=2513) to work on /home/airflow/.local/lib/python3.7/site-packages/airflow/example_dags/tutorial.py
[2022-08-15 02:58:30,999] {processor.py:641} INFO - Processing file /home/airflow/.local/lib/python3.7/site-packages/airflow/example_dags/tutorial.py for tasks to queue
[2022-08-15 02:58:31,002] {logging_mixin.py:115} INFO - [2022-08-15 02:58:31,002] {dagbag.py:508} INFO - Filling up the DagBag from /home/airflow/.local/lib/python3.7/site-packages/airflow/example_dags/tutorial.py
[2022-08-15 02:58:31,017] {processor.py:651} INFO - DAG(s) dict_keys(['tutorial']) retrieved from /home/airflow/.local/lib/python3.7/site-packages/airflow/example_dags/tutorial.py
[2022-08-15 02:58:31,062] {logging_mixin.py:115} INFO - [2022-08-15 02:58:31,062] {dag.py:2420} INFO - Sync 1 DAGs
[2022-08-15 02:58:31,102] {logging_mixin.py:115} INFO - [2022-08-15 02:58:31,102] {dag.py:2972} INFO - Setting next_dagrun for tutorial to 2022-08-14T02:58:31.102411+00:00, run_after=2022-08-15T02:58:31.102411+00:00
[2022-08-15 02:58:31,124] {processor.py:161} INFO - Processing /home/airflow/.local/lib/python3.7/site-packages/airflow/example_dags/tutorial.py took 0.140 seconds
[2022-08-15 02:59:01,319] {processor.py:153} INFO - Started process (PID=2568) to work on /home/airflow/.local/lib/python3.7/site-packages/airflow/example_dags/tutorial.py
[2022-08-15 02:59:01,323] {processor.py:641} INFO - Processing file /home/airflow/.local/lib/python3.7/site-packages/airflow/example_dags/tutorial.py for tasks to queue
[2022-08-15 02:59:01,333] {logging_mixin.py:115} INFO - [2022-08-15 02:59:01,332] {dagbag.py:508} INFO - Filling up the DagBag from /home/airflow/.local/lib/python3.7/site-packages/airflow/example_dags/tutorial.py
[2022-08-15 02:59:01,365] {processor.py:651} INFO - DAG(s) dict_keys(['tutorial']) retrieved from /home/airflow/.local/lib/python3.7/site-packages/airflow/example_dags/tutorial.py
[2022-08-15 02:59:01,472] {logging_mixin.py:115} INFO - [2022-08-15 02:59:01,472] {dag.py:2420} INFO - Sync 1 DAGs
[2022-08-15 02:59:01,552] {logging_mixin.py:115} INFO - [2022-08-15 02:59:01,552] {dag.py:2972} INFO - Setting next_dagrun for tutorial to 2022-08-14T02:59:01.551666+00:00, run_after=2022-08-15T02:59:01.551666+00:00
[2022-08-15 02:59:01,593] {processor.py:161} INFO - Processing /home/airflow/.local/lib/python3.7/site-packages/airflow/example_dags/tutorial.py took 0.283 seconds
[2022-08-15 02:59:32,176] {processor.py:153} INFO - Started process (PID=2631) to work on /home/airflow/.local/lib/python3.7/site-packages/airflow/example_dags/tutorial.py
[2022-08-15 02:59:32,190] {processor.py:641} INFO - Processing file /home/airflow/.local/lib/python3.7/site-packages/airflow/example_dags/tutorial.py for tasks to queue
[2022-08-15 02:59:32,199] {logging_mixin.py:115} INFO - [2022-08-15 02:59:32,193] {dagbag.py:508} INFO - Filling up the DagBag from /home/airflow/.local/lib/python3.7/site-packages/airflow/example_dags/tutorial.py
[2022-08-15 02:59:32,212] {processor.py:651} INFO - DAG(s) dict_keys(['tutorial']) retrieved from /home/airflow/.local/lib/python3.7/site-packages/airflow/example_dags/tutorial.py
[2022-08-15 02:59:32,261] {logging_mixin.py:115} INFO - [2022-08-15 02:59:32,261] {dag.py:2420} INFO - Sync 1 DAGs
[2022-08-15 02:59:32,311] {logging_mixin.py:115} INFO - [2022-08-15 02:59:32,311] {dag.py:2972} INFO - Setting next_dagrun for tutorial to 2022-08-14T02:59:32.311237+00:00, run_after=2022-08-15T02:59:32.311237+00:00
[2022-08-15 02:59:32,336] {processor.py:161} INFO - Processing /home/airflow/.local/lib/python3.7/site-packages/airflow/example_dags/tutorial.py took 0.176 seconds
[2022-08-15 03:00:02,499] {processor.py:153} INFO - Started process (PID=2685) to work on /home/airflow/.local/lib/python3.7/site-packages/airflow/example_dags/tutorial.py
[2022-08-15 03:00:02,501] {processor.py:641} INFO - Processing file /home/airflow/.local/lib/python3.7/site-packages/airflow/example_dags/tutorial.py for tasks to queue
[2022-08-15 03:00:02,504] {logging_mixin.py:115} INFO - [2022-08-15 03:00:02,503] {dagbag.py:508} INFO - Filling up the DagBag from /home/airflow/.local/lib/python3.7/site-packages/airflow/example_dags/tutorial.py
[2022-08-15 03:00:02,522] {processor.py:651} INFO - DAG(s) dict_keys(['tutorial']) retrieved from /home/airflow/.local/lib/python3.7/site-packages/airflow/example_dags/tutorial.py
[2022-08-15 03:00:02,571] {logging_mixin.py:115} INFO - [2022-08-15 03:00:02,570] {dag.py:2420} INFO - Sync 1 DAGs
[2022-08-15 03:00:02,624] {logging_mixin.py:115} INFO - [2022-08-15 03:00:02,624] {dag.py:2972} INFO - Setting next_dagrun for tutorial to 2022-08-14T03:00:02.623499+00:00, run_after=2022-08-15T03:00:02.623499+00:00
[2022-08-15 03:00:02,658] {processor.py:161} INFO - Processing /home/airflow/.local/lib/python3.7/site-packages/airflow/example_dags/tutorial.py took 0.170 seconds
[2022-08-15 03:00:33,005] {processor.py:153} INFO - Started process (PID=2739) to work on /home/airflow/.local/lib/python3.7/site-packages/airflow/example_dags/tutorial.py
[2022-08-15 03:00:33,008] {processor.py:641} INFO - Processing file /home/airflow/.local/lib/python3.7/site-packages/airflow/example_dags/tutorial.py for tasks to queue
[2022-08-15 03:00:33,012] {logging_mixin.py:115} INFO - [2022-08-15 03:00:33,011] {dagbag.py:508} INFO - Filling up the DagBag from /home/airflow/.local/lib/python3.7/site-packages/airflow/example_dags/tutorial.py
[2022-08-15 03:00:33,031] {processor.py:651} INFO - DAG(s) dict_keys(['tutorial']) retrieved from /home/airflow/.local/lib/python3.7/site-packages/airflow/example_dags/tutorial.py
[2022-08-15 03:00:33,094] {logging_mixin.py:115} INFO - [2022-08-15 03:00:33,094] {dag.py:2420} INFO - Sync 1 DAGs
[2022-08-15 03:00:33,143] {logging_mixin.py:115} INFO - [2022-08-15 03:00:33,143] {dag.py:2972} INFO - Setting next_dagrun for tutorial to 2022-08-14T03:00:33.142749+00:00, run_after=2022-08-15T03:00:33.142749+00:00
[2022-08-15 03:00:33,173] {processor.py:161} INFO - Processing /home/airflow/.local/lib/python3.7/site-packages/airflow/example_dags/tutorial.py took 0.180 seconds
[2022-08-15 03:01:03,414] {processor.py:153} INFO - Started process (PID=2801) to work on /home/airflow/.local/lib/python3.7/site-packages/airflow/example_dags/tutorial.py
[2022-08-15 03:01:03,416] {processor.py:641} INFO - Processing file /home/airflow/.local/lib/python3.7/site-packages/airflow/example_dags/tutorial.py for tasks to queue
[2022-08-15 03:01:03,418] {logging_mixin.py:115} INFO - [2022-08-15 03:01:03,418] {dagbag.py:508} INFO - Filling up the DagBag from /home/airflow/.local/lib/python3.7/site-packages/airflow/example_dags/tutorial.py
[2022-08-15 03:01:03,432] {processor.py:651} INFO - DAG(s) dict_keys(['tutorial']) retrieved from /home/airflow/.local/lib/python3.7/site-packages/airflow/example_dags/tutorial.py
[2022-08-15 03:01:03,565] {logging_mixin.py:115} INFO - [2022-08-15 03:01:03,565] {dag.py:2420} INFO - Sync 1 DAGs
[2022-08-15 03:01:03,647] {logging_mixin.py:115} INFO - [2022-08-15 03:01:03,647] {dag.py:2972} INFO - Setting next_dagrun for tutorial to 2022-08-14T03:01:03.646375+00:00, run_after=2022-08-15T03:01:03.646375+00:00
[2022-08-15 03:01:03,685] {processor.py:161} INFO - Processing /home/airflow/.local/lib/python3.7/site-packages/airflow/example_dags/tutorial.py took 0.284 seconds
[2022-08-15 03:01:33,870] {processor.py:153} INFO - Started process (PID=2855) to work on /home/airflow/.local/lib/python3.7/site-packages/airflow/example_dags/tutorial.py
[2022-08-15 03:01:33,881] {processor.py:641} INFO - Processing file /home/airflow/.local/lib/python3.7/site-packages/airflow/example_dags/tutorial.py for tasks to queue
[2022-08-15 03:01:33,885] {logging_mixin.py:115} INFO - [2022-08-15 03:01:33,884] {dagbag.py:508} INFO - Filling up the DagBag from /home/airflow/.local/lib/python3.7/site-packages/airflow/example_dags/tutorial.py
[2022-08-15 03:01:33,905] {processor.py:651} INFO - DAG(s) dict_keys(['tutorial']) retrieved from /home/airflow/.local/lib/python3.7/site-packages/airflow/example_dags/tutorial.py
[2022-08-15 03:01:33,955] {logging_mixin.py:115} INFO - [2022-08-15 03:01:33,955] {dag.py:2420} INFO - Sync 1 DAGs
[2022-08-15 03:01:34,027] {logging_mixin.py:115} INFO - [2022-08-15 03:01:34,027] {dag.py:2972} INFO - Setting next_dagrun for tutorial to 2022-08-14T03:01:34.020798+00:00, run_after=2022-08-15T03:01:34.020798+00:00
[2022-08-15 03:01:34,091] {processor.py:161} INFO - Processing /home/airflow/.local/lib/python3.7/site-packages/airflow/example_dags/tutorial.py took 0.238 seconds
[2022-08-15 03:02:04,305] {processor.py:153} INFO - Started process (PID=2922) to work on /home/airflow/.local/lib/python3.7/site-packages/airflow/example_dags/tutorial.py
[2022-08-15 03:02:04,307] {processor.py:641} INFO - Processing file /home/airflow/.local/lib/python3.7/site-packages/airflow/example_dags/tutorial.py for tasks to queue
[2022-08-15 03:02:04,309] {logging_mixin.py:115} INFO - [2022-08-15 03:02:04,309] {dagbag.py:508} INFO - Filling up the DagBag from /home/airflow/.local/lib/python3.7/site-packages/airflow/example_dags/tutorial.py
[2022-08-15 03:02:04,320] {processor.py:651} INFO - DAG(s) dict_keys(['tutorial']) retrieved from /home/airflow/.local/lib/python3.7/site-packages/airflow/example_dags/tutorial.py
[2022-08-15 03:02:04,358] {logging_mixin.py:115} INFO - [2022-08-15 03:02:04,358] {dag.py:2420} INFO - Sync 1 DAGs
[2022-08-15 03:02:04,390] {logging_mixin.py:115} INFO - [2022-08-15 03:02:04,390] {dag.py:2972} INFO - Setting next_dagrun for tutorial to 2022-08-14T03:02:04.390054+00:00, run_after=2022-08-15T03:02:04.390054+00:00
[2022-08-15 03:02:04,411] {processor.py:161} INFO - Processing /home/airflow/.local/lib/python3.7/site-packages/airflow/example_dags/tutorial.py took 0.113 seconds
[2022-08-15 03:02:34,615] {processor.py:153} INFO - Started process (PID=2975) to work on /home/airflow/.local/lib/python3.7/site-packages/airflow/example_dags/tutorial.py
[2022-08-15 03:02:34,617] {processor.py:641} INFO - Processing file /home/airflow/.local/lib/python3.7/site-packages/airflow/example_dags/tutorial.py for tasks to queue
[2022-08-15 03:02:34,621] {logging_mixin.py:115} INFO - [2022-08-15 03:02:34,621] {dagbag.py:508} INFO - Filling up the DagBag from /home/airflow/.local/lib/python3.7/site-packages/airflow/example_dags/tutorial.py
[2022-08-15 03:02:34,632] {processor.py:651} INFO - DAG(s) dict_keys(['tutorial']) retrieved from /home/airflow/.local/lib/python3.7/site-packages/airflow/example_dags/tutorial.py
[2022-08-15 03:02:34,672] {logging_mixin.py:115} INFO - [2022-08-15 03:02:34,672] {dag.py:2420} INFO - Sync 1 DAGs
[2022-08-15 03:02:34,705] {logging_mixin.py:115} INFO - [2022-08-15 03:02:34,705] {dag.py:2972} INFO - Setting next_dagrun for tutorial to 2022-08-14T03:02:34.705140+00:00, run_after=2022-08-15T03:02:34.705140+00:00
[2022-08-15 03:02:34,726] {processor.py:161} INFO - Processing /home/airflow/.local/lib/python3.7/site-packages/airflow/example_dags/tutorial.py took 0.118 seconds
[2022-08-15 03:03:05,324] {processor.py:153} INFO - Started process (PID=3038) to work on /home/airflow/.local/lib/python3.7/site-packages/airflow/example_dags/tutorial.py
[2022-08-15 03:03:05,331] {processor.py:641} INFO - Processing file /home/airflow/.local/lib/python3.7/site-packages/airflow/example_dags/tutorial.py for tasks to queue
[2022-08-15 03:03:05,342] {logging_mixin.py:115} INFO - [2022-08-15 03:03:05,341] {dagbag.py:508} INFO - Filling up the DagBag from /home/airflow/.local/lib/python3.7/site-packages/airflow/example_dags/tutorial.py
[2022-08-15 03:03:05,364] {processor.py:651} INFO - DAG(s) dict_keys(['tutorial']) retrieved from /home/airflow/.local/lib/python3.7/site-packages/airflow/example_dags/tutorial.py
[2022-08-15 03:03:05,446] {logging_mixin.py:115} INFO - [2022-08-15 03:03:05,446] {dag.py:2420} INFO - Sync 1 DAGs
[2022-08-15 03:03:05,532] {logging_mixin.py:115} INFO - [2022-08-15 03:03:05,532] {dag.py:2972} INFO - Setting next_dagrun for tutorial to 2022-08-14T03:03:05.532108+00:00, run_after=2022-08-15T03:03:05.532108+00:00
[2022-08-15 03:03:05,595] {processor.py:161} INFO - Processing /home/airflow/.local/lib/python3.7/site-packages/airflow/example_dags/tutorial.py took 0.279 seconds
[2022-08-15 03:03:36,336] {processor.py:153} INFO - Started process (PID=3092) to work on /home/airflow/.local/lib/python3.7/site-packages/airflow/example_dags/tutorial.py
[2022-08-15 03:03:36,339] {processor.py:641} INFO - Processing file /home/airflow/.local/lib/python3.7/site-packages/airflow/example_dags/tutorial.py for tasks to queue
[2022-08-15 03:03:36,344] {logging_mixin.py:115} INFO - [2022-08-15 03:03:36,343] {dagbag.py:508} INFO - Filling up the DagBag from /home/airflow/.local/lib/python3.7/site-packages/airflow/example_dags/tutorial.py
[2022-08-15 03:03:36,379] {processor.py:651} INFO - DAG(s) dict_keys(['tutorial']) retrieved from /home/airflow/.local/lib/python3.7/site-packages/airflow/example_dags/tutorial.py
[2022-08-15 03:03:36,429] {logging_mixin.py:115} INFO - [2022-08-15 03:03:36,429] {dag.py:2420} INFO - Sync 1 DAGs
[2022-08-15 03:03:36,480] {logging_mixin.py:115} INFO - [2022-08-15 03:03:36,480] {dag.py:2972} INFO - Setting next_dagrun for tutorial to 2022-08-14T03:03:36.480063+00:00, run_after=2022-08-15T03:03:36.480063+00:00
[2022-08-15 03:03:36,509] {processor.py:161} INFO - Processing /home/airflow/.local/lib/python3.7/site-packages/airflow/example_dags/tutorial.py took 0.190 seconds
[2022-08-15 03:04:07,183] {processor.py:153} INFO - Started process (PID=3146) to work on /home/airflow/.local/lib/python3.7/site-packages/airflow/example_dags/tutorial.py
[2022-08-15 03:04:07,188] {processor.py:641} INFO - Processing file /home/airflow/.local/lib/python3.7/site-packages/airflow/example_dags/tutorial.py for tasks to queue
[2022-08-15 03:04:07,189] {logging_mixin.py:115} INFO - [2022-08-15 03:04:07,189] {dagbag.py:508} INFO - Filling up the DagBag from /home/airflow/.local/lib/python3.7/site-packages/airflow/example_dags/tutorial.py
[2022-08-15 03:04:07,214] {processor.py:651} INFO - DAG(s) dict_keys(['tutorial']) retrieved from /home/airflow/.local/lib/python3.7/site-packages/airflow/example_dags/tutorial.py
[2022-08-15 03:04:07,289] {logging_mixin.py:115} INFO - [2022-08-15 03:04:07,289] {dag.py:2420} INFO - Sync 1 DAGs
[2022-08-15 03:04:07,429] {logging_mixin.py:115} INFO - [2022-08-15 03:04:07,429] {dag.py:2972} INFO - Setting next_dagrun for tutorial to 2022-08-14T03:04:07.428655+00:00, run_after=2022-08-15T03:04:07.428655+00:00
[2022-08-15 03:04:07,472] {processor.py:161} INFO - Processing /home/airflow/.local/lib/python3.7/site-packages/airflow/example_dags/tutorial.py took 0.303 seconds
[2022-08-15 03:04:38,099] {processor.py:153} INFO - Started process (PID=3208) to work on /home/airflow/.local/lib/python3.7/site-packages/airflow/example_dags/tutorial.py
[2022-08-15 03:04:38,102] {processor.py:641} INFO - Processing file /home/airflow/.local/lib/python3.7/site-packages/airflow/example_dags/tutorial.py for tasks to queue
[2022-08-15 03:04:38,104] {logging_mixin.py:115} INFO - [2022-08-15 03:04:38,104] {dagbag.py:508} INFO - Filling up the DagBag from /home/airflow/.local/lib/python3.7/site-packages/airflow/example_dags/tutorial.py
[2022-08-15 03:04:38,127] {processor.py:651} INFO - DAG(s) dict_keys(['tutorial']) retrieved from /home/airflow/.local/lib/python3.7/site-packages/airflow/example_dags/tutorial.py
[2022-08-15 03:04:38,316] {logging_mixin.py:115} INFO - [2022-08-15 03:04:38,316] {dag.py:2420} INFO - Sync 1 DAGs
[2022-08-15 03:04:38,405] {logging_mixin.py:115} INFO - [2022-08-15 03:04:38,404] {dag.py:2972} INFO - Setting next_dagrun for tutorial to 2022-08-14T03:04:38.404571+00:00, run_after=2022-08-15T03:04:38.404571+00:00
[2022-08-15 03:04:38,450] {processor.py:161} INFO - Processing /home/airflow/.local/lib/python3.7/site-packages/airflow/example_dags/tutorial.py took 0.361 seconds
[2022-08-15 03:05:08,693] {processor.py:153} INFO - Started process (PID=3263) to work on /home/airflow/.local/lib/python3.7/site-packages/airflow/example_dags/tutorial.py
[2022-08-15 03:05:08,694] {processor.py:641} INFO - Processing file /home/airflow/.local/lib/python3.7/site-packages/airflow/example_dags/tutorial.py for tasks to queue
[2022-08-15 03:05:08,696] {logging_mixin.py:115} INFO - [2022-08-15 03:05:08,696] {dagbag.py:508} INFO - Filling up the DagBag from /home/airflow/.local/lib/python3.7/site-packages/airflow/example_dags/tutorial.py
[2022-08-15 03:05:08,717] {processor.py:651} INFO - DAG(s) dict_keys(['tutorial']) retrieved from /home/airflow/.local/lib/python3.7/site-packages/airflow/example_dags/tutorial.py
[2022-08-15 03:05:08,768] {logging_mixin.py:115} INFO - [2022-08-15 03:05:08,768] {dag.py:2420} INFO - Sync 1 DAGs
[2022-08-15 03:05:08,811] {logging_mixin.py:115} INFO - [2022-08-15 03:05:08,810] {dag.py:2972} INFO - Setting next_dagrun for tutorial to 2022-08-14T03:05:08.810595+00:00, run_after=2022-08-15T03:05:08.810595+00:00
[2022-08-15 03:05:08,910] {processor.py:161} INFO - Processing /home/airflow/.local/lib/python3.7/site-packages/airflow/example_dags/tutorial.py took 0.223 seconds
[2022-08-15 03:05:39,286] {processor.py:153} INFO - Started process (PID=3318) to work on /home/airflow/.local/lib/python3.7/site-packages/airflow/example_dags/tutorial.py
[2022-08-15 03:05:39,293] {processor.py:641} INFO - Processing file /home/airflow/.local/lib/python3.7/site-packages/airflow/example_dags/tutorial.py for tasks to queue
[2022-08-15 03:05:39,299] {logging_mixin.py:115} INFO - [2022-08-15 03:05:39,299] {dagbag.py:508} INFO - Filling up the DagBag from /home/airflow/.local/lib/python3.7/site-packages/airflow/example_dags/tutorial.py
[2022-08-15 03:05:39,317] {processor.py:651} INFO - DAG(s) dict_keys(['tutorial']) retrieved from /home/airflow/.local/lib/python3.7/site-packages/airflow/example_dags/tutorial.py
[2022-08-15 03:05:39,438] {logging_mixin.py:115} INFO - [2022-08-15 03:05:39,437] {dag.py:2420} INFO - Sync 1 DAGs
[2022-08-15 03:05:39,590] {logging_mixin.py:115} INFO - [2022-08-15 03:05:39,588] {dag.py:2972} INFO - Setting next_dagrun for tutorial to 2022-08-14T03:05:39.588326+00:00, run_after=2022-08-15T03:05:39.588326+00:00
[2022-08-15 03:05:39,636] {processor.py:161} INFO - Processing /home/airflow/.local/lib/python3.7/site-packages/airflow/example_dags/tutorial.py took 0.356 seconds
[2022-08-15 03:06:09,968] {processor.py:153} INFO - Started process (PID=3382) to work on /home/airflow/.local/lib/python3.7/site-packages/airflow/example_dags/tutorial.py
[2022-08-15 03:06:09,970] {processor.py:641} INFO - Processing file /home/airflow/.local/lib/python3.7/site-packages/airflow/example_dags/tutorial.py for tasks to queue
[2022-08-15 03:06:09,972] {logging_mixin.py:115} INFO - [2022-08-15 03:06:09,972] {dagbag.py:508} INFO - Filling up the DagBag from /home/airflow/.local/lib/python3.7/site-packages/airflow/example_dags/tutorial.py
[2022-08-15 03:06:09,984] {processor.py:651} INFO - DAG(s) dict_keys(['tutorial']) retrieved from /home/airflow/.local/lib/python3.7/site-packages/airflow/example_dags/tutorial.py
[2022-08-15 03:06:10,049] {logging_mixin.py:115} INFO - [2022-08-15 03:06:10,048] {dag.py:2420} INFO - Sync 1 DAGs
[2022-08-15 03:06:10,129] {logging_mixin.py:115} INFO - [2022-08-15 03:06:10,129] {dag.py:2972} INFO - Setting next_dagrun for tutorial to 2022-08-14T03:06:10.128442+00:00, run_after=2022-08-15T03:06:10.128442+00:00
[2022-08-15 03:06:10,163] {processor.py:161} INFO - Processing /home/airflow/.local/lib/python3.7/site-packages/airflow/example_dags/tutorial.py took 0.203 seconds
[2022-08-15 03:06:40,442] {processor.py:153} INFO - Started process (PID=3436) to work on /home/airflow/.local/lib/python3.7/site-packages/airflow/example_dags/tutorial.py
[2022-08-15 03:06:40,444] {processor.py:641} INFO - Processing file /home/airflow/.local/lib/python3.7/site-packages/airflow/example_dags/tutorial.py for tasks to queue
[2022-08-15 03:06:40,447] {logging_mixin.py:115} INFO - [2022-08-15 03:06:40,446] {dagbag.py:508} INFO - Filling up the DagBag from /home/airflow/.local/lib/python3.7/site-packages/airflow/example_dags/tutorial.py
[2022-08-15 03:06:40,461] {processor.py:651} INFO - DAG(s) dict_keys(['tutorial']) retrieved from /home/airflow/.local/lib/python3.7/site-packages/airflow/example_dags/tutorial.py
[2022-08-15 03:06:40,513] {logging_mixin.py:115} INFO - [2022-08-15 03:06:40,513] {dag.py:2420} INFO - Sync 1 DAGs
[2022-08-15 03:06:40,560] {logging_mixin.py:115} INFO - [2022-08-15 03:06:40,560] {dag.py:2972} INFO - Setting next_dagrun for tutorial to 2022-08-14T03:06:40.560136+00:00, run_after=2022-08-15T03:06:40.560136+00:00
[2022-08-15 03:06:40,596] {processor.py:161} INFO - Processing /home/airflow/.local/lib/python3.7/site-packages/airflow/example_dags/tutorial.py took 0.165 seconds
[2022-08-15 03:07:10,878] {processor.py:153} INFO - Started process (PID=3490) to work on /home/airflow/.local/lib/python3.7/site-packages/airflow/example_dags/tutorial.py
[2022-08-15 03:07:10,882] {processor.py:641} INFO - Processing file /home/airflow/.local/lib/python3.7/site-packages/airflow/example_dags/tutorial.py for tasks to queue
[2022-08-15 03:07:10,887] {logging_mixin.py:115} INFO - [2022-08-15 03:07:10,886] {dagbag.py:508} INFO - Filling up the DagBag from /home/airflow/.local/lib/python3.7/site-packages/airflow/example_dags/tutorial.py
[2022-08-15 03:07:10,943] {processor.py:651} INFO - DAG(s) dict_keys(['tutorial']) retrieved from /home/airflow/.local/lib/python3.7/site-packages/airflow/example_dags/tutorial.py
[2022-08-15 03:07:11,043] {logging_mixin.py:115} INFO - [2022-08-15 03:07:11,042] {dag.py:2420} INFO - Sync 1 DAGs
[2022-08-15 03:07:11,190] {logging_mixin.py:115} INFO - [2022-08-15 03:07:11,190] {dag.py:2972} INFO - Setting next_dagrun for tutorial to 2022-08-14T03:07:11.189626+00:00, run_after=2022-08-15T03:07:11.189626+00:00
[2022-08-15 03:07:11,266] {processor.py:161} INFO - Processing /home/airflow/.local/lib/python3.7/site-packages/airflow/example_dags/tutorial.py took 0.419 seconds
[2022-08-15 03:07:42,098] {processor.py:153} INFO - Started process (PID=3555) to work on /home/airflow/.local/lib/python3.7/site-packages/airflow/example_dags/tutorial.py
[2022-08-15 03:07:42,100] {processor.py:641} INFO - Processing file /home/airflow/.local/lib/python3.7/site-packages/airflow/example_dags/tutorial.py for tasks to queue
[2022-08-15 03:07:42,103] {logging_mixin.py:115} INFO - [2022-08-15 03:07:42,103] {dagbag.py:508} INFO - Filling up the DagBag from /home/airflow/.local/lib/python3.7/site-packages/airflow/example_dags/tutorial.py
[2022-08-15 03:07:42,116] {processor.py:651} INFO - DAG(s) dict_keys(['tutorial']) retrieved from /home/airflow/.local/lib/python3.7/site-packages/airflow/example_dags/tutorial.py
[2022-08-15 03:07:42,166] {logging_mixin.py:115} INFO - [2022-08-15 03:07:42,166] {dag.py:2420} INFO - Sync 1 DAGs
[2022-08-15 03:07:42,206] {logging_mixin.py:115} INFO - [2022-08-15 03:07:42,206] {dag.py:2972} INFO - Setting next_dagrun for tutorial to 2022-08-14T03:07:42.206180+00:00, run_after=2022-08-15T03:07:42.206180+00:00
[2022-08-15 03:07:42,231] {processor.py:161} INFO - Processing /home/airflow/.local/lib/python3.7/site-packages/airflow/example_dags/tutorial.py took 0.141 seconds
[2022-08-15 03:08:12,917] {processor.py:153} INFO - Started process (PID=3608) to work on /home/airflow/.local/lib/python3.7/site-packages/airflow/example_dags/tutorial.py
[2022-08-15 03:08:12,919] {processor.py:641} INFO - Processing file /home/airflow/.local/lib/python3.7/site-packages/airflow/example_dags/tutorial.py for tasks to queue
[2022-08-15 03:08:12,925] {logging_mixin.py:115} INFO - [2022-08-15 03:08:12,925] {dagbag.py:508} INFO - Filling up the DagBag from /home/airflow/.local/lib/python3.7/site-packages/airflow/example_dags/tutorial.py
[2022-08-15 03:08:12,939] {processor.py:651} INFO - DAG(s) dict_keys(['tutorial']) retrieved from /home/airflow/.local/lib/python3.7/site-packages/airflow/example_dags/tutorial.py
[2022-08-15 03:08:13,001] {logging_mixin.py:115} INFO - [2022-08-15 03:08:13,001] {dag.py:2420} INFO - Sync 1 DAGs
[2022-08-15 03:08:13,111] {logging_mixin.py:115} INFO - [2022-08-15 03:08:13,111] {dag.py:2972} INFO - Setting next_dagrun for tutorial to 2022-08-14T03:08:13.110404+00:00, run_after=2022-08-15T03:08:13.110404+00:00
[2022-08-15 03:08:13,204] {processor.py:161} INFO - Processing /home/airflow/.local/lib/python3.7/site-packages/airflow/example_dags/tutorial.py took 0.295 seconds
[2022-08-15 03:08:43,308] {processor.py:153} INFO - Started process (PID=3660) to work on /home/airflow/.local/lib/python3.7/site-packages/airflow/example_dags/tutorial.py
[2022-08-15 03:08:43,310] {processor.py:641} INFO - Processing file /home/airflow/.local/lib/python3.7/site-packages/airflow/example_dags/tutorial.py for tasks to queue
[2022-08-15 03:08:43,312] {logging_mixin.py:115} INFO - [2022-08-15 03:08:43,312] {dagbag.py:508} INFO - Filling up the DagBag from /home/airflow/.local/lib/python3.7/site-packages/airflow/example_dags/tutorial.py
[2022-08-15 03:08:43,330] {processor.py:651} INFO - DAG(s) dict_keys(['tutorial']) retrieved from /home/airflow/.local/lib/python3.7/site-packages/airflow/example_dags/tutorial.py
[2022-08-15 03:08:43,384] {logging_mixin.py:115} INFO - [2022-08-15 03:08:43,384] {dag.py:2420} INFO - Sync 1 DAGs
[2022-08-15 03:08:43,424] {logging_mixin.py:115} INFO - [2022-08-15 03:08:43,423] {dag.py:2972} INFO - Setting next_dagrun for tutorial to 2022-08-14T03:08:43.423471+00:00, run_after=2022-08-15T03:08:43.423471+00:00
[2022-08-15 03:08:43,456] {processor.py:161} INFO - Processing /home/airflow/.local/lib/python3.7/site-packages/airflow/example_dags/tutorial.py took 0.157 seconds
[2022-08-15 03:09:13,694] {processor.py:153} INFO - Started process (PID=3713) to work on /home/airflow/.local/lib/python3.7/site-packages/airflow/example_dags/tutorial.py
[2022-08-15 03:09:13,696] {processor.py:641} INFO - Processing file /home/airflow/.local/lib/python3.7/site-packages/airflow/example_dags/tutorial.py for tasks to queue
[2022-08-15 03:09:13,701] {logging_mixin.py:115} INFO - [2022-08-15 03:09:13,701] {dagbag.py:508} INFO - Filling up the DagBag from /home/airflow/.local/lib/python3.7/site-packages/airflow/example_dags/tutorial.py
[2022-08-15 03:09:13,712] {processor.py:651} INFO - DAG(s) dict_keys(['tutorial']) retrieved from /home/airflow/.local/lib/python3.7/site-packages/airflow/example_dags/tutorial.py
[2022-08-15 03:09:13,753] {logging_mixin.py:115} INFO - [2022-08-15 03:09:13,753] {dag.py:2420} INFO - Sync 1 DAGs
[2022-08-15 03:09:13,785] {logging_mixin.py:115} INFO - [2022-08-15 03:09:13,785] {dag.py:2972} INFO - Setting next_dagrun for tutorial to 2022-08-14T03:09:13.784745+00:00, run_after=2022-08-15T03:09:13.784745+00:00
[2022-08-15 03:09:13,810] {processor.py:161} INFO - Processing /home/airflow/.local/lib/python3.7/site-packages/airflow/example_dags/tutorial.py took 0.122 seconds
[2022-08-15 03:09:44,593] {processor.py:153} INFO - Started process (PID=3777) to work on /home/airflow/.local/lib/python3.7/site-packages/airflow/example_dags/tutorial.py
[2022-08-15 03:09:44,600] {processor.py:641} INFO - Processing file /home/airflow/.local/lib/python3.7/site-packages/airflow/example_dags/tutorial.py for tasks to queue
[2022-08-15 03:09:44,603] {logging_mixin.py:115} INFO - [2022-08-15 03:09:44,602] {dagbag.py:508} INFO - Filling up the DagBag from /home/airflow/.local/lib/python3.7/site-packages/airflow/example_dags/tutorial.py
[2022-08-15 03:09:44,627] {processor.py:651} INFO - DAG(s) dict_keys(['tutorial']) retrieved from /home/airflow/.local/lib/python3.7/site-packages/airflow/example_dags/tutorial.py
[2022-08-15 03:09:44,687] {logging_mixin.py:115} INFO - [2022-08-15 03:09:44,687] {dag.py:2420} INFO - Sync 1 DAGs
[2022-08-15 03:09:44,755] {logging_mixin.py:115} INFO - [2022-08-15 03:09:44,755] {dag.py:2972} INFO - Setting next_dagrun for tutorial to 2022-08-14T03:09:44.754454+00:00, run_after=2022-08-15T03:09:44.754454+00:00
[2022-08-15 03:09:44,779] {processor.py:161} INFO - Processing /home/airflow/.local/lib/python3.7/site-packages/airflow/example_dags/tutorial.py took 0.196 seconds
[2022-08-15 03:10:15,274] {processor.py:153} INFO - Started process (PID=3835) to work on /home/airflow/.local/lib/python3.7/site-packages/airflow/example_dags/tutorial.py
[2022-08-15 03:10:15,294] {processor.py:641} INFO - Processing file /home/airflow/.local/lib/python3.7/site-packages/airflow/example_dags/tutorial.py for tasks to queue
[2022-08-15 03:10:15,302] {logging_mixin.py:115} INFO - [2022-08-15 03:10:15,302] {dagbag.py:508} INFO - Filling up the DagBag from /home/airflow/.local/lib/python3.7/site-packages/airflow/example_dags/tutorial.py
[2022-08-15 03:10:15,441] {processor.py:651} INFO - DAG(s) dict_keys(['tutorial']) retrieved from /home/airflow/.local/lib/python3.7/site-packages/airflow/example_dags/tutorial.py
[2022-08-15 03:10:16,108] {logging_mixin.py:115} INFO - [2022-08-15 03:10:16,108] {dag.py:2420} INFO - Sync 1 DAGs
[2022-08-15 03:10:16,369] {logging_mixin.py:115} INFO - [2022-08-15 03:10:16,369] {dag.py:2972} INFO - Setting next_dagrun for tutorial to 2022-08-14T03:10:16.368993+00:00, run_after=2022-08-15T03:10:16.368993+00:00
[2022-08-15 03:10:16,806] {processor.py:161} INFO - Processing /home/airflow/.local/lib/python3.7/site-packages/airflow/example_dags/tutorial.py took 1.573 seconds
[2022-08-15 03:10:47,401] {processor.py:153} INFO - Started process (PID=3887) to work on /home/airflow/.local/lib/python3.7/site-packages/airflow/example_dags/tutorial.py
[2022-08-15 03:10:47,406] {processor.py:641} INFO - Processing file /home/airflow/.local/lib/python3.7/site-packages/airflow/example_dags/tutorial.py for tasks to queue
[2022-08-15 03:10:47,408] {logging_mixin.py:115} INFO - [2022-08-15 03:10:47,408] {dagbag.py:508} INFO - Filling up the DagBag from /home/airflow/.local/lib/python3.7/site-packages/airflow/example_dags/tutorial.py
[2022-08-15 03:10:47,439] {processor.py:651} INFO - DAG(s) dict_keys(['tutorial']) retrieved from /home/airflow/.local/lib/python3.7/site-packages/airflow/example_dags/tutorial.py
[2022-08-15 03:10:47,545] {logging_mixin.py:115} INFO - [2022-08-15 03:10:47,545] {dag.py:2420} INFO - Sync 1 DAGs
[2022-08-15 03:10:47,618] {logging_mixin.py:115} INFO - [2022-08-15 03:10:47,617] {dag.py:2972} INFO - Setting next_dagrun for tutorial to 2022-08-14T03:10:47.617581+00:00, run_after=2022-08-15T03:10:47.617581+00:00
[2022-08-15 03:10:47,668] {processor.py:161} INFO - Processing /home/airflow/.local/lib/python3.7/site-packages/airflow/example_dags/tutorial.py took 0.275 seconds
[2022-08-15 03:11:17,971] {processor.py:153} INFO - Started process (PID=3948) to work on /home/airflow/.local/lib/python3.7/site-packages/airflow/example_dags/tutorial.py
[2022-08-15 03:11:17,977] {processor.py:641} INFO - Processing file /home/airflow/.local/lib/python3.7/site-packages/airflow/example_dags/tutorial.py for tasks to queue
[2022-08-15 03:11:17,985] {logging_mixin.py:115} INFO - [2022-08-15 03:11:17,984] {dagbag.py:508} INFO - Filling up the DagBag from /home/airflow/.local/lib/python3.7/site-packages/airflow/example_dags/tutorial.py
[2022-08-15 03:11:18,021] {processor.py:651} INFO - DAG(s) dict_keys(['tutorial']) retrieved from /home/airflow/.local/lib/python3.7/site-packages/airflow/example_dags/tutorial.py
[2022-08-15 03:11:18,193] {logging_mixin.py:115} INFO - [2022-08-15 03:11:18,192] {dag.py:2420} INFO - Sync 1 DAGs
[2022-08-15 03:11:18,309] {logging_mixin.py:115} INFO - [2022-08-15 03:11:18,309] {dag.py:2972} INFO - Setting next_dagrun for tutorial to 2022-08-14T03:11:18.309287+00:00, run_after=2022-08-15T03:11:18.309287+00:00
[2022-08-15 03:11:18,389] {processor.py:161} INFO - Processing /home/airflow/.local/lib/python3.7/site-packages/airflow/example_dags/tutorial.py took 0.434 seconds
[2022-08-15 03:11:48,478] {processor.py:153} INFO - Started process (PID=4002) to work on /home/airflow/.local/lib/python3.7/site-packages/airflow/example_dags/tutorial.py
[2022-08-15 03:11:48,480] {processor.py:641} INFO - Processing file /home/airflow/.local/lib/python3.7/site-packages/airflow/example_dags/tutorial.py for tasks to queue
[2022-08-15 03:11:48,484] {logging_mixin.py:115} INFO - [2022-08-15 03:11:48,483] {dagbag.py:508} INFO - Filling up the DagBag from /home/airflow/.local/lib/python3.7/site-packages/airflow/example_dags/tutorial.py
[2022-08-15 03:11:48,494] {processor.py:651} INFO - DAG(s) dict_keys(['tutorial']) retrieved from /home/airflow/.local/lib/python3.7/site-packages/airflow/example_dags/tutorial.py
[2022-08-15 03:11:48,534] {logging_mixin.py:115} INFO - [2022-08-15 03:11:48,534] {dag.py:2420} INFO - Sync 1 DAGs
[2022-08-15 03:11:48,571] {logging_mixin.py:115} INFO - [2022-08-15 03:11:48,571] {dag.py:2972} INFO - Setting next_dagrun for tutorial to 2022-08-14T03:11:48.570840+00:00, run_after=2022-08-15T03:11:48.570840+00:00
[2022-08-15 03:11:48,592] {processor.py:161} INFO - Processing /home/airflow/.local/lib/python3.7/site-packages/airflow/example_dags/tutorial.py took 0.121 seconds
[2022-08-15 03:12:19,193] {processor.py:153} INFO - Started process (PID=4058) to work on /home/airflow/.local/lib/python3.7/site-packages/airflow/example_dags/tutorial.py
[2022-08-15 03:12:19,195] {processor.py:641} INFO - Processing file /home/airflow/.local/lib/python3.7/site-packages/airflow/example_dags/tutorial.py for tasks to queue
[2022-08-15 03:12:19,197] {logging_mixin.py:115} INFO - [2022-08-15 03:12:19,197] {dagbag.py:508} INFO - Filling up the DagBag from /home/airflow/.local/lib/python3.7/site-packages/airflow/example_dags/tutorial.py
[2022-08-15 03:12:19,211] {processor.py:651} INFO - DAG(s) dict_keys(['tutorial']) retrieved from /home/airflow/.local/lib/python3.7/site-packages/airflow/example_dags/tutorial.py
[2022-08-15 03:12:19,262] {logging_mixin.py:115} INFO - [2022-08-15 03:12:19,261] {dag.py:2420} INFO - Sync 1 DAGs
[2022-08-15 03:12:19,301] {logging_mixin.py:115} INFO - [2022-08-15 03:12:19,301] {dag.py:2972} INFO - Setting next_dagrun for tutorial to 2022-08-14T03:12:19.300991+00:00, run_after=2022-08-15T03:12:19.300991+00:00
[2022-08-15 03:12:19,328] {processor.py:161} INFO - Processing /home/airflow/.local/lib/python3.7/site-packages/airflow/example_dags/tutorial.py took 0.142 seconds
[2022-08-15 03:12:49,759] {processor.py:153} INFO - Started process (PID=4111) to work on /home/airflow/.local/lib/python3.7/site-packages/airflow/example_dags/tutorial.py
[2022-08-15 03:12:49,761] {processor.py:641} INFO - Processing file /home/airflow/.local/lib/python3.7/site-packages/airflow/example_dags/tutorial.py for tasks to queue
[2022-08-15 03:12:49,764] {logging_mixin.py:115} INFO - [2022-08-15 03:12:49,764] {dagbag.py:508} INFO - Filling up the DagBag from /home/airflow/.local/lib/python3.7/site-packages/airflow/example_dags/tutorial.py
[2022-08-15 03:12:49,776] {processor.py:651} INFO - DAG(s) dict_keys(['tutorial']) retrieved from /home/airflow/.local/lib/python3.7/site-packages/airflow/example_dags/tutorial.py
[2022-08-15 03:12:49,831] {logging_mixin.py:115} INFO - [2022-08-15 03:12:49,830] {dag.py:2420} INFO - Sync 1 DAGs
[2022-08-15 03:12:49,879] {logging_mixin.py:115} INFO - [2022-08-15 03:12:49,878] {dag.py:2972} INFO - Setting next_dagrun for tutorial to 2022-08-14T03:12:49.878473+00:00, run_after=2022-08-15T03:12:49.878473+00:00
[2022-08-15 03:12:49,914] {processor.py:161} INFO - Processing /home/airflow/.local/lib/python3.7/site-packages/airflow/example_dags/tutorial.py took 0.172 seconds
[2022-08-15 03:13:20,123] {processor.py:153} INFO - Started process (PID=4174) to work on /home/airflow/.local/lib/python3.7/site-packages/airflow/example_dags/tutorial.py
[2022-08-15 03:13:20,125] {processor.py:641} INFO - Processing file /home/airflow/.local/lib/python3.7/site-packages/airflow/example_dags/tutorial.py for tasks to queue
[2022-08-15 03:13:20,127] {logging_mixin.py:115} INFO - [2022-08-15 03:13:20,126] {dagbag.py:508} INFO - Filling up the DagBag from /home/airflow/.local/lib/python3.7/site-packages/airflow/example_dags/tutorial.py
[2022-08-15 03:13:20,144] {processor.py:651} INFO - DAG(s) dict_keys(['tutorial']) retrieved from /home/airflow/.local/lib/python3.7/site-packages/airflow/example_dags/tutorial.py
[2022-08-15 03:13:20,184] {logging_mixin.py:115} INFO - [2022-08-15 03:13:20,184] {dag.py:2420} INFO - Sync 1 DAGs
[2022-08-15 03:13:20,226] {logging_mixin.py:115} INFO - [2022-08-15 03:13:20,225] {dag.py:2972} INFO - Setting next_dagrun for tutorial to 2022-08-14T03:13:20.225504+00:00, run_after=2022-08-15T03:13:20.225504+00:00
[2022-08-15 03:13:20,254] {processor.py:161} INFO - Processing /home/airflow/.local/lib/python3.7/site-packages/airflow/example_dags/tutorial.py took 0.138 seconds
[2022-08-15 03:13:51,030] {processor.py:153} INFO - Started process (PID=4230) to work on /home/airflow/.local/lib/python3.7/site-packages/airflow/example_dags/tutorial.py
[2022-08-15 03:13:51,032] {processor.py:641} INFO - Processing file /home/airflow/.local/lib/python3.7/site-packages/airflow/example_dags/tutorial.py for tasks to queue
[2022-08-15 03:13:51,035] {logging_mixin.py:115} INFO - [2022-08-15 03:13:51,034] {dagbag.py:508} INFO - Filling up the DagBag from /home/airflow/.local/lib/python3.7/site-packages/airflow/example_dags/tutorial.py
[2022-08-15 03:13:51,049] {processor.py:651} INFO - DAG(s) dict_keys(['tutorial']) retrieved from /home/airflow/.local/lib/python3.7/site-packages/airflow/example_dags/tutorial.py
[2022-08-15 03:13:51,096] {logging_mixin.py:115} INFO - [2022-08-15 03:13:51,096] {dag.py:2420} INFO - Sync 1 DAGs
[2022-08-15 03:13:51,132] {logging_mixin.py:115} INFO - [2022-08-15 03:13:51,132] {dag.py:2972} INFO - Setting next_dagrun for tutorial to 2022-08-14T03:13:51.132214+00:00, run_after=2022-08-15T03:13:51.132214+00:00
[2022-08-15 03:13:51,155] {processor.py:161} INFO - Processing /home/airflow/.local/lib/python3.7/site-packages/airflow/example_dags/tutorial.py took 0.134 seconds
[2022-08-15 03:14:21,349] {processor.py:153} INFO - Started process (PID=4285) to work on /home/airflow/.local/lib/python3.7/site-packages/airflow/example_dags/tutorial.py
[2022-08-15 03:14:21,350] {processor.py:641} INFO - Processing file /home/airflow/.local/lib/python3.7/site-packages/airflow/example_dags/tutorial.py for tasks to queue
[2022-08-15 03:14:21,352] {logging_mixin.py:115} INFO - [2022-08-15 03:14:21,352] {dagbag.py:508} INFO - Filling up the DagBag from /home/airflow/.local/lib/python3.7/site-packages/airflow/example_dags/tutorial.py
[2022-08-15 03:14:21,366] {processor.py:651} INFO - DAG(s) dict_keys(['tutorial']) retrieved from /home/airflow/.local/lib/python3.7/site-packages/airflow/example_dags/tutorial.py
[2022-08-15 03:14:21,418] {logging_mixin.py:115} INFO - [2022-08-15 03:14:21,418] {dag.py:2420} INFO - Sync 1 DAGs
[2022-08-15 03:14:21,458] {logging_mixin.py:115} INFO - [2022-08-15 03:14:21,458] {dag.py:2972} INFO - Setting next_dagrun for tutorial to 2022-08-14T03:14:21.457885+00:00, run_after=2022-08-15T03:14:21.457885+00:00
[2022-08-15 03:14:21,532] {processor.py:161} INFO - Processing /home/airflow/.local/lib/python3.7/site-packages/airflow/example_dags/tutorial.py took 0.190 seconds
