[2022-11-05 15:18:18,421] {taskinstance.py:1179} INFO - Dependencies all met for <TaskInstance: example_bash_operator.this_will_skip manual__2022-11-05T15:17:53.726801+00:00 [queued]>
[2022-11-05 15:18:18,859] {taskinstance.py:1179} INFO - Dependencies all met for <TaskInstance: example_bash_operator.this_will_skip manual__2022-11-05T15:17:53.726801+00:00 [queued]>
[2022-11-05 15:18:18,868] {taskinstance.py:1376} INFO - 
--------------------------------------------------------------------------------
[2022-11-05 15:18:18,869] {taskinstance.py:1377} INFO - Starting attempt 1 of 1
[2022-11-05 15:18:18,874] {taskinstance.py:1378} INFO - 
--------------------------------------------------------------------------------
[2022-11-05 15:18:19,156] {taskinstance.py:1397} INFO - Executing <Task(BashOperator): this_will_skip> on 2022-11-05 15:17:53.726801+00:00
[2022-11-05 15:18:19,243] {standard_task_runner.py:52} INFO - Started process 3109 to run task
[2022-11-05 15:18:19,339] {standard_task_runner.py:79} INFO - Running: ['***', 'tasks', 'run', 'example_bash_operator', 'this_will_skip', 'manual__2022-11-05T15:17:53.726801+00:00', '--job-id', '18', '--raw', '--subdir', '/home/***/.local/lib/python3.7/site-packages/***/example_dags/example_bash_operator.py', '--cfg-path', '/tmp/tmpw9vzv8fs', '--error-file', '/tmp/tmp49nef5_k']
[2022-11-05 15:18:19,348] {standard_task_runner.py:80} INFO - Job 18: Subtask this_will_skip
[2022-11-05 15:18:21,356] {task_command.py:371} INFO - Running <TaskInstance: example_bash_operator.this_will_skip manual__2022-11-05T15:17:53.726801+00:00 [running]> on host ec0dc6e942fe
[2022-11-05 15:18:24,483] {taskinstance.py:1591} INFO - Exporting the following env vars:
AIRFLOW_CTX_DAG_OWNER=***
AIRFLOW_CTX_DAG_ID=example_bash_operator
AIRFLOW_CTX_TASK_ID=this_will_skip
AIRFLOW_CTX_EXECUTION_DATE=2022-11-05T15:17:53.726801+00:00
AIRFLOW_CTX_TRY_NUMBER=1
AIRFLOW_CTX_DAG_RUN_ID=manual__2022-11-05T15:17:53.726801+00:00
[2022-11-05 15:18:24,499] {subprocess.py:62} INFO - Tmp dir root location: 
 /tmp
[2022-11-05 15:18:24,522] {subprocess.py:74} INFO - Running command: ['bash', '-c', 'echo "hello world"; exit 99;']
[2022-11-05 15:18:24,873] {subprocess.py:85} INFO - Output:
[2022-11-05 15:18:25,107] {subprocess.py:92} INFO - hello world
[2022-11-05 15:18:25,143] {subprocess.py:96} INFO - Command exited with return code 99
[2022-11-05 15:18:25,156] {taskinstance.py:1498} INFO - Bash command returned exit code 99. Skipping.
[2022-11-05 15:18:25,906] {taskinstance.py:1420} INFO - Marking task as SKIPPED. dag_id=example_bash_operator, task_id=this_will_skip, execution_date=20221105T151753, start_date=20221105T151818, end_date=20221105T151825
[2022-11-05 15:18:26,561] {local_task_job.py:156} INFO - Task exited with return code 0
[2022-11-05 15:18:27,385] {local_task_job.py:273} INFO - 0 downstream tasks scheduled from follow-on schedule check
