[2022-11-05 15:16:29,486] {taskinstance.py:1179} INFO - Dependencies all met for <TaskInstance: example_bash_operator.run_after_loop scheduled__2022-11-04T00:00:00+00:00 [queued]>
[2022-11-05 15:16:29,567] {taskinstance.py:1179} INFO - Dependencies all met for <TaskInstance: example_bash_operator.run_after_loop scheduled__2022-11-04T00:00:00+00:00 [queued]>
[2022-11-05 15:16:29,574] {taskinstance.py:1376} INFO - 
--------------------------------------------------------------------------------
[2022-11-05 15:16:29,575] {taskinstance.py:1377} INFO - Starting attempt 1 of 1
[2022-11-05 15:16:29,579] {taskinstance.py:1378} INFO - 
--------------------------------------------------------------------------------
[2022-11-05 15:16:29,681] {taskinstance.py:1397} INFO - Executing <Task(BashOperator): run_after_loop> on 2022-11-04 00:00:00+00:00
[2022-11-05 15:16:29,703] {standard_task_runner.py:52} INFO - Started process 3045 to run task
[2022-11-05 15:16:29,731] {standard_task_runner.py:79} INFO - Running: ['***', 'tasks', 'run', 'example_bash_operator', 'run_after_loop', 'scheduled__2022-11-04T00:00:00+00:00', '--job-id', '14', '--raw', '--subdir', '/home/***/.local/lib/python3.7/site-packages/***/example_dags/example_bash_operator.py', '--cfg-path', '/tmp/tmpgld_qyng', '--error-file', '/tmp/tmploxoja42']
[2022-11-05 15:16:29,733] {standard_task_runner.py:80} INFO - Job 14: Subtask run_after_loop
[2022-11-05 15:16:30,248] {task_command.py:371} INFO - Running <TaskInstance: example_bash_operator.run_after_loop scheduled__2022-11-04T00:00:00+00:00 [running]> on host ec0dc6e942fe
[2022-11-05 15:16:30,932] {taskinstance.py:1591} INFO - Exporting the following env vars:
AIRFLOW_CTX_DAG_OWNER=***
AIRFLOW_CTX_DAG_ID=example_bash_operator
AIRFLOW_CTX_TASK_ID=run_after_loop
AIRFLOW_CTX_EXECUTION_DATE=2022-11-04T00:00:00+00:00
AIRFLOW_CTX_TRY_NUMBER=1
AIRFLOW_CTX_DAG_RUN_ID=scheduled__2022-11-04T00:00:00+00:00
[2022-11-05 15:16:30,934] {subprocess.py:62} INFO - Tmp dir root location: 
 /tmp
[2022-11-05 15:16:30,944] {subprocess.py:74} INFO - Running command: ['bash', '-c', 'echo 1']
[2022-11-05 15:16:31,015] {subprocess.py:85} INFO - Output:
[2022-11-05 15:16:31,034] {subprocess.py:92} INFO - 1
[2022-11-05 15:16:31,053] {subprocess.py:96} INFO - Command exited with return code 0
[2022-11-05 15:16:31,341] {taskinstance.py:1420} INFO - Marking task as SUCCESS. dag_id=example_bash_operator, task_id=run_after_loop, execution_date=20221104T000000, start_date=20221105T151629, end_date=20221105T151631
[2022-11-05 15:16:31,486] {local_task_job.py:156} INFO - Task exited with return code 0
[2022-11-05 15:16:31,727] {local_task_job.py:273} INFO - 0 downstream tasks scheduled from follow-on schedule check
