[2022-11-05 15:16:22,475] {taskinstance.py:1179} INFO - Dependencies all met for <TaskInstance: example_bash_operator.also_run_this scheduled__2022-11-04T00:00:00+00:00 [queued]>
[2022-11-05 15:16:22,844] {taskinstance.py:1179} INFO - Dependencies all met for <TaskInstance: example_bash_operator.also_run_this scheduled__2022-11-04T00:00:00+00:00 [queued]>
[2022-11-05 15:16:22,850] {taskinstance.py:1376} INFO - 
--------------------------------------------------------------------------------
[2022-11-05 15:16:22,864] {taskinstance.py:1377} INFO - Starting attempt 1 of 1
[2022-11-05 15:16:22,883] {taskinstance.py:1378} INFO - 
--------------------------------------------------------------------------------
[2022-11-05 15:16:23,161] {taskinstance.py:1397} INFO - Executing <Task(BashOperator): also_run_this> on 2022-11-04 00:00:00+00:00
[2022-11-05 15:16:23,182] {standard_task_runner.py:52} INFO - Started process 3032 to run task
[2022-11-05 15:16:23,219] {standard_task_runner.py:79} INFO - Running: ['***', 'tasks', 'run', 'example_bash_operator', 'also_run_this', 'scheduled__2022-11-04T00:00:00+00:00', '--job-id', '12', '--raw', '--subdir', '/home/***/.local/lib/python3.7/site-packages/***/example_dags/example_bash_operator.py', '--cfg-path', '/tmp/tmplajssqii', '--error-file', '/tmp/tmpvuw5kkyz']
[2022-11-05 15:16:23,228] {standard_task_runner.py:80} INFO - Job 12: Subtask also_run_this
[2022-11-05 15:16:24,001] {task_command.py:371} INFO - Running <TaskInstance: example_bash_operator.also_run_this scheduled__2022-11-04T00:00:00+00:00 [running]> on host ec0dc6e942fe
[2022-11-05 15:16:25,305] {taskinstance.py:1591} INFO - Exporting the following env vars:
AIRFLOW_CTX_DAG_OWNER=***
AIRFLOW_CTX_DAG_ID=example_bash_operator
AIRFLOW_CTX_TASK_ID=also_run_this
AIRFLOW_CTX_EXECUTION_DATE=2022-11-04T00:00:00+00:00
AIRFLOW_CTX_TRY_NUMBER=1
AIRFLOW_CTX_DAG_RUN_ID=scheduled__2022-11-04T00:00:00+00:00
[2022-11-05 15:16:25,341] {subprocess.py:62} INFO - Tmp dir root location: 
 /tmp
[2022-11-05 15:16:25,358] {subprocess.py:74} INFO - Running command: ['bash', '-c', 'echo "run_id=scheduled__2022-11-04T00:00:00+00:00 | dag_run=<DagRun example_bash_operator @ 2022-11-04 00:00:00+00:00: scheduled__2022-11-04T00:00:00+00:00, externally triggered: False>"']
[2022-11-05 15:16:25,475] {subprocess.py:85} INFO - Output:
[2022-11-05 15:16:25,498] {subprocess.py:92} INFO - run_id=scheduled__2022-11-04T00:00:00+00:00 | dag_run=<DagRun example_bash_operator @ 2022-11-04 00:00:00+00:00: scheduled__2022-11-04T00:00:00+00:00, externally triggered: False>
[2022-11-05 15:16:25,516] {subprocess.py:96} INFO - Command exited with return code 0
[2022-11-05 15:16:25,841] {taskinstance.py:1420} INFO - Marking task as SUCCESS. dag_id=example_bash_operator, task_id=also_run_this, execution_date=20221104T000000, start_date=20221105T151622, end_date=20221105T151625
[2022-11-05 15:16:26,067] {local_task_job.py:156} INFO - Task exited with return code 0
[2022-11-05 15:16:26,491] {local_task_job.py:273} INFO - 0 downstream tasks scheduled from follow-on schedule check
