[2022-11-05 15:18:15,059] {taskinstance.py:1179} INFO - Dependencies all met for <TaskInstance: example_bash_operator.runme_0 manual__2022-11-05T15:17:53.726801+00:00 [queued]>
[2022-11-05 15:18:15,491] {taskinstance.py:1179} INFO - Dependencies all met for <TaskInstance: example_bash_operator.runme_0 manual__2022-11-05T15:17:53.726801+00:00 [queued]>
[2022-11-05 15:18:15,496] {taskinstance.py:1376} INFO - 
--------------------------------------------------------------------------------
[2022-11-05 15:18:15,499] {taskinstance.py:1377} INFO - Starting attempt 1 of 1
[2022-11-05 15:18:15,501] {taskinstance.py:1378} INFO - 
--------------------------------------------------------------------------------
[2022-11-05 15:18:15,881] {taskinstance.py:1397} INFO - Executing <Task(BashOperator): runme_0> on 2022-11-05 15:17:53.726801+00:00
[2022-11-05 15:18:15,995] {standard_task_runner.py:52} INFO - Started process 3106 to run task
[2022-11-05 15:18:16,136] {standard_task_runner.py:79} INFO - Running: ['***', 'tasks', 'run', 'example_bash_operator', 'runme_0', 'manual__2022-11-05T15:17:53.726801+00:00', '--job-id', '15', '--raw', '--subdir', '/home/***/.local/lib/python3.7/site-packages/***/example_dags/example_bash_operator.py', '--cfg-path', '/tmp/tmpylibz3r0', '--error-file', '/tmp/tmpehpd74xl']
[2022-11-05 15:18:16,142] {standard_task_runner.py:80} INFO - Job 15: Subtask runme_0
[2022-11-05 15:18:18,108] {task_command.py:371} INFO - Running <TaskInstance: example_bash_operator.runme_0 manual__2022-11-05T15:17:53.726801+00:00 [running]> on host ec0dc6e942fe
[2022-11-05 15:18:20,587] {taskinstance.py:1591} INFO - Exporting the following env vars:
AIRFLOW_CTX_DAG_OWNER=***
AIRFLOW_CTX_DAG_ID=example_bash_operator
AIRFLOW_CTX_TASK_ID=runme_0
AIRFLOW_CTX_EXECUTION_DATE=2022-11-05T15:17:53.726801+00:00
AIRFLOW_CTX_TRY_NUMBER=1
AIRFLOW_CTX_DAG_RUN_ID=manual__2022-11-05T15:17:53.726801+00:00
[2022-11-05 15:18:20,611] {subprocess.py:62} INFO - Tmp dir root location: 
 /tmp
[2022-11-05 15:18:20,613] {subprocess.py:74} INFO - Running command: ['bash', '-c', 'echo "example_bash_operator__runme_0__20221105" && sleep 1']
[2022-11-05 15:18:21,243] {subprocess.py:85} INFO - Output:
[2022-11-05 15:18:21,270] {subprocess.py:92} INFO - example_bash_operator__runme_0__20221105
[2022-11-05 15:18:22,326] {subprocess.py:96} INFO - Command exited with return code 0
[2022-11-05 15:18:23,662] {taskinstance.py:1420} INFO - Marking task as SUCCESS. dag_id=example_bash_operator, task_id=runme_0, execution_date=20221105T151753, start_date=20221105T151815, end_date=20221105T151823
[2022-11-05 15:18:24,289] {local_task_job.py:156} INFO - Task exited with return code 0
[2022-11-05 15:18:25,109] {local_task_job.py:273} INFO - 0 downstream tasks scheduled from follow-on schedule check
