[2022-11-05 15:18:16,108] {taskinstance.py:1179} INFO - Dependencies all met for <TaskInstance: example_bash_operator.runme_1 manual__2022-11-05T15:17:53.726801+00:00 [queued]>
[2022-11-05 15:18:16,378] {taskinstance.py:1179} INFO - Dependencies all met for <TaskInstance: example_bash_operator.runme_1 manual__2022-11-05T15:17:53.726801+00:00 [queued]>
[2022-11-05 15:18:16,383] {taskinstance.py:1376} INFO - 
--------------------------------------------------------------------------------
[2022-11-05 15:18:16,418] {taskinstance.py:1377} INFO - Starting attempt 1 of 1
[2022-11-05 15:18:16,420] {taskinstance.py:1378} INFO - 
--------------------------------------------------------------------------------
[2022-11-05 15:18:16,775] {taskinstance.py:1397} INFO - Executing <Task(BashOperator): runme_1> on 2022-11-05 15:17:53.726801+00:00
[2022-11-05 15:18:17,041] {standard_task_runner.py:52} INFO - Started process 3107 to run task
[2022-11-05 15:18:17,155] {standard_task_runner.py:79} INFO - Running: ['***', 'tasks', 'run', 'example_bash_operator', 'runme_1', 'manual__2022-11-05T15:17:53.726801+00:00', '--job-id', '16', '--raw', '--subdir', '/home/***/.local/lib/python3.7/site-packages/***/example_dags/example_bash_operator.py', '--cfg-path', '/tmp/tmpk0ihrxw6', '--error-file', '/tmp/tmphn_8ym4c']
[2022-11-05 15:18:17,169] {standard_task_runner.py:80} INFO - Job 16: Subtask runme_1
[2022-11-05 15:18:18,903] {task_command.py:371} INFO - Running <TaskInstance: example_bash_operator.runme_1 manual__2022-11-05T15:17:53.726801+00:00 [running]> on host ec0dc6e942fe
[2022-11-05 15:18:20,823] {taskinstance.py:1591} INFO - Exporting the following env vars:
AIRFLOW_CTX_DAG_OWNER=***
AIRFLOW_CTX_DAG_ID=example_bash_operator
AIRFLOW_CTX_TASK_ID=runme_1
AIRFLOW_CTX_EXECUTION_DATE=2022-11-05T15:17:53.726801+00:00
AIRFLOW_CTX_TRY_NUMBER=1
AIRFLOW_CTX_DAG_RUN_ID=manual__2022-11-05T15:17:53.726801+00:00
[2022-11-05 15:18:20,874] {subprocess.py:62} INFO - Tmp dir root location: 
 /tmp
[2022-11-05 15:18:21,001] {subprocess.py:74} INFO - Running command: ['bash', '-c', 'echo "example_bash_operator__runme_1__20221105" && sleep 1']
[2022-11-05 15:18:21,355] {subprocess.py:85} INFO - Output:
[2022-11-05 15:18:21,373] {subprocess.py:92} INFO - example_bash_operator__runme_1__20221105
[2022-11-05 15:18:22,544] {subprocess.py:96} INFO - Command exited with return code 0
[2022-11-05 15:18:24,107] {taskinstance.py:1420} INFO - Marking task as SUCCESS. dag_id=example_bash_operator, task_id=runme_1, execution_date=20221105T151753, start_date=20221105T151816, end_date=20221105T151824
[2022-11-05 15:18:24,675] {local_task_job.py:156} INFO - Task exited with return code 0
[2022-11-05 15:18:25,888] {local_task_job.py:273} INFO - 0 downstream tasks scheduled from follow-on schedule check
