[2022-08-14 05:58:23,376] {processor.py:153} INFO - Started process (PID=94) to work on /home/airflow/.local/lib/python3.7/site-packages/airflow/example_dags/example_branch_datetime_operator.py
[2022-08-14 05:58:23,387] {processor.py:641} INFO - Processing file /home/airflow/.local/lib/python3.7/site-packages/airflow/example_dags/example_branch_datetime_operator.py for tasks to queue
[2022-08-14 05:58:23,398] {logging_mixin.py:115} INFO - [2022-08-14 05:58:23,398] {dagbag.py:508} INFO - Filling up the DagBag from /home/airflow/.local/lib/python3.7/site-packages/airflow/example_dags/example_branch_datetime_operator.py
[2022-08-14 05:58:23,613] {processor.py:651} INFO - DAG(s) dict_keys(['example_branch_datetime_operator', 'example_branch_datetime_operator_2']) retrieved from /home/airflow/.local/lib/python3.7/site-packages/airflow/example_dags/example_branch_datetime_operator.py
[2022-08-14 05:58:24,744] {logging_mixin.py:115} INFO - [2022-08-14 05:58:24,744] {manager.py:508} INFO - Created Permission View: can read on DAG:example_branch_datetime_operator
[2022-08-14 05:58:24,887] {logging_mixin.py:115} INFO - [2022-08-14 05:58:24,887] {manager.py:508} INFO - Created Permission View: can delete on DAG:example_branch_datetime_operator
[2022-08-14 05:58:24,973] {logging_mixin.py:115} INFO - [2022-08-14 05:58:24,973] {manager.py:508} INFO - Created Permission View: can edit on DAG:example_branch_datetime_operator
[2022-08-14 05:58:25,128] {logging_mixin.py:115} INFO - [2022-08-14 05:58:25,128] {manager.py:508} INFO - Created Permission View: can read on DAG:example_branch_datetime_operator_2
[2022-08-14 05:58:25,220] {logging_mixin.py:115} INFO - [2022-08-14 05:58:25,220] {manager.py:508} INFO - Created Permission View: can delete on DAG:example_branch_datetime_operator_2
[2022-08-14 05:58:25,280] {logging_mixin.py:115} INFO - [2022-08-14 05:58:25,280] {manager.py:508} INFO - Created Permission View: can edit on DAG:example_branch_datetime_operator_2
[2022-08-14 05:58:25,282] {logging_mixin.py:115} INFO - [2022-08-14 05:58:25,282] {dag.py:2420} INFO - Sync 2 DAGs
[2022-08-14 05:58:25,378] {logging_mixin.py:115} INFO - [2022-08-14 05:58:25,377] {dag.py:2439} INFO - Creating ORM DAG for example_branch_datetime_operator_2
[2022-08-14 05:58:25,392] {logging_mixin.py:115} INFO - [2022-08-14 05:58:25,392] {dag.py:2439} INFO - Creating ORM DAG for example_branch_datetime_operator
[2022-08-14 05:58:25,594] {logging_mixin.py:115} INFO - [2022-08-14 05:58:25,594] {dag.py:2972} INFO - Setting next_dagrun for example_branch_datetime_operator to 2022-08-13T00:00:00+00:00, run_after=2022-08-14T00:00:00+00:00
[2022-08-14 05:58:25,629] {logging_mixin.py:115} INFO - [2022-08-14 05:58:25,629] {dag.py:2972} INFO - Setting next_dagrun for example_branch_datetime_operator_2 to 2022-08-13T00:00:00+00:00, run_after=2022-08-14T00:00:00+00:00
[2022-08-14 05:58:25,859] {processor.py:161} INFO - Processing /home/airflow/.local/lib/python3.7/site-packages/airflow/example_dags/example_branch_datetime_operator.py took 2.510 seconds
[2022-08-14 05:59:03,555] {processor.py:153} INFO - Started process (PID=150) to work on /home/airflow/.local/lib/python3.7/site-packages/airflow/example_dags/example_branch_datetime_operator.py
[2022-08-14 05:59:03,566] {processor.py:641} INFO - Processing file /home/airflow/.local/lib/python3.7/site-packages/airflow/example_dags/example_branch_datetime_operator.py for tasks to queue
[2022-08-14 05:59:03,568] {logging_mixin.py:115} INFO - [2022-08-14 05:59:03,568] {dagbag.py:508} INFO - Filling up the DagBag from /home/airflow/.local/lib/python3.7/site-packages/airflow/example_dags/example_branch_datetime_operator.py
[2022-08-14 05:59:03,685] {processor.py:651} INFO - DAG(s) dict_keys(['example_branch_datetime_operator', 'example_branch_datetime_operator_2']) retrieved from /home/airflow/.local/lib/python3.7/site-packages/airflow/example_dags/example_branch_datetime_operator.py
[2022-08-14 05:59:03,910] {logging_mixin.py:115} INFO - [2022-08-14 05:59:03,910] {dag.py:2420} INFO - Sync 2 DAGs
[2022-08-14 05:59:04,251] {logging_mixin.py:115} INFO - [2022-08-14 05:59:04,251] {dag.py:2972} INFO - Setting next_dagrun for example_branch_datetime_operator to 2022-08-13T00:00:00+00:00, run_after=2022-08-14T00:00:00+00:00
[2022-08-14 05:59:04,277] {logging_mixin.py:115} INFO - [2022-08-14 05:59:04,276] {dag.py:2972} INFO - Setting next_dagrun for example_branch_datetime_operator_2 to 2022-08-13T00:00:00+00:00, run_after=2022-08-14T00:00:00+00:00
[2022-08-14 05:59:04,394] {processor.py:161} INFO - Processing /home/airflow/.local/lib/python3.7/site-packages/airflow/example_dags/example_branch_datetime_operator.py took 0.860 seconds
[2022-08-14 05:59:36,007] {processor.py:153} INFO - Started process (PID=199) to work on /home/airflow/.local/lib/python3.7/site-packages/airflow/example_dags/example_branch_datetime_operator.py
[2022-08-14 05:59:36,024] {processor.py:641} INFO - Processing file /home/airflow/.local/lib/python3.7/site-packages/airflow/example_dags/example_branch_datetime_operator.py for tasks to queue
[2022-08-14 05:59:36,040] {logging_mixin.py:115} INFO - [2022-08-14 05:59:36,040] {dagbag.py:508} INFO - Filling up the DagBag from /home/airflow/.local/lib/python3.7/site-packages/airflow/example_dags/example_branch_datetime_operator.py
[2022-08-14 05:59:36,142] {processor.py:651} INFO - DAG(s) dict_keys(['example_branch_datetime_operator', 'example_branch_datetime_operator_2']) retrieved from /home/airflow/.local/lib/python3.7/site-packages/airflow/example_dags/example_branch_datetime_operator.py
[2022-08-14 05:59:36,438] {logging_mixin.py:115} INFO - [2022-08-14 05:59:36,438] {dag.py:2420} INFO - Sync 2 DAGs
[2022-08-14 05:59:36,690] {logging_mixin.py:115} INFO - [2022-08-14 05:59:36,690] {dag.py:2972} INFO - Setting next_dagrun for example_branch_datetime_operator to 2022-08-13T00:00:00+00:00, run_after=2022-08-14T00:00:00+00:00
[2022-08-14 05:59:36,734] {logging_mixin.py:115} INFO - [2022-08-14 05:59:36,734] {dag.py:2972} INFO - Setting next_dagrun for example_branch_datetime_operator_2 to 2022-08-13T00:00:00+00:00, run_after=2022-08-14T00:00:00+00:00
[2022-08-14 05:59:36,868] {processor.py:161} INFO - Processing /home/airflow/.local/lib/python3.7/site-packages/airflow/example_dags/example_branch_datetime_operator.py took 0.886 seconds
[2022-08-14 06:00:07,951] {processor.py:153} INFO - Started process (PID=255) to work on /home/airflow/.local/lib/python3.7/site-packages/airflow/example_dags/example_branch_datetime_operator.py
[2022-08-14 06:00:07,966] {processor.py:641} INFO - Processing file /home/airflow/.local/lib/python3.7/site-packages/airflow/example_dags/example_branch_datetime_operator.py for tasks to queue
[2022-08-14 06:00:07,976] {logging_mixin.py:115} INFO - [2022-08-14 06:00:07,976] {dagbag.py:508} INFO - Filling up the DagBag from /home/airflow/.local/lib/python3.7/site-packages/airflow/example_dags/example_branch_datetime_operator.py
[2022-08-14 06:00:08,066] {processor.py:651} INFO - DAG(s) dict_keys(['example_branch_datetime_operator', 'example_branch_datetime_operator_2']) retrieved from /home/airflow/.local/lib/python3.7/site-packages/airflow/example_dags/example_branch_datetime_operator.py
[2022-08-14 06:00:08,254] {logging_mixin.py:115} INFO - [2022-08-14 06:00:08,254] {dag.py:2420} INFO - Sync 2 DAGs
[2022-08-14 06:00:08,421] {logging_mixin.py:115} INFO - [2022-08-14 06:00:08,421] {dag.py:2972} INFO - Setting next_dagrun for example_branch_datetime_operator to 2022-08-13T00:00:00+00:00, run_after=2022-08-14T00:00:00+00:00
[2022-08-14 06:00:08,438] {logging_mixin.py:115} INFO - [2022-08-14 06:00:08,434] {dag.py:2972} INFO - Setting next_dagrun for example_branch_datetime_operator_2 to 2022-08-13T00:00:00+00:00, run_after=2022-08-14T00:00:00+00:00
[2022-08-14 06:00:08,514] {processor.py:161} INFO - Processing /home/airflow/.local/lib/python3.7/site-packages/airflow/example_dags/example_branch_datetime_operator.py took 0.575 seconds
[2022-08-14 06:00:39,056] {processor.py:153} INFO - Started process (PID=301) to work on /home/airflow/.local/lib/python3.7/site-packages/airflow/example_dags/example_branch_datetime_operator.py
[2022-08-14 06:00:39,095] {processor.py:641} INFO - Processing file /home/airflow/.local/lib/python3.7/site-packages/airflow/example_dags/example_branch_datetime_operator.py for tasks to queue
[2022-08-14 06:00:39,106] {logging_mixin.py:115} INFO - [2022-08-14 06:00:39,105] {dagbag.py:508} INFO - Filling up the DagBag from /home/airflow/.local/lib/python3.7/site-packages/airflow/example_dags/example_branch_datetime_operator.py
[2022-08-14 06:00:39,155] {processor.py:651} INFO - DAG(s) dict_keys(['example_branch_datetime_operator', 'example_branch_datetime_operator_2']) retrieved from /home/airflow/.local/lib/python3.7/site-packages/airflow/example_dags/example_branch_datetime_operator.py
[2022-08-14 06:00:39,294] {logging_mixin.py:115} INFO - [2022-08-14 06:00:39,294] {dag.py:2420} INFO - Sync 2 DAGs
[2022-08-14 06:00:39,389] {logging_mixin.py:115} INFO - [2022-08-14 06:00:39,389] {dag.py:2972} INFO - Setting next_dagrun for example_branch_datetime_operator to 2022-08-13T00:00:00+00:00, run_after=2022-08-14T00:00:00+00:00
[2022-08-14 06:00:39,397] {logging_mixin.py:115} INFO - [2022-08-14 06:00:39,397] {dag.py:2972} INFO - Setting next_dagrun for example_branch_datetime_operator_2 to 2022-08-13T00:00:00+00:00, run_after=2022-08-14T00:00:00+00:00
[2022-08-14 06:00:39,425] {processor.py:161} INFO - Processing /home/airflow/.local/lib/python3.7/site-packages/airflow/example_dags/example_branch_datetime_operator.py took 0.386 seconds
[2022-08-14 06:01:10,424] {processor.py:153} INFO - Started process (PID=355) to work on /home/airflow/.local/lib/python3.7/site-packages/airflow/example_dags/example_branch_datetime_operator.py
[2022-08-14 06:01:10,442] {processor.py:641} INFO - Processing file /home/airflow/.local/lib/python3.7/site-packages/airflow/example_dags/example_branch_datetime_operator.py for tasks to queue
[2022-08-14 06:01:10,447] {logging_mixin.py:115} INFO - [2022-08-14 06:01:10,446] {dagbag.py:508} INFO - Filling up the DagBag from /home/airflow/.local/lib/python3.7/site-packages/airflow/example_dags/example_branch_datetime_operator.py
[2022-08-14 06:01:10,504] {processor.py:651} INFO - DAG(s) dict_keys(['example_branch_datetime_operator', 'example_branch_datetime_operator_2']) retrieved from /home/airflow/.local/lib/python3.7/site-packages/airflow/example_dags/example_branch_datetime_operator.py
[2022-08-14 06:01:10,622] {logging_mixin.py:115} INFO - [2022-08-14 06:01:10,622] {dag.py:2420} INFO - Sync 2 DAGs
[2022-08-14 06:01:10,716] {logging_mixin.py:115} INFO - [2022-08-14 06:01:10,716] {dag.py:2972} INFO - Setting next_dagrun for example_branch_datetime_operator to 2022-08-13T00:00:00+00:00, run_after=2022-08-14T00:00:00+00:00
[2022-08-14 06:01:10,726] {logging_mixin.py:115} INFO - [2022-08-14 06:01:10,726] {dag.py:2972} INFO - Setting next_dagrun for example_branch_datetime_operator_2 to 2022-08-13T00:00:00+00:00, run_after=2022-08-14T00:00:00+00:00
[2022-08-14 06:01:10,781] {processor.py:161} INFO - Processing /home/airflow/.local/lib/python3.7/site-packages/airflow/example_dags/example_branch_datetime_operator.py took 0.373 seconds
[2022-08-14 06:01:41,094] {processor.py:153} INFO - Started process (PID=408) to work on /home/airflow/.local/lib/python3.7/site-packages/airflow/example_dags/example_branch_datetime_operator.py
[2022-08-14 06:01:41,111] {processor.py:641} INFO - Processing file /home/airflow/.local/lib/python3.7/site-packages/airflow/example_dags/example_branch_datetime_operator.py for tasks to queue
[2022-08-14 06:01:41,114] {logging_mixin.py:115} INFO - [2022-08-14 06:01:41,114] {dagbag.py:508} INFO - Filling up the DagBag from /home/airflow/.local/lib/python3.7/site-packages/airflow/example_dags/example_branch_datetime_operator.py
[2022-08-14 06:01:41,168] {processor.py:651} INFO - DAG(s) dict_keys(['example_branch_datetime_operator', 'example_branch_datetime_operator_2']) retrieved from /home/airflow/.local/lib/python3.7/site-packages/airflow/example_dags/example_branch_datetime_operator.py
[2022-08-14 06:01:41,293] {logging_mixin.py:115} INFO - [2022-08-14 06:01:41,293] {dag.py:2420} INFO - Sync 2 DAGs
[2022-08-14 06:01:41,393] {logging_mixin.py:115} INFO - [2022-08-14 06:01:41,393] {dag.py:2972} INFO - Setting next_dagrun for example_branch_datetime_operator to 2022-08-13T00:00:00+00:00, run_after=2022-08-14T00:00:00+00:00
[2022-08-14 06:01:41,407] {logging_mixin.py:115} INFO - [2022-08-14 06:01:41,406] {dag.py:2972} INFO - Setting next_dagrun for example_branch_datetime_operator_2 to 2022-08-13T00:00:00+00:00, run_after=2022-08-14T00:00:00+00:00
[2022-08-14 06:01:41,470] {processor.py:161} INFO - Processing /home/airflow/.local/lib/python3.7/site-packages/airflow/example_dags/example_branch_datetime_operator.py took 0.397 seconds
[2022-08-14 06:02:12,051] {processor.py:153} INFO - Started process (PID=469) to work on /home/airflow/.local/lib/python3.7/site-packages/airflow/example_dags/example_branch_datetime_operator.py
[2022-08-14 06:02:12,053] {processor.py:641} INFO - Processing file /home/airflow/.local/lib/python3.7/site-packages/airflow/example_dags/example_branch_datetime_operator.py for tasks to queue
[2022-08-14 06:02:12,055] {logging_mixin.py:115} INFO - [2022-08-14 06:02:12,055] {dagbag.py:508} INFO - Filling up the DagBag from /home/airflow/.local/lib/python3.7/site-packages/airflow/example_dags/example_branch_datetime_operator.py
[2022-08-14 06:02:12,138] {processor.py:651} INFO - DAG(s) dict_keys(['example_branch_datetime_operator', 'example_branch_datetime_operator_2']) retrieved from /home/airflow/.local/lib/python3.7/site-packages/airflow/example_dags/example_branch_datetime_operator.py
[2022-08-14 06:02:12,283] {logging_mixin.py:115} INFO - [2022-08-14 06:02:12,283] {dag.py:2420} INFO - Sync 2 DAGs
[2022-08-14 06:02:12,509] {logging_mixin.py:115} INFO - [2022-08-14 06:02:12,509] {dag.py:2972} INFO - Setting next_dagrun for example_branch_datetime_operator to 2022-08-13T00:00:00+00:00, run_after=2022-08-14T00:00:00+00:00
[2022-08-14 06:02:12,557] {logging_mixin.py:115} INFO - [2022-08-14 06:02:12,557] {dag.py:2972} INFO - Setting next_dagrun for example_branch_datetime_operator_2 to 2022-08-13T00:00:00+00:00, run_after=2022-08-14T00:00:00+00:00
[2022-08-14 06:02:12,691] {processor.py:161} INFO - Processing /home/airflow/.local/lib/python3.7/site-packages/airflow/example_dags/example_branch_datetime_operator.py took 0.655 seconds
[2022-08-14 06:02:51,567] {processor.py:153} INFO - Started process (PID=521) to work on /home/airflow/.local/lib/python3.7/site-packages/airflow/example_dags/example_branch_datetime_operator.py
[2022-08-14 06:02:51,576] {processor.py:641} INFO - Processing file /home/airflow/.local/lib/python3.7/site-packages/airflow/example_dags/example_branch_datetime_operator.py for tasks to queue
[2022-08-14 06:02:51,590] {logging_mixin.py:115} INFO - [2022-08-14 06:02:51,583] {dagbag.py:508} INFO - Filling up the DagBag from /home/airflow/.local/lib/python3.7/site-packages/airflow/example_dags/example_branch_datetime_operator.py
[2022-08-14 06:02:51,778] {processor.py:651} INFO - DAG(s) dict_keys(['example_branch_datetime_operator', 'example_branch_datetime_operator_2']) retrieved from /home/airflow/.local/lib/python3.7/site-packages/airflow/example_dags/example_branch_datetime_operator.py
[2022-08-14 06:02:52,164] {logging_mixin.py:115} INFO - [2022-08-14 06:02:52,164] {dag.py:2420} INFO - Sync 2 DAGs
[2022-08-14 06:02:52,551] {logging_mixin.py:115} INFO - [2022-08-14 06:02:52,550] {dag.py:2972} INFO - Setting next_dagrun for example_branch_datetime_operator to 2022-08-13T00:00:00+00:00, run_after=2022-08-14T00:00:00+00:00
[2022-08-14 06:02:52,576] {logging_mixin.py:115} INFO - [2022-08-14 06:02:52,576] {dag.py:2972} INFO - Setting next_dagrun for example_branch_datetime_operator_2 to 2022-08-13T00:00:00+00:00, run_after=2022-08-14T00:00:00+00:00
[2022-08-14 06:02:52,943] {processor.py:161} INFO - Processing /home/airflow/.local/lib/python3.7/site-packages/airflow/example_dags/example_branch_datetime_operator.py took 1.416 seconds
[2022-08-14 06:03:48,552] {processor.py:153} INFO - Started process (PID=576) to work on /home/airflow/.local/lib/python3.7/site-packages/airflow/example_dags/example_branch_datetime_operator.py
[2022-08-14 06:03:48,590] {processor.py:641} INFO - Processing file /home/airflow/.local/lib/python3.7/site-packages/airflow/example_dags/example_branch_datetime_operator.py for tasks to queue
[2022-08-14 06:03:48,623] {logging_mixin.py:115} INFO - [2022-08-14 06:03:48,623] {dagbag.py:508} INFO - Filling up the DagBag from /home/airflow/.local/lib/python3.7/site-packages/airflow/example_dags/example_branch_datetime_operator.py
[2022-08-14 06:03:48,900] {processor.py:651} INFO - DAG(s) dict_keys(['example_branch_datetime_operator', 'example_branch_datetime_operator_2']) retrieved from /home/airflow/.local/lib/python3.7/site-packages/airflow/example_dags/example_branch_datetime_operator.py
[2022-08-14 06:03:49,516] {logging_mixin.py:115} INFO - [2022-08-14 06:03:49,516] {dag.py:2420} INFO - Sync 2 DAGs
[2022-08-14 06:03:49,890] {logging_mixin.py:115} INFO - [2022-08-14 06:03:49,890] {dag.py:2972} INFO - Setting next_dagrun for example_branch_datetime_operator to 2022-08-13T00:00:00+00:00, run_after=2022-08-14T00:00:00+00:00
[2022-08-14 06:03:49,910] {logging_mixin.py:115} INFO - [2022-08-14 06:03:49,910] {dag.py:2972} INFO - Setting next_dagrun for example_branch_datetime_operator_2 to 2022-08-13T00:00:00+00:00, run_after=2022-08-14T00:00:00+00:00
[2022-08-14 06:03:50,083] {processor.py:161} INFO - Processing /home/airflow/.local/lib/python3.7/site-packages/airflow/example_dags/example_branch_datetime_operator.py took 1.699 seconds
[2022-08-14 06:04:35,763] {processor.py:153} INFO - Started process (PID=638) to work on /home/airflow/.local/lib/python3.7/site-packages/airflow/example_dags/example_branch_datetime_operator.py
[2022-08-14 06:04:35,768] {processor.py:641} INFO - Processing file /home/airflow/.local/lib/python3.7/site-packages/airflow/example_dags/example_branch_datetime_operator.py for tasks to queue
[2022-08-14 06:04:35,788] {logging_mixin.py:115} INFO - [2022-08-14 06:04:35,788] {dagbag.py:508} INFO - Filling up the DagBag from /home/airflow/.local/lib/python3.7/site-packages/airflow/example_dags/example_branch_datetime_operator.py
[2022-08-14 06:04:35,933] {processor.py:651} INFO - DAG(s) dict_keys(['example_branch_datetime_operator', 'example_branch_datetime_operator_2']) retrieved from /home/airflow/.local/lib/python3.7/site-packages/airflow/example_dags/example_branch_datetime_operator.py
[2022-08-14 06:04:37,320] {logging_mixin.py:115} INFO - [2022-08-14 06:04:37,320] {dag.py:2420} INFO - Sync 2 DAGs
[2022-08-14 06:04:37,830] {logging_mixin.py:115} INFO - [2022-08-14 06:04:37,829] {dag.py:2972} INFO - Setting next_dagrun for example_branch_datetime_operator to 2022-08-13T00:00:00+00:00, run_after=2022-08-14T00:00:00+00:00
[2022-08-14 06:04:37,879] {logging_mixin.py:115} INFO - [2022-08-14 06:04:37,879] {dag.py:2972} INFO - Setting next_dagrun for example_branch_datetime_operator_2 to 2022-08-13T00:00:00+00:00, run_after=2022-08-14T00:00:00+00:00
[2022-08-14 06:04:38,053] {processor.py:161} INFO - Processing /home/airflow/.local/lib/python3.7/site-packages/airflow/example_dags/example_branch_datetime_operator.py took 2.308 seconds
[2022-08-14 06:05:08,620] {processor.py:153} INFO - Started process (PID=692) to work on /home/airflow/.local/lib/python3.7/site-packages/airflow/example_dags/example_branch_datetime_operator.py
[2022-08-14 06:05:08,629] {processor.py:641} INFO - Processing file /home/airflow/.local/lib/python3.7/site-packages/airflow/example_dags/example_branch_datetime_operator.py for tasks to queue
[2022-08-14 06:05:08,632] {logging_mixin.py:115} INFO - [2022-08-14 06:05:08,632] {dagbag.py:508} INFO - Filling up the DagBag from /home/airflow/.local/lib/python3.7/site-packages/airflow/example_dags/example_branch_datetime_operator.py
[2022-08-14 06:05:08,690] {processor.py:651} INFO - DAG(s) dict_keys(['example_branch_datetime_operator', 'example_branch_datetime_operator_2']) retrieved from /home/airflow/.local/lib/python3.7/site-packages/airflow/example_dags/example_branch_datetime_operator.py
[2022-08-14 06:05:08,808] {logging_mixin.py:115} INFO - [2022-08-14 06:05:08,808] {dag.py:2420} INFO - Sync 2 DAGs
[2022-08-14 06:05:08,894] {logging_mixin.py:115} INFO - [2022-08-14 06:05:08,894] {dag.py:2972} INFO - Setting next_dagrun for example_branch_datetime_operator to 2022-08-13T00:00:00+00:00, run_after=2022-08-14T00:00:00+00:00
[2022-08-14 06:05:08,903] {logging_mixin.py:115} INFO - [2022-08-14 06:05:08,903] {dag.py:2972} INFO - Setting next_dagrun for example_branch_datetime_operator_2 to 2022-08-13T00:00:00+00:00, run_after=2022-08-14T00:00:00+00:00
[2022-08-14 06:05:08,984] {processor.py:161} INFO - Processing /home/airflow/.local/lib/python3.7/site-packages/airflow/example_dags/example_branch_datetime_operator.py took 0.376 seconds
[2022-08-14 06:05:39,062] {processor.py:153} INFO - Started process (PID=745) to work on /home/airflow/.local/lib/python3.7/site-packages/airflow/example_dags/example_branch_datetime_operator.py
[2022-08-14 06:05:39,064] {processor.py:641} INFO - Processing file /home/airflow/.local/lib/python3.7/site-packages/airflow/example_dags/example_branch_datetime_operator.py for tasks to queue
[2022-08-14 06:05:39,067] {logging_mixin.py:115} INFO - [2022-08-14 06:05:39,067] {dagbag.py:508} INFO - Filling up the DagBag from /home/airflow/.local/lib/python3.7/site-packages/airflow/example_dags/example_branch_datetime_operator.py
[2022-08-14 06:05:39,088] {processor.py:651} INFO - DAG(s) dict_keys(['example_branch_datetime_operator', 'example_branch_datetime_operator_2']) retrieved from /home/airflow/.local/lib/python3.7/site-packages/airflow/example_dags/example_branch_datetime_operator.py
[2022-08-14 06:05:39,152] {logging_mixin.py:115} INFO - [2022-08-14 06:05:39,152] {dag.py:2420} INFO - Sync 2 DAGs
[2022-08-14 06:05:39,187] {logging_mixin.py:115} INFO - [2022-08-14 06:05:39,187] {dag.py:2972} INFO - Setting next_dagrun for example_branch_datetime_operator to 2022-08-13T00:00:00+00:00, run_after=2022-08-14T00:00:00+00:00
[2022-08-14 06:05:39,191] {logging_mixin.py:115} INFO - [2022-08-14 06:05:39,191] {dag.py:2972} INFO - Setting next_dagrun for example_branch_datetime_operator_2 to 2022-08-13T00:00:00+00:00, run_after=2022-08-14T00:00:00+00:00
[2022-08-14 06:05:39,212] {processor.py:161} INFO - Processing /home/airflow/.local/lib/python3.7/site-packages/airflow/example_dags/example_branch_datetime_operator.py took 0.156 seconds
[2022-08-14 06:06:09,555] {processor.py:153} INFO - Started process (PID=800) to work on /home/airflow/.local/lib/python3.7/site-packages/airflow/example_dags/example_branch_datetime_operator.py
[2022-08-14 06:06:09,560] {processor.py:641} INFO - Processing file /home/airflow/.local/lib/python3.7/site-packages/airflow/example_dags/example_branch_datetime_operator.py for tasks to queue
[2022-08-14 06:06:09,565] {logging_mixin.py:115} INFO - [2022-08-14 06:06:09,565] {dagbag.py:508} INFO - Filling up the DagBag from /home/airflow/.local/lib/python3.7/site-packages/airflow/example_dags/example_branch_datetime_operator.py
[2022-08-14 06:06:09,603] {processor.py:651} INFO - DAG(s) dict_keys(['example_branch_datetime_operator', 'example_branch_datetime_operator_2']) retrieved from /home/airflow/.local/lib/python3.7/site-packages/airflow/example_dags/example_branch_datetime_operator.py
[2022-08-14 06:06:09,732] {logging_mixin.py:115} INFO - [2022-08-14 06:06:09,731] {dag.py:2420} INFO - Sync 2 DAGs
[2022-08-14 06:06:09,789] {logging_mixin.py:115} INFO - [2022-08-14 06:06:09,789] {dag.py:2972} INFO - Setting next_dagrun for example_branch_datetime_operator to 2022-08-13T00:00:00+00:00, run_after=2022-08-14T00:00:00+00:00
[2022-08-14 06:06:09,799] {logging_mixin.py:115} INFO - [2022-08-14 06:06:09,799] {dag.py:2972} INFO - Setting next_dagrun for example_branch_datetime_operator_2 to 2022-08-13T00:00:00+00:00, run_after=2022-08-14T00:00:00+00:00
[2022-08-14 06:06:09,843] {processor.py:161} INFO - Processing /home/airflow/.local/lib/python3.7/site-packages/airflow/example_dags/example_branch_datetime_operator.py took 0.299 seconds
[2022-08-14 06:06:40,852] {processor.py:153} INFO - Started process (PID=859) to work on /home/airflow/.local/lib/python3.7/site-packages/airflow/example_dags/example_branch_datetime_operator.py
[2022-08-14 06:06:40,859] {processor.py:641} INFO - Processing file /home/airflow/.local/lib/python3.7/site-packages/airflow/example_dags/example_branch_datetime_operator.py for tasks to queue
[2022-08-14 06:06:40,864] {logging_mixin.py:115} INFO - [2022-08-14 06:06:40,864] {dagbag.py:508} INFO - Filling up the DagBag from /home/airflow/.local/lib/python3.7/site-packages/airflow/example_dags/example_branch_datetime_operator.py
[2022-08-14 06:06:41,006] {processor.py:651} INFO - DAG(s) dict_keys(['example_branch_datetime_operator', 'example_branch_datetime_operator_2']) retrieved from /home/airflow/.local/lib/python3.7/site-packages/airflow/example_dags/example_branch_datetime_operator.py
[2022-08-14 06:06:41,464] {logging_mixin.py:115} INFO - [2022-08-14 06:06:41,463] {dag.py:2420} INFO - Sync 2 DAGs
[2022-08-14 06:06:41,794] {logging_mixin.py:115} INFO - [2022-08-14 06:06:41,793] {dag.py:2972} INFO - Setting next_dagrun for example_branch_datetime_operator to 2022-08-13T00:00:00+00:00, run_after=2022-08-14T00:00:00+00:00
[2022-08-14 06:06:41,808] {logging_mixin.py:115} INFO - [2022-08-14 06:06:41,807] {dag.py:2972} INFO - Setting next_dagrun for example_branch_datetime_operator_2 to 2022-08-13T00:00:00+00:00, run_after=2022-08-14T00:00:00+00:00
[2022-08-14 06:06:41,896] {processor.py:161} INFO - Processing /home/airflow/.local/lib/python3.7/site-packages/airflow/example_dags/example_branch_datetime_operator.py took 1.098 seconds
[2022-08-14 06:07:12,757] {processor.py:153} INFO - Started process (PID=903) to work on /home/airflow/.local/lib/python3.7/site-packages/airflow/example_dags/example_branch_datetime_operator.py
[2022-08-14 06:07:12,770] {processor.py:641} INFO - Processing file /home/airflow/.local/lib/python3.7/site-packages/airflow/example_dags/example_branch_datetime_operator.py for tasks to queue
[2022-08-14 06:07:12,775] {logging_mixin.py:115} INFO - [2022-08-14 06:07:12,774] {dagbag.py:508} INFO - Filling up the DagBag from /home/airflow/.local/lib/python3.7/site-packages/airflow/example_dags/example_branch_datetime_operator.py
[2022-08-14 06:07:12,912] {processor.py:651} INFO - DAG(s) dict_keys(['example_branch_datetime_operator', 'example_branch_datetime_operator_2']) retrieved from /home/airflow/.local/lib/python3.7/site-packages/airflow/example_dags/example_branch_datetime_operator.py
[2022-08-14 06:07:13,996] {logging_mixin.py:115} INFO - [2022-08-14 06:07:13,996] {dag.py:2420} INFO - Sync 2 DAGs
[2022-08-14 06:07:14,611] {logging_mixin.py:115} INFO - [2022-08-14 06:07:14,611] {dag.py:2972} INFO - Setting next_dagrun for example_branch_datetime_operator to 2022-08-13T00:00:00+00:00, run_after=2022-08-14T00:00:00+00:00
[2022-08-14 06:07:14,640] {logging_mixin.py:115} INFO - [2022-08-14 06:07:14,640] {dag.py:2972} INFO - Setting next_dagrun for example_branch_datetime_operator_2 to 2022-08-13T00:00:00+00:00, run_after=2022-08-14T00:00:00+00:00
[2022-08-14 06:07:14,842] {processor.py:161} INFO - Processing /home/airflow/.local/lib/python3.7/site-packages/airflow/example_dags/example_branch_datetime_operator.py took 2.258 seconds
[2022-08-14 06:07:45,648] {processor.py:153} INFO - Started process (PID=955) to work on /home/airflow/.local/lib/python3.7/site-packages/airflow/example_dags/example_branch_datetime_operator.py
[2022-08-14 06:07:45,651] {processor.py:641} INFO - Processing file /home/airflow/.local/lib/python3.7/site-packages/airflow/example_dags/example_branch_datetime_operator.py for tasks to queue
[2022-08-14 06:07:45,655] {logging_mixin.py:115} INFO - [2022-08-14 06:07:45,654] {dagbag.py:508} INFO - Filling up the DagBag from /home/airflow/.local/lib/python3.7/site-packages/airflow/example_dags/example_branch_datetime_operator.py
[2022-08-14 06:07:45,679] {processor.py:651} INFO - DAG(s) dict_keys(['example_branch_datetime_operator', 'example_branch_datetime_operator_2']) retrieved from /home/airflow/.local/lib/python3.7/site-packages/airflow/example_dags/example_branch_datetime_operator.py
[2022-08-14 06:07:45,743] {logging_mixin.py:115} INFO - [2022-08-14 06:07:45,742] {dag.py:2420} INFO - Sync 2 DAGs
[2022-08-14 06:07:45,786] {logging_mixin.py:115} INFO - [2022-08-14 06:07:45,786] {dag.py:2972} INFO - Setting next_dagrun for example_branch_datetime_operator to 2022-08-13T00:00:00+00:00, run_after=2022-08-14T00:00:00+00:00
[2022-08-14 06:07:45,791] {logging_mixin.py:115} INFO - [2022-08-14 06:07:45,790] {dag.py:2972} INFO - Setting next_dagrun for example_branch_datetime_operator_2 to 2022-08-13T00:00:00+00:00, run_after=2022-08-14T00:00:00+00:00
[2022-08-14 06:07:45,815] {processor.py:161} INFO - Processing /home/airflow/.local/lib/python3.7/site-packages/airflow/example_dags/example_branch_datetime_operator.py took 0.179 seconds
[2022-08-14 06:08:18,107] {processor.py:153} INFO - Started process (PID=1009) to work on /home/airflow/.local/lib/python3.7/site-packages/airflow/example_dags/example_branch_datetime_operator.py
[2022-08-14 06:08:18,111] {processor.py:641} INFO - Processing file /home/airflow/.local/lib/python3.7/site-packages/airflow/example_dags/example_branch_datetime_operator.py for tasks to queue
[2022-08-14 06:08:18,113] {logging_mixin.py:115} INFO - [2022-08-14 06:08:18,113] {dagbag.py:508} INFO - Filling up the DagBag from /home/airflow/.local/lib/python3.7/site-packages/airflow/example_dags/example_branch_datetime_operator.py
[2022-08-14 06:08:18,162] {processor.py:651} INFO - DAG(s) dict_keys(['example_branch_datetime_operator', 'example_branch_datetime_operator_2']) retrieved from /home/airflow/.local/lib/python3.7/site-packages/airflow/example_dags/example_branch_datetime_operator.py
[2022-08-14 06:08:18,227] {logging_mixin.py:115} INFO - [2022-08-14 06:08:18,227] {dag.py:2420} INFO - Sync 2 DAGs
[2022-08-14 06:08:18,317] {logging_mixin.py:115} INFO - [2022-08-14 06:08:18,317] {dag.py:2972} INFO - Setting next_dagrun for example_branch_datetime_operator to 2022-08-13T00:00:00+00:00, run_after=2022-08-14T00:00:00+00:00
[2022-08-14 06:08:18,322] {logging_mixin.py:115} INFO - [2022-08-14 06:08:18,322] {dag.py:2972} INFO - Setting next_dagrun for example_branch_datetime_operator_2 to 2022-08-13T00:00:00+00:00, run_after=2022-08-14T00:00:00+00:00
[2022-08-14 06:08:18,345] {processor.py:161} INFO - Processing /home/airflow/.local/lib/python3.7/site-packages/airflow/example_dags/example_branch_datetime_operator.py took 0.247 seconds
[2022-08-14 06:08:48,756] {processor.py:153} INFO - Started process (PID=1065) to work on /home/airflow/.local/lib/python3.7/site-packages/airflow/example_dags/example_branch_datetime_operator.py
[2022-08-14 06:08:48,759] {processor.py:641} INFO - Processing file /home/airflow/.local/lib/python3.7/site-packages/airflow/example_dags/example_branch_datetime_operator.py for tasks to queue
[2022-08-14 06:08:48,770] {logging_mixin.py:115} INFO - [2022-08-14 06:08:48,769] {dagbag.py:508} INFO - Filling up the DagBag from /home/airflow/.local/lib/python3.7/site-packages/airflow/example_dags/example_branch_datetime_operator.py
[2022-08-14 06:08:48,790] {processor.py:651} INFO - DAG(s) dict_keys(['example_branch_datetime_operator', 'example_branch_datetime_operator_2']) retrieved from /home/airflow/.local/lib/python3.7/site-packages/airflow/example_dags/example_branch_datetime_operator.py
[2022-08-14 06:08:48,859] {logging_mixin.py:115} INFO - [2022-08-14 06:08:48,859] {dag.py:2420} INFO - Sync 2 DAGs
[2022-08-14 06:08:48,929] {logging_mixin.py:115} INFO - [2022-08-14 06:08:48,929] {dag.py:2972} INFO - Setting next_dagrun for example_branch_datetime_operator to 2022-08-13T00:00:00+00:00, run_after=2022-08-14T00:00:00+00:00
[2022-08-14 06:08:48,936] {logging_mixin.py:115} INFO - [2022-08-14 06:08:48,936] {dag.py:2972} INFO - Setting next_dagrun for example_branch_datetime_operator_2 to 2022-08-13T00:00:00+00:00, run_after=2022-08-14T00:00:00+00:00
[2022-08-14 06:08:48,979] {processor.py:161} INFO - Processing /home/airflow/.local/lib/python3.7/site-packages/airflow/example_dags/example_branch_datetime_operator.py took 0.235 seconds
[2022-08-14 06:09:19,659] {processor.py:153} INFO - Started process (PID=1128) to work on /home/airflow/.local/lib/python3.7/site-packages/airflow/example_dags/example_branch_datetime_operator.py
[2022-08-14 06:09:19,661] {processor.py:641} INFO - Processing file /home/airflow/.local/lib/python3.7/site-packages/airflow/example_dags/example_branch_datetime_operator.py for tasks to queue
[2022-08-14 06:09:19,663] {logging_mixin.py:115} INFO - [2022-08-14 06:09:19,663] {dagbag.py:508} INFO - Filling up the DagBag from /home/airflow/.local/lib/python3.7/site-packages/airflow/example_dags/example_branch_datetime_operator.py
[2022-08-14 06:09:19,702] {processor.py:651} INFO - DAG(s) dict_keys(['example_branch_datetime_operator', 'example_branch_datetime_operator_2']) retrieved from /home/airflow/.local/lib/python3.7/site-packages/airflow/example_dags/example_branch_datetime_operator.py
[2022-08-14 06:09:19,810] {logging_mixin.py:115} INFO - [2022-08-14 06:09:19,810] {dag.py:2420} INFO - Sync 2 DAGs
[2022-08-14 06:09:19,864] {logging_mixin.py:115} INFO - [2022-08-14 06:09:19,864] {dag.py:2972} INFO - Setting next_dagrun for example_branch_datetime_operator to 2022-08-13T00:00:00+00:00, run_after=2022-08-14T00:00:00+00:00
[2022-08-14 06:09:19,868] {logging_mixin.py:115} INFO - [2022-08-14 06:09:19,868] {dag.py:2972} INFO - Setting next_dagrun for example_branch_datetime_operator_2 to 2022-08-13T00:00:00+00:00, run_after=2022-08-14T00:00:00+00:00
[2022-08-14 06:09:19,892] {processor.py:161} INFO - Processing /home/airflow/.local/lib/python3.7/site-packages/airflow/example_dags/example_branch_datetime_operator.py took 0.247 seconds
[2022-08-14 06:09:50,049] {processor.py:153} INFO - Started process (PID=1181) to work on /home/airflow/.local/lib/python3.7/site-packages/airflow/example_dags/example_branch_datetime_operator.py
[2022-08-14 06:09:50,052] {processor.py:641} INFO - Processing file /home/airflow/.local/lib/python3.7/site-packages/airflow/example_dags/example_branch_datetime_operator.py for tasks to queue
[2022-08-14 06:09:50,054] {logging_mixin.py:115} INFO - [2022-08-14 06:09:50,054] {dagbag.py:508} INFO - Filling up the DagBag from /home/airflow/.local/lib/python3.7/site-packages/airflow/example_dags/example_branch_datetime_operator.py
[2022-08-14 06:09:50,088] {processor.py:651} INFO - DAG(s) dict_keys(['example_branch_datetime_operator', 'example_branch_datetime_operator_2']) retrieved from /home/airflow/.local/lib/python3.7/site-packages/airflow/example_dags/example_branch_datetime_operator.py
[2022-08-14 06:09:50,181] {logging_mixin.py:115} INFO - [2022-08-14 06:09:50,181] {dag.py:2420} INFO - Sync 2 DAGs
[2022-08-14 06:09:50,261] {logging_mixin.py:115} INFO - [2022-08-14 06:09:50,260] {dag.py:2972} INFO - Setting next_dagrun for example_branch_datetime_operator to 2022-08-13T00:00:00+00:00, run_after=2022-08-14T00:00:00+00:00
[2022-08-14 06:09:50,265] {logging_mixin.py:115} INFO - [2022-08-14 06:09:50,264] {dag.py:2972} INFO - Setting next_dagrun for example_branch_datetime_operator_2 to 2022-08-13T00:00:00+00:00, run_after=2022-08-14T00:00:00+00:00
[2022-08-14 06:09:50,306] {processor.py:161} INFO - Processing /home/airflow/.local/lib/python3.7/site-packages/airflow/example_dags/example_branch_datetime_operator.py took 0.267 seconds
[2022-08-14 06:10:20,425] {processor.py:153} INFO - Started process (PID=1234) to work on /home/airflow/.local/lib/python3.7/site-packages/airflow/example_dags/example_branch_datetime_operator.py
[2022-08-14 06:10:20,427] {processor.py:641} INFO - Processing file /home/airflow/.local/lib/python3.7/site-packages/airflow/example_dags/example_branch_datetime_operator.py for tasks to queue
[2022-08-14 06:10:20,430] {logging_mixin.py:115} INFO - [2022-08-14 06:10:20,430] {dagbag.py:508} INFO - Filling up the DagBag from /home/airflow/.local/lib/python3.7/site-packages/airflow/example_dags/example_branch_datetime_operator.py
[2022-08-14 06:10:20,455] {processor.py:651} INFO - DAG(s) dict_keys(['example_branch_datetime_operator', 'example_branch_datetime_operator_2']) retrieved from /home/airflow/.local/lib/python3.7/site-packages/airflow/example_dags/example_branch_datetime_operator.py
[2022-08-14 06:10:20,532] {logging_mixin.py:115} INFO - [2022-08-14 06:10:20,531] {dag.py:2420} INFO - Sync 2 DAGs
[2022-08-14 06:10:20,613] {logging_mixin.py:115} INFO - [2022-08-14 06:10:20,613] {dag.py:2972} INFO - Setting next_dagrun for example_branch_datetime_operator to 2022-08-13T00:00:00+00:00, run_after=2022-08-14T00:00:00+00:00
[2022-08-14 06:10:20,619] {logging_mixin.py:115} INFO - [2022-08-14 06:10:20,619] {dag.py:2972} INFO - Setting next_dagrun for example_branch_datetime_operator_2 to 2022-08-13T00:00:00+00:00, run_after=2022-08-14T00:00:00+00:00
[2022-08-14 06:10:20,642] {processor.py:161} INFO - Processing /home/airflow/.local/lib/python3.7/site-packages/airflow/example_dags/example_branch_datetime_operator.py took 0.224 seconds
[2022-08-14 06:10:51,569] {processor.py:153} INFO - Started process (PID=1297) to work on /home/airflow/.local/lib/python3.7/site-packages/airflow/example_dags/example_branch_datetime_operator.py
[2022-08-14 06:10:51,572] {processor.py:641} INFO - Processing file /home/airflow/.local/lib/python3.7/site-packages/airflow/example_dags/example_branch_datetime_operator.py for tasks to queue
[2022-08-14 06:10:51,582] {logging_mixin.py:115} INFO - [2022-08-14 06:10:51,579] {dagbag.py:508} INFO - Filling up the DagBag from /home/airflow/.local/lib/python3.7/site-packages/airflow/example_dags/example_branch_datetime_operator.py
[2022-08-14 06:10:51,653] {processor.py:651} INFO - DAG(s) dict_keys(['example_branch_datetime_operator', 'example_branch_datetime_operator_2']) retrieved from /home/airflow/.local/lib/python3.7/site-packages/airflow/example_dags/example_branch_datetime_operator.py
[2022-08-14 06:10:51,791] {logging_mixin.py:115} INFO - [2022-08-14 06:10:51,791] {dag.py:2420} INFO - Sync 2 DAGs
[2022-08-14 06:10:51,928] {logging_mixin.py:115} INFO - [2022-08-14 06:10:51,928] {dag.py:2972} INFO - Setting next_dagrun for example_branch_datetime_operator to 2022-08-13T00:00:00+00:00, run_after=2022-08-14T00:00:00+00:00
[2022-08-14 06:10:51,941] {logging_mixin.py:115} INFO - [2022-08-14 06:10:51,941] {dag.py:2972} INFO - Setting next_dagrun for example_branch_datetime_operator_2 to 2022-08-13T00:00:00+00:00, run_after=2022-08-14T00:00:00+00:00
[2022-08-14 06:10:52,025] {processor.py:161} INFO - Processing /home/airflow/.local/lib/python3.7/site-packages/airflow/example_dags/example_branch_datetime_operator.py took 0.508 seconds
[2022-08-14 06:11:22,575] {processor.py:153} INFO - Started process (PID=1354) to work on /home/airflow/.local/lib/python3.7/site-packages/airflow/example_dags/example_branch_datetime_operator.py
[2022-08-14 06:11:22,582] {processor.py:641} INFO - Processing file /home/airflow/.local/lib/python3.7/site-packages/airflow/example_dags/example_branch_datetime_operator.py for tasks to queue
[2022-08-14 06:11:22,584] {logging_mixin.py:115} INFO - [2022-08-14 06:11:22,584] {dagbag.py:508} INFO - Filling up the DagBag from /home/airflow/.local/lib/python3.7/site-packages/airflow/example_dags/example_branch_datetime_operator.py
[2022-08-14 06:11:22,626] {processor.py:651} INFO - DAG(s) dict_keys(['example_branch_datetime_operator', 'example_branch_datetime_operator_2']) retrieved from /home/airflow/.local/lib/python3.7/site-packages/airflow/example_dags/example_branch_datetime_operator.py
[2022-08-14 06:11:22,723] {logging_mixin.py:115} INFO - [2022-08-14 06:11:22,723] {dag.py:2420} INFO - Sync 2 DAGs
[2022-08-14 06:11:22,823] {logging_mixin.py:115} INFO - [2022-08-14 06:11:22,822] {dag.py:2972} INFO - Setting next_dagrun for example_branch_datetime_operator to 2022-08-13T00:00:00+00:00, run_after=2022-08-14T00:00:00+00:00
[2022-08-14 06:11:22,830] {logging_mixin.py:115} INFO - [2022-08-14 06:11:22,829] {dag.py:2972} INFO - Setting next_dagrun for example_branch_datetime_operator_2 to 2022-08-13T00:00:00+00:00, run_after=2022-08-14T00:00:00+00:00
[2022-08-14 06:11:22,853] {processor.py:161} INFO - Processing /home/airflow/.local/lib/python3.7/site-packages/airflow/example_dags/example_branch_datetime_operator.py took 0.287 seconds
[2022-08-14 06:11:53,578] {processor.py:153} INFO - Started process (PID=1409) to work on /home/airflow/.local/lib/python3.7/site-packages/airflow/example_dags/example_branch_datetime_operator.py
[2022-08-14 06:11:53,580] {processor.py:641} INFO - Processing file /home/airflow/.local/lib/python3.7/site-packages/airflow/example_dags/example_branch_datetime_operator.py for tasks to queue
[2022-08-14 06:11:53,582] {logging_mixin.py:115} INFO - [2022-08-14 06:11:53,581] {dagbag.py:508} INFO - Filling up the DagBag from /home/airflow/.local/lib/python3.7/site-packages/airflow/example_dags/example_branch_datetime_operator.py
[2022-08-14 06:11:53,601] {processor.py:651} INFO - DAG(s) dict_keys(['example_branch_datetime_operator', 'example_branch_datetime_operator_2']) retrieved from /home/airflow/.local/lib/python3.7/site-packages/airflow/example_dags/example_branch_datetime_operator.py
[2022-08-14 06:11:53,655] {logging_mixin.py:115} INFO - [2022-08-14 06:11:53,655] {dag.py:2420} INFO - Sync 2 DAGs
[2022-08-14 06:11:53,699] {logging_mixin.py:115} INFO - [2022-08-14 06:11:53,699] {dag.py:2972} INFO - Setting next_dagrun for example_branch_datetime_operator to 2022-08-13T00:00:00+00:00, run_after=2022-08-14T00:00:00+00:00
[2022-08-14 06:11:53,704] {logging_mixin.py:115} INFO - [2022-08-14 06:11:53,703] {dag.py:2972} INFO - Setting next_dagrun for example_branch_datetime_operator_2 to 2022-08-13T00:00:00+00:00, run_after=2022-08-14T00:00:00+00:00
[2022-08-14 06:11:53,728] {processor.py:161} INFO - Processing /home/airflow/.local/lib/python3.7/site-packages/airflow/example_dags/example_branch_datetime_operator.py took 0.167 seconds
[2022-08-14 06:12:24,388] {processor.py:153} INFO - Started process (PID=1474) to work on /home/airflow/.local/lib/python3.7/site-packages/airflow/example_dags/example_branch_datetime_operator.py
[2022-08-14 06:12:24,392] {processor.py:641} INFO - Processing file /home/airflow/.local/lib/python3.7/site-packages/airflow/example_dags/example_branch_datetime_operator.py for tasks to queue
[2022-08-14 06:12:24,396] {logging_mixin.py:115} INFO - [2022-08-14 06:12:24,395] {dagbag.py:508} INFO - Filling up the DagBag from /home/airflow/.local/lib/python3.7/site-packages/airflow/example_dags/example_branch_datetime_operator.py
[2022-08-14 06:12:24,484] {processor.py:651} INFO - DAG(s) dict_keys(['example_branch_datetime_operator', 'example_branch_datetime_operator_2']) retrieved from /home/airflow/.local/lib/python3.7/site-packages/airflow/example_dags/example_branch_datetime_operator.py
[2022-08-14 06:12:24,598] {logging_mixin.py:115} INFO - [2022-08-14 06:12:24,597] {dag.py:2420} INFO - Sync 2 DAGs
[2022-08-14 06:12:24,680] {logging_mixin.py:115} INFO - [2022-08-14 06:12:24,680] {dag.py:2972} INFO - Setting next_dagrun for example_branch_datetime_operator to 2022-08-13T00:00:00+00:00, run_after=2022-08-14T00:00:00+00:00
[2022-08-14 06:12:24,691] {logging_mixin.py:115} INFO - [2022-08-14 06:12:24,691] {dag.py:2972} INFO - Setting next_dagrun for example_branch_datetime_operator_2 to 2022-08-13T00:00:00+00:00, run_after=2022-08-14T00:00:00+00:00
[2022-08-14 06:12:24,731] {processor.py:161} INFO - Processing /home/airflow/.local/lib/python3.7/site-packages/airflow/example_dags/example_branch_datetime_operator.py took 0.358 seconds
[2022-08-14 06:12:54,907] {processor.py:153} INFO - Started process (PID=1527) to work on /home/airflow/.local/lib/python3.7/site-packages/airflow/example_dags/example_branch_datetime_operator.py
[2022-08-14 06:12:54,911] {processor.py:641} INFO - Processing file /home/airflow/.local/lib/python3.7/site-packages/airflow/example_dags/example_branch_datetime_operator.py for tasks to queue
[2022-08-14 06:12:54,918] {logging_mixin.py:115} INFO - [2022-08-14 06:12:54,918] {dagbag.py:508} INFO - Filling up the DagBag from /home/airflow/.local/lib/python3.7/site-packages/airflow/example_dags/example_branch_datetime_operator.py
[2022-08-14 06:12:54,951] {processor.py:651} INFO - DAG(s) dict_keys(['example_branch_datetime_operator', 'example_branch_datetime_operator_2']) retrieved from /home/airflow/.local/lib/python3.7/site-packages/airflow/example_dags/example_branch_datetime_operator.py
[2022-08-14 06:12:55,036] {logging_mixin.py:115} INFO - [2022-08-14 06:12:55,036] {dag.py:2420} INFO - Sync 2 DAGs
[2022-08-14 06:12:55,072] {logging_mixin.py:115} INFO - [2022-08-14 06:12:55,072] {dag.py:2972} INFO - Setting next_dagrun for example_branch_datetime_operator to 2022-08-13T00:00:00+00:00, run_after=2022-08-14T00:00:00+00:00
[2022-08-14 06:12:55,076] {logging_mixin.py:115} INFO - [2022-08-14 06:12:55,076] {dag.py:2972} INFO - Setting next_dagrun for example_branch_datetime_operator_2 to 2022-08-13T00:00:00+00:00, run_after=2022-08-14T00:00:00+00:00
[2022-08-14 06:12:55,098] {processor.py:161} INFO - Processing /home/airflow/.local/lib/python3.7/site-packages/airflow/example_dags/example_branch_datetime_operator.py took 0.206 seconds
[2022-08-14 06:13:25,660] {processor.py:153} INFO - Started process (PID=1582) to work on /home/airflow/.local/lib/python3.7/site-packages/airflow/example_dags/example_branch_datetime_operator.py
[2022-08-14 06:13:25,662] {processor.py:641} INFO - Processing file /home/airflow/.local/lib/python3.7/site-packages/airflow/example_dags/example_branch_datetime_operator.py for tasks to queue
[2022-08-14 06:13:25,665] {logging_mixin.py:115} INFO - [2022-08-14 06:13:25,664] {dagbag.py:508} INFO - Filling up the DagBag from /home/airflow/.local/lib/python3.7/site-packages/airflow/example_dags/example_branch_datetime_operator.py
[2022-08-14 06:13:25,691] {processor.py:651} INFO - DAG(s) dict_keys(['example_branch_datetime_operator', 'example_branch_datetime_operator_2']) retrieved from /home/airflow/.local/lib/python3.7/site-packages/airflow/example_dags/example_branch_datetime_operator.py
[2022-08-14 06:13:25,789] {logging_mixin.py:115} INFO - [2022-08-14 06:13:25,789] {dag.py:2420} INFO - Sync 2 DAGs
[2022-08-14 06:13:25,901] {logging_mixin.py:115} INFO - [2022-08-14 06:13:25,901] {dag.py:2972} INFO - Setting next_dagrun for example_branch_datetime_operator to 2022-08-13T00:00:00+00:00, run_after=2022-08-14T00:00:00+00:00
[2022-08-14 06:13:25,911] {logging_mixin.py:115} INFO - [2022-08-14 06:13:25,910] {dag.py:2972} INFO - Setting next_dagrun for example_branch_datetime_operator_2 to 2022-08-13T00:00:00+00:00, run_after=2022-08-14T00:00:00+00:00
[2022-08-14 06:13:25,941] {processor.py:161} INFO - Processing /home/airflow/.local/lib/python3.7/site-packages/airflow/example_dags/example_branch_datetime_operator.py took 0.289 seconds
[2022-08-14 06:13:56,164] {processor.py:153} INFO - Started process (PID=1636) to work on /home/airflow/.local/lib/python3.7/site-packages/airflow/example_dags/example_branch_datetime_operator.py
[2022-08-14 06:13:56,166] {processor.py:641} INFO - Processing file /home/airflow/.local/lib/python3.7/site-packages/airflow/example_dags/example_branch_datetime_operator.py for tasks to queue
[2022-08-14 06:13:56,173] {logging_mixin.py:115} INFO - [2022-08-14 06:13:56,173] {dagbag.py:508} INFO - Filling up the DagBag from /home/airflow/.local/lib/python3.7/site-packages/airflow/example_dags/example_branch_datetime_operator.py
[2022-08-14 06:13:56,193] {processor.py:651} INFO - DAG(s) dict_keys(['example_branch_datetime_operator', 'example_branch_datetime_operator_2']) retrieved from /home/airflow/.local/lib/python3.7/site-packages/airflow/example_dags/example_branch_datetime_operator.py
[2022-08-14 06:13:56,246] {logging_mixin.py:115} INFO - [2022-08-14 06:13:56,246] {dag.py:2420} INFO - Sync 2 DAGs
[2022-08-14 06:13:56,324] {logging_mixin.py:115} INFO - [2022-08-14 06:13:56,323] {dag.py:2972} INFO - Setting next_dagrun for example_branch_datetime_operator to 2022-08-13T00:00:00+00:00, run_after=2022-08-14T00:00:00+00:00
[2022-08-14 06:13:56,331] {logging_mixin.py:115} INFO - [2022-08-14 06:13:56,331] {dag.py:2972} INFO - Setting next_dagrun for example_branch_datetime_operator_2 to 2022-08-13T00:00:00+00:00, run_after=2022-08-14T00:00:00+00:00
[2022-08-14 06:13:56,352] {processor.py:161} INFO - Processing /home/airflow/.local/lib/python3.7/site-packages/airflow/example_dags/example_branch_datetime_operator.py took 0.196 seconds
[2022-08-14 06:14:26,610] {processor.py:153} INFO - Started process (PID=1689) to work on /home/airflow/.local/lib/python3.7/site-packages/airflow/example_dags/example_branch_datetime_operator.py
[2022-08-14 06:14:26,628] {processor.py:641} INFO - Processing file /home/airflow/.local/lib/python3.7/site-packages/airflow/example_dags/example_branch_datetime_operator.py for tasks to queue
[2022-08-14 06:14:26,634] {logging_mixin.py:115} INFO - [2022-08-14 06:14:26,633] {dagbag.py:508} INFO - Filling up the DagBag from /home/airflow/.local/lib/python3.7/site-packages/airflow/example_dags/example_branch_datetime_operator.py
[2022-08-14 06:14:26,697] {processor.py:651} INFO - DAG(s) dict_keys(['example_branch_datetime_operator', 'example_branch_datetime_operator_2']) retrieved from /home/airflow/.local/lib/python3.7/site-packages/airflow/example_dags/example_branch_datetime_operator.py
[2022-08-14 06:14:27,028] {logging_mixin.py:115} INFO - [2022-08-14 06:14:27,028] {dag.py:2420} INFO - Sync 2 DAGs
[2022-08-14 06:14:27,238] {logging_mixin.py:115} INFO - [2022-08-14 06:14:27,238] {dag.py:2972} INFO - Setting next_dagrun for example_branch_datetime_operator to 2022-08-13T00:00:00+00:00, run_after=2022-08-14T00:00:00+00:00
[2022-08-14 06:14:27,259] {logging_mixin.py:115} INFO - [2022-08-14 06:14:27,259] {dag.py:2972} INFO - Setting next_dagrun for example_branch_datetime_operator_2 to 2022-08-13T00:00:00+00:00, run_after=2022-08-14T00:00:00+00:00
[2022-08-14 06:14:27,349] {processor.py:161} INFO - Processing /home/airflow/.local/lib/python3.7/site-packages/airflow/example_dags/example_branch_datetime_operator.py took 0.760 seconds
[2022-08-14 06:14:58,011] {processor.py:153} INFO - Started process (PID=1753) to work on /home/airflow/.local/lib/python3.7/site-packages/airflow/example_dags/example_branch_datetime_operator.py
[2022-08-14 06:14:58,014] {processor.py:641} INFO - Processing file /home/airflow/.local/lib/python3.7/site-packages/airflow/example_dags/example_branch_datetime_operator.py for tasks to queue
[2022-08-14 06:14:58,020] {logging_mixin.py:115} INFO - [2022-08-14 06:14:58,018] {dagbag.py:508} INFO - Filling up the DagBag from /home/airflow/.local/lib/python3.7/site-packages/airflow/example_dags/example_branch_datetime_operator.py
[2022-08-14 06:14:58,079] {processor.py:651} INFO - DAG(s) dict_keys(['example_branch_datetime_operator', 'example_branch_datetime_operator_2']) retrieved from /home/airflow/.local/lib/python3.7/site-packages/airflow/example_dags/example_branch_datetime_operator.py
[2022-08-14 06:14:58,334] {logging_mixin.py:115} INFO - [2022-08-14 06:14:58,334] {dag.py:2420} INFO - Sync 2 DAGs
[2022-08-14 06:14:58,448] {logging_mixin.py:115} INFO - [2022-08-14 06:14:58,448] {dag.py:2972} INFO - Setting next_dagrun for example_branch_datetime_operator to 2022-08-13T00:00:00+00:00, run_after=2022-08-14T00:00:00+00:00
[2022-08-14 06:14:58,464] {logging_mixin.py:115} INFO - [2022-08-14 06:14:58,464] {dag.py:2972} INFO - Setting next_dagrun for example_branch_datetime_operator_2 to 2022-08-13T00:00:00+00:00, run_after=2022-08-14T00:00:00+00:00
[2022-08-14 06:14:58,540] {processor.py:161} INFO - Processing /home/airflow/.local/lib/python3.7/site-packages/airflow/example_dags/example_branch_datetime_operator.py took 0.547 seconds
[2022-08-14 06:15:29,311] {processor.py:153} INFO - Started process (PID=1807) to work on /home/airflow/.local/lib/python3.7/site-packages/airflow/example_dags/example_branch_datetime_operator.py
[2022-08-14 06:15:29,316] {processor.py:641} INFO - Processing file /home/airflow/.local/lib/python3.7/site-packages/airflow/example_dags/example_branch_datetime_operator.py for tasks to queue
[2022-08-14 06:15:29,319] {logging_mixin.py:115} INFO - [2022-08-14 06:15:29,319] {dagbag.py:508} INFO - Filling up the DagBag from /home/airflow/.local/lib/python3.7/site-packages/airflow/example_dags/example_branch_datetime_operator.py
[2022-08-14 06:15:29,338] {processor.py:651} INFO - DAG(s) dict_keys(['example_branch_datetime_operator', 'example_branch_datetime_operator_2']) retrieved from /home/airflow/.local/lib/python3.7/site-packages/airflow/example_dags/example_branch_datetime_operator.py
[2022-08-14 06:15:29,403] {logging_mixin.py:115} INFO - [2022-08-14 06:15:29,402] {dag.py:2420} INFO - Sync 2 DAGs
[2022-08-14 06:15:29,450] {logging_mixin.py:115} INFO - [2022-08-14 06:15:29,450] {dag.py:2972} INFO - Setting next_dagrun for example_branch_datetime_operator to 2022-08-13T00:00:00+00:00, run_after=2022-08-14T00:00:00+00:00
[2022-08-14 06:15:29,456] {logging_mixin.py:115} INFO - [2022-08-14 06:15:29,455] {dag.py:2972} INFO - Setting next_dagrun for example_branch_datetime_operator_2 to 2022-08-13T00:00:00+00:00, run_after=2022-08-14T00:00:00+00:00
[2022-08-14 06:15:29,484] {processor.py:161} INFO - Processing /home/airflow/.local/lib/python3.7/site-packages/airflow/example_dags/example_branch_datetime_operator.py took 0.180 seconds
[2022-08-14 06:15:59,857] {processor.py:153} INFO - Started process (PID=1860) to work on /home/airflow/.local/lib/python3.7/site-packages/airflow/example_dags/example_branch_datetime_operator.py
[2022-08-14 06:15:59,860] {processor.py:641} INFO - Processing file /home/airflow/.local/lib/python3.7/site-packages/airflow/example_dags/example_branch_datetime_operator.py for tasks to queue
[2022-08-14 06:15:59,868] {logging_mixin.py:115} INFO - [2022-08-14 06:15:59,868] {dagbag.py:508} INFO - Filling up the DagBag from /home/airflow/.local/lib/python3.7/site-packages/airflow/example_dags/example_branch_datetime_operator.py
[2022-08-14 06:15:59,890] {processor.py:651} INFO - DAG(s) dict_keys(['example_branch_datetime_operator', 'example_branch_datetime_operator_2']) retrieved from /home/airflow/.local/lib/python3.7/site-packages/airflow/example_dags/example_branch_datetime_operator.py
[2022-08-14 06:15:59,945] {logging_mixin.py:115} INFO - [2022-08-14 06:15:59,945] {dag.py:2420} INFO - Sync 2 DAGs
[2022-08-14 06:16:00,034] {logging_mixin.py:115} INFO - [2022-08-14 06:16:00,034] {dag.py:2972} INFO - Setting next_dagrun for example_branch_datetime_operator to 2022-08-13T00:00:00+00:00, run_after=2022-08-14T00:00:00+00:00
[2022-08-14 06:16:00,039] {logging_mixin.py:115} INFO - [2022-08-14 06:16:00,039] {dag.py:2972} INFO - Setting next_dagrun for example_branch_datetime_operator_2 to 2022-08-13T00:00:00+00:00, run_after=2022-08-14T00:00:00+00:00
[2022-08-14 06:16:00,068] {processor.py:161} INFO - Processing /home/airflow/.local/lib/python3.7/site-packages/airflow/example_dags/example_branch_datetime_operator.py took 0.220 seconds
[2022-08-14 06:16:36,863] {processor.py:153} INFO - Started process (PID=1914) to work on /home/airflow/.local/lib/python3.7/site-packages/airflow/example_dags/example_branch_datetime_operator.py
[2022-08-14 06:16:36,865] {processor.py:641} INFO - Processing file /home/airflow/.local/lib/python3.7/site-packages/airflow/example_dags/example_branch_datetime_operator.py for tasks to queue
[2022-08-14 06:16:36,868] {logging_mixin.py:115} INFO - [2022-08-14 06:16:36,868] {dagbag.py:508} INFO - Filling up the DagBag from /home/airflow/.local/lib/python3.7/site-packages/airflow/example_dags/example_branch_datetime_operator.py
[2022-08-14 06:16:36,979] {processor.py:651} INFO - DAG(s) dict_keys(['example_branch_datetime_operator', 'example_branch_datetime_operator_2']) retrieved from /home/airflow/.local/lib/python3.7/site-packages/airflow/example_dags/example_branch_datetime_operator.py
[2022-08-14 06:16:37,317] {logging_mixin.py:115} INFO - [2022-08-14 06:16:37,317] {dag.py:2420} INFO - Sync 2 DAGs
[2022-08-14 06:16:37,539] {logging_mixin.py:115} INFO - [2022-08-14 06:16:37,539] {dag.py:2972} INFO - Setting next_dagrun for example_branch_datetime_operator to 2022-08-13T00:00:00+00:00, run_after=2022-08-14T00:00:00+00:00
[2022-08-14 06:16:37,545] {logging_mixin.py:115} INFO - [2022-08-14 06:16:37,545] {dag.py:2972} INFO - Setting next_dagrun for example_branch_datetime_operator_2 to 2022-08-13T00:00:00+00:00, run_after=2022-08-14T00:00:00+00:00
[2022-08-14 06:16:37,591] {processor.py:161} INFO - Processing /home/airflow/.local/lib/python3.7/site-packages/airflow/example_dags/example_branch_datetime_operator.py took 0.744 seconds
[2022-08-14 06:17:27,733] {processor.py:153} INFO - Started process (PID=1970) to work on /home/airflow/.local/lib/python3.7/site-packages/airflow/example_dags/example_branch_datetime_operator.py
[2022-08-14 06:17:28,004] {processor.py:641} INFO - Processing file /home/airflow/.local/lib/python3.7/site-packages/airflow/example_dags/example_branch_datetime_operator.py for tasks to queue
[2022-08-14 06:17:28,247] {logging_mixin.py:115} INFO - [2022-08-14 06:17:28,232] {dagbag.py:508} INFO - Filling up the DagBag from /home/airflow/.local/lib/python3.7/site-packages/airflow/example_dags/example_branch_datetime_operator.py
[2022-08-14 06:17:29,600] {processor.py:651} INFO - DAG(s) dict_keys(['example_branch_datetime_operator', 'example_branch_datetime_operator_2']) retrieved from /home/airflow/.local/lib/python3.7/site-packages/airflow/example_dags/example_branch_datetime_operator.py
[2022-08-14 06:17:31,392] {logging_mixin.py:115} INFO - [2022-08-14 06:17:31,392] {dag.py:2420} INFO - Sync 2 DAGs
[2022-08-14 06:17:32,097] {logging_mixin.py:115} INFO - [2022-08-14 06:17:32,089] {dag.py:2972} INFO - Setting next_dagrun for example_branch_datetime_operator to 2022-08-13T00:00:00+00:00, run_after=2022-08-14T00:00:00+00:00
[2022-08-14 06:17:32,117] {logging_mixin.py:115} INFO - [2022-08-14 06:17:32,116] {dag.py:2972} INFO - Setting next_dagrun for example_branch_datetime_operator_2 to 2022-08-13T00:00:00+00:00, run_after=2022-08-14T00:00:00+00:00
[2022-08-14 06:17:32,265] {processor.py:161} INFO - Processing /home/airflow/.local/lib/python3.7/site-packages/airflow/example_dags/example_branch_datetime_operator.py took 4.934 seconds
[2022-08-14 07:14:02,755] {processor.py:153} INFO - Started process (PID=2067) to work on /home/airflow/.local/lib/python3.7/site-packages/airflow/example_dags/example_branch_datetime_operator.py
[2022-08-14 07:14:02,770] {processor.py:641} INFO - Processing file /home/airflow/.local/lib/python3.7/site-packages/airflow/example_dags/example_branch_datetime_operator.py for tasks to queue
[2022-08-14 07:14:02,786] {logging_mixin.py:115} INFO - [2022-08-14 07:14:02,786] {dagbag.py:508} INFO - Filling up the DagBag from /home/airflow/.local/lib/python3.7/site-packages/airflow/example_dags/example_branch_datetime_operator.py
[2022-08-14 07:14:03,260] {processor.py:651} INFO - DAG(s) dict_keys(['example_branch_datetime_operator', 'example_branch_datetime_operator_2']) retrieved from /home/airflow/.local/lib/python3.7/site-packages/airflow/example_dags/example_branch_datetime_operator.py
[2022-08-14 07:14:04,240] {logging_mixin.py:115} INFO - [2022-08-14 07:14:04,239] {dag.py:2420} INFO - Sync 2 DAGs
[2022-08-14 07:14:04,954] {logging_mixin.py:115} INFO - [2022-08-14 07:14:04,937] {dag.py:2972} INFO - Setting next_dagrun for example_branch_datetime_operator to 2022-08-13T00:00:00+00:00, run_after=2022-08-14T00:00:00+00:00
[2022-08-14 07:14:04,986] {logging_mixin.py:115} INFO - [2022-08-14 07:14:04,985] {dag.py:2972} INFO - Setting next_dagrun for example_branch_datetime_operator_2 to 2022-08-13T00:00:00+00:00, run_after=2022-08-14T00:00:00+00:00
[2022-08-14 07:14:05,181] {processor.py:161} INFO - Processing /home/airflow/.local/lib/python3.7/site-packages/airflow/example_dags/example_branch_datetime_operator.py took 2.492 seconds
[2022-08-14 07:14:35,870] {processor.py:153} INFO - Started process (PID=2120) to work on /home/airflow/.local/lib/python3.7/site-packages/airflow/example_dags/example_branch_datetime_operator.py
[2022-08-14 07:14:35,872] {processor.py:641} INFO - Processing file /home/airflow/.local/lib/python3.7/site-packages/airflow/example_dags/example_branch_datetime_operator.py for tasks to queue
[2022-08-14 07:14:35,875] {logging_mixin.py:115} INFO - [2022-08-14 07:14:35,875] {dagbag.py:508} INFO - Filling up the DagBag from /home/airflow/.local/lib/python3.7/site-packages/airflow/example_dags/example_branch_datetime_operator.py
[2022-08-14 07:14:35,963] {processor.py:651} INFO - DAG(s) dict_keys(['example_branch_datetime_operator', 'example_branch_datetime_operator_2']) retrieved from /home/airflow/.local/lib/python3.7/site-packages/airflow/example_dags/example_branch_datetime_operator.py
[2022-08-14 07:14:36,133] {logging_mixin.py:115} INFO - [2022-08-14 07:14:36,133] {dag.py:2420} INFO - Sync 2 DAGs
[2022-08-14 07:14:36,259] {logging_mixin.py:115} INFO - [2022-08-14 07:14:36,259] {dag.py:2972} INFO - Setting next_dagrun for example_branch_datetime_operator to 2022-08-13T00:00:00+00:00, run_after=2022-08-14T00:00:00+00:00
[2022-08-14 07:14:36,286] {logging_mixin.py:115} INFO - [2022-08-14 07:14:36,271] {dag.py:2972} INFO - Setting next_dagrun for example_branch_datetime_operator_2 to 2022-08-13T00:00:00+00:00, run_after=2022-08-14T00:00:00+00:00
[2022-08-14 07:14:36,337] {processor.py:161} INFO - Processing /home/airflow/.local/lib/python3.7/site-packages/airflow/example_dags/example_branch_datetime_operator.py took 0.482 seconds
[2022-08-14 07:15:06,975] {processor.py:153} INFO - Started process (PID=2188) to work on /home/airflow/.local/lib/python3.7/site-packages/airflow/example_dags/example_branch_datetime_operator.py
[2022-08-14 07:15:06,979] {processor.py:641} INFO - Processing file /home/airflow/.local/lib/python3.7/site-packages/airflow/example_dags/example_branch_datetime_operator.py for tasks to queue
[2022-08-14 07:15:06,990] {logging_mixin.py:115} INFO - [2022-08-14 07:15:06,989] {dagbag.py:508} INFO - Filling up the DagBag from /home/airflow/.local/lib/python3.7/site-packages/airflow/example_dags/example_branch_datetime_operator.py
[2022-08-14 07:15:07,024] {processor.py:651} INFO - DAG(s) dict_keys(['example_branch_datetime_operator', 'example_branch_datetime_operator_2']) retrieved from /home/airflow/.local/lib/python3.7/site-packages/airflow/example_dags/example_branch_datetime_operator.py
[2022-08-14 07:15:07,158] {logging_mixin.py:115} INFO - [2022-08-14 07:15:07,158] {dag.py:2420} INFO - Sync 2 DAGs
[2022-08-14 07:15:07,244] {logging_mixin.py:115} INFO - [2022-08-14 07:15:07,244] {dag.py:2972} INFO - Setting next_dagrun for example_branch_datetime_operator to 2022-08-13T00:00:00+00:00, run_after=2022-08-14T00:00:00+00:00
[2022-08-14 07:15:07,257] {logging_mixin.py:115} INFO - [2022-08-14 07:15:07,257] {dag.py:2972} INFO - Setting next_dagrun for example_branch_datetime_operator_2 to 2022-08-13T00:00:00+00:00, run_after=2022-08-14T00:00:00+00:00
[2022-08-14 07:15:07,313] {processor.py:161} INFO - Processing /home/airflow/.local/lib/python3.7/site-packages/airflow/example_dags/example_branch_datetime_operator.py took 0.349 seconds
[2022-08-14 07:15:37,634] {processor.py:153} INFO - Started process (PID=2241) to work on /home/airflow/.local/lib/python3.7/site-packages/airflow/example_dags/example_branch_datetime_operator.py
[2022-08-14 07:15:37,636] {processor.py:641} INFO - Processing file /home/airflow/.local/lib/python3.7/site-packages/airflow/example_dags/example_branch_datetime_operator.py for tasks to queue
[2022-08-14 07:15:37,648] {logging_mixin.py:115} INFO - [2022-08-14 07:15:37,648] {dagbag.py:508} INFO - Filling up the DagBag from /home/airflow/.local/lib/python3.7/site-packages/airflow/example_dags/example_branch_datetime_operator.py
[2022-08-14 07:15:37,704] {processor.py:651} INFO - DAG(s) dict_keys(['example_branch_datetime_operator', 'example_branch_datetime_operator_2']) retrieved from /home/airflow/.local/lib/python3.7/site-packages/airflow/example_dags/example_branch_datetime_operator.py
[2022-08-14 07:15:37,828] {logging_mixin.py:115} INFO - [2022-08-14 07:15:37,828] {dag.py:2420} INFO - Sync 2 DAGs
[2022-08-14 07:15:37,884] {logging_mixin.py:115} INFO - [2022-08-14 07:15:37,884] {dag.py:2972} INFO - Setting next_dagrun for example_branch_datetime_operator to 2022-08-13T00:00:00+00:00, run_after=2022-08-14T00:00:00+00:00
[2022-08-14 07:15:37,899] {logging_mixin.py:115} INFO - [2022-08-14 07:15:37,899] {dag.py:2972} INFO - Setting next_dagrun for example_branch_datetime_operator_2 to 2022-08-13T00:00:00+00:00, run_after=2022-08-14T00:00:00+00:00
[2022-08-14 07:15:37,940] {processor.py:161} INFO - Processing /home/airflow/.local/lib/python3.7/site-packages/airflow/example_dags/example_branch_datetime_operator.py took 0.412 seconds
