[2022-08-14 05:58:36,337] {processor.py:153} INFO - Started process (PID=105) to work on /home/airflow/.local/lib/python3.7/site-packages/airflow/example_dags/example_xcom.py
[2022-08-14 05:58:36,349] {processor.py:641} INFO - Processing file /home/airflow/.local/lib/python3.7/site-packages/airflow/example_dags/example_xcom.py for tasks to queue
[2022-08-14 05:58:36,372] {logging_mixin.py:115} INFO - [2022-08-14 05:58:36,355] {dagbag.py:508} INFO - Filling up the DagBag from /home/airflow/.local/lib/python3.7/site-packages/airflow/example_dags/example_xcom.py
[2022-08-14 05:58:36,772] {processor.py:651} INFO - DAG(s) dict_keys(['example_xcom']) retrieved from /home/airflow/.local/lib/python3.7/site-packages/airflow/example_dags/example_xcom.py
[2022-08-14 05:58:39,249] {logging_mixin.py:115} INFO - [2022-08-14 05:58:39,249] {manager.py:508} INFO - Created Permission View: can read on DAG:example_xcom
[2022-08-14 05:58:39,570] {logging_mixin.py:115} INFO - [2022-08-14 05:58:39,570] {manager.py:508} INFO - Created Permission View: can delete on DAG:example_xcom
[2022-08-14 05:58:39,714] {logging_mixin.py:115} INFO - [2022-08-14 05:58:39,713] {manager.py:508} INFO - Created Permission View: can edit on DAG:example_xcom
[2022-08-14 05:58:39,722] {logging_mixin.py:115} INFO - [2022-08-14 05:58:39,720] {dag.py:2420} INFO - Sync 1 DAGs
[2022-08-14 05:58:40,053] {logging_mixin.py:115} INFO - [2022-08-14 05:58:40,053] {dag.py:2439} INFO - Creating ORM DAG for example_xcom
[2022-08-14 05:58:40,376] {logging_mixin.py:115} INFO - [2022-08-14 05:58:40,376] {dag.py:2972} INFO - Setting next_dagrun for example_xcom to 2021-01-01T00:00:00+00:00, run_after=2021-01-01T00:00:00+00:00
[2022-08-14 05:58:40,917] {processor.py:161} INFO - Processing /home/airflow/.local/lib/python3.7/site-packages/airflow/example_dags/example_xcom.py took 4.612 seconds
[2022-08-14 05:59:11,298] {processor.py:153} INFO - Started process (PID=159) to work on /home/airflow/.local/lib/python3.7/site-packages/airflow/example_dags/example_xcom.py
[2022-08-14 05:59:11,300] {processor.py:641} INFO - Processing file /home/airflow/.local/lib/python3.7/site-packages/airflow/example_dags/example_xcom.py for tasks to queue
[2022-08-14 05:59:11,303] {logging_mixin.py:115} INFO - [2022-08-14 05:59:11,302] {dagbag.py:508} INFO - Filling up the DagBag from /home/airflow/.local/lib/python3.7/site-packages/airflow/example_dags/example_xcom.py
[2022-08-14 05:59:11,354] {processor.py:651} INFO - DAG(s) dict_keys(['example_xcom']) retrieved from /home/airflow/.local/lib/python3.7/site-packages/airflow/example_dags/example_xcom.py
[2022-08-14 05:59:11,556] {logging_mixin.py:115} INFO - [2022-08-14 05:59:11,556] {dag.py:2420} INFO - Sync 1 DAGs
[2022-08-14 05:59:11,683] {logging_mixin.py:115} INFO - [2022-08-14 05:59:11,683] {dag.py:2972} INFO - Setting next_dagrun for example_xcom to 2021-01-01T00:00:00+00:00, run_after=2021-01-01T00:00:00+00:00
[2022-08-14 05:59:11,728] {processor.py:161} INFO - Processing /home/airflow/.local/lib/python3.7/site-packages/airflow/example_dags/example_xcom.py took 0.442 seconds
[2022-08-14 05:59:41,902] {processor.py:153} INFO - Started process (PID=210) to work on /home/airflow/.local/lib/python3.7/site-packages/airflow/example_dags/example_xcom.py
[2022-08-14 05:59:41,906] {processor.py:641} INFO - Processing file /home/airflow/.local/lib/python3.7/site-packages/airflow/example_dags/example_xcom.py for tasks to queue
[2022-08-14 05:59:41,916] {logging_mixin.py:115} INFO - [2022-08-14 05:59:41,916] {dagbag.py:508} INFO - Filling up the DagBag from /home/airflow/.local/lib/python3.7/site-packages/airflow/example_dags/example_xcom.py
[2022-08-14 05:59:42,141] {processor.py:651} INFO - DAG(s) dict_keys(['example_xcom']) retrieved from /home/airflow/.local/lib/python3.7/site-packages/airflow/example_dags/example_xcom.py
[2022-08-14 05:59:42,471] {logging_mixin.py:115} INFO - [2022-08-14 05:59:42,470] {dag.py:2420} INFO - Sync 1 DAGs
[2022-08-14 05:59:42,589] {logging_mixin.py:115} INFO - [2022-08-14 05:59:42,588] {dag.py:2972} INFO - Setting next_dagrun for example_xcom to 2021-01-01T00:00:00+00:00, run_after=2021-01-01T00:00:00+00:00
[2022-08-14 05:59:42,691] {processor.py:161} INFO - Processing /home/airflow/.local/lib/python3.7/site-packages/airflow/example_dags/example_xcom.py took 0.847 seconds
[2022-08-14 06:00:13,248] {processor.py:153} INFO - Started process (PID=266) to work on /home/airflow/.local/lib/python3.7/site-packages/airflow/example_dags/example_xcom.py
[2022-08-14 06:00:13,250] {processor.py:641} INFO - Processing file /home/airflow/.local/lib/python3.7/site-packages/airflow/example_dags/example_xcom.py for tasks to queue
[2022-08-14 06:00:13,252] {logging_mixin.py:115} INFO - [2022-08-14 06:00:13,251] {dagbag.py:508} INFO - Filling up the DagBag from /home/airflow/.local/lib/python3.7/site-packages/airflow/example_dags/example_xcom.py
[2022-08-14 06:00:13,289] {processor.py:651} INFO - DAG(s) dict_keys(['example_xcom']) retrieved from /home/airflow/.local/lib/python3.7/site-packages/airflow/example_dags/example_xcom.py
[2022-08-14 06:00:13,454] {logging_mixin.py:115} INFO - [2022-08-14 06:00:13,454] {dag.py:2420} INFO - Sync 1 DAGs
[2022-08-14 06:00:13,541] {logging_mixin.py:115} INFO - [2022-08-14 06:00:13,541] {dag.py:2972} INFO - Setting next_dagrun for example_xcom to 2021-01-01T00:00:00+00:00, run_after=2021-01-01T00:00:00+00:00
[2022-08-14 06:00:13,580] {processor.py:161} INFO - Processing /home/airflow/.local/lib/python3.7/site-packages/airflow/example_dags/example_xcom.py took 0.345 seconds
[2022-08-14 06:00:43,873] {processor.py:153} INFO - Started process (PID=321) to work on /home/airflow/.local/lib/python3.7/site-packages/airflow/example_dags/example_xcom.py
[2022-08-14 06:00:43,875] {processor.py:641} INFO - Processing file /home/airflow/.local/lib/python3.7/site-packages/airflow/example_dags/example_xcom.py for tasks to queue
[2022-08-14 06:00:43,878] {logging_mixin.py:115} INFO - [2022-08-14 06:00:43,878] {dagbag.py:508} INFO - Filling up the DagBag from /home/airflow/.local/lib/python3.7/site-packages/airflow/example_dags/example_xcom.py
[2022-08-14 06:00:43,967] {processor.py:651} INFO - DAG(s) dict_keys(['example_xcom']) retrieved from /home/airflow/.local/lib/python3.7/site-packages/airflow/example_dags/example_xcom.py
[2022-08-14 06:00:44,266] {logging_mixin.py:115} INFO - [2022-08-14 06:00:44,266] {dag.py:2420} INFO - Sync 1 DAGs
[2022-08-14 06:00:44,316] {logging_mixin.py:115} INFO - [2022-08-14 06:00:44,316] {dag.py:2972} INFO - Setting next_dagrun for example_xcom to 2021-01-01T00:00:00+00:00, run_after=2021-01-01T00:00:00+00:00
[2022-08-14 06:00:44,346] {processor.py:161} INFO - Processing /home/airflow/.local/lib/python3.7/site-packages/airflow/example_dags/example_xcom.py took 0.483 seconds
[2022-08-14 06:01:14,787] {processor.py:153} INFO - Started process (PID=373) to work on /home/airflow/.local/lib/python3.7/site-packages/airflow/example_dags/example_xcom.py
[2022-08-14 06:01:14,789] {processor.py:641} INFO - Processing file /home/airflow/.local/lib/python3.7/site-packages/airflow/example_dags/example_xcom.py for tasks to queue
[2022-08-14 06:01:14,793] {logging_mixin.py:115} INFO - [2022-08-14 06:01:14,791] {dagbag.py:508} INFO - Filling up the DagBag from /home/airflow/.local/lib/python3.7/site-packages/airflow/example_dags/example_xcom.py
[2022-08-14 06:01:14,870] {processor.py:651} INFO - DAG(s) dict_keys(['example_xcom']) retrieved from /home/airflow/.local/lib/python3.7/site-packages/airflow/example_dags/example_xcom.py
[2022-08-14 06:01:15,257] {logging_mixin.py:115} INFO - [2022-08-14 06:01:15,257] {dag.py:2420} INFO - Sync 1 DAGs
[2022-08-14 06:01:15,350] {logging_mixin.py:115} INFO - [2022-08-14 06:01:15,350] {dag.py:2972} INFO - Setting next_dagrun for example_xcom to 2021-01-01T00:00:00+00:00, run_after=2021-01-01T00:00:00+00:00
[2022-08-14 06:01:15,411] {processor.py:161} INFO - Processing /home/airflow/.local/lib/python3.7/site-packages/airflow/example_dags/example_xcom.py took 0.640 seconds
[2022-08-14 06:01:45,655] {processor.py:153} INFO - Started process (PID=426) to work on /home/airflow/.local/lib/python3.7/site-packages/airflow/example_dags/example_xcom.py
[2022-08-14 06:01:45,658] {processor.py:641} INFO - Processing file /home/airflow/.local/lib/python3.7/site-packages/airflow/example_dags/example_xcom.py for tasks to queue
[2022-08-14 06:01:45,661] {logging_mixin.py:115} INFO - [2022-08-14 06:01:45,661] {dagbag.py:508} INFO - Filling up the DagBag from /home/airflow/.local/lib/python3.7/site-packages/airflow/example_dags/example_xcom.py
[2022-08-14 06:01:45,702] {processor.py:651} INFO - DAG(s) dict_keys(['example_xcom']) retrieved from /home/airflow/.local/lib/python3.7/site-packages/airflow/example_dags/example_xcom.py
[2022-08-14 06:01:45,847] {logging_mixin.py:115} INFO - [2022-08-14 06:01:45,847] {dag.py:2420} INFO - Sync 1 DAGs
[2022-08-14 06:01:45,916] {logging_mixin.py:115} INFO - [2022-08-14 06:01:45,916] {dag.py:2972} INFO - Setting next_dagrun for example_xcom to 2021-01-01T00:00:00+00:00, run_after=2021-01-01T00:00:00+00:00
[2022-08-14 06:01:45,947] {processor.py:161} INFO - Processing /home/airflow/.local/lib/python3.7/site-packages/airflow/example_dags/example_xcom.py took 0.299 seconds
[2022-08-14 06:02:16,790] {processor.py:153} INFO - Started process (PID=478) to work on /home/airflow/.local/lib/python3.7/site-packages/airflow/example_dags/example_xcom.py
[2022-08-14 06:02:16,799] {processor.py:641} INFO - Processing file /home/airflow/.local/lib/python3.7/site-packages/airflow/example_dags/example_xcom.py for tasks to queue
[2022-08-14 06:02:16,807] {logging_mixin.py:115} INFO - [2022-08-14 06:02:16,806] {dagbag.py:508} INFO - Filling up the DagBag from /home/airflow/.local/lib/python3.7/site-packages/airflow/example_dags/example_xcom.py
[2022-08-14 06:02:16,988] {processor.py:651} INFO - DAG(s) dict_keys(['example_xcom']) retrieved from /home/airflow/.local/lib/python3.7/site-packages/airflow/example_dags/example_xcom.py
[2022-08-14 06:02:17,581] {logging_mixin.py:115} INFO - [2022-08-14 06:02:17,581] {dag.py:2420} INFO - Sync 1 DAGs
[2022-08-14 06:02:17,681] {logging_mixin.py:115} INFO - [2022-08-14 06:02:17,680] {dag.py:2972} INFO - Setting next_dagrun for example_xcom to 2021-01-01T00:00:00+00:00, run_after=2021-01-01T00:00:00+00:00
[2022-08-14 06:02:17,813] {processor.py:161} INFO - Processing /home/airflow/.local/lib/python3.7/site-packages/airflow/example_dags/example_xcom.py took 1.032 seconds
[2022-08-14 06:02:58,956] {processor.py:153} INFO - Started process (PID=532) to work on /home/airflow/.local/lib/python3.7/site-packages/airflow/example_dags/example_xcom.py
[2022-08-14 06:02:58,988] {processor.py:641} INFO - Processing file /home/airflow/.local/lib/python3.7/site-packages/airflow/example_dags/example_xcom.py for tasks to queue
[2022-08-14 06:02:59,007] {logging_mixin.py:115} INFO - [2022-08-14 06:02:59,007] {dagbag.py:508} INFO - Filling up the DagBag from /home/airflow/.local/lib/python3.7/site-packages/airflow/example_dags/example_xcom.py
[2022-08-14 06:02:59,548] {processor.py:651} INFO - DAG(s) dict_keys(['example_xcom']) retrieved from /home/airflow/.local/lib/python3.7/site-packages/airflow/example_dags/example_xcom.py
[2022-08-14 06:03:01,233] {logging_mixin.py:115} INFO - [2022-08-14 06:03:01,233] {dag.py:2420} INFO - Sync 1 DAGs
[2022-08-14 06:03:02,278] {logging_mixin.py:115} INFO - [2022-08-14 06:03:02,277] {dag.py:2972} INFO - Setting next_dagrun for example_xcom to 2021-01-01T00:00:00+00:00, run_after=2021-01-01T00:00:00+00:00
[2022-08-14 06:03:02,668] {processor.py:161} INFO - Processing /home/airflow/.local/lib/python3.7/site-packages/airflow/example_dags/example_xcom.py took 3.764 seconds
[2022-08-14 06:04:05,193] {processor.py:153} INFO - Started process (PID=601) to work on /home/airflow/.local/lib/python3.7/site-packages/airflow/example_dags/example_xcom.py
[2022-08-14 06:04:05,211] {processor.py:641} INFO - Processing file /home/airflow/.local/lib/python3.7/site-packages/airflow/example_dags/example_xcom.py for tasks to queue
[2022-08-14 06:04:05,317] {logging_mixin.py:115} INFO - [2022-08-14 06:04:05,230] {dagbag.py:508} INFO - Filling up the DagBag from /home/airflow/.local/lib/python3.7/site-packages/airflow/example_dags/example_xcom.py
[2022-08-14 06:04:06,075] {processor.py:651} INFO - DAG(s) dict_keys(['example_xcom']) retrieved from /home/airflow/.local/lib/python3.7/site-packages/airflow/example_dags/example_xcom.py
[2022-08-14 06:04:06,645] {logging_mixin.py:115} INFO - [2022-08-14 06:04:06,645] {dag.py:2420} INFO - Sync 1 DAGs
[2022-08-14 06:04:07,588] {logging_mixin.py:115} INFO - [2022-08-14 06:04:07,588] {dag.py:2972} INFO - Setting next_dagrun for example_xcom to 2021-01-01T00:00:00+00:00, run_after=2021-01-01T00:00:00+00:00
[2022-08-14 06:04:07,919] {processor.py:161} INFO - Processing /home/airflow/.local/lib/python3.7/site-packages/airflow/example_dags/example_xcom.py took 2.810 seconds
[2022-08-14 06:04:45,020] {processor.py:153} INFO - Started process (PID=653) to work on /home/airflow/.local/lib/python3.7/site-packages/airflow/example_dags/example_xcom.py
[2022-08-14 06:04:45,022] {processor.py:641} INFO - Processing file /home/airflow/.local/lib/python3.7/site-packages/airflow/example_dags/example_xcom.py for tasks to queue
[2022-08-14 06:04:45,026] {logging_mixin.py:115} INFO - [2022-08-14 06:04:45,026] {dagbag.py:508} INFO - Filling up the DagBag from /home/airflow/.local/lib/python3.7/site-packages/airflow/example_dags/example_xcom.py
[2022-08-14 06:04:45,095] {processor.py:651} INFO - DAG(s) dict_keys(['example_xcom']) retrieved from /home/airflow/.local/lib/python3.7/site-packages/airflow/example_dags/example_xcom.py
[2022-08-14 06:04:45,487] {logging_mixin.py:115} INFO - [2022-08-14 06:04:45,487] {dag.py:2420} INFO - Sync 1 DAGs
[2022-08-14 06:04:45,583] {logging_mixin.py:115} INFO - [2022-08-14 06:04:45,583] {dag.py:2972} INFO - Setting next_dagrun for example_xcom to 2021-01-01T00:00:00+00:00, run_after=2021-01-01T00:00:00+00:00
[2022-08-14 06:04:45,636] {processor.py:161} INFO - Processing /home/airflow/.local/lib/python3.7/site-packages/airflow/example_dags/example_xcom.py took 0.638 seconds
[2022-08-14 06:05:21,715] {processor.py:153} INFO - Started process (PID=719) to work on /home/airflow/.local/lib/python3.7/site-packages/airflow/example_dags/example_xcom.py
[2022-08-14 06:05:21,719] {processor.py:641} INFO - Processing file /home/airflow/.local/lib/python3.7/site-packages/airflow/example_dags/example_xcom.py for tasks to queue
[2022-08-14 06:05:21,725] {logging_mixin.py:115} INFO - [2022-08-14 06:05:21,724] {dagbag.py:508} INFO - Filling up the DagBag from /home/airflow/.local/lib/python3.7/site-packages/airflow/example_dags/example_xcom.py
[2022-08-14 06:05:21,804] {processor.py:651} INFO - DAG(s) dict_keys(['example_xcom']) retrieved from /home/airflow/.local/lib/python3.7/site-packages/airflow/example_dags/example_xcom.py
[2022-08-14 06:05:22,034] {logging_mixin.py:115} INFO - [2022-08-14 06:05:22,029] {dag.py:2420} INFO - Sync 1 DAGs
[2022-08-14 06:05:22,173] {logging_mixin.py:115} INFO - [2022-08-14 06:05:22,173] {dag.py:2972} INFO - Setting next_dagrun for example_xcom to 2021-01-01T00:00:00+00:00, run_after=2021-01-01T00:00:00+00:00
[2022-08-14 06:05:22,233] {processor.py:161} INFO - Processing /home/airflow/.local/lib/python3.7/site-packages/airflow/example_dags/example_xcom.py took 0.530 seconds
[2022-08-14 06:05:52,589] {processor.py:153} INFO - Started process (PID=774) to work on /home/airflow/.local/lib/python3.7/site-packages/airflow/example_dags/example_xcom.py
[2022-08-14 06:05:52,610] {processor.py:641} INFO - Processing file /home/airflow/.local/lib/python3.7/site-packages/airflow/example_dags/example_xcom.py for tasks to queue
[2022-08-14 06:05:52,686] {logging_mixin.py:115} INFO - [2022-08-14 06:05:52,686] {dagbag.py:508} INFO - Filling up the DagBag from /home/airflow/.local/lib/python3.7/site-packages/airflow/example_dags/example_xcom.py
[2022-08-14 06:05:52,793] {processor.py:651} INFO - DAG(s) dict_keys(['example_xcom']) retrieved from /home/airflow/.local/lib/python3.7/site-packages/airflow/example_dags/example_xcom.py
[2022-08-14 06:05:52,942] {logging_mixin.py:115} INFO - [2022-08-14 06:05:52,942] {dag.py:2420} INFO - Sync 1 DAGs
[2022-08-14 06:05:52,986] {logging_mixin.py:115} INFO - [2022-08-14 06:05:52,986] {dag.py:2972} INFO - Setting next_dagrun for example_xcom to 2021-01-01T00:00:00+00:00, run_after=2021-01-01T00:00:00+00:00
[2022-08-14 06:05:53,012] {processor.py:161} INFO - Processing /home/airflow/.local/lib/python3.7/site-packages/airflow/example_dags/example_xcom.py took 0.481 seconds
[2022-08-14 06:06:23,354] {processor.py:153} INFO - Started process (PID=826) to work on /home/airflow/.local/lib/python3.7/site-packages/airflow/example_dags/example_xcom.py
[2022-08-14 06:06:23,355] {processor.py:641} INFO - Processing file /home/airflow/.local/lib/python3.7/site-packages/airflow/example_dags/example_xcom.py for tasks to queue
[2022-08-14 06:06:23,357] {logging_mixin.py:115} INFO - [2022-08-14 06:06:23,357] {dagbag.py:508} INFO - Filling up the DagBag from /home/airflow/.local/lib/python3.7/site-packages/airflow/example_dags/example_xcom.py
[2022-08-14 06:06:23,397] {processor.py:651} INFO - DAG(s) dict_keys(['example_xcom']) retrieved from /home/airflow/.local/lib/python3.7/site-packages/airflow/example_dags/example_xcom.py
[2022-08-14 06:06:23,556] {logging_mixin.py:115} INFO - [2022-08-14 06:06:23,555] {dag.py:2420} INFO - Sync 1 DAGs
[2022-08-14 06:06:23,616] {logging_mixin.py:115} INFO - [2022-08-14 06:06:23,615] {dag.py:2972} INFO - Setting next_dagrun for example_xcom to 2021-01-01T00:00:00+00:00, run_after=2021-01-01T00:00:00+00:00
[2022-08-14 06:06:23,648] {processor.py:161} INFO - Processing /home/airflow/.local/lib/python3.7/site-packages/airflow/example_dags/example_xcom.py took 0.304 seconds
[2022-08-14 06:06:54,776] {processor.py:153} INFO - Started process (PID=879) to work on /home/airflow/.local/lib/python3.7/site-packages/airflow/example_dags/example_xcom.py
[2022-08-14 06:06:54,783] {processor.py:641} INFO - Processing file /home/airflow/.local/lib/python3.7/site-packages/airflow/example_dags/example_xcom.py for tasks to queue
[2022-08-14 06:06:54,789] {logging_mixin.py:115} INFO - [2022-08-14 06:06:54,789] {dagbag.py:508} INFO - Filling up the DagBag from /home/airflow/.local/lib/python3.7/site-packages/airflow/example_dags/example_xcom.py
[2022-08-14 06:06:55,024] {processor.py:651} INFO - DAG(s) dict_keys(['example_xcom']) retrieved from /home/airflow/.local/lib/python3.7/site-packages/airflow/example_dags/example_xcom.py
[2022-08-14 06:06:55,620] {logging_mixin.py:115} INFO - [2022-08-14 06:06:55,620] {dag.py:2420} INFO - Sync 1 DAGs
[2022-08-14 06:06:55,766] {logging_mixin.py:115} INFO - [2022-08-14 06:06:55,766] {dag.py:2972} INFO - Setting next_dagrun for example_xcom to 2021-01-01T00:00:00+00:00, run_after=2021-01-01T00:00:00+00:00
[2022-08-14 06:06:55,834] {processor.py:161} INFO - Processing /home/airflow/.local/lib/python3.7/site-packages/airflow/example_dags/example_xcom.py took 1.075 seconds
[2022-08-14 06:07:26,428] {processor.py:153} INFO - Started process (PID=931) to work on /home/airflow/.local/lib/python3.7/site-packages/airflow/example_dags/example_xcom.py
[2022-08-14 06:07:26,430] {processor.py:641} INFO - Processing file /home/airflow/.local/lib/python3.7/site-packages/airflow/example_dags/example_xcom.py for tasks to queue
[2022-08-14 06:07:26,432] {logging_mixin.py:115} INFO - [2022-08-14 06:07:26,432] {dagbag.py:508} INFO - Filling up the DagBag from /home/airflow/.local/lib/python3.7/site-packages/airflow/example_dags/example_xcom.py
[2022-08-14 06:07:26,634] {processor.py:651} INFO - DAG(s) dict_keys(['example_xcom']) retrieved from /home/airflow/.local/lib/python3.7/site-packages/airflow/example_dags/example_xcom.py
[2022-08-14 06:07:26,943] {logging_mixin.py:115} INFO - [2022-08-14 06:07:26,942] {dag.py:2420} INFO - Sync 1 DAGs
[2022-08-14 06:07:27,121] {logging_mixin.py:115} INFO - [2022-08-14 06:07:27,120] {dag.py:2972} INFO - Setting next_dagrun for example_xcom to 2021-01-01T00:00:00+00:00, run_after=2021-01-01T00:00:00+00:00
[2022-08-14 06:07:27,213] {processor.py:161} INFO - Processing /home/airflow/.local/lib/python3.7/site-packages/airflow/example_dags/example_xcom.py took 0.796 seconds
[2022-08-14 06:07:57,775] {processor.py:153} INFO - Started process (PID=984) to work on /home/airflow/.local/lib/python3.7/site-packages/airflow/example_dags/example_xcom.py
[2022-08-14 06:07:57,777] {processor.py:641} INFO - Processing file /home/airflow/.local/lib/python3.7/site-packages/airflow/example_dags/example_xcom.py for tasks to queue
[2022-08-14 06:07:57,781] {logging_mixin.py:115} INFO - [2022-08-14 06:07:57,781] {dagbag.py:508} INFO - Filling up the DagBag from /home/airflow/.local/lib/python3.7/site-packages/airflow/example_dags/example_xcom.py
[2022-08-14 06:07:57,826] {processor.py:651} INFO - DAG(s) dict_keys(['example_xcom']) retrieved from /home/airflow/.local/lib/python3.7/site-packages/airflow/example_dags/example_xcom.py
[2022-08-14 06:07:57,948] {logging_mixin.py:115} INFO - [2022-08-14 06:07:57,948] {dag.py:2420} INFO - Sync 1 DAGs
[2022-08-14 06:07:57,990] {logging_mixin.py:115} INFO - [2022-08-14 06:07:57,989] {dag.py:2972} INFO - Setting next_dagrun for example_xcom to 2021-01-01T00:00:00+00:00, run_after=2021-01-01T00:00:00+00:00
[2022-08-14 06:07:58,022] {processor.py:161} INFO - Processing /home/airflow/.local/lib/python3.7/site-packages/airflow/example_dags/example_xcom.py took 0.254 seconds
[2022-08-14 06:08:29,279] {processor.py:153} INFO - Started process (PID=1037) to work on /home/airflow/.local/lib/python3.7/site-packages/airflow/example_dags/example_xcom.py
[2022-08-14 06:08:29,285] {processor.py:641} INFO - Processing file /home/airflow/.local/lib/python3.7/site-packages/airflow/example_dags/example_xcom.py for tasks to queue
[2022-08-14 06:08:29,287] {logging_mixin.py:115} INFO - [2022-08-14 06:08:29,287] {dagbag.py:508} INFO - Filling up the DagBag from /home/airflow/.local/lib/python3.7/site-packages/airflow/example_dags/example_xcom.py
[2022-08-14 06:08:29,362] {processor.py:651} INFO - DAG(s) dict_keys(['example_xcom']) retrieved from /home/airflow/.local/lib/python3.7/site-packages/airflow/example_dags/example_xcom.py
[2022-08-14 06:08:29,634] {logging_mixin.py:115} INFO - [2022-08-14 06:08:29,634] {dag.py:2420} INFO - Sync 1 DAGs
[2022-08-14 06:08:29,739] {logging_mixin.py:115} INFO - [2022-08-14 06:08:29,739] {dag.py:2972} INFO - Setting next_dagrun for example_xcom to 2021-01-01T00:00:00+00:00, run_after=2021-01-01T00:00:00+00:00
[2022-08-14 06:08:29,810] {processor.py:161} INFO - Processing /home/airflow/.local/lib/python3.7/site-packages/airflow/example_dags/example_xcom.py took 0.539 seconds
[2022-08-14 06:08:59,937] {processor.py:153} INFO - Started process (PID=1094) to work on /home/airflow/.local/lib/python3.7/site-packages/airflow/example_dags/example_xcom.py
[2022-08-14 06:08:59,939] {processor.py:641} INFO - Processing file /home/airflow/.local/lib/python3.7/site-packages/airflow/example_dags/example_xcom.py for tasks to queue
[2022-08-14 06:08:59,941] {logging_mixin.py:115} INFO - [2022-08-14 06:08:59,940] {dagbag.py:508} INFO - Filling up the DagBag from /home/airflow/.local/lib/python3.7/site-packages/airflow/example_dags/example_xcom.py
[2022-08-14 06:08:59,983] {processor.py:651} INFO - DAG(s) dict_keys(['example_xcom']) retrieved from /home/airflow/.local/lib/python3.7/site-packages/airflow/example_dags/example_xcom.py
[2022-08-14 06:09:00,194] {logging_mixin.py:115} INFO - [2022-08-14 06:09:00,194] {dag.py:2420} INFO - Sync 1 DAGs
[2022-08-14 06:09:00,254] {logging_mixin.py:115} INFO - [2022-08-14 06:09:00,253] {dag.py:2972} INFO - Setting next_dagrun for example_xcom to 2021-01-01T00:00:00+00:00, run_after=2021-01-01T00:00:00+00:00
[2022-08-14 06:09:00,282] {processor.py:161} INFO - Processing /home/airflow/.local/lib/python3.7/site-packages/airflow/example_dags/example_xcom.py took 0.353 seconds
[2022-08-14 06:09:30,554] {processor.py:153} INFO - Started process (PID=1147) to work on /home/airflow/.local/lib/python3.7/site-packages/airflow/example_dags/example_xcom.py
[2022-08-14 06:09:30,564] {processor.py:641} INFO - Processing file /home/airflow/.local/lib/python3.7/site-packages/airflow/example_dags/example_xcom.py for tasks to queue
[2022-08-14 06:09:30,573] {logging_mixin.py:115} INFO - [2022-08-14 06:09:30,572] {dagbag.py:508} INFO - Filling up the DagBag from /home/airflow/.local/lib/python3.7/site-packages/airflow/example_dags/example_xcom.py
[2022-08-14 06:09:30,637] {processor.py:651} INFO - DAG(s) dict_keys(['example_xcom']) retrieved from /home/airflow/.local/lib/python3.7/site-packages/airflow/example_dags/example_xcom.py
[2022-08-14 06:09:30,972] {logging_mixin.py:115} INFO - [2022-08-14 06:09:30,972] {dag.py:2420} INFO - Sync 1 DAGs
[2022-08-14 06:09:31,016] {logging_mixin.py:115} INFO - [2022-08-14 06:09:31,016] {dag.py:2972} INFO - Setting next_dagrun for example_xcom to 2021-01-01T00:00:00+00:00, run_after=2021-01-01T00:00:00+00:00
[2022-08-14 06:09:31,062] {processor.py:161} INFO - Processing /home/airflow/.local/lib/python3.7/site-packages/airflow/example_dags/example_xcom.py took 0.515 seconds
[2022-08-14 06:10:01,699] {processor.py:153} INFO - Started process (PID=1210) to work on /home/airflow/.local/lib/python3.7/site-packages/airflow/example_dags/example_xcom.py
[2022-08-14 06:10:01,702] {processor.py:641} INFO - Processing file /home/airflow/.local/lib/python3.7/site-packages/airflow/example_dags/example_xcom.py for tasks to queue
[2022-08-14 06:10:01,706] {logging_mixin.py:115} INFO - [2022-08-14 06:10:01,706] {dagbag.py:508} INFO - Filling up the DagBag from /home/airflow/.local/lib/python3.7/site-packages/airflow/example_dags/example_xcom.py
[2022-08-14 06:10:01,820] {processor.py:651} INFO - DAG(s) dict_keys(['example_xcom']) retrieved from /home/airflow/.local/lib/python3.7/site-packages/airflow/example_dags/example_xcom.py
[2022-08-14 06:10:02,031] {logging_mixin.py:115} INFO - [2022-08-14 06:10:02,031] {dag.py:2420} INFO - Sync 1 DAGs
[2022-08-14 06:10:02,074] {logging_mixin.py:115} INFO - [2022-08-14 06:10:02,074] {dag.py:2972} INFO - Setting next_dagrun for example_xcom to 2021-01-01T00:00:00+00:00, run_after=2021-01-01T00:00:00+00:00
[2022-08-14 06:10:02,166] {processor.py:161} INFO - Processing /home/airflow/.local/lib/python3.7/site-packages/airflow/example_dags/example_xcom.py took 0.480 seconds
[2022-08-14 06:10:32,303] {processor.py:153} INFO - Started process (PID=1264) to work on /home/airflow/.local/lib/python3.7/site-packages/airflow/example_dags/example_xcom.py
[2022-08-14 06:10:32,306] {processor.py:641} INFO - Processing file /home/airflow/.local/lib/python3.7/site-packages/airflow/example_dags/example_xcom.py for tasks to queue
[2022-08-14 06:10:32,308] {logging_mixin.py:115} INFO - [2022-08-14 06:10:32,308] {dagbag.py:508} INFO - Filling up the DagBag from /home/airflow/.local/lib/python3.7/site-packages/airflow/example_dags/example_xcom.py
[2022-08-14 06:10:32,377] {processor.py:651} INFO - DAG(s) dict_keys(['example_xcom']) retrieved from /home/airflow/.local/lib/python3.7/site-packages/airflow/example_dags/example_xcom.py
[2022-08-14 06:10:32,434] {logging_mixin.py:115} INFO - [2022-08-14 06:10:32,434] {dag.py:2420} INFO - Sync 1 DAGs
[2022-08-14 06:10:32,475] {logging_mixin.py:115} INFO - [2022-08-14 06:10:32,475] {dag.py:2972} INFO - Setting next_dagrun for example_xcom to 2021-01-01T00:00:00+00:00, run_after=2021-01-01T00:00:00+00:00
[2022-08-14 06:10:32,499] {processor.py:161} INFO - Processing /home/airflow/.local/lib/python3.7/site-packages/airflow/example_dags/example_xcom.py took 0.205 seconds
[2022-08-14 06:11:04,896] {processor.py:153} INFO - Started process (PID=1326) to work on /home/airflow/.local/lib/python3.7/site-packages/airflow/example_dags/example_xcom.py
[2022-08-14 06:11:04,901] {processor.py:641} INFO - Processing file /home/airflow/.local/lib/python3.7/site-packages/airflow/example_dags/example_xcom.py for tasks to queue
[2022-08-14 06:11:04,904] {logging_mixin.py:115} INFO - [2022-08-14 06:11:04,904] {dagbag.py:508} INFO - Filling up the DagBag from /home/airflow/.local/lib/python3.7/site-packages/airflow/example_dags/example_xcom.py
[2022-08-14 06:11:05,102] {processor.py:651} INFO - DAG(s) dict_keys(['example_xcom']) retrieved from /home/airflow/.local/lib/python3.7/site-packages/airflow/example_dags/example_xcom.py
[2022-08-14 06:11:05,325] {logging_mixin.py:115} INFO - [2022-08-14 06:11:05,323] {dag.py:2420} INFO - Sync 1 DAGs
[2022-08-14 06:11:05,532] {logging_mixin.py:115} INFO - [2022-08-14 06:11:05,532] {dag.py:2972} INFO - Setting next_dagrun for example_xcom to 2021-01-01T00:00:00+00:00, run_after=2021-01-01T00:00:00+00:00
[2022-08-14 06:11:05,631] {processor.py:161} INFO - Processing /home/airflow/.local/lib/python3.7/site-packages/airflow/example_dags/example_xcom.py took 0.767 seconds
[2022-08-14 06:11:35,966] {processor.py:153} INFO - Started process (PID=1383) to work on /home/airflow/.local/lib/python3.7/site-packages/airflow/example_dags/example_xcom.py
[2022-08-14 06:11:35,968] {processor.py:641} INFO - Processing file /home/airflow/.local/lib/python3.7/site-packages/airflow/example_dags/example_xcom.py for tasks to queue
[2022-08-14 06:11:35,970] {logging_mixin.py:115} INFO - [2022-08-14 06:11:35,969] {dagbag.py:508} INFO - Filling up the DagBag from /home/airflow/.local/lib/python3.7/site-packages/airflow/example_dags/example_xcom.py
[2022-08-14 06:11:36,041] {processor.py:651} INFO - DAG(s) dict_keys(['example_xcom']) retrieved from /home/airflow/.local/lib/python3.7/site-packages/airflow/example_dags/example_xcom.py
[2022-08-14 06:11:36,137] {logging_mixin.py:115} INFO - [2022-08-14 06:11:36,136] {dag.py:2420} INFO - Sync 1 DAGs
[2022-08-14 06:11:36,245] {logging_mixin.py:115} INFO - [2022-08-14 06:11:36,245] {dag.py:2972} INFO - Setting next_dagrun for example_xcom to 2021-01-01T00:00:00+00:00, run_after=2021-01-01T00:00:00+00:00
[2022-08-14 06:11:36,288] {processor.py:161} INFO - Processing /home/airflow/.local/lib/python3.7/site-packages/airflow/example_dags/example_xcom.py took 0.332 seconds
[2022-08-14 06:12:06,467] {processor.py:153} INFO - Started process (PID=1439) to work on /home/airflow/.local/lib/python3.7/site-packages/airflow/example_dags/example_xcom.py
[2022-08-14 06:12:06,469] {processor.py:641} INFO - Processing file /home/airflow/.local/lib/python3.7/site-packages/airflow/example_dags/example_xcom.py for tasks to queue
[2022-08-14 06:12:06,471] {logging_mixin.py:115} INFO - [2022-08-14 06:12:06,471] {dagbag.py:508} INFO - Filling up the DagBag from /home/airflow/.local/lib/python3.7/site-packages/airflow/example_dags/example_xcom.py
[2022-08-14 06:12:06,513] {processor.py:651} INFO - DAG(s) dict_keys(['example_xcom']) retrieved from /home/airflow/.local/lib/python3.7/site-packages/airflow/example_dags/example_xcom.py
[2022-08-14 06:12:06,648] {logging_mixin.py:115} INFO - [2022-08-14 06:12:06,648] {dag.py:2420} INFO - Sync 1 DAGs
[2022-08-14 06:12:06,707] {logging_mixin.py:115} INFO - [2022-08-14 06:12:06,706] {dag.py:2972} INFO - Setting next_dagrun for example_xcom to 2021-01-01T00:00:00+00:00, run_after=2021-01-01T00:00:00+00:00
[2022-08-14 06:12:06,734] {processor.py:161} INFO - Processing /home/airflow/.local/lib/python3.7/site-packages/airflow/example_dags/example_xcom.py took 0.275 seconds
[2022-08-14 06:12:38,440] {processor.py:153} INFO - Started process (PID=1503) to work on /home/airflow/.local/lib/python3.7/site-packages/airflow/example_dags/example_xcom.py
[2022-08-14 06:12:38,444] {processor.py:641} INFO - Processing file /home/airflow/.local/lib/python3.7/site-packages/airflow/example_dags/example_xcom.py for tasks to queue
[2022-08-14 06:12:38,448] {logging_mixin.py:115} INFO - [2022-08-14 06:12:38,448] {dagbag.py:508} INFO - Filling up the DagBag from /home/airflow/.local/lib/python3.7/site-packages/airflow/example_dags/example_xcom.py
[2022-08-14 06:12:38,539] {processor.py:651} INFO - DAG(s) dict_keys(['example_xcom']) retrieved from /home/airflow/.local/lib/python3.7/site-packages/airflow/example_dags/example_xcom.py
[2022-08-14 06:12:38,723] {logging_mixin.py:115} INFO - [2022-08-14 06:12:38,723] {dag.py:2420} INFO - Sync 1 DAGs
[2022-08-14 06:12:38,769] {logging_mixin.py:115} INFO - [2022-08-14 06:12:38,769] {dag.py:2972} INFO - Setting next_dagrun for example_xcom to 2021-01-01T00:00:00+00:00, run_after=2021-01-01T00:00:00+00:00
[2022-08-14 06:12:38,816] {processor.py:161} INFO - Processing /home/airflow/.local/lib/python3.7/site-packages/airflow/example_dags/example_xcom.py took 0.385 seconds
[2022-08-14 06:13:08,966] {processor.py:153} INFO - Started process (PID=1557) to work on /home/airflow/.local/lib/python3.7/site-packages/airflow/example_dags/example_xcom.py
[2022-08-14 06:13:08,968] {processor.py:641} INFO - Processing file /home/airflow/.local/lib/python3.7/site-packages/airflow/example_dags/example_xcom.py for tasks to queue
[2022-08-14 06:13:08,971] {logging_mixin.py:115} INFO - [2022-08-14 06:13:08,970] {dagbag.py:508} INFO - Filling up the DagBag from /home/airflow/.local/lib/python3.7/site-packages/airflow/example_dags/example_xcom.py
[2022-08-14 06:13:09,012] {processor.py:651} INFO - DAG(s) dict_keys(['example_xcom']) retrieved from /home/airflow/.local/lib/python3.7/site-packages/airflow/example_dags/example_xcom.py
[2022-08-14 06:13:09,190] {logging_mixin.py:115} INFO - [2022-08-14 06:13:09,190] {dag.py:2420} INFO - Sync 1 DAGs
[2022-08-14 06:13:09,243] {logging_mixin.py:115} INFO - [2022-08-14 06:13:09,242] {dag.py:2972} INFO - Setting next_dagrun for example_xcom to 2021-01-01T00:00:00+00:00, run_after=2021-01-01T00:00:00+00:00
[2022-08-14 06:13:09,277] {processor.py:161} INFO - Processing /home/airflow/.local/lib/python3.7/site-packages/airflow/example_dags/example_xcom.py took 0.327 seconds
[2022-08-14 06:13:39,624] {processor.py:153} INFO - Started process (PID=1612) to work on /home/airflow/.local/lib/python3.7/site-packages/airflow/example_dags/example_xcom.py
[2022-08-14 06:13:39,627] {processor.py:641} INFO - Processing file /home/airflow/.local/lib/python3.7/site-packages/airflow/example_dags/example_xcom.py for tasks to queue
[2022-08-14 06:13:39,630] {logging_mixin.py:115} INFO - [2022-08-14 06:13:39,630] {dagbag.py:508} INFO - Filling up the DagBag from /home/airflow/.local/lib/python3.7/site-packages/airflow/example_dags/example_xcom.py
[2022-08-14 06:13:39,668] {processor.py:651} INFO - DAG(s) dict_keys(['example_xcom']) retrieved from /home/airflow/.local/lib/python3.7/site-packages/airflow/example_dags/example_xcom.py
[2022-08-14 06:13:39,774] {logging_mixin.py:115} INFO - [2022-08-14 06:13:39,774] {dag.py:2420} INFO - Sync 1 DAGs
[2022-08-14 06:13:39,805] {logging_mixin.py:115} INFO - [2022-08-14 06:13:39,805] {dag.py:2972} INFO - Setting next_dagrun for example_xcom to 2021-01-01T00:00:00+00:00, run_after=2021-01-01T00:00:00+00:00
[2022-08-14 06:13:39,831] {processor.py:161} INFO - Processing /home/airflow/.local/lib/python3.7/site-packages/airflow/example_dags/example_xcom.py took 0.215 seconds
[2022-08-14 06:14:10,699] {processor.py:153} INFO - Started process (PID=1667) to work on /home/airflow/.local/lib/python3.7/site-packages/airflow/example_dags/example_xcom.py
[2022-08-14 06:14:10,701] {processor.py:641} INFO - Processing file /home/airflow/.local/lib/python3.7/site-packages/airflow/example_dags/example_xcom.py for tasks to queue
[2022-08-14 06:14:10,703] {logging_mixin.py:115} INFO - [2022-08-14 06:14:10,703] {dagbag.py:508} INFO - Filling up the DagBag from /home/airflow/.local/lib/python3.7/site-packages/airflow/example_dags/example_xcom.py
[2022-08-14 06:14:10,813] {processor.py:651} INFO - DAG(s) dict_keys(['example_xcom']) retrieved from /home/airflow/.local/lib/python3.7/site-packages/airflow/example_dags/example_xcom.py
[2022-08-14 06:14:11,171] {logging_mixin.py:115} INFO - [2022-08-14 06:14:11,170] {dag.py:2420} INFO - Sync 1 DAGs
[2022-08-14 06:14:11,313] {logging_mixin.py:115} INFO - [2022-08-14 06:14:11,310] {dag.py:2972} INFO - Setting next_dagrun for example_xcom to 2021-01-01T00:00:00+00:00, run_after=2021-01-01T00:00:00+00:00
[2022-08-14 06:14:11,364] {processor.py:161} INFO - Processing /home/airflow/.local/lib/python3.7/site-packages/airflow/example_dags/example_xcom.py took 0.679 seconds
[2022-08-14 06:14:42,920] {processor.py:153} INFO - Started process (PID=1729) to work on /home/airflow/.local/lib/python3.7/site-packages/airflow/example_dags/example_xcom.py
[2022-08-14 06:14:42,933] {processor.py:641} INFO - Processing file /home/airflow/.local/lib/python3.7/site-packages/airflow/example_dags/example_xcom.py for tasks to queue
[2022-08-14 06:14:42,939] {logging_mixin.py:115} INFO - [2022-08-14 06:14:42,939] {dagbag.py:508} INFO - Filling up the DagBag from /home/airflow/.local/lib/python3.7/site-packages/airflow/example_dags/example_xcom.py
[2022-08-14 06:14:43,158] {processor.py:651} INFO - DAG(s) dict_keys(['example_xcom']) retrieved from /home/airflow/.local/lib/python3.7/site-packages/airflow/example_dags/example_xcom.py
[2022-08-14 06:14:43,434] {logging_mixin.py:115} INFO - [2022-08-14 06:14:43,434] {dag.py:2420} INFO - Sync 1 DAGs
[2022-08-14 06:14:43,645] {logging_mixin.py:115} INFO - [2022-08-14 06:14:43,641] {dag.py:2972} INFO - Setting next_dagrun for example_xcom to 2021-01-01T00:00:00+00:00, run_after=2021-01-01T00:00:00+00:00
[2022-08-14 06:14:43,756] {processor.py:161} INFO - Processing /home/airflow/.local/lib/python3.7/site-packages/airflow/example_dags/example_xcom.py took 0.916 seconds
[2022-08-14 06:15:14,438] {processor.py:153} INFO - Started process (PID=1784) to work on /home/airflow/.local/lib/python3.7/site-packages/airflow/example_dags/example_xcom.py
[2022-08-14 06:15:14,446] {processor.py:641} INFO - Processing file /home/airflow/.local/lib/python3.7/site-packages/airflow/example_dags/example_xcom.py for tasks to queue
[2022-08-14 06:15:14,448] {logging_mixin.py:115} INFO - [2022-08-14 06:15:14,448] {dagbag.py:508} INFO - Filling up the DagBag from /home/airflow/.local/lib/python3.7/site-packages/airflow/example_dags/example_xcom.py
[2022-08-14 06:15:14,487] {processor.py:651} INFO - DAG(s) dict_keys(['example_xcom']) retrieved from /home/airflow/.local/lib/python3.7/site-packages/airflow/example_dags/example_xcom.py
[2022-08-14 06:15:14,613] {logging_mixin.py:115} INFO - [2022-08-14 06:15:14,613] {dag.py:2420} INFO - Sync 1 DAGs
[2022-08-14 06:15:14,666] {logging_mixin.py:115} INFO - [2022-08-14 06:15:14,665] {dag.py:2972} INFO - Setting next_dagrun for example_xcom to 2021-01-01T00:00:00+00:00, run_after=2021-01-01T00:00:00+00:00
[2022-08-14 06:15:14,700] {processor.py:161} INFO - Processing /home/airflow/.local/lib/python3.7/site-packages/airflow/example_dags/example_xcom.py took 0.268 seconds
[2022-08-14 06:15:45,094] {processor.py:153} INFO - Started process (PID=1838) to work on /home/airflow/.local/lib/python3.7/site-packages/airflow/example_dags/example_xcom.py
[2022-08-14 06:15:45,098] {processor.py:641} INFO - Processing file /home/airflow/.local/lib/python3.7/site-packages/airflow/example_dags/example_xcom.py for tasks to queue
[2022-08-14 06:15:45,102] {logging_mixin.py:115} INFO - [2022-08-14 06:15:45,101] {dagbag.py:508} INFO - Filling up the DagBag from /home/airflow/.local/lib/python3.7/site-packages/airflow/example_dags/example_xcom.py
[2022-08-14 06:15:45,239] {processor.py:651} INFO - DAG(s) dict_keys(['example_xcom']) retrieved from /home/airflow/.local/lib/python3.7/site-packages/airflow/example_dags/example_xcom.py
[2022-08-14 06:15:45,549] {logging_mixin.py:115} INFO - [2022-08-14 06:15:45,545] {dag.py:2420} INFO - Sync 1 DAGs
[2022-08-14 06:15:45,687] {logging_mixin.py:115} INFO - [2022-08-14 06:15:45,687] {dag.py:2972} INFO - Setting next_dagrun for example_xcom to 2021-01-01T00:00:00+00:00, run_after=2021-01-01T00:00:00+00:00
[2022-08-14 06:15:45,758] {processor.py:161} INFO - Processing /home/airflow/.local/lib/python3.7/site-packages/airflow/example_dags/example_xcom.py took 0.672 seconds
[2022-08-14 06:16:16,960] {processor.py:153} INFO - Started process (PID=1892) to work on /home/airflow/.local/lib/python3.7/site-packages/airflow/example_dags/example_xcom.py
[2022-08-14 06:16:16,971] {processor.py:641} INFO - Processing file /home/airflow/.local/lib/python3.7/site-packages/airflow/example_dags/example_xcom.py for tasks to queue
[2022-08-14 06:16:16,990] {logging_mixin.py:115} INFO - [2022-08-14 06:16:16,990] {dagbag.py:508} INFO - Filling up the DagBag from /home/airflow/.local/lib/python3.7/site-packages/airflow/example_dags/example_xcom.py
[2022-08-14 06:16:17,207] {processor.py:651} INFO - DAG(s) dict_keys(['example_xcom']) retrieved from /home/airflow/.local/lib/python3.7/site-packages/airflow/example_dags/example_xcom.py
[2022-08-14 06:16:17,804] {logging_mixin.py:115} INFO - [2022-08-14 06:16:17,804] {dag.py:2420} INFO - Sync 1 DAGs
[2022-08-14 06:16:17,959] {logging_mixin.py:115} INFO - [2022-08-14 06:16:17,958] {dag.py:2972} INFO - Setting next_dagrun for example_xcom to 2021-01-01T00:00:00+00:00, run_after=2021-01-01T00:00:00+00:00
[2022-08-14 06:16:18,189] {processor.py:161} INFO - Processing /home/airflow/.local/lib/python3.7/site-packages/airflow/example_dags/example_xcom.py took 1.249 seconds
[2022-08-14 06:16:56,024] {processor.py:153} INFO - Started process (PID=1947) to work on /home/airflow/.local/lib/python3.7/site-packages/airflow/example_dags/example_xcom.py
[2022-08-14 06:16:56,033] {processor.py:641} INFO - Processing file /home/airflow/.local/lib/python3.7/site-packages/airflow/example_dags/example_xcom.py for tasks to queue
[2022-08-14 06:16:56,038] {logging_mixin.py:115} INFO - [2022-08-14 06:16:56,037] {dagbag.py:508} INFO - Filling up the DagBag from /home/airflow/.local/lib/python3.7/site-packages/airflow/example_dags/example_xcom.py
[2022-08-14 06:16:56,397] {processor.py:651} INFO - DAG(s) dict_keys(['example_xcom']) retrieved from /home/airflow/.local/lib/python3.7/site-packages/airflow/example_dags/example_xcom.py
[2022-08-14 06:16:57,032] {logging_mixin.py:115} INFO - [2022-08-14 06:16:57,032] {dag.py:2420} INFO - Sync 1 DAGs
[2022-08-14 06:16:57,204] {logging_mixin.py:115} INFO - [2022-08-14 06:16:57,203] {dag.py:2972} INFO - Setting next_dagrun for example_xcom to 2021-01-01T00:00:00+00:00, run_after=2021-01-01T00:00:00+00:00
[2022-08-14 06:16:57,285] {processor.py:161} INFO - Processing /home/airflow/.local/lib/python3.7/site-packages/airflow/example_dags/example_xcom.py took 1.330 seconds
[2022-08-14 06:17:43,410] {processor.py:153} INFO - Started process (PID=2000) to work on /home/airflow/.local/lib/python3.7/site-packages/airflow/example_dags/example_xcom.py
[2022-08-14 06:17:43,412] {processor.py:641} INFO - Processing file /home/airflow/.local/lib/python3.7/site-packages/airflow/example_dags/example_xcom.py for tasks to queue
[2022-08-14 06:17:43,418] {logging_mixin.py:115} INFO - [2022-08-14 06:17:43,418] {dagbag.py:508} INFO - Filling up the DagBag from /home/airflow/.local/lib/python3.7/site-packages/airflow/example_dags/example_xcom.py
[2022-08-14 06:17:43,495] {processor.py:651} INFO - DAG(s) dict_keys(['example_xcom']) retrieved from /home/airflow/.local/lib/python3.7/site-packages/airflow/example_dags/example_xcom.py
[2022-08-14 06:17:43,655] {logging_mixin.py:115} INFO - [2022-08-14 06:17:43,654] {dag.py:2420} INFO - Sync 1 DAGs
[2022-08-14 06:17:43,701] {logging_mixin.py:115} INFO - [2022-08-14 06:17:43,701] {dag.py:2972} INFO - Setting next_dagrun for example_xcom to 2021-01-01T00:00:00+00:00, run_after=2021-01-01T00:00:00+00:00
[2022-08-14 06:17:43,754] {processor.py:161} INFO - Processing /home/airflow/.local/lib/python3.7/site-packages/airflow/example_dags/example_xcom.py took 0.352 seconds
[2022-08-14 07:14:10,638] {processor.py:153} INFO - Started process (PID=2085) to work on /home/airflow/.local/lib/python3.7/site-packages/airflow/example_dags/example_xcom.py
[2022-08-14 07:14:10,652] {processor.py:641} INFO - Processing file /home/airflow/.local/lib/python3.7/site-packages/airflow/example_dags/example_xcom.py for tasks to queue
[2022-08-14 07:14:10,669] {logging_mixin.py:115} INFO - [2022-08-14 07:14:10,669] {dagbag.py:508} INFO - Filling up the DagBag from /home/airflow/.local/lib/python3.7/site-packages/airflow/example_dags/example_xcom.py
[2022-08-14 07:14:10,838] {processor.py:651} INFO - DAG(s) dict_keys(['example_xcom']) retrieved from /home/airflow/.local/lib/python3.7/site-packages/airflow/example_dags/example_xcom.py
[2022-08-14 07:14:11,572] {logging_mixin.py:115} INFO - [2022-08-14 07:14:11,572] {dag.py:2420} INFO - Sync 1 DAGs
[2022-08-14 07:14:11,758] {logging_mixin.py:115} INFO - [2022-08-14 07:14:11,758] {dag.py:2972} INFO - Setting next_dagrun for example_xcom to 2021-01-01T00:00:00+00:00, run_after=2021-01-01T00:00:00+00:00
[2022-08-14 07:14:11,862] {processor.py:161} INFO - Processing /home/airflow/.local/lib/python3.7/site-packages/airflow/example_dags/example_xcom.py took 1.252 seconds
[2022-08-14 07:14:42,715] {processor.py:153} INFO - Started process (PID=2144) to work on /home/airflow/.local/lib/python3.7/site-packages/airflow/example_dags/example_xcom.py
[2022-08-14 07:14:42,717] {processor.py:641} INFO - Processing file /home/airflow/.local/lib/python3.7/site-packages/airflow/example_dags/example_xcom.py for tasks to queue
[2022-08-14 07:14:42,720] {logging_mixin.py:115} INFO - [2022-08-14 07:14:42,720] {dagbag.py:508} INFO - Filling up the DagBag from /home/airflow/.local/lib/python3.7/site-packages/airflow/example_dags/example_xcom.py
[2022-08-14 07:14:42,757] {processor.py:651} INFO - DAG(s) dict_keys(['example_xcom']) retrieved from /home/airflow/.local/lib/python3.7/site-packages/airflow/example_dags/example_xcom.py
[2022-08-14 07:14:42,907] {logging_mixin.py:115} INFO - [2022-08-14 07:14:42,906] {dag.py:2420} INFO - Sync 1 DAGs
[2022-08-14 07:14:42,954] {logging_mixin.py:115} INFO - [2022-08-14 07:14:42,954] {dag.py:2972} INFO - Setting next_dagrun for example_xcom to 2021-01-01T00:00:00+00:00, run_after=2021-01-01T00:00:00+00:00
[2022-08-14 07:14:42,981] {processor.py:161} INFO - Processing /home/airflow/.local/lib/python3.7/site-packages/airflow/example_dags/example_xcom.py took 0.274 seconds
[2022-08-14 07:15:13,619] {processor.py:153} INFO - Started process (PID=2197) to work on /home/airflow/.local/lib/python3.7/site-packages/airflow/example_dags/example_xcom.py
[2022-08-14 07:15:13,631] {processor.py:641} INFO - Processing file /home/airflow/.local/lib/python3.7/site-packages/airflow/example_dags/example_xcom.py for tasks to queue
[2022-08-14 07:15:13,635] {logging_mixin.py:115} INFO - [2022-08-14 07:15:13,635] {dagbag.py:508} INFO - Filling up the DagBag from /home/airflow/.local/lib/python3.7/site-packages/airflow/example_dags/example_xcom.py
[2022-08-14 07:15:13,701] {processor.py:651} INFO - DAG(s) dict_keys(['example_xcom']) retrieved from /home/airflow/.local/lib/python3.7/site-packages/airflow/example_dags/example_xcom.py
[2022-08-14 07:15:14,161] {logging_mixin.py:115} INFO - [2022-08-14 07:15:14,161] {dag.py:2420} INFO - Sync 1 DAGs
[2022-08-14 07:15:14,252] {logging_mixin.py:115} INFO - [2022-08-14 07:15:14,252] {dag.py:2972} INFO - Setting next_dagrun for example_xcom to 2021-01-01T00:00:00+00:00, run_after=2021-01-01T00:00:00+00:00
[2022-08-14 07:15:14,309] {processor.py:161} INFO - Processing /home/airflow/.local/lib/python3.7/site-packages/airflow/example_dags/example_xcom.py took 0.700 seconds
[2022-08-14 07:15:49,712] {processor.py:153} INFO - Started process (PID=2250) to work on /home/airflow/.local/lib/python3.7/site-packages/airflow/example_dags/example_xcom.py
[2022-08-14 07:15:49,825] {processor.py:641} INFO - Processing file /home/airflow/.local/lib/python3.7/site-packages/airflow/example_dags/example_xcom.py for tasks to queue
[2022-08-14 07:15:49,922] {logging_mixin.py:115} INFO - [2022-08-14 07:15:49,922] {dagbag.py:508} INFO - Filling up the DagBag from /home/airflow/.local/lib/python3.7/site-packages/airflow/example_dags/example_xcom.py
[2022-08-14 07:15:50,407] {processor.py:651} INFO - DAG(s) dict_keys(['example_xcom']) retrieved from /home/airflow/.local/lib/python3.7/site-packages/airflow/example_dags/example_xcom.py
[2022-08-14 07:15:52,990] {logging_mixin.py:115} INFO - [2022-08-14 07:15:52,990] {dag.py:2420} INFO - Sync 1 DAGs
[2022-08-14 07:15:53,772] {logging_mixin.py:115} INFO - [2022-08-14 07:15:53,772] {dag.py:2972} INFO - Setting next_dagrun for example_xcom to 2021-01-01T00:00:00+00:00, run_after=2021-01-01T00:00:00+00:00
[2022-08-14 07:15:54,158] {processor.py:161} INFO - Processing /home/airflow/.local/lib/python3.7/site-packages/airflow/example_dags/example_xcom.py took 4.766 seconds
