[2022-08-14 05:58:07,052] {processor.py:153} INFO - Started process (PID=77) to work on /home/airflow/.local/lib/python3.7/site-packages/airflow/example_dags/example_branch_labels.py
[2022-08-14 05:58:07,070] {processor.py:641} INFO - Processing file /home/airflow/.local/lib/python3.7/site-packages/airflow/example_dags/example_branch_labels.py for tasks to queue
[2022-08-14 05:58:07,092] {logging_mixin.py:115} INFO - [2022-08-14 05:58:07,091] {dagbag.py:508} INFO - Filling up the DagBag from /home/airflow/.local/lib/python3.7/site-packages/airflow/example_dags/example_branch_labels.py
[2022-08-14 05:58:07,181] {processor.py:651} INFO - DAG(s) dict_keys(['example_branch_labels']) retrieved from /home/airflow/.local/lib/python3.7/site-packages/airflow/example_dags/example_branch_labels.py
[2022-08-14 05:58:07,990] {logging_mixin.py:115} INFO - [2022-08-14 05:58:07,989] {manager.py:508} INFO - Created Permission View: can read on DAG:example_branch_labels
[2022-08-14 05:58:08,130] {logging_mixin.py:115} INFO - [2022-08-14 05:58:08,130] {manager.py:508} INFO - Created Permission View: can delete on DAG:example_branch_labels
[2022-08-14 05:58:08,232] {logging_mixin.py:115} INFO - [2022-08-14 05:58:08,232] {manager.py:508} INFO - Created Permission View: can edit on DAG:example_branch_labels
[2022-08-14 05:58:08,234] {logging_mixin.py:115} INFO - [2022-08-14 05:58:08,234] {dag.py:2420} INFO - Sync 1 DAGs
[2022-08-14 05:58:08,339] {logging_mixin.py:115} INFO - [2022-08-14 05:58:08,339] {dag.py:2439} INFO - Creating ORM DAG for example_branch_labels
[2022-08-14 05:58:08,511] {logging_mixin.py:115} INFO - [2022-08-14 05:58:08,511] {dag.py:2972} INFO - Setting next_dagrun for example_branch_labels to 2022-08-13T00:00:00+00:00, run_after=2022-08-14T00:00:00+00:00
[2022-08-14 05:58:08,671] {processor.py:161} INFO - Processing /home/airflow/.local/lib/python3.7/site-packages/airflow/example_dags/example_branch_labels.py took 1.650 seconds
[2022-08-14 05:58:54,945] {processor.py:153} INFO - Started process (PID=129) to work on /home/airflow/.local/lib/python3.7/site-packages/airflow/example_dags/example_branch_labels.py
[2022-08-14 05:58:54,954] {processor.py:641} INFO - Processing file /home/airflow/.local/lib/python3.7/site-packages/airflow/example_dags/example_branch_labels.py for tasks to queue
[2022-08-14 05:58:54,972] {logging_mixin.py:115} INFO - [2022-08-14 05:58:54,972] {dagbag.py:508} INFO - Filling up the DagBag from /home/airflow/.local/lib/python3.7/site-packages/airflow/example_dags/example_branch_labels.py
[2022-08-14 05:58:55,077] {processor.py:651} INFO - DAG(s) dict_keys(['example_branch_labels']) retrieved from /home/airflow/.local/lib/python3.7/site-packages/airflow/example_dags/example_branch_labels.py
[2022-08-14 05:58:55,204] {logging_mixin.py:115} INFO - [2022-08-14 05:58:55,204] {dag.py:2420} INFO - Sync 1 DAGs
[2022-08-14 05:58:55,607] {logging_mixin.py:115} INFO - [2022-08-14 05:58:55,607] {dag.py:2972} INFO - Setting next_dagrun for example_branch_labels to 2022-08-13T00:00:00+00:00, run_after=2022-08-14T00:00:00+00:00
[2022-08-14 05:58:55,713] {processor.py:161} INFO - Processing /home/airflow/.local/lib/python3.7/site-packages/airflow/example_dags/example_branch_labels.py took 0.820 seconds
[2022-08-14 05:59:26,125] {processor.py:153} INFO - Started process (PID=183) to work on /home/airflow/.local/lib/python3.7/site-packages/airflow/example_dags/example_branch_labels.py
[2022-08-14 05:59:26,129] {processor.py:641} INFO - Processing file /home/airflow/.local/lib/python3.7/site-packages/airflow/example_dags/example_branch_labels.py for tasks to queue
[2022-08-14 05:59:26,139] {logging_mixin.py:115} INFO - [2022-08-14 05:59:26,138] {dagbag.py:508} INFO - Filling up the DagBag from /home/airflow/.local/lib/python3.7/site-packages/airflow/example_dags/example_branch_labels.py
[2022-08-14 05:59:26,164] {processor.py:651} INFO - DAG(s) dict_keys(['example_branch_labels']) retrieved from /home/airflow/.local/lib/python3.7/site-packages/airflow/example_dags/example_branch_labels.py
[2022-08-14 05:59:26,355] {logging_mixin.py:115} INFO - [2022-08-14 05:59:26,352] {dag.py:2420} INFO - Sync 1 DAGs
[2022-08-14 05:59:26,438] {logging_mixin.py:115} INFO - [2022-08-14 05:59:26,437] {dag.py:2972} INFO - Setting next_dagrun for example_branch_labels to 2022-08-13T00:00:00+00:00, run_after=2022-08-14T00:00:00+00:00
[2022-08-14 05:59:26,471] {processor.py:161} INFO - Processing /home/airflow/.local/lib/python3.7/site-packages/airflow/example_dags/example_branch_labels.py took 0.390 seconds
[2022-08-14 05:59:57,212] {processor.py:153} INFO - Started process (PID=237) to work on /home/airflow/.local/lib/python3.7/site-packages/airflow/example_dags/example_branch_labels.py
[2022-08-14 05:59:57,214] {processor.py:641} INFO - Processing file /home/airflow/.local/lib/python3.7/site-packages/airflow/example_dags/example_branch_labels.py for tasks to queue
[2022-08-14 05:59:57,218] {logging_mixin.py:115} INFO - [2022-08-14 05:59:57,217] {dagbag.py:508} INFO - Filling up the DagBag from /home/airflow/.local/lib/python3.7/site-packages/airflow/example_dags/example_branch_labels.py
[2022-08-14 05:59:57,238] {processor.py:651} INFO - DAG(s) dict_keys(['example_branch_labels']) retrieved from /home/airflow/.local/lib/python3.7/site-packages/airflow/example_dags/example_branch_labels.py
[2022-08-14 05:59:57,291] {logging_mixin.py:115} INFO - [2022-08-14 05:59:57,291] {dag.py:2420} INFO - Sync 1 DAGs
[2022-08-14 05:59:57,375] {logging_mixin.py:115} INFO - [2022-08-14 05:59:57,374] {dag.py:2972} INFO - Setting next_dagrun for example_branch_labels to 2022-08-13T00:00:00+00:00, run_after=2022-08-14T00:00:00+00:00
[2022-08-14 05:59:57,404] {processor.py:161} INFO - Processing /home/airflow/.local/lib/python3.7/site-packages/airflow/example_dags/example_branch_labels.py took 0.204 seconds
[2022-08-14 06:00:28,409] {processor.py:153} INFO - Started process (PID=291) to work on /home/airflow/.local/lib/python3.7/site-packages/airflow/example_dags/example_branch_labels.py
[2022-08-14 06:00:28,415] {processor.py:641} INFO - Processing file /home/airflow/.local/lib/python3.7/site-packages/airflow/example_dags/example_branch_labels.py for tasks to queue
[2022-08-14 06:00:28,429] {logging_mixin.py:115} INFO - [2022-08-14 06:00:28,423] {dagbag.py:508} INFO - Filling up the DagBag from /home/airflow/.local/lib/python3.7/site-packages/airflow/example_dags/example_branch_labels.py
[2022-08-14 06:00:28,494] {processor.py:651} INFO - DAG(s) dict_keys(['example_branch_labels']) retrieved from /home/airflow/.local/lib/python3.7/site-packages/airflow/example_dags/example_branch_labels.py
[2022-08-14 06:00:28,645] {logging_mixin.py:115} INFO - [2022-08-14 06:00:28,645] {dag.py:2420} INFO - Sync 1 DAGs
[2022-08-14 06:00:28,748] {logging_mixin.py:115} INFO - [2022-08-14 06:00:28,748] {dag.py:2972} INFO - Setting next_dagrun for example_branch_labels to 2022-08-13T00:00:00+00:00, run_after=2022-08-14T00:00:00+00:00
[2022-08-14 06:00:28,796] {processor.py:161} INFO - Processing /home/airflow/.local/lib/python3.7/site-packages/airflow/example_dags/example_branch_labels.py took 0.435 seconds
[2022-08-14 06:00:59,637] {processor.py:153} INFO - Started process (PID=345) to work on /home/airflow/.local/lib/python3.7/site-packages/airflow/example_dags/example_branch_labels.py
[2022-08-14 06:00:59,644] {processor.py:641} INFO - Processing file /home/airflow/.local/lib/python3.7/site-packages/airflow/example_dags/example_branch_labels.py for tasks to queue
[2022-08-14 06:00:59,651] {logging_mixin.py:115} INFO - [2022-08-14 06:00:59,649] {dagbag.py:508} INFO - Filling up the DagBag from /home/airflow/.local/lib/python3.7/site-packages/airflow/example_dags/example_branch_labels.py
[2022-08-14 06:00:59,728] {processor.py:651} INFO - DAG(s) dict_keys(['example_branch_labels']) retrieved from /home/airflow/.local/lib/python3.7/site-packages/airflow/example_dags/example_branch_labels.py
[2022-08-14 06:00:59,791] {logging_mixin.py:115} INFO - [2022-08-14 06:00:59,790] {dag.py:2420} INFO - Sync 1 DAGs
[2022-08-14 06:00:59,865] {logging_mixin.py:115} INFO - [2022-08-14 06:00:59,863] {dag.py:2972} INFO - Setting next_dagrun for example_branch_labels to 2022-08-13T00:00:00+00:00, run_after=2022-08-14T00:00:00+00:00
[2022-08-14 06:00:59,913] {processor.py:161} INFO - Processing /home/airflow/.local/lib/python3.7/site-packages/airflow/example_dags/example_branch_labels.py took 0.297 seconds
[2022-08-14 06:01:30,767] {processor.py:153} INFO - Started process (PID=398) to work on /home/airflow/.local/lib/python3.7/site-packages/airflow/example_dags/example_branch_labels.py
[2022-08-14 06:01:30,775] {processor.py:641} INFO - Processing file /home/airflow/.local/lib/python3.7/site-packages/airflow/example_dags/example_branch_labels.py for tasks to queue
[2022-08-14 06:01:30,777] {logging_mixin.py:115} INFO - [2022-08-14 06:01:30,777] {dagbag.py:508} INFO - Filling up the DagBag from /home/airflow/.local/lib/python3.7/site-packages/airflow/example_dags/example_branch_labels.py
[2022-08-14 06:01:30,797] {processor.py:651} INFO - DAG(s) dict_keys(['example_branch_labels']) retrieved from /home/airflow/.local/lib/python3.7/site-packages/airflow/example_dags/example_branch_labels.py
[2022-08-14 06:01:30,891] {logging_mixin.py:115} INFO - [2022-08-14 06:01:30,891] {dag.py:2420} INFO - Sync 1 DAGs
[2022-08-14 06:01:31,076] {logging_mixin.py:115} INFO - [2022-08-14 06:01:31,075] {dag.py:2972} INFO - Setting next_dagrun for example_branch_labels to 2022-08-13T00:00:00+00:00, run_after=2022-08-14T00:00:00+00:00
[2022-08-14 06:01:31,130] {processor.py:161} INFO - Processing /home/airflow/.local/lib/python3.7/site-packages/airflow/example_dags/example_branch_labels.py took 0.375 seconds
[2022-08-14 06:02:01,537] {processor.py:153} INFO - Started process (PID=450) to work on /home/airflow/.local/lib/python3.7/site-packages/airflow/example_dags/example_branch_labels.py
[2022-08-14 06:02:01,543] {processor.py:641} INFO - Processing file /home/airflow/.local/lib/python3.7/site-packages/airflow/example_dags/example_branch_labels.py for tasks to queue
[2022-08-14 06:02:01,545] {logging_mixin.py:115} INFO - [2022-08-14 06:02:01,545] {dagbag.py:508} INFO - Filling up the DagBag from /home/airflow/.local/lib/python3.7/site-packages/airflow/example_dags/example_branch_labels.py
[2022-08-14 06:02:01,570] {processor.py:651} INFO - DAG(s) dict_keys(['example_branch_labels']) retrieved from /home/airflow/.local/lib/python3.7/site-packages/airflow/example_dags/example_branch_labels.py
[2022-08-14 06:02:01,643] {logging_mixin.py:115} INFO - [2022-08-14 06:02:01,643] {dag.py:2420} INFO - Sync 1 DAGs
[2022-08-14 06:02:01,772] {logging_mixin.py:115} INFO - [2022-08-14 06:02:01,772] {dag.py:2972} INFO - Setting next_dagrun for example_branch_labels to 2022-08-13T00:00:00+00:00, run_after=2022-08-14T00:00:00+00:00
[2022-08-14 06:02:01,825] {processor.py:161} INFO - Processing /home/airflow/.local/lib/python3.7/site-packages/airflow/example_dags/example_branch_labels.py took 0.298 seconds
[2022-08-14 06:02:36,495] {processor.py:153} INFO - Started process (PID=503) to work on /home/airflow/.local/lib/python3.7/site-packages/airflow/example_dags/example_branch_labels.py
[2022-08-14 06:02:36,516] {processor.py:641} INFO - Processing file /home/airflow/.local/lib/python3.7/site-packages/airflow/example_dags/example_branch_labels.py for tasks to queue
[2022-08-14 06:02:36,535] {logging_mixin.py:115} INFO - [2022-08-14 06:02:36,535] {dagbag.py:508} INFO - Filling up the DagBag from /home/airflow/.local/lib/python3.7/site-packages/airflow/example_dags/example_branch_labels.py
[2022-08-14 06:02:36,688] {processor.py:651} INFO - DAG(s) dict_keys(['example_branch_labels']) retrieved from /home/airflow/.local/lib/python3.7/site-packages/airflow/example_dags/example_branch_labels.py
[2022-08-14 06:02:37,264] {logging_mixin.py:115} INFO - [2022-08-14 06:02:37,264] {dag.py:2420} INFO - Sync 1 DAGs
[2022-08-14 06:02:37,692] {logging_mixin.py:115} INFO - [2022-08-14 06:02:37,692] {dag.py:2972} INFO - Setting next_dagrun for example_branch_labels to 2022-08-13T00:00:00+00:00, run_after=2022-08-14T00:00:00+00:00
[2022-08-14 06:02:37,854] {processor.py:161} INFO - Processing /home/airflow/.local/lib/python3.7/site-packages/airflow/example_dags/example_branch_labels.py took 1.425 seconds
[2022-08-14 06:03:24,243] {processor.py:153} INFO - Started process (PID=555) to work on /home/airflow/.local/lib/python3.7/site-packages/airflow/example_dags/example_branch_labels.py
[2022-08-14 06:03:24,261] {processor.py:641} INFO - Processing file /home/airflow/.local/lib/python3.7/site-packages/airflow/example_dags/example_branch_labels.py for tasks to queue
[2022-08-14 06:03:24,284] {logging_mixin.py:115} INFO - [2022-08-14 06:03:24,283] {dagbag.py:508} INFO - Filling up the DagBag from /home/airflow/.local/lib/python3.7/site-packages/airflow/example_dags/example_branch_labels.py
[2022-08-14 06:03:24,869] {processor.py:651} INFO - DAG(s) dict_keys(['example_branch_labels']) retrieved from /home/airflow/.local/lib/python3.7/site-packages/airflow/example_dags/example_branch_labels.py
[2022-08-14 06:03:25,494] {logging_mixin.py:115} INFO - [2022-08-14 06:03:25,494] {dag.py:2420} INFO - Sync 1 DAGs
[2022-08-14 06:03:26,069] {logging_mixin.py:115} INFO - [2022-08-14 06:03:26,068] {dag.py:2972} INFO - Setting next_dagrun for example_branch_labels to 2022-08-13T00:00:00+00:00, run_after=2022-08-14T00:00:00+00:00
[2022-08-14 06:03:26,517] {processor.py:161} INFO - Processing /home/airflow/.local/lib/python3.7/site-packages/airflow/example_dags/example_branch_labels.py took 2.431 seconds
[2022-08-14 06:04:12,706] {processor.py:153} INFO - Started process (PID=615) to work on /home/airflow/.local/lib/python3.7/site-packages/airflow/example_dags/example_branch_labels.py
[2022-08-14 06:04:12,718] {processor.py:641} INFO - Processing file /home/airflow/.local/lib/python3.7/site-packages/airflow/example_dags/example_branch_labels.py for tasks to queue
[2022-08-14 06:04:12,727] {logging_mixin.py:115} INFO - [2022-08-14 06:04:12,726] {dagbag.py:508} INFO - Filling up the DagBag from /home/airflow/.local/lib/python3.7/site-packages/airflow/example_dags/example_branch_labels.py
[2022-08-14 06:04:12,892] {processor.py:651} INFO - DAG(s) dict_keys(['example_branch_labels']) retrieved from /home/airflow/.local/lib/python3.7/site-packages/airflow/example_dags/example_branch_labels.py
[2022-08-14 06:04:13,444] {logging_mixin.py:115} INFO - [2022-08-14 06:04:13,444] {dag.py:2420} INFO - Sync 1 DAGs
[2022-08-14 06:04:13,841] {logging_mixin.py:115} INFO - [2022-08-14 06:04:13,841] {dag.py:2972} INFO - Setting next_dagrun for example_branch_labels to 2022-08-13T00:00:00+00:00, run_after=2022-08-14T00:00:00+00:00
[2022-08-14 06:04:14,097] {processor.py:161} INFO - Processing /home/airflow/.local/lib/python3.7/site-packages/airflow/example_dags/example_branch_labels.py took 1.413 seconds
[2022-08-14 06:04:46,016] {processor.py:153} INFO - Started process (PID=657) to work on /home/airflow/.local/lib/python3.7/site-packages/airflow/example_dags/example_branch_labels.py
[2022-08-14 06:04:46,019] {processor.py:641} INFO - Processing file /home/airflow/.local/lib/python3.7/site-packages/airflow/example_dags/example_branch_labels.py for tasks to queue
[2022-08-14 06:04:46,021] {logging_mixin.py:115} INFO - [2022-08-14 06:04:46,020] {dagbag.py:508} INFO - Filling up the DagBag from /home/airflow/.local/lib/python3.7/site-packages/airflow/example_dags/example_branch_labels.py
[2022-08-14 06:04:46,040] {processor.py:651} INFO - DAG(s) dict_keys(['example_branch_labels']) retrieved from /home/airflow/.local/lib/python3.7/site-packages/airflow/example_dags/example_branch_labels.py
[2022-08-14 06:04:46,095] {logging_mixin.py:115} INFO - [2022-08-14 06:04:46,095] {dag.py:2420} INFO - Sync 1 DAGs
[2022-08-14 06:04:46,156] {logging_mixin.py:115} INFO - [2022-08-14 06:04:46,155] {dag.py:2972} INFO - Setting next_dagrun for example_branch_labels to 2022-08-13T00:00:00+00:00, run_after=2022-08-14T00:00:00+00:00
[2022-08-14 06:04:46,177] {processor.py:161} INFO - Processing /home/airflow/.local/lib/python3.7/site-packages/airflow/example_dags/example_branch_labels.py took 0.168 seconds
[2022-08-14 06:05:20,867] {processor.py:153} INFO - Started process (PID=715) to work on /home/airflow/.local/lib/python3.7/site-packages/airflow/example_dags/example_branch_labels.py
[2022-08-14 06:05:20,882] {processor.py:641} INFO - Processing file /home/airflow/.local/lib/python3.7/site-packages/airflow/example_dags/example_branch_labels.py for tasks to queue
[2022-08-14 06:05:20,886] {logging_mixin.py:115} INFO - [2022-08-14 06:05:20,886] {dagbag.py:508} INFO - Filling up the DagBag from /home/airflow/.local/lib/python3.7/site-packages/airflow/example_dags/example_branch_labels.py
[2022-08-14 06:05:20,932] {processor.py:651} INFO - DAG(s) dict_keys(['example_branch_labels']) retrieved from /home/airflow/.local/lib/python3.7/site-packages/airflow/example_dags/example_branch_labels.py
[2022-08-14 06:05:21,091] {logging_mixin.py:115} INFO - [2022-08-14 06:05:21,091] {dag.py:2420} INFO - Sync 1 DAGs
[2022-08-14 06:05:21,176] {logging_mixin.py:115} INFO - [2022-08-14 06:05:21,176] {dag.py:2972} INFO - Setting next_dagrun for example_branch_labels to 2022-08-13T00:00:00+00:00, run_after=2022-08-14T00:00:00+00:00
[2022-08-14 06:05:21,230] {processor.py:161} INFO - Processing /home/airflow/.local/lib/python3.7/site-packages/airflow/example_dags/example_branch_labels.py took 0.375 seconds
[2022-08-14 06:05:51,704] {processor.py:153} INFO - Started process (PID=770) to work on /home/airflow/.local/lib/python3.7/site-packages/airflow/example_dags/example_branch_labels.py
[2022-08-14 06:05:51,706] {processor.py:641} INFO - Processing file /home/airflow/.local/lib/python3.7/site-packages/airflow/example_dags/example_branch_labels.py for tasks to queue
[2022-08-14 06:05:51,709] {logging_mixin.py:115} INFO - [2022-08-14 06:05:51,709] {dagbag.py:508} INFO - Filling up the DagBag from /home/airflow/.local/lib/python3.7/site-packages/airflow/example_dags/example_branch_labels.py
[2022-08-14 06:05:51,732] {processor.py:651} INFO - DAG(s) dict_keys(['example_branch_labels']) retrieved from /home/airflow/.local/lib/python3.7/site-packages/airflow/example_dags/example_branch_labels.py
[2022-08-14 06:05:51,807] {logging_mixin.py:115} INFO - [2022-08-14 06:05:51,806] {dag.py:2420} INFO - Sync 1 DAGs
[2022-08-14 06:05:51,872] {logging_mixin.py:115} INFO - [2022-08-14 06:05:51,871] {dag.py:2972} INFO - Setting next_dagrun for example_branch_labels to 2022-08-13T00:00:00+00:00, run_after=2022-08-14T00:00:00+00:00
[2022-08-14 06:05:51,912] {processor.py:161} INFO - Processing /home/airflow/.local/lib/python3.7/site-packages/airflow/example_dags/example_branch_labels.py took 0.216 seconds
[2022-08-14 06:06:22,903] {processor.py:153} INFO - Started process (PID=822) to work on /home/airflow/.local/lib/python3.7/site-packages/airflow/example_dags/example_branch_labels.py
[2022-08-14 06:06:22,905] {processor.py:641} INFO - Processing file /home/airflow/.local/lib/python3.7/site-packages/airflow/example_dags/example_branch_labels.py for tasks to queue
[2022-08-14 06:06:22,908] {logging_mixin.py:115} INFO - [2022-08-14 06:06:22,907] {dagbag.py:508} INFO - Filling up the DagBag from /home/airflow/.local/lib/python3.7/site-packages/airflow/example_dags/example_branch_labels.py
[2022-08-14 06:06:22,922] {processor.py:651} INFO - DAG(s) dict_keys(['example_branch_labels']) retrieved from /home/airflow/.local/lib/python3.7/site-packages/airflow/example_dags/example_branch_labels.py
[2022-08-14 06:06:22,963] {logging_mixin.py:115} INFO - [2022-08-14 06:06:22,963] {dag.py:2420} INFO - Sync 1 DAGs
[2022-08-14 06:06:22,999] {logging_mixin.py:115} INFO - [2022-08-14 06:06:22,999] {dag.py:2972} INFO - Setting next_dagrun for example_branch_labels to 2022-08-13T00:00:00+00:00, run_after=2022-08-14T00:00:00+00:00
[2022-08-14 06:06:23,020] {processor.py:161} INFO - Processing /home/airflow/.local/lib/python3.7/site-packages/airflow/example_dags/example_branch_labels.py took 0.125 seconds
[2022-08-14 06:06:53,841] {processor.py:153} INFO - Started process (PID=875) to work on /home/airflow/.local/lib/python3.7/site-packages/airflow/example_dags/example_branch_labels.py
[2022-08-14 06:06:53,848] {processor.py:641} INFO - Processing file /home/airflow/.local/lib/python3.7/site-packages/airflow/example_dags/example_branch_labels.py for tasks to queue
[2022-08-14 06:06:53,863] {logging_mixin.py:115} INFO - [2022-08-14 06:06:53,862] {dagbag.py:508} INFO - Filling up the DagBag from /home/airflow/.local/lib/python3.7/site-packages/airflow/example_dags/example_branch_labels.py
[2022-08-14 06:06:53,902] {processor.py:651} INFO - DAG(s) dict_keys(['example_branch_labels']) retrieved from /home/airflow/.local/lib/python3.7/site-packages/airflow/example_dags/example_branch_labels.py
[2022-08-14 06:06:54,001] {logging_mixin.py:115} INFO - [2022-08-14 06:06:54,001] {dag.py:2420} INFO - Sync 1 DAGs
[2022-08-14 06:06:54,233] {logging_mixin.py:115} INFO - [2022-08-14 06:06:54,233] {dag.py:2972} INFO - Setting next_dagrun for example_branch_labels to 2022-08-13T00:00:00+00:00, run_after=2022-08-14T00:00:00+00:00
[2022-08-14 06:06:54,258] {processor.py:161} INFO - Processing /home/airflow/.local/lib/python3.7/site-packages/airflow/example_dags/example_branch_labels.py took 0.457 seconds
[2022-08-14 06:07:25,730] {processor.py:153} INFO - Started process (PID=927) to work on /home/airflow/.local/lib/python3.7/site-packages/airflow/example_dags/example_branch_labels.py
[2022-08-14 06:07:25,732] {processor.py:641} INFO - Processing file /home/airflow/.local/lib/python3.7/site-packages/airflow/example_dags/example_branch_labels.py for tasks to queue
[2022-08-14 06:07:25,734] {logging_mixin.py:115} INFO - [2022-08-14 06:07:25,734] {dagbag.py:508} INFO - Filling up the DagBag from /home/airflow/.local/lib/python3.7/site-packages/airflow/example_dags/example_branch_labels.py
[2022-08-14 06:07:25,759] {processor.py:651} INFO - DAG(s) dict_keys(['example_branch_labels']) retrieved from /home/airflow/.local/lib/python3.7/site-packages/airflow/example_dags/example_branch_labels.py
[2022-08-14 06:07:25,816] {logging_mixin.py:115} INFO - [2022-08-14 06:07:25,816] {dag.py:2420} INFO - Sync 1 DAGs
[2022-08-14 06:07:25,859] {logging_mixin.py:115} INFO - [2022-08-14 06:07:25,859] {dag.py:2972} INFO - Setting next_dagrun for example_branch_labels to 2022-08-13T00:00:00+00:00, run_after=2022-08-14T00:00:00+00:00
[2022-08-14 06:07:25,884] {processor.py:161} INFO - Processing /home/airflow/.local/lib/python3.7/site-packages/airflow/example_dags/example_branch_labels.py took 0.163 seconds
[2022-08-14 06:07:56,530] {processor.py:153} INFO - Started process (PID=980) to work on /home/airflow/.local/lib/python3.7/site-packages/airflow/example_dags/example_branch_labels.py
[2022-08-14 06:07:56,531] {processor.py:641} INFO - Processing file /home/airflow/.local/lib/python3.7/site-packages/airflow/example_dags/example_branch_labels.py for tasks to queue
[2022-08-14 06:07:56,534] {logging_mixin.py:115} INFO - [2022-08-14 06:07:56,534] {dagbag.py:508} INFO - Filling up the DagBag from /home/airflow/.local/lib/python3.7/site-packages/airflow/example_dags/example_branch_labels.py
[2022-08-14 06:07:56,553] {processor.py:651} INFO - DAG(s) dict_keys(['example_branch_labels']) retrieved from /home/airflow/.local/lib/python3.7/site-packages/airflow/example_dags/example_branch_labels.py
[2022-08-14 06:07:56,605] {logging_mixin.py:115} INFO - [2022-08-14 06:07:56,604] {dag.py:2420} INFO - Sync 1 DAGs
[2022-08-14 06:07:56,649] {logging_mixin.py:115} INFO - [2022-08-14 06:07:56,649] {dag.py:2972} INFO - Setting next_dagrun for example_branch_labels to 2022-08-13T00:00:00+00:00, run_after=2022-08-14T00:00:00+00:00
[2022-08-14 06:07:56,677] {processor.py:161} INFO - Processing /home/airflow/.local/lib/python3.7/site-packages/airflow/example_dags/example_branch_labels.py took 0.155 seconds
[2022-08-14 06:08:28,584] {processor.py:153} INFO - Started process (PID=1031) to work on /home/airflow/.local/lib/python3.7/site-packages/airflow/example_dags/example_branch_labels.py
[2022-08-14 06:08:28,610] {processor.py:641} INFO - Processing file /home/airflow/.local/lib/python3.7/site-packages/airflow/example_dags/example_branch_labels.py for tasks to queue
[2022-08-14 06:08:28,614] {logging_mixin.py:115} INFO - [2022-08-14 06:08:28,614] {dagbag.py:508} INFO - Filling up the DagBag from /home/airflow/.local/lib/python3.7/site-packages/airflow/example_dags/example_branch_labels.py
[2022-08-14 06:08:28,667] {processor.py:651} INFO - DAG(s) dict_keys(['example_branch_labels']) retrieved from /home/airflow/.local/lib/python3.7/site-packages/airflow/example_dags/example_branch_labels.py
[2022-08-14 06:08:28,863] {logging_mixin.py:115} INFO - [2022-08-14 06:08:28,863] {dag.py:2420} INFO - Sync 1 DAGs
[2022-08-14 06:08:28,927] {logging_mixin.py:115} INFO - [2022-08-14 06:08:28,927] {dag.py:2972} INFO - Setting next_dagrun for example_branch_labels to 2022-08-13T00:00:00+00:00, run_after=2022-08-14T00:00:00+00:00
[2022-08-14 06:08:28,974] {processor.py:161} INFO - Processing /home/airflow/.local/lib/python3.7/site-packages/airflow/example_dags/example_branch_labels.py took 0.404 seconds
[2022-08-14 06:08:59,222] {processor.py:153} INFO - Started process (PID=1089) to work on /home/airflow/.local/lib/python3.7/site-packages/airflow/example_dags/example_branch_labels.py
[2022-08-14 06:08:59,225] {processor.py:641} INFO - Processing file /home/airflow/.local/lib/python3.7/site-packages/airflow/example_dags/example_branch_labels.py for tasks to queue
[2022-08-14 06:08:59,232] {logging_mixin.py:115} INFO - [2022-08-14 06:08:59,232] {dagbag.py:508} INFO - Filling up the DagBag from /home/airflow/.local/lib/python3.7/site-packages/airflow/example_dags/example_branch_labels.py
[2022-08-14 06:08:59,266] {processor.py:651} INFO - DAG(s) dict_keys(['example_branch_labels']) retrieved from /home/airflow/.local/lib/python3.7/site-packages/airflow/example_dags/example_branch_labels.py
[2022-08-14 06:08:59,370] {logging_mixin.py:115} INFO - [2022-08-14 06:08:59,370] {dag.py:2420} INFO - Sync 1 DAGs
[2022-08-14 06:08:59,449] {logging_mixin.py:115} INFO - [2022-08-14 06:08:59,448] {dag.py:2972} INFO - Setting next_dagrun for example_branch_labels to 2022-08-13T00:00:00+00:00, run_after=2022-08-14T00:00:00+00:00
[2022-08-14 06:08:59,501] {processor.py:161} INFO - Processing /home/airflow/.local/lib/python3.7/site-packages/airflow/example_dags/example_branch_labels.py took 0.289 seconds
[2022-08-14 06:09:29,722] {processor.py:153} INFO - Started process (PID=1143) to work on /home/airflow/.local/lib/python3.7/site-packages/airflow/example_dags/example_branch_labels.py
[2022-08-14 06:09:29,724] {processor.py:641} INFO - Processing file /home/airflow/.local/lib/python3.7/site-packages/airflow/example_dags/example_branch_labels.py for tasks to queue
[2022-08-14 06:09:29,727] {logging_mixin.py:115} INFO - [2022-08-14 06:09:29,726] {dagbag.py:508} INFO - Filling up the DagBag from /home/airflow/.local/lib/python3.7/site-packages/airflow/example_dags/example_branch_labels.py
[2022-08-14 06:09:29,760] {processor.py:651} INFO - DAG(s) dict_keys(['example_branch_labels']) retrieved from /home/airflow/.local/lib/python3.7/site-packages/airflow/example_dags/example_branch_labels.py
[2022-08-14 06:09:29,850] {logging_mixin.py:115} INFO - [2022-08-14 06:09:29,850] {dag.py:2420} INFO - Sync 1 DAGs
[2022-08-14 06:09:29,955] {logging_mixin.py:115} INFO - [2022-08-14 06:09:29,954] {dag.py:2972} INFO - Setting next_dagrun for example_branch_labels to 2022-08-13T00:00:00+00:00, run_after=2022-08-14T00:00:00+00:00
[2022-08-14 06:09:30,006] {processor.py:161} INFO - Processing /home/airflow/.local/lib/python3.7/site-packages/airflow/example_dags/example_branch_labels.py took 0.295 seconds
[2022-08-14 06:10:00,975] {processor.py:153} INFO - Started process (PID=1206) to work on /home/airflow/.local/lib/python3.7/site-packages/airflow/example_dags/example_branch_labels.py
[2022-08-14 06:10:00,978] {processor.py:641} INFO - Processing file /home/airflow/.local/lib/python3.7/site-packages/airflow/example_dags/example_branch_labels.py for tasks to queue
[2022-08-14 06:10:00,981] {logging_mixin.py:115} INFO - [2022-08-14 06:10:00,980] {dagbag.py:508} INFO - Filling up the DagBag from /home/airflow/.local/lib/python3.7/site-packages/airflow/example_dags/example_branch_labels.py
[2022-08-14 06:10:01,012] {processor.py:651} INFO - DAG(s) dict_keys(['example_branch_labels']) retrieved from /home/airflow/.local/lib/python3.7/site-packages/airflow/example_dags/example_branch_labels.py
[2022-08-14 06:10:01,120] {logging_mixin.py:115} INFO - [2022-08-14 06:10:01,120] {dag.py:2420} INFO - Sync 1 DAGs
[2022-08-14 06:10:01,211] {logging_mixin.py:115} INFO - [2022-08-14 06:10:01,211] {dag.py:2972} INFO - Setting next_dagrun for example_branch_labels to 2022-08-13T00:00:00+00:00, run_after=2022-08-14T00:00:00+00:00
[2022-08-14 06:10:01,262] {processor.py:161} INFO - Processing /home/airflow/.local/lib/python3.7/site-packages/airflow/example_dags/example_branch_labels.py took 0.301 seconds
[2022-08-14 06:10:31,843] {processor.py:153} INFO - Started process (PID=1261) to work on /home/airflow/.local/lib/python3.7/site-packages/airflow/example_dags/example_branch_labels.py
[2022-08-14 06:10:31,845] {processor.py:641} INFO - Processing file /home/airflow/.local/lib/python3.7/site-packages/airflow/example_dags/example_branch_labels.py for tasks to queue
[2022-08-14 06:10:31,848] {logging_mixin.py:115} INFO - [2022-08-14 06:10:31,847] {dagbag.py:508} INFO - Filling up the DagBag from /home/airflow/.local/lib/python3.7/site-packages/airflow/example_dags/example_branch_labels.py
[2022-08-14 06:10:31,864] {processor.py:651} INFO - DAG(s) dict_keys(['example_branch_labels']) retrieved from /home/airflow/.local/lib/python3.7/site-packages/airflow/example_dags/example_branch_labels.py
[2022-08-14 06:10:31,914] {logging_mixin.py:115} INFO - [2022-08-14 06:10:31,914] {dag.py:2420} INFO - Sync 1 DAGs
[2022-08-14 06:10:31,958] {logging_mixin.py:115} INFO - [2022-08-14 06:10:31,957] {dag.py:2972} INFO - Setting next_dagrun for example_branch_labels to 2022-08-13T00:00:00+00:00, run_after=2022-08-14T00:00:00+00:00
[2022-08-14 06:10:32,013] {processor.py:161} INFO - Processing /home/airflow/.local/lib/python3.7/site-packages/airflow/example_dags/example_branch_labels.py took 0.177 seconds
[2022-08-14 06:11:03,340] {processor.py:153} INFO - Started process (PID=1313) to work on /home/airflow/.local/lib/python3.7/site-packages/airflow/example_dags/example_branch_labels.py
[2022-08-14 06:11:03,347] {processor.py:641} INFO - Processing file /home/airflow/.local/lib/python3.7/site-packages/airflow/example_dags/example_branch_labels.py for tasks to queue
[2022-08-14 06:11:03,349] {logging_mixin.py:115} INFO - [2022-08-14 06:11:03,349] {dagbag.py:508} INFO - Filling up the DagBag from /home/airflow/.local/lib/python3.7/site-packages/airflow/example_dags/example_branch_labels.py
[2022-08-14 06:11:03,396] {processor.py:651} INFO - DAG(s) dict_keys(['example_branch_labels']) retrieved from /home/airflow/.local/lib/python3.7/site-packages/airflow/example_dags/example_branch_labels.py
[2022-08-14 06:11:03,514] {logging_mixin.py:115} INFO - [2022-08-14 06:11:03,514] {dag.py:2420} INFO - Sync 1 DAGs
[2022-08-14 06:11:03,752] {logging_mixin.py:115} INFO - [2022-08-14 06:11:03,752] {dag.py:2972} INFO - Setting next_dagrun for example_branch_labels to 2022-08-13T00:00:00+00:00, run_after=2022-08-14T00:00:00+00:00
[2022-08-14 06:11:03,892] {processor.py:161} INFO - Processing /home/airflow/.local/lib/python3.7/site-packages/airflow/example_dags/example_branch_labels.py took 0.560 seconds
[2022-08-14 06:11:35,182] {processor.py:153} INFO - Started process (PID=1379) to work on /home/airflow/.local/lib/python3.7/site-packages/airflow/example_dags/example_branch_labels.py
[2022-08-14 06:11:35,187] {processor.py:641} INFO - Processing file /home/airflow/.local/lib/python3.7/site-packages/airflow/example_dags/example_branch_labels.py for tasks to queue
[2022-08-14 06:11:35,192] {logging_mixin.py:115} INFO - [2022-08-14 06:11:35,191] {dagbag.py:508} INFO - Filling up the DagBag from /home/airflow/.local/lib/python3.7/site-packages/airflow/example_dags/example_branch_labels.py
[2022-08-14 06:11:35,226] {processor.py:651} INFO - DAG(s) dict_keys(['example_branch_labels']) retrieved from /home/airflow/.local/lib/python3.7/site-packages/airflow/example_dags/example_branch_labels.py
[2022-08-14 06:11:35,319] {logging_mixin.py:115} INFO - [2022-08-14 06:11:35,319] {dag.py:2420} INFO - Sync 1 DAGs
[2022-08-14 06:11:35,467] {logging_mixin.py:115} INFO - [2022-08-14 06:11:35,467] {dag.py:2972} INFO - Setting next_dagrun for example_branch_labels to 2022-08-13T00:00:00+00:00, run_after=2022-08-14T00:00:00+00:00
[2022-08-14 06:11:35,515] {processor.py:161} INFO - Processing /home/airflow/.local/lib/python3.7/site-packages/airflow/example_dags/example_branch_labels.py took 0.344 seconds
[2022-08-14 06:12:06,022] {processor.py:153} INFO - Started process (PID=1435) to work on /home/airflow/.local/lib/python3.7/site-packages/airflow/example_dags/example_branch_labels.py
[2022-08-14 06:12:06,029] {processor.py:641} INFO - Processing file /home/airflow/.local/lib/python3.7/site-packages/airflow/example_dags/example_branch_labels.py for tasks to queue
[2022-08-14 06:12:06,031] {logging_mixin.py:115} INFO - [2022-08-14 06:12:06,031] {dagbag.py:508} INFO - Filling up the DagBag from /home/airflow/.local/lib/python3.7/site-packages/airflow/example_dags/example_branch_labels.py
[2022-08-14 06:12:06,052] {processor.py:651} INFO - DAG(s) dict_keys(['example_branch_labels']) retrieved from /home/airflow/.local/lib/python3.7/site-packages/airflow/example_dags/example_branch_labels.py
[2022-08-14 06:12:06,100] {logging_mixin.py:115} INFO - [2022-08-14 06:12:06,100] {dag.py:2420} INFO - Sync 1 DAGs
[2022-08-14 06:12:06,149] {logging_mixin.py:115} INFO - [2022-08-14 06:12:06,148] {dag.py:2972} INFO - Setting next_dagrun for example_branch_labels to 2022-08-13T00:00:00+00:00, run_after=2022-08-14T00:00:00+00:00
[2022-08-14 06:12:06,169] {processor.py:161} INFO - Processing /home/airflow/.local/lib/python3.7/site-packages/airflow/example_dags/example_branch_labels.py took 0.160 seconds
[2022-08-14 06:12:37,244] {processor.py:153} INFO - Started process (PID=1497) to work on /home/airflow/.local/lib/python3.7/site-packages/airflow/example_dags/example_branch_labels.py
[2022-08-14 06:12:37,247] {processor.py:641} INFO - Processing file /home/airflow/.local/lib/python3.7/site-packages/airflow/example_dags/example_branch_labels.py for tasks to queue
[2022-08-14 06:12:37,254] {logging_mixin.py:115} INFO - [2022-08-14 06:12:37,253] {dagbag.py:508} INFO - Filling up the DagBag from /home/airflow/.local/lib/python3.7/site-packages/airflow/example_dags/example_branch_labels.py
[2022-08-14 06:12:37,300] {processor.py:651} INFO - DAG(s) dict_keys(['example_branch_labels']) retrieved from /home/airflow/.local/lib/python3.7/site-packages/airflow/example_dags/example_branch_labels.py
[2022-08-14 06:12:37,422] {logging_mixin.py:115} INFO - [2022-08-14 06:12:37,422] {dag.py:2420} INFO - Sync 1 DAGs
[2022-08-14 06:12:37,613] {logging_mixin.py:115} INFO - [2022-08-14 06:12:37,613] {dag.py:2972} INFO - Setting next_dagrun for example_branch_labels to 2022-08-13T00:00:00+00:00, run_after=2022-08-14T00:00:00+00:00
[2022-08-14 06:12:37,689] {processor.py:161} INFO - Processing /home/airflow/.local/lib/python3.7/site-packages/airflow/example_dags/example_branch_labels.py took 0.469 seconds
[2022-08-14 06:13:08,285] {processor.py:153} INFO - Started process (PID=1553) to work on /home/airflow/.local/lib/python3.7/site-packages/airflow/example_dags/example_branch_labels.py
[2022-08-14 06:13:08,291] {processor.py:641} INFO - Processing file /home/airflow/.local/lib/python3.7/site-packages/airflow/example_dags/example_branch_labels.py for tasks to queue
[2022-08-14 06:13:08,295] {logging_mixin.py:115} INFO - [2022-08-14 06:13:08,294] {dagbag.py:508} INFO - Filling up the DagBag from /home/airflow/.local/lib/python3.7/site-packages/airflow/example_dags/example_branch_labels.py
[2022-08-14 06:13:08,332] {processor.py:651} INFO - DAG(s) dict_keys(['example_branch_labels']) retrieved from /home/airflow/.local/lib/python3.7/site-packages/airflow/example_dags/example_branch_labels.py
[2022-08-14 06:13:08,386] {logging_mixin.py:115} INFO - [2022-08-14 06:13:08,386] {dag.py:2420} INFO - Sync 1 DAGs
[2022-08-14 06:13:08,439] {logging_mixin.py:115} INFO - [2022-08-14 06:13:08,439] {dag.py:2972} INFO - Setting next_dagrun for example_branch_labels to 2022-08-13T00:00:00+00:00, run_after=2022-08-14T00:00:00+00:00
[2022-08-14 06:13:08,464] {processor.py:161} INFO - Processing /home/airflow/.local/lib/python3.7/site-packages/airflow/example_dags/example_branch_labels.py took 0.191 seconds
[2022-08-14 06:13:38,884] {processor.py:153} INFO - Started process (PID=1607) to work on /home/airflow/.local/lib/python3.7/site-packages/airflow/example_dags/example_branch_labels.py
[2022-08-14 06:13:38,887] {processor.py:641} INFO - Processing file /home/airflow/.local/lib/python3.7/site-packages/airflow/example_dags/example_branch_labels.py for tasks to queue
[2022-08-14 06:13:38,889] {logging_mixin.py:115} INFO - [2022-08-14 06:13:38,889] {dagbag.py:508} INFO - Filling up the DagBag from /home/airflow/.local/lib/python3.7/site-packages/airflow/example_dags/example_branch_labels.py
[2022-08-14 06:13:38,911] {processor.py:651} INFO - DAG(s) dict_keys(['example_branch_labels']) retrieved from /home/airflow/.local/lib/python3.7/site-packages/airflow/example_dags/example_branch_labels.py
[2022-08-14 06:13:38,962] {logging_mixin.py:115} INFO - [2022-08-14 06:13:38,962] {dag.py:2420} INFO - Sync 1 DAGs
[2022-08-14 06:13:39,019] {logging_mixin.py:115} INFO - [2022-08-14 06:13:39,019] {dag.py:2972} INFO - Setting next_dagrun for example_branch_labels to 2022-08-13T00:00:00+00:00, run_after=2022-08-14T00:00:00+00:00
[2022-08-14 06:13:39,051] {processor.py:161} INFO - Processing /home/airflow/.local/lib/python3.7/site-packages/airflow/example_dags/example_branch_labels.py took 0.174 seconds
[2022-08-14 06:14:09,941] {processor.py:153} INFO - Started process (PID=1661) to work on /home/airflow/.local/lib/python3.7/site-packages/airflow/example_dags/example_branch_labels.py
[2022-08-14 06:14:09,943] {processor.py:641} INFO - Processing file /home/airflow/.local/lib/python3.7/site-packages/airflow/example_dags/example_branch_labels.py for tasks to queue
[2022-08-14 06:14:09,945] {logging_mixin.py:115} INFO - [2022-08-14 06:14:09,945] {dagbag.py:508} INFO - Filling up the DagBag from /home/airflow/.local/lib/python3.7/site-packages/airflow/example_dags/example_branch_labels.py
[2022-08-14 06:14:09,962] {processor.py:651} INFO - DAG(s) dict_keys(['example_branch_labels']) retrieved from /home/airflow/.local/lib/python3.7/site-packages/airflow/example_dags/example_branch_labels.py
[2022-08-14 06:14:10,018] {logging_mixin.py:115} INFO - [2022-08-14 06:14:10,018] {dag.py:2420} INFO - Sync 1 DAGs
[2022-08-14 06:14:10,061] {logging_mixin.py:115} INFO - [2022-08-14 06:14:10,061] {dag.py:2972} INFO - Setting next_dagrun for example_branch_labels to 2022-08-13T00:00:00+00:00, run_after=2022-08-14T00:00:00+00:00
[2022-08-14 06:14:10,081] {processor.py:161} INFO - Processing /home/airflow/.local/lib/python3.7/site-packages/airflow/example_dags/example_branch_labels.py took 0.148 seconds
[2022-08-14 06:14:40,550] {processor.py:153} INFO - Started process (PID=1716) to work on /home/airflow/.local/lib/python3.7/site-packages/airflow/example_dags/example_branch_labels.py
[2022-08-14 06:14:40,552] {processor.py:641} INFO - Processing file /home/airflow/.local/lib/python3.7/site-packages/airflow/example_dags/example_branch_labels.py for tasks to queue
[2022-08-14 06:14:40,555] {logging_mixin.py:115} INFO - [2022-08-14 06:14:40,555] {dagbag.py:508} INFO - Filling up the DagBag from /home/airflow/.local/lib/python3.7/site-packages/airflow/example_dags/example_branch_labels.py
[2022-08-14 06:14:40,594] {processor.py:651} INFO - DAG(s) dict_keys(['example_branch_labels']) retrieved from /home/airflow/.local/lib/python3.7/site-packages/airflow/example_dags/example_branch_labels.py
[2022-08-14 06:14:40,656] {logging_mixin.py:115} INFO - [2022-08-14 06:14:40,656] {dag.py:2420} INFO - Sync 1 DAGs
[2022-08-14 06:14:40,700] {logging_mixin.py:115} INFO - [2022-08-14 06:14:40,700] {dag.py:2972} INFO - Setting next_dagrun for example_branch_labels to 2022-08-13T00:00:00+00:00, run_after=2022-08-14T00:00:00+00:00
[2022-08-14 06:14:40,760] {processor.py:161} INFO - Processing /home/airflow/.local/lib/python3.7/site-packages/airflow/example_dags/example_branch_labels.py took 0.229 seconds
[2022-08-14 06:15:11,257] {processor.py:153} INFO - Started process (PID=1776) to work on /home/airflow/.local/lib/python3.7/site-packages/airflow/example_dags/example_branch_labels.py
[2022-08-14 06:15:11,263] {processor.py:641} INFO - Processing file /home/airflow/.local/lib/python3.7/site-packages/airflow/example_dags/example_branch_labels.py for tasks to queue
[2022-08-14 06:15:11,267] {logging_mixin.py:115} INFO - [2022-08-14 06:15:11,266] {dagbag.py:508} INFO - Filling up the DagBag from /home/airflow/.local/lib/python3.7/site-packages/airflow/example_dags/example_branch_labels.py
[2022-08-14 06:15:11,295] {processor.py:651} INFO - DAG(s) dict_keys(['example_branch_labels']) retrieved from /home/airflow/.local/lib/python3.7/site-packages/airflow/example_dags/example_branch_labels.py
[2022-08-14 06:15:11,387] {logging_mixin.py:115} INFO - [2022-08-14 06:15:11,387] {dag.py:2420} INFO - Sync 1 DAGs
[2022-08-14 06:15:11,481] {logging_mixin.py:115} INFO - [2022-08-14 06:15:11,481] {dag.py:2972} INFO - Setting next_dagrun for example_branch_labels to 2022-08-13T00:00:00+00:00, run_after=2022-08-14T00:00:00+00:00
[2022-08-14 06:15:11,541] {processor.py:161} INFO - Processing /home/airflow/.local/lib/python3.7/site-packages/airflow/example_dags/example_branch_labels.py took 0.295 seconds
[2022-08-14 06:15:41,693] {processor.py:153} INFO - Started process (PID=1832) to work on /home/airflow/.local/lib/python3.7/site-packages/airflow/example_dags/example_branch_labels.py
[2022-08-14 06:15:41,695] {processor.py:641} INFO - Processing file /home/airflow/.local/lib/python3.7/site-packages/airflow/example_dags/example_branch_labels.py for tasks to queue
[2022-08-14 06:15:41,698] {logging_mixin.py:115} INFO - [2022-08-14 06:15:41,697] {dagbag.py:508} INFO - Filling up the DagBag from /home/airflow/.local/lib/python3.7/site-packages/airflow/example_dags/example_branch_labels.py
[2022-08-14 06:15:41,718] {processor.py:651} INFO - DAG(s) dict_keys(['example_branch_labels']) retrieved from /home/airflow/.local/lib/python3.7/site-packages/airflow/example_dags/example_branch_labels.py
[2022-08-14 06:15:41,805] {logging_mixin.py:115} INFO - [2022-08-14 06:15:41,805] {dag.py:2420} INFO - Sync 1 DAGs
[2022-08-14 06:15:41,864] {logging_mixin.py:115} INFO - [2022-08-14 06:15:41,863] {dag.py:2972} INFO - Setting next_dagrun for example_branch_labels to 2022-08-13T00:00:00+00:00, run_after=2022-08-14T00:00:00+00:00
[2022-08-14 06:15:41,896] {processor.py:161} INFO - Processing /home/airflow/.local/lib/python3.7/site-packages/airflow/example_dags/example_branch_labels.py took 0.210 seconds
[2022-08-14 06:16:13,849] {processor.py:153} INFO - Started process (PID=1885) to work on /home/airflow/.local/lib/python3.7/site-packages/airflow/example_dags/example_branch_labels.py
[2022-08-14 06:16:13,851] {processor.py:641} INFO - Processing file /home/airflow/.local/lib/python3.7/site-packages/airflow/example_dags/example_branch_labels.py for tasks to queue
[2022-08-14 06:16:13,863] {logging_mixin.py:115} INFO - [2022-08-14 06:16:13,863] {dagbag.py:508} INFO - Filling up the DagBag from /home/airflow/.local/lib/python3.7/site-packages/airflow/example_dags/example_branch_labels.py
[2022-08-14 06:16:13,929] {processor.py:651} INFO - DAG(s) dict_keys(['example_branch_labels']) retrieved from /home/airflow/.local/lib/python3.7/site-packages/airflow/example_dags/example_branch_labels.py
[2022-08-14 06:16:14,132] {logging_mixin.py:115} INFO - [2022-08-14 06:16:14,131] {dag.py:2420} INFO - Sync 1 DAGs
[2022-08-14 06:16:14,246] {logging_mixin.py:115} INFO - [2022-08-14 06:16:14,246] {dag.py:2972} INFO - Setting next_dagrun for example_branch_labels to 2022-08-13T00:00:00+00:00, run_after=2022-08-14T00:00:00+00:00
[2022-08-14 06:16:14,292] {processor.py:161} INFO - Processing /home/airflow/.local/lib/python3.7/site-packages/airflow/example_dags/example_branch_labels.py took 0.474 seconds
[2022-08-14 06:16:45,389] {processor.py:153} INFO - Started process (PID=1930) to work on /home/airflow/.local/lib/python3.7/site-packages/airflow/example_dags/example_branch_labels.py
[2022-08-14 06:16:45,420] {processor.py:641} INFO - Processing file /home/airflow/.local/lib/python3.7/site-packages/airflow/example_dags/example_branch_labels.py for tasks to queue
[2022-08-14 06:16:45,424] {logging_mixin.py:115} INFO - [2022-08-14 06:16:45,424] {dagbag.py:508} INFO - Filling up the DagBag from /home/airflow/.local/lib/python3.7/site-packages/airflow/example_dags/example_branch_labels.py
[2022-08-14 06:16:45,598] {processor.py:651} INFO - DAG(s) dict_keys(['example_branch_labels']) retrieved from /home/airflow/.local/lib/python3.7/site-packages/airflow/example_dags/example_branch_labels.py
[2022-08-14 06:16:46,360] {logging_mixin.py:115} INFO - [2022-08-14 06:16:46,359] {dag.py:2420} INFO - Sync 1 DAGs
[2022-08-14 06:16:46,841] {logging_mixin.py:115} INFO - [2022-08-14 06:16:46,813] {dag.py:2972} INFO - Setting next_dagrun for example_branch_labels to 2022-08-13T00:00:00+00:00, run_after=2022-08-14T00:00:00+00:00
[2022-08-14 06:16:47,024] {processor.py:161} INFO - Processing /home/airflow/.local/lib/python3.7/site-packages/airflow/example_dags/example_branch_labels.py took 1.662 seconds
[2022-08-14 06:17:41,633] {processor.py:153} INFO - Started process (PID=1993) to work on /home/airflow/.local/lib/python3.7/site-packages/airflow/example_dags/example_branch_labels.py
[2022-08-14 06:17:41,642] {processor.py:641} INFO - Processing file /home/airflow/.local/lib/python3.7/site-packages/airflow/example_dags/example_branch_labels.py for tasks to queue
[2022-08-14 06:17:41,648] {logging_mixin.py:115} INFO - [2022-08-14 06:17:41,647] {dagbag.py:508} INFO - Filling up the DagBag from /home/airflow/.local/lib/python3.7/site-packages/airflow/example_dags/example_branch_labels.py
[2022-08-14 06:17:41,691] {processor.py:651} INFO - DAG(s) dict_keys(['example_branch_labels']) retrieved from /home/airflow/.local/lib/python3.7/site-packages/airflow/example_dags/example_branch_labels.py
[2022-08-14 06:17:41,809] {logging_mixin.py:115} INFO - [2022-08-14 06:17:41,809] {dag.py:2420} INFO - Sync 1 DAGs
[2022-08-14 06:17:41,858] {logging_mixin.py:115} INFO - [2022-08-14 06:17:41,858] {dag.py:2972} INFO - Setting next_dagrun for example_branch_labels to 2022-08-13T00:00:00+00:00, run_after=2022-08-14T00:00:00+00:00
[2022-08-14 06:17:41,904] {processor.py:161} INFO - Processing /home/airflow/.local/lib/python3.7/site-packages/airflow/example_dags/example_branch_labels.py took 0.284 seconds
[2022-08-14 07:13:44,080] {processor.py:153} INFO - Started process (PID=2055) to work on /home/airflow/.local/lib/python3.7/site-packages/airflow/example_dags/example_branch_labels.py
[2022-08-14 07:13:44,099] {processor.py:641} INFO - Processing file /home/airflow/.local/lib/python3.7/site-packages/airflow/example_dags/example_branch_labels.py for tasks to queue
[2022-08-14 07:13:44,175] {logging_mixin.py:115} INFO - [2022-08-14 07:13:44,175] {dagbag.py:508} INFO - Filling up the DagBag from /home/airflow/.local/lib/python3.7/site-packages/airflow/example_dags/example_branch_labels.py
[2022-08-14 07:13:44,915] {processor.py:651} INFO - DAG(s) dict_keys(['example_branch_labels']) retrieved from /home/airflow/.local/lib/python3.7/site-packages/airflow/example_dags/example_branch_labels.py
[2022-08-14 07:13:47,062] {logging_mixin.py:115} INFO - [2022-08-14 07:13:47,062] {dag.py:2420} INFO - Sync 1 DAGs
[2022-08-14 07:13:48,775] {logging_mixin.py:115} INFO - [2022-08-14 07:13:48,774] {dag.py:2972} INFO - Setting next_dagrun for example_branch_labels to 2022-08-13T00:00:00+00:00, run_after=2022-08-14T00:00:00+00:00
[2022-08-14 07:13:49,097] {processor.py:161} INFO - Processing /home/airflow/.local/lib/python3.7/site-packages/airflow/example_dags/example_branch_labels.py took 5.140 seconds
[2022-08-14 07:14:24,706] {processor.py:153} INFO - Started process (PID=2109) to work on /home/airflow/.local/lib/python3.7/site-packages/airflow/example_dags/example_branch_labels.py
[2022-08-14 07:14:24,710] {processor.py:641} INFO - Processing file /home/airflow/.local/lib/python3.7/site-packages/airflow/example_dags/example_branch_labels.py for tasks to queue
[2022-08-14 07:14:24,718] {logging_mixin.py:115} INFO - [2022-08-14 07:14:24,717] {dagbag.py:508} INFO - Filling up the DagBag from /home/airflow/.local/lib/python3.7/site-packages/airflow/example_dags/example_branch_labels.py
[2022-08-14 07:14:24,772] {processor.py:651} INFO - DAG(s) dict_keys(['example_branch_labels']) retrieved from /home/airflow/.local/lib/python3.7/site-packages/airflow/example_dags/example_branch_labels.py
[2022-08-14 07:14:24,933] {logging_mixin.py:115} INFO - [2022-08-14 07:14:24,933] {dag.py:2420} INFO - Sync 1 DAGs
[2022-08-14 07:14:25,121] {logging_mixin.py:115} INFO - [2022-08-14 07:14:25,121] {dag.py:2972} INFO - Setting next_dagrun for example_branch_labels to 2022-08-13T00:00:00+00:00, run_after=2022-08-14T00:00:00+00:00
[2022-08-14 07:14:25,286] {processor.py:161} INFO - Processing /home/airflow/.local/lib/python3.7/site-packages/airflow/example_dags/example_branch_labels.py took 0.601 seconds
[2022-08-14 07:14:56,058] {processor.py:153} INFO - Started process (PID=2169) to work on /home/airflow/.local/lib/python3.7/site-packages/airflow/example_dags/example_branch_labels.py
[2022-08-14 07:14:56,064] {processor.py:641} INFO - Processing file /home/airflow/.local/lib/python3.7/site-packages/airflow/example_dags/example_branch_labels.py for tasks to queue
[2022-08-14 07:14:56,078] {logging_mixin.py:115} INFO - [2022-08-14 07:14:56,078] {dagbag.py:508} INFO - Filling up the DagBag from /home/airflow/.local/lib/python3.7/site-packages/airflow/example_dags/example_branch_labels.py
[2022-08-14 07:14:56,137] {processor.py:651} INFO - DAG(s) dict_keys(['example_branch_labels']) retrieved from /home/airflow/.local/lib/python3.7/site-packages/airflow/example_dags/example_branch_labels.py
[2022-08-14 07:14:56,277] {logging_mixin.py:115} INFO - [2022-08-14 07:14:56,276] {dag.py:2420} INFO - Sync 1 DAGs
[2022-08-14 07:14:56,383] {logging_mixin.py:115} INFO - [2022-08-14 07:14:56,382] {dag.py:2972} INFO - Setting next_dagrun for example_branch_labels to 2022-08-13T00:00:00+00:00, run_after=2022-08-14T00:00:00+00:00
[2022-08-14 07:14:56,434] {processor.py:161} INFO - Processing /home/airflow/.local/lib/python3.7/site-packages/airflow/example_dags/example_branch_labels.py took 0.392 seconds
[2022-08-14 07:15:27,143] {processor.py:153} INFO - Started process (PID=2222) to work on /home/airflow/.local/lib/python3.7/site-packages/airflow/example_dags/example_branch_labels.py
[2022-08-14 07:15:27,154] {processor.py:641} INFO - Processing file /home/airflow/.local/lib/python3.7/site-packages/airflow/example_dags/example_branch_labels.py for tasks to queue
[2022-08-14 07:15:27,164] {logging_mixin.py:115} INFO - [2022-08-14 07:15:27,164] {dagbag.py:508} INFO - Filling up the DagBag from /home/airflow/.local/lib/python3.7/site-packages/airflow/example_dags/example_branch_labels.py
[2022-08-14 07:15:27,256] {processor.py:651} INFO - DAG(s) dict_keys(['example_branch_labels']) retrieved from /home/airflow/.local/lib/python3.7/site-packages/airflow/example_dags/example_branch_labels.py
[2022-08-14 07:15:27,361] {logging_mixin.py:115} INFO - [2022-08-14 07:15:27,361] {dag.py:2420} INFO - Sync 1 DAGs
[2022-08-14 07:15:27,434] {logging_mixin.py:115} INFO - [2022-08-14 07:15:27,434] {dag.py:2972} INFO - Setting next_dagrun for example_branch_labels to 2022-08-13T00:00:00+00:00, run_after=2022-08-14T00:00:00+00:00
[2022-08-14 07:15:27,477] {processor.py:161} INFO - Processing /home/airflow/.local/lib/python3.7/site-packages/airflow/example_dags/example_branch_labels.py took 0.353 seconds
