[2022-08-14 05:58:15,457] {processor.py:153} INFO - Started process (PID=83) to work on /home/airflow/.local/lib/python3.7/site-packages/airflow/example_dags/example_subdag_operator.py
[2022-08-14 05:58:15,470] {processor.py:641} INFO - Processing file /home/airflow/.local/lib/python3.7/site-packages/airflow/example_dags/example_subdag_operator.py for tasks to queue
[2022-08-14 05:58:15,487] {logging_mixin.py:115} INFO - [2022-08-14 05:58:15,487] {dagbag.py:508} INFO - Filling up the DagBag from /home/airflow/.local/lib/python3.7/site-packages/airflow/example_dags/example_subdag_operator.py
[2022-08-14 05:58:16,035] {processor.py:651} INFO - DAG(s) dict_keys(['example_subdag_operator.section-1', 'example_subdag_operator.section-2', 'example_subdag_operator']) retrieved from /home/airflow/.local/lib/python3.7/site-packages/airflow/example_dags/example_subdag_operator.py
[2022-08-14 05:58:17,783] {logging_mixin.py:115} INFO - [2022-08-14 05:58:17,783] {manager.py:508} INFO - Created Permission View: can read on DAG:example_subdag_operator
[2022-08-14 05:58:17,939] {logging_mixin.py:115} INFO - [2022-08-14 05:58:17,939] {manager.py:508} INFO - Created Permission View: can delete on DAG:example_subdag_operator
[2022-08-14 05:58:18,035] {logging_mixin.py:115} INFO - [2022-08-14 05:58:18,034] {manager.py:508} INFO - Created Permission View: can edit on DAG:example_subdag_operator
[2022-08-14 05:58:18,036] {logging_mixin.py:115} INFO - [2022-08-14 05:58:18,036] {dag.py:2420} INFO - Sync 3 DAGs
[2022-08-14 05:58:18,144] {logging_mixin.py:115} INFO - [2022-08-14 05:58:18,144] {dag.py:2439} INFO - Creating ORM DAG for example_subdag_operator.section-2
[2022-08-14 05:58:18,159] {logging_mixin.py:115} INFO - [2022-08-14 05:58:18,158] {dag.py:2439} INFO - Creating ORM DAG for example_subdag_operator
[2022-08-14 05:58:18,167] {logging_mixin.py:115} INFO - [2022-08-14 05:58:18,166] {dag.py:2439} INFO - Creating ORM DAG for example_subdag_operator.section-1
[2022-08-14 05:58:18,329] {logging_mixin.py:115} INFO - [2022-08-14 05:58:18,327] {dag.py:2972} INFO - Setting next_dagrun for example_subdag_operator to 2022-01-01T00:00:00+00:00, run_after=2022-01-01T00:00:00+00:00
[2022-08-14 05:58:18,342] {logging_mixin.py:115} INFO - [2022-08-14 05:58:18,341] {dag.py:2972} INFO - Setting next_dagrun for example_subdag_operator.section-1 to None, run_after=None
[2022-08-14 05:58:18,345] {logging_mixin.py:115} INFO - [2022-08-14 05:58:18,345] {dag.py:2972} INFO - Setting next_dagrun for example_subdag_operator.section-2 to None, run_after=None
[2022-08-14 05:58:18,599] {logging_mixin.py:115} INFO - [2022-08-14 05:58:18,599] {dag.py:2420} INFO - Sync 2 DAGs
[2022-08-14 05:58:18,847] {logging_mixin.py:115} INFO - [2022-08-14 05:58:18,847] {dag.py:2972} INFO - Setting next_dagrun for example_subdag_operator.section-1 to None, run_after=None
[2022-08-14 05:58:18,861] {logging_mixin.py:115} INFO - [2022-08-14 05:58:18,860] {dag.py:2972} INFO - Setting next_dagrun for example_subdag_operator.section-2 to None, run_after=None
[2022-08-14 05:58:19,048] {processor.py:161} INFO - Processing /home/airflow/.local/lib/python3.7/site-packages/airflow/example_dags/example_subdag_operator.py took 3.723 seconds
[2022-08-14 05:59:00,293] {processor.py:153} INFO - Started process (PID=144) to work on /home/airflow/.local/lib/python3.7/site-packages/airflow/example_dags/example_subdag_operator.py
[2022-08-14 05:59:00,304] {processor.py:641} INFO - Processing file /home/airflow/.local/lib/python3.7/site-packages/airflow/example_dags/example_subdag_operator.py for tasks to queue
[2022-08-14 05:59:00,310] {logging_mixin.py:115} INFO - [2022-08-14 05:59:00,310] {dagbag.py:508} INFO - Filling up the DagBag from /home/airflow/.local/lib/python3.7/site-packages/airflow/example_dags/example_subdag_operator.py
[2022-08-14 05:59:00,600] {processor.py:651} INFO - DAG(s) dict_keys(['example_subdag_operator.section-1', 'example_subdag_operator.section-2', 'example_subdag_operator']) retrieved from /home/airflow/.local/lib/python3.7/site-packages/airflow/example_dags/example_subdag_operator.py
[2022-08-14 05:59:01,034] {logging_mixin.py:115} INFO - [2022-08-14 05:59:01,034] {dag.py:2420} INFO - Sync 3 DAGs
[2022-08-14 05:59:01,306] {logging_mixin.py:115} INFO - [2022-08-14 05:59:01,305] {dag.py:2972} INFO - Setting next_dagrun for example_subdag_operator to 2022-01-01T00:00:00+00:00, run_after=2022-01-01T00:00:00+00:00
[2022-08-14 05:59:01,312] {logging_mixin.py:115} INFO - [2022-08-14 05:59:01,312] {dag.py:2972} INFO - Setting next_dagrun for example_subdag_operator.section-1 to None, run_after=None
[2022-08-14 05:59:01,323] {logging_mixin.py:115} INFO - [2022-08-14 05:59:01,323] {dag.py:2972} INFO - Setting next_dagrun for example_subdag_operator.section-2 to None, run_after=None
[2022-08-14 05:59:01,473] {logging_mixin.py:115} INFO - [2022-08-14 05:59:01,473] {dag.py:2420} INFO - Sync 2 DAGs
[2022-08-14 05:59:01,530] {logging_mixin.py:115} INFO - [2022-08-14 05:59:01,530] {dag.py:2972} INFO - Setting next_dagrun for example_subdag_operator.section-1 to None, run_after=None
[2022-08-14 05:59:01,535] {logging_mixin.py:115} INFO - [2022-08-14 05:59:01,534] {dag.py:2972} INFO - Setting next_dagrun for example_subdag_operator.section-2 to None, run_after=None
[2022-08-14 05:59:01,725] {processor.py:161} INFO - Processing /home/airflow/.local/lib/python3.7/site-packages/airflow/example_dags/example_subdag_operator.py took 1.470 seconds
[2022-08-14 05:59:32,375] {processor.py:153} INFO - Started process (PID=189) to work on /home/airflow/.local/lib/python3.7/site-packages/airflow/example_dags/example_subdag_operator.py
[2022-08-14 05:59:32,382] {processor.py:641} INFO - Processing file /home/airflow/.local/lib/python3.7/site-packages/airflow/example_dags/example_subdag_operator.py for tasks to queue
[2022-08-14 05:59:32,386] {logging_mixin.py:115} INFO - [2022-08-14 05:59:32,386] {dagbag.py:508} INFO - Filling up the DagBag from /home/airflow/.local/lib/python3.7/site-packages/airflow/example_dags/example_subdag_operator.py
[2022-08-14 05:59:32,492] {processor.py:651} INFO - DAG(s) dict_keys(['example_subdag_operator.section-1', 'example_subdag_operator.section-2', 'example_subdag_operator']) retrieved from /home/airflow/.local/lib/python3.7/site-packages/airflow/example_dags/example_subdag_operator.py
[2022-08-14 05:59:32,686] {logging_mixin.py:115} INFO - [2022-08-14 05:59:32,686] {dag.py:2420} INFO - Sync 3 DAGs
[2022-08-14 05:59:32,806] {logging_mixin.py:115} INFO - [2022-08-14 05:59:32,806] {dag.py:2972} INFO - Setting next_dagrun for example_subdag_operator to 2022-01-01T00:00:00+00:00, run_after=2022-01-01T00:00:00+00:00
[2022-08-14 05:59:32,808] {logging_mixin.py:115} INFO - [2022-08-14 05:59:32,808] {dag.py:2972} INFO - Setting next_dagrun for example_subdag_operator.section-1 to None, run_after=None
[2022-08-14 05:59:32,810] {logging_mixin.py:115} INFO - [2022-08-14 05:59:32,809] {dag.py:2972} INFO - Setting next_dagrun for example_subdag_operator.section-2 to None, run_after=None
[2022-08-14 05:59:32,850] {logging_mixin.py:115} INFO - [2022-08-14 05:59:32,841] {dag.py:2420} INFO - Sync 2 DAGs
[2022-08-14 05:59:32,888] {logging_mixin.py:115} INFO - [2022-08-14 05:59:32,888] {dag.py:2972} INFO - Setting next_dagrun for example_subdag_operator.section-1 to None, run_after=None
[2022-08-14 05:59:32,889] {logging_mixin.py:115} INFO - [2022-08-14 05:59:32,889] {dag.py:2972} INFO - Setting next_dagrun for example_subdag_operator.section-2 to None, run_after=None
[2022-08-14 05:59:32,967] {processor.py:161} INFO - Processing /home/airflow/.local/lib/python3.7/site-packages/airflow/example_dags/example_subdag_operator.py took 0.642 seconds
[2022-08-14 06:00:03,142] {processor.py:153} INFO - Started process (PID=243) to work on /home/airflow/.local/lib/python3.7/site-packages/airflow/example_dags/example_subdag_operator.py
[2022-08-14 06:00:03,146] {processor.py:641} INFO - Processing file /home/airflow/.local/lib/python3.7/site-packages/airflow/example_dags/example_subdag_operator.py for tasks to queue
[2022-08-14 06:00:03,148] {logging_mixin.py:115} INFO - [2022-08-14 06:00:03,148] {dagbag.py:508} INFO - Filling up the DagBag from /home/airflow/.local/lib/python3.7/site-packages/airflow/example_dags/example_subdag_operator.py
[2022-08-14 06:00:03,222] {processor.py:651} INFO - DAG(s) dict_keys(['example_subdag_operator.section-1', 'example_subdag_operator.section-2', 'example_subdag_operator']) retrieved from /home/airflow/.local/lib/python3.7/site-packages/airflow/example_dags/example_subdag_operator.py
[2022-08-14 06:00:03,300] {logging_mixin.py:115} INFO - [2022-08-14 06:00:03,300] {dag.py:2420} INFO - Sync 3 DAGs
[2022-08-14 06:00:03,359] {logging_mixin.py:115} INFO - [2022-08-14 06:00:03,359] {dag.py:2972} INFO - Setting next_dagrun for example_subdag_operator to 2022-01-01T00:00:00+00:00, run_after=2022-01-01T00:00:00+00:00
[2022-08-14 06:00:03,362] {logging_mixin.py:115} INFO - [2022-08-14 06:00:03,362] {dag.py:2972} INFO - Setting next_dagrun for example_subdag_operator.section-1 to None, run_after=None
[2022-08-14 06:00:03,367] {logging_mixin.py:115} INFO - [2022-08-14 06:00:03,366] {dag.py:2972} INFO - Setting next_dagrun for example_subdag_operator.section-2 to None, run_after=None
[2022-08-14 06:00:03,397] {logging_mixin.py:115} INFO - [2022-08-14 06:00:03,396] {dag.py:2420} INFO - Sync 2 DAGs
[2022-08-14 06:00:03,420] {logging_mixin.py:115} INFO - [2022-08-14 06:00:03,420] {dag.py:2972} INFO - Setting next_dagrun for example_subdag_operator.section-1 to None, run_after=None
[2022-08-14 06:00:03,426] {logging_mixin.py:115} INFO - [2022-08-14 06:00:03,425] {dag.py:2972} INFO - Setting next_dagrun for example_subdag_operator.section-2 to None, run_after=None
[2022-08-14 06:00:03,473] {processor.py:161} INFO - Processing /home/airflow/.local/lib/python3.7/site-packages/airflow/example_dags/example_subdag_operator.py took 0.339 seconds
[2022-08-14 06:00:34,133] {processor.py:153} INFO - Started process (PID=297) to work on /home/airflow/.local/lib/python3.7/site-packages/airflow/example_dags/example_subdag_operator.py
[2022-08-14 06:00:34,136] {processor.py:641} INFO - Processing file /home/airflow/.local/lib/python3.7/site-packages/airflow/example_dags/example_subdag_operator.py for tasks to queue
[2022-08-14 06:00:34,139] {logging_mixin.py:115} INFO - [2022-08-14 06:00:34,139] {dagbag.py:508} INFO - Filling up the DagBag from /home/airflow/.local/lib/python3.7/site-packages/airflow/example_dags/example_subdag_operator.py
[2022-08-14 06:00:34,223] {processor.py:651} INFO - DAG(s) dict_keys(['example_subdag_operator.section-1', 'example_subdag_operator.section-2', 'example_subdag_operator']) retrieved from /home/airflow/.local/lib/python3.7/site-packages/airflow/example_dags/example_subdag_operator.py
[2022-08-14 06:00:34,315] {logging_mixin.py:115} INFO - [2022-08-14 06:00:34,315] {dag.py:2420} INFO - Sync 3 DAGs
[2022-08-14 06:00:34,412] {logging_mixin.py:115} INFO - [2022-08-14 06:00:34,412] {dag.py:2972} INFO - Setting next_dagrun for example_subdag_operator to 2022-01-01T00:00:00+00:00, run_after=2022-01-01T00:00:00+00:00
[2022-08-14 06:00:34,417] {logging_mixin.py:115} INFO - [2022-08-14 06:00:34,416] {dag.py:2972} INFO - Setting next_dagrun for example_subdag_operator.section-1 to None, run_after=None
[2022-08-14 06:00:34,434] {logging_mixin.py:115} INFO - [2022-08-14 06:00:34,434] {dag.py:2972} INFO - Setting next_dagrun for example_subdag_operator.section-2 to None, run_after=None
[2022-08-14 06:00:34,487] {logging_mixin.py:115} INFO - [2022-08-14 06:00:34,487] {dag.py:2420} INFO - Sync 2 DAGs
[2022-08-14 06:00:34,526] {logging_mixin.py:115} INFO - [2022-08-14 06:00:34,526] {dag.py:2972} INFO - Setting next_dagrun for example_subdag_operator.section-1 to None, run_after=None
[2022-08-14 06:00:34,533] {logging_mixin.py:115} INFO - [2022-08-14 06:00:34,532] {dag.py:2972} INFO - Setting next_dagrun for example_subdag_operator.section-2 to None, run_after=None
[2022-08-14 06:00:34,572] {processor.py:161} INFO - Processing /home/airflow/.local/lib/python3.7/site-packages/airflow/example_dags/example_subdag_operator.py took 0.453 seconds
[2022-08-14 06:01:04,867] {processor.py:153} INFO - Started process (PID=351) to work on /home/airflow/.local/lib/python3.7/site-packages/airflow/example_dags/example_subdag_operator.py
[2022-08-14 06:01:04,874] {processor.py:641} INFO - Processing file /home/airflow/.local/lib/python3.7/site-packages/airflow/example_dags/example_subdag_operator.py for tasks to queue
[2022-08-14 06:01:04,877] {logging_mixin.py:115} INFO - [2022-08-14 06:01:04,876] {dagbag.py:508} INFO - Filling up the DagBag from /home/airflow/.local/lib/python3.7/site-packages/airflow/example_dags/example_subdag_operator.py
[2022-08-14 06:01:04,971] {processor.py:651} INFO - DAG(s) dict_keys(['example_subdag_operator.section-1', 'example_subdag_operator.section-2', 'example_subdag_operator']) retrieved from /home/airflow/.local/lib/python3.7/site-packages/airflow/example_dags/example_subdag_operator.py
[2022-08-14 06:01:05,050] {logging_mixin.py:115} INFO - [2022-08-14 06:01:05,050] {dag.py:2420} INFO - Sync 3 DAGs
[2022-08-14 06:01:05,096] {logging_mixin.py:115} INFO - [2022-08-14 06:01:05,096] {dag.py:2972} INFO - Setting next_dagrun for example_subdag_operator to 2022-01-01T00:00:00+00:00, run_after=2022-01-01T00:00:00+00:00
[2022-08-14 06:01:05,098] {logging_mixin.py:115} INFO - [2022-08-14 06:01:05,098] {dag.py:2972} INFO - Setting next_dagrun for example_subdag_operator.section-1 to None, run_after=None
[2022-08-14 06:01:05,100] {logging_mixin.py:115} INFO - [2022-08-14 06:01:05,100] {dag.py:2972} INFO - Setting next_dagrun for example_subdag_operator.section-2 to None, run_after=None
[2022-08-14 06:01:05,114] {logging_mixin.py:115} INFO - [2022-08-14 06:01:05,114] {dag.py:2420} INFO - Sync 2 DAGs
[2022-08-14 06:01:05,127] {logging_mixin.py:115} INFO - [2022-08-14 06:01:05,127] {dag.py:2972} INFO - Setting next_dagrun for example_subdag_operator.section-1 to None, run_after=None
[2022-08-14 06:01:05,128] {logging_mixin.py:115} INFO - [2022-08-14 06:01:05,128] {dag.py:2972} INFO - Setting next_dagrun for example_subdag_operator.section-2 to None, run_after=None
[2022-08-14 06:01:05,144] {processor.py:161} INFO - Processing /home/airflow/.local/lib/python3.7/site-packages/airflow/example_dags/example_subdag_operator.py took 0.287 seconds
[2022-08-14 06:01:35,427] {processor.py:153} INFO - Started process (PID=405) to work on /home/airflow/.local/lib/python3.7/site-packages/airflow/example_dags/example_subdag_operator.py
[2022-08-14 06:01:35,439] {processor.py:641} INFO - Processing file /home/airflow/.local/lib/python3.7/site-packages/airflow/example_dags/example_subdag_operator.py for tasks to queue
[2022-08-14 06:01:35,444] {logging_mixin.py:115} INFO - [2022-08-14 06:01:35,444] {dagbag.py:508} INFO - Filling up the DagBag from /home/airflow/.local/lib/python3.7/site-packages/airflow/example_dags/example_subdag_operator.py
[2022-08-14 06:01:35,585] {processor.py:651} INFO - DAG(s) dict_keys(['example_subdag_operator.section-1', 'example_subdag_operator.section-2', 'example_subdag_operator']) retrieved from /home/airflow/.local/lib/python3.7/site-packages/airflow/example_dags/example_subdag_operator.py
[2022-08-14 06:01:35,677] {logging_mixin.py:115} INFO - [2022-08-14 06:01:35,677] {dag.py:2420} INFO - Sync 3 DAGs
[2022-08-14 06:01:35,719] {logging_mixin.py:115} INFO - [2022-08-14 06:01:35,719] {dag.py:2972} INFO - Setting next_dagrun for example_subdag_operator to 2022-01-01T00:00:00+00:00, run_after=2022-01-01T00:00:00+00:00
[2022-08-14 06:01:35,721] {logging_mixin.py:115} INFO - [2022-08-14 06:01:35,720] {dag.py:2972} INFO - Setting next_dagrun for example_subdag_operator.section-1 to None, run_after=None
[2022-08-14 06:01:35,722] {logging_mixin.py:115} INFO - [2022-08-14 06:01:35,722] {dag.py:2972} INFO - Setting next_dagrun for example_subdag_operator.section-2 to None, run_after=None
[2022-08-14 06:01:35,737] {logging_mixin.py:115} INFO - [2022-08-14 06:01:35,737] {dag.py:2420} INFO - Sync 2 DAGs
[2022-08-14 06:01:35,750] {logging_mixin.py:115} INFO - [2022-08-14 06:01:35,750] {dag.py:2972} INFO - Setting next_dagrun for example_subdag_operator.section-1 to None, run_after=None
[2022-08-14 06:01:35,752] {logging_mixin.py:115} INFO - [2022-08-14 06:01:35,752] {dag.py:2972} INFO - Setting next_dagrun for example_subdag_operator.section-2 to None, run_after=None
[2022-08-14 06:01:35,768] {processor.py:161} INFO - Processing /home/airflow/.local/lib/python3.7/site-packages/airflow/example_dags/example_subdag_operator.py took 0.357 seconds
[2022-08-14 06:02:05,973] {processor.py:153} INFO - Started process (PID=456) to work on /home/airflow/.local/lib/python3.7/site-packages/airflow/example_dags/example_subdag_operator.py
[2022-08-14 06:02:05,975] {processor.py:641} INFO - Processing file /home/airflow/.local/lib/python3.7/site-packages/airflow/example_dags/example_subdag_operator.py for tasks to queue
[2022-08-14 06:02:05,977] {logging_mixin.py:115} INFO - [2022-08-14 06:02:05,977] {dagbag.py:508} INFO - Filling up the DagBag from /home/airflow/.local/lib/python3.7/site-packages/airflow/example_dags/example_subdag_operator.py
[2022-08-14 06:02:06,048] {processor.py:651} INFO - DAG(s) dict_keys(['example_subdag_operator.section-1', 'example_subdag_operator.section-2', 'example_subdag_operator']) retrieved from /home/airflow/.local/lib/python3.7/site-packages/airflow/example_dags/example_subdag_operator.py
[2022-08-14 06:02:06,180] {logging_mixin.py:115} INFO - [2022-08-14 06:02:06,179] {dag.py:2420} INFO - Sync 3 DAGs
[2022-08-14 06:02:06,277] {logging_mixin.py:115} INFO - [2022-08-14 06:02:06,277] {dag.py:2972} INFO - Setting next_dagrun for example_subdag_operator to 2022-01-01T00:00:00+00:00, run_after=2022-01-01T00:00:00+00:00
[2022-08-14 06:02:06,284] {logging_mixin.py:115} INFO - [2022-08-14 06:02:06,283] {dag.py:2972} INFO - Setting next_dagrun for example_subdag_operator.section-1 to None, run_after=None
[2022-08-14 06:02:06,286] {logging_mixin.py:115} INFO - [2022-08-14 06:02:06,286] {dag.py:2972} INFO - Setting next_dagrun for example_subdag_operator.section-2 to None, run_after=None
[2022-08-14 06:02:06,310] {logging_mixin.py:115} INFO - [2022-08-14 06:02:06,310] {dag.py:2420} INFO - Sync 2 DAGs
[2022-08-14 06:02:06,331] {logging_mixin.py:115} INFO - [2022-08-14 06:02:06,331] {dag.py:2972} INFO - Setting next_dagrun for example_subdag_operator.section-1 to None, run_after=None
[2022-08-14 06:02:06,334] {logging_mixin.py:115} INFO - [2022-08-14 06:02:06,334] {dag.py:2972} INFO - Setting next_dagrun for example_subdag_operator.section-2 to None, run_after=None
[2022-08-14 06:02:06,361] {processor.py:161} INFO - Processing /home/airflow/.local/lib/python3.7/site-packages/airflow/example_dags/example_subdag_operator.py took 0.395 seconds
[2022-08-14 06:02:44,229] {processor.py:153} INFO - Started process (PID=509) to work on /home/airflow/.local/lib/python3.7/site-packages/airflow/example_dags/example_subdag_operator.py
[2022-08-14 06:02:44,237] {processor.py:641} INFO - Processing file /home/airflow/.local/lib/python3.7/site-packages/airflow/example_dags/example_subdag_operator.py for tasks to queue
[2022-08-14 06:02:44,259] {logging_mixin.py:115} INFO - [2022-08-14 06:02:44,248] {dagbag.py:508} INFO - Filling up the DagBag from /home/airflow/.local/lib/python3.7/site-packages/airflow/example_dags/example_subdag_operator.py
[2022-08-14 06:02:44,735] {processor.py:651} INFO - DAG(s) dict_keys(['example_subdag_operator.section-1', 'example_subdag_operator.section-2', 'example_subdag_operator']) retrieved from /home/airflow/.local/lib/python3.7/site-packages/airflow/example_dags/example_subdag_operator.py
[2022-08-14 06:02:46,025] {logging_mixin.py:115} INFO - [2022-08-14 06:02:46,025] {dag.py:2420} INFO - Sync 3 DAGs
[2022-08-14 06:02:46,770] {logging_mixin.py:115} INFO - [2022-08-14 06:02:46,759] {dag.py:2972} INFO - Setting next_dagrun for example_subdag_operator to 2022-01-01T00:00:00+00:00, run_after=2022-01-01T00:00:00+00:00
[2022-08-14 06:02:46,779] {logging_mixin.py:115} INFO - [2022-08-14 06:02:46,779] {dag.py:2972} INFO - Setting next_dagrun for example_subdag_operator.section-1 to None, run_after=None
[2022-08-14 06:02:46,785] {logging_mixin.py:115} INFO - [2022-08-14 06:02:46,785] {dag.py:2972} INFO - Setting next_dagrun for example_subdag_operator.section-2 to None, run_after=None
[2022-08-14 06:02:46,895] {logging_mixin.py:115} INFO - [2022-08-14 06:02:46,895] {dag.py:2420} INFO - Sync 2 DAGs
[2022-08-14 06:02:46,975] {logging_mixin.py:115} INFO - [2022-08-14 06:02:46,975] {dag.py:2972} INFO - Setting next_dagrun for example_subdag_operator.section-1 to None, run_after=None
[2022-08-14 06:02:46,987] {logging_mixin.py:115} INFO - [2022-08-14 06:02:46,979] {dag.py:2972} INFO - Setting next_dagrun for example_subdag_operator.section-2 to None, run_after=None
[2022-08-14 06:02:47,749] {processor.py:161} INFO - Processing /home/airflow/.local/lib/python3.7/site-packages/airflow/example_dags/example_subdag_operator.py took 3.586 seconds
[2022-08-14 06:03:40,259] {processor.py:153} INFO - Started process (PID=570) to work on /home/airflow/.local/lib/python3.7/site-packages/airflow/example_dags/example_subdag_operator.py
[2022-08-14 06:03:40,293] {processor.py:641} INFO - Processing file /home/airflow/.local/lib/python3.7/site-packages/airflow/example_dags/example_subdag_operator.py for tasks to queue
[2022-08-14 06:03:40,318] {logging_mixin.py:115} INFO - [2022-08-14 06:03:40,318] {dagbag.py:508} INFO - Filling up the DagBag from /home/airflow/.local/lib/python3.7/site-packages/airflow/example_dags/example_subdag_operator.py
[2022-08-14 06:03:41,139] {processor.py:651} INFO - DAG(s) dict_keys(['example_subdag_operator.section-1', 'example_subdag_operator.section-2', 'example_subdag_operator']) retrieved from /home/airflow/.local/lib/python3.7/site-packages/airflow/example_dags/example_subdag_operator.py
[2022-08-14 06:03:42,617] {logging_mixin.py:115} INFO - [2022-08-14 06:03:42,617] {dag.py:2420} INFO - Sync 3 DAGs
[2022-08-14 06:03:43,177] {logging_mixin.py:115} INFO - [2022-08-14 06:03:43,177] {dag.py:2972} INFO - Setting next_dagrun for example_subdag_operator to 2022-01-01T00:00:00+00:00, run_after=2022-01-01T00:00:00+00:00
[2022-08-14 06:03:43,187] {logging_mixin.py:115} INFO - [2022-08-14 06:03:43,187] {dag.py:2972} INFO - Setting next_dagrun for example_subdag_operator.section-1 to None, run_after=None
[2022-08-14 06:03:43,201] {logging_mixin.py:115} INFO - [2022-08-14 06:03:43,201] {dag.py:2972} INFO - Setting next_dagrun for example_subdag_operator.section-2 to None, run_after=None
[2022-08-14 06:03:43,271] {logging_mixin.py:115} INFO - [2022-08-14 06:03:43,271] {dag.py:2420} INFO - Sync 2 DAGs
[2022-08-14 06:03:43,359] {logging_mixin.py:115} INFO - [2022-08-14 06:03:43,358] {dag.py:2972} INFO - Setting next_dagrun for example_subdag_operator.section-1 to None, run_after=None
[2022-08-14 06:03:43,374] {logging_mixin.py:115} INFO - [2022-08-14 06:03:43,374] {dag.py:2972} INFO - Setting next_dagrun for example_subdag_operator.section-2 to None, run_after=None
[2022-08-14 06:03:43,517] {processor.py:161} INFO - Processing /home/airflow/.local/lib/python3.7/site-packages/airflow/example_dags/example_subdag_operator.py took 3.512 seconds
[2022-08-14 06:04:30,631] {processor.py:153} INFO - Started process (PID=632) to work on /home/airflow/.local/lib/python3.7/site-packages/airflow/example_dags/example_subdag_operator.py
[2022-08-14 06:04:30,647] {processor.py:641} INFO - Processing file /home/airflow/.local/lib/python3.7/site-packages/airflow/example_dags/example_subdag_operator.py for tasks to queue
[2022-08-14 06:04:30,657] {logging_mixin.py:115} INFO - [2022-08-14 06:04:30,652] {dagbag.py:508} INFO - Filling up the DagBag from /home/airflow/.local/lib/python3.7/site-packages/airflow/example_dags/example_subdag_operator.py
[2022-08-14 06:04:31,055] {processor.py:651} INFO - DAG(s) dict_keys(['example_subdag_operator.section-1', 'example_subdag_operator.section-2', 'example_subdag_operator']) retrieved from /home/airflow/.local/lib/python3.7/site-packages/airflow/example_dags/example_subdag_operator.py
[2022-08-14 06:04:32,426] {logging_mixin.py:115} INFO - [2022-08-14 06:04:32,422] {dag.py:2420} INFO - Sync 3 DAGs
[2022-08-14 06:04:33,379] {logging_mixin.py:115} INFO - [2022-08-14 06:04:33,379] {dag.py:2972} INFO - Setting next_dagrun for example_subdag_operator to 2022-01-01T00:00:00+00:00, run_after=2022-01-01T00:00:00+00:00
[2022-08-14 06:04:33,395] {logging_mixin.py:115} INFO - [2022-08-14 06:04:33,395] {dag.py:2972} INFO - Setting next_dagrun for example_subdag_operator.section-1 to None, run_after=None
[2022-08-14 06:04:33,428] {logging_mixin.py:115} INFO - [2022-08-14 06:04:33,412] {dag.py:2972} INFO - Setting next_dagrun for example_subdag_operator.section-2 to None, run_after=None
[2022-08-14 06:04:33,687] {logging_mixin.py:115} INFO - [2022-08-14 06:04:33,686] {dag.py:2420} INFO - Sync 2 DAGs
[2022-08-14 06:04:33,820] {logging_mixin.py:115} INFO - [2022-08-14 06:04:33,820] {dag.py:2972} INFO - Setting next_dagrun for example_subdag_operator.section-1 to None, run_after=None
[2022-08-14 06:04:33,844] {logging_mixin.py:115} INFO - [2022-08-14 06:04:33,843] {dag.py:2972} INFO - Setting next_dagrun for example_subdag_operator.section-2 to None, run_after=None
[2022-08-14 06:04:34,097] {processor.py:161} INFO - Processing /home/airflow/.local/lib/python3.7/site-packages/airflow/example_dags/example_subdag_operator.py took 3.499 seconds
[2022-08-14 06:05:04,636] {processor.py:153} INFO - Started process (PID=688) to work on /home/airflow/.local/lib/python3.7/site-packages/airflow/example_dags/example_subdag_operator.py
[2022-08-14 06:05:04,645] {processor.py:641} INFO - Processing file /home/airflow/.local/lib/python3.7/site-packages/airflow/example_dags/example_subdag_operator.py for tasks to queue
[2022-08-14 06:05:04,650] {logging_mixin.py:115} INFO - [2022-08-14 06:05:04,649] {dagbag.py:508} INFO - Filling up the DagBag from /home/airflow/.local/lib/python3.7/site-packages/airflow/example_dags/example_subdag_operator.py
[2022-08-14 06:05:04,737] {processor.py:651} INFO - DAG(s) dict_keys(['example_subdag_operator.section-1', 'example_subdag_operator.section-2', 'example_subdag_operator']) retrieved from /home/airflow/.local/lib/python3.7/site-packages/airflow/example_dags/example_subdag_operator.py
[2022-08-14 06:05:04,996] {logging_mixin.py:115} INFO - [2022-08-14 06:05:04,995] {dag.py:2420} INFO - Sync 3 DAGs
[2022-08-14 06:05:05,418] {logging_mixin.py:115} INFO - [2022-08-14 06:05:05,418] {dag.py:2972} INFO - Setting next_dagrun for example_subdag_operator to 2022-01-01T00:00:00+00:00, run_after=2022-01-01T00:00:00+00:00
[2022-08-14 06:05:05,529] {logging_mixin.py:115} INFO - [2022-08-14 06:05:05,529] {dag.py:2972} INFO - Setting next_dagrun for example_subdag_operator.section-1 to None, run_after=None
[2022-08-14 06:05:05,636] {logging_mixin.py:115} INFO - [2022-08-14 06:05:05,635] {dag.py:2972} INFO - Setting next_dagrun for example_subdag_operator.section-2 to None, run_after=None
[2022-08-14 06:05:05,816] {logging_mixin.py:115} INFO - [2022-08-14 06:05:05,816] {dag.py:2420} INFO - Sync 2 DAGs
[2022-08-14 06:05:05,862] {logging_mixin.py:115} INFO - [2022-08-14 06:05:05,862] {dag.py:2972} INFO - Setting next_dagrun for example_subdag_operator.section-1 to None, run_after=None
[2022-08-14 06:05:05,864] {logging_mixin.py:115} INFO - [2022-08-14 06:05:05,864] {dag.py:2972} INFO - Setting next_dagrun for example_subdag_operator.section-2 to None, run_after=None
[2022-08-14 06:05:05,919] {processor.py:161} INFO - Processing /home/airflow/.local/lib/python3.7/site-packages/airflow/example_dags/example_subdag_operator.py took 1.320 seconds
[2022-08-14 06:05:36,409] {processor.py:153} INFO - Started process (PID=741) to work on /home/airflow/.local/lib/python3.7/site-packages/airflow/example_dags/example_subdag_operator.py
[2022-08-14 06:05:36,420] {processor.py:641} INFO - Processing file /home/airflow/.local/lib/python3.7/site-packages/airflow/example_dags/example_subdag_operator.py for tasks to queue
[2022-08-14 06:05:36,424] {logging_mixin.py:115} INFO - [2022-08-14 06:05:36,424] {dagbag.py:508} INFO - Filling up the DagBag from /home/airflow/.local/lib/python3.7/site-packages/airflow/example_dags/example_subdag_operator.py
[2022-08-14 06:05:36,528] {processor.py:651} INFO - DAG(s) dict_keys(['example_subdag_operator.section-1', 'example_subdag_operator.section-2', 'example_subdag_operator']) retrieved from /home/airflow/.local/lib/python3.7/site-packages/airflow/example_dags/example_subdag_operator.py
[2022-08-14 06:05:36,623] {logging_mixin.py:115} INFO - [2022-08-14 06:05:36,623] {dag.py:2420} INFO - Sync 3 DAGs
[2022-08-14 06:05:36,683] {logging_mixin.py:115} INFO - [2022-08-14 06:05:36,683] {dag.py:2972} INFO - Setting next_dagrun for example_subdag_operator to 2022-01-01T00:00:00+00:00, run_after=2022-01-01T00:00:00+00:00
[2022-08-14 06:05:36,685] {logging_mixin.py:115} INFO - [2022-08-14 06:05:36,685] {dag.py:2972} INFO - Setting next_dagrun for example_subdag_operator.section-1 to None, run_after=None
[2022-08-14 06:05:36,687] {logging_mixin.py:115} INFO - [2022-08-14 06:05:36,687] {dag.py:2972} INFO - Setting next_dagrun for example_subdag_operator.section-2 to None, run_after=None
[2022-08-14 06:05:36,788] {logging_mixin.py:115} INFO - [2022-08-14 06:05:36,787] {dag.py:2420} INFO - Sync 2 DAGs
[2022-08-14 06:05:36,884] {logging_mixin.py:115} INFO - [2022-08-14 06:05:36,884] {dag.py:2972} INFO - Setting next_dagrun for example_subdag_operator.section-1 to None, run_after=None
[2022-08-14 06:05:36,896] {logging_mixin.py:115} INFO - [2022-08-14 06:05:36,895] {dag.py:2972} INFO - Setting next_dagrun for example_subdag_operator.section-2 to None, run_after=None
[2022-08-14 06:05:36,963] {processor.py:161} INFO - Processing /home/airflow/.local/lib/python3.7/site-packages/airflow/example_dags/example_subdag_operator.py took 0.564 seconds
[2022-08-14 06:06:07,103] {processor.py:153} INFO - Started process (PID=797) to work on /home/airflow/.local/lib/python3.7/site-packages/airflow/example_dags/example_subdag_operator.py
[2022-08-14 06:06:07,105] {processor.py:641} INFO - Processing file /home/airflow/.local/lib/python3.7/site-packages/airflow/example_dags/example_subdag_operator.py for tasks to queue
[2022-08-14 06:06:07,107] {logging_mixin.py:115} INFO - [2022-08-14 06:06:07,107] {dagbag.py:508} INFO - Filling up the DagBag from /home/airflow/.local/lib/python3.7/site-packages/airflow/example_dags/example_subdag_operator.py
[2022-08-14 06:06:07,161] {processor.py:651} INFO - DAG(s) dict_keys(['example_subdag_operator.section-1', 'example_subdag_operator.section-2', 'example_subdag_operator']) retrieved from /home/airflow/.local/lib/python3.7/site-packages/airflow/example_dags/example_subdag_operator.py
[2022-08-14 06:06:07,231] {logging_mixin.py:115} INFO - [2022-08-14 06:06:07,231] {dag.py:2420} INFO - Sync 3 DAGs
[2022-08-14 06:06:07,266] {logging_mixin.py:115} INFO - [2022-08-14 06:06:07,265] {dag.py:2972} INFO - Setting next_dagrun for example_subdag_operator to 2022-01-01T00:00:00+00:00, run_after=2022-01-01T00:00:00+00:00
[2022-08-14 06:06:07,267] {logging_mixin.py:115} INFO - [2022-08-14 06:06:07,267] {dag.py:2972} INFO - Setting next_dagrun for example_subdag_operator.section-1 to None, run_after=None
[2022-08-14 06:06:07,268] {logging_mixin.py:115} INFO - [2022-08-14 06:06:07,268] {dag.py:2972} INFO - Setting next_dagrun for example_subdag_operator.section-2 to None, run_after=None
[2022-08-14 06:06:07,281] {logging_mixin.py:115} INFO - [2022-08-14 06:06:07,281] {dag.py:2420} INFO - Sync 2 DAGs
[2022-08-14 06:06:07,290] {logging_mixin.py:115} INFO - [2022-08-14 06:06:07,290] {dag.py:2972} INFO - Setting next_dagrun for example_subdag_operator.section-1 to None, run_after=None
[2022-08-14 06:06:07,292] {logging_mixin.py:115} INFO - [2022-08-14 06:06:07,291] {dag.py:2972} INFO - Setting next_dagrun for example_subdag_operator.section-2 to None, run_after=None
[2022-08-14 06:06:07,306] {processor.py:161} INFO - Processing /home/airflow/.local/lib/python3.7/site-packages/airflow/example_dags/example_subdag_operator.py took 0.209 seconds
[2022-08-14 06:06:37,451] {processor.py:153} INFO - Started process (PID=849) to work on /home/airflow/.local/lib/python3.7/site-packages/airflow/example_dags/example_subdag_operator.py
[2022-08-14 06:06:37,454] {processor.py:641} INFO - Processing file /home/airflow/.local/lib/python3.7/site-packages/airflow/example_dags/example_subdag_operator.py for tasks to queue
[2022-08-14 06:06:37,463] {logging_mixin.py:115} INFO - [2022-08-14 06:06:37,463] {dagbag.py:508} INFO - Filling up the DagBag from /home/airflow/.local/lib/python3.7/site-packages/airflow/example_dags/example_subdag_operator.py
[2022-08-14 06:06:37,553] {processor.py:651} INFO - DAG(s) dict_keys(['example_subdag_operator.section-1', 'example_subdag_operator.section-2', 'example_subdag_operator']) retrieved from /home/airflow/.local/lib/python3.7/site-packages/airflow/example_dags/example_subdag_operator.py
[2022-08-14 06:06:37,841] {logging_mixin.py:115} INFO - [2022-08-14 06:06:37,841] {dag.py:2420} INFO - Sync 3 DAGs
[2022-08-14 06:06:38,143] {logging_mixin.py:115} INFO - [2022-08-14 06:06:38,142] {dag.py:2972} INFO - Setting next_dagrun for example_subdag_operator to 2022-01-01T00:00:00+00:00, run_after=2022-01-01T00:00:00+00:00
[2022-08-14 06:06:38,150] {logging_mixin.py:115} INFO - [2022-08-14 06:06:38,149] {dag.py:2972} INFO - Setting next_dagrun for example_subdag_operator.section-1 to None, run_after=None
[2022-08-14 06:06:38,153] {logging_mixin.py:115} INFO - [2022-08-14 06:06:38,152] {dag.py:2972} INFO - Setting next_dagrun for example_subdag_operator.section-2 to None, run_after=None
[2022-08-14 06:06:38,181] {logging_mixin.py:115} INFO - [2022-08-14 06:06:38,180] {dag.py:2420} INFO - Sync 2 DAGs
[2022-08-14 06:06:38,215] {logging_mixin.py:115} INFO - [2022-08-14 06:06:38,215] {dag.py:2972} INFO - Setting next_dagrun for example_subdag_operator.section-1 to None, run_after=None
[2022-08-14 06:06:38,219] {logging_mixin.py:115} INFO - [2022-08-14 06:06:38,218] {dag.py:2972} INFO - Setting next_dagrun for example_subdag_operator.section-2 to None, run_after=None
[2022-08-14 06:06:38,248] {processor.py:161} INFO - Processing /home/airflow/.local/lib/python3.7/site-packages/airflow/example_dags/example_subdag_operator.py took 0.810 seconds
[2022-08-14 06:07:08,726] {processor.py:153} INFO - Started process (PID=899) to work on /home/airflow/.local/lib/python3.7/site-packages/airflow/example_dags/example_subdag_operator.py
[2022-08-14 06:07:08,731] {processor.py:641} INFO - Processing file /home/airflow/.local/lib/python3.7/site-packages/airflow/example_dags/example_subdag_operator.py for tasks to queue
[2022-08-14 06:07:08,742] {logging_mixin.py:115} INFO - [2022-08-14 06:07:08,742] {dagbag.py:508} INFO - Filling up the DagBag from /home/airflow/.local/lib/python3.7/site-packages/airflow/example_dags/example_subdag_operator.py
[2022-08-14 06:07:08,939] {processor.py:651} INFO - DAG(s) dict_keys(['example_subdag_operator.section-1', 'example_subdag_operator.section-2', 'example_subdag_operator']) retrieved from /home/airflow/.local/lib/python3.7/site-packages/airflow/example_dags/example_subdag_operator.py
[2022-08-14 06:07:09,448] {logging_mixin.py:115} INFO - [2022-08-14 06:07:09,448] {dag.py:2420} INFO - Sync 3 DAGs
[2022-08-14 06:07:09,647] {logging_mixin.py:115} INFO - [2022-08-14 06:07:09,647] {dag.py:2972} INFO - Setting next_dagrun for example_subdag_operator to 2022-01-01T00:00:00+00:00, run_after=2022-01-01T00:00:00+00:00
[2022-08-14 06:07:09,655] {logging_mixin.py:115} INFO - [2022-08-14 06:07:09,655] {dag.py:2972} INFO - Setting next_dagrun for example_subdag_operator.section-1 to None, run_after=None
[2022-08-14 06:07:09,659] {logging_mixin.py:115} INFO - [2022-08-14 06:07:09,659] {dag.py:2972} INFO - Setting next_dagrun for example_subdag_operator.section-2 to None, run_after=None
[2022-08-14 06:07:09,714] {logging_mixin.py:115} INFO - [2022-08-14 06:07:09,714] {dag.py:2420} INFO - Sync 2 DAGs
[2022-08-14 06:07:09,759] {logging_mixin.py:115} INFO - [2022-08-14 06:07:09,758] {dag.py:2972} INFO - Setting next_dagrun for example_subdag_operator.section-1 to None, run_after=None
[2022-08-14 06:07:09,798] {logging_mixin.py:115} INFO - [2022-08-14 06:07:09,790] {dag.py:2972} INFO - Setting next_dagrun for example_subdag_operator.section-2 to None, run_after=None
[2022-08-14 06:07:10,176] {processor.py:161} INFO - Processing /home/airflow/.local/lib/python3.7/site-packages/airflow/example_dags/example_subdag_operator.py took 1.471 seconds
[2022-08-14 06:07:40,365] {processor.py:153} INFO - Started process (PID=952) to work on /home/airflow/.local/lib/python3.7/site-packages/airflow/example_dags/example_subdag_operator.py
[2022-08-14 06:07:40,367] {processor.py:641} INFO - Processing file /home/airflow/.local/lib/python3.7/site-packages/airflow/example_dags/example_subdag_operator.py for tasks to queue
[2022-08-14 06:07:40,369] {logging_mixin.py:115} INFO - [2022-08-14 06:07:40,369] {dagbag.py:508} INFO - Filling up the DagBag from /home/airflow/.local/lib/python3.7/site-packages/airflow/example_dags/example_subdag_operator.py
[2022-08-14 06:07:40,426] {processor.py:651} INFO - DAG(s) dict_keys(['example_subdag_operator.section-1', 'example_subdag_operator.section-2', 'example_subdag_operator']) retrieved from /home/airflow/.local/lib/python3.7/site-packages/airflow/example_dags/example_subdag_operator.py
[2022-08-14 06:07:40,486] {logging_mixin.py:115} INFO - [2022-08-14 06:07:40,486] {dag.py:2420} INFO - Sync 3 DAGs
[2022-08-14 06:07:40,530] {logging_mixin.py:115} INFO - [2022-08-14 06:07:40,530] {dag.py:2972} INFO - Setting next_dagrun for example_subdag_operator to 2022-01-01T00:00:00+00:00, run_after=2022-01-01T00:00:00+00:00
[2022-08-14 06:07:40,532] {logging_mixin.py:115} INFO - [2022-08-14 06:07:40,532] {dag.py:2972} INFO - Setting next_dagrun for example_subdag_operator.section-1 to None, run_after=None
[2022-08-14 06:07:40,533] {logging_mixin.py:115} INFO - [2022-08-14 06:07:40,533] {dag.py:2972} INFO - Setting next_dagrun for example_subdag_operator.section-2 to None, run_after=None
[2022-08-14 06:07:40,545] {logging_mixin.py:115} INFO - [2022-08-14 06:07:40,545] {dag.py:2420} INFO - Sync 2 DAGs
[2022-08-14 06:07:40,554] {logging_mixin.py:115} INFO - [2022-08-14 06:07:40,554] {dag.py:2972} INFO - Setting next_dagrun for example_subdag_operator.section-1 to None, run_after=None
[2022-08-14 06:07:40,556] {logging_mixin.py:115} INFO - [2022-08-14 06:07:40,556] {dag.py:2972} INFO - Setting next_dagrun for example_subdag_operator.section-2 to None, run_after=None
[2022-08-14 06:07:40,570] {processor.py:161} INFO - Processing /home/airflow/.local/lib/python3.7/site-packages/airflow/example_dags/example_subdag_operator.py took 0.215 seconds
[2022-08-14 06:08:15,531] {processor.py:153} INFO - Started process (PID=1004) to work on /home/airflow/.local/lib/python3.7/site-packages/airflow/example_dags/example_subdag_operator.py
[2022-08-14 06:08:15,546] {processor.py:641} INFO - Processing file /home/airflow/.local/lib/python3.7/site-packages/airflow/example_dags/example_subdag_operator.py for tasks to queue
[2022-08-14 06:08:15,562] {logging_mixin.py:115} INFO - [2022-08-14 06:08:15,562] {dagbag.py:508} INFO - Filling up the DagBag from /home/airflow/.local/lib/python3.7/site-packages/airflow/example_dags/example_subdag_operator.py
[2022-08-14 06:08:15,952] {processor.py:651} INFO - DAG(s) dict_keys(['example_subdag_operator.section-1', 'example_subdag_operator.section-2', 'example_subdag_operator']) retrieved from /home/airflow/.local/lib/python3.7/site-packages/airflow/example_dags/example_subdag_operator.py
[2022-08-14 06:08:16,345] {logging_mixin.py:115} INFO - [2022-08-14 06:08:16,345] {dag.py:2420} INFO - Sync 3 DAGs
[2022-08-14 06:08:16,501] {logging_mixin.py:115} INFO - [2022-08-14 06:08:16,501] {dag.py:2972} INFO - Setting next_dagrun for example_subdag_operator to 2022-01-01T00:00:00+00:00, run_after=2022-01-01T00:00:00+00:00
[2022-08-14 06:08:16,502] {logging_mixin.py:115} INFO - [2022-08-14 06:08:16,502] {dag.py:2972} INFO - Setting next_dagrun for example_subdag_operator.section-1 to None, run_after=None
[2022-08-14 06:08:16,510] {logging_mixin.py:115} INFO - [2022-08-14 06:08:16,505] {dag.py:2972} INFO - Setting next_dagrun for example_subdag_operator.section-2 to None, run_after=None
[2022-08-14 06:08:16,559] {logging_mixin.py:115} INFO - [2022-08-14 06:08:16,559] {dag.py:2420} INFO - Sync 2 DAGs
[2022-08-14 06:08:16,602] {logging_mixin.py:115} INFO - [2022-08-14 06:08:16,602] {dag.py:2972} INFO - Setting next_dagrun for example_subdag_operator.section-1 to None, run_after=None
[2022-08-14 06:08:16,605] {logging_mixin.py:115} INFO - [2022-08-14 06:08:16,605] {dag.py:2972} INFO - Setting next_dagrun for example_subdag_operator.section-2 to None, run_after=None
[2022-08-14 06:08:16,833] {processor.py:161} INFO - Processing /home/airflow/.local/lib/python3.7/site-packages/airflow/example_dags/example_subdag_operator.py took 1.340 seconds
[2022-08-14 06:08:46,985] {processor.py:153} INFO - Started process (PID=1061) to work on /home/airflow/.local/lib/python3.7/site-packages/airflow/example_dags/example_subdag_operator.py
[2022-08-14 06:08:46,988] {processor.py:641} INFO - Processing file /home/airflow/.local/lib/python3.7/site-packages/airflow/example_dags/example_subdag_operator.py for tasks to queue
[2022-08-14 06:08:46,995] {logging_mixin.py:115} INFO - [2022-08-14 06:08:46,995] {dagbag.py:508} INFO - Filling up the DagBag from /home/airflow/.local/lib/python3.7/site-packages/airflow/example_dags/example_subdag_operator.py
[2022-08-14 06:08:47,048] {processor.py:651} INFO - DAG(s) dict_keys(['example_subdag_operator.section-1', 'example_subdag_operator.section-2', 'example_subdag_operator']) retrieved from /home/airflow/.local/lib/python3.7/site-packages/airflow/example_dags/example_subdag_operator.py
[2022-08-14 06:08:47,112] {logging_mixin.py:115} INFO - [2022-08-14 06:08:47,112] {dag.py:2420} INFO - Sync 3 DAGs
[2022-08-14 06:08:47,146] {logging_mixin.py:115} INFO - [2022-08-14 06:08:47,146] {dag.py:2972} INFO - Setting next_dagrun for example_subdag_operator to 2022-01-01T00:00:00+00:00, run_after=2022-01-01T00:00:00+00:00
[2022-08-14 06:08:47,148] {logging_mixin.py:115} INFO - [2022-08-14 06:08:47,148] {dag.py:2972} INFO - Setting next_dagrun for example_subdag_operator.section-1 to None, run_after=None
[2022-08-14 06:08:47,149] {logging_mixin.py:115} INFO - [2022-08-14 06:08:47,149] {dag.py:2972} INFO - Setting next_dagrun for example_subdag_operator.section-2 to None, run_after=None
[2022-08-14 06:08:47,162] {logging_mixin.py:115} INFO - [2022-08-14 06:08:47,162] {dag.py:2420} INFO - Sync 2 DAGs
[2022-08-14 06:08:47,172] {logging_mixin.py:115} INFO - [2022-08-14 06:08:47,172] {dag.py:2972} INFO - Setting next_dagrun for example_subdag_operator.section-1 to None, run_after=None
[2022-08-14 06:08:47,174] {logging_mixin.py:115} INFO - [2022-08-14 06:08:47,174] {dag.py:2972} INFO - Setting next_dagrun for example_subdag_operator.section-2 to None, run_after=None
[2022-08-14 06:08:47,195] {processor.py:161} INFO - Processing /home/airflow/.local/lib/python3.7/site-packages/airflow/example_dags/example_subdag_operator.py took 0.218 seconds
[2022-08-14 06:09:17,583] {processor.py:153} INFO - Started process (PID=1114) to work on /home/airflow/.local/lib/python3.7/site-packages/airflow/example_dags/example_subdag_operator.py
[2022-08-14 06:09:17,588] {processor.py:641} INFO - Processing file /home/airflow/.local/lib/python3.7/site-packages/airflow/example_dags/example_subdag_operator.py for tasks to queue
[2022-08-14 06:09:17,598] {logging_mixin.py:115} INFO - [2022-08-14 06:09:17,591] {dagbag.py:508} INFO - Filling up the DagBag from /home/airflow/.local/lib/python3.7/site-packages/airflow/example_dags/example_subdag_operator.py
[2022-08-14 06:09:17,749] {processor.py:651} INFO - DAG(s) dict_keys(['example_subdag_operator.section-1', 'example_subdag_operator.section-2', 'example_subdag_operator']) retrieved from /home/airflow/.local/lib/python3.7/site-packages/airflow/example_dags/example_subdag_operator.py
[2022-08-14 06:09:17,855] {logging_mixin.py:115} INFO - [2022-08-14 06:09:17,855] {dag.py:2420} INFO - Sync 3 DAGs
[2022-08-14 06:09:17,895] {logging_mixin.py:115} INFO - [2022-08-14 06:09:17,895] {dag.py:2972} INFO - Setting next_dagrun for example_subdag_operator to 2022-01-01T00:00:00+00:00, run_after=2022-01-01T00:00:00+00:00
[2022-08-14 06:09:17,897] {logging_mixin.py:115} INFO - [2022-08-14 06:09:17,896] {dag.py:2972} INFO - Setting next_dagrun for example_subdag_operator.section-1 to None, run_after=None
[2022-08-14 06:09:17,899] {logging_mixin.py:115} INFO - [2022-08-14 06:09:17,899] {dag.py:2972} INFO - Setting next_dagrun for example_subdag_operator.section-2 to None, run_after=None
[2022-08-14 06:09:17,914] {logging_mixin.py:115} INFO - [2022-08-14 06:09:17,914] {dag.py:2420} INFO - Sync 2 DAGs
[2022-08-14 06:09:17,926] {logging_mixin.py:115} INFO - [2022-08-14 06:09:17,925] {dag.py:2972} INFO - Setting next_dagrun for example_subdag_operator.section-1 to None, run_after=None
[2022-08-14 06:09:17,927] {logging_mixin.py:115} INFO - [2022-08-14 06:09:17,927] {dag.py:2972} INFO - Setting next_dagrun for example_subdag_operator.section-2 to None, run_after=None
[2022-08-14 06:09:17,945] {processor.py:161} INFO - Processing /home/airflow/.local/lib/python3.7/site-packages/airflow/example_dags/example_subdag_operator.py took 0.376 seconds
[2022-08-14 06:09:48,297] {processor.py:153} INFO - Started process (PID=1177) to work on /home/airflow/.local/lib/python3.7/site-packages/airflow/example_dags/example_subdag_operator.py
[2022-08-14 06:09:48,301] {processor.py:641} INFO - Processing file /home/airflow/.local/lib/python3.7/site-packages/airflow/example_dags/example_subdag_operator.py for tasks to queue
[2022-08-14 06:09:48,304] {logging_mixin.py:115} INFO - [2022-08-14 06:09:48,304] {dagbag.py:508} INFO - Filling up the DagBag from /home/airflow/.local/lib/python3.7/site-packages/airflow/example_dags/example_subdag_operator.py
[2022-08-14 06:09:48,360] {processor.py:651} INFO - DAG(s) dict_keys(['example_subdag_operator.section-1', 'example_subdag_operator.section-2', 'example_subdag_operator']) retrieved from /home/airflow/.local/lib/python3.7/site-packages/airflow/example_dags/example_subdag_operator.py
[2022-08-14 06:09:48,417] {logging_mixin.py:115} INFO - [2022-08-14 06:09:48,417] {dag.py:2420} INFO - Sync 3 DAGs
[2022-08-14 06:09:48,468] {logging_mixin.py:115} INFO - [2022-08-14 06:09:48,468] {dag.py:2972} INFO - Setting next_dagrun for example_subdag_operator to 2022-01-01T00:00:00+00:00, run_after=2022-01-01T00:00:00+00:00
[2022-08-14 06:09:48,470] {logging_mixin.py:115} INFO - [2022-08-14 06:09:48,469] {dag.py:2972} INFO - Setting next_dagrun for example_subdag_operator.section-1 to None, run_after=None
[2022-08-14 06:09:48,471] {logging_mixin.py:115} INFO - [2022-08-14 06:09:48,471] {dag.py:2972} INFO - Setting next_dagrun for example_subdag_operator.section-2 to None, run_after=None
[2022-08-14 06:09:48,484] {logging_mixin.py:115} INFO - [2022-08-14 06:09:48,484] {dag.py:2420} INFO - Sync 2 DAGs
[2022-08-14 06:09:48,496] {logging_mixin.py:115} INFO - [2022-08-14 06:09:48,496] {dag.py:2972} INFO - Setting next_dagrun for example_subdag_operator.section-1 to None, run_after=None
[2022-08-14 06:09:48,498] {logging_mixin.py:115} INFO - [2022-08-14 06:09:48,498] {dag.py:2972} INFO - Setting next_dagrun for example_subdag_operator.section-2 to None, run_after=None
[2022-08-14 06:09:48,515] {processor.py:161} INFO - Processing /home/airflow/.local/lib/python3.7/site-packages/airflow/example_dags/example_subdag_operator.py took 0.230 seconds
[2022-08-14 06:10:18,817] {processor.py:153} INFO - Started process (PID=1230) to work on /home/airflow/.local/lib/python3.7/site-packages/airflow/example_dags/example_subdag_operator.py
[2022-08-14 06:10:18,819] {processor.py:641} INFO - Processing file /home/airflow/.local/lib/python3.7/site-packages/airflow/example_dags/example_subdag_operator.py for tasks to queue
[2022-08-14 06:10:18,823] {logging_mixin.py:115} INFO - [2022-08-14 06:10:18,823] {dagbag.py:508} INFO - Filling up the DagBag from /home/airflow/.local/lib/python3.7/site-packages/airflow/example_dags/example_subdag_operator.py
[2022-08-14 06:10:18,899] {processor.py:651} INFO - DAG(s) dict_keys(['example_subdag_operator.section-1', 'example_subdag_operator.section-2', 'example_subdag_operator']) retrieved from /home/airflow/.local/lib/python3.7/site-packages/airflow/example_dags/example_subdag_operator.py
[2022-08-14 06:10:19,005] {logging_mixin.py:115} INFO - [2022-08-14 06:10:19,005] {dag.py:2420} INFO - Sync 3 DAGs
[2022-08-14 06:10:19,059] {logging_mixin.py:115} INFO - [2022-08-14 06:10:19,059] {dag.py:2972} INFO - Setting next_dagrun for example_subdag_operator to 2022-01-01T00:00:00+00:00, run_after=2022-01-01T00:00:00+00:00
[2022-08-14 06:10:19,075] {logging_mixin.py:115} INFO - [2022-08-14 06:10:19,067] {dag.py:2972} INFO - Setting next_dagrun for example_subdag_operator.section-1 to None, run_after=None
[2022-08-14 06:10:19,076] {logging_mixin.py:115} INFO - [2022-08-14 06:10:19,076] {dag.py:2972} INFO - Setting next_dagrun for example_subdag_operator.section-2 to None, run_after=None
[2022-08-14 06:10:19,097] {logging_mixin.py:115} INFO - [2022-08-14 06:10:19,097] {dag.py:2420} INFO - Sync 2 DAGs
[2022-08-14 06:10:19,109] {logging_mixin.py:115} INFO - [2022-08-14 06:10:19,109] {dag.py:2972} INFO - Setting next_dagrun for example_subdag_operator.section-1 to None, run_after=None
[2022-08-14 06:10:19,111] {logging_mixin.py:115} INFO - [2022-08-14 06:10:19,110] {dag.py:2972} INFO - Setting next_dagrun for example_subdag_operator.section-2 to None, run_after=None
[2022-08-14 06:10:19,126] {processor.py:161} INFO - Processing /home/airflow/.local/lib/python3.7/site-packages/airflow/example_dags/example_subdag_operator.py took 0.316 seconds
[2022-08-14 06:10:49,849] {processor.py:153} INFO - Started process (PID=1293) to work on /home/airflow/.local/lib/python3.7/site-packages/airflow/example_dags/example_subdag_operator.py
[2022-08-14 06:10:49,854] {processor.py:641} INFO - Processing file /home/airflow/.local/lib/python3.7/site-packages/airflow/example_dags/example_subdag_operator.py for tasks to queue
[2022-08-14 06:10:49,864] {logging_mixin.py:115} INFO - [2022-08-14 06:10:49,862] {dagbag.py:508} INFO - Filling up the DagBag from /home/airflow/.local/lib/python3.7/site-packages/airflow/example_dags/example_subdag_operator.py
[2022-08-14 06:10:50,075] {processor.py:651} INFO - DAG(s) dict_keys(['example_subdag_operator.section-1', 'example_subdag_operator.section-2', 'example_subdag_operator']) retrieved from /home/airflow/.local/lib/python3.7/site-packages/airflow/example_dags/example_subdag_operator.py
[2022-08-14 06:10:50,316] {logging_mixin.py:115} INFO - [2022-08-14 06:10:50,316] {dag.py:2420} INFO - Sync 3 DAGs
[2022-08-14 06:10:50,540] {logging_mixin.py:115} INFO - [2022-08-14 06:10:50,540] {dag.py:2972} INFO - Setting next_dagrun for example_subdag_operator to 2022-01-01T00:00:00+00:00, run_after=2022-01-01T00:00:00+00:00
[2022-08-14 06:10:50,547] {logging_mixin.py:115} INFO - [2022-08-14 06:10:50,546] {dag.py:2972} INFO - Setting next_dagrun for example_subdag_operator.section-1 to None, run_after=None
[2022-08-14 06:10:50,555] {logging_mixin.py:115} INFO - [2022-08-14 06:10:50,555] {dag.py:2972} INFO - Setting next_dagrun for example_subdag_operator.section-2 to None, run_after=None
[2022-08-14 06:10:50,625] {logging_mixin.py:115} INFO - [2022-08-14 06:10:50,625] {dag.py:2420} INFO - Sync 2 DAGs
[2022-08-14 06:10:50,681] {logging_mixin.py:115} INFO - [2022-08-14 06:10:50,681] {dag.py:2972} INFO - Setting next_dagrun for example_subdag_operator.section-1 to None, run_after=None
[2022-08-14 06:10:50,686] {logging_mixin.py:115} INFO - [2022-08-14 06:10:50,686] {dag.py:2972} INFO - Setting next_dagrun for example_subdag_operator.section-2 to None, run_after=None
[2022-08-14 06:10:50,777] {processor.py:161} INFO - Processing /home/airflow/.local/lib/python3.7/site-packages/airflow/example_dags/example_subdag_operator.py took 0.944 seconds
[2022-08-14 06:11:20,934] {processor.py:153} INFO - Started process (PID=1351) to work on /home/airflow/.local/lib/python3.7/site-packages/airflow/example_dags/example_subdag_operator.py
[2022-08-14 06:11:20,937] {processor.py:641} INFO - Processing file /home/airflow/.local/lib/python3.7/site-packages/airflow/example_dags/example_subdag_operator.py for tasks to queue
[2022-08-14 06:11:20,944] {logging_mixin.py:115} INFO - [2022-08-14 06:11:20,944] {dagbag.py:508} INFO - Filling up the DagBag from /home/airflow/.local/lib/python3.7/site-packages/airflow/example_dags/example_subdag_operator.py
[2022-08-14 06:11:21,074] {processor.py:651} INFO - DAG(s) dict_keys(['example_subdag_operator.section-1', 'example_subdag_operator.section-2', 'example_subdag_operator']) retrieved from /home/airflow/.local/lib/python3.7/site-packages/airflow/example_dags/example_subdag_operator.py
[2022-08-14 06:11:21,314] {logging_mixin.py:115} INFO - [2022-08-14 06:11:21,314] {dag.py:2420} INFO - Sync 3 DAGs
[2022-08-14 06:11:21,368] {logging_mixin.py:115} INFO - [2022-08-14 06:11:21,367] {dag.py:2972} INFO - Setting next_dagrun for example_subdag_operator to 2022-01-01T00:00:00+00:00, run_after=2022-01-01T00:00:00+00:00
[2022-08-14 06:11:21,370] {logging_mixin.py:115} INFO - [2022-08-14 06:11:21,370] {dag.py:2972} INFO - Setting next_dagrun for example_subdag_operator.section-1 to None, run_after=None
[2022-08-14 06:11:21,373] {logging_mixin.py:115} INFO - [2022-08-14 06:11:21,373] {dag.py:2972} INFO - Setting next_dagrun for example_subdag_operator.section-2 to None, run_after=None
[2022-08-14 06:11:21,389] {logging_mixin.py:115} INFO - [2022-08-14 06:11:21,389] {dag.py:2420} INFO - Sync 2 DAGs
[2022-08-14 06:11:21,404] {logging_mixin.py:115} INFO - [2022-08-14 06:11:21,404] {dag.py:2972} INFO - Setting next_dagrun for example_subdag_operator.section-1 to None, run_after=None
[2022-08-14 06:11:21,405] {logging_mixin.py:115} INFO - [2022-08-14 06:11:21,405] {dag.py:2972} INFO - Setting next_dagrun for example_subdag_operator.section-2 to None, run_after=None
[2022-08-14 06:11:21,421] {processor.py:161} INFO - Processing /home/airflow/.local/lib/python3.7/site-packages/airflow/example_dags/example_subdag_operator.py took 0.504 seconds
[2022-08-14 06:11:52,286] {processor.py:153} INFO - Started process (PID=1406) to work on /home/airflow/.local/lib/python3.7/site-packages/airflow/example_dags/example_subdag_operator.py
[2022-08-14 06:11:52,289] {processor.py:641} INFO - Processing file /home/airflow/.local/lib/python3.7/site-packages/airflow/example_dags/example_subdag_operator.py for tasks to queue
[2022-08-14 06:11:52,291] {logging_mixin.py:115} INFO - [2022-08-14 06:11:52,291] {dagbag.py:508} INFO - Filling up the DagBag from /home/airflow/.local/lib/python3.7/site-packages/airflow/example_dags/example_subdag_operator.py
[2022-08-14 06:11:52,353] {processor.py:651} INFO - DAG(s) dict_keys(['example_subdag_operator.section-1', 'example_subdag_operator.section-2', 'example_subdag_operator']) retrieved from /home/airflow/.local/lib/python3.7/site-packages/airflow/example_dags/example_subdag_operator.py
[2022-08-14 06:11:52,416] {logging_mixin.py:115} INFO - [2022-08-14 06:11:52,416] {dag.py:2420} INFO - Sync 3 DAGs
[2022-08-14 06:11:52,462] {logging_mixin.py:115} INFO - [2022-08-14 06:11:52,462] {dag.py:2972} INFO - Setting next_dagrun for example_subdag_operator to 2022-01-01T00:00:00+00:00, run_after=2022-01-01T00:00:00+00:00
[2022-08-14 06:11:52,464] {logging_mixin.py:115} INFO - [2022-08-14 06:11:52,463] {dag.py:2972} INFO - Setting next_dagrun for example_subdag_operator.section-1 to None, run_after=None
[2022-08-14 06:11:52,466] {logging_mixin.py:115} INFO - [2022-08-14 06:11:52,466] {dag.py:2972} INFO - Setting next_dagrun for example_subdag_operator.section-2 to None, run_after=None
[2022-08-14 06:11:52,483] {logging_mixin.py:115} INFO - [2022-08-14 06:11:52,482] {dag.py:2420} INFO - Sync 2 DAGs
[2022-08-14 06:11:52,493] {logging_mixin.py:115} INFO - [2022-08-14 06:11:52,493] {dag.py:2972} INFO - Setting next_dagrun for example_subdag_operator.section-1 to None, run_after=None
[2022-08-14 06:11:52,494] {logging_mixin.py:115} INFO - [2022-08-14 06:11:52,494] {dag.py:2972} INFO - Setting next_dagrun for example_subdag_operator.section-2 to None, run_after=None
[2022-08-14 06:11:52,513] {processor.py:161} INFO - Processing /home/airflow/.local/lib/python3.7/site-packages/airflow/example_dags/example_subdag_operator.py took 0.235 seconds
[2022-08-14 06:12:22,926] {processor.py:153} INFO - Started process (PID=1461) to work on /home/airflow/.local/lib/python3.7/site-packages/airflow/example_dags/example_subdag_operator.py
[2022-08-14 06:12:22,932] {processor.py:641} INFO - Processing file /home/airflow/.local/lib/python3.7/site-packages/airflow/example_dags/example_subdag_operator.py for tasks to queue
[2022-08-14 06:12:22,937] {logging_mixin.py:115} INFO - [2022-08-14 06:12:22,936] {dagbag.py:508} INFO - Filling up the DagBag from /home/airflow/.local/lib/python3.7/site-packages/airflow/example_dags/example_subdag_operator.py
[2022-08-14 06:12:23,063] {processor.py:651} INFO - DAG(s) dict_keys(['example_subdag_operator.section-1', 'example_subdag_operator.section-2', 'example_subdag_operator']) retrieved from /home/airflow/.local/lib/python3.7/site-packages/airflow/example_dags/example_subdag_operator.py
[2022-08-14 06:12:23,189] {logging_mixin.py:115} INFO - [2022-08-14 06:12:23,188] {dag.py:2420} INFO - Sync 3 DAGs
[2022-08-14 06:12:23,284] {logging_mixin.py:115} INFO - [2022-08-14 06:12:23,284] {dag.py:2972} INFO - Setting next_dagrun for example_subdag_operator to 2022-01-01T00:00:00+00:00, run_after=2022-01-01T00:00:00+00:00
[2022-08-14 06:12:23,287] {logging_mixin.py:115} INFO - [2022-08-14 06:12:23,286] {dag.py:2972} INFO - Setting next_dagrun for example_subdag_operator.section-1 to None, run_after=None
[2022-08-14 06:12:23,291] {logging_mixin.py:115} INFO - [2022-08-14 06:12:23,291] {dag.py:2972} INFO - Setting next_dagrun for example_subdag_operator.section-2 to None, run_after=None
[2022-08-14 06:12:23,330] {logging_mixin.py:115} INFO - [2022-08-14 06:12:23,330] {dag.py:2420} INFO - Sync 2 DAGs
[2022-08-14 06:12:23,351] {logging_mixin.py:115} INFO - [2022-08-14 06:12:23,351] {dag.py:2972} INFO - Setting next_dagrun for example_subdag_operator.section-1 to None, run_after=None
[2022-08-14 06:12:23,353] {logging_mixin.py:115} INFO - [2022-08-14 06:12:23,353] {dag.py:2972} INFO - Setting next_dagrun for example_subdag_operator.section-2 to None, run_after=None
[2022-08-14 06:12:23,374] {processor.py:161} INFO - Processing /home/airflow/.local/lib/python3.7/site-packages/airflow/example_dags/example_subdag_operator.py took 0.472 seconds
[2022-08-14 06:12:53,583] {processor.py:153} INFO - Started process (PID=1526) to work on /home/airflow/.local/lib/python3.7/site-packages/airflow/example_dags/example_subdag_operator.py
[2022-08-14 06:12:53,585] {processor.py:641} INFO - Processing file /home/airflow/.local/lib/python3.7/site-packages/airflow/example_dags/example_subdag_operator.py for tasks to queue
[2022-08-14 06:12:53,586] {logging_mixin.py:115} INFO - [2022-08-14 06:12:53,586] {dagbag.py:508} INFO - Filling up the DagBag from /home/airflow/.local/lib/python3.7/site-packages/airflow/example_dags/example_subdag_operator.py
[2022-08-14 06:12:53,629] {processor.py:651} INFO - DAG(s) dict_keys(['example_subdag_operator.section-1', 'example_subdag_operator.section-2', 'example_subdag_operator']) retrieved from /home/airflow/.local/lib/python3.7/site-packages/airflow/example_dags/example_subdag_operator.py
[2022-08-14 06:12:53,698] {logging_mixin.py:115} INFO - [2022-08-14 06:12:53,698] {dag.py:2420} INFO - Sync 3 DAGs
[2022-08-14 06:12:53,743] {logging_mixin.py:115} INFO - [2022-08-14 06:12:53,743] {dag.py:2972} INFO - Setting next_dagrun for example_subdag_operator to 2022-01-01T00:00:00+00:00, run_after=2022-01-01T00:00:00+00:00
[2022-08-14 06:12:53,749] {logging_mixin.py:115} INFO - [2022-08-14 06:12:53,749] {dag.py:2972} INFO - Setting next_dagrun for example_subdag_operator.section-1 to None, run_after=None
[2022-08-14 06:12:53,751] {logging_mixin.py:115} INFO - [2022-08-14 06:12:53,750] {dag.py:2972} INFO - Setting next_dagrun for example_subdag_operator.section-2 to None, run_after=None
[2022-08-14 06:12:53,768] {logging_mixin.py:115} INFO - [2022-08-14 06:12:53,768] {dag.py:2420} INFO - Sync 2 DAGs
[2022-08-14 06:12:53,786] {logging_mixin.py:115} INFO - [2022-08-14 06:12:53,786] {dag.py:2972} INFO - Setting next_dagrun for example_subdag_operator.section-1 to None, run_after=None
[2022-08-14 06:12:53,788] {logging_mixin.py:115} INFO - [2022-08-14 06:12:53,788] {dag.py:2972} INFO - Setting next_dagrun for example_subdag_operator.section-2 to None, run_after=None
[2022-08-14 06:12:53,819] {processor.py:161} INFO - Processing /home/airflow/.local/lib/python3.7/site-packages/airflow/example_dags/example_subdag_operator.py took 0.244 seconds
[2022-08-14 06:13:24,384] {processor.py:153} INFO - Started process (PID=1579) to work on /home/airflow/.local/lib/python3.7/site-packages/airflow/example_dags/example_subdag_operator.py
[2022-08-14 06:13:24,393] {processor.py:641} INFO - Processing file /home/airflow/.local/lib/python3.7/site-packages/airflow/example_dags/example_subdag_operator.py for tasks to queue
[2022-08-14 06:13:24,399] {logging_mixin.py:115} INFO - [2022-08-14 06:13:24,398] {dagbag.py:508} INFO - Filling up the DagBag from /home/airflow/.local/lib/python3.7/site-packages/airflow/example_dags/example_subdag_operator.py
[2022-08-14 06:13:24,471] {processor.py:651} INFO - DAG(s) dict_keys(['example_subdag_operator.section-1', 'example_subdag_operator.section-2', 'example_subdag_operator']) retrieved from /home/airflow/.local/lib/python3.7/site-packages/airflow/example_dags/example_subdag_operator.py
[2022-08-14 06:13:24,536] {logging_mixin.py:115} INFO - [2022-08-14 06:13:24,536] {dag.py:2420} INFO - Sync 3 DAGs
[2022-08-14 06:13:24,583] {logging_mixin.py:115} INFO - [2022-08-14 06:13:24,583] {dag.py:2972} INFO - Setting next_dagrun for example_subdag_operator to 2022-01-01T00:00:00+00:00, run_after=2022-01-01T00:00:00+00:00
[2022-08-14 06:13:24,585] {logging_mixin.py:115} INFO - [2022-08-14 06:13:24,584] {dag.py:2972} INFO - Setting next_dagrun for example_subdag_operator.section-1 to None, run_after=None
[2022-08-14 06:13:24,586] {logging_mixin.py:115} INFO - [2022-08-14 06:13:24,586] {dag.py:2972} INFO - Setting next_dagrun for example_subdag_operator.section-2 to None, run_after=None
[2022-08-14 06:13:24,608] {logging_mixin.py:115} INFO - [2022-08-14 06:13:24,608] {dag.py:2420} INFO - Sync 2 DAGs
[2022-08-14 06:13:24,622] {logging_mixin.py:115} INFO - [2022-08-14 06:13:24,622] {dag.py:2972} INFO - Setting next_dagrun for example_subdag_operator.section-1 to None, run_after=None
[2022-08-14 06:13:24,624] {logging_mixin.py:115} INFO - [2022-08-14 06:13:24,624] {dag.py:2972} INFO - Setting next_dagrun for example_subdag_operator.section-2 to None, run_after=None
[2022-08-14 06:13:24,642] {processor.py:161} INFO - Processing /home/airflow/.local/lib/python3.7/site-packages/airflow/example_dags/example_subdag_operator.py took 0.274 seconds
[2022-08-14 06:13:54,892] {processor.py:153} INFO - Started process (PID=1633) to work on /home/airflow/.local/lib/python3.7/site-packages/airflow/example_dags/example_subdag_operator.py
[2022-08-14 06:13:54,895] {processor.py:641} INFO - Processing file /home/airflow/.local/lib/python3.7/site-packages/airflow/example_dags/example_subdag_operator.py for tasks to queue
[2022-08-14 06:13:54,898] {logging_mixin.py:115} INFO - [2022-08-14 06:13:54,897] {dagbag.py:508} INFO - Filling up the DagBag from /home/airflow/.local/lib/python3.7/site-packages/airflow/example_dags/example_subdag_operator.py
[2022-08-14 06:13:54,966] {processor.py:651} INFO - DAG(s) dict_keys(['example_subdag_operator.section-1', 'example_subdag_operator.section-2', 'example_subdag_operator']) retrieved from /home/airflow/.local/lib/python3.7/site-packages/airflow/example_dags/example_subdag_operator.py
[2022-08-14 06:13:55,033] {logging_mixin.py:115} INFO - [2022-08-14 06:13:55,033] {dag.py:2420} INFO - Sync 3 DAGs
[2022-08-14 06:13:55,088] {logging_mixin.py:115} INFO - [2022-08-14 06:13:55,087] {dag.py:2972} INFO - Setting next_dagrun for example_subdag_operator to 2022-01-01T00:00:00+00:00, run_after=2022-01-01T00:00:00+00:00
[2022-08-14 06:13:55,089] {logging_mixin.py:115} INFO - [2022-08-14 06:13:55,089] {dag.py:2972} INFO - Setting next_dagrun for example_subdag_operator.section-1 to None, run_after=None
[2022-08-14 06:13:55,091] {logging_mixin.py:115} INFO - [2022-08-14 06:13:55,091] {dag.py:2972} INFO - Setting next_dagrun for example_subdag_operator.section-2 to None, run_after=None
[2022-08-14 06:13:55,113] {logging_mixin.py:115} INFO - [2022-08-14 06:13:55,113] {dag.py:2420} INFO - Sync 2 DAGs
[2022-08-14 06:13:55,127] {logging_mixin.py:115} INFO - [2022-08-14 06:13:55,126] {dag.py:2972} INFO - Setting next_dagrun for example_subdag_operator.section-1 to None, run_after=None
[2022-08-14 06:13:55,128] {logging_mixin.py:115} INFO - [2022-08-14 06:13:55,128] {dag.py:2972} INFO - Setting next_dagrun for example_subdag_operator.section-2 to None, run_after=None
[2022-08-14 06:13:55,143] {processor.py:161} INFO - Processing /home/airflow/.local/lib/python3.7/site-packages/airflow/example_dags/example_subdag_operator.py took 0.262 seconds
[2022-08-14 06:14:25,216] {processor.py:153} INFO - Started process (PID=1686) to work on /home/airflow/.local/lib/python3.7/site-packages/airflow/example_dags/example_subdag_operator.py
[2022-08-14 06:14:25,219] {processor.py:641} INFO - Processing file /home/airflow/.local/lib/python3.7/site-packages/airflow/example_dags/example_subdag_operator.py for tasks to queue
[2022-08-14 06:14:25,227] {logging_mixin.py:115} INFO - [2022-08-14 06:14:25,227] {dagbag.py:508} INFO - Filling up the DagBag from /home/airflow/.local/lib/python3.7/site-packages/airflow/example_dags/example_subdag_operator.py
[2022-08-14 06:14:25,290] {processor.py:651} INFO - DAG(s) dict_keys(['example_subdag_operator.section-1', 'example_subdag_operator.section-2', 'example_subdag_operator']) retrieved from /home/airflow/.local/lib/python3.7/site-packages/airflow/example_dags/example_subdag_operator.py
[2022-08-14 06:14:25,383] {logging_mixin.py:115} INFO - [2022-08-14 06:14:25,383] {dag.py:2420} INFO - Sync 3 DAGs
[2022-08-14 06:14:25,470] {logging_mixin.py:115} INFO - [2022-08-14 06:14:25,470] {dag.py:2972} INFO - Setting next_dagrun for example_subdag_operator to 2022-01-01T00:00:00+00:00, run_after=2022-01-01T00:00:00+00:00
[2022-08-14 06:14:25,473] {logging_mixin.py:115} INFO - [2022-08-14 06:14:25,473] {dag.py:2972} INFO - Setting next_dagrun for example_subdag_operator.section-1 to None, run_after=None
[2022-08-14 06:14:25,475] {logging_mixin.py:115} INFO - [2022-08-14 06:14:25,475] {dag.py:2972} INFO - Setting next_dagrun for example_subdag_operator.section-2 to None, run_after=None
[2022-08-14 06:14:25,517] {logging_mixin.py:115} INFO - [2022-08-14 06:14:25,516] {dag.py:2420} INFO - Sync 2 DAGs
[2022-08-14 06:14:25,530] {logging_mixin.py:115} INFO - [2022-08-14 06:14:25,530] {dag.py:2972} INFO - Setting next_dagrun for example_subdag_operator.section-1 to None, run_after=None
[2022-08-14 06:14:25,532] {logging_mixin.py:115} INFO - [2022-08-14 06:14:25,532] {dag.py:2972} INFO - Setting next_dagrun for example_subdag_operator.section-2 to None, run_after=None
[2022-08-14 06:14:25,550] {processor.py:161} INFO - Processing /home/airflow/.local/lib/python3.7/site-packages/airflow/example_dags/example_subdag_operator.py took 0.342 seconds
[2022-08-14 06:14:56,108] {processor.py:153} INFO - Started process (PID=1741) to work on /home/airflow/.local/lib/python3.7/site-packages/airflow/example_dags/example_subdag_operator.py
[2022-08-14 06:14:56,114] {processor.py:641} INFO - Processing file /home/airflow/.local/lib/python3.7/site-packages/airflow/example_dags/example_subdag_operator.py for tasks to queue
[2022-08-14 06:14:56,115] {logging_mixin.py:115} INFO - [2022-08-14 06:14:56,115] {dagbag.py:508} INFO - Filling up the DagBag from /home/airflow/.local/lib/python3.7/site-packages/airflow/example_dags/example_subdag_operator.py
[2022-08-14 06:14:56,296] {processor.py:651} INFO - DAG(s) dict_keys(['example_subdag_operator.section-1', 'example_subdag_operator.section-2', 'example_subdag_operator']) retrieved from /home/airflow/.local/lib/python3.7/site-packages/airflow/example_dags/example_subdag_operator.py
[2022-08-14 06:14:56,674] {logging_mixin.py:115} INFO - [2022-08-14 06:14:56,673] {dag.py:2420} INFO - Sync 3 DAGs
[2022-08-14 06:14:56,839] {logging_mixin.py:115} INFO - [2022-08-14 06:14:56,839] {dag.py:2972} INFO - Setting next_dagrun for example_subdag_operator to 2022-01-01T00:00:00+00:00, run_after=2022-01-01T00:00:00+00:00
[2022-08-14 06:14:56,844] {logging_mixin.py:115} INFO - [2022-08-14 06:14:56,844] {dag.py:2972} INFO - Setting next_dagrun for example_subdag_operator.section-1 to None, run_after=None
[2022-08-14 06:14:56,845] {logging_mixin.py:115} INFO - [2022-08-14 06:14:56,845] {dag.py:2972} INFO - Setting next_dagrun for example_subdag_operator.section-2 to None, run_after=None
[2022-08-14 06:14:56,894] {logging_mixin.py:115} INFO - [2022-08-14 06:14:56,893] {dag.py:2420} INFO - Sync 2 DAGs
[2022-08-14 06:14:56,930] {logging_mixin.py:115} INFO - [2022-08-14 06:14:56,930] {dag.py:2972} INFO - Setting next_dagrun for example_subdag_operator.section-1 to None, run_after=None
[2022-08-14 06:14:56,933] {logging_mixin.py:115} INFO - [2022-08-14 06:14:56,933] {dag.py:2972} INFO - Setting next_dagrun for example_subdag_operator.section-2 to None, run_after=None
[2022-08-14 06:14:56,971] {processor.py:161} INFO - Processing /home/airflow/.local/lib/python3.7/site-packages/airflow/example_dags/example_subdag_operator.py took 0.871 seconds
[2022-08-14 06:15:27,299] {processor.py:153} INFO - Started process (PID=1805) to work on /home/airflow/.local/lib/python3.7/site-packages/airflow/example_dags/example_subdag_operator.py
[2022-08-14 06:15:27,303] {processor.py:641} INFO - Processing file /home/airflow/.local/lib/python3.7/site-packages/airflow/example_dags/example_subdag_operator.py for tasks to queue
[2022-08-14 06:15:27,307] {logging_mixin.py:115} INFO - [2022-08-14 06:15:27,307] {dagbag.py:508} INFO - Filling up the DagBag from /home/airflow/.local/lib/python3.7/site-packages/airflow/example_dags/example_subdag_operator.py
[2022-08-14 06:15:27,362] {processor.py:651} INFO - DAG(s) dict_keys(['example_subdag_operator.section-1', 'example_subdag_operator.section-2', 'example_subdag_operator']) retrieved from /home/airflow/.local/lib/python3.7/site-packages/airflow/example_dags/example_subdag_operator.py
[2022-08-14 06:15:27,412] {logging_mixin.py:115} INFO - [2022-08-14 06:15:27,412] {dag.py:2420} INFO - Sync 3 DAGs
[2022-08-14 06:15:27,446] {logging_mixin.py:115} INFO - [2022-08-14 06:15:27,446] {dag.py:2972} INFO - Setting next_dagrun for example_subdag_operator to 2022-01-01T00:00:00+00:00, run_after=2022-01-01T00:00:00+00:00
[2022-08-14 06:15:27,449] {logging_mixin.py:115} INFO - [2022-08-14 06:15:27,449] {dag.py:2972} INFO - Setting next_dagrun for example_subdag_operator.section-1 to None, run_after=None
[2022-08-14 06:15:27,450] {logging_mixin.py:115} INFO - [2022-08-14 06:15:27,450] {dag.py:2972} INFO - Setting next_dagrun for example_subdag_operator.section-2 to None, run_after=None
[2022-08-14 06:15:27,467] {logging_mixin.py:115} INFO - [2022-08-14 06:15:27,467] {dag.py:2420} INFO - Sync 2 DAGs
[2022-08-14 06:15:27,482] {logging_mixin.py:115} INFO - [2022-08-14 06:15:27,482] {dag.py:2972} INFO - Setting next_dagrun for example_subdag_operator.section-1 to None, run_after=None
[2022-08-14 06:15:27,483] {logging_mixin.py:115} INFO - [2022-08-14 06:15:27,483] {dag.py:2972} INFO - Setting next_dagrun for example_subdag_operator.section-2 to None, run_after=None
[2022-08-14 06:15:27,501] {processor.py:161} INFO - Processing /home/airflow/.local/lib/python3.7/site-packages/airflow/example_dags/example_subdag_operator.py took 0.216 seconds
[2022-08-14 06:15:58,009] {processor.py:153} INFO - Started process (PID=1857) to work on /home/airflow/.local/lib/python3.7/site-packages/airflow/example_dags/example_subdag_operator.py
[2022-08-14 06:15:58,012] {processor.py:641} INFO - Processing file /home/airflow/.local/lib/python3.7/site-packages/airflow/example_dags/example_subdag_operator.py for tasks to queue
[2022-08-14 06:15:58,015] {logging_mixin.py:115} INFO - [2022-08-14 06:15:58,015] {dagbag.py:508} INFO - Filling up the DagBag from /home/airflow/.local/lib/python3.7/site-packages/airflow/example_dags/example_subdag_operator.py
[2022-08-14 06:15:58,139] {processor.py:651} INFO - DAG(s) dict_keys(['example_subdag_operator.section-1', 'example_subdag_operator.section-2', 'example_subdag_operator']) retrieved from /home/airflow/.local/lib/python3.7/site-packages/airflow/example_dags/example_subdag_operator.py
[2022-08-14 06:15:58,296] {logging_mixin.py:115} INFO - [2022-08-14 06:15:58,296] {dag.py:2420} INFO - Sync 3 DAGs
[2022-08-14 06:15:58,426] {logging_mixin.py:115} INFO - [2022-08-14 06:15:58,425] {dag.py:2972} INFO - Setting next_dagrun for example_subdag_operator to 2022-01-01T00:00:00+00:00, run_after=2022-01-01T00:00:00+00:00
[2022-08-14 06:15:58,428] {logging_mixin.py:115} INFO - [2022-08-14 06:15:58,428] {dag.py:2972} INFO - Setting next_dagrun for example_subdag_operator.section-1 to None, run_after=None
[2022-08-14 06:15:58,430] {logging_mixin.py:115} INFO - [2022-08-14 06:15:58,429] {dag.py:2972} INFO - Setting next_dagrun for example_subdag_operator.section-2 to None, run_after=None
[2022-08-14 06:15:58,454] {logging_mixin.py:115} INFO - [2022-08-14 06:15:58,454] {dag.py:2420} INFO - Sync 2 DAGs
[2022-08-14 06:15:58,467] {logging_mixin.py:115} INFO - [2022-08-14 06:15:58,467] {dag.py:2972} INFO - Setting next_dagrun for example_subdag_operator.section-1 to None, run_after=None
[2022-08-14 06:15:58,469] {logging_mixin.py:115} INFO - [2022-08-14 06:15:58,469] {dag.py:2972} INFO - Setting next_dagrun for example_subdag_operator.section-2 to None, run_after=None
[2022-08-14 06:15:58,483] {processor.py:161} INFO - Processing /home/airflow/.local/lib/python3.7/site-packages/airflow/example_dags/example_subdag_operator.py took 0.482 seconds
[2022-08-14 06:16:32,830] {processor.py:153} INFO - Started process (PID=1908) to work on /home/airflow/.local/lib/python3.7/site-packages/airflow/example_dags/example_subdag_operator.py
[2022-08-14 06:16:32,839] {processor.py:641} INFO - Processing file /home/airflow/.local/lib/python3.7/site-packages/airflow/example_dags/example_subdag_operator.py for tasks to queue
[2022-08-14 06:16:32,853] {logging_mixin.py:115} INFO - [2022-08-14 06:16:32,853] {dagbag.py:508} INFO - Filling up the DagBag from /home/airflow/.local/lib/python3.7/site-packages/airflow/example_dags/example_subdag_operator.py
[2022-08-14 06:16:33,293] {processor.py:651} INFO - DAG(s) dict_keys(['example_subdag_operator.section-1', 'example_subdag_operator.section-2', 'example_subdag_operator']) retrieved from /home/airflow/.local/lib/python3.7/site-packages/airflow/example_dags/example_subdag_operator.py
[2022-08-14 06:16:34,270] {logging_mixin.py:115} INFO - [2022-08-14 06:16:34,270] {dag.py:2420} INFO - Sync 3 DAGs
[2022-08-14 06:16:34,536] {logging_mixin.py:115} INFO - [2022-08-14 06:16:34,536] {dag.py:2972} INFO - Setting next_dagrun for example_subdag_operator to 2022-01-01T00:00:00+00:00, run_after=2022-01-01T00:00:00+00:00
[2022-08-14 06:16:34,540] {logging_mixin.py:115} INFO - [2022-08-14 06:16:34,539] {dag.py:2972} INFO - Setting next_dagrun for example_subdag_operator.section-1 to None, run_after=None
[2022-08-14 06:16:34,551] {logging_mixin.py:115} INFO - [2022-08-14 06:16:34,551] {dag.py:2972} INFO - Setting next_dagrun for example_subdag_operator.section-2 to None, run_after=None
[2022-08-14 06:16:34,619] {logging_mixin.py:115} INFO - [2022-08-14 06:16:34,619] {dag.py:2420} INFO - Sync 2 DAGs
[2022-08-14 06:16:34,708] {logging_mixin.py:115} INFO - [2022-08-14 06:16:34,687] {dag.py:2972} INFO - Setting next_dagrun for example_subdag_operator.section-1 to None, run_after=None
[2022-08-14 06:16:34,716] {logging_mixin.py:115} INFO - [2022-08-14 06:16:34,716] {dag.py:2972} INFO - Setting next_dagrun for example_subdag_operator.section-2 to None, run_after=None
[2022-08-14 06:16:34,846] {processor.py:161} INFO - Processing /home/airflow/.local/lib/python3.7/site-packages/airflow/example_dags/example_subdag_operator.py took 2.048 seconds
[2022-08-14 06:17:18,033] {processor.py:153} INFO - Started process (PID=1964) to work on /home/airflow/.local/lib/python3.7/site-packages/airflow/example_dags/example_subdag_operator.py
[2022-08-14 06:17:18,042] {processor.py:641} INFO - Processing file /home/airflow/.local/lib/python3.7/site-packages/airflow/example_dags/example_subdag_operator.py for tasks to queue
[2022-08-14 06:17:18,060] {logging_mixin.py:115} INFO - [2022-08-14 06:17:18,057] {dagbag.py:508} INFO - Filling up the DagBag from /home/airflow/.local/lib/python3.7/site-packages/airflow/example_dags/example_subdag_operator.py
[2022-08-14 06:17:18,722] {processor.py:651} INFO - DAG(s) dict_keys(['example_subdag_operator.section-1', 'example_subdag_operator.section-2', 'example_subdag_operator']) retrieved from /home/airflow/.local/lib/python3.7/site-packages/airflow/example_dags/example_subdag_operator.py
[2022-08-14 06:17:20,936] {logging_mixin.py:115} INFO - [2022-08-14 06:17:20,936] {dag.py:2420} INFO - Sync 3 DAGs
[2022-08-14 06:17:22,421] {logging_mixin.py:115} INFO - [2022-08-14 06:17:22,420] {dag.py:2972} INFO - Setting next_dagrun for example_subdag_operator to 2022-01-01T00:00:00+00:00, run_after=2022-01-01T00:00:00+00:00
[2022-08-14 06:17:22,467] {logging_mixin.py:115} INFO - [2022-08-14 06:17:22,467] {dag.py:2972} INFO - Setting next_dagrun for example_subdag_operator.section-1 to None, run_after=None
[2022-08-14 06:17:22,500] {logging_mixin.py:115} INFO - [2022-08-14 06:17:22,499] {dag.py:2972} INFO - Setting next_dagrun for example_subdag_operator.section-2 to None, run_after=None
[2022-08-14 06:17:22,663] {logging_mixin.py:115} INFO - [2022-08-14 06:17:22,663] {dag.py:2420} INFO - Sync 2 DAGs
[2022-08-14 06:17:22,781] {logging_mixin.py:115} INFO - [2022-08-14 06:17:22,780] {dag.py:2972} INFO - Setting next_dagrun for example_subdag_operator.section-1 to None, run_after=None
[2022-08-14 06:17:22,800] {logging_mixin.py:115} INFO - [2022-08-14 06:17:22,800] {dag.py:2972} INFO - Setting next_dagrun for example_subdag_operator.section-2 to None, run_after=None
[2022-08-14 06:17:22,937] {processor.py:161} INFO - Processing /home/airflow/.local/lib/python3.7/site-packages/airflow/example_dags/example_subdag_operator.py took 5.038 seconds
[2022-08-14 07:12:58,828] {processor.py:153} INFO - Started process (PID=2018) to work on /home/airflow/.local/lib/python3.7/site-packages/airflow/example_dags/example_subdag_operator.py
[2022-08-14 07:12:58,872] {processor.py:641} INFO - Processing file /home/airflow/.local/lib/python3.7/site-packages/airflow/example_dags/example_subdag_operator.py for tasks to queue
[2022-08-14 07:12:58,999] {logging_mixin.py:115} INFO - [2022-08-14 07:12:58,999] {dagbag.py:508} INFO - Filling up the DagBag from /home/airflow/.local/lib/python3.7/site-packages/airflow/example_dags/example_subdag_operator.py
[2022-08-14 07:13:59,601] {processor.py:153} INFO - Started process (PID=2064) to work on /home/airflow/.local/lib/python3.7/site-packages/airflow/example_dags/example_subdag_operator.py
[2022-08-14 07:13:59,608] {processor.py:641} INFO - Processing file /home/airflow/.local/lib/python3.7/site-packages/airflow/example_dags/example_subdag_operator.py for tasks to queue
[2022-08-14 07:13:59,620] {logging_mixin.py:115} INFO - [2022-08-14 07:13:59,620] {dagbag.py:508} INFO - Filling up the DagBag from /home/airflow/.local/lib/python3.7/site-packages/airflow/example_dags/example_subdag_operator.py
[2022-08-14 07:14:00,447] {processor.py:651} INFO - DAG(s) dict_keys(['example_subdag_operator.section-1', 'example_subdag_operator.section-2', 'example_subdag_operator']) retrieved from /home/airflow/.local/lib/python3.7/site-packages/airflow/example_dags/example_subdag_operator.py
[2022-08-14 07:14:01,157] {logging_mixin.py:115} INFO - [2022-08-14 07:14:01,157] {dag.py:2420} INFO - Sync 3 DAGs
[2022-08-14 07:14:01,792] {logging_mixin.py:115} INFO - [2022-08-14 07:14:01,792] {dag.py:2972} INFO - Setting next_dagrun for example_subdag_operator to 2022-01-01T00:00:00+00:00, run_after=2022-01-01T00:00:00+00:00
[2022-08-14 07:14:01,814] {logging_mixin.py:115} INFO - [2022-08-14 07:14:01,814] {dag.py:2972} INFO - Setting next_dagrun for example_subdag_operator.section-1 to None, run_after=None
[2022-08-14 07:14:01,826] {logging_mixin.py:115} INFO - [2022-08-14 07:14:01,826] {dag.py:2972} INFO - Setting next_dagrun for example_subdag_operator.section-2 to None, run_after=None
[2022-08-14 07:14:02,023] {logging_mixin.py:115} INFO - [2022-08-14 07:14:02,022] {dag.py:2420} INFO - Sync 2 DAGs
[2022-08-14 07:14:02,157] {logging_mixin.py:115} INFO - [2022-08-14 07:14:02,157] {dag.py:2972} INFO - Setting next_dagrun for example_subdag_operator.section-1 to None, run_after=None
[2022-08-14 07:14:02,167] {logging_mixin.py:115} INFO - [2022-08-14 07:14:02,167] {dag.py:2972} INFO - Setting next_dagrun for example_subdag_operator.section-2 to None, run_after=None
[2022-08-14 07:14:02,301] {processor.py:161} INFO - Processing /home/airflow/.local/lib/python3.7/site-packages/airflow/example_dags/example_subdag_operator.py took 2.769 seconds
[2022-08-14 07:14:33,021] {processor.py:153} INFO - Started process (PID=2118) to work on /home/airflow/.local/lib/python3.7/site-packages/airflow/example_dags/example_subdag_operator.py
[2022-08-14 07:14:33,029] {processor.py:641} INFO - Processing file /home/airflow/.local/lib/python3.7/site-packages/airflow/example_dags/example_subdag_operator.py for tasks to queue
[2022-08-14 07:14:33,100] {logging_mixin.py:115} INFO - [2022-08-14 07:14:33,100] {dagbag.py:508} INFO - Filling up the DagBag from /home/airflow/.local/lib/python3.7/site-packages/airflow/example_dags/example_subdag_operator.py
[2022-08-14 07:14:33,484] {processor.py:651} INFO - DAG(s) dict_keys(['example_subdag_operator.section-1', 'example_subdag_operator.section-2', 'example_subdag_operator']) retrieved from /home/airflow/.local/lib/python3.7/site-packages/airflow/example_dags/example_subdag_operator.py
[2022-08-14 07:14:33,671] {logging_mixin.py:115} INFO - [2022-08-14 07:14:33,671] {dag.py:2420} INFO - Sync 3 DAGs
[2022-08-14 07:14:33,806] {logging_mixin.py:115} INFO - [2022-08-14 07:14:33,805] {dag.py:2972} INFO - Setting next_dagrun for example_subdag_operator to 2022-01-01T00:00:00+00:00, run_after=2022-01-01T00:00:00+00:00
[2022-08-14 07:14:33,818] {logging_mixin.py:115} INFO - [2022-08-14 07:14:33,817] {dag.py:2972} INFO - Setting next_dagrun for example_subdag_operator.section-1 to None, run_after=None
[2022-08-14 07:14:33,821] {logging_mixin.py:115} INFO - [2022-08-14 07:14:33,821] {dag.py:2972} INFO - Setting next_dagrun for example_subdag_operator.section-2 to None, run_after=None
[2022-08-14 07:14:33,863] {logging_mixin.py:115} INFO - [2022-08-14 07:14:33,863] {dag.py:2420} INFO - Sync 2 DAGs
[2022-08-14 07:14:33,879] {logging_mixin.py:115} INFO - [2022-08-14 07:14:33,878] {dag.py:2972} INFO - Setting next_dagrun for example_subdag_operator.section-1 to None, run_after=None
[2022-08-14 07:14:33,880] {logging_mixin.py:115} INFO - [2022-08-14 07:14:33,880] {dag.py:2972} INFO - Setting next_dagrun for example_subdag_operator.section-2 to None, run_after=None
[2022-08-14 07:14:33,903] {processor.py:161} INFO - Processing /home/airflow/.local/lib/python3.7/site-packages/airflow/example_dags/example_subdag_operator.py took 0.913 seconds
[2022-08-14 07:15:04,059] {processor.py:153} INFO - Started process (PID=2177) to work on /home/airflow/.local/lib/python3.7/site-packages/airflow/example_dags/example_subdag_operator.py
[2022-08-14 07:15:04,067] {processor.py:641} INFO - Processing file /home/airflow/.local/lib/python3.7/site-packages/airflow/example_dags/example_subdag_operator.py for tasks to queue
[2022-08-14 07:15:04,073] {logging_mixin.py:115} INFO - [2022-08-14 07:15:04,073] {dagbag.py:508} INFO - Filling up the DagBag from /home/airflow/.local/lib/python3.7/site-packages/airflow/example_dags/example_subdag_operator.py
[2022-08-14 07:15:04,198] {processor.py:651} INFO - DAG(s) dict_keys(['example_subdag_operator.section-1', 'example_subdag_operator.section-2', 'example_subdag_operator']) retrieved from /home/airflow/.local/lib/python3.7/site-packages/airflow/example_dags/example_subdag_operator.py
[2022-08-14 07:15:04,485] {logging_mixin.py:115} INFO - [2022-08-14 07:15:04,485] {dag.py:2420} INFO - Sync 3 DAGs
[2022-08-14 07:15:04,640] {logging_mixin.py:115} INFO - [2022-08-14 07:15:04,640] {dag.py:2972} INFO - Setting next_dagrun for example_subdag_operator to 2022-01-01T00:00:00+00:00, run_after=2022-01-01T00:00:00+00:00
[2022-08-14 07:15:04,652] {logging_mixin.py:115} INFO - [2022-08-14 07:15:04,651] {dag.py:2972} INFO - Setting next_dagrun for example_subdag_operator.section-1 to None, run_after=None
[2022-08-14 07:15:04,662] {logging_mixin.py:115} INFO - [2022-08-14 07:15:04,662] {dag.py:2972} INFO - Setting next_dagrun for example_subdag_operator.section-2 to None, run_after=None
[2022-08-14 07:15:04,715] {logging_mixin.py:115} INFO - [2022-08-14 07:15:04,715] {dag.py:2420} INFO - Sync 2 DAGs
[2022-08-14 07:15:04,763] {logging_mixin.py:115} INFO - [2022-08-14 07:15:04,763] {dag.py:2972} INFO - Setting next_dagrun for example_subdag_operator.section-1 to None, run_after=None
[2022-08-14 07:15:04,765] {logging_mixin.py:115} INFO - [2022-08-14 07:15:04,765] {dag.py:2972} INFO - Setting next_dagrun for example_subdag_operator.section-2 to None, run_after=None
[2022-08-14 07:15:04,827] {processor.py:161} INFO - Processing /home/airflow/.local/lib/python3.7/site-packages/airflow/example_dags/example_subdag_operator.py took 0.785 seconds
[2022-08-14 07:15:36,008] {processor.py:153} INFO - Started process (PID=2239) to work on /home/airflow/.local/lib/python3.7/site-packages/airflow/example_dags/example_subdag_operator.py
[2022-08-14 07:15:36,022] {processor.py:641} INFO - Processing file /home/airflow/.local/lib/python3.7/site-packages/airflow/example_dags/example_subdag_operator.py for tasks to queue
[2022-08-14 07:15:36,055] {logging_mixin.py:115} INFO - [2022-08-14 07:15:36,055] {dagbag.py:508} INFO - Filling up the DagBag from /home/airflow/.local/lib/python3.7/site-packages/airflow/example_dags/example_subdag_operator.py
[2022-08-14 07:15:36,694] {processor.py:651} INFO - DAG(s) dict_keys(['example_subdag_operator.section-1', 'example_subdag_operator.section-2', 'example_subdag_operator']) retrieved from /home/airflow/.local/lib/python3.7/site-packages/airflow/example_dags/example_subdag_operator.py
[2022-08-14 07:15:36,862] {logging_mixin.py:115} INFO - [2022-08-14 07:15:36,862] {dag.py:2420} INFO - Sync 3 DAGs
[2022-08-14 07:15:36,995] {logging_mixin.py:115} INFO - [2022-08-14 07:15:36,995] {dag.py:2972} INFO - Setting next_dagrun for example_subdag_operator to 2022-01-01T00:00:00+00:00, run_after=2022-01-01T00:00:00+00:00
[2022-08-14 07:15:36,996] {logging_mixin.py:115} INFO - [2022-08-14 07:15:36,996] {dag.py:2972} INFO - Setting next_dagrun for example_subdag_operator.section-1 to None, run_after=None
[2022-08-14 07:15:36,998] {logging_mixin.py:115} INFO - [2022-08-14 07:15:36,998] {dag.py:2972} INFO - Setting next_dagrun for example_subdag_operator.section-2 to None, run_after=None
[2022-08-14 07:15:37,042] {logging_mixin.py:115} INFO - [2022-08-14 07:15:37,042] {dag.py:2420} INFO - Sync 2 DAGs
[2022-08-14 07:15:37,071] {logging_mixin.py:115} INFO - [2022-08-14 07:15:37,071] {dag.py:2972} INFO - Setting next_dagrun for example_subdag_operator.section-1 to None, run_after=None
[2022-08-14 07:15:37,073] {logging_mixin.py:115} INFO - [2022-08-14 07:15:37,072] {dag.py:2972} INFO - Setting next_dagrun for example_subdag_operator.section-2 to None, run_after=None
[2022-08-14 07:15:37,116] {processor.py:161} INFO - Processing /home/airflow/.local/lib/python3.7/site-packages/airflow/example_dags/example_subdag_operator.py took 1.189 seconds
