[2022-08-14 05:58:11,577] {processor.py:153} INFO - Started process (PID=81) to work on /home/airflow/.local/lib/python3.7/site-packages/airflow/example_dags/example_dag_decorator.py
[2022-08-14 05:58:11,583] {processor.py:641} INFO - Processing file /home/airflow/.local/lib/python3.7/site-packages/airflow/example_dags/example_dag_decorator.py for tasks to queue
[2022-08-14 05:58:11,586] {logging_mixin.py:115} INFO - [2022-08-14 05:58:11,586] {dagbag.py:508} INFO - Filling up the DagBag from /home/airflow/.local/lib/python3.7/site-packages/airflow/example_dags/example_dag_decorator.py
[2022-08-14 05:58:12,198] {processor.py:651} INFO - DAG(s) dict_keys(['example_dag_decorator']) retrieved from /home/airflow/.local/lib/python3.7/site-packages/airflow/example_dags/example_dag_decorator.py
[2022-08-14 05:58:13,873] {logging_mixin.py:115} INFO - [2022-08-14 05:58:13,873] {manager.py:508} INFO - Created Permission View: can read on DAG:example_dag_decorator
[2022-08-14 05:58:14,115] {logging_mixin.py:115} INFO - [2022-08-14 05:58:14,114] {manager.py:508} INFO - Created Permission View: can delete on DAG:example_dag_decorator
[2022-08-14 05:58:14,251] {logging_mixin.py:115} INFO - [2022-08-14 05:58:14,250] {manager.py:508} INFO - Created Permission View: can edit on DAG:example_dag_decorator
[2022-08-14 05:58:14,265] {logging_mixin.py:115} INFO - [2022-08-14 05:58:14,265] {dag.py:2420} INFO - Sync 1 DAGs
[2022-08-14 05:58:14,394] {logging_mixin.py:115} INFO - [2022-08-14 05:58:14,385] {dag.py:2439} INFO - Creating ORM DAG for example_dag_decorator
[2022-08-14 05:58:14,581] {logging_mixin.py:115} INFO - [2022-08-14 05:58:14,581] {dag.py:2972} INFO - Setting next_dagrun for example_dag_decorator to None, run_after=None
[2022-08-14 05:58:14,926] {processor.py:161} INFO - Processing /home/airflow/.local/lib/python3.7/site-packages/airflow/example_dags/example_dag_decorator.py took 3.392 seconds
[2022-08-14 05:58:57,501] {processor.py:153} INFO - Started process (PID=133) to work on /home/airflow/.local/lib/python3.7/site-packages/airflow/example_dags/example_dag_decorator.py
[2022-08-14 05:58:57,527] {processor.py:641} INFO - Processing file /home/airflow/.local/lib/python3.7/site-packages/airflow/example_dags/example_dag_decorator.py for tasks to queue
[2022-08-14 05:58:57,541] {logging_mixin.py:115} INFO - [2022-08-14 05:58:57,541] {dagbag.py:508} INFO - Filling up the DagBag from /home/airflow/.local/lib/python3.7/site-packages/airflow/example_dags/example_dag_decorator.py
[2022-08-14 05:58:57,904] {processor.py:651} INFO - DAG(s) dict_keys(['example_dag_decorator']) retrieved from /home/airflow/.local/lib/python3.7/site-packages/airflow/example_dags/example_dag_decorator.py
[2022-08-14 05:58:59,439] {logging_mixin.py:115} INFO - [2022-08-14 05:58:59,439] {dag.py:2420} INFO - Sync 1 DAGs
[2022-08-14 05:58:59,657] {logging_mixin.py:115} INFO - [2022-08-14 05:58:59,656] {dag.py:2972} INFO - Setting next_dagrun for example_dag_decorator to None, run_after=None
[2022-08-14 05:58:59,841] {processor.py:161} INFO - Processing /home/airflow/.local/lib/python3.7/site-packages/airflow/example_dags/example_dag_decorator.py took 2.386 seconds
[2022-08-14 05:59:30,187] {processor.py:153} INFO - Started process (PID=187) to work on /home/airflow/.local/lib/python3.7/site-packages/airflow/example_dags/example_dag_decorator.py
[2022-08-14 05:59:30,191] {processor.py:641} INFO - Processing file /home/airflow/.local/lib/python3.7/site-packages/airflow/example_dags/example_dag_decorator.py for tasks to queue
[2022-08-14 05:59:30,198] {logging_mixin.py:115} INFO - [2022-08-14 05:59:30,195] {dagbag.py:508} INFO - Filling up the DagBag from /home/airflow/.local/lib/python3.7/site-packages/airflow/example_dags/example_dag_decorator.py
[2022-08-14 05:59:30,272] {processor.py:651} INFO - DAG(s) dict_keys(['example_dag_decorator']) retrieved from /home/airflow/.local/lib/python3.7/site-packages/airflow/example_dags/example_dag_decorator.py
[2022-08-14 05:59:30,679] {logging_mixin.py:115} INFO - [2022-08-14 05:59:30,679] {dag.py:2420} INFO - Sync 1 DAGs
[2022-08-14 05:59:30,861] {logging_mixin.py:115} INFO - [2022-08-14 05:59:30,861] {dag.py:2972} INFO - Setting next_dagrun for example_dag_decorator to None, run_after=None
[2022-08-14 05:59:30,996] {processor.py:161} INFO - Processing /home/airflow/.local/lib/python3.7/site-packages/airflow/example_dags/example_dag_decorator.py took 0.825 seconds
[2022-08-14 06:00:01,604] {processor.py:153} INFO - Started process (PID=241) to work on /home/airflow/.local/lib/python3.7/site-packages/airflow/example_dags/example_dag_decorator.py
[2022-08-14 06:00:01,606] {processor.py:641} INFO - Processing file /home/airflow/.local/lib/python3.7/site-packages/airflow/example_dags/example_dag_decorator.py for tasks to queue
[2022-08-14 06:00:01,609] {logging_mixin.py:115} INFO - [2022-08-14 06:00:01,608] {dagbag.py:508} INFO - Filling up the DagBag from /home/airflow/.local/lib/python3.7/site-packages/airflow/example_dags/example_dag_decorator.py
[2022-08-14 06:00:01,664] {processor.py:651} INFO - DAG(s) dict_keys(['example_dag_decorator']) retrieved from /home/airflow/.local/lib/python3.7/site-packages/airflow/example_dags/example_dag_decorator.py
[2022-08-14 06:00:01,957] {logging_mixin.py:115} INFO - [2022-08-14 06:00:01,957] {dag.py:2420} INFO - Sync 1 DAGs
[2022-08-14 06:00:02,008] {logging_mixin.py:115} INFO - [2022-08-14 06:00:02,008] {dag.py:2972} INFO - Setting next_dagrun for example_dag_decorator to None, run_after=None
[2022-08-14 06:00:02,068] {processor.py:161} INFO - Processing /home/airflow/.local/lib/python3.7/site-packages/airflow/example_dags/example_dag_decorator.py took 0.476 seconds
[2022-08-14 06:00:32,598] {processor.py:153} INFO - Started process (PID=295) to work on /home/airflow/.local/lib/python3.7/site-packages/airflow/example_dags/example_dag_decorator.py
[2022-08-14 06:00:32,602] {processor.py:641} INFO - Processing file /home/airflow/.local/lib/python3.7/site-packages/airflow/example_dags/example_dag_decorator.py for tasks to queue
[2022-08-14 06:00:32,607] {logging_mixin.py:115} INFO - [2022-08-14 06:00:32,606] {dagbag.py:508} INFO - Filling up the DagBag from /home/airflow/.local/lib/python3.7/site-packages/airflow/example_dags/example_dag_decorator.py
[2022-08-14 06:00:32,693] {processor.py:651} INFO - DAG(s) dict_keys(['example_dag_decorator']) retrieved from /home/airflow/.local/lib/python3.7/site-packages/airflow/example_dags/example_dag_decorator.py
[2022-08-14 06:00:32,893] {logging_mixin.py:115} INFO - [2022-08-14 06:00:32,893] {dag.py:2420} INFO - Sync 1 DAGs
[2022-08-14 06:00:32,938] {logging_mixin.py:115} INFO - [2022-08-14 06:00:32,938] {dag.py:2972} INFO - Setting next_dagrun for example_dag_decorator to None, run_after=None
[2022-08-14 06:00:32,972] {processor.py:161} INFO - Processing /home/airflow/.local/lib/python3.7/site-packages/airflow/example_dags/example_dag_decorator.py took 0.404 seconds
[2022-08-14 06:01:03,134] {processor.py:153} INFO - Started process (PID=349) to work on /home/airflow/.local/lib/python3.7/site-packages/airflow/example_dags/example_dag_decorator.py
[2022-08-14 06:01:03,137] {processor.py:641} INFO - Processing file /home/airflow/.local/lib/python3.7/site-packages/airflow/example_dags/example_dag_decorator.py for tasks to queue
[2022-08-14 06:01:03,139] {logging_mixin.py:115} INFO - [2022-08-14 06:01:03,139] {dagbag.py:508} INFO - Filling up the DagBag from /home/airflow/.local/lib/python3.7/site-packages/airflow/example_dags/example_dag_decorator.py
[2022-08-14 06:01:03,220] {processor.py:651} INFO - DAG(s) dict_keys(['example_dag_decorator']) retrieved from /home/airflow/.local/lib/python3.7/site-packages/airflow/example_dags/example_dag_decorator.py
[2022-08-14 06:01:03,446] {logging_mixin.py:115} INFO - [2022-08-14 06:01:03,446] {dag.py:2420} INFO - Sync 1 DAGs
[2022-08-14 06:01:03,528] {logging_mixin.py:115} INFO - [2022-08-14 06:01:03,528] {dag.py:2972} INFO - Setting next_dagrun for example_dag_decorator to None, run_after=None
[2022-08-14 06:01:03,615] {processor.py:161} INFO - Processing /home/airflow/.local/lib/python3.7/site-packages/airflow/example_dags/example_dag_decorator.py took 0.489 seconds
[2022-08-14 06:01:34,494] {processor.py:153} INFO - Started process (PID=402) to work on /home/airflow/.local/lib/python3.7/site-packages/airflow/example_dags/example_dag_decorator.py
[2022-08-14 06:01:34,502] {processor.py:641} INFO - Processing file /home/airflow/.local/lib/python3.7/site-packages/airflow/example_dags/example_dag_decorator.py for tasks to queue
[2022-08-14 06:01:34,508] {logging_mixin.py:115} INFO - [2022-08-14 06:01:34,507] {dagbag.py:508} INFO - Filling up the DagBag from /home/airflow/.local/lib/python3.7/site-packages/airflow/example_dags/example_dag_decorator.py
[2022-08-14 06:01:34,576] {processor.py:651} INFO - DAG(s) dict_keys(['example_dag_decorator']) retrieved from /home/airflow/.local/lib/python3.7/site-packages/airflow/example_dags/example_dag_decorator.py
[2022-08-14 06:01:34,851] {logging_mixin.py:115} INFO - [2022-08-14 06:01:34,851] {dag.py:2420} INFO - Sync 1 DAGs
[2022-08-14 06:01:34,892] {logging_mixin.py:115} INFO - [2022-08-14 06:01:34,891] {dag.py:2972} INFO - Setting next_dagrun for example_dag_decorator to None, run_after=None
[2022-08-14 06:01:34,925] {processor.py:161} INFO - Processing /home/airflow/.local/lib/python3.7/site-packages/airflow/example_dags/example_dag_decorator.py took 0.450 seconds
[2022-08-14 06:02:05,322] {processor.py:153} INFO - Started process (PID=454) to work on /home/airflow/.local/lib/python3.7/site-packages/airflow/example_dags/example_dag_decorator.py
[2022-08-14 06:02:05,324] {processor.py:641} INFO - Processing file /home/airflow/.local/lib/python3.7/site-packages/airflow/example_dags/example_dag_decorator.py for tasks to queue
[2022-08-14 06:02:05,329] {logging_mixin.py:115} INFO - [2022-08-14 06:02:05,328] {dagbag.py:508} INFO - Filling up the DagBag from /home/airflow/.local/lib/python3.7/site-packages/airflow/example_dags/example_dag_decorator.py
[2022-08-14 06:02:05,469] {processor.py:651} INFO - DAG(s) dict_keys(['example_dag_decorator']) retrieved from /home/airflow/.local/lib/python3.7/site-packages/airflow/example_dags/example_dag_decorator.py
[2022-08-14 06:02:05,627] {logging_mixin.py:115} INFO - [2022-08-14 06:02:05,626] {dag.py:2420} INFO - Sync 1 DAGs
[2022-08-14 06:02:05,681] {logging_mixin.py:115} INFO - [2022-08-14 06:02:05,681] {dag.py:2972} INFO - Setting next_dagrun for example_dag_decorator to None, run_after=None
[2022-08-14 06:02:05,745] {processor.py:161} INFO - Processing /home/airflow/.local/lib/python3.7/site-packages/airflow/example_dags/example_dag_decorator.py took 0.433 seconds
[2022-08-14 06:02:40,212] {processor.py:153} INFO - Started process (PID=507) to work on /home/airflow/.local/lib/python3.7/site-packages/airflow/example_dags/example_dag_decorator.py
[2022-08-14 06:02:40,259] {processor.py:641} INFO - Processing file /home/airflow/.local/lib/python3.7/site-packages/airflow/example_dags/example_dag_decorator.py for tasks to queue
[2022-08-14 06:02:40,324] {logging_mixin.py:115} INFO - [2022-08-14 06:02:40,324] {dagbag.py:508} INFO - Filling up the DagBag from /home/airflow/.local/lib/python3.7/site-packages/airflow/example_dags/example_dag_decorator.py
[2022-08-14 06:02:40,981] {processor.py:651} INFO - DAG(s) dict_keys(['example_dag_decorator']) retrieved from /home/airflow/.local/lib/python3.7/site-packages/airflow/example_dags/example_dag_decorator.py
[2022-08-14 06:02:42,231] {logging_mixin.py:115} INFO - [2022-08-14 06:02:42,231] {dag.py:2420} INFO - Sync 1 DAGs
[2022-08-14 06:02:42,772] {logging_mixin.py:115} INFO - [2022-08-14 06:02:42,760] {dag.py:2972} INFO - Setting next_dagrun for example_dag_decorator to None, run_after=None
[2022-08-14 06:02:43,025] {processor.py:161} INFO - Processing /home/airflow/.local/lib/python3.7/site-packages/airflow/example_dags/example_dag_decorator.py took 2.883 seconds
[2022-08-14 06:03:32,889] {processor.py:153} INFO - Started process (PID=568) to work on /home/airflow/.local/lib/python3.7/site-packages/airflow/example_dags/example_dag_decorator.py
[2022-08-14 06:03:32,918] {processor.py:641} INFO - Processing file /home/airflow/.local/lib/python3.7/site-packages/airflow/example_dags/example_dag_decorator.py for tasks to queue
[2022-08-14 06:03:32,961] {logging_mixin.py:115} INFO - [2022-08-14 06:03:32,961] {dagbag.py:508} INFO - Filling up the DagBag from /home/airflow/.local/lib/python3.7/site-packages/airflow/example_dags/example_dag_decorator.py
[2022-08-14 06:03:35,077] {processor.py:651} INFO - DAG(s) dict_keys(['example_dag_decorator']) retrieved from /home/airflow/.local/lib/python3.7/site-packages/airflow/example_dags/example_dag_decorator.py
[2022-08-14 06:03:38,515] {logging_mixin.py:115} INFO - [2022-08-14 06:03:38,515] {dag.py:2420} INFO - Sync 1 DAGs
[2022-08-14 06:03:39,056] {logging_mixin.py:115} INFO - [2022-08-14 06:03:39,056] {dag.py:2972} INFO - Setting next_dagrun for example_dag_decorator to None, run_after=None
[2022-08-14 06:03:39,606] {processor.py:161} INFO - Processing /home/airflow/.local/lib/python3.7/site-packages/airflow/example_dags/example_dag_decorator.py took 6.834 seconds
[2022-08-14 06:04:22,264] {processor.py:153} INFO - Started process (PID=621) to work on /home/airflow/.local/lib/python3.7/site-packages/airflow/example_dags/example_dag_decorator.py
[2022-08-14 06:04:22,312] {processor.py:641} INFO - Processing file /home/airflow/.local/lib/python3.7/site-packages/airflow/example_dags/example_dag_decorator.py for tasks to queue
[2022-08-14 06:04:22,604] {logging_mixin.py:115} INFO - [2022-08-14 06:04:22,603] {dagbag.py:508} INFO - Filling up the DagBag from /home/airflow/.local/lib/python3.7/site-packages/airflow/example_dags/example_dag_decorator.py
[2022-08-14 06:04:23,808] {processor.py:651} INFO - DAG(s) dict_keys(['example_dag_decorator']) retrieved from /home/airflow/.local/lib/python3.7/site-packages/airflow/example_dags/example_dag_decorator.py
[2022-08-14 06:04:26,196] {logging_mixin.py:115} INFO - [2022-08-14 06:04:26,195] {dag.py:2420} INFO - Sync 1 DAGs
[2022-08-14 06:04:26,733] {logging_mixin.py:115} INFO - [2022-08-14 06:04:26,732] {dag.py:2972} INFO - Setting next_dagrun for example_dag_decorator to None, run_after=None
[2022-08-14 06:04:26,976] {processor.py:161} INFO - Processing /home/airflow/.local/lib/python3.7/site-packages/airflow/example_dags/example_dag_decorator.py took 4.873 seconds
[2022-08-14 06:04:57,741] {processor.py:153} INFO - Started process (PID=674) to work on /home/airflow/.local/lib/python3.7/site-packages/airflow/example_dags/example_dag_decorator.py
[2022-08-14 06:04:57,743] {processor.py:641} INFO - Processing file /home/airflow/.local/lib/python3.7/site-packages/airflow/example_dags/example_dag_decorator.py for tasks to queue
[2022-08-14 06:04:57,748] {logging_mixin.py:115} INFO - [2022-08-14 06:04:57,748] {dagbag.py:508} INFO - Filling up the DagBag from /home/airflow/.local/lib/python3.7/site-packages/airflow/example_dags/example_dag_decorator.py
[2022-08-14 06:04:57,813] {processor.py:651} INFO - DAG(s) dict_keys(['example_dag_decorator']) retrieved from /home/airflow/.local/lib/python3.7/site-packages/airflow/example_dags/example_dag_decorator.py
[2022-08-14 06:04:58,139] {logging_mixin.py:115} INFO - [2022-08-14 06:04:58,139] {dag.py:2420} INFO - Sync 1 DAGs
[2022-08-14 06:04:58,193] {logging_mixin.py:115} INFO - [2022-08-14 06:04:58,193] {dag.py:2972} INFO - Setting next_dagrun for example_dag_decorator to None, run_after=None
[2022-08-14 06:04:58,226] {processor.py:161} INFO - Processing /home/airflow/.local/lib/python3.7/site-packages/airflow/example_dags/example_dag_decorator.py took 0.492 seconds
[2022-08-14 06:05:28,401] {processor.py:153} INFO - Started process (PID=727) to work on /home/airflow/.local/lib/python3.7/site-packages/airflow/example_dags/example_dag_decorator.py
[2022-08-14 06:05:28,405] {processor.py:641} INFO - Processing file /home/airflow/.local/lib/python3.7/site-packages/airflow/example_dags/example_dag_decorator.py for tasks to queue
[2022-08-14 06:05:28,407] {logging_mixin.py:115} INFO - [2022-08-14 06:05:28,407] {dagbag.py:508} INFO - Filling up the DagBag from /home/airflow/.local/lib/python3.7/site-packages/airflow/example_dags/example_dag_decorator.py
[2022-08-14 06:05:28,495] {processor.py:651} INFO - DAG(s) dict_keys(['example_dag_decorator']) retrieved from /home/airflow/.local/lib/python3.7/site-packages/airflow/example_dags/example_dag_decorator.py
[2022-08-14 06:05:28,823] {logging_mixin.py:115} INFO - [2022-08-14 06:05:28,823] {dag.py:2420} INFO - Sync 1 DAGs
[2022-08-14 06:05:28,914] {logging_mixin.py:115} INFO - [2022-08-14 06:05:28,913] {dag.py:2972} INFO - Setting next_dagrun for example_dag_decorator to None, run_after=None
[2022-08-14 06:05:28,998] {processor.py:161} INFO - Processing /home/airflow/.local/lib/python3.7/site-packages/airflow/example_dags/example_dag_decorator.py took 0.609 seconds
[2022-08-14 06:05:59,222] {processor.py:153} INFO - Started process (PID=790) to work on /home/airflow/.local/lib/python3.7/site-packages/airflow/example_dags/example_dag_decorator.py
[2022-08-14 06:05:59,224] {processor.py:641} INFO - Processing file /home/airflow/.local/lib/python3.7/site-packages/airflow/example_dags/example_dag_decorator.py for tasks to queue
[2022-08-14 06:05:59,225] {logging_mixin.py:115} INFO - [2022-08-14 06:05:59,225] {dagbag.py:508} INFO - Filling up the DagBag from /home/airflow/.local/lib/python3.7/site-packages/airflow/example_dags/example_dag_decorator.py
[2022-08-14 06:05:59,407] {processor.py:651} INFO - DAG(s) dict_keys(['example_dag_decorator']) retrieved from /home/airflow/.local/lib/python3.7/site-packages/airflow/example_dags/example_dag_decorator.py
[2022-08-14 06:05:59,622] {logging_mixin.py:115} INFO - [2022-08-14 06:05:59,622] {dag.py:2420} INFO - Sync 1 DAGs
[2022-08-14 06:05:59,661] {logging_mixin.py:115} INFO - [2022-08-14 06:05:59,661] {dag.py:2972} INFO - Setting next_dagrun for example_dag_decorator to None, run_after=None
[2022-08-14 06:05:59,713] {processor.py:161} INFO - Processing /home/airflow/.local/lib/python3.7/site-packages/airflow/example_dags/example_dag_decorator.py took 0.501 seconds
[2022-08-14 06:06:29,984] {processor.py:153} INFO - Started process (PID=845) to work on /home/airflow/.local/lib/python3.7/site-packages/airflow/example_dags/example_dag_decorator.py
[2022-08-14 06:06:29,986] {processor.py:641} INFO - Processing file /home/airflow/.local/lib/python3.7/site-packages/airflow/example_dags/example_dag_decorator.py for tasks to queue
[2022-08-14 06:06:29,988] {logging_mixin.py:115} INFO - [2022-08-14 06:06:29,987] {dagbag.py:508} INFO - Filling up the DagBag from /home/airflow/.local/lib/python3.7/site-packages/airflow/example_dags/example_dag_decorator.py
[2022-08-14 06:06:30,025] {processor.py:651} INFO - DAG(s) dict_keys(['example_dag_decorator']) retrieved from /home/airflow/.local/lib/python3.7/site-packages/airflow/example_dags/example_dag_decorator.py
[2022-08-14 06:06:30,127] {logging_mixin.py:115} INFO - [2022-08-14 06:06:30,126] {dag.py:2420} INFO - Sync 1 DAGs
[2022-08-14 06:06:30,165] {logging_mixin.py:115} INFO - [2022-08-14 06:06:30,165] {dag.py:2972} INFO - Setting next_dagrun for example_dag_decorator to None, run_after=None
[2022-08-14 06:06:30,206] {processor.py:161} INFO - Processing /home/airflow/.local/lib/python3.7/site-packages/airflow/example_dags/example_dag_decorator.py took 0.229 seconds
[2022-08-14 06:07:03,411] {processor.py:153} INFO - Started process (PID=893) to work on /home/airflow/.local/lib/python3.7/site-packages/airflow/example_dags/example_dag_decorator.py
[2022-08-14 06:07:03,420] {processor.py:641} INFO - Processing file /home/airflow/.local/lib/python3.7/site-packages/airflow/example_dags/example_dag_decorator.py for tasks to queue
[2022-08-14 06:07:03,439] {logging_mixin.py:115} INFO - [2022-08-14 06:07:03,439] {dagbag.py:508} INFO - Filling up the DagBag from /home/airflow/.local/lib/python3.7/site-packages/airflow/example_dags/example_dag_decorator.py
[2022-08-14 06:07:04,251] {processor.py:651} INFO - DAG(s) dict_keys(['example_dag_decorator']) retrieved from /home/airflow/.local/lib/python3.7/site-packages/airflow/example_dags/example_dag_decorator.py
[2022-08-14 06:07:04,849] {logging_mixin.py:115} INFO - [2022-08-14 06:07:04,849] {dag.py:2420} INFO - Sync 1 DAGs
[2022-08-14 06:07:04,990] {logging_mixin.py:115} INFO - [2022-08-14 06:07:04,989] {dag.py:2972} INFO - Setting next_dagrun for example_dag_decorator to None, run_after=None
[2022-08-14 06:07:05,180] {processor.py:161} INFO - Processing /home/airflow/.local/lib/python3.7/site-packages/airflow/example_dags/example_dag_decorator.py took 1.777 seconds
[2022-08-14 06:07:35,616] {processor.py:153} INFO - Started process (PID=939) to work on /home/airflow/.local/lib/python3.7/site-packages/airflow/example_dags/example_dag_decorator.py
[2022-08-14 06:07:35,621] {processor.py:641} INFO - Processing file /home/airflow/.local/lib/python3.7/site-packages/airflow/example_dags/example_dag_decorator.py for tasks to queue
[2022-08-14 06:07:35,628] {logging_mixin.py:115} INFO - [2022-08-14 06:07:35,626] {dagbag.py:508} INFO - Filling up the DagBag from /home/airflow/.local/lib/python3.7/site-packages/airflow/example_dags/example_dag_decorator.py
[2022-08-14 06:07:35,911] {processor.py:651} INFO - DAG(s) dict_keys(['example_dag_decorator']) retrieved from /home/airflow/.local/lib/python3.7/site-packages/airflow/example_dags/example_dag_decorator.py
[2022-08-14 06:07:36,217] {logging_mixin.py:115} INFO - [2022-08-14 06:07:36,216] {dag.py:2420} INFO - Sync 1 DAGs
[2022-08-14 06:07:36,637] {logging_mixin.py:115} INFO - [2022-08-14 06:07:36,636] {dag.py:2972} INFO - Setting next_dagrun for example_dag_decorator to None, run_after=None
[2022-08-14 06:07:36,724] {processor.py:161} INFO - Processing /home/airflow/.local/lib/python3.7/site-packages/airflow/example_dags/example_dag_decorator.py took 1.135 seconds
[2022-08-14 06:08:07,962] {processor.py:153} INFO - Started process (PID=999) to work on /home/airflow/.local/lib/python3.7/site-packages/airflow/example_dags/example_dag_decorator.py
[2022-08-14 06:08:07,972] {processor.py:641} INFO - Processing file /home/airflow/.local/lib/python3.7/site-packages/airflow/example_dags/example_dag_decorator.py for tasks to queue
[2022-08-14 06:08:07,976] {logging_mixin.py:115} INFO - [2022-08-14 06:08:07,976] {dagbag.py:508} INFO - Filling up the DagBag from /home/airflow/.local/lib/python3.7/site-packages/airflow/example_dags/example_dag_decorator.py
[2022-08-14 06:08:08,545] {processor.py:651} INFO - DAG(s) dict_keys(['example_dag_decorator']) retrieved from /home/airflow/.local/lib/python3.7/site-packages/airflow/example_dags/example_dag_decorator.py
[2022-08-14 06:08:11,028] {logging_mixin.py:115} INFO - [2022-08-14 06:08:11,022] {dag.py:2420} INFO - Sync 1 DAGs
[2022-08-14 06:08:11,927] {logging_mixin.py:115} INFO - [2022-08-14 06:08:11,926] {dag.py:2972} INFO - Setting next_dagrun for example_dag_decorator to None, run_after=None
[2022-08-14 06:08:12,310] {processor.py:161} INFO - Processing /home/airflow/.local/lib/python3.7/site-packages/airflow/example_dags/example_dag_decorator.py took 4.429 seconds
[2022-08-14 06:08:42,759] {processor.py:153} INFO - Started process (PID=1057) to work on /home/airflow/.local/lib/python3.7/site-packages/airflow/example_dags/example_dag_decorator.py
[2022-08-14 06:08:42,761] {processor.py:641} INFO - Processing file /home/airflow/.local/lib/python3.7/site-packages/airflow/example_dags/example_dag_decorator.py for tasks to queue
[2022-08-14 06:08:42,763] {logging_mixin.py:115} INFO - [2022-08-14 06:08:42,763] {dagbag.py:508} INFO - Filling up the DagBag from /home/airflow/.local/lib/python3.7/site-packages/airflow/example_dags/example_dag_decorator.py
[2022-08-14 06:08:42,807] {processor.py:651} INFO - DAG(s) dict_keys(['example_dag_decorator']) retrieved from /home/airflow/.local/lib/python3.7/site-packages/airflow/example_dags/example_dag_decorator.py
[2022-08-14 06:08:42,898] {logging_mixin.py:115} INFO - [2022-08-14 06:08:42,898] {dag.py:2420} INFO - Sync 1 DAGs
[2022-08-14 06:08:42,969] {logging_mixin.py:115} INFO - [2022-08-14 06:08:42,969] {dag.py:2972} INFO - Setting next_dagrun for example_dag_decorator to None, run_after=None
[2022-08-14 06:08:43,004] {processor.py:161} INFO - Processing /home/airflow/.local/lib/python3.7/site-packages/airflow/example_dags/example_dag_decorator.py took 0.253 seconds
[2022-08-14 06:09:13,197] {processor.py:153} INFO - Started process (PID=1111) to work on /home/airflow/.local/lib/python3.7/site-packages/airflow/example_dags/example_dag_decorator.py
[2022-08-14 06:09:13,198] {processor.py:641} INFO - Processing file /home/airflow/.local/lib/python3.7/site-packages/airflow/example_dags/example_dag_decorator.py for tasks to queue
[2022-08-14 06:09:13,206] {logging_mixin.py:115} INFO - [2022-08-14 06:09:13,205] {dagbag.py:508} INFO - Filling up the DagBag from /home/airflow/.local/lib/python3.7/site-packages/airflow/example_dags/example_dag_decorator.py
[2022-08-14 06:09:13,252] {processor.py:651} INFO - DAG(s) dict_keys(['example_dag_decorator']) retrieved from /home/airflow/.local/lib/python3.7/site-packages/airflow/example_dags/example_dag_decorator.py
[2022-08-14 06:09:13,369] {logging_mixin.py:115} INFO - [2022-08-14 06:09:13,369] {dag.py:2420} INFO - Sync 1 DAGs
[2022-08-14 06:09:13,403] {logging_mixin.py:115} INFO - [2022-08-14 06:09:13,403] {dag.py:2972} INFO - Setting next_dagrun for example_dag_decorator to None, run_after=None
[2022-08-14 06:09:13,429] {processor.py:161} INFO - Processing /home/airflow/.local/lib/python3.7/site-packages/airflow/example_dags/example_dag_decorator.py took 0.239 seconds
[2022-08-14 06:09:43,768] {processor.py:153} INFO - Started process (PID=1164) to work on /home/airflow/.local/lib/python3.7/site-packages/airflow/example_dags/example_dag_decorator.py
[2022-08-14 06:09:43,771] {processor.py:641} INFO - Processing file /home/airflow/.local/lib/python3.7/site-packages/airflow/example_dags/example_dag_decorator.py for tasks to queue
[2022-08-14 06:09:43,775] {logging_mixin.py:115} INFO - [2022-08-14 06:09:43,775] {dagbag.py:508} INFO - Filling up the DagBag from /home/airflow/.local/lib/python3.7/site-packages/airflow/example_dags/example_dag_decorator.py
[2022-08-14 06:09:43,893] {processor.py:651} INFO - DAG(s) dict_keys(['example_dag_decorator']) retrieved from /home/airflow/.local/lib/python3.7/site-packages/airflow/example_dags/example_dag_decorator.py
[2022-08-14 06:09:44,102] {logging_mixin.py:115} INFO - [2022-08-14 06:09:44,102] {dag.py:2420} INFO - Sync 1 DAGs
[2022-08-14 06:09:44,141] {logging_mixin.py:115} INFO - [2022-08-14 06:09:44,141] {dag.py:2972} INFO - Setting next_dagrun for example_dag_decorator to None, run_after=None
[2022-08-14 06:09:44,167] {processor.py:161} INFO - Processing /home/airflow/.local/lib/python3.7/site-packages/airflow/example_dags/example_dag_decorator.py took 0.412 seconds
[2022-08-14 06:10:14,892] {processor.py:153} INFO - Started process (PID=1227) to work on /home/airflow/.local/lib/python3.7/site-packages/airflow/example_dags/example_dag_decorator.py
[2022-08-14 06:10:14,895] {processor.py:641} INFO - Processing file /home/airflow/.local/lib/python3.7/site-packages/airflow/example_dags/example_dag_decorator.py for tasks to queue
[2022-08-14 06:10:14,899] {logging_mixin.py:115} INFO - [2022-08-14 06:10:14,898] {dagbag.py:508} INFO - Filling up the DagBag from /home/airflow/.local/lib/python3.7/site-packages/airflow/example_dags/example_dag_decorator.py
[2022-08-14 06:10:14,991] {processor.py:651} INFO - DAG(s) dict_keys(['example_dag_decorator']) retrieved from /home/airflow/.local/lib/python3.7/site-packages/airflow/example_dags/example_dag_decorator.py
[2022-08-14 06:10:15,223] {logging_mixin.py:115} INFO - [2022-08-14 06:10:15,222] {dag.py:2420} INFO - Sync 1 DAGs
[2022-08-14 06:10:15,354] {logging_mixin.py:115} INFO - [2022-08-14 06:10:15,354] {dag.py:2972} INFO - Setting next_dagrun for example_dag_decorator to None, run_after=None
[2022-08-14 06:10:15,473] {processor.py:161} INFO - Processing /home/airflow/.local/lib/python3.7/site-packages/airflow/example_dags/example_dag_decorator.py took 0.598 seconds
[2022-08-14 06:10:45,953] {processor.py:153} INFO - Started process (PID=1281) to work on /home/airflow/.local/lib/python3.7/site-packages/airflow/example_dags/example_dag_decorator.py
[2022-08-14 06:10:45,955] {processor.py:641} INFO - Processing file /home/airflow/.local/lib/python3.7/site-packages/airflow/example_dags/example_dag_decorator.py for tasks to queue
[2022-08-14 06:10:45,958] {logging_mixin.py:115} INFO - [2022-08-14 06:10:45,958] {dagbag.py:508} INFO - Filling up the DagBag from /home/airflow/.local/lib/python3.7/site-packages/airflow/example_dags/example_dag_decorator.py
[2022-08-14 06:10:46,001] {processor.py:651} INFO - DAG(s) dict_keys(['example_dag_decorator']) retrieved from /home/airflow/.local/lib/python3.7/site-packages/airflow/example_dags/example_dag_decorator.py
[2022-08-14 06:10:46,267] {logging_mixin.py:115} INFO - [2022-08-14 06:10:46,267] {dag.py:2420} INFO - Sync 1 DAGs
[2022-08-14 06:10:46,314] {logging_mixin.py:115} INFO - [2022-08-14 06:10:46,314] {dag.py:2972} INFO - Setting next_dagrun for example_dag_decorator to None, run_after=None
[2022-08-14 06:10:46,348] {processor.py:161} INFO - Processing /home/airflow/.local/lib/python3.7/site-packages/airflow/example_dags/example_dag_decorator.py took 0.404 seconds
[2022-08-14 06:11:16,706] {processor.py:153} INFO - Started process (PID=1336) to work on /home/airflow/.local/lib/python3.7/site-packages/airflow/example_dags/example_dag_decorator.py
[2022-08-14 06:11:16,709] {processor.py:641} INFO - Processing file /home/airflow/.local/lib/python3.7/site-packages/airflow/example_dags/example_dag_decorator.py for tasks to queue
[2022-08-14 06:11:16,714] {logging_mixin.py:115} INFO - [2022-08-14 06:11:16,714] {dagbag.py:508} INFO - Filling up the DagBag from /home/airflow/.local/lib/python3.7/site-packages/airflow/example_dags/example_dag_decorator.py
[2022-08-14 06:11:16,794] {processor.py:651} INFO - DAG(s) dict_keys(['example_dag_decorator']) retrieved from /home/airflow/.local/lib/python3.7/site-packages/airflow/example_dags/example_dag_decorator.py
[2022-08-14 06:11:16,957] {logging_mixin.py:115} INFO - [2022-08-14 06:11:16,956] {dag.py:2420} INFO - Sync 1 DAGs
[2022-08-14 06:11:17,013] {logging_mixin.py:115} INFO - [2022-08-14 06:11:17,013] {dag.py:2972} INFO - Setting next_dagrun for example_dag_decorator to None, run_after=None
[2022-08-14 06:11:17,047] {processor.py:161} INFO - Processing /home/airflow/.local/lib/python3.7/site-packages/airflow/example_dags/example_dag_decorator.py took 0.355 seconds
[2022-08-14 06:11:47,871] {processor.py:153} INFO - Started process (PID=1402) to work on /home/airflow/.local/lib/python3.7/site-packages/airflow/example_dags/example_dag_decorator.py
[2022-08-14 06:11:47,873] {processor.py:641} INFO - Processing file /home/airflow/.local/lib/python3.7/site-packages/airflow/example_dags/example_dag_decorator.py for tasks to queue
[2022-08-14 06:11:47,875] {logging_mixin.py:115} INFO - [2022-08-14 06:11:47,875] {dagbag.py:508} INFO - Filling up the DagBag from /home/airflow/.local/lib/python3.7/site-packages/airflow/example_dags/example_dag_decorator.py
[2022-08-14 06:11:47,917] {processor.py:651} INFO - DAG(s) dict_keys(['example_dag_decorator']) retrieved from /home/airflow/.local/lib/python3.7/site-packages/airflow/example_dags/example_dag_decorator.py
[2022-08-14 06:11:48,073] {logging_mixin.py:115} INFO - [2022-08-14 06:11:48,073] {dag.py:2420} INFO - Sync 1 DAGs
[2022-08-14 06:11:48,127] {logging_mixin.py:115} INFO - [2022-08-14 06:11:48,126] {dag.py:2972} INFO - Setting next_dagrun for example_dag_decorator to None, run_after=None
[2022-08-14 06:11:48,150] {processor.py:161} INFO - Processing /home/airflow/.local/lib/python3.7/site-packages/airflow/example_dags/example_dag_decorator.py took 0.288 seconds
[2022-08-14 06:12:18,759] {processor.py:153} INFO - Started process (PID=1457) to work on /home/airflow/.local/lib/python3.7/site-packages/airflow/example_dags/example_dag_decorator.py
[2022-08-14 06:12:18,761] {processor.py:641} INFO - Processing file /home/airflow/.local/lib/python3.7/site-packages/airflow/example_dags/example_dag_decorator.py for tasks to queue
[2022-08-14 06:12:18,763] {logging_mixin.py:115} INFO - [2022-08-14 06:12:18,763] {dagbag.py:508} INFO - Filling up the DagBag from /home/airflow/.local/lib/python3.7/site-packages/airflow/example_dags/example_dag_decorator.py
[2022-08-14 06:12:18,798] {processor.py:651} INFO - DAG(s) dict_keys(['example_dag_decorator']) retrieved from /home/airflow/.local/lib/python3.7/site-packages/airflow/example_dags/example_dag_decorator.py
[2022-08-14 06:12:18,838] {logging_mixin.py:115} INFO - [2022-08-14 06:12:18,837] {dag.py:2420} INFO - Sync 1 DAGs
[2022-08-14 06:12:18,892] {logging_mixin.py:115} INFO - [2022-08-14 06:12:18,892] {dag.py:2972} INFO - Setting next_dagrun for example_dag_decorator to None, run_after=None
[2022-08-14 06:12:18,932] {processor.py:161} INFO - Processing /home/airflow/.local/lib/python3.7/site-packages/airflow/example_dags/example_dag_decorator.py took 0.179 seconds
[2022-08-14 06:12:49,625] {processor.py:153} INFO - Started process (PID=1511) to work on /home/airflow/.local/lib/python3.7/site-packages/airflow/example_dags/example_dag_decorator.py
[2022-08-14 06:12:49,627] {processor.py:641} INFO - Processing file /home/airflow/.local/lib/python3.7/site-packages/airflow/example_dags/example_dag_decorator.py for tasks to queue
[2022-08-14 06:12:49,628] {logging_mixin.py:115} INFO - [2022-08-14 06:12:49,628] {dagbag.py:508} INFO - Filling up the DagBag from /home/airflow/.local/lib/python3.7/site-packages/airflow/example_dags/example_dag_decorator.py
[2022-08-14 06:12:49,690] {processor.py:651} INFO - DAG(s) dict_keys(['example_dag_decorator']) retrieved from /home/airflow/.local/lib/python3.7/site-packages/airflow/example_dags/example_dag_decorator.py
[2022-08-14 06:12:49,881] {logging_mixin.py:115} INFO - [2022-08-14 06:12:49,881] {dag.py:2420} INFO - Sync 1 DAGs
[2022-08-14 06:12:49,914] {logging_mixin.py:115} INFO - [2022-08-14 06:12:49,914] {dag.py:2972} INFO - Setting next_dagrun for example_dag_decorator to None, run_after=None
[2022-08-14 06:12:49,943] {processor.py:161} INFO - Processing /home/airflow/.local/lib/python3.7/site-packages/airflow/example_dags/example_dag_decorator.py took 0.326 seconds
[2022-08-14 06:13:20,053] {processor.py:153} INFO - Started process (PID=1575) to work on /home/airflow/.local/lib/python3.7/site-packages/airflow/example_dags/example_dag_decorator.py
[2022-08-14 06:13:20,055] {processor.py:641} INFO - Processing file /home/airflow/.local/lib/python3.7/site-packages/airflow/example_dags/example_dag_decorator.py for tasks to queue
[2022-08-14 06:13:20,063] {logging_mixin.py:115} INFO - [2022-08-14 06:13:20,063] {dagbag.py:508} INFO - Filling up the DagBag from /home/airflow/.local/lib/python3.7/site-packages/airflow/example_dags/example_dag_decorator.py
[2022-08-14 06:13:20,105] {processor.py:651} INFO - DAG(s) dict_keys(['example_dag_decorator']) retrieved from /home/airflow/.local/lib/python3.7/site-packages/airflow/example_dags/example_dag_decorator.py
[2022-08-14 06:13:20,206] {logging_mixin.py:115} INFO - [2022-08-14 06:13:20,206] {dag.py:2420} INFO - Sync 1 DAGs
[2022-08-14 06:13:20,235] {logging_mixin.py:115} INFO - [2022-08-14 06:13:20,235] {dag.py:2972} INFO - Setting next_dagrun for example_dag_decorator to None, run_after=None
[2022-08-14 06:13:20,259] {processor.py:161} INFO - Processing /home/airflow/.local/lib/python3.7/site-packages/airflow/example_dags/example_dag_decorator.py took 0.214 seconds
[2022-08-14 06:13:50,375] {processor.py:153} INFO - Started process (PID=1629) to work on /home/airflow/.local/lib/python3.7/site-packages/airflow/example_dags/example_dag_decorator.py
[2022-08-14 06:13:50,377] {processor.py:641} INFO - Processing file /home/airflow/.local/lib/python3.7/site-packages/airflow/example_dags/example_dag_decorator.py for tasks to queue
[2022-08-14 06:13:50,378] {logging_mixin.py:115} INFO - [2022-08-14 06:13:50,378] {dagbag.py:508} INFO - Filling up the DagBag from /home/airflow/.local/lib/python3.7/site-packages/airflow/example_dags/example_dag_decorator.py
[2022-08-14 06:13:50,420] {processor.py:651} INFO - DAG(s) dict_keys(['example_dag_decorator']) retrieved from /home/airflow/.local/lib/python3.7/site-packages/airflow/example_dags/example_dag_decorator.py
[2022-08-14 06:13:50,527] {logging_mixin.py:115} INFO - [2022-08-14 06:13:50,527] {dag.py:2420} INFO - Sync 1 DAGs
[2022-08-14 06:13:50,559] {logging_mixin.py:115} INFO - [2022-08-14 06:13:50,559] {dag.py:2972} INFO - Setting next_dagrun for example_dag_decorator to None, run_after=None
[2022-08-14 06:13:50,605] {processor.py:161} INFO - Processing /home/airflow/.local/lib/python3.7/site-packages/airflow/example_dags/example_dag_decorator.py took 0.237 seconds
[2022-08-14 06:14:20,732] {processor.py:153} INFO - Started process (PID=1682) to work on /home/airflow/.local/lib/python3.7/site-packages/airflow/example_dags/example_dag_decorator.py
[2022-08-14 06:14:20,734] {processor.py:641} INFO - Processing file /home/airflow/.local/lib/python3.7/site-packages/airflow/example_dags/example_dag_decorator.py for tasks to queue
[2022-08-14 06:14:20,739] {logging_mixin.py:115} INFO - [2022-08-14 06:14:20,739] {dagbag.py:508} INFO - Filling up the DagBag from /home/airflow/.local/lib/python3.7/site-packages/airflow/example_dags/example_dag_decorator.py
[2022-08-14 06:14:20,799] {processor.py:651} INFO - DAG(s) dict_keys(['example_dag_decorator']) retrieved from /home/airflow/.local/lib/python3.7/site-packages/airflow/example_dags/example_dag_decorator.py
[2022-08-14 06:14:20,903] {logging_mixin.py:115} INFO - [2022-08-14 06:14:20,902] {dag.py:2420} INFO - Sync 1 DAGs
[2022-08-14 06:14:20,940] {logging_mixin.py:115} INFO - [2022-08-14 06:14:20,940] {dag.py:2972} INFO - Setting next_dagrun for example_dag_decorator to None, run_after=None
[2022-08-14 06:14:20,968] {processor.py:161} INFO - Processing /home/airflow/.local/lib/python3.7/site-packages/airflow/example_dags/example_dag_decorator.py took 0.242 seconds
[2022-08-14 06:14:51,820] {processor.py:153} INFO - Started process (PID=1737) to work on /home/airflow/.local/lib/python3.7/site-packages/airflow/example_dags/example_dag_decorator.py
[2022-08-14 06:14:51,822] {processor.py:641} INFO - Processing file /home/airflow/.local/lib/python3.7/site-packages/airflow/example_dags/example_dag_decorator.py for tasks to queue
[2022-08-14 06:14:51,825] {logging_mixin.py:115} INFO - [2022-08-14 06:14:51,825] {dagbag.py:508} INFO - Filling up the DagBag from /home/airflow/.local/lib/python3.7/site-packages/airflow/example_dags/example_dag_decorator.py
[2022-08-14 06:14:51,864] {processor.py:651} INFO - DAG(s) dict_keys(['example_dag_decorator']) retrieved from /home/airflow/.local/lib/python3.7/site-packages/airflow/example_dags/example_dag_decorator.py
[2022-08-14 06:14:52,016] {logging_mixin.py:115} INFO - [2022-08-14 06:14:52,016] {dag.py:2420} INFO - Sync 1 DAGs
[2022-08-14 06:14:52,078] {logging_mixin.py:115} INFO - [2022-08-14 06:14:52,077] {dag.py:2972} INFO - Setting next_dagrun for example_dag_decorator to None, run_after=None
[2022-08-14 06:14:52,112] {processor.py:161} INFO - Processing /home/airflow/.local/lib/python3.7/site-packages/airflow/example_dags/example_dag_decorator.py took 0.299 seconds
[2022-08-14 06:15:22,334] {processor.py:153} INFO - Started process (PID=1790) to work on /home/airflow/.local/lib/python3.7/site-packages/airflow/example_dags/example_dag_decorator.py
[2022-08-14 06:15:22,336] {processor.py:641} INFO - Processing file /home/airflow/.local/lib/python3.7/site-packages/airflow/example_dags/example_dag_decorator.py for tasks to queue
[2022-08-14 06:15:22,341] {logging_mixin.py:115} INFO - [2022-08-14 06:15:22,341] {dagbag.py:508} INFO - Filling up the DagBag from /home/airflow/.local/lib/python3.7/site-packages/airflow/example_dags/example_dag_decorator.py
[2022-08-14 06:15:22,377] {processor.py:651} INFO - DAG(s) dict_keys(['example_dag_decorator']) retrieved from /home/airflow/.local/lib/python3.7/site-packages/airflow/example_dags/example_dag_decorator.py
[2022-08-14 06:15:22,479] {logging_mixin.py:115} INFO - [2022-08-14 06:15:22,478] {dag.py:2420} INFO - Sync 1 DAGs
[2022-08-14 06:15:22,515] {logging_mixin.py:115} INFO - [2022-08-14 06:15:22,515] {dag.py:2972} INFO - Setting next_dagrun for example_dag_decorator to None, run_after=None
[2022-08-14 06:15:22,542] {processor.py:161} INFO - Processing /home/airflow/.local/lib/python3.7/site-packages/airflow/example_dags/example_dag_decorator.py took 0.213 seconds
[2022-08-14 06:15:52,794] {processor.py:153} INFO - Started process (PID=1851) to work on /home/airflow/.local/lib/python3.7/site-packages/airflow/example_dags/example_dag_decorator.py
[2022-08-14 06:15:52,804] {processor.py:641} INFO - Processing file /home/airflow/.local/lib/python3.7/site-packages/airflow/example_dags/example_dag_decorator.py for tasks to queue
[2022-08-14 06:15:52,811] {logging_mixin.py:115} INFO - [2022-08-14 06:15:52,810] {dagbag.py:508} INFO - Filling up the DagBag from /home/airflow/.local/lib/python3.7/site-packages/airflow/example_dags/example_dag_decorator.py
[2022-08-14 06:15:53,148] {processor.py:651} INFO - DAG(s) dict_keys(['example_dag_decorator']) retrieved from /home/airflow/.local/lib/python3.7/site-packages/airflow/example_dags/example_dag_decorator.py
[2022-08-14 06:15:53,547] {logging_mixin.py:115} INFO - [2022-08-14 06:15:53,546] {dag.py:2420} INFO - Sync 1 DAGs
[2022-08-14 06:15:53,697] {logging_mixin.py:115} INFO - [2022-08-14 06:15:53,696] {dag.py:2972} INFO - Setting next_dagrun for example_dag_decorator to None, run_after=None
[2022-08-14 06:15:53,850] {processor.py:161} INFO - Processing /home/airflow/.local/lib/python3.7/site-packages/airflow/example_dags/example_dag_decorator.py took 1.070 seconds
[2022-08-14 06:16:26,119] {processor.py:153} INFO - Started process (PID=1897) to work on /home/airflow/.local/lib/python3.7/site-packages/airflow/example_dags/example_dag_decorator.py
[2022-08-14 06:16:26,218] {processor.py:641} INFO - Processing file /home/airflow/.local/lib/python3.7/site-packages/airflow/example_dags/example_dag_decorator.py for tasks to queue
[2022-08-14 06:16:26,235] {logging_mixin.py:115} INFO - [2022-08-14 06:16:26,235] {dagbag.py:508} INFO - Filling up the DagBag from /home/airflow/.local/lib/python3.7/site-packages/airflow/example_dags/example_dag_decorator.py
[2022-08-14 06:16:26,764] {processor.py:651} INFO - DAG(s) dict_keys(['example_dag_decorator']) retrieved from /home/airflow/.local/lib/python3.7/site-packages/airflow/example_dags/example_dag_decorator.py
[2022-08-14 06:16:31,096] {logging_mixin.py:115} INFO - [2022-08-14 06:16:31,095] {dag.py:2420} INFO - Sync 1 DAGs
[2022-08-14 06:16:31,986] {logging_mixin.py:115} INFO - [2022-08-14 06:16:31,986] {dag.py:2972} INFO - Setting next_dagrun for example_dag_decorator to None, run_after=None
[2022-08-14 06:16:32,258] {processor.py:161} INFO - Processing /home/airflow/.local/lib/python3.7/site-packages/airflow/example_dags/example_dag_decorator.py took 6.285 seconds
[2022-08-14 06:17:05,943] {processor.py:153} INFO - Started process (PID=1954) to work on /home/airflow/.local/lib/python3.7/site-packages/airflow/example_dags/example_dag_decorator.py
[2022-08-14 06:17:06,039] {processor.py:641} INFO - Processing file /home/airflow/.local/lib/python3.7/site-packages/airflow/example_dags/example_dag_decorator.py for tasks to queue
[2022-08-14 06:17:06,056] {logging_mixin.py:115} INFO - [2022-08-14 06:17:06,056] {dagbag.py:508} INFO - Filling up the DagBag from /home/airflow/.local/lib/python3.7/site-packages/airflow/example_dags/example_dag_decorator.py
[2022-08-14 06:17:07,307] {processor.py:651} INFO - DAG(s) dict_keys(['example_dag_decorator']) retrieved from /home/airflow/.local/lib/python3.7/site-packages/airflow/example_dags/example_dag_decorator.py
[2022-08-14 06:17:08,972] {logging_mixin.py:115} INFO - [2022-08-14 06:17:08,972] {dag.py:2420} INFO - Sync 1 DAGs
[2022-08-14 06:17:09,817] {logging_mixin.py:115} INFO - [2022-08-14 06:17:09,817] {dag.py:2972} INFO - Setting next_dagrun for example_dag_decorator to None, run_after=None
[2022-08-14 06:17:10,638] {processor.py:161} INFO - Processing /home/airflow/.local/lib/python3.7/site-packages/airflow/example_dags/example_dag_decorator.py took 4.888 seconds
[2022-08-14 06:17:44,139] {processor.py:153} INFO - Started process (PID=2005) to work on /home/airflow/.local/lib/python3.7/site-packages/airflow/example_dags/example_dag_decorator.py
[2022-08-14 06:17:44,142] {processor.py:641} INFO - Processing file /home/airflow/.local/lib/python3.7/site-packages/airflow/example_dags/example_dag_decorator.py for tasks to queue
[2022-08-14 06:17:44,145] {logging_mixin.py:115} INFO - [2022-08-14 06:17:44,144] {dagbag.py:508} INFO - Filling up the DagBag from /home/airflow/.local/lib/python3.7/site-packages/airflow/example_dags/example_dag_decorator.py
[2022-08-14 06:17:44,298] {processor.py:651} INFO - DAG(s) dict_keys(['example_dag_decorator']) retrieved from /home/airflow/.local/lib/python3.7/site-packages/airflow/example_dags/example_dag_decorator.py
[2022-08-14 06:17:44,492] {logging_mixin.py:115} INFO - [2022-08-14 06:17:44,491] {dag.py:2420} INFO - Sync 1 DAGs
[2022-08-14 06:17:44,662] {logging_mixin.py:115} INFO - [2022-08-14 06:17:44,662] {dag.py:2972} INFO - Setting next_dagrun for example_dag_decorator to None, run_after=None
[2022-08-14 06:17:44,720] {processor.py:161} INFO - Processing /home/airflow/.local/lib/python3.7/site-packages/airflow/example_dags/example_dag_decorator.py took 0.596 seconds
[2022-08-14 07:13:55,102] {processor.py:153} INFO - Started process (PID=2060) to work on /home/airflow/.local/lib/python3.7/site-packages/airflow/example_dags/example_dag_decorator.py
[2022-08-14 07:13:55,123] {processor.py:641} INFO - Processing file /home/airflow/.local/lib/python3.7/site-packages/airflow/example_dags/example_dag_decorator.py for tasks to queue
[2022-08-14 07:13:55,169] {logging_mixin.py:115} INFO - [2022-08-14 07:13:55,169] {dagbag.py:508} INFO - Filling up the DagBag from /home/airflow/.local/lib/python3.7/site-packages/airflow/example_dags/example_dag_decorator.py
[2022-08-14 07:13:55,957] {processor.py:651} INFO - DAG(s) dict_keys(['example_dag_decorator']) retrieved from /home/airflow/.local/lib/python3.7/site-packages/airflow/example_dags/example_dag_decorator.py
[2022-08-14 07:13:57,821] {logging_mixin.py:115} INFO - [2022-08-14 07:13:57,821] {dag.py:2420} INFO - Sync 1 DAGs
[2022-08-14 07:13:58,733] {logging_mixin.py:115} INFO - [2022-08-14 07:13:58,733] {dag.py:2972} INFO - Setting next_dagrun for example_dag_decorator to None, run_after=None
[2022-08-14 07:13:59,000] {processor.py:161} INFO - Processing /home/airflow/.local/lib/python3.7/site-packages/airflow/example_dags/example_dag_decorator.py took 3.970 seconds
[2022-08-14 07:14:29,490] {processor.py:153} INFO - Started process (PID=2115) to work on /home/airflow/.local/lib/python3.7/site-packages/airflow/example_dags/example_dag_decorator.py
[2022-08-14 07:14:29,492] {processor.py:641} INFO - Processing file /home/airflow/.local/lib/python3.7/site-packages/airflow/example_dags/example_dag_decorator.py for tasks to queue
[2022-08-14 07:14:29,501] {logging_mixin.py:115} INFO - [2022-08-14 07:14:29,501] {dagbag.py:508} INFO - Filling up the DagBag from /home/airflow/.local/lib/python3.7/site-packages/airflow/example_dags/example_dag_decorator.py
[2022-08-14 07:14:29,535] {processor.py:651} INFO - DAG(s) dict_keys(['example_dag_decorator']) retrieved from /home/airflow/.local/lib/python3.7/site-packages/airflow/example_dags/example_dag_decorator.py
[2022-08-14 07:14:29,632] {logging_mixin.py:115} INFO - [2022-08-14 07:14:29,631] {dag.py:2420} INFO - Sync 1 DAGs
[2022-08-14 07:14:29,671] {logging_mixin.py:115} INFO - [2022-08-14 07:14:29,671] {dag.py:2972} INFO - Setting next_dagrun for example_dag_decorator to None, run_after=None
[2022-08-14 07:14:29,717] {processor.py:161} INFO - Processing /home/airflow/.local/lib/python3.7/site-packages/airflow/example_dags/example_dag_decorator.py took 0.234 seconds
[2022-08-14 07:14:59,965] {processor.py:153} INFO - Started process (PID=2174) to work on /home/airflow/.local/lib/python3.7/site-packages/airflow/example_dags/example_dag_decorator.py
[2022-08-14 07:14:59,967] {processor.py:641} INFO - Processing file /home/airflow/.local/lib/python3.7/site-packages/airflow/example_dags/example_dag_decorator.py for tasks to queue
[2022-08-14 07:14:59,970] {logging_mixin.py:115} INFO - [2022-08-14 07:14:59,969] {dagbag.py:508} INFO - Filling up the DagBag from /home/airflow/.local/lib/python3.7/site-packages/airflow/example_dags/example_dag_decorator.py
[2022-08-14 07:15:00,069] {processor.py:651} INFO - DAG(s) dict_keys(['example_dag_decorator']) retrieved from /home/airflow/.local/lib/python3.7/site-packages/airflow/example_dags/example_dag_decorator.py
[2022-08-14 07:15:00,299] {logging_mixin.py:115} INFO - [2022-08-14 07:15:00,299] {dag.py:2420} INFO - Sync 1 DAGs
[2022-08-14 07:15:00,444] {logging_mixin.py:115} INFO - [2022-08-14 07:15:00,444] {dag.py:2972} INFO - Setting next_dagrun for example_dag_decorator to None, run_after=None
[2022-08-14 07:15:00,492] {processor.py:161} INFO - Processing /home/airflow/.local/lib/python3.7/site-packages/airflow/example_dags/example_dag_decorator.py took 0.539 seconds
[2022-08-14 07:15:31,047] {processor.py:153} INFO - Started process (PID=2227) to work on /home/airflow/.local/lib/python3.7/site-packages/airflow/example_dags/example_dag_decorator.py
[2022-08-14 07:15:31,050] {processor.py:641} INFO - Processing file /home/airflow/.local/lib/python3.7/site-packages/airflow/example_dags/example_dag_decorator.py for tasks to queue
[2022-08-14 07:15:31,061] {logging_mixin.py:115} INFO - [2022-08-14 07:15:31,060] {dagbag.py:508} INFO - Filling up the DagBag from /home/airflow/.local/lib/python3.7/site-packages/airflow/example_dags/example_dag_decorator.py
[2022-08-14 07:15:31,238] {processor.py:651} INFO - DAG(s) dict_keys(['example_dag_decorator']) retrieved from /home/airflow/.local/lib/python3.7/site-packages/airflow/example_dags/example_dag_decorator.py
[2022-08-14 07:15:31,550] {logging_mixin.py:115} INFO - [2022-08-14 07:15:31,549] {dag.py:2420} INFO - Sync 1 DAGs
[2022-08-14 07:15:31,608] {logging_mixin.py:115} INFO - [2022-08-14 07:15:31,608] {dag.py:2972} INFO - Setting next_dagrun for example_dag_decorator to None, run_after=None
[2022-08-14 07:15:31,646] {processor.py:161} INFO - Processing /home/airflow/.local/lib/python3.7/site-packages/airflow/example_dags/example_dag_decorator.py took 0.622 seconds
