[2022-08-14 05:58:08,997] {processor.py:153} INFO - Started process (PID=79) to work on /home/airflow/.local/lib/python3.7/site-packages/airflow/example_dags/example_branch_operator_decorator.py
[2022-08-14 05:58:09,019] {processor.py:641} INFO - Processing file /home/airflow/.local/lib/python3.7/site-packages/airflow/example_dags/example_branch_operator_decorator.py for tasks to queue
[2022-08-14 05:58:09,025] {logging_mixin.py:115} INFO - [2022-08-14 05:58:09,024] {dagbag.py:508} INFO - Filling up the DagBag from /home/airflow/.local/lib/python3.7/site-packages/airflow/example_dags/example_branch_operator_decorator.py
[2022-08-14 05:58:09,329] {processor.py:651} INFO - DAG(s) dict_keys(['example_branch_python_operator_decorator']) retrieved from /home/airflow/.local/lib/python3.7/site-packages/airflow/example_dags/example_branch_operator_decorator.py
[2022-08-14 05:58:10,568] {logging_mixin.py:115} INFO - [2022-08-14 05:58:10,568] {manager.py:508} INFO - Created Permission View: can read on DAG:example_branch_python_operator_decorator
[2022-08-14 05:58:10,683] {logging_mixin.py:115} INFO - [2022-08-14 05:58:10,683] {manager.py:508} INFO - Created Permission View: can delete on DAG:example_branch_python_operator_decorator
[2022-08-14 05:58:10,762] {logging_mixin.py:115} INFO - [2022-08-14 05:58:10,761] {manager.py:508} INFO - Created Permission View: can edit on DAG:example_branch_python_operator_decorator
[2022-08-14 05:58:10,766] {logging_mixin.py:115} INFO - [2022-08-14 05:58:10,766] {dag.py:2420} INFO - Sync 1 DAGs
[2022-08-14 05:58:10,927] {logging_mixin.py:115} INFO - [2022-08-14 05:58:10,926] {dag.py:2439} INFO - Creating ORM DAG for example_branch_python_operator_decorator
[2022-08-14 05:58:11,051] {logging_mixin.py:115} INFO - [2022-08-14 05:58:11,050] {dag.py:2972} INFO - Setting next_dagrun for example_branch_python_operator_decorator to 2022-08-13T00:00:00+00:00, run_after=2022-08-14T00:00:00+00:00
[2022-08-14 05:58:11,264] {processor.py:161} INFO - Processing /home/airflow/.local/lib/python3.7/site-packages/airflow/example_dags/example_branch_operator_decorator.py took 2.378 seconds
[2022-08-14 05:58:56,054] {processor.py:153} INFO - Started process (PID=131) to work on /home/airflow/.local/lib/python3.7/site-packages/airflow/example_dags/example_branch_operator_decorator.py
[2022-08-14 05:58:56,060] {processor.py:641} INFO - Processing file /home/airflow/.local/lib/python3.7/site-packages/airflow/example_dags/example_branch_operator_decorator.py for tasks to queue
[2022-08-14 05:58:56,074] {logging_mixin.py:115} INFO - [2022-08-14 05:58:56,074] {dagbag.py:508} INFO - Filling up the DagBag from /home/airflow/.local/lib/python3.7/site-packages/airflow/example_dags/example_branch_operator_decorator.py
[2022-08-14 05:58:56,472] {processor.py:651} INFO - DAG(s) dict_keys(['example_branch_python_operator_decorator']) retrieved from /home/airflow/.local/lib/python3.7/site-packages/airflow/example_dags/example_branch_operator_decorator.py
[2022-08-14 05:58:56,667] {logging_mixin.py:115} INFO - [2022-08-14 05:58:56,667] {dag.py:2420} INFO - Sync 1 DAGs
[2022-08-14 05:58:56,961] {logging_mixin.py:115} INFO - [2022-08-14 05:58:56,961] {dag.py:2972} INFO - Setting next_dagrun for example_branch_python_operator_decorator to 2022-08-13T00:00:00+00:00, run_after=2022-08-14T00:00:00+00:00
[2022-08-14 05:58:57,169] {processor.py:161} INFO - Processing /home/airflow/.local/lib/python3.7/site-packages/airflow/example_dags/example_branch_operator_decorator.py took 1.163 seconds
[2022-08-14 05:59:27,519] {processor.py:153} INFO - Started process (PID=185) to work on /home/airflow/.local/lib/python3.7/site-packages/airflow/example_dags/example_branch_operator_decorator.py
[2022-08-14 05:59:27,525] {processor.py:641} INFO - Processing file /home/airflow/.local/lib/python3.7/site-packages/airflow/example_dags/example_branch_operator_decorator.py for tasks to queue
[2022-08-14 05:59:27,529] {logging_mixin.py:115} INFO - [2022-08-14 05:59:27,529] {dagbag.py:508} INFO - Filling up the DagBag from /home/airflow/.local/lib/python3.7/site-packages/airflow/example_dags/example_branch_operator_decorator.py
[2022-08-14 05:59:27,630] {processor.py:651} INFO - DAG(s) dict_keys(['example_branch_python_operator_decorator']) retrieved from /home/airflow/.local/lib/python3.7/site-packages/airflow/example_dags/example_branch_operator_decorator.py
[2022-08-14 05:59:27,780] {logging_mixin.py:115} INFO - [2022-08-14 05:59:27,780] {dag.py:2420} INFO - Sync 1 DAGs
[2022-08-14 05:59:27,970] {logging_mixin.py:115} INFO - [2022-08-14 05:59:27,967] {dag.py:2972} INFO - Setting next_dagrun for example_branch_python_operator_decorator to 2022-08-13T00:00:00+00:00, run_after=2022-08-14T00:00:00+00:00
[2022-08-14 05:59:28,030] {processor.py:161} INFO - Processing /home/airflow/.local/lib/python3.7/site-packages/airflow/example_dags/example_branch_operator_decorator.py took 0.538 seconds
[2022-08-14 05:59:58,262] {processor.py:153} INFO - Started process (PID=239) to work on /home/airflow/.local/lib/python3.7/site-packages/airflow/example_dags/example_branch_operator_decorator.py
[2022-08-14 05:59:58,264] {processor.py:641} INFO - Processing file /home/airflow/.local/lib/python3.7/site-packages/airflow/example_dags/example_branch_operator_decorator.py for tasks to queue
[2022-08-14 05:59:58,265] {logging_mixin.py:115} INFO - [2022-08-14 05:59:58,265] {dagbag.py:508} INFO - Filling up the DagBag from /home/airflow/.local/lib/python3.7/site-packages/airflow/example_dags/example_branch_operator_decorator.py
[2022-08-14 05:59:58,315] {processor.py:651} INFO - DAG(s) dict_keys(['example_branch_python_operator_decorator']) retrieved from /home/airflow/.local/lib/python3.7/site-packages/airflow/example_dags/example_branch_operator_decorator.py
[2022-08-14 05:59:58,374] {logging_mixin.py:115} INFO - [2022-08-14 05:59:58,373] {dag.py:2420} INFO - Sync 1 DAGs
[2022-08-14 05:59:58,513] {logging_mixin.py:115} INFO - [2022-08-14 05:59:58,512] {dag.py:2972} INFO - Setting next_dagrun for example_branch_python_operator_decorator to 2022-08-13T00:00:00+00:00, run_after=2022-08-14T00:00:00+00:00
[2022-08-14 05:59:58,564] {processor.py:161} INFO - Processing /home/airflow/.local/lib/python3.7/site-packages/airflow/example_dags/example_branch_operator_decorator.py took 0.315 seconds
[2022-08-14 06:00:28,981] {processor.py:153} INFO - Started process (PID=293) to work on /home/airflow/.local/lib/python3.7/site-packages/airflow/example_dags/example_branch_operator_decorator.py
[2022-08-14 06:00:28,990] {processor.py:641} INFO - Processing file /home/airflow/.local/lib/python3.7/site-packages/airflow/example_dags/example_branch_operator_decorator.py for tasks to queue
[2022-08-14 06:00:28,995] {logging_mixin.py:115} INFO - [2022-08-14 06:00:28,995] {dagbag.py:508} INFO - Filling up the DagBag from /home/airflow/.local/lib/python3.7/site-packages/airflow/example_dags/example_branch_operator_decorator.py
[2022-08-14 06:00:29,254] {processor.py:651} INFO - DAG(s) dict_keys(['example_branch_python_operator_decorator']) retrieved from /home/airflow/.local/lib/python3.7/site-packages/airflow/example_dags/example_branch_operator_decorator.py
[2022-08-14 06:00:29,404] {logging_mixin.py:115} INFO - [2022-08-14 06:00:29,404] {dag.py:2420} INFO - Sync 1 DAGs
[2022-08-14 06:00:29,539] {logging_mixin.py:115} INFO - [2022-08-14 06:00:29,538] {dag.py:2972} INFO - Setting next_dagrun for example_branch_python_operator_decorator to 2022-08-13T00:00:00+00:00, run_after=2022-08-14T00:00:00+00:00
[2022-08-14 06:00:29,589] {processor.py:161} INFO - Processing /home/airflow/.local/lib/python3.7/site-packages/airflow/example_dags/example_branch_operator_decorator.py took 0.657 seconds
[2022-08-14 06:01:00,398] {processor.py:153} INFO - Started process (PID=347) to work on /home/airflow/.local/lib/python3.7/site-packages/airflow/example_dags/example_branch_operator_decorator.py
[2022-08-14 06:01:00,406] {processor.py:641} INFO - Processing file /home/airflow/.local/lib/python3.7/site-packages/airflow/example_dags/example_branch_operator_decorator.py for tasks to queue
[2022-08-14 06:01:00,434] {logging_mixin.py:115} INFO - [2022-08-14 06:01:00,434] {dagbag.py:508} INFO - Filling up the DagBag from /home/airflow/.local/lib/python3.7/site-packages/airflow/example_dags/example_branch_operator_decorator.py
[2022-08-14 06:01:00,650] {processor.py:651} INFO - DAG(s) dict_keys(['example_branch_python_operator_decorator']) retrieved from /home/airflow/.local/lib/python3.7/site-packages/airflow/example_dags/example_branch_operator_decorator.py
[2022-08-14 06:01:00,845] {logging_mixin.py:115} INFO - [2022-08-14 06:01:00,844] {dag.py:2420} INFO - Sync 1 DAGs
[2022-08-14 06:01:00,971] {logging_mixin.py:115} INFO - [2022-08-14 06:01:00,971] {dag.py:2972} INFO - Setting next_dagrun for example_branch_python_operator_decorator to 2022-08-13T00:00:00+00:00, run_after=2022-08-14T00:00:00+00:00
[2022-08-14 06:01:01,026] {processor.py:161} INFO - Processing /home/airflow/.local/lib/python3.7/site-packages/airflow/example_dags/example_branch_operator_decorator.py took 0.660 seconds
[2022-08-14 06:01:31,239] {processor.py:153} INFO - Started process (PID=400) to work on /home/airflow/.local/lib/python3.7/site-packages/airflow/example_dags/example_branch_operator_decorator.py
[2022-08-14 06:01:31,242] {processor.py:641} INFO - Processing file /home/airflow/.local/lib/python3.7/site-packages/airflow/example_dags/example_branch_operator_decorator.py for tasks to queue
[2022-08-14 06:01:31,247] {logging_mixin.py:115} INFO - [2022-08-14 06:01:31,247] {dagbag.py:508} INFO - Filling up the DagBag from /home/airflow/.local/lib/python3.7/site-packages/airflow/example_dags/example_branch_operator_decorator.py
[2022-08-14 06:01:31,348] {processor.py:651} INFO - DAG(s) dict_keys(['example_branch_python_operator_decorator']) retrieved from /home/airflow/.local/lib/python3.7/site-packages/airflow/example_dags/example_branch_operator_decorator.py
[2022-08-14 06:01:31,475] {logging_mixin.py:115} INFO - [2022-08-14 06:01:31,474] {dag.py:2420} INFO - Sync 1 DAGs
[2022-08-14 06:01:31,538] {logging_mixin.py:115} INFO - [2022-08-14 06:01:31,538] {dag.py:2972} INFO - Setting next_dagrun for example_branch_python_operator_decorator to 2022-08-13T00:00:00+00:00, run_after=2022-08-14T00:00:00+00:00
[2022-08-14 06:01:31,576] {processor.py:161} INFO - Processing /home/airflow/.local/lib/python3.7/site-packages/airflow/example_dags/example_branch_operator_decorator.py took 0.355 seconds
[2022-08-14 06:02:01,941] {processor.py:153} INFO - Started process (PID=452) to work on /home/airflow/.local/lib/python3.7/site-packages/airflow/example_dags/example_branch_operator_decorator.py
[2022-08-14 06:02:01,947] {processor.py:641} INFO - Processing file /home/airflow/.local/lib/python3.7/site-packages/airflow/example_dags/example_branch_operator_decorator.py for tasks to queue
[2022-08-14 06:02:01,953] {logging_mixin.py:115} INFO - [2022-08-14 06:02:01,953] {dagbag.py:508} INFO - Filling up the DagBag from /home/airflow/.local/lib/python3.7/site-packages/airflow/example_dags/example_branch_operator_decorator.py
[2022-08-14 06:02:02,037] {processor.py:651} INFO - DAG(s) dict_keys(['example_branch_python_operator_decorator']) retrieved from /home/airflow/.local/lib/python3.7/site-packages/airflow/example_dags/example_branch_operator_decorator.py
[2022-08-14 06:02:02,126] {logging_mixin.py:115} INFO - [2022-08-14 06:02:02,126] {dag.py:2420} INFO - Sync 1 DAGs
[2022-08-14 06:02:02,178] {logging_mixin.py:115} INFO - [2022-08-14 06:02:02,178] {dag.py:2972} INFO - Setting next_dagrun for example_branch_python_operator_decorator to 2022-08-13T00:00:00+00:00, run_after=2022-08-14T00:00:00+00:00
[2022-08-14 06:02:02,228] {processor.py:161} INFO - Processing /home/airflow/.local/lib/python3.7/site-packages/airflow/example_dags/example_branch_operator_decorator.py took 0.320 seconds
[2022-08-14 06:02:38,203] {processor.py:153} INFO - Started process (PID=505) to work on /home/airflow/.local/lib/python3.7/site-packages/airflow/example_dags/example_branch_operator_decorator.py
[2022-08-14 06:02:38,212] {processor.py:641} INFO - Processing file /home/airflow/.local/lib/python3.7/site-packages/airflow/example_dags/example_branch_operator_decorator.py for tasks to queue
[2022-08-14 06:02:38,245] {logging_mixin.py:115} INFO - [2022-08-14 06:02:38,244] {dagbag.py:508} INFO - Filling up the DagBag from /home/airflow/.local/lib/python3.7/site-packages/airflow/example_dags/example_branch_operator_decorator.py
[2022-08-14 06:02:38,713] {processor.py:651} INFO - DAG(s) dict_keys(['example_branch_python_operator_decorator']) retrieved from /home/airflow/.local/lib/python3.7/site-packages/airflow/example_dags/example_branch_operator_decorator.py
[2022-08-14 06:02:39,102] {logging_mixin.py:115} INFO - [2022-08-14 06:02:39,102] {dag.py:2420} INFO - Sync 1 DAGs
[2022-08-14 06:02:39,493] {logging_mixin.py:115} INFO - [2022-08-14 06:02:39,492] {dag.py:2972} INFO - Setting next_dagrun for example_branch_python_operator_decorator to 2022-08-13T00:00:00+00:00, run_after=2022-08-14T00:00:00+00:00
[2022-08-14 06:02:39,819] {processor.py:161} INFO - Processing /home/airflow/.local/lib/python3.7/site-packages/airflow/example_dags/example_branch_operator_decorator.py took 1.637 seconds
[2022-08-14 06:03:27,237] {processor.py:153} INFO - Started process (PID=557) to work on /home/airflow/.local/lib/python3.7/site-packages/airflow/example_dags/example_branch_operator_decorator.py
[2022-08-14 06:03:27,246] {processor.py:641} INFO - Processing file /home/airflow/.local/lib/python3.7/site-packages/airflow/example_dags/example_branch_operator_decorator.py for tasks to queue
[2022-08-14 06:03:27,278] {logging_mixin.py:115} INFO - [2022-08-14 06:03:27,278] {dagbag.py:508} INFO - Filling up the DagBag from /home/airflow/.local/lib/python3.7/site-packages/airflow/example_dags/example_branch_operator_decorator.py
[2022-08-14 06:03:28,251] {processor.py:651} INFO - DAG(s) dict_keys(['example_branch_python_operator_decorator']) retrieved from /home/airflow/.local/lib/python3.7/site-packages/airflow/example_dags/example_branch_operator_decorator.py
[2022-08-14 06:03:29,324] {logging_mixin.py:115} INFO - [2022-08-14 06:03:29,324] {dag.py:2420} INFO - Sync 1 DAGs
[2022-08-14 06:03:30,684] {logging_mixin.py:115} INFO - [2022-08-14 06:03:30,683] {dag.py:2972} INFO - Setting next_dagrun for example_branch_python_operator_decorator to 2022-08-13T00:00:00+00:00, run_after=2022-08-14T00:00:00+00:00
[2022-08-14 06:03:31,217] {processor.py:161} INFO - Processing /home/airflow/.local/lib/python3.7/site-packages/airflow/example_dags/example_branch_operator_decorator.py took 4.228 seconds
[2022-08-14 06:04:14,520] {processor.py:153} INFO - Started process (PID=619) to work on /home/airflow/.local/lib/python3.7/site-packages/airflow/example_dags/example_branch_operator_decorator.py
[2022-08-14 06:04:14,523] {processor.py:641} INFO - Processing file /home/airflow/.local/lib/python3.7/site-packages/airflow/example_dags/example_branch_operator_decorator.py for tasks to queue
[2022-08-14 06:04:14,539] {logging_mixin.py:115} INFO - [2022-08-14 06:04:14,539] {dagbag.py:508} INFO - Filling up the DagBag from /home/airflow/.local/lib/python3.7/site-packages/airflow/example_dags/example_branch_operator_decorator.py
[2022-08-14 06:04:15,995] {processor.py:651} INFO - DAG(s) dict_keys(['example_branch_python_operator_decorator']) retrieved from /home/airflow/.local/lib/python3.7/site-packages/airflow/example_dags/example_branch_operator_decorator.py
[2022-08-14 06:04:17,041] {logging_mixin.py:115} INFO - [2022-08-14 06:04:17,039] {dag.py:2420} INFO - Sync 1 DAGs
[2022-08-14 06:04:19,237] {logging_mixin.py:115} INFO - [2022-08-14 06:04:19,237] {dag.py:2972} INFO - Setting next_dagrun for example_branch_python_operator_decorator to 2022-08-13T00:00:00+00:00, run_after=2022-08-14T00:00:00+00:00
[2022-08-14 06:04:20,348] {processor.py:161} INFO - Processing /home/airflow/.local/lib/python3.7/site-packages/airflow/example_dags/example_branch_operator_decorator.py took 5.873 seconds
[2022-08-14 06:04:51,513] {processor.py:153} INFO - Started process (PID=672) to work on /home/airflow/.local/lib/python3.7/site-packages/airflow/example_dags/example_branch_operator_decorator.py
[2022-08-14 06:04:51,520] {processor.py:641} INFO - Processing file /home/airflow/.local/lib/python3.7/site-packages/airflow/example_dags/example_branch_operator_decorator.py for tasks to queue
[2022-08-14 06:04:51,524] {logging_mixin.py:115} INFO - [2022-08-14 06:04:51,524] {dagbag.py:508} INFO - Filling up the DagBag from /home/airflow/.local/lib/python3.7/site-packages/airflow/example_dags/example_branch_operator_decorator.py
[2022-08-14 06:04:51,576] {processor.py:651} INFO - DAG(s) dict_keys(['example_branch_python_operator_decorator']) retrieved from /home/airflow/.local/lib/python3.7/site-packages/airflow/example_dags/example_branch_operator_decorator.py
[2022-08-14 06:04:51,639] {logging_mixin.py:115} INFO - [2022-08-14 06:04:51,639] {dag.py:2420} INFO - Sync 1 DAGs
[2022-08-14 06:04:51,690] {logging_mixin.py:115} INFO - [2022-08-14 06:04:51,689] {dag.py:2972} INFO - Setting next_dagrun for example_branch_python_operator_decorator to 2022-08-13T00:00:00+00:00, run_after=2022-08-14T00:00:00+00:00
[2022-08-14 06:04:51,762] {processor.py:161} INFO - Processing /home/airflow/.local/lib/python3.7/site-packages/airflow/example_dags/example_branch_operator_decorator.py took 0.258 seconds
[2022-08-14 06:05:22,524] {processor.py:153} INFO - Started process (PID=725) to work on /home/airflow/.local/lib/python3.7/site-packages/airflow/example_dags/example_branch_operator_decorator.py
[2022-08-14 06:05:22,532] {processor.py:641} INFO - Processing file /home/airflow/.local/lib/python3.7/site-packages/airflow/example_dags/example_branch_operator_decorator.py for tasks to queue
[2022-08-14 06:05:22,534] {logging_mixin.py:115} INFO - [2022-08-14 06:05:22,533] {dagbag.py:508} INFO - Filling up the DagBag from /home/airflow/.local/lib/python3.7/site-packages/airflow/example_dags/example_branch_operator_decorator.py
[2022-08-14 06:05:22,632] {processor.py:651} INFO - DAG(s) dict_keys(['example_branch_python_operator_decorator']) retrieved from /home/airflow/.local/lib/python3.7/site-packages/airflow/example_dags/example_branch_operator_decorator.py
[2022-08-14 06:05:22,749] {logging_mixin.py:115} INFO - [2022-08-14 06:05:22,748] {dag.py:2420} INFO - Sync 1 DAGs
[2022-08-14 06:05:22,839] {logging_mixin.py:115} INFO - [2022-08-14 06:05:22,839] {dag.py:2972} INFO - Setting next_dagrun for example_branch_python_operator_decorator to 2022-08-13T00:00:00+00:00, run_after=2022-08-14T00:00:00+00:00
[2022-08-14 06:05:22,869] {processor.py:161} INFO - Processing /home/airflow/.local/lib/python3.7/site-packages/airflow/example_dags/example_branch_operator_decorator.py took 0.363 seconds
[2022-08-14 06:05:53,436] {processor.py:153} INFO - Started process (PID=780) to work on /home/airflow/.local/lib/python3.7/site-packages/airflow/example_dags/example_branch_operator_decorator.py
[2022-08-14 06:05:53,440] {processor.py:641} INFO - Processing file /home/airflow/.local/lib/python3.7/site-packages/airflow/example_dags/example_branch_operator_decorator.py for tasks to queue
[2022-08-14 06:05:53,443] {logging_mixin.py:115} INFO - [2022-08-14 06:05:53,443] {dagbag.py:508} INFO - Filling up the DagBag from /home/airflow/.local/lib/python3.7/site-packages/airflow/example_dags/example_branch_operator_decorator.py
[2022-08-14 06:05:53,532] {processor.py:651} INFO - DAG(s) dict_keys(['example_branch_python_operator_decorator']) retrieved from /home/airflow/.local/lib/python3.7/site-packages/airflow/example_dags/example_branch_operator_decorator.py
[2022-08-14 06:05:53,592] {logging_mixin.py:115} INFO - [2022-08-14 06:05:53,592] {dag.py:2420} INFO - Sync 1 DAGs
[2022-08-14 06:05:53,630] {logging_mixin.py:115} INFO - [2022-08-14 06:05:53,629] {dag.py:2972} INFO - Setting next_dagrun for example_branch_python_operator_decorator to 2022-08-13T00:00:00+00:00, run_after=2022-08-14T00:00:00+00:00
[2022-08-14 06:05:53,650] {processor.py:161} INFO - Processing /home/airflow/.local/lib/python3.7/site-packages/airflow/example_dags/example_branch_operator_decorator.py took 0.221 seconds
[2022-08-14 06:06:24,302] {processor.py:153} INFO - Started process (PID=832) to work on /home/airflow/.local/lib/python3.7/site-packages/airflow/example_dags/example_branch_operator_decorator.py
[2022-08-14 06:06:24,305] {processor.py:641} INFO - Processing file /home/airflow/.local/lib/python3.7/site-packages/airflow/example_dags/example_branch_operator_decorator.py for tasks to queue
[2022-08-14 06:06:24,311] {logging_mixin.py:115} INFO - [2022-08-14 06:06:24,310] {dagbag.py:508} INFO - Filling up the DagBag from /home/airflow/.local/lib/python3.7/site-packages/airflow/example_dags/example_branch_operator_decorator.py
[2022-08-14 06:06:24,528] {processor.py:651} INFO - DAG(s) dict_keys(['example_branch_python_operator_decorator']) retrieved from /home/airflow/.local/lib/python3.7/site-packages/airflow/example_dags/example_branch_operator_decorator.py
[2022-08-14 06:06:24,650] {logging_mixin.py:115} INFO - [2022-08-14 06:06:24,650] {dag.py:2420} INFO - Sync 1 DAGs
[2022-08-14 06:06:24,784] {logging_mixin.py:115} INFO - [2022-08-14 06:06:24,784] {dag.py:2972} INFO - Setting next_dagrun for example_branch_python_operator_decorator to 2022-08-13T00:00:00+00:00, run_after=2022-08-14T00:00:00+00:00
[2022-08-14 06:06:24,864] {processor.py:161} INFO - Processing /home/airflow/.local/lib/python3.7/site-packages/airflow/example_dags/example_branch_operator_decorator.py took 0.576 seconds
[2022-08-14 06:06:56,255] {processor.py:153} INFO - Started process (PID=883) to work on /home/airflow/.local/lib/python3.7/site-packages/airflow/example_dags/example_branch_operator_decorator.py
[2022-08-14 06:06:56,263] {processor.py:641} INFO - Processing file /home/airflow/.local/lib/python3.7/site-packages/airflow/example_dags/example_branch_operator_decorator.py for tasks to queue
[2022-08-14 06:06:56,267] {logging_mixin.py:115} INFO - [2022-08-14 06:06:56,267] {dagbag.py:508} INFO - Filling up the DagBag from /home/airflow/.local/lib/python3.7/site-packages/airflow/example_dags/example_branch_operator_decorator.py
[2022-08-14 06:06:56,547] {processor.py:651} INFO - DAG(s) dict_keys(['example_branch_python_operator_decorator']) retrieved from /home/airflow/.local/lib/python3.7/site-packages/airflow/example_dags/example_branch_operator_decorator.py
[2022-08-14 06:06:57,049] {logging_mixin.py:115} INFO - [2022-08-14 06:06:57,049] {dag.py:2420} INFO - Sync 1 DAGs
[2022-08-14 06:06:58,039] {logging_mixin.py:115} INFO - [2022-08-14 06:06:58,038] {dag.py:2972} INFO - Setting next_dagrun for example_branch_python_operator_decorator to 2022-08-13T00:00:00+00:00, run_after=2022-08-14T00:00:00+00:00
[2022-08-14 06:06:58,502] {processor.py:161} INFO - Processing /home/airflow/.local/lib/python3.7/site-packages/airflow/example_dags/example_branch_operator_decorator.py took 2.260 seconds
[2022-08-14 06:07:29,082] {processor.py:153} INFO - Started process (PID=935) to work on /home/airflow/.local/lib/python3.7/site-packages/airflow/example_dags/example_branch_operator_decorator.py
[2022-08-14 06:07:29,084] {processor.py:641} INFO - Processing file /home/airflow/.local/lib/python3.7/site-packages/airflow/example_dags/example_branch_operator_decorator.py for tasks to queue
[2022-08-14 06:07:29,087] {logging_mixin.py:115} INFO - [2022-08-14 06:07:29,086] {dagbag.py:508} INFO - Filling up the DagBag from /home/airflow/.local/lib/python3.7/site-packages/airflow/example_dags/example_branch_operator_decorator.py
[2022-08-14 06:07:29,128] {processor.py:651} INFO - DAG(s) dict_keys(['example_branch_python_operator_decorator']) retrieved from /home/airflow/.local/lib/python3.7/site-packages/airflow/example_dags/example_branch_operator_decorator.py
[2022-08-14 06:07:29,184] {logging_mixin.py:115} INFO - [2022-08-14 06:07:29,184] {dag.py:2420} INFO - Sync 1 DAGs
[2022-08-14 06:07:29,253] {logging_mixin.py:115} INFO - [2022-08-14 06:07:29,252] {dag.py:2972} INFO - Setting next_dagrun for example_branch_python_operator_decorator to 2022-08-13T00:00:00+00:00, run_after=2022-08-14T00:00:00+00:00
[2022-08-14 06:07:29,274] {processor.py:161} INFO - Processing /home/airflow/.local/lib/python3.7/site-packages/airflow/example_dags/example_branch_operator_decorator.py took 0.201 seconds
[2022-08-14 06:07:59,472] {processor.py:153} INFO - Started process (PID=988) to work on /home/airflow/.local/lib/python3.7/site-packages/airflow/example_dags/example_branch_operator_decorator.py
[2022-08-14 06:07:59,487] {processor.py:641} INFO - Processing file /home/airflow/.local/lib/python3.7/site-packages/airflow/example_dags/example_branch_operator_decorator.py for tasks to queue
[2022-08-14 06:07:59,489] {logging_mixin.py:115} INFO - [2022-08-14 06:07:59,489] {dagbag.py:508} INFO - Filling up the DagBag from /home/airflow/.local/lib/python3.7/site-packages/airflow/example_dags/example_branch_operator_decorator.py
[2022-08-14 06:07:59,535] {processor.py:651} INFO - DAG(s) dict_keys(['example_branch_python_operator_decorator']) retrieved from /home/airflow/.local/lib/python3.7/site-packages/airflow/example_dags/example_branch_operator_decorator.py
[2022-08-14 06:07:59,596] {logging_mixin.py:115} INFO - [2022-08-14 06:07:59,596] {dag.py:2420} INFO - Sync 1 DAGs
[2022-08-14 06:07:59,657] {logging_mixin.py:115} INFO - [2022-08-14 06:07:59,657] {dag.py:2972} INFO - Setting next_dagrun for example_branch_python_operator_decorator to 2022-08-13T00:00:00+00:00, run_after=2022-08-14T00:00:00+00:00
[2022-08-14 06:07:59,693] {processor.py:161} INFO - Processing /home/airflow/.local/lib/python3.7/site-packages/airflow/example_dags/example_branch_operator_decorator.py took 0.231 seconds
[2022-08-14 06:08:30,075] {processor.py:153} INFO - Started process (PID=1041) to work on /home/airflow/.local/lib/python3.7/site-packages/airflow/example_dags/example_branch_operator_decorator.py
[2022-08-14 06:08:30,077] {processor.py:641} INFO - Processing file /home/airflow/.local/lib/python3.7/site-packages/airflow/example_dags/example_branch_operator_decorator.py for tasks to queue
[2022-08-14 06:08:30,082] {logging_mixin.py:115} INFO - [2022-08-14 06:08:30,082] {dagbag.py:508} INFO - Filling up the DagBag from /home/airflow/.local/lib/python3.7/site-packages/airflow/example_dags/example_branch_operator_decorator.py
[2022-08-14 06:08:30,161] {processor.py:651} INFO - DAG(s) dict_keys(['example_branch_python_operator_decorator']) retrieved from /home/airflow/.local/lib/python3.7/site-packages/airflow/example_dags/example_branch_operator_decorator.py
[2022-08-14 06:08:30,274] {logging_mixin.py:115} INFO - [2022-08-14 06:08:30,274] {dag.py:2420} INFO - Sync 1 DAGs
[2022-08-14 06:08:30,361] {logging_mixin.py:115} INFO - [2022-08-14 06:08:30,360] {dag.py:2972} INFO - Setting next_dagrun for example_branch_python_operator_decorator to 2022-08-13T00:00:00+00:00, run_after=2022-08-14T00:00:00+00:00
[2022-08-14 06:08:30,404] {processor.py:161} INFO - Processing /home/airflow/.local/lib/python3.7/site-packages/airflow/example_dags/example_branch_operator_decorator.py took 0.340 seconds
[2022-08-14 06:09:01,356] {processor.py:153} INFO - Started process (PID=1097) to work on /home/airflow/.local/lib/python3.7/site-packages/airflow/example_dags/example_branch_operator_decorator.py
[2022-08-14 06:09:01,358] {processor.py:641} INFO - Processing file /home/airflow/.local/lib/python3.7/site-packages/airflow/example_dags/example_branch_operator_decorator.py for tasks to queue
[2022-08-14 06:09:01,363] {logging_mixin.py:115} INFO - [2022-08-14 06:09:01,362] {dagbag.py:508} INFO - Filling up the DagBag from /home/airflow/.local/lib/python3.7/site-packages/airflow/example_dags/example_branch_operator_decorator.py
[2022-08-14 06:09:01,442] {processor.py:651} INFO - DAG(s) dict_keys(['example_branch_python_operator_decorator']) retrieved from /home/airflow/.local/lib/python3.7/site-packages/airflow/example_dags/example_branch_operator_decorator.py
[2022-08-14 06:09:01,506] {logging_mixin.py:115} INFO - [2022-08-14 06:09:01,506] {dag.py:2420} INFO - Sync 1 DAGs
[2022-08-14 06:09:01,570] {logging_mixin.py:115} INFO - [2022-08-14 06:09:01,570] {dag.py:2972} INFO - Setting next_dagrun for example_branch_python_operator_decorator to 2022-08-13T00:00:00+00:00, run_after=2022-08-14T00:00:00+00:00
[2022-08-14 06:09:01,606] {processor.py:161} INFO - Processing /home/airflow/.local/lib/python3.7/site-packages/airflow/example_dags/example_branch_operator_decorator.py took 0.267 seconds
[2022-08-14 06:09:32,472] {processor.py:153} INFO - Started process (PID=1160) to work on /home/airflow/.local/lib/python3.7/site-packages/airflow/example_dags/example_branch_operator_decorator.py
[2022-08-14 06:09:32,475] {processor.py:641} INFO - Processing file /home/airflow/.local/lib/python3.7/site-packages/airflow/example_dags/example_branch_operator_decorator.py for tasks to queue
[2022-08-14 06:09:32,479] {logging_mixin.py:115} INFO - [2022-08-14 06:09:32,478] {dagbag.py:508} INFO - Filling up the DagBag from /home/airflow/.local/lib/python3.7/site-packages/airflow/example_dags/example_branch_operator_decorator.py
[2022-08-14 06:09:32,577] {processor.py:651} INFO - DAG(s) dict_keys(['example_branch_python_operator_decorator']) retrieved from /home/airflow/.local/lib/python3.7/site-packages/airflow/example_dags/example_branch_operator_decorator.py
[2022-08-14 06:09:32,674] {logging_mixin.py:115} INFO - [2022-08-14 06:09:32,673] {dag.py:2420} INFO - Sync 1 DAGs
[2022-08-14 06:09:32,760] {logging_mixin.py:115} INFO - [2022-08-14 06:09:32,760] {dag.py:2972} INFO - Setting next_dagrun for example_branch_python_operator_decorator to 2022-08-13T00:00:00+00:00, run_after=2022-08-14T00:00:00+00:00
[2022-08-14 06:09:32,838] {processor.py:161} INFO - Processing /home/airflow/.local/lib/python3.7/site-packages/airflow/example_dags/example_branch_operator_decorator.py took 0.397 seconds
[2022-08-14 06:10:03,283] {processor.py:153} INFO - Started process (PID=1214) to work on /home/airflow/.local/lib/python3.7/site-packages/airflow/example_dags/example_branch_operator_decorator.py
[2022-08-14 06:10:03,285] {processor.py:641} INFO - Processing file /home/airflow/.local/lib/python3.7/site-packages/airflow/example_dags/example_branch_operator_decorator.py for tasks to queue
[2022-08-14 06:10:03,288] {logging_mixin.py:115} INFO - [2022-08-14 06:10:03,287] {dagbag.py:508} INFO - Filling up the DagBag from /home/airflow/.local/lib/python3.7/site-packages/airflow/example_dags/example_branch_operator_decorator.py
[2022-08-14 06:10:03,373] {processor.py:651} INFO - DAG(s) dict_keys(['example_branch_python_operator_decorator']) retrieved from /home/airflow/.local/lib/python3.7/site-packages/airflow/example_dags/example_branch_operator_decorator.py
[2022-08-14 06:10:03,497] {logging_mixin.py:115} INFO - [2022-08-14 06:10:03,497] {dag.py:2420} INFO - Sync 1 DAGs
[2022-08-14 06:10:03,638] {logging_mixin.py:115} INFO - [2022-08-14 06:10:03,638] {dag.py:2972} INFO - Setting next_dagrun for example_branch_python_operator_decorator to 2022-08-13T00:00:00+00:00, run_after=2022-08-14T00:00:00+00:00
[2022-08-14 06:10:03,698] {processor.py:161} INFO - Processing /home/airflow/.local/lib/python3.7/site-packages/airflow/example_dags/example_branch_operator_decorator.py took 0.426 seconds
[2022-08-14 06:10:34,596] {processor.py:153} INFO - Started process (PID=1268) to work on /home/airflow/.local/lib/python3.7/site-packages/airflow/example_dags/example_branch_operator_decorator.py
[2022-08-14 06:10:34,598] {processor.py:641} INFO - Processing file /home/airflow/.local/lib/python3.7/site-packages/airflow/example_dags/example_branch_operator_decorator.py for tasks to queue
[2022-08-14 06:10:34,601] {logging_mixin.py:115} INFO - [2022-08-14 06:10:34,600] {dagbag.py:508} INFO - Filling up the DagBag from /home/airflow/.local/lib/python3.7/site-packages/airflow/example_dags/example_branch_operator_decorator.py
[2022-08-14 06:10:34,636] {processor.py:651} INFO - DAG(s) dict_keys(['example_branch_python_operator_decorator']) retrieved from /home/airflow/.local/lib/python3.7/site-packages/airflow/example_dags/example_branch_operator_decorator.py
[2022-08-14 06:10:34,685] {logging_mixin.py:115} INFO - [2022-08-14 06:10:34,685] {dag.py:2420} INFO - Sync 1 DAGs
[2022-08-14 06:10:34,726] {logging_mixin.py:115} INFO - [2022-08-14 06:10:34,725] {dag.py:2972} INFO - Setting next_dagrun for example_branch_python_operator_decorator to 2022-08-13T00:00:00+00:00, run_after=2022-08-14T00:00:00+00:00
[2022-08-14 06:10:34,755] {processor.py:161} INFO - Processing /home/airflow/.local/lib/python3.7/site-packages/airflow/example_dags/example_branch_operator_decorator.py took 0.166 seconds
[2022-08-14 06:11:06,271] {processor.py:153} INFO - Started process (PID=1332) to work on /home/airflow/.local/lib/python3.7/site-packages/airflow/example_dags/example_branch_operator_decorator.py
[2022-08-14 06:11:06,284] {processor.py:641} INFO - Processing file /home/airflow/.local/lib/python3.7/site-packages/airflow/example_dags/example_branch_operator_decorator.py for tasks to queue
[2022-08-14 06:11:06,286] {logging_mixin.py:115} INFO - [2022-08-14 06:11:06,285] {dagbag.py:508} INFO - Filling up the DagBag from /home/airflow/.local/lib/python3.7/site-packages/airflow/example_dags/example_branch_operator_decorator.py
[2022-08-14 06:11:06,534] {processor.py:651} INFO - DAG(s) dict_keys(['example_branch_python_operator_decorator']) retrieved from /home/airflow/.local/lib/python3.7/site-packages/airflow/example_dags/example_branch_operator_decorator.py
[2022-08-14 06:11:06,748] {logging_mixin.py:115} INFO - [2022-08-14 06:11:06,748] {dag.py:2420} INFO - Sync 1 DAGs
[2022-08-14 06:11:06,898] {logging_mixin.py:115} INFO - [2022-08-14 06:11:06,897] {dag.py:2972} INFO - Setting next_dagrun for example_branch_python_operator_decorator to 2022-08-13T00:00:00+00:00, run_after=2022-08-14T00:00:00+00:00
[2022-08-14 06:11:07,018] {processor.py:161} INFO - Processing /home/airflow/.local/lib/python3.7/site-packages/airflow/example_dags/example_branch_operator_decorator.py took 0.771 seconds
[2022-08-14 06:11:37,478] {processor.py:153} INFO - Started process (PID=1387) to work on /home/airflow/.local/lib/python3.7/site-packages/airflow/example_dags/example_branch_operator_decorator.py
[2022-08-14 06:11:37,480] {processor.py:641} INFO - Processing file /home/airflow/.local/lib/python3.7/site-packages/airflow/example_dags/example_branch_operator_decorator.py for tasks to queue
[2022-08-14 06:11:37,481] {logging_mixin.py:115} INFO - [2022-08-14 06:11:37,481] {dagbag.py:508} INFO - Filling up the DagBag from /home/airflow/.local/lib/python3.7/site-packages/airflow/example_dags/example_branch_operator_decorator.py
[2022-08-14 06:11:37,524] {processor.py:651} INFO - DAG(s) dict_keys(['example_branch_python_operator_decorator']) retrieved from /home/airflow/.local/lib/python3.7/site-packages/airflow/example_dags/example_branch_operator_decorator.py
[2022-08-14 06:11:37,585] {logging_mixin.py:115} INFO - [2022-08-14 06:11:37,585] {dag.py:2420} INFO - Sync 1 DAGs
[2022-08-14 06:11:37,668] {logging_mixin.py:115} INFO - [2022-08-14 06:11:37,668] {dag.py:2972} INFO - Setting next_dagrun for example_branch_python_operator_decorator to 2022-08-13T00:00:00+00:00, run_after=2022-08-14T00:00:00+00:00
[2022-08-14 06:11:37,696] {processor.py:161} INFO - Processing /home/airflow/.local/lib/python3.7/site-packages/airflow/example_dags/example_branch_operator_decorator.py took 0.226 seconds
[2022-08-14 06:12:08,144] {processor.py:153} INFO - Started process (PID=1443) to work on /home/airflow/.local/lib/python3.7/site-packages/airflow/example_dags/example_branch_operator_decorator.py
[2022-08-14 06:12:08,145] {processor.py:641} INFO - Processing file /home/airflow/.local/lib/python3.7/site-packages/airflow/example_dags/example_branch_operator_decorator.py for tasks to queue
[2022-08-14 06:12:08,147] {logging_mixin.py:115} INFO - [2022-08-14 06:12:08,147] {dagbag.py:508} INFO - Filling up the DagBag from /home/airflow/.local/lib/python3.7/site-packages/airflow/example_dags/example_branch_operator_decorator.py
[2022-08-14 06:12:08,216] {processor.py:651} INFO - DAG(s) dict_keys(['example_branch_python_operator_decorator']) retrieved from /home/airflow/.local/lib/python3.7/site-packages/airflow/example_dags/example_branch_operator_decorator.py
[2022-08-14 06:12:08,307] {logging_mixin.py:115} INFO - [2022-08-14 06:12:08,306] {dag.py:2420} INFO - Sync 1 DAGs
[2022-08-14 06:12:08,391] {logging_mixin.py:115} INFO - [2022-08-14 06:12:08,390] {dag.py:2972} INFO - Setting next_dagrun for example_branch_python_operator_decorator to 2022-08-13T00:00:00+00:00, run_after=2022-08-14T00:00:00+00:00
[2022-08-14 06:12:08,436] {processor.py:161} INFO - Processing /home/airflow/.local/lib/python3.7/site-packages/airflow/example_dags/example_branch_operator_decorator.py took 0.297 seconds
[2022-08-14 06:12:39,079] {processor.py:153} INFO - Started process (PID=1507) to work on /home/airflow/.local/lib/python3.7/site-packages/airflow/example_dags/example_branch_operator_decorator.py
[2022-08-14 06:12:39,082] {processor.py:641} INFO - Processing file /home/airflow/.local/lib/python3.7/site-packages/airflow/example_dags/example_branch_operator_decorator.py for tasks to queue
[2022-08-14 06:12:39,086] {logging_mixin.py:115} INFO - [2022-08-14 06:12:39,085] {dagbag.py:508} INFO - Filling up the DagBag from /home/airflow/.local/lib/python3.7/site-packages/airflow/example_dags/example_branch_operator_decorator.py
[2022-08-14 06:12:39,180] {processor.py:651} INFO - DAG(s) dict_keys(['example_branch_python_operator_decorator']) retrieved from /home/airflow/.local/lib/python3.7/site-packages/airflow/example_dags/example_branch_operator_decorator.py
[2022-08-14 06:12:39,328] {logging_mixin.py:115} INFO - [2022-08-14 06:12:39,328] {dag.py:2420} INFO - Sync 1 DAGs
[2022-08-14 06:12:39,411] {logging_mixin.py:115} INFO - [2022-08-14 06:12:39,410] {dag.py:2972} INFO - Setting next_dagrun for example_branch_python_operator_decorator to 2022-08-13T00:00:00+00:00, run_after=2022-08-14T00:00:00+00:00
[2022-08-14 06:12:39,470] {processor.py:161} INFO - Processing /home/airflow/.local/lib/python3.7/site-packages/airflow/example_dags/example_branch_operator_decorator.py took 0.403 seconds
[2022-08-14 06:13:09,605] {processor.py:153} INFO - Started process (PID=1561) to work on /home/airflow/.local/lib/python3.7/site-packages/airflow/example_dags/example_branch_operator_decorator.py
[2022-08-14 06:13:09,608] {processor.py:641} INFO - Processing file /home/airflow/.local/lib/python3.7/site-packages/airflow/example_dags/example_branch_operator_decorator.py for tasks to queue
[2022-08-14 06:13:09,615] {logging_mixin.py:115} INFO - [2022-08-14 06:13:09,615] {dagbag.py:508} INFO - Filling up the DagBag from /home/airflow/.local/lib/python3.7/site-packages/airflow/example_dags/example_branch_operator_decorator.py
[2022-08-14 06:13:09,654] {processor.py:651} INFO - DAG(s) dict_keys(['example_branch_python_operator_decorator']) retrieved from /home/airflow/.local/lib/python3.7/site-packages/airflow/example_dags/example_branch_operator_decorator.py
[2022-08-14 06:13:09,706] {logging_mixin.py:115} INFO - [2022-08-14 06:13:09,705] {dag.py:2420} INFO - Sync 1 DAGs
[2022-08-14 06:13:09,744] {logging_mixin.py:115} INFO - [2022-08-14 06:13:09,744] {dag.py:2972} INFO - Setting next_dagrun for example_branch_python_operator_decorator to 2022-08-13T00:00:00+00:00, run_after=2022-08-14T00:00:00+00:00
[2022-08-14 06:13:09,769] {processor.py:161} INFO - Processing /home/airflow/.local/lib/python3.7/site-packages/airflow/example_dags/example_branch_operator_decorator.py took 0.174 seconds
[2022-08-14 06:13:40,005] {processor.py:153} INFO - Started process (PID=1615) to work on /home/airflow/.local/lib/python3.7/site-packages/airflow/example_dags/example_branch_operator_decorator.py
[2022-08-14 06:13:40,012] {processor.py:641} INFO - Processing file /home/airflow/.local/lib/python3.7/site-packages/airflow/example_dags/example_branch_operator_decorator.py for tasks to queue
[2022-08-14 06:13:40,014] {logging_mixin.py:115} INFO - [2022-08-14 06:13:40,014] {dagbag.py:508} INFO - Filling up the DagBag from /home/airflow/.local/lib/python3.7/site-packages/airflow/example_dags/example_branch_operator_decorator.py
[2022-08-14 06:13:40,050] {processor.py:651} INFO - DAG(s) dict_keys(['example_branch_python_operator_decorator']) retrieved from /home/airflow/.local/lib/python3.7/site-packages/airflow/example_dags/example_branch_operator_decorator.py
[2022-08-14 06:13:40,106] {logging_mixin.py:115} INFO - [2022-08-14 06:13:40,106] {dag.py:2420} INFO - Sync 1 DAGs
[2022-08-14 06:13:40,146] {logging_mixin.py:115} INFO - [2022-08-14 06:13:40,145] {dag.py:2972} INFO - Setting next_dagrun for example_branch_python_operator_decorator to 2022-08-13T00:00:00+00:00, run_after=2022-08-14T00:00:00+00:00
[2022-08-14 06:13:40,169] {processor.py:161} INFO - Processing /home/airflow/.local/lib/python3.7/site-packages/airflow/example_dags/example_branch_operator_decorator.py took 0.170 seconds
[2022-08-14 06:14:10,410] {processor.py:153} INFO - Started process (PID=1665) to work on /home/airflow/.local/lib/python3.7/site-packages/airflow/example_dags/example_branch_operator_decorator.py
[2022-08-14 06:14:10,412] {processor.py:641} INFO - Processing file /home/airflow/.local/lib/python3.7/site-packages/airflow/example_dags/example_branch_operator_decorator.py for tasks to queue
[2022-08-14 06:14:10,414] {logging_mixin.py:115} INFO - [2022-08-14 06:14:10,414] {dagbag.py:508} INFO - Filling up the DagBag from /home/airflow/.local/lib/python3.7/site-packages/airflow/example_dags/example_branch_operator_decorator.py
[2022-08-14 06:14:10,453] {processor.py:651} INFO - DAG(s) dict_keys(['example_branch_python_operator_decorator']) retrieved from /home/airflow/.local/lib/python3.7/site-packages/airflow/example_dags/example_branch_operator_decorator.py
[2022-08-14 06:14:10,510] {logging_mixin.py:115} INFO - [2022-08-14 06:14:10,510] {dag.py:2420} INFO - Sync 1 DAGs
[2022-08-14 06:14:10,588] {logging_mixin.py:115} INFO - [2022-08-14 06:14:10,588] {dag.py:2972} INFO - Setting next_dagrun for example_branch_python_operator_decorator to 2022-08-13T00:00:00+00:00, run_after=2022-08-14T00:00:00+00:00
[2022-08-14 06:14:10,623] {processor.py:161} INFO - Processing /home/airflow/.local/lib/python3.7/site-packages/airflow/example_dags/example_branch_operator_decorator.py took 0.220 seconds
[2022-08-14 06:14:41,869] {processor.py:153} INFO - Started process (PID=1727) to work on /home/airflow/.local/lib/python3.7/site-packages/airflow/example_dags/example_branch_operator_decorator.py
[2022-08-14 06:14:41,883] {processor.py:641} INFO - Processing file /home/airflow/.local/lib/python3.7/site-packages/airflow/example_dags/example_branch_operator_decorator.py for tasks to queue
[2022-08-14 06:14:41,893] {logging_mixin.py:115} INFO - [2022-08-14 06:14:41,893] {dagbag.py:508} INFO - Filling up the DagBag from /home/airflow/.local/lib/python3.7/site-packages/airflow/example_dags/example_branch_operator_decorator.py
[2022-08-14 06:14:42,164] {processor.py:651} INFO - DAG(s) dict_keys(['example_branch_python_operator_decorator']) retrieved from /home/airflow/.local/lib/python3.7/site-packages/airflow/example_dags/example_branch_operator_decorator.py
[2022-08-14 06:14:42,364] {logging_mixin.py:115} INFO - [2022-08-14 06:14:42,364] {dag.py:2420} INFO - Sync 1 DAGs
[2022-08-14 06:14:42,575] {logging_mixin.py:115} INFO - [2022-08-14 06:14:42,567] {dag.py:2972} INFO - Setting next_dagrun for example_branch_python_operator_decorator to 2022-08-13T00:00:00+00:00, run_after=2022-08-14T00:00:00+00:00
[2022-08-14 06:14:42,657] {processor.py:161} INFO - Processing /home/airflow/.local/lib/python3.7/site-packages/airflow/example_dags/example_branch_operator_decorator.py took 0.829 seconds
[2022-08-14 06:15:13,132] {processor.py:153} INFO - Started process (PID=1782) to work on /home/airflow/.local/lib/python3.7/site-packages/airflow/example_dags/example_branch_operator_decorator.py
[2022-08-14 06:15:13,140] {processor.py:641} INFO - Processing file /home/airflow/.local/lib/python3.7/site-packages/airflow/example_dags/example_branch_operator_decorator.py for tasks to queue
[2022-08-14 06:15:13,142] {logging_mixin.py:115} INFO - [2022-08-14 06:15:13,142] {dagbag.py:508} INFO - Filling up the DagBag from /home/airflow/.local/lib/python3.7/site-packages/airflow/example_dags/example_branch_operator_decorator.py
[2022-08-14 06:15:13,210] {processor.py:651} INFO - DAG(s) dict_keys(['example_branch_python_operator_decorator']) retrieved from /home/airflow/.local/lib/python3.7/site-packages/airflow/example_dags/example_branch_operator_decorator.py
[2022-08-14 06:15:13,267] {logging_mixin.py:115} INFO - [2022-08-14 06:15:13,266] {dag.py:2420} INFO - Sync 1 DAGs
[2022-08-14 06:15:13,315] {logging_mixin.py:115} INFO - [2022-08-14 06:15:13,315] {dag.py:2972} INFO - Setting next_dagrun for example_branch_python_operator_decorator to 2022-08-13T00:00:00+00:00, run_after=2022-08-14T00:00:00+00:00
[2022-08-14 06:15:13,343] {processor.py:161} INFO - Processing /home/airflow/.local/lib/python3.7/site-packages/airflow/example_dags/example_branch_operator_decorator.py took 0.218 seconds
[2022-08-14 06:15:44,087] {processor.py:153} INFO - Started process (PID=1836) to work on /home/airflow/.local/lib/python3.7/site-packages/airflow/example_dags/example_branch_operator_decorator.py
[2022-08-14 06:15:44,089] {processor.py:641} INFO - Processing file /home/airflow/.local/lib/python3.7/site-packages/airflow/example_dags/example_branch_operator_decorator.py for tasks to queue
[2022-08-14 06:15:44,103] {logging_mixin.py:115} INFO - [2022-08-14 06:15:44,102] {dagbag.py:508} INFO - Filling up the DagBag from /home/airflow/.local/lib/python3.7/site-packages/airflow/example_dags/example_branch_operator_decorator.py
[2022-08-14 06:15:44,241] {processor.py:651} INFO - DAG(s) dict_keys(['example_branch_python_operator_decorator']) retrieved from /home/airflow/.local/lib/python3.7/site-packages/airflow/example_dags/example_branch_operator_decorator.py
[2022-08-14 06:15:44,597] {logging_mixin.py:115} INFO - [2022-08-14 06:15:44,596] {dag.py:2420} INFO - Sync 1 DAGs
[2022-08-14 06:15:44,685] {logging_mixin.py:115} INFO - [2022-08-14 06:15:44,685] {dag.py:2972} INFO - Setting next_dagrun for example_branch_python_operator_decorator to 2022-08-13T00:00:00+00:00, run_after=2022-08-14T00:00:00+00:00
[2022-08-14 06:15:44,749] {processor.py:161} INFO - Processing /home/airflow/.local/lib/python3.7/site-packages/airflow/example_dags/example_branch_operator_decorator.py took 0.674 seconds
[2022-08-14 06:16:15,110] {processor.py:153} INFO - Started process (PID=1889) to work on /home/airflow/.local/lib/python3.7/site-packages/airflow/example_dags/example_branch_operator_decorator.py
[2022-08-14 06:16:15,117] {processor.py:641} INFO - Processing file /home/airflow/.local/lib/python3.7/site-packages/airflow/example_dags/example_branch_operator_decorator.py for tasks to queue
[2022-08-14 06:16:15,119] {logging_mixin.py:115} INFO - [2022-08-14 06:16:15,119] {dagbag.py:508} INFO - Filling up the DagBag from /home/airflow/.local/lib/python3.7/site-packages/airflow/example_dags/example_branch_operator_decorator.py
[2022-08-14 06:16:15,357] {processor.py:651} INFO - DAG(s) dict_keys(['example_branch_python_operator_decorator']) retrieved from /home/airflow/.local/lib/python3.7/site-packages/airflow/example_dags/example_branch_operator_decorator.py
[2022-08-14 06:16:15,599] {logging_mixin.py:115} INFO - [2022-08-14 06:16:15,599] {dag.py:2420} INFO - Sync 1 DAGs
[2022-08-14 06:16:15,926] {logging_mixin.py:115} INFO - [2022-08-14 06:16:15,926] {dag.py:2972} INFO - Setting next_dagrun for example_branch_python_operator_decorator to 2022-08-13T00:00:00+00:00, run_after=2022-08-14T00:00:00+00:00
[2022-08-14 06:16:16,163] {processor.py:161} INFO - Processing /home/airflow/.local/lib/python3.7/site-packages/airflow/example_dags/example_branch_operator_decorator.py took 1.070 seconds
[2022-08-14 06:16:51,408] {processor.py:153} INFO - Started process (PID=1944) to work on /home/airflow/.local/lib/python3.7/site-packages/airflow/example_dags/example_branch_operator_decorator.py
[2022-08-14 06:16:51,476] {processor.py:641} INFO - Processing file /home/airflow/.local/lib/python3.7/site-packages/airflow/example_dags/example_branch_operator_decorator.py for tasks to queue
[2022-08-14 06:16:51,794] {logging_mixin.py:115} INFO - [2022-08-14 06:16:51,719] {dagbag.py:508} INFO - Filling up the DagBag from /home/airflow/.local/lib/python3.7/site-packages/airflow/example_dags/example_branch_operator_decorator.py
[2022-08-14 06:16:52,358] {processor.py:651} INFO - DAG(s) dict_keys(['example_branch_python_operator_decorator']) retrieved from /home/airflow/.local/lib/python3.7/site-packages/airflow/example_dags/example_branch_operator_decorator.py
[2022-08-14 06:16:53,507] {logging_mixin.py:115} INFO - [2022-08-14 06:16:53,507] {dag.py:2420} INFO - Sync 1 DAGs
[2022-08-14 06:16:54,599] {logging_mixin.py:115} INFO - [2022-08-14 06:16:54,582] {dag.py:2972} INFO - Setting next_dagrun for example_branch_python_operator_decorator to 2022-08-13T00:00:00+00:00, run_after=2022-08-14T00:00:00+00:00
[2022-08-14 06:16:55,186] {processor.py:161} INFO - Processing /home/airflow/.local/lib/python3.7/site-packages/airflow/example_dags/example_branch_operator_decorator.py took 3.897 seconds
[2022-08-14 06:17:42,038] {processor.py:153} INFO - Started process (PID=1995) to work on /home/airflow/.local/lib/python3.7/site-packages/airflow/example_dags/example_branch_operator_decorator.py
[2022-08-14 06:17:42,047] {processor.py:641} INFO - Processing file /home/airflow/.local/lib/python3.7/site-packages/airflow/example_dags/example_branch_operator_decorator.py for tasks to queue
[2022-08-14 06:17:42,051] {logging_mixin.py:115} INFO - [2022-08-14 06:17:42,050] {dagbag.py:508} INFO - Filling up the DagBag from /home/airflow/.local/lib/python3.7/site-packages/airflow/example_dags/example_branch_operator_decorator.py
[2022-08-14 06:17:42,236] {processor.py:651} INFO - DAG(s) dict_keys(['example_branch_python_operator_decorator']) retrieved from /home/airflow/.local/lib/python3.7/site-packages/airflow/example_dags/example_branch_operator_decorator.py
[2022-08-14 06:17:42,386] {logging_mixin.py:115} INFO - [2022-08-14 06:17:42,386] {dag.py:2420} INFO - Sync 1 DAGs
[2022-08-14 06:17:42,524] {logging_mixin.py:115} INFO - [2022-08-14 06:17:42,523] {dag.py:2972} INFO - Setting next_dagrun for example_branch_python_operator_decorator to 2022-08-13T00:00:00+00:00, run_after=2022-08-14T00:00:00+00:00
[2022-08-14 06:17:42,570] {processor.py:161} INFO - Processing /home/airflow/.local/lib/python3.7/site-packages/airflow/example_dags/example_branch_operator_decorator.py took 0.565 seconds
[2022-08-14 07:13:49,803] {processor.py:153} INFO - Started process (PID=2058) to work on /home/airflow/.local/lib/python3.7/site-packages/airflow/example_dags/example_branch_operator_decorator.py
[2022-08-14 07:13:49,819] {processor.py:641} INFO - Processing file /home/airflow/.local/lib/python3.7/site-packages/airflow/example_dags/example_branch_operator_decorator.py for tasks to queue
[2022-08-14 07:13:49,836] {logging_mixin.py:115} INFO - [2022-08-14 07:13:49,836] {dagbag.py:508} INFO - Filling up the DagBag from /home/airflow/.local/lib/python3.7/site-packages/airflow/example_dags/example_branch_operator_decorator.py
[2022-08-14 07:13:50,947] {processor.py:651} INFO - DAG(s) dict_keys(['example_branch_python_operator_decorator']) retrieved from /home/airflow/.local/lib/python3.7/site-packages/airflow/example_dags/example_branch_operator_decorator.py
[2022-08-14 07:13:53,801] {logging_mixin.py:115} INFO - [2022-08-14 07:13:53,801] {dag.py:2420} INFO - Sync 1 DAGs
[2022-08-14 07:13:54,452] {logging_mixin.py:115} INFO - [2022-08-14 07:13:54,452] {dag.py:2972} INFO - Setting next_dagrun for example_branch_python_operator_decorator to 2022-08-13T00:00:00+00:00, run_after=2022-08-14T00:00:00+00:00
[2022-08-14 07:13:54,731] {processor.py:161} INFO - Processing /home/airflow/.local/lib/python3.7/site-packages/airflow/example_dags/example_branch_operator_decorator.py took 5.082 seconds
[2022-08-14 07:14:25,829] {processor.py:153} INFO - Started process (PID=2111) to work on /home/airflow/.local/lib/python3.7/site-packages/airflow/example_dags/example_branch_operator_decorator.py
[2022-08-14 07:14:25,835] {processor.py:641} INFO - Processing file /home/airflow/.local/lib/python3.7/site-packages/airflow/example_dags/example_branch_operator_decorator.py for tasks to queue
[2022-08-14 07:14:25,839] {logging_mixin.py:115} INFO - [2022-08-14 07:14:25,839] {dagbag.py:508} INFO - Filling up the DagBag from /home/airflow/.local/lib/python3.7/site-packages/airflow/example_dags/example_branch_operator_decorator.py
[2022-08-14 07:14:26,074] {processor.py:651} INFO - DAG(s) dict_keys(['example_branch_python_operator_decorator']) retrieved from /home/airflow/.local/lib/python3.7/site-packages/airflow/example_dags/example_branch_operator_decorator.py
[2022-08-14 07:14:26,187] {logging_mixin.py:115} INFO - [2022-08-14 07:14:26,187] {dag.py:2420} INFO - Sync 1 DAGs
[2022-08-14 07:14:26,322] {logging_mixin.py:115} INFO - [2022-08-14 07:14:26,322] {dag.py:2972} INFO - Setting next_dagrun for example_branch_python_operator_decorator to 2022-08-13T00:00:00+00:00, run_after=2022-08-14T00:00:00+00:00
[2022-08-14 07:14:26,415] {processor.py:161} INFO - Processing /home/airflow/.local/lib/python3.7/site-packages/airflow/example_dags/example_branch_operator_decorator.py took 0.629 seconds
[2022-08-14 07:14:56,683] {processor.py:153} INFO - Started process (PID=2172) to work on /home/airflow/.local/lib/python3.7/site-packages/airflow/example_dags/example_branch_operator_decorator.py
[2022-08-14 07:14:56,689] {processor.py:641} INFO - Processing file /home/airflow/.local/lib/python3.7/site-packages/airflow/example_dags/example_branch_operator_decorator.py for tasks to queue
[2022-08-14 07:14:56,692] {logging_mixin.py:115} INFO - [2022-08-14 07:14:56,692] {dagbag.py:508} INFO - Filling up the DagBag from /home/airflow/.local/lib/python3.7/site-packages/airflow/example_dags/example_branch_operator_decorator.py
[2022-08-14 07:14:56,734] {processor.py:651} INFO - DAG(s) dict_keys(['example_branch_python_operator_decorator']) retrieved from /home/airflow/.local/lib/python3.7/site-packages/airflow/example_dags/example_branch_operator_decorator.py
[2022-08-14 07:14:56,803] {logging_mixin.py:115} INFO - [2022-08-14 07:14:56,803] {dag.py:2420} INFO - Sync 1 DAGs
[2022-08-14 07:14:56,857] {logging_mixin.py:115} INFO - [2022-08-14 07:14:56,857] {dag.py:2972} INFO - Setting next_dagrun for example_branch_python_operator_decorator to 2022-08-13T00:00:00+00:00, run_after=2022-08-14T00:00:00+00:00
[2022-08-14 07:14:56,883] {processor.py:161} INFO - Processing /home/airflow/.local/lib/python3.7/site-packages/airflow/example_dags/example_branch_operator_decorator.py took 0.211 seconds
[2022-08-14 07:15:27,551] {processor.py:153} INFO - Started process (PID=2224) to work on /home/airflow/.local/lib/python3.7/site-packages/airflow/example_dags/example_branch_operator_decorator.py
[2022-08-14 07:15:27,553] {processor.py:641} INFO - Processing file /home/airflow/.local/lib/python3.7/site-packages/airflow/example_dags/example_branch_operator_decorator.py for tasks to queue
[2022-08-14 07:15:27,556] {logging_mixin.py:115} INFO - [2022-08-14 07:15:27,556] {dagbag.py:508} INFO - Filling up the DagBag from /home/airflow/.local/lib/python3.7/site-packages/airflow/example_dags/example_branch_operator_decorator.py
[2022-08-14 07:15:27,627] {processor.py:651} INFO - DAG(s) dict_keys(['example_branch_python_operator_decorator']) retrieved from /home/airflow/.local/lib/python3.7/site-packages/airflow/example_dags/example_branch_operator_decorator.py
[2022-08-14 07:15:27,703] {logging_mixin.py:115} INFO - [2022-08-14 07:15:27,702] {dag.py:2420} INFO - Sync 1 DAGs
[2022-08-14 07:15:27,792] {logging_mixin.py:115} INFO - [2022-08-14 07:15:27,792] {dag.py:2972} INFO - Setting next_dagrun for example_branch_python_operator_decorator to 2022-08-13T00:00:00+00:00, run_after=2022-08-14T00:00:00+00:00
[2022-08-14 07:15:27,818] {processor.py:161} INFO - Processing /home/airflow/.local/lib/python3.7/site-packages/airflow/example_dags/example_branch_operator_decorator.py took 0.276 seconds
