[2022-08-14 05:57:57,610] {processor.py:153} INFO - Started process (PID=60) to work on /home/airflow/.local/lib/python3.7/site-packages/airflow/example_dags/example_latest_only_with_trigger.py
[2022-08-14 05:57:57,618] {processor.py:641} INFO - Processing file /home/airflow/.local/lib/python3.7/site-packages/airflow/example_dags/example_latest_only_with_trigger.py for tasks to queue
[2022-08-14 05:57:57,628] {logging_mixin.py:115} INFO - [2022-08-14 05:57:57,624] {dagbag.py:508} INFO - Filling up the DagBag from /home/airflow/.local/lib/python3.7/site-packages/airflow/example_dags/example_latest_only_with_trigger.py
[2022-08-14 05:57:57,741] {processor.py:651} INFO - DAG(s) dict_keys(['latest_only_with_trigger']) retrieved from /home/airflow/.local/lib/python3.7/site-packages/airflow/example_dags/example_latest_only_with_trigger.py
[2022-08-14 05:57:59,369] {logging_mixin.py:115} INFO - [2022-08-14 05:57:59,369] {manager.py:508} INFO - Created Permission View: can read on DAG:latest_only_with_trigger
[2022-08-14 05:57:59,569] {logging_mixin.py:115} INFO - [2022-08-14 05:57:59,569] {manager.py:508} INFO - Created Permission View: can delete on DAG:latest_only_with_trigger
[2022-08-14 05:57:59,681] {logging_mixin.py:115} INFO - [2022-08-14 05:57:59,680] {manager.py:508} INFO - Created Permission View: can edit on DAG:latest_only_with_trigger
[2022-08-14 05:57:59,686] {logging_mixin.py:115} INFO - [2022-08-14 05:57:59,686] {dag.py:2420} INFO - Sync 1 DAGs
[2022-08-14 05:57:59,787] {logging_mixin.py:115} INFO - [2022-08-14 05:57:59,786] {dag.py:2439} INFO - Creating ORM DAG for latest_only_with_trigger
[2022-08-14 05:58:00,045] {logging_mixin.py:115} INFO - [2022-08-14 05:58:00,045] {dag.py:2972} INFO - Setting next_dagrun for latest_only_with_trigger to 2022-08-14T01:58:00.044812+00:00, run_after=2022-08-14T05:58:00.044812+00:00
[2022-08-14 05:58:00,230] {processor.py:161} INFO - Processing /home/airflow/.local/lib/python3.7/site-packages/airflow/example_dags/example_latest_only_with_trigger.py took 2.667 seconds
[2022-08-14 05:58:51,081] {processor.py:153} INFO - Started process (PID=122) to work on /home/airflow/.local/lib/python3.7/site-packages/airflow/example_dags/example_latest_only_with_trigger.py
[2022-08-14 05:58:51,091] {processor.py:641} INFO - Processing file /home/airflow/.local/lib/python3.7/site-packages/airflow/example_dags/example_latest_only_with_trigger.py for tasks to queue
[2022-08-14 05:58:51,093] {logging_mixin.py:115} INFO - [2022-08-14 05:58:51,093] {dagbag.py:508} INFO - Filling up the DagBag from /home/airflow/.local/lib/python3.7/site-packages/airflow/example_dags/example_latest_only_with_trigger.py
[2022-08-14 05:58:51,167] {processor.py:651} INFO - DAG(s) dict_keys(['latest_only_with_trigger']) retrieved from /home/airflow/.local/lib/python3.7/site-packages/airflow/example_dags/example_latest_only_with_trigger.py
[2022-08-14 05:58:51,374] {logging_mixin.py:115} INFO - [2022-08-14 05:58:51,374] {dag.py:2420} INFO - Sync 1 DAGs
[2022-08-14 05:58:51,492] {logging_mixin.py:115} INFO - [2022-08-14 05:58:51,492] {dag.py:2972} INFO - Setting next_dagrun for latest_only_with_trigger to 2022-08-14T01:58:51.491914+00:00, run_after=2022-08-14T05:58:51.491914+00:00
[2022-08-14 05:58:51,589] {processor.py:161} INFO - Processing /home/airflow/.local/lib/python3.7/site-packages/airflow/example_dags/example_latest_only_with_trigger.py took 0.520 seconds
[2022-08-14 05:59:21,999] {processor.py:153} INFO - Started process (PID=176) to work on /home/airflow/.local/lib/python3.7/site-packages/airflow/example_dags/example_latest_only_with_trigger.py
[2022-08-14 05:59:22,007] {processor.py:641} INFO - Processing file /home/airflow/.local/lib/python3.7/site-packages/airflow/example_dags/example_latest_only_with_trigger.py for tasks to queue
[2022-08-14 05:59:22,017] {logging_mixin.py:115} INFO - [2022-08-14 05:59:22,017] {dagbag.py:508} INFO - Filling up the DagBag from /home/airflow/.local/lib/python3.7/site-packages/airflow/example_dags/example_latest_only_with_trigger.py
[2022-08-14 05:59:22,085] {processor.py:651} INFO - DAG(s) dict_keys(['latest_only_with_trigger']) retrieved from /home/airflow/.local/lib/python3.7/site-packages/airflow/example_dags/example_latest_only_with_trigger.py
[2022-08-14 05:59:22,300] {logging_mixin.py:115} INFO - [2022-08-14 05:59:22,300] {dag.py:2420} INFO - Sync 1 DAGs
[2022-08-14 05:59:22,395] {logging_mixin.py:115} INFO - [2022-08-14 05:59:22,395] {dag.py:2972} INFO - Setting next_dagrun for latest_only_with_trigger to 2022-08-14T01:59:22.394775+00:00, run_after=2022-08-14T05:59:22.394775+00:00
[2022-08-14 05:59:22,438] {processor.py:161} INFO - Processing /home/airflow/.local/lib/python3.7/site-packages/airflow/example_dags/example_latest_only_with_trigger.py took 0.456 seconds
[2022-08-14 05:59:53,104] {processor.py:153} INFO - Started process (PID=228) to work on /home/airflow/.local/lib/python3.7/site-packages/airflow/example_dags/example_latest_only_with_trigger.py
[2022-08-14 05:59:53,108] {processor.py:641} INFO - Processing file /home/airflow/.local/lib/python3.7/site-packages/airflow/example_dags/example_latest_only_with_trigger.py for tasks to queue
[2022-08-14 05:59:53,115] {logging_mixin.py:115} INFO - [2022-08-14 05:59:53,114] {dagbag.py:508} INFO - Filling up the DagBag from /home/airflow/.local/lib/python3.7/site-packages/airflow/example_dags/example_latest_only_with_trigger.py
[2022-08-14 05:59:53,167] {processor.py:651} INFO - DAG(s) dict_keys(['latest_only_with_trigger']) retrieved from /home/airflow/.local/lib/python3.7/site-packages/airflow/example_dags/example_latest_only_with_trigger.py
[2022-08-14 05:59:53,315] {logging_mixin.py:115} INFO - [2022-08-14 05:59:53,315] {dag.py:2420} INFO - Sync 1 DAGs
[2022-08-14 05:59:53,558] {logging_mixin.py:115} INFO - [2022-08-14 05:59:53,558] {dag.py:2972} INFO - Setting next_dagrun for latest_only_with_trigger to 2022-08-14T01:59:53.558275+00:00, run_after=2022-08-14T05:59:53.558275+00:00
[2022-08-14 05:59:53,627] {processor.py:161} INFO - Processing /home/airflow/.local/lib/python3.7/site-packages/airflow/example_dags/example_latest_only_with_trigger.py took 0.547 seconds
[2022-08-14 06:00:24,156] {processor.py:153} INFO - Started process (PID=282) to work on /home/airflow/.local/lib/python3.7/site-packages/airflow/example_dags/example_latest_only_with_trigger.py
[2022-08-14 06:00:24,159] {processor.py:641} INFO - Processing file /home/airflow/.local/lib/python3.7/site-packages/airflow/example_dags/example_latest_only_with_trigger.py for tasks to queue
[2022-08-14 06:00:24,168] {logging_mixin.py:115} INFO - [2022-08-14 06:00:24,163] {dagbag.py:508} INFO - Filling up the DagBag from /home/airflow/.local/lib/python3.7/site-packages/airflow/example_dags/example_latest_only_with_trigger.py
[2022-08-14 06:00:24,205] {processor.py:651} INFO - DAG(s) dict_keys(['latest_only_with_trigger']) retrieved from /home/airflow/.local/lib/python3.7/site-packages/airflow/example_dags/example_latest_only_with_trigger.py
[2022-08-14 06:00:24,311] {logging_mixin.py:115} INFO - [2022-08-14 06:00:24,310] {dag.py:2420} INFO - Sync 1 DAGs
[2022-08-14 06:00:24,407] {logging_mixin.py:115} INFO - [2022-08-14 06:00:24,407] {dag.py:2972} INFO - Setting next_dagrun for latest_only_with_trigger to 2022-08-14T02:00:24.407155+00:00, run_after=2022-08-14T06:00:24.407155+00:00
[2022-08-14 06:00:24,456] {processor.py:161} INFO - Processing /home/airflow/.local/lib/python3.7/site-packages/airflow/example_dags/example_latest_only_with_trigger.py took 0.319 seconds
[2022-08-14 06:00:54,918] {processor.py:153} INFO - Started process (PID=334) to work on /home/airflow/.local/lib/python3.7/site-packages/airflow/example_dags/example_latest_only_with_trigger.py
[2022-08-14 06:00:54,922] {processor.py:641} INFO - Processing file /home/airflow/.local/lib/python3.7/site-packages/airflow/example_dags/example_latest_only_with_trigger.py for tasks to queue
[2022-08-14 06:00:54,926] {logging_mixin.py:115} INFO - [2022-08-14 06:00:54,925] {dagbag.py:508} INFO - Filling up the DagBag from /home/airflow/.local/lib/python3.7/site-packages/airflow/example_dags/example_latest_only_with_trigger.py
[2022-08-14 06:00:54,976] {processor.py:651} INFO - DAG(s) dict_keys(['latest_only_with_trigger']) retrieved from /home/airflow/.local/lib/python3.7/site-packages/airflow/example_dags/example_latest_only_with_trigger.py
[2022-08-14 06:00:55,096] {logging_mixin.py:115} INFO - [2022-08-14 06:00:55,096] {dag.py:2420} INFO - Sync 1 DAGs
[2022-08-14 06:00:55,254] {logging_mixin.py:115} INFO - [2022-08-14 06:00:55,253] {dag.py:2972} INFO - Setting next_dagrun for latest_only_with_trigger to 2022-08-14T02:00:55.252811+00:00, run_after=2022-08-14T06:00:55.252811+00:00
[2022-08-14 06:00:55,351] {processor.py:161} INFO - Processing /home/airflow/.local/lib/python3.7/site-packages/airflow/example_dags/example_latest_only_with_trigger.py took 0.443 seconds
[2022-08-14 06:01:26,173] {processor.py:153} INFO - Started process (PID=380) to work on /home/airflow/.local/lib/python3.7/site-packages/airflow/example_dags/example_latest_only_with_trigger.py
[2022-08-14 06:01:26,180] {processor.py:641} INFO - Processing file /home/airflow/.local/lib/python3.7/site-packages/airflow/example_dags/example_latest_only_with_trigger.py for tasks to queue
[2022-08-14 06:01:26,184] {logging_mixin.py:115} INFO - [2022-08-14 06:01:26,183] {dagbag.py:508} INFO - Filling up the DagBag from /home/airflow/.local/lib/python3.7/site-packages/airflow/example_dags/example_latest_only_with_trigger.py
[2022-08-14 06:01:26,215] {processor.py:651} INFO - DAG(s) dict_keys(['latest_only_with_trigger']) retrieved from /home/airflow/.local/lib/python3.7/site-packages/airflow/example_dags/example_latest_only_with_trigger.py
[2022-08-14 06:01:26,356] {logging_mixin.py:115} INFO - [2022-08-14 06:01:26,356] {dag.py:2420} INFO - Sync 1 DAGs
[2022-08-14 06:01:26,424] {logging_mixin.py:115} INFO - [2022-08-14 06:01:26,424] {dag.py:2972} INFO - Setting next_dagrun for latest_only_with_trigger to 2022-08-14T02:01:26.423973+00:00, run_after=2022-08-14T06:01:26.423973+00:00
[2022-08-14 06:01:26,455] {processor.py:161} INFO - Processing /home/airflow/.local/lib/python3.7/site-packages/airflow/example_dags/example_latest_only_with_trigger.py took 0.296 seconds
[2022-08-14 06:01:56,930] {processor.py:153} INFO - Started process (PID=440) to work on /home/airflow/.local/lib/python3.7/site-packages/airflow/example_dags/example_latest_only_with_trigger.py
[2022-08-14 06:01:56,939] {processor.py:641} INFO - Processing file /home/airflow/.local/lib/python3.7/site-packages/airflow/example_dags/example_latest_only_with_trigger.py for tasks to queue
[2022-08-14 06:01:56,941] {logging_mixin.py:115} INFO - [2022-08-14 06:01:56,940] {dagbag.py:508} INFO - Filling up the DagBag from /home/airflow/.local/lib/python3.7/site-packages/airflow/example_dags/example_latest_only_with_trigger.py
[2022-08-14 06:01:56,970] {processor.py:651} INFO - DAG(s) dict_keys(['latest_only_with_trigger']) retrieved from /home/airflow/.local/lib/python3.7/site-packages/airflow/example_dags/example_latest_only_with_trigger.py
[2022-08-14 06:01:57,071] {logging_mixin.py:115} INFO - [2022-08-14 06:01:57,070] {dag.py:2420} INFO - Sync 1 DAGs
[2022-08-14 06:01:57,164] {logging_mixin.py:115} INFO - [2022-08-14 06:01:57,164] {dag.py:2972} INFO - Setting next_dagrun for latest_only_with_trigger to 2022-08-14T02:01:57.163610+00:00, run_after=2022-08-14T06:01:57.163610+00:00
[2022-08-14 06:01:57,209] {processor.py:161} INFO - Processing /home/airflow/.local/lib/python3.7/site-packages/airflow/example_dags/example_latest_only_with_trigger.py took 0.286 seconds
[2022-08-14 06:02:30,334] {processor.py:153} INFO - Started process (PID=493) to work on /home/airflow/.local/lib/python3.7/site-packages/airflow/example_dags/example_latest_only_with_trigger.py
[2022-08-14 06:02:30,350] {processor.py:641} INFO - Processing file /home/airflow/.local/lib/python3.7/site-packages/airflow/example_dags/example_latest_only_with_trigger.py for tasks to queue
[2022-08-14 06:02:30,368] {logging_mixin.py:115} INFO - [2022-08-14 06:02:30,366] {dagbag.py:508} INFO - Filling up the DagBag from /home/airflow/.local/lib/python3.7/site-packages/airflow/example_dags/example_latest_only_with_trigger.py
[2022-08-14 06:02:30,677] {processor.py:651} INFO - DAG(s) dict_keys(['latest_only_with_trigger']) retrieved from /home/airflow/.local/lib/python3.7/site-packages/airflow/example_dags/example_latest_only_with_trigger.py
[2022-08-14 06:02:31,170] {logging_mixin.py:115} INFO - [2022-08-14 06:02:31,164] {dag.py:2420} INFO - Sync 1 DAGs
[2022-08-14 06:02:31,421] {logging_mixin.py:115} INFO - [2022-08-14 06:02:31,421] {dag.py:2972} INFO - Setting next_dagrun for latest_only_with_trigger to 2022-08-14T02:02:31.421142+00:00, run_after=2022-08-14T06:02:31.421142+00:00
[2022-08-14 06:02:31,511] {processor.py:161} INFO - Processing /home/airflow/.local/lib/python3.7/site-packages/airflow/example_dags/example_latest_only_with_trigger.py took 1.439 seconds
[2022-08-14 06:03:13,991] {processor.py:153} INFO - Started process (PID=546) to work on /home/airflow/.local/lib/python3.7/site-packages/airflow/example_dags/example_latest_only_with_trigger.py
[2022-08-14 06:03:13,999] {processor.py:641} INFO - Processing file /home/airflow/.local/lib/python3.7/site-packages/airflow/example_dags/example_latest_only_with_trigger.py for tasks to queue
[2022-08-14 06:03:14,008] {logging_mixin.py:115} INFO - [2022-08-14 06:03:14,007] {dagbag.py:508} INFO - Filling up the DagBag from /home/airflow/.local/lib/python3.7/site-packages/airflow/example_dags/example_latest_only_with_trigger.py
[2022-08-14 06:03:14,113] {processor.py:651} INFO - DAG(s) dict_keys(['latest_only_with_trigger']) retrieved from /home/airflow/.local/lib/python3.7/site-packages/airflow/example_dags/example_latest_only_with_trigger.py
[2022-08-14 06:03:14,616] {logging_mixin.py:115} INFO - [2022-08-14 06:03:14,616] {dag.py:2420} INFO - Sync 1 DAGs
[2022-08-14 06:03:15,064] {logging_mixin.py:115} INFO - [2022-08-14 06:03:15,057] {dag.py:2972} INFO - Setting next_dagrun for latest_only_with_trigger to 2022-08-14T02:03:15.056501+00:00, run_after=2022-08-14T06:03:15.056501+00:00
[2022-08-14 06:03:15,223] {processor.py:161} INFO - Processing /home/airflow/.local/lib/python3.7/site-packages/airflow/example_dags/example_latest_only_with_trigger.py took 1.252 seconds
[2022-08-14 06:03:55,779] {processor.py:153} INFO - Started process (PID=593) to work on /home/airflow/.local/lib/python3.7/site-packages/airflow/example_dags/example_latest_only_with_trigger.py
[2022-08-14 06:03:55,793] {processor.py:641} INFO - Processing file /home/airflow/.local/lib/python3.7/site-packages/airflow/example_dags/example_latest_only_with_trigger.py for tasks to queue
[2022-08-14 06:03:55,803] {logging_mixin.py:115} INFO - [2022-08-14 06:03:55,802] {dagbag.py:508} INFO - Filling up the DagBag from /home/airflow/.local/lib/python3.7/site-packages/airflow/example_dags/example_latest_only_with_trigger.py
[2022-08-14 06:03:55,927] {processor.py:651} INFO - DAG(s) dict_keys(['latest_only_with_trigger']) retrieved from /home/airflow/.local/lib/python3.7/site-packages/airflow/example_dags/example_latest_only_with_trigger.py
[2022-08-14 06:03:56,445] {logging_mixin.py:115} INFO - [2022-08-14 06:03:56,445] {dag.py:2420} INFO - Sync 1 DAGs
[2022-08-14 06:03:56,831] {logging_mixin.py:115} INFO - [2022-08-14 06:03:56,830] {dag.py:2972} INFO - Setting next_dagrun for latest_only_with_trigger to 2022-08-14T02:03:56.830303+00:00, run_after=2022-08-14T06:03:56.830303+00:00
[2022-08-14 06:03:56,918] {processor.py:161} INFO - Processing /home/airflow/.local/lib/python3.7/site-packages/airflow/example_dags/example_latest_only_with_trigger.py took 1.195 seconds
[2022-08-14 06:04:41,108] {processor.py:153} INFO - Started process (PID=645) to work on /home/airflow/.local/lib/python3.7/site-packages/airflow/example_dags/example_latest_only_with_trigger.py
[2022-08-14 06:04:41,124] {processor.py:641} INFO - Processing file /home/airflow/.local/lib/python3.7/site-packages/airflow/example_dags/example_latest_only_with_trigger.py for tasks to queue
[2022-08-14 06:04:41,130] {logging_mixin.py:115} INFO - [2022-08-14 06:04:41,129] {dagbag.py:508} INFO - Filling up the DagBag from /home/airflow/.local/lib/python3.7/site-packages/airflow/example_dags/example_latest_only_with_trigger.py
[2022-08-14 06:04:41,208] {processor.py:651} INFO - DAG(s) dict_keys(['latest_only_with_trigger']) retrieved from /home/airflow/.local/lib/python3.7/site-packages/airflow/example_dags/example_latest_only_with_trigger.py
[2022-08-14 06:04:41,506] {logging_mixin.py:115} INFO - [2022-08-14 06:04:41,506] {dag.py:2420} INFO - Sync 1 DAGs
[2022-08-14 06:04:41,837] {logging_mixin.py:115} INFO - [2022-08-14 06:04:41,836] {dag.py:2972} INFO - Setting next_dagrun for latest_only_with_trigger to 2022-08-14T02:04:41.835928+00:00, run_after=2022-08-14T06:04:41.835928+00:00
[2022-08-14 06:04:42,056] {processor.py:161} INFO - Processing /home/airflow/.local/lib/python3.7/site-packages/airflow/example_dags/example_latest_only_with_trigger.py took 0.985 seconds
[2022-08-14 06:05:13,191] {processor.py:153} INFO - Started process (PID=698) to work on /home/airflow/.local/lib/python3.7/site-packages/airflow/example_dags/example_latest_only_with_trigger.py
[2022-08-14 06:05:13,222] {processor.py:641} INFO - Processing file /home/airflow/.local/lib/python3.7/site-packages/airflow/example_dags/example_latest_only_with_trigger.py for tasks to queue
[2022-08-14 06:05:13,240] {logging_mixin.py:115} INFO - [2022-08-14 06:05:13,239] {dagbag.py:508} INFO - Filling up the DagBag from /home/airflow/.local/lib/python3.7/site-packages/airflow/example_dags/example_latest_only_with_trigger.py
[2022-08-14 06:05:13,439] {processor.py:651} INFO - DAG(s) dict_keys(['latest_only_with_trigger']) retrieved from /home/airflow/.local/lib/python3.7/site-packages/airflow/example_dags/example_latest_only_with_trigger.py
[2022-08-14 06:05:13,993] {logging_mixin.py:115} INFO - [2022-08-14 06:05:13,993] {dag.py:2420} INFO - Sync 1 DAGs
[2022-08-14 06:05:15,204] {logging_mixin.py:115} INFO - [2022-08-14 06:05:15,204] {dag.py:2972} INFO - Setting next_dagrun for latest_only_with_trigger to 2022-08-14T02:05:15.203710+00:00, run_after=2022-08-14T06:05:15.203710+00:00
[2022-08-14 06:05:16,069] {processor.py:161} INFO - Processing /home/airflow/.local/lib/python3.7/site-packages/airflow/example_dags/example_latest_only_with_trigger.py took 2.972 seconds
[2022-08-14 06:05:46,699] {processor.py:153} INFO - Started process (PID=762) to work on /home/airflow/.local/lib/python3.7/site-packages/airflow/example_dags/example_latest_only_with_trigger.py
[2022-08-14 06:05:46,701] {processor.py:641} INFO - Processing file /home/airflow/.local/lib/python3.7/site-packages/airflow/example_dags/example_latest_only_with_trigger.py for tasks to queue
[2022-08-14 06:05:46,704] {logging_mixin.py:115} INFO - [2022-08-14 06:05:46,704] {dagbag.py:508} INFO - Filling up the DagBag from /home/airflow/.local/lib/python3.7/site-packages/airflow/example_dags/example_latest_only_with_trigger.py
[2022-08-14 06:05:46,721] {processor.py:651} INFO - DAG(s) dict_keys(['latest_only_with_trigger']) retrieved from /home/airflow/.local/lib/python3.7/site-packages/airflow/example_dags/example_latest_only_with_trigger.py
[2022-08-14 06:05:46,778] {logging_mixin.py:115} INFO - [2022-08-14 06:05:46,778] {dag.py:2420} INFO - Sync 1 DAGs
[2022-08-14 06:05:46,818] {logging_mixin.py:115} INFO - [2022-08-14 06:05:46,818] {dag.py:2972} INFO - Setting next_dagrun for latest_only_with_trigger to 2022-08-14T02:05:46.818167+00:00, run_after=2022-08-14T06:05:46.818167+00:00
[2022-08-14 06:05:46,844] {processor.py:161} INFO - Processing /home/airflow/.local/lib/python3.7/site-packages/airflow/example_dags/example_latest_only_with_trigger.py took 0.155 seconds
[2022-08-14 06:06:17,740] {processor.py:153} INFO - Started process (PID=814) to work on /home/airflow/.local/lib/python3.7/site-packages/airflow/example_dags/example_latest_only_with_trigger.py
[2022-08-14 06:06:17,742] {processor.py:641} INFO - Processing file /home/airflow/.local/lib/python3.7/site-packages/airflow/example_dags/example_latest_only_with_trigger.py for tasks to queue
[2022-08-14 06:06:17,746] {logging_mixin.py:115} INFO - [2022-08-14 06:06:17,746] {dagbag.py:508} INFO - Filling up the DagBag from /home/airflow/.local/lib/python3.7/site-packages/airflow/example_dags/example_latest_only_with_trigger.py
[2022-08-14 06:06:17,758] {processor.py:651} INFO - DAG(s) dict_keys(['latest_only_with_trigger']) retrieved from /home/airflow/.local/lib/python3.7/site-packages/airflow/example_dags/example_latest_only_with_trigger.py
[2022-08-14 06:06:17,799] {logging_mixin.py:115} INFO - [2022-08-14 06:06:17,798] {dag.py:2420} INFO - Sync 1 DAGs
[2022-08-14 06:06:17,831] {logging_mixin.py:115} INFO - [2022-08-14 06:06:17,831] {dag.py:2972} INFO - Setting next_dagrun for latest_only_with_trigger to 2022-08-14T02:06:17.830838+00:00, run_after=2022-08-14T06:06:17.830838+00:00
[2022-08-14 06:06:17,854] {processor.py:161} INFO - Processing /home/airflow/.local/lib/python3.7/site-packages/airflow/example_dags/example_latest_only_with_trigger.py took 0.120 seconds
[2022-08-14 06:06:48,563] {processor.py:153} INFO - Started process (PID=867) to work on /home/airflow/.local/lib/python3.7/site-packages/airflow/example_dags/example_latest_only_with_trigger.py
[2022-08-14 06:06:48,565] {processor.py:641} INFO - Processing file /home/airflow/.local/lib/python3.7/site-packages/airflow/example_dags/example_latest_only_with_trigger.py for tasks to queue
[2022-08-14 06:06:48,566] {logging_mixin.py:115} INFO - [2022-08-14 06:06:48,566] {dagbag.py:508} INFO - Filling up the DagBag from /home/airflow/.local/lib/python3.7/site-packages/airflow/example_dags/example_latest_only_with_trigger.py
[2022-08-14 06:06:48,581] {processor.py:651} INFO - DAG(s) dict_keys(['latest_only_with_trigger']) retrieved from /home/airflow/.local/lib/python3.7/site-packages/airflow/example_dags/example_latest_only_with_trigger.py
[2022-08-14 06:06:48,657] {logging_mixin.py:115} INFO - [2022-08-14 06:06:48,657] {dag.py:2420} INFO - Sync 1 DAGs
[2022-08-14 06:06:48,743] {logging_mixin.py:115} INFO - [2022-08-14 06:06:48,743] {dag.py:2972} INFO - Setting next_dagrun for latest_only_with_trigger to 2022-08-14T02:06:48.743090+00:00, run_after=2022-08-14T06:06:48.743090+00:00
[2022-08-14 06:06:48,807] {processor.py:161} INFO - Processing /home/airflow/.local/lib/python3.7/site-packages/airflow/example_dags/example_latest_only_with_trigger.py took 0.251 seconds
[2022-08-14 06:07:22,099] {processor.py:153} INFO - Started process (PID=918) to work on /home/airflow/.local/lib/python3.7/site-packages/airflow/example_dags/example_latest_only_with_trigger.py
[2022-08-14 06:07:22,125] {processor.py:641} INFO - Processing file /home/airflow/.local/lib/python3.7/site-packages/airflow/example_dags/example_latest_only_with_trigger.py for tasks to queue
[2022-08-14 06:07:22,132] {logging_mixin.py:115} INFO - [2022-08-14 06:07:22,128] {dagbag.py:508} INFO - Filling up the DagBag from /home/airflow/.local/lib/python3.7/site-packages/airflow/example_dags/example_latest_only_with_trigger.py
[2022-08-14 06:07:22,254] {processor.py:651} INFO - DAG(s) dict_keys(['latest_only_with_trigger']) retrieved from /home/airflow/.local/lib/python3.7/site-packages/airflow/example_dags/example_latest_only_with_trigger.py
[2022-08-14 06:07:22,971] {logging_mixin.py:115} INFO - [2022-08-14 06:07:22,971] {dag.py:2420} INFO - Sync 1 DAGs
[2022-08-14 06:07:23,315] {logging_mixin.py:115} INFO - [2022-08-14 06:07:23,307] {dag.py:2972} INFO - Setting next_dagrun for latest_only_with_trigger to 2022-08-14T02:07:23.307169+00:00, run_after=2022-08-14T06:07:23.307169+00:00
[2022-08-14 06:07:23,466] {processor.py:161} INFO - Processing /home/airflow/.local/lib/python3.7/site-packages/airflow/example_dags/example_latest_only_with_trigger.py took 1.394 seconds
[2022-08-14 06:07:55,219] {processor.py:153} INFO - Started process (PID=973) to work on /home/airflow/.local/lib/python3.7/site-packages/airflow/example_dags/example_latest_only_with_trigger.py
[2022-08-14 06:07:55,222] {processor.py:641} INFO - Processing file /home/airflow/.local/lib/python3.7/site-packages/airflow/example_dags/example_latest_only_with_trigger.py for tasks to queue
[2022-08-14 06:07:55,224] {logging_mixin.py:115} INFO - [2022-08-14 06:07:55,224] {dagbag.py:508} INFO - Filling up the DagBag from /home/airflow/.local/lib/python3.7/site-packages/airflow/example_dags/example_latest_only_with_trigger.py
[2022-08-14 06:07:55,242] {processor.py:651} INFO - DAG(s) dict_keys(['latest_only_with_trigger']) retrieved from /home/airflow/.local/lib/python3.7/site-packages/airflow/example_dags/example_latest_only_with_trigger.py
[2022-08-14 06:07:55,296] {logging_mixin.py:115} INFO - [2022-08-14 06:07:55,296] {dag.py:2420} INFO - Sync 1 DAGs
[2022-08-14 06:07:55,340] {logging_mixin.py:115} INFO - [2022-08-14 06:07:55,340] {dag.py:2972} INFO - Setting next_dagrun for latest_only_with_trigger to 2022-08-14T02:07:55.340162+00:00, run_after=2022-08-14T06:07:55.340162+00:00
[2022-08-14 06:07:55,365] {processor.py:161} INFO - Processing /home/airflow/.local/lib/python3.7/site-packages/airflow/example_dags/example_latest_only_with_trigger.py took 0.157 seconds
[2022-08-14 06:08:26,319] {processor.py:153} INFO - Started process (PID=1017) to work on /home/airflow/.local/lib/python3.7/site-packages/airflow/example_dags/example_latest_only_with_trigger.py
[2022-08-14 06:08:26,328] {processor.py:641} INFO - Processing file /home/airflow/.local/lib/python3.7/site-packages/airflow/example_dags/example_latest_only_with_trigger.py for tasks to queue
[2022-08-14 06:08:26,330] {logging_mixin.py:115} INFO - [2022-08-14 06:08:26,329] {dagbag.py:508} INFO - Filling up the DagBag from /home/airflow/.local/lib/python3.7/site-packages/airflow/example_dags/example_latest_only_with_trigger.py
[2022-08-14 06:08:26,354] {processor.py:651} INFO - DAG(s) dict_keys(['latest_only_with_trigger']) retrieved from /home/airflow/.local/lib/python3.7/site-packages/airflow/example_dags/example_latest_only_with_trigger.py
[2022-08-14 06:08:26,478] {logging_mixin.py:115} INFO - [2022-08-14 06:08:26,477] {dag.py:2420} INFO - Sync 1 DAGs
[2022-08-14 06:08:26,543] {logging_mixin.py:115} INFO - [2022-08-14 06:08:26,543] {dag.py:2972} INFO - Setting next_dagrun for latest_only_with_trigger to 2022-08-14T02:08:26.543390+00:00, run_after=2022-08-14T06:08:26.543390+00:00
[2022-08-14 06:08:26,598] {processor.py:161} INFO - Processing /home/airflow/.local/lib/python3.7/site-packages/airflow/example_dags/example_latest_only_with_trigger.py took 0.303 seconds
[2022-08-14 06:08:56,829] {processor.py:153} INFO - Started process (PID=1082) to work on /home/airflow/.local/lib/python3.7/site-packages/airflow/example_dags/example_latest_only_with_trigger.py
[2022-08-14 06:08:56,831] {processor.py:641} INFO - Processing file /home/airflow/.local/lib/python3.7/site-packages/airflow/example_dags/example_latest_only_with_trigger.py for tasks to queue
[2022-08-14 06:08:56,833] {logging_mixin.py:115} INFO - [2022-08-14 06:08:56,833] {dagbag.py:508} INFO - Filling up the DagBag from /home/airflow/.local/lib/python3.7/site-packages/airflow/example_dags/example_latest_only_with_trigger.py
[2022-08-14 06:08:56,848] {processor.py:651} INFO - DAG(s) dict_keys(['latest_only_with_trigger']) retrieved from /home/airflow/.local/lib/python3.7/site-packages/airflow/example_dags/example_latest_only_with_trigger.py
[2022-08-14 06:08:56,903] {logging_mixin.py:115} INFO - [2022-08-14 06:08:56,903] {dag.py:2420} INFO - Sync 1 DAGs
[2022-08-14 06:08:56,958] {logging_mixin.py:115} INFO - [2022-08-14 06:08:56,958] {dag.py:2972} INFO - Setting next_dagrun for latest_only_with_trigger to 2022-08-14T02:08:56.958102+00:00, run_after=2022-08-14T06:08:56.958102+00:00
[2022-08-14 06:08:56,984] {processor.py:161} INFO - Processing /home/airflow/.local/lib/python3.7/site-packages/airflow/example_dags/example_latest_only_with_trigger.py took 0.165 seconds
[2022-08-14 06:09:27,638] {processor.py:153} INFO - Started process (PID=1136) to work on /home/airflow/.local/lib/python3.7/site-packages/airflow/example_dags/example_latest_only_with_trigger.py
[2022-08-14 06:09:27,640] {processor.py:641} INFO - Processing file /home/airflow/.local/lib/python3.7/site-packages/airflow/example_dags/example_latest_only_with_trigger.py for tasks to queue
[2022-08-14 06:09:27,644] {logging_mixin.py:115} INFO - [2022-08-14 06:09:27,643] {dagbag.py:508} INFO - Filling up the DagBag from /home/airflow/.local/lib/python3.7/site-packages/airflow/example_dags/example_latest_only_with_trigger.py
[2022-08-14 06:09:27,660] {processor.py:651} INFO - DAG(s) dict_keys(['latest_only_with_trigger']) retrieved from /home/airflow/.local/lib/python3.7/site-packages/airflow/example_dags/example_latest_only_with_trigger.py
[2022-08-14 06:09:27,738] {logging_mixin.py:115} INFO - [2022-08-14 06:09:27,738] {dag.py:2420} INFO - Sync 1 DAGs
[2022-08-14 06:09:27,798] {logging_mixin.py:115} INFO - [2022-08-14 06:09:27,798] {dag.py:2972} INFO - Setting next_dagrun for latest_only_with_trigger to 2022-08-14T02:09:27.798052+00:00, run_after=2022-08-14T06:09:27.798052+00:00
[2022-08-14 06:09:27,821] {processor.py:161} INFO - Processing /home/airflow/.local/lib/python3.7/site-packages/airflow/example_dags/example_latest_only_with_trigger.py took 0.192 seconds
[2022-08-14 06:09:58,515] {processor.py:153} INFO - Started process (PID=1199) to work on /home/airflow/.local/lib/python3.7/site-packages/airflow/example_dags/example_latest_only_with_trigger.py
[2022-08-14 06:09:58,524] {processor.py:641} INFO - Processing file /home/airflow/.local/lib/python3.7/site-packages/airflow/example_dags/example_latest_only_with_trigger.py for tasks to queue
[2022-08-14 06:09:58,534] {logging_mixin.py:115} INFO - [2022-08-14 06:09:58,533] {dagbag.py:508} INFO - Filling up the DagBag from /home/airflow/.local/lib/python3.7/site-packages/airflow/example_dags/example_latest_only_with_trigger.py
[2022-08-14 06:09:58,590] {processor.py:651} INFO - DAG(s) dict_keys(['latest_only_with_trigger']) retrieved from /home/airflow/.local/lib/python3.7/site-packages/airflow/example_dags/example_latest_only_with_trigger.py
[2022-08-14 06:09:58,836] {logging_mixin.py:115} INFO - [2022-08-14 06:09:58,836] {dag.py:2420} INFO - Sync 1 DAGs
[2022-08-14 06:09:58,950] {logging_mixin.py:115} INFO - [2022-08-14 06:09:58,950] {dag.py:2972} INFO - Setting next_dagrun for latest_only_with_trigger to 2022-08-14T02:09:58.949638+00:00, run_after=2022-08-14T06:09:58.949638+00:00
[2022-08-14 06:09:59,001] {processor.py:161} INFO - Processing /home/airflow/.local/lib/python3.7/site-packages/airflow/example_dags/example_latest_only_with_trigger.py took 0.508 seconds
[2022-08-14 06:10:29,785] {processor.py:153} INFO - Started process (PID=1253) to work on /home/airflow/.local/lib/python3.7/site-packages/airflow/example_dags/example_latest_only_with_trigger.py
[2022-08-14 06:10:29,790] {processor.py:641} INFO - Processing file /home/airflow/.local/lib/python3.7/site-packages/airflow/example_dags/example_latest_only_with_trigger.py for tasks to queue
[2022-08-14 06:10:29,792] {logging_mixin.py:115} INFO - [2022-08-14 06:10:29,792] {dagbag.py:508} INFO - Filling up the DagBag from /home/airflow/.local/lib/python3.7/site-packages/airflow/example_dags/example_latest_only_with_trigger.py
[2022-08-14 06:10:29,831] {processor.py:651} INFO - DAG(s) dict_keys(['latest_only_with_trigger']) retrieved from /home/airflow/.local/lib/python3.7/site-packages/airflow/example_dags/example_latest_only_with_trigger.py
[2022-08-14 06:10:29,926] {logging_mixin.py:115} INFO - [2022-08-14 06:10:29,926] {dag.py:2420} INFO - Sync 1 DAGs
[2022-08-14 06:10:29,971] {logging_mixin.py:115} INFO - [2022-08-14 06:10:29,970] {dag.py:2972} INFO - Setting next_dagrun for latest_only_with_trigger to 2022-08-14T02:10:29.970514+00:00, run_after=2022-08-14T06:10:29.970514+00:00
[2022-08-14 06:10:29,993] {processor.py:161} INFO - Processing /home/airflow/.local/lib/python3.7/site-packages/airflow/example_dags/example_latest_only_with_trigger.py took 0.233 seconds
[2022-08-14 06:11:00,950] {processor.py:153} INFO - Started process (PID=1306) to work on /home/airflow/.local/lib/python3.7/site-packages/airflow/example_dags/example_latest_only_with_trigger.py
[2022-08-14 06:11:00,952] {processor.py:641} INFO - Processing file /home/airflow/.local/lib/python3.7/site-packages/airflow/example_dags/example_latest_only_with_trigger.py for tasks to queue
[2022-08-14 06:11:00,958] {logging_mixin.py:115} INFO - [2022-08-14 06:11:00,958] {dagbag.py:508} INFO - Filling up the DagBag from /home/airflow/.local/lib/python3.7/site-packages/airflow/example_dags/example_latest_only_with_trigger.py
[2022-08-14 06:11:00,979] {processor.py:651} INFO - DAG(s) dict_keys(['latest_only_with_trigger']) retrieved from /home/airflow/.local/lib/python3.7/site-packages/airflow/example_dags/example_latest_only_with_trigger.py
[2022-08-14 06:11:01,041] {logging_mixin.py:115} INFO - [2022-08-14 06:11:01,041] {dag.py:2420} INFO - Sync 1 DAGs
[2022-08-14 06:11:01,127] {logging_mixin.py:115} INFO - [2022-08-14 06:11:01,127] {dag.py:2972} INFO - Setting next_dagrun for latest_only_with_trigger to 2022-08-14T02:11:01.127347+00:00, run_after=2022-08-14T06:11:01.127347+00:00
[2022-08-14 06:11:01,153] {processor.py:161} INFO - Processing /home/airflow/.local/lib/python3.7/site-packages/airflow/example_dags/example_latest_only_with_trigger.py took 0.218 seconds
[2022-08-14 06:11:31,589] {processor.py:153} INFO - Started process (PID=1362) to work on /home/airflow/.local/lib/python3.7/site-packages/airflow/example_dags/example_latest_only_with_trigger.py
[2022-08-14 06:11:31,591] {processor.py:641} INFO - Processing file /home/airflow/.local/lib/python3.7/site-packages/airflow/example_dags/example_latest_only_with_trigger.py for tasks to queue
[2022-08-14 06:11:31,595] {logging_mixin.py:115} INFO - [2022-08-14 06:11:31,595] {dagbag.py:508} INFO - Filling up the DagBag from /home/airflow/.local/lib/python3.7/site-packages/airflow/example_dags/example_latest_only_with_trigger.py
[2022-08-14 06:11:31,633] {processor.py:651} INFO - DAG(s) dict_keys(['latest_only_with_trigger']) retrieved from /home/airflow/.local/lib/python3.7/site-packages/airflow/example_dags/example_latest_only_with_trigger.py
[2022-08-14 06:11:31,694] {logging_mixin.py:115} INFO - [2022-08-14 06:11:31,694] {dag.py:2420} INFO - Sync 1 DAGs
[2022-08-14 06:11:31,782] {logging_mixin.py:115} INFO - [2022-08-14 06:11:31,782] {dag.py:2972} INFO - Setting next_dagrun for latest_only_with_trigger to 2022-08-14T02:11:31.781518+00:00, run_after=2022-08-14T06:11:31.781518+00:00
[2022-08-14 06:11:31,827] {processor.py:161} INFO - Processing /home/airflow/.local/lib/python3.7/site-packages/airflow/example_dags/example_latest_only_with_trigger.py took 0.272 seconds
[2022-08-14 06:12:01,985] {processor.py:153} INFO - Started process (PID=1427) to work on /home/airflow/.local/lib/python3.7/site-packages/airflow/example_dags/example_latest_only_with_trigger.py
[2022-08-14 06:12:01,987] {processor.py:641} INFO - Processing file /home/airflow/.local/lib/python3.7/site-packages/airflow/example_dags/example_latest_only_with_trigger.py for tasks to queue
[2022-08-14 06:12:01,989] {logging_mixin.py:115} INFO - [2022-08-14 06:12:01,989] {dagbag.py:508} INFO - Filling up the DagBag from /home/airflow/.local/lib/python3.7/site-packages/airflow/example_dags/example_latest_only_with_trigger.py
[2022-08-14 06:12:02,001] {processor.py:651} INFO - DAG(s) dict_keys(['latest_only_with_trigger']) retrieved from /home/airflow/.local/lib/python3.7/site-packages/airflow/example_dags/example_latest_only_with_trigger.py
[2022-08-14 06:12:02,040] {logging_mixin.py:115} INFO - [2022-08-14 06:12:02,040] {dag.py:2420} INFO - Sync 1 DAGs
[2022-08-14 06:12:02,072] {logging_mixin.py:115} INFO - [2022-08-14 06:12:02,072] {dag.py:2972} INFO - Setting next_dagrun for latest_only_with_trigger to 2022-08-14T02:12:02.072444+00:00, run_after=2022-08-14T06:12:02.072444+00:00
[2022-08-14 06:12:02,095] {processor.py:161} INFO - Processing /home/airflow/.local/lib/python3.7/site-packages/airflow/example_dags/example_latest_only_with_trigger.py took 0.116 seconds
[2022-08-14 06:12:32,704] {processor.py:153} INFO - Started process (PID=1482) to work on /home/airflow/.local/lib/python3.7/site-packages/airflow/example_dags/example_latest_only_with_trigger.py
[2022-08-14 06:12:32,707] {processor.py:641} INFO - Processing file /home/airflow/.local/lib/python3.7/site-packages/airflow/example_dags/example_latest_only_with_trigger.py for tasks to queue
[2022-08-14 06:12:32,709] {logging_mixin.py:115} INFO - [2022-08-14 06:12:32,709] {dagbag.py:508} INFO - Filling up the DagBag from /home/airflow/.local/lib/python3.7/site-packages/airflow/example_dags/example_latest_only_with_trigger.py
[2022-08-14 06:12:32,723] {processor.py:651} INFO - DAG(s) dict_keys(['latest_only_with_trigger']) retrieved from /home/airflow/.local/lib/python3.7/site-packages/airflow/example_dags/example_latest_only_with_trigger.py
[2022-08-14 06:12:32,776] {logging_mixin.py:115} INFO - [2022-08-14 06:12:32,775] {dag.py:2420} INFO - Sync 1 DAGs
[2022-08-14 06:12:32,808] {logging_mixin.py:115} INFO - [2022-08-14 06:12:32,808] {dag.py:2972} INFO - Setting next_dagrun for latest_only_with_trigger to 2022-08-14T02:12:32.808359+00:00, run_after=2022-08-14T06:12:32.808359+00:00
[2022-08-14 06:12:32,832] {processor.py:161} INFO - Processing /home/airflow/.local/lib/python3.7/site-packages/airflow/example_dags/example_latest_only_with_trigger.py took 0.134 seconds
[2022-08-14 06:13:03,420] {processor.py:153} INFO - Started process (PID=1543) to work on /home/airflow/.local/lib/python3.7/site-packages/airflow/example_dags/example_latest_only_with_trigger.py
[2022-08-14 06:13:03,423] {processor.py:641} INFO - Processing file /home/airflow/.local/lib/python3.7/site-packages/airflow/example_dags/example_latest_only_with_trigger.py for tasks to queue
[2022-08-14 06:13:03,426] {logging_mixin.py:115} INFO - [2022-08-14 06:13:03,426] {dagbag.py:508} INFO - Filling up the DagBag from /home/airflow/.local/lib/python3.7/site-packages/airflow/example_dags/example_latest_only_with_trigger.py
[2022-08-14 06:13:03,497] {processor.py:651} INFO - DAG(s) dict_keys(['latest_only_with_trigger']) retrieved from /home/airflow/.local/lib/python3.7/site-packages/airflow/example_dags/example_latest_only_with_trigger.py
[2022-08-14 06:13:03,905] {logging_mixin.py:115} INFO - [2022-08-14 06:13:03,904] {dag.py:2420} INFO - Sync 1 DAGs
[2022-08-14 06:13:04,133] {logging_mixin.py:115} INFO - [2022-08-14 06:13:04,133] {dag.py:2972} INFO - Setting next_dagrun for latest_only_with_trigger to 2022-08-14T02:13:04.133177+00:00, run_after=2022-08-14T06:13:04.133177+00:00
[2022-08-14 06:13:04,200] {processor.py:161} INFO - Processing /home/airflow/.local/lib/python3.7/site-packages/airflow/example_dags/example_latest_only_with_trigger.py took 0.819 seconds
[2022-08-14 06:13:35,056] {processor.py:153} INFO - Started process (PID=1599) to work on /home/airflow/.local/lib/python3.7/site-packages/airflow/example_dags/example_latest_only_with_trigger.py
[2022-08-14 06:13:35,058] {processor.py:641} INFO - Processing file /home/airflow/.local/lib/python3.7/site-packages/airflow/example_dags/example_latest_only_with_trigger.py for tasks to queue
[2022-08-14 06:13:35,061] {logging_mixin.py:115} INFO - [2022-08-14 06:13:35,060] {dagbag.py:508} INFO - Filling up the DagBag from /home/airflow/.local/lib/python3.7/site-packages/airflow/example_dags/example_latest_only_with_trigger.py
[2022-08-14 06:13:35,075] {processor.py:651} INFO - DAG(s) dict_keys(['latest_only_with_trigger']) retrieved from /home/airflow/.local/lib/python3.7/site-packages/airflow/example_dags/example_latest_only_with_trigger.py
[2022-08-14 06:13:35,125] {logging_mixin.py:115} INFO - [2022-08-14 06:13:35,125] {dag.py:2420} INFO - Sync 1 DAGs
[2022-08-14 06:13:35,158] {logging_mixin.py:115} INFO - [2022-08-14 06:13:35,158] {dag.py:2972} INFO - Setting next_dagrun for latest_only_with_trigger to 2022-08-14T02:13:35.158441+00:00, run_after=2022-08-14T06:13:35.158441+00:00
[2022-08-14 06:13:35,178] {processor.py:161} INFO - Processing /home/airflow/.local/lib/python3.7/site-packages/airflow/example_dags/example_latest_only_with_trigger.py took 0.131 seconds
[2022-08-14 06:14:05,874] {processor.py:153} INFO - Started process (PID=1653) to work on /home/airflow/.local/lib/python3.7/site-packages/airflow/example_dags/example_latest_only_with_trigger.py
[2022-08-14 06:14:05,876] {processor.py:641} INFO - Processing file /home/airflow/.local/lib/python3.7/site-packages/airflow/example_dags/example_latest_only_with_trigger.py for tasks to queue
[2022-08-14 06:14:05,879] {logging_mixin.py:115} INFO - [2022-08-14 06:14:05,879] {dagbag.py:508} INFO - Filling up the DagBag from /home/airflow/.local/lib/python3.7/site-packages/airflow/example_dags/example_latest_only_with_trigger.py
[2022-08-14 06:14:05,890] {processor.py:651} INFO - DAG(s) dict_keys(['latest_only_with_trigger']) retrieved from /home/airflow/.local/lib/python3.7/site-packages/airflow/example_dags/example_latest_only_with_trigger.py
[2022-08-14 06:14:05,932] {logging_mixin.py:115} INFO - [2022-08-14 06:14:05,932] {dag.py:2420} INFO - Sync 1 DAGs
[2022-08-14 06:14:05,964] {logging_mixin.py:115} INFO - [2022-08-14 06:14:05,964] {dag.py:2972} INFO - Setting next_dagrun for latest_only_with_trigger to 2022-08-14T02:14:05.964132+00:00, run_after=2022-08-14T06:14:05.964132+00:00
[2022-08-14 06:14:05,985] {processor.py:161} INFO - Processing /home/airflow/.local/lib/python3.7/site-packages/airflow/example_dags/example_latest_only_with_trigger.py took 0.117 seconds
[2022-08-14 06:14:36,114] {processor.py:153} INFO - Started process (PID=1708) to work on /home/airflow/.local/lib/python3.7/site-packages/airflow/example_dags/example_latest_only_with_trigger.py
[2022-08-14 06:14:36,116] {processor.py:641} INFO - Processing file /home/airflow/.local/lib/python3.7/site-packages/airflow/example_dags/example_latest_only_with_trigger.py for tasks to queue
[2022-08-14 06:14:36,118] {logging_mixin.py:115} INFO - [2022-08-14 06:14:36,117] {dagbag.py:508} INFO - Filling up the DagBag from /home/airflow/.local/lib/python3.7/site-packages/airflow/example_dags/example_latest_only_with_trigger.py
[2022-08-14 06:14:36,129] {processor.py:651} INFO - DAG(s) dict_keys(['latest_only_with_trigger']) retrieved from /home/airflow/.local/lib/python3.7/site-packages/airflow/example_dags/example_latest_only_with_trigger.py
[2022-08-14 06:14:36,169] {logging_mixin.py:115} INFO - [2022-08-14 06:14:36,169] {dag.py:2420} INFO - Sync 1 DAGs
[2022-08-14 06:14:36,202] {logging_mixin.py:115} INFO - [2022-08-14 06:14:36,202] {dag.py:2972} INFO - Setting next_dagrun for latest_only_with_trigger to 2022-08-14T02:14:36.201875+00:00, run_after=2022-08-14T06:14:36.201875+00:00
[2022-08-14 06:14:36,225] {processor.py:161} INFO - Processing /home/airflow/.local/lib/python3.7/site-packages/airflow/example_dags/example_latest_only_with_trigger.py took 0.117 seconds
[2022-08-14 06:15:06,623] {processor.py:153} INFO - Started process (PID=1761) to work on /home/airflow/.local/lib/python3.7/site-packages/airflow/example_dags/example_latest_only_with_trigger.py
[2022-08-14 06:15:06,625] {processor.py:641} INFO - Processing file /home/airflow/.local/lib/python3.7/site-packages/airflow/example_dags/example_latest_only_with_trigger.py for tasks to queue
[2022-08-14 06:15:06,627] {logging_mixin.py:115} INFO - [2022-08-14 06:15:06,627] {dagbag.py:508} INFO - Filling up the DagBag from /home/airflow/.local/lib/python3.7/site-packages/airflow/example_dags/example_latest_only_with_trigger.py
[2022-08-14 06:15:06,638] {processor.py:651} INFO - DAG(s) dict_keys(['latest_only_with_trigger']) retrieved from /home/airflow/.local/lib/python3.7/site-packages/airflow/example_dags/example_latest_only_with_trigger.py
[2022-08-14 06:15:06,696] {logging_mixin.py:115} INFO - [2022-08-14 06:15:06,696] {dag.py:2420} INFO - Sync 1 DAGs
[2022-08-14 06:15:06,746] {logging_mixin.py:115} INFO - [2022-08-14 06:15:06,746] {dag.py:2972} INFO - Setting next_dagrun for latest_only_with_trigger to 2022-08-14T02:15:06.746096+00:00, run_after=2022-08-14T06:15:06.746096+00:00
[2022-08-14 06:15:06,786] {processor.py:161} INFO - Processing /home/airflow/.local/lib/python3.7/site-packages/airflow/example_dags/example_latest_only_with_trigger.py took 0.169 seconds
[2022-08-14 06:15:37,617] {processor.py:153} INFO - Started process (PID=1822) to work on /home/airflow/.local/lib/python3.7/site-packages/airflow/example_dags/example_latest_only_with_trigger.py
[2022-08-14 06:15:37,625] {processor.py:641} INFO - Processing file /home/airflow/.local/lib/python3.7/site-packages/airflow/example_dags/example_latest_only_with_trigger.py for tasks to queue
[2022-08-14 06:15:37,627] {logging_mixin.py:115} INFO - [2022-08-14 06:15:37,627] {dagbag.py:508} INFO - Filling up the DagBag from /home/airflow/.local/lib/python3.7/site-packages/airflow/example_dags/example_latest_only_with_trigger.py
[2022-08-14 06:15:37,655] {processor.py:651} INFO - DAG(s) dict_keys(['latest_only_with_trigger']) retrieved from /home/airflow/.local/lib/python3.7/site-packages/airflow/example_dags/example_latest_only_with_trigger.py
[2022-08-14 06:15:37,776] {logging_mixin.py:115} INFO - [2022-08-14 06:15:37,775] {dag.py:2420} INFO - Sync 1 DAGs
[2022-08-14 06:15:37,960] {logging_mixin.py:115} INFO - [2022-08-14 06:15:37,960] {dag.py:2972} INFO - Setting next_dagrun for latest_only_with_trigger to 2022-08-14T02:15:37.959620+00:00, run_after=2022-08-14T06:15:37.959620+00:00
[2022-08-14 06:15:38,012] {processor.py:161} INFO - Processing /home/airflow/.local/lib/python3.7/site-packages/airflow/example_dags/example_latest_only_with_trigger.py took 0.408 seconds
[2022-08-14 06:16:08,774] {processor.py:153} INFO - Started process (PID=1877) to work on /home/airflow/.local/lib/python3.7/site-packages/airflow/example_dags/example_latest_only_with_trigger.py
[2022-08-14 06:16:08,779] {processor.py:641} INFO - Processing file /home/airflow/.local/lib/python3.7/site-packages/airflow/example_dags/example_latest_only_with_trigger.py for tasks to queue
[2022-08-14 06:16:08,783] {logging_mixin.py:115} INFO - [2022-08-14 06:16:08,783] {dagbag.py:508} INFO - Filling up the DagBag from /home/airflow/.local/lib/python3.7/site-packages/airflow/example_dags/example_latest_only_with_trigger.py
[2022-08-14 06:16:08,821] {processor.py:651} INFO - DAG(s) dict_keys(['latest_only_with_trigger']) retrieved from /home/airflow/.local/lib/python3.7/site-packages/airflow/example_dags/example_latest_only_with_trigger.py
[2022-08-14 06:16:08,980] {logging_mixin.py:115} INFO - [2022-08-14 06:16:08,979] {dag.py:2420} INFO - Sync 1 DAGs
[2022-08-14 06:16:09,028] {logging_mixin.py:115} INFO - [2022-08-14 06:16:09,027] {dag.py:2972} INFO - Setting next_dagrun for latest_only_with_trigger to 2022-08-14T02:16:09.027261+00:00, run_after=2022-08-14T06:16:09.027261+00:00
[2022-08-14 06:16:09,053] {processor.py:161} INFO - Processing /home/airflow/.local/lib/python3.7/site-packages/airflow/example_dags/example_latest_only_with_trigger.py took 0.296 seconds
[2022-08-14 06:16:39,997] {processor.py:153} INFO - Started process (PID=1922) to work on /home/airflow/.local/lib/python3.7/site-packages/airflow/example_dags/example_latest_only_with_trigger.py
[2022-08-14 06:16:40,000] {processor.py:641} INFO - Processing file /home/airflow/.local/lib/python3.7/site-packages/airflow/example_dags/example_latest_only_with_trigger.py for tasks to queue
[2022-08-14 06:16:40,006] {logging_mixin.py:115} INFO - [2022-08-14 06:16:40,005] {dagbag.py:508} INFO - Filling up the DagBag from /home/airflow/.local/lib/python3.7/site-packages/airflow/example_dags/example_latest_only_with_trigger.py
[2022-08-14 06:16:40,032] {processor.py:651} INFO - DAG(s) dict_keys(['latest_only_with_trigger']) retrieved from /home/airflow/.local/lib/python3.7/site-packages/airflow/example_dags/example_latest_only_with_trigger.py
[2022-08-14 06:16:40,111] {logging_mixin.py:115} INFO - [2022-08-14 06:16:40,111] {dag.py:2420} INFO - Sync 1 DAGs
[2022-08-14 06:16:40,165] {logging_mixin.py:115} INFO - [2022-08-14 06:16:40,164] {dag.py:2972} INFO - Setting next_dagrun for latest_only_with_trigger to 2022-08-14T02:16:40.164511+00:00, run_after=2022-08-14T06:16:40.164511+00:00
[2022-08-14 06:16:40,198] {processor.py:161} INFO - Processing /home/airflow/.local/lib/python3.7/site-packages/airflow/example_dags/example_latest_only_with_trigger.py took 0.215 seconds
[2022-08-14 06:17:38,403] {processor.py:153} INFO - Started process (PID=1986) to work on /home/airflow/.local/lib/python3.7/site-packages/airflow/example_dags/example_latest_only_with_trigger.py
[2022-08-14 06:17:38,409] {processor.py:641} INFO - Processing file /home/airflow/.local/lib/python3.7/site-packages/airflow/example_dags/example_latest_only_with_trigger.py for tasks to queue
[2022-08-14 06:17:38,426] {logging_mixin.py:115} INFO - [2022-08-14 06:17:38,423] {dagbag.py:508} INFO - Filling up the DagBag from /home/airflow/.local/lib/python3.7/site-packages/airflow/example_dags/example_latest_only_with_trigger.py
[2022-08-14 06:17:38,469] {processor.py:651} INFO - DAG(s) dict_keys(['latest_only_with_trigger']) retrieved from /home/airflow/.local/lib/python3.7/site-packages/airflow/example_dags/example_latest_only_with_trigger.py
[2022-08-14 06:17:38,554] {logging_mixin.py:115} INFO - [2022-08-14 06:17:38,553] {dag.py:2420} INFO - Sync 1 DAGs
[2022-08-14 06:17:38,656] {logging_mixin.py:115} INFO - [2022-08-14 06:17:38,656] {dag.py:2972} INFO - Setting next_dagrun for latest_only_with_trigger to 2022-08-14T02:17:38.655579+00:00, run_after=2022-08-14T06:17:38.655579+00:00
[2022-08-14 06:17:38,765] {processor.py:161} INFO - Processing /home/airflow/.local/lib/python3.7/site-packages/airflow/example_dags/example_latest_only_with_trigger.py took 0.374 seconds
[2022-08-14 07:13:22,809] {processor.py:153} INFO - Started process (PID=2031) to work on /home/airflow/.local/lib/python3.7/site-packages/airflow/example_dags/example_latest_only_with_trigger.py
[2022-08-14 07:13:23,047] {processor.py:641} INFO - Processing file /home/airflow/.local/lib/python3.7/site-packages/airflow/example_dags/example_latest_only_with_trigger.py for tasks to queue
[2022-08-14 07:13:23,065] {logging_mixin.py:115} INFO - [2022-08-14 07:13:23,065] {dagbag.py:508} INFO - Filling up the DagBag from /home/airflow/.local/lib/python3.7/site-packages/airflow/example_dags/example_latest_only_with_trigger.py
[2022-08-14 07:13:23,642] {processor.py:651} INFO - DAG(s) dict_keys(['latest_only_with_trigger']) retrieved from /home/airflow/.local/lib/python3.7/site-packages/airflow/example_dags/example_latest_only_with_trigger.py
[2022-08-14 07:13:24,706] {logging_mixin.py:115} INFO - [2022-08-14 07:13:24,705] {dag.py:2420} INFO - Sync 1 DAGs
[2022-08-14 07:13:25,705] {logging_mixin.py:115} INFO - [2022-08-14 07:13:25,705] {dag.py:2972} INFO - Setting next_dagrun for latest_only_with_trigger to 2022-08-14T03:13:25.669821+00:00, run_after=2022-08-14T07:13:25.669821+00:00
[2022-08-14 07:13:26,047] {processor.py:161} INFO - Processing /home/airflow/.local/lib/python3.7/site-packages/airflow/example_dags/example_latest_only_with_trigger.py took 3.831 seconds
[2022-08-14 07:14:17,690] {processor.py:153} INFO - Started process (PID=2094) to work on /home/airflow/.local/lib/python3.7/site-packages/airflow/example_dags/example_latest_only_with_trigger.py
[2022-08-14 07:14:17,707] {processor.py:641} INFO - Processing file /home/airflow/.local/lib/python3.7/site-packages/airflow/example_dags/example_latest_only_with_trigger.py for tasks to queue
[2022-08-14 07:14:17,715] {logging_mixin.py:115} INFO - [2022-08-14 07:14:17,714] {dagbag.py:508} INFO - Filling up the DagBag from /home/airflow/.local/lib/python3.7/site-packages/airflow/example_dags/example_latest_only_with_trigger.py
[2022-08-14 07:14:17,841] {processor.py:651} INFO - DAG(s) dict_keys(['latest_only_with_trigger']) retrieved from /home/airflow/.local/lib/python3.7/site-packages/airflow/example_dags/example_latest_only_with_trigger.py
[2022-08-14 07:14:18,213] {logging_mixin.py:115} INFO - [2022-08-14 07:14:18,212] {dag.py:2420} INFO - Sync 1 DAGs
[2022-08-14 07:14:18,796] {logging_mixin.py:115} INFO - [2022-08-14 07:14:18,796] {dag.py:2972} INFO - Setting next_dagrun for latest_only_with_trigger to 2022-08-14T03:14:18.796000+00:00, run_after=2022-08-14T07:14:18.796000+00:00
[2022-08-14 07:14:19,026] {processor.py:161} INFO - Processing /home/airflow/.local/lib/python3.7/site-packages/airflow/example_dags/example_latest_only_with_trigger.py took 1.450 seconds
[2022-08-14 07:14:50,012] {processor.py:153} INFO - Started process (PID=2153) to work on /home/airflow/.local/lib/python3.7/site-packages/airflow/example_dags/example_latest_only_with_trigger.py
[2022-08-14 07:14:50,022] {processor.py:641} INFO - Processing file /home/airflow/.local/lib/python3.7/site-packages/airflow/example_dags/example_latest_only_with_trigger.py for tasks to queue
[2022-08-14 07:14:50,024] {logging_mixin.py:115} INFO - [2022-08-14 07:14:50,024] {dagbag.py:508} INFO - Filling up the DagBag from /home/airflow/.local/lib/python3.7/site-packages/airflow/example_dags/example_latest_only_with_trigger.py
[2022-08-14 07:14:50,056] {processor.py:651} INFO - DAG(s) dict_keys(['latest_only_with_trigger']) retrieved from /home/airflow/.local/lib/python3.7/site-packages/airflow/example_dags/example_latest_only_with_trigger.py
[2022-08-14 07:14:50,151] {logging_mixin.py:115} INFO - [2022-08-14 07:14:50,151] {dag.py:2420} INFO - Sync 1 DAGs
[2022-08-14 07:14:50,228] {logging_mixin.py:115} INFO - [2022-08-14 07:14:50,228] {dag.py:2972} INFO - Setting next_dagrun for latest_only_with_trigger to 2022-08-14T03:14:50.227910+00:00, run_after=2022-08-14T07:14:50.227910+00:00
[2022-08-14 07:14:50,272] {processor.py:161} INFO - Processing /home/airflow/.local/lib/python3.7/site-packages/airflow/example_dags/example_latest_only_with_trigger.py took 0.266 seconds
[2022-08-14 07:15:20,831] {processor.py:153} INFO - Started process (PID=2215) to work on /home/airflow/.local/lib/python3.7/site-packages/airflow/example_dags/example_latest_only_with_trigger.py
[2022-08-14 07:15:20,838] {processor.py:641} INFO - Processing file /home/airflow/.local/lib/python3.7/site-packages/airflow/example_dags/example_latest_only_with_trigger.py for tasks to queue
[2022-08-14 07:15:20,842] {logging_mixin.py:115} INFO - [2022-08-14 07:15:20,841] {dagbag.py:508} INFO - Filling up the DagBag from /home/airflow/.local/lib/python3.7/site-packages/airflow/example_dags/example_latest_only_with_trigger.py
[2022-08-14 07:15:20,882] {processor.py:651} INFO - DAG(s) dict_keys(['latest_only_with_trigger']) retrieved from /home/airflow/.local/lib/python3.7/site-packages/airflow/example_dags/example_latest_only_with_trigger.py
[2022-08-14 07:15:21,122] {logging_mixin.py:115} INFO - [2022-08-14 07:15:21,121] {dag.py:2420} INFO - Sync 1 DAGs
[2022-08-14 07:15:21,254] {logging_mixin.py:115} INFO - [2022-08-14 07:15:21,254] {dag.py:2972} INFO - Setting next_dagrun for latest_only_with_trigger to 2022-08-14T03:15:21.254092+00:00, run_after=2022-08-14T07:15:21.254092+00:00
[2022-08-14 07:15:21,460] {processor.py:161} INFO - Processing /home/airflow/.local/lib/python3.7/site-packages/airflow/example_dags/example_latest_only_with_trigger.py took 0.652 seconds
