[2022-08-14 05:58:30,658] {processor.py:153} INFO - Started process (PID=102) to work on /home/airflow/.local/lib/python3.7/site-packages/airflow/example_dags/example_task_group.py
[2022-08-14 05:58:30,662] {processor.py:641} INFO - Processing file /home/airflow/.local/lib/python3.7/site-packages/airflow/example_dags/example_task_group.py for tasks to queue
[2022-08-14 05:58:30,669] {logging_mixin.py:115} INFO - [2022-08-14 05:58:30,669] {dagbag.py:508} INFO - Filling up the DagBag from /home/airflow/.local/lib/python3.7/site-packages/airflow/example_dags/example_task_group.py
[2022-08-14 05:58:30,714] {processor.py:651} INFO - DAG(s) dict_keys(['example_task_group']) retrieved from /home/airflow/.local/lib/python3.7/site-packages/airflow/example_dags/example_task_group.py
[2022-08-14 05:58:32,621] {logging_mixin.py:115} INFO - [2022-08-14 05:58:32,584] {manager.py:508} INFO - Created Permission View: can read on DAG:example_task_group
[2022-08-14 05:58:32,906] {logging_mixin.py:115} INFO - [2022-08-14 05:58:32,906] {manager.py:508} INFO - Created Permission View: can delete on DAG:example_task_group
[2022-08-14 05:58:33,109] {logging_mixin.py:115} INFO - [2022-08-14 05:58:33,108] {manager.py:508} INFO - Created Permission View: can edit on DAG:example_task_group
[2022-08-14 05:58:33,118] {logging_mixin.py:115} INFO - [2022-08-14 05:58:33,118] {dag.py:2420} INFO - Sync 1 DAGs
[2022-08-14 05:58:33,304] {logging_mixin.py:115} INFO - [2022-08-14 05:58:33,304] {dag.py:2439} INFO - Creating ORM DAG for example_task_group
[2022-08-14 05:58:33,607] {logging_mixin.py:115} INFO - [2022-08-14 05:58:33,606] {dag.py:2972} INFO - Setting next_dagrun for example_task_group to 2022-08-13T05:58:33.606049+00:00, run_after=2022-08-14T05:58:33.606049+00:00
[2022-08-14 05:58:33,812] {processor.py:161} INFO - Processing /home/airflow/.local/lib/python3.7/site-packages/airflow/example_dags/example_task_group.py took 3.152 seconds
[2022-08-14 05:59:06,301] {processor.py:153} INFO - Started process (PID=156) to work on /home/airflow/.local/lib/python3.7/site-packages/airflow/example_dags/example_task_group.py
[2022-08-14 05:59:06,305] {processor.py:641} INFO - Processing file /home/airflow/.local/lib/python3.7/site-packages/airflow/example_dags/example_task_group.py for tasks to queue
[2022-08-14 05:59:06,308] {logging_mixin.py:115} INFO - [2022-08-14 05:59:06,308] {dagbag.py:508} INFO - Filling up the DagBag from /home/airflow/.local/lib/python3.7/site-packages/airflow/example_dags/example_task_group.py
[2022-08-14 05:59:06,353] {processor.py:651} INFO - DAG(s) dict_keys(['example_task_group']) retrieved from /home/airflow/.local/lib/python3.7/site-packages/airflow/example_dags/example_task_group.py
[2022-08-14 05:59:06,657] {logging_mixin.py:115} INFO - [2022-08-14 05:59:06,657] {dag.py:2420} INFO - Sync 1 DAGs
[2022-08-14 05:59:06,759] {logging_mixin.py:115} INFO - [2022-08-14 05:59:06,759] {dag.py:2972} INFO - Setting next_dagrun for example_task_group to 2022-08-13T05:59:06.759184+00:00, run_after=2022-08-14T05:59:06.759184+00:00
[2022-08-14 05:59:06,803] {processor.py:161} INFO - Processing /home/airflow/.local/lib/python3.7/site-packages/airflow/example_dags/example_task_group.py took 0.516 seconds
[2022-08-14 05:59:38,763] {processor.py:153} INFO - Started process (PID=207) to work on /home/airflow/.local/lib/python3.7/site-packages/airflow/example_dags/example_task_group.py
[2022-08-14 05:59:38,769] {processor.py:641} INFO - Processing file /home/airflow/.local/lib/python3.7/site-packages/airflow/example_dags/example_task_group.py for tasks to queue
[2022-08-14 05:59:38,777] {logging_mixin.py:115} INFO - [2022-08-14 05:59:38,776] {dagbag.py:508} INFO - Filling up the DagBag from /home/airflow/.local/lib/python3.7/site-packages/airflow/example_dags/example_task_group.py
[2022-08-14 05:59:38,851] {processor.py:651} INFO - DAG(s) dict_keys(['example_task_group']) retrieved from /home/airflow/.local/lib/python3.7/site-packages/airflow/example_dags/example_task_group.py
[2022-08-14 05:59:39,044] {logging_mixin.py:115} INFO - [2022-08-14 05:59:39,044] {dag.py:2420} INFO - Sync 1 DAGs
[2022-08-14 05:59:39,177] {logging_mixin.py:115} INFO - [2022-08-14 05:59:39,177] {dag.py:2972} INFO - Setting next_dagrun for example_task_group to 2022-08-13T05:59:39.176987+00:00, run_after=2022-08-14T05:59:39.176987+00:00
[2022-08-14 05:59:39,242] {processor.py:161} INFO - Processing /home/airflow/.local/lib/python3.7/site-packages/airflow/example_dags/example_task_group.py took 0.500 seconds
[2022-08-14 06:00:10,071] {processor.py:153} INFO - Started process (PID=263) to work on /home/airflow/.local/lib/python3.7/site-packages/airflow/example_dags/example_task_group.py
[2022-08-14 06:00:10,077] {processor.py:641} INFO - Processing file /home/airflow/.local/lib/python3.7/site-packages/airflow/example_dags/example_task_group.py for tasks to queue
[2022-08-14 06:00:10,097] {logging_mixin.py:115} INFO - [2022-08-14 06:00:10,097] {dagbag.py:508} INFO - Filling up the DagBag from /home/airflow/.local/lib/python3.7/site-packages/airflow/example_dags/example_task_group.py
[2022-08-14 06:00:10,180] {processor.py:651} INFO - DAG(s) dict_keys(['example_task_group']) retrieved from /home/airflow/.local/lib/python3.7/site-packages/airflow/example_dags/example_task_group.py
[2022-08-14 06:00:10,406] {logging_mixin.py:115} INFO - [2022-08-14 06:00:10,405] {dag.py:2420} INFO - Sync 1 DAGs
[2022-08-14 06:00:10,456] {logging_mixin.py:115} INFO - [2022-08-14 06:00:10,455] {dag.py:2972} INFO - Setting next_dagrun for example_task_group to 2022-08-13T06:00:10.455201+00:00, run_after=2022-08-14T06:00:10.455201+00:00
[2022-08-14 06:00:10,489] {processor.py:161} INFO - Processing /home/airflow/.local/lib/python3.7/site-packages/airflow/example_dags/example_task_group.py took 0.435 seconds
[2022-08-14 06:00:41,020] {processor.py:153} INFO - Started process (PID=318) to work on /home/airflow/.local/lib/python3.7/site-packages/airflow/example_dags/example_task_group.py
[2022-08-14 06:00:41,024] {processor.py:641} INFO - Processing file /home/airflow/.local/lib/python3.7/site-packages/airflow/example_dags/example_task_group.py for tasks to queue
[2022-08-14 06:00:41,034] {logging_mixin.py:115} INFO - [2022-08-14 06:00:41,034] {dagbag.py:508} INFO - Filling up the DagBag from /home/airflow/.local/lib/python3.7/site-packages/airflow/example_dags/example_task_group.py
[2022-08-14 06:00:41,102] {processor.py:651} INFO - DAG(s) dict_keys(['example_task_group']) retrieved from /home/airflow/.local/lib/python3.7/site-packages/airflow/example_dags/example_task_group.py
[2022-08-14 06:00:41,320] {logging_mixin.py:115} INFO - [2022-08-14 06:00:41,319] {dag.py:2420} INFO - Sync 1 DAGs
[2022-08-14 06:00:41,478] {logging_mixin.py:115} INFO - [2022-08-14 06:00:41,478] {dag.py:2972} INFO - Setting next_dagrun for example_task_group to 2022-08-13T06:00:41.477791+00:00, run_after=2022-08-14T06:00:41.477791+00:00
[2022-08-14 06:00:41,547] {processor.py:161} INFO - Processing /home/airflow/.local/lib/python3.7/site-packages/airflow/example_dags/example_task_group.py took 0.577 seconds
[2022-08-14 06:01:12,056] {processor.py:153} INFO - Started process (PID=368) to work on /home/airflow/.local/lib/python3.7/site-packages/airflow/example_dags/example_task_group.py
[2022-08-14 06:01:12,064] {processor.py:641} INFO - Processing file /home/airflow/.local/lib/python3.7/site-packages/airflow/example_dags/example_task_group.py for tasks to queue
[2022-08-14 06:01:12,067] {logging_mixin.py:115} INFO - [2022-08-14 06:01:12,066] {dagbag.py:508} INFO - Filling up the DagBag from /home/airflow/.local/lib/python3.7/site-packages/airflow/example_dags/example_task_group.py
[2022-08-14 06:01:12,103] {processor.py:651} INFO - DAG(s) dict_keys(['example_task_group']) retrieved from /home/airflow/.local/lib/python3.7/site-packages/airflow/example_dags/example_task_group.py
[2022-08-14 06:01:12,186] {logging_mixin.py:115} INFO - [2022-08-14 06:01:12,186] {dag.py:2420} INFO - Sync 1 DAGs
[2022-08-14 06:01:12,283] {logging_mixin.py:115} INFO - [2022-08-14 06:01:12,277] {dag.py:2972} INFO - Setting next_dagrun for example_task_group to 2022-08-13T06:01:12.277349+00:00, run_after=2022-08-14T06:01:12.277349+00:00
[2022-08-14 06:01:12,471] {processor.py:161} INFO - Processing /home/airflow/.local/lib/python3.7/site-packages/airflow/example_dags/example_task_group.py took 0.426 seconds
[2022-08-14 06:01:43,650] {processor.py:153} INFO - Started process (PID=423) to work on /home/airflow/.local/lib/python3.7/site-packages/airflow/example_dags/example_task_group.py
[2022-08-14 06:01:43,661] {processor.py:641} INFO - Processing file /home/airflow/.local/lib/python3.7/site-packages/airflow/example_dags/example_task_group.py for tasks to queue
[2022-08-14 06:01:43,663] {logging_mixin.py:115} INFO - [2022-08-14 06:01:43,663] {dagbag.py:508} INFO - Filling up the DagBag from /home/airflow/.local/lib/python3.7/site-packages/airflow/example_dags/example_task_group.py
[2022-08-14 06:01:43,717] {processor.py:651} INFO - DAG(s) dict_keys(['example_task_group']) retrieved from /home/airflow/.local/lib/python3.7/site-packages/airflow/example_dags/example_task_group.py
[2022-08-14 06:01:43,931] {logging_mixin.py:115} INFO - [2022-08-14 06:01:43,931] {dag.py:2420} INFO - Sync 1 DAGs
[2022-08-14 06:01:44,012] {logging_mixin.py:115} INFO - [2022-08-14 06:01:44,012] {dag.py:2972} INFO - Setting next_dagrun for example_task_group to 2022-08-13T06:01:44.011642+00:00, run_after=2022-08-14T06:01:44.011642+00:00
[2022-08-14 06:01:44,070] {processor.py:161} INFO - Processing /home/airflow/.local/lib/python3.7/site-packages/airflow/example_dags/example_task_group.py took 0.434 seconds
[2022-08-14 06:02:14,737] {processor.py:153} INFO - Started process (PID=475) to work on /home/airflow/.local/lib/python3.7/site-packages/airflow/example_dags/example_task_group.py
[2022-08-14 06:02:14,739] {processor.py:641} INFO - Processing file /home/airflow/.local/lib/python3.7/site-packages/airflow/example_dags/example_task_group.py for tasks to queue
[2022-08-14 06:02:14,742] {logging_mixin.py:115} INFO - [2022-08-14 06:02:14,742] {dagbag.py:508} INFO - Filling up the DagBag from /home/airflow/.local/lib/python3.7/site-packages/airflow/example_dags/example_task_group.py
[2022-08-14 06:02:14,774] {processor.py:651} INFO - DAG(s) dict_keys(['example_task_group']) retrieved from /home/airflow/.local/lib/python3.7/site-packages/airflow/example_dags/example_task_group.py
[2022-08-14 06:02:14,972] {logging_mixin.py:115} INFO - [2022-08-14 06:02:14,971] {dag.py:2420} INFO - Sync 1 DAGs
[2022-08-14 06:02:15,100] {logging_mixin.py:115} INFO - [2022-08-14 06:02:15,100] {dag.py:2972} INFO - Setting next_dagrun for example_task_group to 2022-08-13T06:02:15.099579+00:00, run_after=2022-08-14T06:02:15.099579+00:00
[2022-08-14 06:02:15,163] {processor.py:161} INFO - Processing /home/airflow/.local/lib/python3.7/site-packages/airflow/example_dags/example_task_group.py took 0.443 seconds
[2022-08-14 06:02:57,169] {processor.py:153} INFO - Started process (PID=529) to work on /home/airflow/.local/lib/python3.7/site-packages/airflow/example_dags/example_task_group.py
[2022-08-14 06:02:57,181] {processor.py:641} INFO - Processing file /home/airflow/.local/lib/python3.7/site-packages/airflow/example_dags/example_task_group.py for tasks to queue
[2022-08-14 06:02:57,186] {logging_mixin.py:115} INFO - [2022-08-14 06:02:57,186] {dagbag.py:508} INFO - Filling up the DagBag from /home/airflow/.local/lib/python3.7/site-packages/airflow/example_dags/example_task_group.py
[2022-08-14 06:02:57,398] {processor.py:651} INFO - DAG(s) dict_keys(['example_task_group']) retrieved from /home/airflow/.local/lib/python3.7/site-packages/airflow/example_dags/example_task_group.py
[2022-08-14 06:02:57,728] {logging_mixin.py:115} INFO - [2022-08-14 06:02:57,727] {dag.py:2420} INFO - Sync 1 DAGs
[2022-08-14 06:02:58,129] {logging_mixin.py:115} INFO - [2022-08-14 06:02:58,129] {dag.py:2972} INFO - Setting next_dagrun for example_task_group to 2022-08-13T06:02:58.118459+00:00, run_after=2022-08-14T06:02:58.118459+00:00
[2022-08-14 06:02:58,339] {processor.py:161} INFO - Processing /home/airflow/.local/lib/python3.7/site-packages/airflow/example_dags/example_task_group.py took 1.257 seconds
[2022-08-14 06:04:01,505] {processor.py:153} INFO - Started process (PID=598) to work on /home/airflow/.local/lib/python3.7/site-packages/airflow/example_dags/example_task_group.py
[2022-08-14 06:04:01,521] {processor.py:641} INFO - Processing file /home/airflow/.local/lib/python3.7/site-packages/airflow/example_dags/example_task_group.py for tasks to queue
[2022-08-14 06:04:01,546] {logging_mixin.py:115} INFO - [2022-08-14 06:04:01,539] {dagbag.py:508} INFO - Filling up the DagBag from /home/airflow/.local/lib/python3.7/site-packages/airflow/example_dags/example_task_group.py
[2022-08-14 06:04:01,838] {processor.py:651} INFO - DAG(s) dict_keys(['example_task_group']) retrieved from /home/airflow/.local/lib/python3.7/site-packages/airflow/example_dags/example_task_group.py
[2022-08-14 06:04:02,554] {logging_mixin.py:115} INFO - [2022-08-14 06:04:02,554] {dag.py:2420} INFO - Sync 1 DAGs
[2022-08-14 06:04:03,338] {logging_mixin.py:115} INFO - [2022-08-14 06:04:03,338] {dag.py:2972} INFO - Setting next_dagrun for example_task_group to 2022-08-13T06:04:03.338140+00:00, run_after=2022-08-14T06:04:03.338140+00:00
[2022-08-14 06:04:03,538] {processor.py:161} INFO - Processing /home/airflow/.local/lib/python3.7/site-packages/airflow/example_dags/example_task_group.py took 2.088 seconds
[2022-08-14 06:04:44,229] {processor.py:153} INFO - Started process (PID=650) to work on /home/airflow/.local/lib/python3.7/site-packages/airflow/example_dags/example_task_group.py
[2022-08-14 06:04:44,232] {processor.py:641} INFO - Processing file /home/airflow/.local/lib/python3.7/site-packages/airflow/example_dags/example_task_group.py for tasks to queue
[2022-08-14 06:04:44,244] {logging_mixin.py:115} INFO - [2022-08-14 06:04:44,235] {dagbag.py:508} INFO - Filling up the DagBag from /home/airflow/.local/lib/python3.7/site-packages/airflow/example_dags/example_task_group.py
[2022-08-14 06:04:44,290] {processor.py:651} INFO - DAG(s) dict_keys(['example_task_group']) retrieved from /home/airflow/.local/lib/python3.7/site-packages/airflow/example_dags/example_task_group.py
[2022-08-14 06:04:44,542] {logging_mixin.py:115} INFO - [2022-08-14 06:04:44,542] {dag.py:2420} INFO - Sync 1 DAGs
[2022-08-14 06:04:44,654] {logging_mixin.py:115} INFO - [2022-08-14 06:04:44,654] {dag.py:2972} INFO - Setting next_dagrun for example_task_group to 2022-08-13T06:04:44.653913+00:00, run_after=2022-08-14T06:04:44.653913+00:00
[2022-08-14 06:04:44,707] {processor.py:161} INFO - Processing /home/airflow/.local/lib/python3.7/site-packages/airflow/example_dags/example_task_group.py took 0.488 seconds
[2022-08-14 06:05:20,890] {processor.py:153} INFO - Started process (PID=716) to work on /home/airflow/.local/lib/python3.7/site-packages/airflow/example_dags/example_task_group.py
[2022-08-14 06:05:20,894] {processor.py:641} INFO - Processing file /home/airflow/.local/lib/python3.7/site-packages/airflow/example_dags/example_task_group.py for tasks to queue
[2022-08-14 06:05:20,899] {logging_mixin.py:115} INFO - [2022-08-14 06:05:20,898] {dagbag.py:508} INFO - Filling up the DagBag from /home/airflow/.local/lib/python3.7/site-packages/airflow/example_dags/example_task_group.py
[2022-08-14 06:05:20,950] {processor.py:651} INFO - DAG(s) dict_keys(['example_task_group']) retrieved from /home/airflow/.local/lib/python3.7/site-packages/airflow/example_dags/example_task_group.py
[2022-08-14 06:05:21,061] {logging_mixin.py:115} INFO - [2022-08-14 06:05:21,061] {dag.py:2420} INFO - Sync 1 DAGs
[2022-08-14 06:05:21,153] {logging_mixin.py:115} INFO - [2022-08-14 06:05:21,153] {dag.py:2972} INFO - Setting next_dagrun for example_task_group to 2022-08-13T06:05:21.152944+00:00, run_after=2022-08-14T06:05:21.152944+00:00
[2022-08-14 06:05:21,190] {processor.py:161} INFO - Processing /home/airflow/.local/lib/python3.7/site-packages/airflow/example_dags/example_task_group.py took 0.317 seconds
[2022-08-14 06:05:51,961] {processor.py:153} INFO - Started process (PID=771) to work on /home/airflow/.local/lib/python3.7/site-packages/airflow/example_dags/example_task_group.py
[2022-08-14 06:05:51,964] {processor.py:641} INFO - Processing file /home/airflow/.local/lib/python3.7/site-packages/airflow/example_dags/example_task_group.py for tasks to queue
[2022-08-14 06:05:51,967] {logging_mixin.py:115} INFO - [2022-08-14 06:05:51,966] {dagbag.py:508} INFO - Filling up the DagBag from /home/airflow/.local/lib/python3.7/site-packages/airflow/example_dags/example_task_group.py
[2022-08-14 06:05:51,991] {processor.py:651} INFO - DAG(s) dict_keys(['example_task_group']) retrieved from /home/airflow/.local/lib/python3.7/site-packages/airflow/example_dags/example_task_group.py
[2022-08-14 06:05:52,076] {logging_mixin.py:115} INFO - [2022-08-14 06:05:52,076] {dag.py:2420} INFO - Sync 1 DAGs
[2022-08-14 06:05:52,171] {logging_mixin.py:115} INFO - [2022-08-14 06:05:52,171] {dag.py:2972} INFO - Setting next_dagrun for example_task_group to 2022-08-13T06:05:52.171211+00:00, run_after=2022-08-14T06:05:52.171211+00:00
[2022-08-14 06:05:52,323] {processor.py:161} INFO - Processing /home/airflow/.local/lib/python3.7/site-packages/airflow/example_dags/example_task_group.py took 0.397 seconds
[2022-08-14 06:06:23,070] {processor.py:153} INFO - Started process (PID=823) to work on /home/airflow/.local/lib/python3.7/site-packages/airflow/example_dags/example_task_group.py
[2022-08-14 06:06:23,072] {processor.py:641} INFO - Processing file /home/airflow/.local/lib/python3.7/site-packages/airflow/example_dags/example_task_group.py for tasks to queue
[2022-08-14 06:06:23,075] {logging_mixin.py:115} INFO - [2022-08-14 06:06:23,074] {dagbag.py:508} INFO - Filling up the DagBag from /home/airflow/.local/lib/python3.7/site-packages/airflow/example_dags/example_task_group.py
[2022-08-14 06:06:23,092] {processor.py:651} INFO - DAG(s) dict_keys(['example_task_group']) retrieved from /home/airflow/.local/lib/python3.7/site-packages/airflow/example_dags/example_task_group.py
[2022-08-14 06:06:23,151] {logging_mixin.py:115} INFO - [2022-08-14 06:06:23,151] {dag.py:2420} INFO - Sync 1 DAGs
[2022-08-14 06:06:23,244] {logging_mixin.py:115} INFO - [2022-08-14 06:06:23,244] {dag.py:2972} INFO - Setting next_dagrun for example_task_group to 2022-08-13T06:06:23.244025+00:00, run_after=2022-08-14T06:06:23.244025+00:00
[2022-08-14 06:06:23,297] {processor.py:161} INFO - Processing /home/airflow/.local/lib/python3.7/site-packages/airflow/example_dags/example_task_group.py took 0.235 seconds
[2022-08-14 06:06:54,138] {processor.py:153} INFO - Started process (PID=876) to work on /home/airflow/.local/lib/python3.7/site-packages/airflow/example_dags/example_task_group.py
[2022-08-14 06:06:54,140] {processor.py:641} INFO - Processing file /home/airflow/.local/lib/python3.7/site-packages/airflow/example_dags/example_task_group.py for tasks to queue
[2022-08-14 06:06:54,142] {logging_mixin.py:115} INFO - [2022-08-14 06:06:54,142] {dagbag.py:508} INFO - Filling up the DagBag from /home/airflow/.local/lib/python3.7/site-packages/airflow/example_dags/example_task_group.py
[2022-08-14 06:06:54,219] {processor.py:651} INFO - DAG(s) dict_keys(['example_task_group']) retrieved from /home/airflow/.local/lib/python3.7/site-packages/airflow/example_dags/example_task_group.py
[2022-08-14 06:06:54,370] {logging_mixin.py:115} INFO - [2022-08-14 06:06:54,369] {dag.py:2420} INFO - Sync 1 DAGs
[2022-08-14 06:06:54,471] {logging_mixin.py:115} INFO - [2022-08-14 06:06:54,470] {dag.py:2972} INFO - Setting next_dagrun for example_task_group to 2022-08-13T06:06:54.470394+00:00, run_after=2022-08-14T06:06:54.470394+00:00
[2022-08-14 06:06:54,520] {processor.py:161} INFO - Processing /home/airflow/.local/lib/python3.7/site-packages/airflow/example_dags/example_task_group.py took 0.406 seconds
[2022-08-14 06:07:25,989] {processor.py:153} INFO - Started process (PID=928) to work on /home/airflow/.local/lib/python3.7/site-packages/airflow/example_dags/example_task_group.py
[2022-08-14 06:07:25,991] {processor.py:641} INFO - Processing file /home/airflow/.local/lib/python3.7/site-packages/airflow/example_dags/example_task_group.py for tasks to queue
[2022-08-14 06:07:25,995] {logging_mixin.py:115} INFO - [2022-08-14 06:07:25,994] {dagbag.py:508} INFO - Filling up the DagBag from /home/airflow/.local/lib/python3.7/site-packages/airflow/example_dags/example_task_group.py
[2022-08-14 06:07:26,033] {processor.py:651} INFO - DAG(s) dict_keys(['example_task_group']) retrieved from /home/airflow/.local/lib/python3.7/site-packages/airflow/example_dags/example_task_group.py
[2022-08-14 06:07:26,108] {logging_mixin.py:115} INFO - [2022-08-14 06:07:26,107] {dag.py:2420} INFO - Sync 1 DAGs
[2022-08-14 06:07:26,173] {logging_mixin.py:115} INFO - [2022-08-14 06:07:26,173] {dag.py:2972} INFO - Setting next_dagrun for example_task_group to 2022-08-13T06:07:26.172591+00:00, run_after=2022-08-14T06:07:26.172591+00:00
[2022-08-14 06:07:26,207] {processor.py:161} INFO - Processing /home/airflow/.local/lib/python3.7/site-packages/airflow/example_dags/example_task_group.py took 0.242 seconds
[2022-08-14 06:07:56,548] {processor.py:153} INFO - Started process (PID=981) to work on /home/airflow/.local/lib/python3.7/site-packages/airflow/example_dags/example_task_group.py
[2022-08-14 06:07:56,549] {processor.py:641} INFO - Processing file /home/airflow/.local/lib/python3.7/site-packages/airflow/example_dags/example_task_group.py for tasks to queue
[2022-08-14 06:07:56,551] {logging_mixin.py:115} INFO - [2022-08-14 06:07:56,551] {dagbag.py:508} INFO - Filling up the DagBag from /home/airflow/.local/lib/python3.7/site-packages/airflow/example_dags/example_task_group.py
[2022-08-14 06:07:56,571] {processor.py:651} INFO - DAG(s) dict_keys(['example_task_group']) retrieved from /home/airflow/.local/lib/python3.7/site-packages/airflow/example_dags/example_task_group.py
[2022-08-14 06:07:56,620] {logging_mixin.py:115} INFO - [2022-08-14 06:07:56,620] {dag.py:2420} INFO - Sync 1 DAGs
[2022-08-14 06:07:56,661] {logging_mixin.py:115} INFO - [2022-08-14 06:07:56,661] {dag.py:2972} INFO - Setting next_dagrun for example_task_group to 2022-08-13T06:07:56.660676+00:00, run_after=2022-08-14T06:07:56.660676+00:00
[2022-08-14 06:07:56,691] {processor.py:161} INFO - Processing /home/airflow/.local/lib/python3.7/site-packages/airflow/example_dags/example_task_group.py took 0.150 seconds
[2022-08-14 06:08:28,721] {processor.py:153} INFO - Started process (PID=1032) to work on /home/airflow/.local/lib/python3.7/site-packages/airflow/example_dags/example_task_group.py
[2022-08-14 06:08:28,723] {processor.py:641} INFO - Processing file /home/airflow/.local/lib/python3.7/site-packages/airflow/example_dags/example_task_group.py for tasks to queue
[2022-08-14 06:08:28,726] {logging_mixin.py:115} INFO - [2022-08-14 06:08:28,726] {dagbag.py:508} INFO - Filling up the DagBag from /home/airflow/.local/lib/python3.7/site-packages/airflow/example_dags/example_task_group.py
[2022-08-14 06:08:28,744] {processor.py:651} INFO - DAG(s) dict_keys(['example_task_group']) retrieved from /home/airflow/.local/lib/python3.7/site-packages/airflow/example_dags/example_task_group.py
[2022-08-14 06:08:28,802] {logging_mixin.py:115} INFO - [2022-08-14 06:08:28,802] {dag.py:2420} INFO - Sync 1 DAGs
[2022-08-14 06:08:28,886] {logging_mixin.py:115} INFO - [2022-08-14 06:08:28,885] {dag.py:2972} INFO - Setting next_dagrun for example_task_group to 2022-08-13T06:08:28.885433+00:00, run_after=2022-08-14T06:08:28.885433+00:00
[2022-08-14 06:08:28,935] {processor.py:161} INFO - Processing /home/airflow/.local/lib/python3.7/site-packages/airflow/example_dags/example_task_group.py took 0.226 seconds
[2022-08-14 06:08:59,239] {processor.py:153} INFO - Started process (PID=1090) to work on /home/airflow/.local/lib/python3.7/site-packages/airflow/example_dags/example_task_group.py
[2022-08-14 06:08:59,248] {processor.py:641} INFO - Processing file /home/airflow/.local/lib/python3.7/site-packages/airflow/example_dags/example_task_group.py for tasks to queue
[2022-08-14 06:08:59,251] {logging_mixin.py:115} INFO - [2022-08-14 06:08:59,251] {dagbag.py:508} INFO - Filling up the DagBag from /home/airflow/.local/lib/python3.7/site-packages/airflow/example_dags/example_task_group.py
[2022-08-14 06:08:59,288] {processor.py:651} INFO - DAG(s) dict_keys(['example_task_group']) retrieved from /home/airflow/.local/lib/python3.7/site-packages/airflow/example_dags/example_task_group.py
[2022-08-14 06:08:59,402] {logging_mixin.py:115} INFO - [2022-08-14 06:08:59,401] {dag.py:2420} INFO - Sync 1 DAGs
[2022-08-14 06:08:59,480] {logging_mixin.py:115} INFO - [2022-08-14 06:08:59,479] {dag.py:2972} INFO - Setting next_dagrun for example_task_group to 2022-08-13T06:08:59.478674+00:00, run_after=2022-08-14T06:08:59.478674+00:00
[2022-08-14 06:08:59,532] {processor.py:161} INFO - Processing /home/airflow/.local/lib/python3.7/site-packages/airflow/example_dags/example_task_group.py took 0.306 seconds
[2022-08-14 06:09:29,943] {processor.py:153} INFO - Started process (PID=1144) to work on /home/airflow/.local/lib/python3.7/site-packages/airflow/example_dags/example_task_group.py
[2022-08-14 06:09:29,945] {processor.py:641} INFO - Processing file /home/airflow/.local/lib/python3.7/site-packages/airflow/example_dags/example_task_group.py for tasks to queue
[2022-08-14 06:09:29,956] {logging_mixin.py:115} INFO - [2022-08-14 06:09:29,956] {dagbag.py:508} INFO - Filling up the DagBag from /home/airflow/.local/lib/python3.7/site-packages/airflow/example_dags/example_task_group.py
[2022-08-14 06:09:29,982] {processor.py:651} INFO - DAG(s) dict_keys(['example_task_group']) retrieved from /home/airflow/.local/lib/python3.7/site-packages/airflow/example_dags/example_task_group.py
[2022-08-14 06:09:30,112] {logging_mixin.py:115} INFO - [2022-08-14 06:09:30,111] {dag.py:2420} INFO - Sync 1 DAGs
[2022-08-14 06:09:30,333] {logging_mixin.py:115} INFO - [2022-08-14 06:09:30,332] {dag.py:2972} INFO - Setting next_dagrun for example_task_group to 2022-08-13T06:09:30.332357+00:00, run_after=2022-08-14T06:09:30.332357+00:00
[2022-08-14 06:09:30,406] {processor.py:161} INFO - Processing /home/airflow/.local/lib/python3.7/site-packages/airflow/example_dags/example_task_group.py took 0.473 seconds
[2022-08-14 06:10:01,027] {processor.py:153} INFO - Started process (PID=1207) to work on /home/airflow/.local/lib/python3.7/site-packages/airflow/example_dags/example_task_group.py
[2022-08-14 06:10:01,029] {processor.py:641} INFO - Processing file /home/airflow/.local/lib/python3.7/site-packages/airflow/example_dags/example_task_group.py for tasks to queue
[2022-08-14 06:10:01,031] {logging_mixin.py:115} INFO - [2022-08-14 06:10:01,030] {dagbag.py:508} INFO - Filling up the DagBag from /home/airflow/.local/lib/python3.7/site-packages/airflow/example_dags/example_task_group.py
[2022-08-14 06:10:01,059] {processor.py:651} INFO - DAG(s) dict_keys(['example_task_group']) retrieved from /home/airflow/.local/lib/python3.7/site-packages/airflow/example_dags/example_task_group.py
[2022-08-14 06:10:01,118] {logging_mixin.py:115} INFO - [2022-08-14 06:10:01,118] {dag.py:2420} INFO - Sync 1 DAGs
[2022-08-14 06:10:01,177] {logging_mixin.py:115} INFO - [2022-08-14 06:10:01,177] {dag.py:2972} INFO - Setting next_dagrun for example_task_group to 2022-08-13T06:10:01.176830+00:00, run_after=2022-08-14T06:10:01.176830+00:00
[2022-08-14 06:10:01,240] {processor.py:161} INFO - Processing /home/airflow/.local/lib/python3.7/site-packages/airflow/example_dags/example_task_group.py took 0.223 seconds
[2022-08-14 06:10:31,810] {processor.py:153} INFO - Started process (PID=1260) to work on /home/airflow/.local/lib/python3.7/site-packages/airflow/example_dags/example_task_group.py
[2022-08-14 06:10:31,812] {processor.py:641} INFO - Processing file /home/airflow/.local/lib/python3.7/site-packages/airflow/example_dags/example_task_group.py for tasks to queue
[2022-08-14 06:10:31,814] {logging_mixin.py:115} INFO - [2022-08-14 06:10:31,813] {dagbag.py:508} INFO - Filling up the DagBag from /home/airflow/.local/lib/python3.7/site-packages/airflow/example_dags/example_task_group.py
[2022-08-14 06:10:31,838] {processor.py:651} INFO - DAG(s) dict_keys(['example_task_group']) retrieved from /home/airflow/.local/lib/python3.7/site-packages/airflow/example_dags/example_task_group.py
[2022-08-14 06:10:31,894] {logging_mixin.py:115} INFO - [2022-08-14 06:10:31,893] {dag.py:2420} INFO - Sync 1 DAGs
[2022-08-14 06:10:31,933] {logging_mixin.py:115} INFO - [2022-08-14 06:10:31,933] {dag.py:2972} INFO - Setting next_dagrun for example_task_group to 2022-08-13T06:10:31.933134+00:00, run_after=2022-08-14T06:10:31.933134+00:00
[2022-08-14 06:10:31,956] {processor.py:161} INFO - Processing /home/airflow/.local/lib/python3.7/site-packages/airflow/example_dags/example_task_group.py took 0.155 seconds
[2022-08-14 06:11:03,522] {processor.py:153} INFO - Started process (PID=1314) to work on /home/airflow/.local/lib/python3.7/site-packages/airflow/example_dags/example_task_group.py
[2022-08-14 06:11:03,526] {processor.py:641} INFO - Processing file /home/airflow/.local/lib/python3.7/site-packages/airflow/example_dags/example_task_group.py for tasks to queue
[2022-08-14 06:11:03,530] {logging_mixin.py:115} INFO - [2022-08-14 06:11:03,529] {dagbag.py:508} INFO - Filling up the DagBag from /home/airflow/.local/lib/python3.7/site-packages/airflow/example_dags/example_task_group.py
[2022-08-14 06:11:03,636] {processor.py:651} INFO - DAG(s) dict_keys(['example_task_group']) retrieved from /home/airflow/.local/lib/python3.7/site-packages/airflow/example_dags/example_task_group.py
[2022-08-14 06:11:03,735] {logging_mixin.py:115} INFO - [2022-08-14 06:11:03,735] {dag.py:2420} INFO - Sync 1 DAGs
[2022-08-14 06:11:03,878] {logging_mixin.py:115} INFO - [2022-08-14 06:11:03,878] {dag.py:2972} INFO - Setting next_dagrun for example_task_group to 2022-08-13T06:11:03.877666+00:00, run_after=2022-08-14T06:11:03.877666+00:00
[2022-08-14 06:11:03,966] {processor.py:161} INFO - Processing /home/airflow/.local/lib/python3.7/site-packages/airflow/example_dags/example_task_group.py took 0.460 seconds
[2022-08-14 06:11:35,473] {processor.py:153} INFO - Started process (PID=1380) to work on /home/airflow/.local/lib/python3.7/site-packages/airflow/example_dags/example_task_group.py
[2022-08-14 06:11:35,478] {processor.py:641} INFO - Processing file /home/airflow/.local/lib/python3.7/site-packages/airflow/example_dags/example_task_group.py for tasks to queue
[2022-08-14 06:11:35,482] {logging_mixin.py:115} INFO - [2022-08-14 06:11:35,482] {dagbag.py:508} INFO - Filling up the DagBag from /home/airflow/.local/lib/python3.7/site-packages/airflow/example_dags/example_task_group.py
[2022-08-14 06:11:35,534] {processor.py:651} INFO - DAG(s) dict_keys(['example_task_group']) retrieved from /home/airflow/.local/lib/python3.7/site-packages/airflow/example_dags/example_task_group.py
[2022-08-14 06:11:35,635] {logging_mixin.py:115} INFO - [2022-08-14 06:11:35,635] {dag.py:2420} INFO - Sync 1 DAGs
[2022-08-14 06:11:35,766] {logging_mixin.py:115} INFO - [2022-08-14 06:11:35,765] {dag.py:2972} INFO - Setting next_dagrun for example_task_group to 2022-08-13T06:11:35.764899+00:00, run_after=2022-08-14T06:11:35.764899+00:00
[2022-08-14 06:11:35,821] {processor.py:161} INFO - Processing /home/airflow/.local/lib/python3.7/site-packages/airflow/example_dags/example_task_group.py took 0.363 seconds
[2022-08-14 06:12:06,210] {processor.py:153} INFO - Started process (PID=1436) to work on /home/airflow/.local/lib/python3.7/site-packages/airflow/example_dags/example_task_group.py
[2022-08-14 06:12:06,212] {processor.py:641} INFO - Processing file /home/airflow/.local/lib/python3.7/site-packages/airflow/example_dags/example_task_group.py for tasks to queue
[2022-08-14 06:12:06,214] {logging_mixin.py:115} INFO - [2022-08-14 06:12:06,214] {dagbag.py:508} INFO - Filling up the DagBag from /home/airflow/.local/lib/python3.7/site-packages/airflow/example_dags/example_task_group.py
[2022-08-14 06:12:06,232] {processor.py:651} INFO - DAG(s) dict_keys(['example_task_group']) retrieved from /home/airflow/.local/lib/python3.7/site-packages/airflow/example_dags/example_task_group.py
[2022-08-14 06:12:06,301] {logging_mixin.py:115} INFO - [2022-08-14 06:12:06,301] {dag.py:2420} INFO - Sync 1 DAGs
[2022-08-14 06:12:06,351] {logging_mixin.py:115} INFO - [2022-08-14 06:12:06,350] {dag.py:2972} INFO - Setting next_dagrun for example_task_group to 2022-08-13T06:12:06.350535+00:00, run_after=2022-08-14T06:12:06.350535+00:00
[2022-08-14 06:12:06,381] {processor.py:161} INFO - Processing /home/airflow/.local/lib/python3.7/site-packages/airflow/example_dags/example_task_group.py took 0.178 seconds
[2022-08-14 06:12:37,744] {processor.py:153} INFO - Started process (PID=1498) to work on /home/airflow/.local/lib/python3.7/site-packages/airflow/example_dags/example_task_group.py
[2022-08-14 06:12:37,746] {processor.py:641} INFO - Processing file /home/airflow/.local/lib/python3.7/site-packages/airflow/example_dags/example_task_group.py for tasks to queue
[2022-08-14 06:12:37,748] {logging_mixin.py:115} INFO - [2022-08-14 06:12:37,747] {dagbag.py:508} INFO - Filling up the DagBag from /home/airflow/.local/lib/python3.7/site-packages/airflow/example_dags/example_task_group.py
[2022-08-14 06:12:37,818] {processor.py:651} INFO - DAG(s) dict_keys(['example_task_group']) retrieved from /home/airflow/.local/lib/python3.7/site-packages/airflow/example_dags/example_task_group.py
[2022-08-14 06:12:37,916] {logging_mixin.py:115} INFO - [2022-08-14 06:12:37,915] {dag.py:2420} INFO - Sync 1 DAGs
[2022-08-14 06:12:38,012] {logging_mixin.py:115} INFO - [2022-08-14 06:12:38,011] {dag.py:2972} INFO - Setting next_dagrun for example_task_group to 2022-08-13T06:12:38.011359+00:00, run_after=2022-08-14T06:12:38.011359+00:00
[2022-08-14 06:12:38,058] {processor.py:161} INFO - Processing /home/airflow/.local/lib/python3.7/site-packages/airflow/example_dags/example_task_group.py took 0.342 seconds
[2022-08-14 06:13:08,512] {processor.py:153} INFO - Started process (PID=1554) to work on /home/airflow/.local/lib/python3.7/site-packages/airflow/example_dags/example_task_group.py
[2022-08-14 06:13:08,514] {processor.py:641} INFO - Processing file /home/airflow/.local/lib/python3.7/site-packages/airflow/example_dags/example_task_group.py for tasks to queue
[2022-08-14 06:13:08,529] {logging_mixin.py:115} INFO - [2022-08-14 06:13:08,529] {dagbag.py:508} INFO - Filling up the DagBag from /home/airflow/.local/lib/python3.7/site-packages/airflow/example_dags/example_task_group.py
[2022-08-14 06:13:08,548] {processor.py:651} INFO - DAG(s) dict_keys(['example_task_group']) retrieved from /home/airflow/.local/lib/python3.7/site-packages/airflow/example_dags/example_task_group.py
[2022-08-14 06:13:08,605] {logging_mixin.py:115} INFO - [2022-08-14 06:13:08,605] {dag.py:2420} INFO - Sync 1 DAGs
[2022-08-14 06:13:08,651] {logging_mixin.py:115} INFO - [2022-08-14 06:13:08,650] {dag.py:2972} INFO - Setting next_dagrun for example_task_group to 2022-08-13T06:13:08.650195+00:00, run_after=2022-08-14T06:13:08.650195+00:00
[2022-08-14 06:13:08,678] {processor.py:161} INFO - Processing /home/airflow/.local/lib/python3.7/site-packages/airflow/example_dags/example_task_group.py took 0.171 seconds
[2022-08-14 06:13:39,087] {processor.py:153} INFO - Started process (PID=1608) to work on /home/airflow/.local/lib/python3.7/site-packages/airflow/example_dags/example_task_group.py
[2022-08-14 06:13:39,090] {processor.py:641} INFO - Processing file /home/airflow/.local/lib/python3.7/site-packages/airflow/example_dags/example_task_group.py for tasks to queue
[2022-08-14 06:13:39,092] {logging_mixin.py:115} INFO - [2022-08-14 06:13:39,092] {dagbag.py:508} INFO - Filling up the DagBag from /home/airflow/.local/lib/python3.7/site-packages/airflow/example_dags/example_task_group.py
[2022-08-14 06:13:39,112] {processor.py:651} INFO - DAG(s) dict_keys(['example_task_group']) retrieved from /home/airflow/.local/lib/python3.7/site-packages/airflow/example_dags/example_task_group.py
[2022-08-14 06:13:39,177] {logging_mixin.py:115} INFO - [2022-08-14 06:13:39,177] {dag.py:2420} INFO - Sync 1 DAGs
[2022-08-14 06:13:39,223] {logging_mixin.py:115} INFO - [2022-08-14 06:13:39,223] {dag.py:2972} INFO - Setting next_dagrun for example_task_group to 2022-08-13T06:13:39.222838+00:00, run_after=2022-08-14T06:13:39.222838+00:00
[2022-08-14 06:13:39,246] {processor.py:161} INFO - Processing /home/airflow/.local/lib/python3.7/site-packages/airflow/example_dags/example_task_group.py took 0.168 seconds
[2022-08-14 06:14:10,032] {processor.py:153} INFO - Started process (PID=1662) to work on /home/airflow/.local/lib/python3.7/site-packages/airflow/example_dags/example_task_group.py
[2022-08-14 06:14:10,034] {processor.py:641} INFO - Processing file /home/airflow/.local/lib/python3.7/site-packages/airflow/example_dags/example_task_group.py for tasks to queue
[2022-08-14 06:14:10,036] {logging_mixin.py:115} INFO - [2022-08-14 06:14:10,036] {dagbag.py:508} INFO - Filling up the DagBag from /home/airflow/.local/lib/python3.7/site-packages/airflow/example_dags/example_task_group.py
[2022-08-14 06:14:10,064] {processor.py:651} INFO - DAG(s) dict_keys(['example_task_group']) retrieved from /home/airflow/.local/lib/python3.7/site-packages/airflow/example_dags/example_task_group.py
[2022-08-14 06:14:10,114] {logging_mixin.py:115} INFO - [2022-08-14 06:14:10,114] {dag.py:2420} INFO - Sync 1 DAGs
[2022-08-14 06:14:10,162] {logging_mixin.py:115} INFO - [2022-08-14 06:14:10,162] {dag.py:2972} INFO - Setting next_dagrun for example_task_group to 2022-08-13T06:14:10.162050+00:00, run_after=2022-08-14T06:14:10.162050+00:00
[2022-08-14 06:14:10,199] {processor.py:161} INFO - Processing /home/airflow/.local/lib/python3.7/site-packages/airflow/example_dags/example_task_group.py took 0.174 seconds
[2022-08-14 06:14:40,654] {processor.py:153} INFO - Started process (PID=1717) to work on /home/airflow/.local/lib/python3.7/site-packages/airflow/example_dags/example_task_group.py
[2022-08-14 06:14:40,656] {processor.py:641} INFO - Processing file /home/airflow/.local/lib/python3.7/site-packages/airflow/example_dags/example_task_group.py for tasks to queue
[2022-08-14 06:14:40,658] {logging_mixin.py:115} INFO - [2022-08-14 06:14:40,658] {dagbag.py:508} INFO - Filling up the DagBag from /home/airflow/.local/lib/python3.7/site-packages/airflow/example_dags/example_task_group.py
[2022-08-14 06:14:40,701] {processor.py:651} INFO - DAG(s) dict_keys(['example_task_group']) retrieved from /home/airflow/.local/lib/python3.7/site-packages/airflow/example_dags/example_task_group.py
[2022-08-14 06:14:40,843] {logging_mixin.py:115} INFO - [2022-08-14 06:14:40,843] {dag.py:2420} INFO - Sync 1 DAGs
[2022-08-14 06:14:40,915] {logging_mixin.py:115} INFO - [2022-08-14 06:14:40,915] {dag.py:2972} INFO - Setting next_dagrun for example_task_group to 2022-08-13T06:14:40.914786+00:00, run_after=2022-08-14T06:14:40.914786+00:00
[2022-08-14 06:14:41,018] {processor.py:161} INFO - Processing /home/airflow/.local/lib/python3.7/site-packages/airflow/example_dags/example_task_group.py took 0.390 seconds
[2022-08-14 06:15:11,655] {processor.py:153} INFO - Started process (PID=1777) to work on /home/airflow/.local/lib/python3.7/site-packages/airflow/example_dags/example_task_group.py
[2022-08-14 06:15:11,668] {processor.py:641} INFO - Processing file /home/airflow/.local/lib/python3.7/site-packages/airflow/example_dags/example_task_group.py for tasks to queue
[2022-08-14 06:15:11,670] {logging_mixin.py:115} INFO - [2022-08-14 06:15:11,670] {dagbag.py:508} INFO - Filling up the DagBag from /home/airflow/.local/lib/python3.7/site-packages/airflow/example_dags/example_task_group.py
[2022-08-14 06:15:11,704] {processor.py:651} INFO - DAG(s) dict_keys(['example_task_group']) retrieved from /home/airflow/.local/lib/python3.7/site-packages/airflow/example_dags/example_task_group.py
[2022-08-14 06:15:11,813] {logging_mixin.py:115} INFO - [2022-08-14 06:15:11,813] {dag.py:2420} INFO - Sync 1 DAGs
[2022-08-14 06:15:11,874] {logging_mixin.py:115} INFO - [2022-08-14 06:15:11,874] {dag.py:2972} INFO - Setting next_dagrun for example_task_group to 2022-08-13T06:15:11.871675+00:00, run_after=2022-08-14T06:15:11.871675+00:00
[2022-08-14 06:15:11,921] {processor.py:161} INFO - Processing /home/airflow/.local/lib/python3.7/site-packages/airflow/example_dags/example_task_group.py took 0.303 seconds
[2022-08-14 06:15:42,747] {processor.py:153} INFO - Started process (PID=1833) to work on /home/airflow/.local/lib/python3.7/site-packages/airflow/example_dags/example_task_group.py
[2022-08-14 06:15:42,750] {processor.py:641} INFO - Processing file /home/airflow/.local/lib/python3.7/site-packages/airflow/example_dags/example_task_group.py for tasks to queue
[2022-08-14 06:15:42,758] {logging_mixin.py:115} INFO - [2022-08-14 06:15:42,758] {dagbag.py:508} INFO - Filling up the DagBag from /home/airflow/.local/lib/python3.7/site-packages/airflow/example_dags/example_task_group.py
[2022-08-14 06:15:42,794] {processor.py:651} INFO - DAG(s) dict_keys(['example_task_group']) retrieved from /home/airflow/.local/lib/python3.7/site-packages/airflow/example_dags/example_task_group.py
[2022-08-14 06:15:42,865] {logging_mixin.py:115} INFO - [2022-08-14 06:15:42,865] {dag.py:2420} INFO - Sync 1 DAGs
[2022-08-14 06:15:42,917] {logging_mixin.py:115} INFO - [2022-08-14 06:15:42,916] {dag.py:2972} INFO - Setting next_dagrun for example_task_group to 2022-08-13T06:15:42.916492+00:00, run_after=2022-08-14T06:15:42.916492+00:00
[2022-08-14 06:15:42,951] {processor.py:161} INFO - Processing /home/airflow/.local/lib/python3.7/site-packages/airflow/example_dags/example_task_group.py took 0.233 seconds
[2022-08-14 06:16:14,271] {processor.py:153} INFO - Started process (PID=1886) to work on /home/airflow/.local/lib/python3.7/site-packages/airflow/example_dags/example_task_group.py
[2022-08-14 06:16:14,274] {processor.py:641} INFO - Processing file /home/airflow/.local/lib/python3.7/site-packages/airflow/example_dags/example_task_group.py for tasks to queue
[2022-08-14 06:16:14,276] {logging_mixin.py:115} INFO - [2022-08-14 06:16:14,276] {dagbag.py:508} INFO - Filling up the DagBag from /home/airflow/.local/lib/python3.7/site-packages/airflow/example_dags/example_task_group.py
[2022-08-14 06:16:14,297] {processor.py:651} INFO - DAG(s) dict_keys(['example_task_group']) retrieved from /home/airflow/.local/lib/python3.7/site-packages/airflow/example_dags/example_task_group.py
[2022-08-14 06:16:14,372] {logging_mixin.py:115} INFO - [2022-08-14 06:16:14,372] {dag.py:2420} INFO - Sync 1 DAGs
[2022-08-14 06:16:14,438] {logging_mixin.py:115} INFO - [2022-08-14 06:16:14,438] {dag.py:2972} INFO - Setting next_dagrun for example_task_group to 2022-08-13T06:16:14.437789+00:00, run_after=2022-08-14T06:16:14.437789+00:00
[2022-08-14 06:16:14,474] {processor.py:161} INFO - Processing /home/airflow/.local/lib/python3.7/site-packages/airflow/example_dags/example_task_group.py took 0.214 seconds
[2022-08-14 06:16:46,612] {processor.py:153} INFO - Started process (PID=1931) to work on /home/airflow/.local/lib/python3.7/site-packages/airflow/example_dags/example_task_group.py
[2022-08-14 06:16:46,627] {processor.py:641} INFO - Processing file /home/airflow/.local/lib/python3.7/site-packages/airflow/example_dags/example_task_group.py for tasks to queue
[2022-08-14 06:16:46,641] {logging_mixin.py:115} INFO - [2022-08-14 06:16:46,633] {dagbag.py:508} INFO - Filling up the DagBag from /home/airflow/.local/lib/python3.7/site-packages/airflow/example_dags/example_task_group.py
[2022-08-14 06:16:46,778] {processor.py:651} INFO - DAG(s) dict_keys(['example_task_group']) retrieved from /home/airflow/.local/lib/python3.7/site-packages/airflow/example_dags/example_task_group.py
[2022-08-14 06:16:47,212] {logging_mixin.py:115} INFO - [2022-08-14 06:16:47,212] {dag.py:2420} INFO - Sync 1 DAGs
[2022-08-14 06:16:48,027] {logging_mixin.py:115} INFO - [2022-08-14 06:16:48,027] {dag.py:2972} INFO - Setting next_dagrun for example_task_group to 2022-08-13T06:16:48.026602+00:00, run_after=2022-08-14T06:16:48.026602+00:00
[2022-08-14 06:16:48,326] {processor.py:161} INFO - Processing /home/airflow/.local/lib/python3.7/site-packages/airflow/example_dags/example_task_group.py took 1.786 seconds
[2022-08-14 06:17:42,692] {processor.py:153} INFO - Started process (PID=1997) to work on /home/airflow/.local/lib/python3.7/site-packages/airflow/example_dags/example_task_group.py
[2022-08-14 06:17:42,697] {processor.py:641} INFO - Processing file /home/airflow/.local/lib/python3.7/site-packages/airflow/example_dags/example_task_group.py for tasks to queue
[2022-08-14 06:17:42,703] {logging_mixin.py:115} INFO - [2022-08-14 06:17:42,702] {dagbag.py:508} INFO - Filling up the DagBag from /home/airflow/.local/lib/python3.7/site-packages/airflow/example_dags/example_task_group.py
[2022-08-14 06:17:42,734] {processor.py:651} INFO - DAG(s) dict_keys(['example_task_group']) retrieved from /home/airflow/.local/lib/python3.7/site-packages/airflow/example_dags/example_task_group.py
[2022-08-14 06:17:42,853] {logging_mixin.py:115} INFO - [2022-08-14 06:17:42,853] {dag.py:2420} INFO - Sync 1 DAGs
[2022-08-14 06:17:42,937] {logging_mixin.py:115} INFO - [2022-08-14 06:17:42,937] {dag.py:2972} INFO - Setting next_dagrun for example_task_group to 2022-08-13T06:17:42.932769+00:00, run_after=2022-08-14T06:17:42.932769+00:00
[2022-08-14 06:17:42,980] {processor.py:161} INFO - Processing /home/airflow/.local/lib/python3.7/site-packages/airflow/example_dags/example_task_group.py took 0.319 seconds
[2022-08-14 07:14:08,990] {processor.py:153} INFO - Started process (PID=2082) to work on /home/airflow/.local/lib/python3.7/site-packages/airflow/example_dags/example_task_group.py
[2022-08-14 07:14:09,007] {processor.py:641} INFO - Processing file /home/airflow/.local/lib/python3.7/site-packages/airflow/example_dags/example_task_group.py for tasks to queue
[2022-08-14 07:14:09,020] {logging_mixin.py:115} INFO - [2022-08-14 07:14:09,020] {dagbag.py:508} INFO - Filling up the DagBag from /home/airflow/.local/lib/python3.7/site-packages/airflow/example_dags/example_task_group.py
[2022-08-14 07:14:09,191] {processor.py:651} INFO - DAG(s) dict_keys(['example_task_group']) retrieved from /home/airflow/.local/lib/python3.7/site-packages/airflow/example_dags/example_task_group.py
[2022-08-14 07:14:09,732] {logging_mixin.py:115} INFO - [2022-08-14 07:14:09,732] {dag.py:2420} INFO - Sync 1 DAGs
[2022-08-14 07:14:10,066] {logging_mixin.py:115} INFO - [2022-08-14 07:14:10,066] {dag.py:2972} INFO - Setting next_dagrun for example_task_group to 2022-08-13T07:14:10.066023+00:00, run_after=2022-08-14T07:14:10.066023+00:00
[2022-08-14 07:14:10,176] {processor.py:161} INFO - Processing /home/airflow/.local/lib/python3.7/site-packages/airflow/example_dags/example_task_group.py took 1.226 seconds
[2022-08-14 07:14:40,451] {processor.py:153} INFO - Started process (PID=2141) to work on /home/airflow/.local/lib/python3.7/site-packages/airflow/example_dags/example_task_group.py
[2022-08-14 07:14:40,453] {processor.py:641} INFO - Processing file /home/airflow/.local/lib/python3.7/site-packages/airflow/example_dags/example_task_group.py for tasks to queue
[2022-08-14 07:14:40,460] {logging_mixin.py:115} INFO - [2022-08-14 07:14:40,460] {dagbag.py:508} INFO - Filling up the DagBag from /home/airflow/.local/lib/python3.7/site-packages/airflow/example_dags/example_task_group.py
[2022-08-14 07:14:40,475] {processor.py:651} INFO - DAG(s) dict_keys(['example_task_group']) retrieved from /home/airflow/.local/lib/python3.7/site-packages/airflow/example_dags/example_task_group.py
[2022-08-14 07:14:40,541] {logging_mixin.py:115} INFO - [2022-08-14 07:14:40,541] {dag.py:2420} INFO - Sync 1 DAGs
[2022-08-14 07:14:40,596] {logging_mixin.py:115} INFO - [2022-08-14 07:14:40,596] {dag.py:2972} INFO - Setting next_dagrun for example_task_group to 2022-08-13T07:14:40.596011+00:00, run_after=2022-08-14T07:14:40.596011+00:00
[2022-08-14 07:14:40,623] {processor.py:161} INFO - Processing /home/airflow/.local/lib/python3.7/site-packages/airflow/example_dags/example_task_group.py took 0.179 seconds
[2022-08-14 07:15:11,045] {processor.py:153} INFO - Started process (PID=2194) to work on /home/airflow/.local/lib/python3.7/site-packages/airflow/example_dags/example_task_group.py
[2022-08-14 07:15:11,048] {processor.py:641} INFO - Processing file /home/airflow/.local/lib/python3.7/site-packages/airflow/example_dags/example_task_group.py for tasks to queue
[2022-08-14 07:15:11,050] {logging_mixin.py:115} INFO - [2022-08-14 07:15:11,049] {dagbag.py:508} INFO - Filling up the DagBag from /home/airflow/.local/lib/python3.7/site-packages/airflow/example_dags/example_task_group.py
[2022-08-14 07:15:11,069] {processor.py:651} INFO - DAG(s) dict_keys(['example_task_group']) retrieved from /home/airflow/.local/lib/python3.7/site-packages/airflow/example_dags/example_task_group.py
[2022-08-14 07:15:11,225] {logging_mixin.py:115} INFO - [2022-08-14 07:15:11,225] {dag.py:2420} INFO - Sync 1 DAGs
[2022-08-14 07:15:11,281] {logging_mixin.py:115} INFO - [2022-08-14 07:15:11,281] {dag.py:2972} INFO - Setting next_dagrun for example_task_group to 2022-08-13T07:15:11.280674+00:00, run_after=2022-08-14T07:15:11.280674+00:00
[2022-08-14 07:15:11,319] {processor.py:161} INFO - Processing /home/airflow/.local/lib/python3.7/site-packages/airflow/example_dags/example_task_group.py took 0.284 seconds
[2022-08-14 07:15:41,550] {processor.py:153} INFO - Started process (PID=2247) to work on /home/airflow/.local/lib/python3.7/site-packages/airflow/example_dags/example_task_group.py
[2022-08-14 07:15:41,557] {processor.py:641} INFO - Processing file /home/airflow/.local/lib/python3.7/site-packages/airflow/example_dags/example_task_group.py for tasks to queue
[2022-08-14 07:15:41,559] {logging_mixin.py:115} INFO - [2022-08-14 07:15:41,559] {dagbag.py:508} INFO - Filling up the DagBag from /home/airflow/.local/lib/python3.7/site-packages/airflow/example_dags/example_task_group.py
[2022-08-14 07:15:41,573] {processor.py:651} INFO - DAG(s) dict_keys(['example_task_group']) retrieved from /home/airflow/.local/lib/python3.7/site-packages/airflow/example_dags/example_task_group.py
[2022-08-14 07:15:41,706] {logging_mixin.py:115} INFO - [2022-08-14 07:15:41,705] {dag.py:2420} INFO - Sync 1 DAGs
[2022-08-14 07:15:41,997] {logging_mixin.py:115} INFO - [2022-08-14 07:15:41,997] {dag.py:2972} INFO - Setting next_dagrun for example_task_group to 2022-08-13T07:15:41.996308+00:00, run_after=2022-08-14T07:15:41.996308+00:00
[2022-08-14 07:15:42,041] {processor.py:161} INFO - Processing /home/airflow/.local/lib/python3.7/site-packages/airflow/example_dags/example_task_group.py took 0.505 seconds
