[2022-08-14 05:58:32,302] {processor.py:153} INFO - Started process (PID=103) to work on /home/airflow/.local/lib/python3.7/site-packages/airflow/example_dags/example_skip_dag.py
[2022-08-14 05:58:32,324] {processor.py:641} INFO - Processing file /home/airflow/.local/lib/python3.7/site-packages/airflow/example_dags/example_skip_dag.py for tasks to queue
[2022-08-14 05:58:32,337] {logging_mixin.py:115} INFO - [2022-08-14 05:58:32,336] {dagbag.py:508} INFO - Filling up the DagBag from /home/airflow/.local/lib/python3.7/site-packages/airflow/example_dags/example_skip_dag.py
[2022-08-14 05:58:32,503] {processor.py:651} INFO - DAG(s) dict_keys(['example_skip_dag']) retrieved from /home/airflow/.local/lib/python3.7/site-packages/airflow/example_dags/example_skip_dag.py
[2022-08-14 05:58:34,379] {logging_mixin.py:115} INFO - [2022-08-14 05:58:34,379] {manager.py:508} INFO - Created Permission View: can read on DAG:example_skip_dag
[2022-08-14 05:58:34,633] {logging_mixin.py:115} INFO - [2022-08-14 05:58:34,633] {manager.py:508} INFO - Created Permission View: can delete on DAG:example_skip_dag
[2022-08-14 05:58:34,870] {logging_mixin.py:115} INFO - [2022-08-14 05:58:34,869] {manager.py:508} INFO - Created Permission View: can edit on DAG:example_skip_dag
[2022-08-14 05:58:34,872] {logging_mixin.py:115} INFO - [2022-08-14 05:58:34,871] {dag.py:2420} INFO - Sync 1 DAGs
[2022-08-14 05:58:35,056] {logging_mixin.py:115} INFO - [2022-08-14 05:58:35,056] {dag.py:2439} INFO - Creating ORM DAG for example_skip_dag
[2022-08-14 05:58:35,554] {logging_mixin.py:115} INFO - [2022-08-14 05:58:35,554] {dag.py:2972} INFO - Setting next_dagrun for example_skip_dag to 2022-08-13T05:58:35.553405+00:00, run_after=2022-08-14T05:58:35.553405+00:00
[2022-08-14 05:58:35,857] {processor.py:161} INFO - Processing /home/airflow/.local/lib/python3.7/site-packages/airflow/example_dags/example_skip_dag.py took 3.633 seconds
[2022-08-14 05:59:06,759] {processor.py:153} INFO - Started process (PID=157) to work on /home/airflow/.local/lib/python3.7/site-packages/airflow/example_dags/example_skip_dag.py
[2022-08-14 05:59:06,763] {processor.py:641} INFO - Processing file /home/airflow/.local/lib/python3.7/site-packages/airflow/example_dags/example_skip_dag.py for tasks to queue
[2022-08-14 05:59:06,765] {logging_mixin.py:115} INFO - [2022-08-14 05:59:06,765] {dagbag.py:508} INFO - Filling up the DagBag from /home/airflow/.local/lib/python3.7/site-packages/airflow/example_dags/example_skip_dag.py
[2022-08-14 05:59:06,791] {processor.py:651} INFO - DAG(s) dict_keys(['example_skip_dag']) retrieved from /home/airflow/.local/lib/python3.7/site-packages/airflow/example_dags/example_skip_dag.py
[2022-08-14 05:59:06,900] {logging_mixin.py:115} INFO - [2022-08-14 05:59:06,899] {dag.py:2420} INFO - Sync 1 DAGs
[2022-08-14 05:59:07,067] {logging_mixin.py:115} INFO - [2022-08-14 05:59:07,067] {dag.py:2972} INFO - Setting next_dagrun for example_skip_dag to 2022-08-13T05:59:07.066976+00:00, run_after=2022-08-14T05:59:07.066976+00:00
[2022-08-14 05:59:07,167] {processor.py:161} INFO - Processing /home/airflow/.local/lib/python3.7/site-packages/airflow/example_dags/example_skip_dag.py took 0.433 seconds
[2022-08-14 05:59:38,852] {processor.py:153} INFO - Started process (PID=208) to work on /home/airflow/.local/lib/python3.7/site-packages/airflow/example_dags/example_skip_dag.py
[2022-08-14 05:59:38,866] {processor.py:641} INFO - Processing file /home/airflow/.local/lib/python3.7/site-packages/airflow/example_dags/example_skip_dag.py for tasks to queue
[2022-08-14 05:59:38,873] {logging_mixin.py:115} INFO - [2022-08-14 05:59:38,872] {dagbag.py:508} INFO - Filling up the DagBag from /home/airflow/.local/lib/python3.7/site-packages/airflow/example_dags/example_skip_dag.py
[2022-08-14 05:59:38,946] {processor.py:651} INFO - DAG(s) dict_keys(['example_skip_dag']) retrieved from /home/airflow/.local/lib/python3.7/site-packages/airflow/example_dags/example_skip_dag.py
[2022-08-14 05:59:39,100] {logging_mixin.py:115} INFO - [2022-08-14 05:59:39,100] {dag.py:2420} INFO - Sync 1 DAGs
[2022-08-14 05:59:39,229] {logging_mixin.py:115} INFO - [2022-08-14 05:59:39,229] {dag.py:2972} INFO - Setting next_dagrun for example_skip_dag to 2022-08-13T05:59:39.226705+00:00, run_after=2022-08-14T05:59:39.226705+00:00
[2022-08-14 05:59:39,299] {processor.py:161} INFO - Processing /home/airflow/.local/lib/python3.7/site-packages/airflow/example_dags/example_skip_dag.py took 0.472 seconds
[2022-08-14 06:00:10,231] {processor.py:153} INFO - Started process (PID=264) to work on /home/airflow/.local/lib/python3.7/site-packages/airflow/example_dags/example_skip_dag.py
[2022-08-14 06:00:10,234] {processor.py:641} INFO - Processing file /home/airflow/.local/lib/python3.7/site-packages/airflow/example_dags/example_skip_dag.py for tasks to queue
[2022-08-14 06:00:10,240] {logging_mixin.py:115} INFO - [2022-08-14 06:00:10,239] {dagbag.py:508} INFO - Filling up the DagBag from /home/airflow/.local/lib/python3.7/site-packages/airflow/example_dags/example_skip_dag.py
[2022-08-14 06:00:10,287] {processor.py:651} INFO - DAG(s) dict_keys(['example_skip_dag']) retrieved from /home/airflow/.local/lib/python3.7/site-packages/airflow/example_dags/example_skip_dag.py
[2022-08-14 06:00:10,450] {logging_mixin.py:115} INFO - [2022-08-14 06:00:10,450] {dag.py:2420} INFO - Sync 1 DAGs
[2022-08-14 06:00:10,517] {logging_mixin.py:115} INFO - [2022-08-14 06:00:10,517] {dag.py:2972} INFO - Setting next_dagrun for example_skip_dag to 2022-08-13T06:00:10.516927+00:00, run_after=2022-08-14T06:00:10.516927+00:00
[2022-08-14 06:00:10,550] {processor.py:161} INFO - Processing /home/airflow/.local/lib/python3.7/site-packages/airflow/example_dags/example_skip_dag.py took 0.359 seconds
[2022-08-14 06:00:41,050] {processor.py:153} INFO - Started process (PID=319) to work on /home/airflow/.local/lib/python3.7/site-packages/airflow/example_dags/example_skip_dag.py
[2022-08-14 06:00:41,054] {processor.py:641} INFO - Processing file /home/airflow/.local/lib/python3.7/site-packages/airflow/example_dags/example_skip_dag.py for tasks to queue
[2022-08-14 06:00:41,060] {logging_mixin.py:115} INFO - [2022-08-14 06:00:41,058] {dagbag.py:508} INFO - Filling up the DagBag from /home/airflow/.local/lib/python3.7/site-packages/airflow/example_dags/example_skip_dag.py
[2022-08-14 06:00:41,122] {processor.py:651} INFO - DAG(s) dict_keys(['example_skip_dag']) retrieved from /home/airflow/.local/lib/python3.7/site-packages/airflow/example_dags/example_skip_dag.py
[2022-08-14 06:00:41,397] {logging_mixin.py:115} INFO - [2022-08-14 06:00:41,397] {dag.py:2420} INFO - Sync 1 DAGs
[2022-08-14 06:00:41,517] {logging_mixin.py:115} INFO - [2022-08-14 06:00:41,517] {dag.py:2972} INFO - Setting next_dagrun for example_skip_dag to 2022-08-13T06:00:41.516685+00:00, run_after=2022-08-14T06:00:41.516685+00:00
[2022-08-14 06:00:41,589] {processor.py:161} INFO - Processing /home/airflow/.local/lib/python3.7/site-packages/airflow/example_dags/example_skip_dag.py took 0.580 seconds
[2022-08-14 06:01:12,521] {processor.py:153} INFO - Started process (PID=369) to work on /home/airflow/.local/lib/python3.7/site-packages/airflow/example_dags/example_skip_dag.py
[2022-08-14 06:01:12,531] {processor.py:641} INFO - Processing file /home/airflow/.local/lib/python3.7/site-packages/airflow/example_dags/example_skip_dag.py for tasks to queue
[2022-08-14 06:01:12,534] {logging_mixin.py:115} INFO - [2022-08-14 06:01:12,533] {dagbag.py:508} INFO - Filling up the DagBag from /home/airflow/.local/lib/python3.7/site-packages/airflow/example_dags/example_skip_dag.py
[2022-08-14 06:01:12,659] {processor.py:651} INFO - DAG(s) dict_keys(['example_skip_dag']) retrieved from /home/airflow/.local/lib/python3.7/site-packages/airflow/example_dags/example_skip_dag.py
[2022-08-14 06:01:12,902] {logging_mixin.py:115} INFO - [2022-08-14 06:01:12,902] {dag.py:2420} INFO - Sync 1 DAGs
[2022-08-14 06:01:13,081] {logging_mixin.py:115} INFO - [2022-08-14 06:01:13,081] {dag.py:2972} INFO - Setting next_dagrun for example_skip_dag to 2022-08-13T06:01:13.080941+00:00, run_after=2022-08-14T06:01:13.080941+00:00
[2022-08-14 06:01:13,155] {processor.py:161} INFO - Processing /home/airflow/.local/lib/python3.7/site-packages/airflow/example_dags/example_skip_dag.py took 0.708 seconds
[2022-08-14 06:01:43,750] {processor.py:153} INFO - Started process (PID=424) to work on /home/airflow/.local/lib/python3.7/site-packages/airflow/example_dags/example_skip_dag.py
[2022-08-14 06:01:43,767] {processor.py:641} INFO - Processing file /home/airflow/.local/lib/python3.7/site-packages/airflow/example_dags/example_skip_dag.py for tasks to queue
[2022-08-14 06:01:43,771] {logging_mixin.py:115} INFO - [2022-08-14 06:01:43,771] {dagbag.py:508} INFO - Filling up the DagBag from /home/airflow/.local/lib/python3.7/site-packages/airflow/example_dags/example_skip_dag.py
[2022-08-14 06:01:43,832] {processor.py:651} INFO - DAG(s) dict_keys(['example_skip_dag']) retrieved from /home/airflow/.local/lib/python3.7/site-packages/airflow/example_dags/example_skip_dag.py
[2022-08-14 06:01:44,019] {logging_mixin.py:115} INFO - [2022-08-14 06:01:44,018] {dag.py:2420} INFO - Sync 1 DAGs
[2022-08-14 06:01:44,134] {logging_mixin.py:115} INFO - [2022-08-14 06:01:44,134] {dag.py:2972} INFO - Setting next_dagrun for example_skip_dag to 2022-08-13T06:01:44.134248+00:00, run_after=2022-08-14T06:01:44.134248+00:00
[2022-08-14 06:01:44,239] {processor.py:161} INFO - Processing /home/airflow/.local/lib/python3.7/site-packages/airflow/example_dags/example_skip_dag.py took 0.512 seconds
[2022-08-14 06:02:15,138] {processor.py:153} INFO - Started process (PID=476) to work on /home/airflow/.local/lib/python3.7/site-packages/airflow/example_dags/example_skip_dag.py
[2022-08-14 06:02:15,141] {processor.py:641} INFO - Processing file /home/airflow/.local/lib/python3.7/site-packages/airflow/example_dags/example_skip_dag.py for tasks to queue
[2022-08-14 06:02:15,147] {logging_mixin.py:115} INFO - [2022-08-14 06:02:15,147] {dagbag.py:508} INFO - Filling up the DagBag from /home/airflow/.local/lib/python3.7/site-packages/airflow/example_dags/example_skip_dag.py
[2022-08-14 06:02:15,179] {processor.py:651} INFO - DAG(s) dict_keys(['example_skip_dag']) retrieved from /home/airflow/.local/lib/python3.7/site-packages/airflow/example_dags/example_skip_dag.py
[2022-08-14 06:02:15,375] {logging_mixin.py:115} INFO - [2022-08-14 06:02:15,375] {dag.py:2420} INFO - Sync 1 DAGs
[2022-08-14 06:02:15,489] {logging_mixin.py:115} INFO - [2022-08-14 06:02:15,489] {dag.py:2972} INFO - Setting next_dagrun for example_skip_dag to 2022-08-13T06:02:15.488695+00:00, run_after=2022-08-14T06:02:15.488695+00:00
[2022-08-14 06:02:15,635] {processor.py:161} INFO - Processing /home/airflow/.local/lib/python3.7/site-packages/airflow/example_dags/example_skip_dag.py took 0.515 seconds
[2022-08-14 06:02:57,510] {processor.py:153} INFO - Started process (PID=530) to work on /home/airflow/.local/lib/python3.7/site-packages/airflow/example_dags/example_skip_dag.py
[2022-08-14 06:02:57,514] {processor.py:641} INFO - Processing file /home/airflow/.local/lib/python3.7/site-packages/airflow/example_dags/example_skip_dag.py for tasks to queue
[2022-08-14 06:02:57,525] {logging_mixin.py:115} INFO - [2022-08-14 06:02:57,524] {dagbag.py:508} INFO - Filling up the DagBag from /home/airflow/.local/lib/python3.7/site-packages/airflow/example_dags/example_skip_dag.py
[2022-08-14 06:02:57,620] {processor.py:651} INFO - DAG(s) dict_keys(['example_skip_dag']) retrieved from /home/airflow/.local/lib/python3.7/site-packages/airflow/example_dags/example_skip_dag.py
[2022-08-14 06:02:58,035] {logging_mixin.py:115} INFO - [2022-08-14 06:02:58,035] {dag.py:2420} INFO - Sync 1 DAGs
[2022-08-14 06:02:58,347] {logging_mixin.py:115} INFO - [2022-08-14 06:02:58,346] {dag.py:2972} INFO - Setting next_dagrun for example_skip_dag to 2022-08-13T06:02:58.342917+00:00, run_after=2022-08-14T06:02:58.342917+00:00
[2022-08-14 06:02:58,544] {processor.py:161} INFO - Processing /home/airflow/.local/lib/python3.7/site-packages/airflow/example_dags/example_skip_dag.py took 1.098 seconds
[2022-08-14 06:04:02,315] {processor.py:153} INFO - Started process (PID=599) to work on /home/airflow/.local/lib/python3.7/site-packages/airflow/example_dags/example_skip_dag.py
[2022-08-14 06:04:02,330] {processor.py:641} INFO - Processing file /home/airflow/.local/lib/python3.7/site-packages/airflow/example_dags/example_skip_dag.py for tasks to queue
[2022-08-14 06:04:02,359] {logging_mixin.py:115} INFO - [2022-08-14 06:04:02,357] {dagbag.py:508} INFO - Filling up the DagBag from /home/airflow/.local/lib/python3.7/site-packages/airflow/example_dags/example_skip_dag.py
[2022-08-14 06:04:02,536] {processor.py:651} INFO - DAG(s) dict_keys(['example_skip_dag']) retrieved from /home/airflow/.local/lib/python3.7/site-packages/airflow/example_dags/example_skip_dag.py
[2022-08-14 06:04:03,346] {logging_mixin.py:115} INFO - [2022-08-14 06:04:03,346] {dag.py:2420} INFO - Sync 1 DAGs
[2022-08-14 06:04:04,431] {logging_mixin.py:115} INFO - [2022-08-14 06:04:04,431] {dag.py:2972} INFO - Setting next_dagrun for example_skip_dag to 2022-08-13T06:04:04.430780+00:00, run_after=2022-08-14T06:04:04.430780+00:00
[2022-08-14 06:04:04,774] {processor.py:161} INFO - Processing /home/airflow/.local/lib/python3.7/site-packages/airflow/example_dags/example_skip_dag.py took 2.534 seconds
[2022-08-14 06:04:44,764] {processor.py:153} INFO - Started process (PID=651) to work on /home/airflow/.local/lib/python3.7/site-packages/airflow/example_dags/example_skip_dag.py
[2022-08-14 06:04:44,766] {processor.py:641} INFO - Processing file /home/airflow/.local/lib/python3.7/site-packages/airflow/example_dags/example_skip_dag.py for tasks to queue
[2022-08-14 06:04:44,769] {logging_mixin.py:115} INFO - [2022-08-14 06:04:44,769] {dagbag.py:508} INFO - Filling up the DagBag from /home/airflow/.local/lib/python3.7/site-packages/airflow/example_dags/example_skip_dag.py
[2022-08-14 06:04:44,786] {processor.py:651} INFO - DAG(s) dict_keys(['example_skip_dag']) retrieved from /home/airflow/.local/lib/python3.7/site-packages/airflow/example_dags/example_skip_dag.py
[2022-08-14 06:04:44,854] {logging_mixin.py:115} INFO - [2022-08-14 06:04:44,854] {dag.py:2420} INFO - Sync 1 DAGs
[2022-08-14 06:04:44,893] {logging_mixin.py:115} INFO - [2022-08-14 06:04:44,893] {dag.py:2972} INFO - Setting next_dagrun for example_skip_dag to 2022-08-13T06:04:44.893159+00:00, run_after=2022-08-14T06:04:44.893159+00:00
[2022-08-14 06:04:44,926] {processor.py:161} INFO - Processing /home/airflow/.local/lib/python3.7/site-packages/airflow/example_dags/example_skip_dag.py took 0.170 seconds
[2022-08-14 06:05:21,324] {processor.py:153} INFO - Started process (PID=717) to work on /home/airflow/.local/lib/python3.7/site-packages/airflow/example_dags/example_skip_dag.py
[2022-08-14 06:05:21,325] {processor.py:641} INFO - Processing file /home/airflow/.local/lib/python3.7/site-packages/airflow/example_dags/example_skip_dag.py for tasks to queue
[2022-08-14 06:05:21,327] {logging_mixin.py:115} INFO - [2022-08-14 06:05:21,327] {dagbag.py:508} INFO - Filling up the DagBag from /home/airflow/.local/lib/python3.7/site-packages/airflow/example_dags/example_skip_dag.py
[2022-08-14 06:05:21,406] {processor.py:651} INFO - DAG(s) dict_keys(['example_skip_dag']) retrieved from /home/airflow/.local/lib/python3.7/site-packages/airflow/example_dags/example_skip_dag.py
[2022-08-14 06:05:21,509] {logging_mixin.py:115} INFO - [2022-08-14 06:05:21,509] {dag.py:2420} INFO - Sync 1 DAGs
[2022-08-14 06:05:21,587] {logging_mixin.py:115} INFO - [2022-08-14 06:05:21,587] {dag.py:2972} INFO - Setting next_dagrun for example_skip_dag to 2022-08-13T06:05:21.586612+00:00, run_after=2022-08-14T06:05:21.586612+00:00
[2022-08-14 06:05:21,625] {processor.py:161} INFO - Processing /home/airflow/.local/lib/python3.7/site-packages/airflow/example_dags/example_skip_dag.py took 0.316 seconds
[2022-08-14 06:05:52,005] {processor.py:153} INFO - Started process (PID=772) to work on /home/airflow/.local/lib/python3.7/site-packages/airflow/example_dags/example_skip_dag.py
[2022-08-14 06:05:52,008] {processor.py:641} INFO - Processing file /home/airflow/.local/lib/python3.7/site-packages/airflow/example_dags/example_skip_dag.py for tasks to queue
[2022-08-14 06:05:52,013] {logging_mixin.py:115} INFO - [2022-08-14 06:05:52,012] {dagbag.py:508} INFO - Filling up the DagBag from /home/airflow/.local/lib/python3.7/site-packages/airflow/example_dags/example_skip_dag.py
[2022-08-14 06:05:52,028] {processor.py:651} INFO - DAG(s) dict_keys(['example_skip_dag']) retrieved from /home/airflow/.local/lib/python3.7/site-packages/airflow/example_dags/example_skip_dag.py
[2022-08-14 06:05:52,128] {logging_mixin.py:115} INFO - [2022-08-14 06:05:52,125] {dag.py:2420} INFO - Sync 1 DAGs
[2022-08-14 06:05:52,364] {logging_mixin.py:115} INFO - [2022-08-14 06:05:52,363] {dag.py:2972} INFO - Setting next_dagrun for example_skip_dag to 2022-08-13T06:05:52.362918+00:00, run_after=2022-08-14T06:05:52.362918+00:00
[2022-08-14 06:05:52,434] {processor.py:161} INFO - Processing /home/airflow/.local/lib/python3.7/site-packages/airflow/example_dags/example_skip_dag.py took 0.441 seconds
[2022-08-14 06:06:23,079] {processor.py:153} INFO - Started process (PID=824) to work on /home/airflow/.local/lib/python3.7/site-packages/airflow/example_dags/example_skip_dag.py
[2022-08-14 06:06:23,082] {processor.py:641} INFO - Processing file /home/airflow/.local/lib/python3.7/site-packages/airflow/example_dags/example_skip_dag.py for tasks to queue
[2022-08-14 06:06:23,084] {logging_mixin.py:115} INFO - [2022-08-14 06:06:23,084] {dagbag.py:508} INFO - Filling up the DagBag from /home/airflow/.local/lib/python3.7/site-packages/airflow/example_dags/example_skip_dag.py
[2022-08-14 06:06:23,097] {processor.py:651} INFO - DAG(s) dict_keys(['example_skip_dag']) retrieved from /home/airflow/.local/lib/python3.7/site-packages/airflow/example_dags/example_skip_dag.py
[2022-08-14 06:06:23,155] {logging_mixin.py:115} INFO - [2022-08-14 06:06:23,155] {dag.py:2420} INFO - Sync 1 DAGs
[2022-08-14 06:06:23,219] {logging_mixin.py:115} INFO - [2022-08-14 06:06:23,219] {dag.py:2972} INFO - Setting next_dagrun for example_skip_dag to 2022-08-13T06:06:23.218985+00:00, run_after=2022-08-14T06:06:23.218985+00:00
[2022-08-14 06:06:23,258] {processor.py:161} INFO - Processing /home/airflow/.local/lib/python3.7/site-packages/airflow/example_dags/example_skip_dag.py took 0.188 seconds
[2022-08-14 06:06:54,350] {processor.py:153} INFO - Started process (PID=877) to work on /home/airflow/.local/lib/python3.7/site-packages/airflow/example_dags/example_skip_dag.py
[2022-08-14 06:06:54,353] {processor.py:641} INFO - Processing file /home/airflow/.local/lib/python3.7/site-packages/airflow/example_dags/example_skip_dag.py for tasks to queue
[2022-08-14 06:06:54,357] {logging_mixin.py:115} INFO - [2022-08-14 06:06:54,357] {dagbag.py:508} INFO - Filling up the DagBag from /home/airflow/.local/lib/python3.7/site-packages/airflow/example_dags/example_skip_dag.py
[2022-08-14 06:06:54,407] {processor.py:651} INFO - DAG(s) dict_keys(['example_skip_dag']) retrieved from /home/airflow/.local/lib/python3.7/site-packages/airflow/example_dags/example_skip_dag.py
[2022-08-14 06:06:54,494] {logging_mixin.py:115} INFO - [2022-08-14 06:06:54,493] {dag.py:2420} INFO - Sync 1 DAGs
[2022-08-14 06:06:54,600] {logging_mixin.py:115} INFO - [2022-08-14 06:06:54,600] {dag.py:2972} INFO - Setting next_dagrun for example_skip_dag to 2022-08-13T06:06:54.599509+00:00, run_after=2022-08-14T06:06:54.599509+00:00
[2022-08-14 06:06:54,653] {processor.py:161} INFO - Processing /home/airflow/.local/lib/python3.7/site-packages/airflow/example_dags/example_skip_dag.py took 0.309 seconds
[2022-08-14 06:07:26,063] {processor.py:153} INFO - Started process (PID=929) to work on /home/airflow/.local/lib/python3.7/site-packages/airflow/example_dags/example_skip_dag.py
[2022-08-14 06:07:26,071] {processor.py:641} INFO - Processing file /home/airflow/.local/lib/python3.7/site-packages/airflow/example_dags/example_skip_dag.py for tasks to queue
[2022-08-14 06:07:26,073] {logging_mixin.py:115} INFO - [2022-08-14 06:07:26,073] {dagbag.py:508} INFO - Filling up the DagBag from /home/airflow/.local/lib/python3.7/site-packages/airflow/example_dags/example_skip_dag.py
[2022-08-14 06:07:26,095] {processor.py:651} INFO - DAG(s) dict_keys(['example_skip_dag']) retrieved from /home/airflow/.local/lib/python3.7/site-packages/airflow/example_dags/example_skip_dag.py
[2022-08-14 06:07:26,222] {logging_mixin.py:115} INFO - [2022-08-14 06:07:26,222] {dag.py:2420} INFO - Sync 1 DAGs
[2022-08-14 06:07:26,309] {logging_mixin.py:115} INFO - [2022-08-14 06:07:26,309] {dag.py:2972} INFO - Setting next_dagrun for example_skip_dag to 2022-08-13T06:07:26.308438+00:00, run_after=2022-08-14T06:07:26.308438+00:00
[2022-08-14 06:07:26,350] {processor.py:161} INFO - Processing /home/airflow/.local/lib/python3.7/site-packages/airflow/example_dags/example_skip_dag.py took 0.295 seconds
[2022-08-14 06:07:56,748] {processor.py:153} INFO - Started process (PID=982) to work on /home/airflow/.local/lib/python3.7/site-packages/airflow/example_dags/example_skip_dag.py
[2022-08-14 06:07:56,750] {processor.py:641} INFO - Processing file /home/airflow/.local/lib/python3.7/site-packages/airflow/example_dags/example_skip_dag.py for tasks to queue
[2022-08-14 06:07:56,754] {logging_mixin.py:115} INFO - [2022-08-14 06:07:56,754] {dagbag.py:508} INFO - Filling up the DagBag from /home/airflow/.local/lib/python3.7/site-packages/airflow/example_dags/example_skip_dag.py
[2022-08-14 06:07:56,764] {processor.py:651} INFO - DAG(s) dict_keys(['example_skip_dag']) retrieved from /home/airflow/.local/lib/python3.7/site-packages/airflow/example_dags/example_skip_dag.py
[2022-08-14 06:07:56,805] {logging_mixin.py:115} INFO - [2022-08-14 06:07:56,805] {dag.py:2420} INFO - Sync 1 DAGs
[2022-08-14 06:07:56,838] {logging_mixin.py:115} INFO - [2022-08-14 06:07:56,838] {dag.py:2972} INFO - Setting next_dagrun for example_skip_dag to 2022-08-13T06:07:56.837612+00:00, run_after=2022-08-14T06:07:56.837612+00:00
[2022-08-14 06:07:56,858] {processor.py:161} INFO - Processing /home/airflow/.local/lib/python3.7/site-packages/airflow/example_dags/example_skip_dag.py took 0.116 seconds
[2022-08-14 06:08:29,038] {processor.py:153} INFO - Started process (PID=1035) to work on /home/airflow/.local/lib/python3.7/site-packages/airflow/example_dags/example_skip_dag.py
[2022-08-14 06:08:29,045] {processor.py:641} INFO - Processing file /home/airflow/.local/lib/python3.7/site-packages/airflow/example_dags/example_skip_dag.py for tasks to queue
[2022-08-14 06:08:29,048] {logging_mixin.py:115} INFO - [2022-08-14 06:08:29,048] {dagbag.py:508} INFO - Filling up the DagBag from /home/airflow/.local/lib/python3.7/site-packages/airflow/example_dags/example_skip_dag.py
[2022-08-14 06:08:29,065] {processor.py:651} INFO - DAG(s) dict_keys(['example_skip_dag']) retrieved from /home/airflow/.local/lib/python3.7/site-packages/airflow/example_dags/example_skip_dag.py
[2022-08-14 06:08:29,112] {logging_mixin.py:115} INFO - [2022-08-14 06:08:29,112] {dag.py:2420} INFO - Sync 1 DAGs
[2022-08-14 06:08:29,167] {logging_mixin.py:115} INFO - [2022-08-14 06:08:29,167] {dag.py:2972} INFO - Setting next_dagrun for example_skip_dag to 2022-08-13T06:08:29.166913+00:00, run_after=2022-08-14T06:08:29.166913+00:00
[2022-08-14 06:08:29,200] {processor.py:161} INFO - Processing /home/airflow/.local/lib/python3.7/site-packages/airflow/example_dags/example_skip_dag.py took 0.177 seconds
[2022-08-14 06:08:59,616] {processor.py:153} INFO - Started process (PID=1091) to work on /home/airflow/.local/lib/python3.7/site-packages/airflow/example_dags/example_skip_dag.py
[2022-08-14 06:08:59,618] {processor.py:641} INFO - Processing file /home/airflow/.local/lib/python3.7/site-packages/airflow/example_dags/example_skip_dag.py for tasks to queue
[2022-08-14 06:08:59,621] {logging_mixin.py:115} INFO - [2022-08-14 06:08:59,621] {dagbag.py:508} INFO - Filling up the DagBag from /home/airflow/.local/lib/python3.7/site-packages/airflow/example_dags/example_skip_dag.py
[2022-08-14 06:08:59,632] {processor.py:651} INFO - DAG(s) dict_keys(['example_skip_dag']) retrieved from /home/airflow/.local/lib/python3.7/site-packages/airflow/example_dags/example_skip_dag.py
[2022-08-14 06:08:59,699] {logging_mixin.py:115} INFO - [2022-08-14 06:08:59,699] {dag.py:2420} INFO - Sync 1 DAGs
[2022-08-14 06:08:59,786] {logging_mixin.py:115} INFO - [2022-08-14 06:08:59,786] {dag.py:2972} INFO - Setting next_dagrun for example_skip_dag to 2022-08-13T06:08:59.785813+00:00, run_after=2022-08-14T06:08:59.785813+00:00
[2022-08-14 06:08:59,818] {processor.py:161} INFO - Processing /home/airflow/.local/lib/python3.7/site-packages/airflow/example_dags/example_skip_dag.py took 0.212 seconds
[2022-08-14 06:09:30,077] {processor.py:153} INFO - Started process (PID=1145) to work on /home/airflow/.local/lib/python3.7/site-packages/airflow/example_dags/example_skip_dag.py
[2022-08-14 06:09:30,079] {processor.py:641} INFO - Processing file /home/airflow/.local/lib/python3.7/site-packages/airflow/example_dags/example_skip_dag.py for tasks to queue
[2022-08-14 06:09:30,093] {logging_mixin.py:115} INFO - [2022-08-14 06:09:30,093] {dagbag.py:508} INFO - Filling up the DagBag from /home/airflow/.local/lib/python3.7/site-packages/airflow/example_dags/example_skip_dag.py
[2022-08-14 06:09:30,118] {processor.py:651} INFO - DAG(s) dict_keys(['example_skip_dag']) retrieved from /home/airflow/.local/lib/python3.7/site-packages/airflow/example_dags/example_skip_dag.py
[2022-08-14 06:09:30,279] {logging_mixin.py:115} INFO - [2022-08-14 06:09:30,279] {dag.py:2420} INFO - Sync 1 DAGs
[2022-08-14 06:09:30,385] {logging_mixin.py:115} INFO - [2022-08-14 06:09:30,385] {dag.py:2972} INFO - Setting next_dagrun for example_skip_dag to 2022-08-13T06:09:30.381251+00:00, run_after=2022-08-14T06:09:30.381251+00:00
[2022-08-14 06:09:30,454] {processor.py:161} INFO - Processing /home/airflow/.local/lib/python3.7/site-packages/airflow/example_dags/example_skip_dag.py took 0.387 seconds
[2022-08-14 06:10:01,331] {processor.py:153} INFO - Started process (PID=1208) to work on /home/airflow/.local/lib/python3.7/site-packages/airflow/example_dags/example_skip_dag.py
[2022-08-14 06:10:01,333] {processor.py:641} INFO - Processing file /home/airflow/.local/lib/python3.7/site-packages/airflow/example_dags/example_skip_dag.py for tasks to queue
[2022-08-14 06:10:01,343] {logging_mixin.py:115} INFO - [2022-08-14 06:10:01,343] {dagbag.py:508} INFO - Filling up the DagBag from /home/airflow/.local/lib/python3.7/site-packages/airflow/example_dags/example_skip_dag.py
[2022-08-14 06:10:01,380] {processor.py:651} INFO - DAG(s) dict_keys(['example_skip_dag']) retrieved from /home/airflow/.local/lib/python3.7/site-packages/airflow/example_dags/example_skip_dag.py
[2022-08-14 06:10:01,480] {logging_mixin.py:115} INFO - [2022-08-14 06:10:01,480] {dag.py:2420} INFO - Sync 1 DAGs
[2022-08-14 06:10:01,558] {logging_mixin.py:115} INFO - [2022-08-14 06:10:01,557] {dag.py:2972} INFO - Setting next_dagrun for example_skip_dag to 2022-08-13T06:10:01.557514+00:00, run_after=2022-08-14T06:10:01.557514+00:00
[2022-08-14 06:10:01,604] {processor.py:161} INFO - Processing /home/airflow/.local/lib/python3.7/site-packages/airflow/example_dags/example_skip_dag.py took 0.275 seconds
[2022-08-14 06:10:32,034] {processor.py:153} INFO - Started process (PID=1262) to work on /home/airflow/.local/lib/python3.7/site-packages/airflow/example_dags/example_skip_dag.py
[2022-08-14 06:10:32,039] {processor.py:641} INFO - Processing file /home/airflow/.local/lib/python3.7/site-packages/airflow/example_dags/example_skip_dag.py for tasks to queue
[2022-08-14 06:10:32,043] {logging_mixin.py:115} INFO - [2022-08-14 06:10:32,043] {dagbag.py:508} INFO - Filling up the DagBag from /home/airflow/.local/lib/python3.7/site-packages/airflow/example_dags/example_skip_dag.py
[2022-08-14 06:10:32,067] {processor.py:651} INFO - DAG(s) dict_keys(['example_skip_dag']) retrieved from /home/airflow/.local/lib/python3.7/site-packages/airflow/example_dags/example_skip_dag.py
[2022-08-14 06:10:32,134] {logging_mixin.py:115} INFO - [2022-08-14 06:10:32,134] {dag.py:2420} INFO - Sync 1 DAGs
[2022-08-14 06:10:32,176] {logging_mixin.py:115} INFO - [2022-08-14 06:10:32,176] {dag.py:2972} INFO - Setting next_dagrun for example_skip_dag to 2022-08-13T06:10:32.175998+00:00, run_after=2022-08-14T06:10:32.175998+00:00
[2022-08-14 06:10:32,205] {processor.py:161} INFO - Processing /home/airflow/.local/lib/python3.7/site-packages/airflow/example_dags/example_skip_dag.py took 0.180 seconds
[2022-08-14 06:11:04,088] {processor.py:153} INFO - Started process (PID=1324) to work on /home/airflow/.local/lib/python3.7/site-packages/airflow/example_dags/example_skip_dag.py
[2022-08-14 06:11:04,092] {processor.py:641} INFO - Processing file /home/airflow/.local/lib/python3.7/site-packages/airflow/example_dags/example_skip_dag.py for tasks to queue
[2022-08-14 06:11:04,097] {logging_mixin.py:115} INFO - [2022-08-14 06:11:04,097] {dagbag.py:508} INFO - Filling up the DagBag from /home/airflow/.local/lib/python3.7/site-packages/airflow/example_dags/example_skip_dag.py
[2022-08-14 06:11:04,164] {processor.py:651} INFO - DAG(s) dict_keys(['example_skip_dag']) retrieved from /home/airflow/.local/lib/python3.7/site-packages/airflow/example_dags/example_skip_dag.py
[2022-08-14 06:11:04,418] {logging_mixin.py:115} INFO - [2022-08-14 06:11:04,418] {dag.py:2420} INFO - Sync 1 DAGs
[2022-08-14 06:11:04,607] {logging_mixin.py:115} INFO - [2022-08-14 06:11:04,607] {dag.py:2972} INFO - Setting next_dagrun for example_skip_dag to 2022-08-13T06:11:04.606778+00:00, run_after=2022-08-14T06:11:04.606778+00:00
[2022-08-14 06:11:04,698] {processor.py:161} INFO - Processing /home/airflow/.local/lib/python3.7/site-packages/airflow/example_dags/example_skip_dag.py took 0.660 seconds
[2022-08-14 06:11:35,623] {processor.py:153} INFO - Started process (PID=1381) to work on /home/airflow/.local/lib/python3.7/site-packages/airflow/example_dags/example_skip_dag.py
[2022-08-14 06:11:35,628] {processor.py:641} INFO - Processing file /home/airflow/.local/lib/python3.7/site-packages/airflow/example_dags/example_skip_dag.py for tasks to queue
[2022-08-14 06:11:35,630] {logging_mixin.py:115} INFO - [2022-08-14 06:11:35,630] {dagbag.py:508} INFO - Filling up the DagBag from /home/airflow/.local/lib/python3.7/site-packages/airflow/example_dags/example_skip_dag.py
[2022-08-14 06:11:35,658] {processor.py:651} INFO - DAG(s) dict_keys(['example_skip_dag']) retrieved from /home/airflow/.local/lib/python3.7/site-packages/airflow/example_dags/example_skip_dag.py
[2022-08-14 06:11:35,784] {logging_mixin.py:115} INFO - [2022-08-14 06:11:35,784] {dag.py:2420} INFO - Sync 1 DAGs
[2022-08-14 06:11:35,833] {logging_mixin.py:115} INFO - [2022-08-14 06:11:35,833] {dag.py:2972} INFO - Setting next_dagrun for example_skip_dag to 2022-08-13T06:11:35.832678+00:00, run_after=2022-08-14T06:11:35.832678+00:00
[2022-08-14 06:11:35,884] {processor.py:161} INFO - Processing /home/airflow/.local/lib/python3.7/site-packages/airflow/example_dags/example_skip_dag.py took 0.271 seconds
[2022-08-14 06:12:06,230] {processor.py:153} INFO - Started process (PID=1437) to work on /home/airflow/.local/lib/python3.7/site-packages/airflow/example_dags/example_skip_dag.py
[2022-08-14 06:12:06,233] {processor.py:641} INFO - Processing file /home/airflow/.local/lib/python3.7/site-packages/airflow/example_dags/example_skip_dag.py for tasks to queue
[2022-08-14 06:12:06,234] {logging_mixin.py:115} INFO - [2022-08-14 06:12:06,234] {dagbag.py:508} INFO - Filling up the DagBag from /home/airflow/.local/lib/python3.7/site-packages/airflow/example_dags/example_skip_dag.py
[2022-08-14 06:12:06,257] {processor.py:651} INFO - DAG(s) dict_keys(['example_skip_dag']) retrieved from /home/airflow/.local/lib/python3.7/site-packages/airflow/example_dags/example_skip_dag.py
[2022-08-14 06:12:06,327] {logging_mixin.py:115} INFO - [2022-08-14 06:12:06,327] {dag.py:2420} INFO - Sync 1 DAGs
[2022-08-14 06:12:06,375] {logging_mixin.py:115} INFO - [2022-08-14 06:12:06,375] {dag.py:2972} INFO - Setting next_dagrun for example_skip_dag to 2022-08-13T06:12:06.374501+00:00, run_after=2022-08-14T06:12:06.374501+00:00
[2022-08-14 06:12:06,410] {processor.py:161} INFO - Processing /home/airflow/.local/lib/python3.7/site-packages/airflow/example_dags/example_skip_dag.py took 0.187 seconds
[2022-08-14 06:12:37,814] {processor.py:153} INFO - Started process (PID=1499) to work on /home/airflow/.local/lib/python3.7/site-packages/airflow/example_dags/example_skip_dag.py
[2022-08-14 06:12:37,821] {processor.py:641} INFO - Processing file /home/airflow/.local/lib/python3.7/site-packages/airflow/example_dags/example_skip_dag.py for tasks to queue
[2022-08-14 06:12:37,826] {logging_mixin.py:115} INFO - [2022-08-14 06:12:37,825] {dagbag.py:508} INFO - Filling up the DagBag from /home/airflow/.local/lib/python3.7/site-packages/airflow/example_dags/example_skip_dag.py
[2022-08-14 06:12:37,874] {processor.py:651} INFO - DAG(s) dict_keys(['example_skip_dag']) retrieved from /home/airflow/.local/lib/python3.7/site-packages/airflow/example_dags/example_skip_dag.py
[2022-08-14 06:12:37,953] {logging_mixin.py:115} INFO - [2022-08-14 06:12:37,953] {dag.py:2420} INFO - Sync 1 DAGs
[2022-08-14 06:12:38,000] {logging_mixin.py:115} INFO - [2022-08-14 06:12:38,000] {dag.py:2972} INFO - Setting next_dagrun for example_skip_dag to 2022-08-13T06:12:37.999767+00:00, run_after=2022-08-14T06:12:37.999767+00:00
[2022-08-14 06:12:38,040] {processor.py:161} INFO - Processing /home/airflow/.local/lib/python3.7/site-packages/airflow/example_dags/example_skip_dag.py took 0.258 seconds
[2022-08-14 06:13:08,548] {processor.py:153} INFO - Started process (PID=1555) to work on /home/airflow/.local/lib/python3.7/site-packages/airflow/example_dags/example_skip_dag.py
[2022-08-14 06:13:08,550] {processor.py:641} INFO - Processing file /home/airflow/.local/lib/python3.7/site-packages/airflow/example_dags/example_skip_dag.py for tasks to queue
[2022-08-14 06:13:08,552] {logging_mixin.py:115} INFO - [2022-08-14 06:13:08,552] {dagbag.py:508} INFO - Filling up the DagBag from /home/airflow/.local/lib/python3.7/site-packages/airflow/example_dags/example_skip_dag.py
[2022-08-14 06:13:08,566] {processor.py:651} INFO - DAG(s) dict_keys(['example_skip_dag']) retrieved from /home/airflow/.local/lib/python3.7/site-packages/airflow/example_dags/example_skip_dag.py
[2022-08-14 06:13:08,618] {logging_mixin.py:115} INFO - [2022-08-14 06:13:08,618] {dag.py:2420} INFO - Sync 1 DAGs
[2022-08-14 06:13:08,660] {logging_mixin.py:115} INFO - [2022-08-14 06:13:08,660] {dag.py:2972} INFO - Setting next_dagrun for example_skip_dag to 2022-08-13T06:13:08.660103+00:00, run_after=2022-08-14T06:13:08.660103+00:00
[2022-08-14 06:13:08,690] {processor.py:161} INFO - Processing /home/airflow/.local/lib/python3.7/site-packages/airflow/example_dags/example_skip_dag.py took 0.152 seconds
[2022-08-14 06:13:39,117] {processor.py:153} INFO - Started process (PID=1609) to work on /home/airflow/.local/lib/python3.7/site-packages/airflow/example_dags/example_skip_dag.py
[2022-08-14 06:13:39,119] {processor.py:641} INFO - Processing file /home/airflow/.local/lib/python3.7/site-packages/airflow/example_dags/example_skip_dag.py for tasks to queue
[2022-08-14 06:13:39,123] {logging_mixin.py:115} INFO - [2022-08-14 06:13:39,122] {dagbag.py:508} INFO - Filling up the DagBag from /home/airflow/.local/lib/python3.7/site-packages/airflow/example_dags/example_skip_dag.py
[2022-08-14 06:13:39,138] {processor.py:651} INFO - DAG(s) dict_keys(['example_skip_dag']) retrieved from /home/airflow/.local/lib/python3.7/site-packages/airflow/example_dags/example_skip_dag.py
[2022-08-14 06:13:39,194] {logging_mixin.py:115} INFO - [2022-08-14 06:13:39,194] {dag.py:2420} INFO - Sync 1 DAGs
[2022-08-14 06:13:39,238] {logging_mixin.py:115} INFO - [2022-08-14 06:13:39,238] {dag.py:2972} INFO - Setting next_dagrun for example_skip_dag to 2022-08-13T06:13:39.237927+00:00, run_after=2022-08-14T06:13:39.237927+00:00
[2022-08-14 06:13:39,262] {processor.py:161} INFO - Processing /home/airflow/.local/lib/python3.7/site-packages/airflow/example_dags/example_skip_dag.py took 0.155 seconds
[2022-08-14 06:14:10,137] {processor.py:153} INFO - Started process (PID=1663) to work on /home/airflow/.local/lib/python3.7/site-packages/airflow/example_dags/example_skip_dag.py
[2022-08-14 06:14:10,140] {processor.py:641} INFO - Processing file /home/airflow/.local/lib/python3.7/site-packages/airflow/example_dags/example_skip_dag.py for tasks to queue
[2022-08-14 06:14:10,152] {logging_mixin.py:115} INFO - [2022-08-14 06:14:10,152] {dagbag.py:508} INFO - Filling up the DagBag from /home/airflow/.local/lib/python3.7/site-packages/airflow/example_dags/example_skip_dag.py
[2022-08-14 06:14:10,180] {processor.py:651} INFO - DAG(s) dict_keys(['example_skip_dag']) retrieved from /home/airflow/.local/lib/python3.7/site-packages/airflow/example_dags/example_skip_dag.py
[2022-08-14 06:14:10,246] {logging_mixin.py:115} INFO - [2022-08-14 06:14:10,246] {dag.py:2420} INFO - Sync 1 DAGs
[2022-08-14 06:14:10,304] {logging_mixin.py:115} INFO - [2022-08-14 06:14:10,304] {dag.py:2972} INFO - Setting next_dagrun for example_skip_dag to 2022-08-13T06:14:10.303670+00:00, run_after=2022-08-14T06:14:10.303670+00:00
[2022-08-14 06:14:10,341] {processor.py:161} INFO - Processing /home/airflow/.local/lib/python3.7/site-packages/airflow/example_dags/example_skip_dag.py took 0.213 seconds
[2022-08-14 06:14:40,902] {processor.py:153} INFO - Started process (PID=1718) to work on /home/airflow/.local/lib/python3.7/site-packages/airflow/example_dags/example_skip_dag.py
[2022-08-14 06:14:40,908] {processor.py:641} INFO - Processing file /home/airflow/.local/lib/python3.7/site-packages/airflow/example_dags/example_skip_dag.py for tasks to queue
[2022-08-14 06:14:40,910] {logging_mixin.py:115} INFO - [2022-08-14 06:14:40,910] {dagbag.py:508} INFO - Filling up the DagBag from /home/airflow/.local/lib/python3.7/site-packages/airflow/example_dags/example_skip_dag.py
[2022-08-14 06:14:40,945] {processor.py:651} INFO - DAG(s) dict_keys(['example_skip_dag']) retrieved from /home/airflow/.local/lib/python3.7/site-packages/airflow/example_dags/example_skip_dag.py
[2022-08-14 06:14:41,191] {logging_mixin.py:115} INFO - [2022-08-14 06:14:41,191] {dag.py:2420} INFO - Sync 1 DAGs
[2022-08-14 06:14:41,509] {logging_mixin.py:115} INFO - [2022-08-14 06:14:41,508] {dag.py:2972} INFO - Setting next_dagrun for example_skip_dag to 2022-08-13T06:14:41.508509+00:00, run_after=2022-08-14T06:14:41.508509+00:00
[2022-08-14 06:14:41,662] {processor.py:161} INFO - Processing /home/airflow/.local/lib/python3.7/site-packages/airflow/example_dags/example_skip_dag.py took 0.776 seconds
[2022-08-14 06:15:12,018] {processor.py:153} INFO - Started process (PID=1780) to work on /home/airflow/.local/lib/python3.7/site-packages/airflow/example_dags/example_skip_dag.py
[2022-08-14 06:15:12,021] {processor.py:641} INFO - Processing file /home/airflow/.local/lib/python3.7/site-packages/airflow/example_dags/example_skip_dag.py for tasks to queue
[2022-08-14 06:15:12,025] {logging_mixin.py:115} INFO - [2022-08-14 06:15:12,024] {dagbag.py:508} INFO - Filling up the DagBag from /home/airflow/.local/lib/python3.7/site-packages/airflow/example_dags/example_skip_dag.py
[2022-08-14 06:15:12,055] {processor.py:651} INFO - DAG(s) dict_keys(['example_skip_dag']) retrieved from /home/airflow/.local/lib/python3.7/site-packages/airflow/example_dags/example_skip_dag.py
[2022-08-14 06:15:12,153] {logging_mixin.py:115} INFO - [2022-08-14 06:15:12,153] {dag.py:2420} INFO - Sync 1 DAGs
[2022-08-14 06:15:12,225] {logging_mixin.py:115} INFO - [2022-08-14 06:15:12,225] {dag.py:2972} INFO - Setting next_dagrun for example_skip_dag to 2022-08-13T06:15:12.224684+00:00, run_after=2022-08-14T06:15:12.224684+00:00
[2022-08-14 06:15:12,269] {processor.py:161} INFO - Processing /home/airflow/.local/lib/python3.7/site-packages/airflow/example_dags/example_skip_dag.py took 0.263 seconds
[2022-08-14 06:15:42,765] {processor.py:153} INFO - Started process (PID=1834) to work on /home/airflow/.local/lib/python3.7/site-packages/airflow/example_dags/example_skip_dag.py
[2022-08-14 06:15:42,767] {processor.py:641} INFO - Processing file /home/airflow/.local/lib/python3.7/site-packages/airflow/example_dags/example_skip_dag.py for tasks to queue
[2022-08-14 06:15:42,776] {logging_mixin.py:115} INFO - [2022-08-14 06:15:42,775] {dagbag.py:508} INFO - Filling up the DagBag from /home/airflow/.local/lib/python3.7/site-packages/airflow/example_dags/example_skip_dag.py
[2022-08-14 06:15:42,802] {processor.py:651} INFO - DAG(s) dict_keys(['example_skip_dag']) retrieved from /home/airflow/.local/lib/python3.7/site-packages/airflow/example_dags/example_skip_dag.py
[2022-08-14 06:15:42,871] {logging_mixin.py:115} INFO - [2022-08-14 06:15:42,871] {dag.py:2420} INFO - Sync 1 DAGs
[2022-08-14 06:15:42,921] {logging_mixin.py:115} INFO - [2022-08-14 06:15:42,920] {dag.py:2972} INFO - Setting next_dagrun for example_skip_dag to 2022-08-13T06:15:42.920501+00:00, run_after=2022-08-14T06:15:42.920501+00:00
[2022-08-14 06:15:42,959] {processor.py:161} INFO - Processing /home/airflow/.local/lib/python3.7/site-packages/airflow/example_dags/example_skip_dag.py took 0.210 seconds
[2022-08-14 06:16:14,418] {processor.py:153} INFO - Started process (PID=1887) to work on /home/airflow/.local/lib/python3.7/site-packages/airflow/example_dags/example_skip_dag.py
[2022-08-14 06:16:14,420] {processor.py:641} INFO - Processing file /home/airflow/.local/lib/python3.7/site-packages/airflow/example_dags/example_skip_dag.py for tasks to queue
[2022-08-14 06:16:14,422] {logging_mixin.py:115} INFO - [2022-08-14 06:16:14,422] {dagbag.py:508} INFO - Filling up the DagBag from /home/airflow/.local/lib/python3.7/site-packages/airflow/example_dags/example_skip_dag.py
[2022-08-14 06:16:14,443] {processor.py:651} INFO - DAG(s) dict_keys(['example_skip_dag']) retrieved from /home/airflow/.local/lib/python3.7/site-packages/airflow/example_dags/example_skip_dag.py
[2022-08-14 06:16:14,581] {logging_mixin.py:115} INFO - [2022-08-14 06:16:14,581] {dag.py:2420} INFO - Sync 1 DAGs
[2022-08-14 06:16:14,844] {logging_mixin.py:115} INFO - [2022-08-14 06:16:14,844] {dag.py:2972} INFO - Setting next_dagrun for example_skip_dag to 2022-08-13T06:16:14.843545+00:00, run_after=2022-08-14T06:16:14.843545+00:00
[2022-08-14 06:16:14,991] {processor.py:161} INFO - Processing /home/airflow/.local/lib/python3.7/site-packages/airflow/example_dags/example_skip_dag.py took 0.591 seconds
[2022-08-14 06:16:47,371] {processor.py:153} INFO - Started process (PID=1932) to work on /home/airflow/.local/lib/python3.7/site-packages/airflow/example_dags/example_skip_dag.py
[2022-08-14 06:16:47,404] {processor.py:641} INFO - Processing file /home/airflow/.local/lib/python3.7/site-packages/airflow/example_dags/example_skip_dag.py for tasks to queue
[2022-08-14 06:16:47,455] {logging_mixin.py:115} INFO - [2022-08-14 06:16:47,455] {dagbag.py:508} INFO - Filling up the DagBag from /home/airflow/.local/lib/python3.7/site-packages/airflow/example_dags/example_skip_dag.py
[2022-08-14 06:16:47,674] {processor.py:651} INFO - DAG(s) dict_keys(['example_skip_dag']) retrieved from /home/airflow/.local/lib/python3.7/site-packages/airflow/example_dags/example_skip_dag.py
[2022-08-14 06:16:49,272] {logging_mixin.py:115} INFO - [2022-08-14 06:16:49,272] {dag.py:2420} INFO - Sync 1 DAGs
[2022-08-14 06:16:49,972] {logging_mixin.py:115} INFO - [2022-08-14 06:16:49,972] {dag.py:2972} INFO - Setting next_dagrun for example_skip_dag to 2022-08-13T06:16:49.971919+00:00, run_after=2022-08-14T06:16:49.971919+00:00
[2022-08-14 06:16:50,857] {processor.py:161} INFO - Processing /home/airflow/.local/lib/python3.7/site-packages/airflow/example_dags/example_skip_dag.py took 3.569 seconds
[2022-08-14 06:17:43,075] {processor.py:153} INFO - Started process (PID=1998) to work on /home/airflow/.local/lib/python3.7/site-packages/airflow/example_dags/example_skip_dag.py
[2022-08-14 06:17:43,079] {processor.py:641} INFO - Processing file /home/airflow/.local/lib/python3.7/site-packages/airflow/example_dags/example_skip_dag.py for tasks to queue
[2022-08-14 06:17:43,087] {logging_mixin.py:115} INFO - [2022-08-14 06:17:43,087] {dagbag.py:508} INFO - Filling up the DagBag from /home/airflow/.local/lib/python3.7/site-packages/airflow/example_dags/example_skip_dag.py
[2022-08-14 06:17:43,142] {processor.py:651} INFO - DAG(s) dict_keys(['example_skip_dag']) retrieved from /home/airflow/.local/lib/python3.7/site-packages/airflow/example_dags/example_skip_dag.py
[2022-08-14 06:17:43,261] {logging_mixin.py:115} INFO - [2022-08-14 06:17:43,261] {dag.py:2420} INFO - Sync 1 DAGs
[2022-08-14 06:17:43,300] {logging_mixin.py:115} INFO - [2022-08-14 06:17:43,300] {dag.py:2972} INFO - Setting next_dagrun for example_skip_dag to 2022-08-13T06:17:43.300372+00:00, run_after=2022-08-14T06:17:43.300372+00:00
[2022-08-14 06:17:43,329] {processor.py:161} INFO - Processing /home/airflow/.local/lib/python3.7/site-packages/airflow/example_dags/example_skip_dag.py took 0.266 seconds
[2022-08-14 07:14:09,600] {processor.py:153} INFO - Started process (PID=2083) to work on /home/airflow/.local/lib/python3.7/site-packages/airflow/example_dags/example_skip_dag.py
[2022-08-14 07:14:09,613] {processor.py:641} INFO - Processing file /home/airflow/.local/lib/python3.7/site-packages/airflow/example_dags/example_skip_dag.py for tasks to queue
[2022-08-14 07:14:09,642] {logging_mixin.py:115} INFO - [2022-08-14 07:14:09,641] {dagbag.py:508} INFO - Filling up the DagBag from /home/airflow/.local/lib/python3.7/site-packages/airflow/example_dags/example_skip_dag.py
[2022-08-14 07:14:09,718] {processor.py:651} INFO - DAG(s) dict_keys(['example_skip_dag']) retrieved from /home/airflow/.local/lib/python3.7/site-packages/airflow/example_dags/example_skip_dag.py
[2022-08-14 07:14:09,980] {logging_mixin.py:115} INFO - [2022-08-14 07:14:09,980] {dag.py:2420} INFO - Sync 1 DAGs
[2022-08-14 07:14:10,174] {logging_mixin.py:115} INFO - [2022-08-14 07:14:10,173] {dag.py:2972} INFO - Setting next_dagrun for example_skip_dag to 2022-08-13T07:14:10.173366+00:00, run_after=2022-08-14T07:14:10.173366+00:00
[2022-08-14 07:14:10,320] {processor.py:161} INFO - Processing /home/airflow/.local/lib/python3.7/site-packages/airflow/example_dags/example_skip_dag.py took 0.774 seconds
[2022-08-14 07:14:40,682] {processor.py:153} INFO - Started process (PID=2142) to work on /home/airflow/.local/lib/python3.7/site-packages/airflow/example_dags/example_skip_dag.py
[2022-08-14 07:14:40,684] {processor.py:641} INFO - Processing file /home/airflow/.local/lib/python3.7/site-packages/airflow/example_dags/example_skip_dag.py for tasks to queue
[2022-08-14 07:14:40,690] {logging_mixin.py:115} INFO - [2022-08-14 07:14:40,690] {dagbag.py:508} INFO - Filling up the DagBag from /home/airflow/.local/lib/python3.7/site-packages/airflow/example_dags/example_skip_dag.py
[2022-08-14 07:14:40,701] {processor.py:651} INFO - DAG(s) dict_keys(['example_skip_dag']) retrieved from /home/airflow/.local/lib/python3.7/site-packages/airflow/example_dags/example_skip_dag.py
[2022-08-14 07:14:40,752] {logging_mixin.py:115} INFO - [2022-08-14 07:14:40,752] {dag.py:2420} INFO - Sync 1 DAGs
[2022-08-14 07:14:40,792] {logging_mixin.py:115} INFO - [2022-08-14 07:14:40,792] {dag.py:2972} INFO - Setting next_dagrun for example_skip_dag to 2022-08-13T07:14:40.792273+00:00, run_after=2022-08-14T07:14:40.792273+00:00
[2022-08-14 07:14:40,816] {processor.py:161} INFO - Processing /home/airflow/.local/lib/python3.7/site-packages/airflow/example_dags/example_skip_dag.py took 0.141 seconds
[2022-08-14 07:15:11,360] {processor.py:153} INFO - Started process (PID=2195) to work on /home/airflow/.local/lib/python3.7/site-packages/airflow/example_dags/example_skip_dag.py
[2022-08-14 07:15:11,361] {processor.py:641} INFO - Processing file /home/airflow/.local/lib/python3.7/site-packages/airflow/example_dags/example_skip_dag.py for tasks to queue
[2022-08-14 07:15:11,363] {logging_mixin.py:115} INFO - [2022-08-14 07:15:11,363] {dagbag.py:508} INFO - Filling up the DagBag from /home/airflow/.local/lib/python3.7/site-packages/airflow/example_dags/example_skip_dag.py
[2022-08-14 07:15:11,374] {processor.py:651} INFO - DAG(s) dict_keys(['example_skip_dag']) retrieved from /home/airflow/.local/lib/python3.7/site-packages/airflow/example_dags/example_skip_dag.py
[2022-08-14 07:15:11,416] {logging_mixin.py:115} INFO - [2022-08-14 07:15:11,416] {dag.py:2420} INFO - Sync 1 DAGs
[2022-08-14 07:15:11,453] {logging_mixin.py:115} INFO - [2022-08-14 07:15:11,452] {dag.py:2972} INFO - Setting next_dagrun for example_skip_dag to 2022-08-13T07:15:11.452218+00:00, run_after=2022-08-14T07:15:11.452218+00:00
[2022-08-14 07:15:11,501] {processor.py:161} INFO - Processing /home/airflow/.local/lib/python3.7/site-packages/airflow/example_dags/example_skip_dag.py took 0.147 seconds
[2022-08-14 07:15:42,137] {processor.py:153} INFO - Started process (PID=2248) to work on /home/airflow/.local/lib/python3.7/site-packages/airflow/example_dags/example_skip_dag.py
[2022-08-14 07:15:42,140] {processor.py:641} INFO - Processing file /home/airflow/.local/lib/python3.7/site-packages/airflow/example_dags/example_skip_dag.py for tasks to queue
[2022-08-14 07:15:42,142] {logging_mixin.py:115} INFO - [2022-08-14 07:15:42,142] {dagbag.py:508} INFO - Filling up the DagBag from /home/airflow/.local/lib/python3.7/site-packages/airflow/example_dags/example_skip_dag.py
[2022-08-14 07:15:42,158] {processor.py:651} INFO - DAG(s) dict_keys(['example_skip_dag']) retrieved from /home/airflow/.local/lib/python3.7/site-packages/airflow/example_dags/example_skip_dag.py
[2022-08-14 07:15:42,239] {logging_mixin.py:115} INFO - [2022-08-14 07:15:42,239] {dag.py:2420} INFO - Sync 1 DAGs
[2022-08-14 07:15:42,283] {logging_mixin.py:115} INFO - [2022-08-14 07:15:42,283] {dag.py:2972} INFO - Setting next_dagrun for example_skip_dag to 2022-08-13T07:15:42.283079+00:00, run_after=2022-08-14T07:15:42.283079+00:00
[2022-08-14 07:15:42,311] {processor.py:161} INFO - Processing /home/airflow/.local/lib/python3.7/site-packages/airflow/example_dags/example_skip_dag.py took 0.182 seconds
