[2022-08-14 05:58:06,783] {processor.py:153} INFO - Started process (PID=76) to work on /home/airflow/.local/lib/python3.7/site-packages/airflow/example_dags/example_branch_day_of_week_operator.py
[2022-08-14 05:58:06,790] {processor.py:641} INFO - Processing file /home/airflow/.local/lib/python3.7/site-packages/airflow/example_dags/example_branch_day_of_week_operator.py for tasks to queue
[2022-08-14 05:58:06,798] {logging_mixin.py:115} INFO - [2022-08-14 05:58:06,798] {dagbag.py:508} INFO - Filling up the DagBag from /home/airflow/.local/lib/python3.7/site-packages/airflow/example_dags/example_branch_day_of_week_operator.py
[2022-08-14 05:58:06,945] {processor.py:651} INFO - DAG(s) dict_keys(['example_weekday_branch_operator']) retrieved from /home/airflow/.local/lib/python3.7/site-packages/airflow/example_dags/example_branch_day_of_week_operator.py
[2022-08-14 05:58:07,841] {logging_mixin.py:115} INFO - [2022-08-14 05:58:07,841] {manager.py:508} INFO - Created Permission View: can read on DAG:example_weekday_branch_operator
[2022-08-14 05:58:08,000] {logging_mixin.py:115} INFO - [2022-08-14 05:58:08,000] {manager.py:508} INFO - Created Permission View: can delete on DAG:example_weekday_branch_operator
[2022-08-14 05:58:08,061] {logging_mixin.py:115} INFO - [2022-08-14 05:58:08,060] {manager.py:508} INFO - Created Permission View: can edit on DAG:example_weekday_branch_operator
[2022-08-14 05:58:08,066] {logging_mixin.py:115} INFO - [2022-08-14 05:58:08,066] {dag.py:2420} INFO - Sync 1 DAGs
[2022-08-14 05:58:08,184] {logging_mixin.py:115} INFO - [2022-08-14 05:58:08,184] {dag.py:2439} INFO - Creating ORM DAG for example_weekday_branch_operator
[2022-08-14 05:58:08,315] {logging_mixin.py:115} INFO - [2022-08-14 05:58:08,315] {dag.py:2972} INFO - Setting next_dagrun for example_weekday_branch_operator to 2022-08-13T00:00:00+00:00, run_after=2022-08-14T00:00:00+00:00
[2022-08-14 05:58:08,469] {processor.py:161} INFO - Processing /home/airflow/.local/lib/python3.7/site-packages/airflow/example_dags/example_branch_day_of_week_operator.py took 1.716 seconds
[2022-08-14 05:58:54,075] {processor.py:153} INFO - Started process (PID=128) to work on /home/airflow/.local/lib/python3.7/site-packages/airflow/example_dags/example_branch_day_of_week_operator.py
[2022-08-14 05:58:54,079] {processor.py:641} INFO - Processing file /home/airflow/.local/lib/python3.7/site-packages/airflow/example_dags/example_branch_day_of_week_operator.py for tasks to queue
[2022-08-14 05:58:54,087] {logging_mixin.py:115} INFO - [2022-08-14 05:58:54,086] {dagbag.py:508} INFO - Filling up the DagBag from /home/airflow/.local/lib/python3.7/site-packages/airflow/example_dags/example_branch_day_of_week_operator.py
[2022-08-14 05:58:54,162] {processor.py:651} INFO - DAG(s) dict_keys(['example_weekday_branch_operator']) retrieved from /home/airflow/.local/lib/python3.7/site-packages/airflow/example_dags/example_branch_day_of_week_operator.py
[2022-08-14 05:58:54,343] {logging_mixin.py:115} INFO - [2022-08-14 05:58:54,343] {dag.py:2420} INFO - Sync 1 DAGs
[2022-08-14 05:58:54,503] {logging_mixin.py:115} INFO - [2022-08-14 05:58:54,501] {dag.py:2972} INFO - Setting next_dagrun for example_weekday_branch_operator to 2022-08-13T00:00:00+00:00, run_after=2022-08-14T00:00:00+00:00
[2022-08-14 05:58:54,618] {processor.py:161} INFO - Processing /home/airflow/.local/lib/python3.7/site-packages/airflow/example_dags/example_branch_day_of_week_operator.py took 0.561 seconds
[2022-08-14 05:59:25,752] {processor.py:153} INFO - Started process (PID=182) to work on /home/airflow/.local/lib/python3.7/site-packages/airflow/example_dags/example_branch_day_of_week_operator.py
[2022-08-14 05:59:25,755] {processor.py:641} INFO - Processing file /home/airflow/.local/lib/python3.7/site-packages/airflow/example_dags/example_branch_day_of_week_operator.py for tasks to queue
[2022-08-14 05:59:25,758] {logging_mixin.py:115} INFO - [2022-08-14 05:59:25,758] {dagbag.py:508} INFO - Filling up the DagBag from /home/airflow/.local/lib/python3.7/site-packages/airflow/example_dags/example_branch_day_of_week_operator.py
[2022-08-14 05:59:25,809] {processor.py:651} INFO - DAG(s) dict_keys(['example_weekday_branch_operator']) retrieved from /home/airflow/.local/lib/python3.7/site-packages/airflow/example_dags/example_branch_day_of_week_operator.py
[2022-08-14 05:59:25,961] {logging_mixin.py:115} INFO - [2022-08-14 05:59:25,961] {dag.py:2420} INFO - Sync 1 DAGs
[2022-08-14 05:59:26,111] {logging_mixin.py:115} INFO - [2022-08-14 05:59:26,111] {dag.py:2972} INFO - Setting next_dagrun for example_weekday_branch_operator to 2022-08-13T00:00:00+00:00, run_after=2022-08-14T00:00:00+00:00
[2022-08-14 05:59:26,273] {processor.py:161} INFO - Processing /home/airflow/.local/lib/python3.7/site-packages/airflow/example_dags/example_branch_day_of_week_operator.py took 0.543 seconds
[2022-08-14 05:59:56,793] {processor.py:153} INFO - Started process (PID=236) to work on /home/airflow/.local/lib/python3.7/site-packages/airflow/example_dags/example_branch_day_of_week_operator.py
[2022-08-14 05:59:56,805] {processor.py:641} INFO - Processing file /home/airflow/.local/lib/python3.7/site-packages/airflow/example_dags/example_branch_day_of_week_operator.py for tasks to queue
[2022-08-14 05:59:56,809] {logging_mixin.py:115} INFO - [2022-08-14 05:59:56,809] {dagbag.py:508} INFO - Filling up the DagBag from /home/airflow/.local/lib/python3.7/site-packages/airflow/example_dags/example_branch_day_of_week_operator.py
[2022-08-14 05:59:56,864] {processor.py:651} INFO - DAG(s) dict_keys(['example_weekday_branch_operator']) retrieved from /home/airflow/.local/lib/python3.7/site-packages/airflow/example_dags/example_branch_day_of_week_operator.py
[2022-08-14 05:59:57,002] {logging_mixin.py:115} INFO - [2022-08-14 05:59:57,002] {dag.py:2420} INFO - Sync 1 DAGs
[2022-08-14 05:59:57,062] {logging_mixin.py:115} INFO - [2022-08-14 05:59:57,062] {dag.py:2972} INFO - Setting next_dagrun for example_weekday_branch_operator to 2022-08-13T00:00:00+00:00, run_after=2022-08-14T00:00:00+00:00
[2022-08-14 05:59:57,105] {processor.py:161} INFO - Processing /home/airflow/.local/lib/python3.7/site-packages/airflow/example_dags/example_branch_day_of_week_operator.py took 0.343 seconds
[2022-08-14 06:00:27,741] {processor.py:153} INFO - Started process (PID=290) to work on /home/airflow/.local/lib/python3.7/site-packages/airflow/example_dags/example_branch_day_of_week_operator.py
[2022-08-14 06:00:27,747] {processor.py:641} INFO - Processing file /home/airflow/.local/lib/python3.7/site-packages/airflow/example_dags/example_branch_day_of_week_operator.py for tasks to queue
[2022-08-14 06:00:27,750] {logging_mixin.py:115} INFO - [2022-08-14 06:00:27,750] {dagbag.py:508} INFO - Filling up the DagBag from /home/airflow/.local/lib/python3.7/site-packages/airflow/example_dags/example_branch_day_of_week_operator.py
[2022-08-14 06:00:27,831] {processor.py:651} INFO - DAG(s) dict_keys(['example_weekday_branch_operator']) retrieved from /home/airflow/.local/lib/python3.7/site-packages/airflow/example_dags/example_branch_day_of_week_operator.py
[2022-08-14 06:00:28,030] {logging_mixin.py:115} INFO - [2022-08-14 06:00:28,030] {dag.py:2420} INFO - Sync 1 DAGs
[2022-08-14 06:00:28,175] {logging_mixin.py:115} INFO - [2022-08-14 06:00:28,175] {dag.py:2972} INFO - Setting next_dagrun for example_weekday_branch_operator to 2022-08-13T00:00:00+00:00, run_after=2022-08-14T00:00:00+00:00
[2022-08-14 06:00:28,256] {processor.py:161} INFO - Processing /home/airflow/.local/lib/python3.7/site-packages/airflow/example_dags/example_branch_day_of_week_operator.py took 0.536 seconds
[2022-08-14 06:00:58,624] {processor.py:153} INFO - Started process (PID=343) to work on /home/airflow/.local/lib/python3.7/site-packages/airflow/example_dags/example_branch_day_of_week_operator.py
[2022-08-14 06:00:58,632] {processor.py:641} INFO - Processing file /home/airflow/.local/lib/python3.7/site-packages/airflow/example_dags/example_branch_day_of_week_operator.py for tasks to queue
[2022-08-14 06:00:58,637] {logging_mixin.py:115} INFO - [2022-08-14 06:00:58,637] {dagbag.py:508} INFO - Filling up the DagBag from /home/airflow/.local/lib/python3.7/site-packages/airflow/example_dags/example_branch_day_of_week_operator.py
[2022-08-14 06:00:58,759] {processor.py:651} INFO - DAG(s) dict_keys(['example_weekday_branch_operator']) retrieved from /home/airflow/.local/lib/python3.7/site-packages/airflow/example_dags/example_branch_day_of_week_operator.py
[2022-08-14 06:00:59,113] {logging_mixin.py:115} INFO - [2022-08-14 06:00:59,113] {dag.py:2420} INFO - Sync 1 DAGs
[2022-08-14 06:00:59,329] {logging_mixin.py:115} INFO - [2022-08-14 06:00:59,328] {dag.py:2972} INFO - Setting next_dagrun for example_weekday_branch_operator to 2022-08-13T00:00:00+00:00, run_after=2022-08-14T00:00:00+00:00
[2022-08-14 06:00:59,402] {processor.py:161} INFO - Processing /home/airflow/.local/lib/python3.7/site-packages/airflow/example_dags/example_branch_day_of_week_operator.py took 0.840 seconds
[2022-08-14 06:01:29,765] {processor.py:153} INFO - Started process (PID=396) to work on /home/airflow/.local/lib/python3.7/site-packages/airflow/example_dags/example_branch_day_of_week_operator.py
[2022-08-14 06:01:29,769] {processor.py:641} INFO - Processing file /home/airflow/.local/lib/python3.7/site-packages/airflow/example_dags/example_branch_day_of_week_operator.py for tasks to queue
[2022-08-14 06:01:29,772] {logging_mixin.py:115} INFO - [2022-08-14 06:01:29,771] {dagbag.py:508} INFO - Filling up the DagBag from /home/airflow/.local/lib/python3.7/site-packages/airflow/example_dags/example_branch_day_of_week_operator.py
[2022-08-14 06:01:29,818] {processor.py:651} INFO - DAG(s) dict_keys(['example_weekday_branch_operator']) retrieved from /home/airflow/.local/lib/python3.7/site-packages/airflow/example_dags/example_branch_day_of_week_operator.py
[2022-08-14 06:01:29,959] {logging_mixin.py:115} INFO - [2022-08-14 06:01:29,959] {dag.py:2420} INFO - Sync 1 DAGs
[2022-08-14 06:01:30,208] {logging_mixin.py:115} INFO - [2022-08-14 06:01:30,208] {dag.py:2972} INFO - Setting next_dagrun for example_weekday_branch_operator to 2022-08-13T00:00:00+00:00, run_after=2022-08-14T00:00:00+00:00
[2022-08-14 06:01:30,337] {processor.py:161} INFO - Processing /home/airflow/.local/lib/python3.7/site-packages/airflow/example_dags/example_branch_day_of_week_operator.py took 0.597 seconds
[2022-08-14 06:02:01,486] {processor.py:153} INFO - Started process (PID=449) to work on /home/airflow/.local/lib/python3.7/site-packages/airflow/example_dags/example_branch_day_of_week_operator.py
[2022-08-14 06:02:01,490] {processor.py:641} INFO - Processing file /home/airflow/.local/lib/python3.7/site-packages/airflow/example_dags/example_branch_day_of_week_operator.py for tasks to queue
[2022-08-14 06:02:01,496] {logging_mixin.py:115} INFO - [2022-08-14 06:02:01,495] {dagbag.py:508} INFO - Filling up the DagBag from /home/airflow/.local/lib/python3.7/site-packages/airflow/example_dags/example_branch_day_of_week_operator.py
[2022-08-14 06:02:01,534] {processor.py:651} INFO - DAG(s) dict_keys(['example_weekday_branch_operator']) retrieved from /home/airflow/.local/lib/python3.7/site-packages/airflow/example_dags/example_branch_day_of_week_operator.py
[2022-08-14 06:02:01,616] {logging_mixin.py:115} INFO - [2022-08-14 06:02:01,616] {dag.py:2420} INFO - Sync 1 DAGs
[2022-08-14 06:02:01,686] {logging_mixin.py:115} INFO - [2022-08-14 06:02:01,686] {dag.py:2972} INFO - Setting next_dagrun for example_weekday_branch_operator to 2022-08-13T00:00:00+00:00, run_after=2022-08-14T00:00:00+00:00
[2022-08-14 06:02:01,776] {processor.py:161} INFO - Processing /home/airflow/.local/lib/python3.7/site-packages/airflow/example_dags/example_branch_day_of_week_operator.py took 0.316 seconds
[2022-08-14 06:02:35,320] {processor.py:153} INFO - Started process (PID=502) to work on /home/airflow/.local/lib/python3.7/site-packages/airflow/example_dags/example_branch_day_of_week_operator.py
[2022-08-14 06:02:35,350] {processor.py:641} INFO - Processing file /home/airflow/.local/lib/python3.7/site-packages/airflow/example_dags/example_branch_day_of_week_operator.py for tasks to queue
[2022-08-14 06:02:35,356] {logging_mixin.py:115} INFO - [2022-08-14 06:02:35,356] {dagbag.py:508} INFO - Filling up the DagBag from /home/airflow/.local/lib/python3.7/site-packages/airflow/example_dags/example_branch_day_of_week_operator.py
[2022-08-14 06:02:35,489] {processor.py:651} INFO - DAG(s) dict_keys(['example_weekday_branch_operator']) retrieved from /home/airflow/.local/lib/python3.7/site-packages/airflow/example_dags/example_branch_day_of_week_operator.py
[2022-08-14 06:02:36,211] {logging_mixin.py:115} INFO - [2022-08-14 06:02:36,211] {dag.py:2420} INFO - Sync 1 DAGs
[2022-08-14 06:02:36,706] {logging_mixin.py:115} INFO - [2022-08-14 06:02:36,683] {dag.py:2972} INFO - Setting next_dagrun for example_weekday_branch_operator to 2022-08-13T00:00:00+00:00, run_after=2022-08-14T00:00:00+00:00
[2022-08-14 06:02:36,921] {processor.py:161} INFO - Processing /home/airflow/.local/lib/python3.7/site-packages/airflow/example_dags/example_branch_day_of_week_operator.py took 1.631 seconds
[2022-08-14 06:03:21,842] {processor.py:153} INFO - Started process (PID=554) to work on /home/airflow/.local/lib/python3.7/site-packages/airflow/example_dags/example_branch_day_of_week_operator.py
[2022-08-14 06:03:21,851] {processor.py:641} INFO - Processing file /home/airflow/.local/lib/python3.7/site-packages/airflow/example_dags/example_branch_day_of_week_operator.py for tasks to queue
[2022-08-14 06:03:21,860] {logging_mixin.py:115} INFO - [2022-08-14 06:03:21,860] {dagbag.py:508} INFO - Filling up the DagBag from /home/airflow/.local/lib/python3.7/site-packages/airflow/example_dags/example_branch_day_of_week_operator.py
[2022-08-14 06:03:22,149] {processor.py:651} INFO - DAG(s) dict_keys(['example_weekday_branch_operator']) retrieved from /home/airflow/.local/lib/python3.7/site-packages/airflow/example_dags/example_branch_day_of_week_operator.py
[2022-08-14 06:03:22,669] {logging_mixin.py:115} INFO - [2022-08-14 06:03:22,669] {dag.py:2420} INFO - Sync 1 DAGs
[2022-08-14 06:03:23,288] {logging_mixin.py:115} INFO - [2022-08-14 06:03:23,287] {dag.py:2972} INFO - Setting next_dagrun for example_weekday_branch_operator to 2022-08-13T00:00:00+00:00, run_after=2022-08-14T00:00:00+00:00
[2022-08-14 06:03:23,427] {processor.py:161} INFO - Processing /home/airflow/.local/lib/python3.7/site-packages/airflow/example_dags/example_branch_day_of_week_operator.py took 1.723 seconds
[2022-08-14 06:04:11,228] {processor.py:153} INFO - Started process (PID=614) to work on /home/airflow/.local/lib/python3.7/site-packages/airflow/example_dags/example_branch_day_of_week_operator.py
[2022-08-14 06:04:11,256] {processor.py:641} INFO - Processing file /home/airflow/.local/lib/python3.7/site-packages/airflow/example_dags/example_branch_day_of_week_operator.py for tasks to queue
[2022-08-14 06:04:11,263] {logging_mixin.py:115} INFO - [2022-08-14 06:04:11,261] {dagbag.py:508} INFO - Filling up the DagBag from /home/airflow/.local/lib/python3.7/site-packages/airflow/example_dags/example_branch_day_of_week_operator.py
[2022-08-14 06:04:11,398] {processor.py:651} INFO - DAG(s) dict_keys(['example_weekday_branch_operator']) retrieved from /home/airflow/.local/lib/python3.7/site-packages/airflow/example_dags/example_branch_day_of_week_operator.py
[2022-08-14 06:04:11,859] {logging_mixin.py:115} INFO - [2022-08-14 06:04:11,859] {dag.py:2420} INFO - Sync 1 DAGs
[2022-08-14 06:04:12,508] {logging_mixin.py:115} INFO - [2022-08-14 06:04:12,508] {dag.py:2972} INFO - Setting next_dagrun for example_weekday_branch_operator to 2022-08-13T00:00:00+00:00, run_after=2022-08-14T00:00:00+00:00
[2022-08-14 06:04:12,667] {processor.py:161} INFO - Processing /home/airflow/.local/lib/python3.7/site-packages/airflow/example_dags/example_branch_day_of_week_operator.py took 1.475 seconds
[2022-08-14 06:04:45,872] {processor.py:153} INFO - Started process (PID=656) to work on /home/airflow/.local/lib/python3.7/site-packages/airflow/example_dags/example_branch_day_of_week_operator.py
[2022-08-14 06:04:45,877] {processor.py:641} INFO - Processing file /home/airflow/.local/lib/python3.7/site-packages/airflow/example_dags/example_branch_day_of_week_operator.py for tasks to queue
[2022-08-14 06:04:45,883] {logging_mixin.py:115} INFO - [2022-08-14 06:04:45,882] {dagbag.py:508} INFO - Filling up the DagBag from /home/airflow/.local/lib/python3.7/site-packages/airflow/example_dags/example_branch_day_of_week_operator.py
[2022-08-14 06:04:45,907] {processor.py:651} INFO - DAG(s) dict_keys(['example_weekday_branch_operator']) retrieved from /home/airflow/.local/lib/python3.7/site-packages/airflow/example_dags/example_branch_day_of_week_operator.py
[2022-08-14 06:04:45,975] {logging_mixin.py:115} INFO - [2022-08-14 06:04:45,975] {dag.py:2420} INFO - Sync 1 DAGs
[2022-08-14 06:04:46,037] {logging_mixin.py:115} INFO - [2022-08-14 06:04:46,037] {dag.py:2972} INFO - Setting next_dagrun for example_weekday_branch_operator to 2022-08-13T00:00:00+00:00, run_after=2022-08-14T00:00:00+00:00
[2022-08-14 06:04:46,069] {processor.py:161} INFO - Processing /home/airflow/.local/lib/python3.7/site-packages/airflow/example_dags/example_branch_day_of_week_operator.py took 0.212 seconds
[2022-08-14 06:05:20,636] {processor.py:153} INFO - Started process (PID=714) to work on /home/airflow/.local/lib/python3.7/site-packages/airflow/example_dags/example_branch_day_of_week_operator.py
[2022-08-14 06:05:20,638] {processor.py:641} INFO - Processing file /home/airflow/.local/lib/python3.7/site-packages/airflow/example_dags/example_branch_day_of_week_operator.py for tasks to queue
[2022-08-14 06:05:20,640] {logging_mixin.py:115} INFO - [2022-08-14 06:05:20,640] {dagbag.py:508} INFO - Filling up the DagBag from /home/airflow/.local/lib/python3.7/site-packages/airflow/example_dags/example_branch_day_of_week_operator.py
[2022-08-14 06:05:20,663] {processor.py:651} INFO - DAG(s) dict_keys(['example_weekday_branch_operator']) retrieved from /home/airflow/.local/lib/python3.7/site-packages/airflow/example_dags/example_branch_day_of_week_operator.py
[2022-08-14 06:05:20,718] {logging_mixin.py:115} INFO - [2022-08-14 06:05:20,718] {dag.py:2420} INFO - Sync 1 DAGs
[2022-08-14 06:05:20,763] {logging_mixin.py:115} INFO - [2022-08-14 06:05:20,763] {dag.py:2972} INFO - Setting next_dagrun for example_weekday_branch_operator to 2022-08-13T00:00:00+00:00, run_after=2022-08-14T00:00:00+00:00
[2022-08-14 06:05:20,795] {processor.py:161} INFO - Processing /home/airflow/.local/lib/python3.7/site-packages/airflow/example_dags/example_branch_day_of_week_operator.py took 0.168 seconds
[2022-08-14 06:05:51,672] {processor.py:153} INFO - Started process (PID=769) to work on /home/airflow/.local/lib/python3.7/site-packages/airflow/example_dags/example_branch_day_of_week_operator.py
[2022-08-14 06:05:51,674] {processor.py:641} INFO - Processing file /home/airflow/.local/lib/python3.7/site-packages/airflow/example_dags/example_branch_day_of_week_operator.py for tasks to queue
[2022-08-14 06:05:51,676] {logging_mixin.py:115} INFO - [2022-08-14 06:05:51,676] {dagbag.py:508} INFO - Filling up the DagBag from /home/airflow/.local/lib/python3.7/site-packages/airflow/example_dags/example_branch_day_of_week_operator.py
[2022-08-14 06:05:51,700] {processor.py:651} INFO - DAG(s) dict_keys(['example_weekday_branch_operator']) retrieved from /home/airflow/.local/lib/python3.7/site-packages/airflow/example_dags/example_branch_day_of_week_operator.py
[2022-08-14 06:05:51,767] {logging_mixin.py:115} INFO - [2022-08-14 06:05:51,765] {dag.py:2420} INFO - Sync 1 DAGs
[2022-08-14 06:05:51,824] {logging_mixin.py:115} INFO - [2022-08-14 06:05:51,824] {dag.py:2972} INFO - Setting next_dagrun for example_weekday_branch_operator to 2022-08-13T00:00:00+00:00, run_after=2022-08-14T00:00:00+00:00
[2022-08-14 06:05:51,856] {processor.py:161} INFO - Processing /home/airflow/.local/lib/python3.7/site-packages/airflow/example_dags/example_branch_day_of_week_operator.py took 0.189 seconds
[2022-08-14 06:06:22,663] {processor.py:153} INFO - Started process (PID=821) to work on /home/airflow/.local/lib/python3.7/site-packages/airflow/example_dags/example_branch_day_of_week_operator.py
[2022-08-14 06:06:22,669] {processor.py:641} INFO - Processing file /home/airflow/.local/lib/python3.7/site-packages/airflow/example_dags/example_branch_day_of_week_operator.py for tasks to queue
[2022-08-14 06:06:22,674] {logging_mixin.py:115} INFO - [2022-08-14 06:06:22,673] {dagbag.py:508} INFO - Filling up the DagBag from /home/airflow/.local/lib/python3.7/site-packages/airflow/example_dags/example_branch_day_of_week_operator.py
[2022-08-14 06:06:22,727] {processor.py:651} INFO - DAG(s) dict_keys(['example_weekday_branch_operator']) retrieved from /home/airflow/.local/lib/python3.7/site-packages/airflow/example_dags/example_branch_day_of_week_operator.py
[2022-08-14 06:06:22,797] {logging_mixin.py:115} INFO - [2022-08-14 06:06:22,797] {dag.py:2420} INFO - Sync 1 DAGs
[2022-08-14 06:06:22,836] {logging_mixin.py:115} INFO - [2022-08-14 06:06:22,836] {dag.py:2972} INFO - Setting next_dagrun for example_weekday_branch_operator to 2022-08-13T00:00:00+00:00, run_after=2022-08-14T00:00:00+00:00
[2022-08-14 06:06:22,855] {processor.py:161} INFO - Processing /home/airflow/.local/lib/python3.7/site-packages/airflow/example_dags/example_branch_day_of_week_operator.py took 0.216 seconds
[2022-08-14 06:06:53,684] {processor.py:153} INFO - Started process (PID=874) to work on /home/airflow/.local/lib/python3.7/site-packages/airflow/example_dags/example_branch_day_of_week_operator.py
[2022-08-14 06:06:53,687] {processor.py:641} INFO - Processing file /home/airflow/.local/lib/python3.7/site-packages/airflow/example_dags/example_branch_day_of_week_operator.py for tasks to queue
[2022-08-14 06:06:53,691] {logging_mixin.py:115} INFO - [2022-08-14 06:06:53,690] {dagbag.py:508} INFO - Filling up the DagBag from /home/airflow/.local/lib/python3.7/site-packages/airflow/example_dags/example_branch_day_of_week_operator.py
[2022-08-14 06:06:53,733] {processor.py:651} INFO - DAG(s) dict_keys(['example_weekday_branch_operator']) retrieved from /home/airflow/.local/lib/python3.7/site-packages/airflow/example_dags/example_branch_day_of_week_operator.py
[2022-08-14 06:06:53,851] {logging_mixin.py:115} INFO - [2022-08-14 06:06:53,851] {dag.py:2420} INFO - Sync 1 DAGs
[2022-08-14 06:06:53,969] {logging_mixin.py:115} INFO - [2022-08-14 06:06:53,969] {dag.py:2972} INFO - Setting next_dagrun for example_weekday_branch_operator to 2022-08-13T00:00:00+00:00, run_after=2022-08-14T00:00:00+00:00
[2022-08-14 06:06:54,039] {processor.py:161} INFO - Processing /home/airflow/.local/lib/python3.7/site-packages/airflow/example_dags/example_branch_day_of_week_operator.py took 0.368 seconds
[2022-08-14 06:07:25,635] {processor.py:153} INFO - Started process (PID=926) to work on /home/airflow/.local/lib/python3.7/site-packages/airflow/example_dags/example_branch_day_of_week_operator.py
[2022-08-14 06:07:25,643] {processor.py:641} INFO - Processing file /home/airflow/.local/lib/python3.7/site-packages/airflow/example_dags/example_branch_day_of_week_operator.py for tasks to queue
[2022-08-14 06:07:25,645] {logging_mixin.py:115} INFO - [2022-08-14 06:07:25,645] {dagbag.py:508} INFO - Filling up the DagBag from /home/airflow/.local/lib/python3.7/site-packages/airflow/example_dags/example_branch_day_of_week_operator.py
[2022-08-14 06:07:25,704] {processor.py:651} INFO - DAG(s) dict_keys(['example_weekday_branch_operator']) retrieved from /home/airflow/.local/lib/python3.7/site-packages/airflow/example_dags/example_branch_day_of_week_operator.py
[2022-08-14 06:07:25,806] {logging_mixin.py:115} INFO - [2022-08-14 06:07:25,806] {dag.py:2420} INFO - Sync 1 DAGs
[2022-08-14 06:07:25,900] {logging_mixin.py:115} INFO - [2022-08-14 06:07:25,900] {dag.py:2972} INFO - Setting next_dagrun for example_weekday_branch_operator to 2022-08-13T00:00:00+00:00, run_after=2022-08-14T00:00:00+00:00
[2022-08-14 06:07:25,964] {processor.py:161} INFO - Processing /home/airflow/.local/lib/python3.7/site-packages/airflow/example_dags/example_branch_day_of_week_operator.py took 0.381 seconds
[2022-08-14 06:07:56,329] {processor.py:153} INFO - Started process (PID=979) to work on /home/airflow/.local/lib/python3.7/site-packages/airflow/example_dags/example_branch_day_of_week_operator.py
[2022-08-14 06:07:56,331] {processor.py:641} INFO - Processing file /home/airflow/.local/lib/python3.7/site-packages/airflow/example_dags/example_branch_day_of_week_operator.py for tasks to queue
[2022-08-14 06:07:56,337] {logging_mixin.py:115} INFO - [2022-08-14 06:07:56,337] {dagbag.py:508} INFO - Filling up the DagBag from /home/airflow/.local/lib/python3.7/site-packages/airflow/example_dags/example_branch_day_of_week_operator.py
[2022-08-14 06:07:56,356] {processor.py:651} INFO - DAG(s) dict_keys(['example_weekday_branch_operator']) retrieved from /home/airflow/.local/lib/python3.7/site-packages/airflow/example_dags/example_branch_day_of_week_operator.py
[2022-08-14 06:07:56,405] {logging_mixin.py:115} INFO - [2022-08-14 06:07:56,405] {dag.py:2420} INFO - Sync 1 DAGs
[2022-08-14 06:07:56,462] {logging_mixin.py:115} INFO - [2022-08-14 06:07:56,462] {dag.py:2972} INFO - Setting next_dagrun for example_weekday_branch_operator to 2022-08-13T00:00:00+00:00, run_after=2022-08-14T00:00:00+00:00
[2022-08-14 06:07:56,494] {processor.py:161} INFO - Processing /home/airflow/.local/lib/python3.7/site-packages/airflow/example_dags/example_branch_day_of_week_operator.py took 0.173 seconds
[2022-08-14 06:08:28,173] {processor.py:153} INFO - Started process (PID=1030) to work on /home/airflow/.local/lib/python3.7/site-packages/airflow/example_dags/example_branch_day_of_week_operator.py
[2022-08-14 06:08:28,179] {processor.py:641} INFO - Processing file /home/airflow/.local/lib/python3.7/site-packages/airflow/example_dags/example_branch_day_of_week_operator.py for tasks to queue
[2022-08-14 06:08:28,184] {logging_mixin.py:115} INFO - [2022-08-14 06:08:28,183] {dagbag.py:508} INFO - Filling up the DagBag from /home/airflow/.local/lib/python3.7/site-packages/airflow/example_dags/example_branch_day_of_week_operator.py
[2022-08-14 06:08:28,228] {processor.py:651} INFO - DAG(s) dict_keys(['example_weekday_branch_operator']) retrieved from /home/airflow/.local/lib/python3.7/site-packages/airflow/example_dags/example_branch_day_of_week_operator.py
[2022-08-14 06:08:28,377] {logging_mixin.py:115} INFO - [2022-08-14 06:08:28,377] {dag.py:2420} INFO - Sync 1 DAGs
[2022-08-14 06:08:28,517] {logging_mixin.py:115} INFO - [2022-08-14 06:08:28,517] {dag.py:2972} INFO - Setting next_dagrun for example_weekday_branch_operator to 2022-08-13T00:00:00+00:00, run_after=2022-08-14T00:00:00+00:00
[2022-08-14 06:08:28,604] {processor.py:161} INFO - Processing /home/airflow/.local/lib/python3.7/site-packages/airflow/example_dags/example_branch_day_of_week_operator.py took 0.456 seconds
[2022-08-14 06:08:58,820] {processor.py:153} INFO - Started process (PID=1088) to work on /home/airflow/.local/lib/python3.7/site-packages/airflow/example_dags/example_branch_day_of_week_operator.py
[2022-08-14 06:08:58,849] {processor.py:641} INFO - Processing file /home/airflow/.local/lib/python3.7/site-packages/airflow/example_dags/example_branch_day_of_week_operator.py for tasks to queue
[2022-08-14 06:08:58,854] {logging_mixin.py:115} INFO - [2022-08-14 06:08:58,854] {dagbag.py:508} INFO - Filling up the DagBag from /home/airflow/.local/lib/python3.7/site-packages/airflow/example_dags/example_branch_day_of_week_operator.py
[2022-08-14 06:08:58,911] {processor.py:651} INFO - DAG(s) dict_keys(['example_weekday_branch_operator']) retrieved from /home/airflow/.local/lib/python3.7/site-packages/airflow/example_dags/example_branch_day_of_week_operator.py
[2022-08-14 06:08:59,032] {logging_mixin.py:115} INFO - [2022-08-14 06:08:59,031] {dag.py:2420} INFO - Sync 1 DAGs
[2022-08-14 06:08:59,115] {logging_mixin.py:115} INFO - [2022-08-14 06:08:59,115] {dag.py:2972} INFO - Setting next_dagrun for example_weekday_branch_operator to 2022-08-13T00:00:00+00:00, run_after=2022-08-14T00:00:00+00:00
[2022-08-14 06:08:59,150] {processor.py:161} INFO - Processing /home/airflow/.local/lib/python3.7/site-packages/airflow/example_dags/example_branch_day_of_week_operator.py took 0.349 seconds
[2022-08-14 06:09:29,566] {processor.py:153} INFO - Started process (PID=1142) to work on /home/airflow/.local/lib/python3.7/site-packages/airflow/example_dags/example_branch_day_of_week_operator.py
[2022-08-14 06:09:29,574] {processor.py:641} INFO - Processing file /home/airflow/.local/lib/python3.7/site-packages/airflow/example_dags/example_branch_day_of_week_operator.py for tasks to queue
[2022-08-14 06:09:29,576] {logging_mixin.py:115} INFO - [2022-08-14 06:09:29,575] {dagbag.py:508} INFO - Filling up the DagBag from /home/airflow/.local/lib/python3.7/site-packages/airflow/example_dags/example_branch_day_of_week_operator.py
[2022-08-14 06:09:29,615] {processor.py:651} INFO - DAG(s) dict_keys(['example_weekday_branch_operator']) retrieved from /home/airflow/.local/lib/python3.7/site-packages/airflow/example_dags/example_branch_day_of_week_operator.py
[2022-08-14 06:09:29,726] {logging_mixin.py:115} INFO - [2022-08-14 06:09:29,726] {dag.py:2420} INFO - Sync 1 DAGs
[2022-08-14 06:09:29,821] {logging_mixin.py:115} INFO - [2022-08-14 06:09:29,821] {dag.py:2972} INFO - Setting next_dagrun for example_weekday_branch_operator to 2022-08-13T00:00:00+00:00, run_after=2022-08-14T00:00:00+00:00
[2022-08-14 06:09:29,855] {processor.py:161} INFO - Processing /home/airflow/.local/lib/python3.7/site-packages/airflow/example_dags/example_branch_day_of_week_operator.py took 0.299 seconds
[2022-08-14 06:10:00,648] {processor.py:153} INFO - Started process (PID=1205) to work on /home/airflow/.local/lib/python3.7/site-packages/airflow/example_dags/example_branch_day_of_week_operator.py
[2022-08-14 06:10:00,650] {processor.py:641} INFO - Processing file /home/airflow/.local/lib/python3.7/site-packages/airflow/example_dags/example_branch_day_of_week_operator.py for tasks to queue
[2022-08-14 06:10:00,652] {logging_mixin.py:115} INFO - [2022-08-14 06:10:00,652] {dagbag.py:508} INFO - Filling up the DagBag from /home/airflow/.local/lib/python3.7/site-packages/airflow/example_dags/example_branch_day_of_week_operator.py
[2022-08-14 06:10:00,701] {processor.py:651} INFO - DAG(s) dict_keys(['example_weekday_branch_operator']) retrieved from /home/airflow/.local/lib/python3.7/site-packages/airflow/example_dags/example_branch_day_of_week_operator.py
[2022-08-14 06:10:00,796] {logging_mixin.py:115} INFO - [2022-08-14 06:10:00,796] {dag.py:2420} INFO - Sync 1 DAGs
[2022-08-14 06:10:00,877] {logging_mixin.py:115} INFO - [2022-08-14 06:10:00,877] {dag.py:2972} INFO - Setting next_dagrun for example_weekday_branch_operator to 2022-08-13T00:00:00+00:00, run_after=2022-08-14T00:00:00+00:00
[2022-08-14 06:10:00,927] {processor.py:161} INFO - Processing /home/airflow/.local/lib/python3.7/site-packages/airflow/example_dags/example_branch_day_of_week_operator.py took 0.287 seconds
[2022-08-14 06:10:31,634] {processor.py:153} INFO - Started process (PID=1259) to work on /home/airflow/.local/lib/python3.7/site-packages/airflow/example_dags/example_branch_day_of_week_operator.py
[2022-08-14 06:10:31,636] {processor.py:641} INFO - Processing file /home/airflow/.local/lib/python3.7/site-packages/airflow/example_dags/example_branch_day_of_week_operator.py for tasks to queue
[2022-08-14 06:10:31,639] {logging_mixin.py:115} INFO - [2022-08-14 06:10:31,638] {dagbag.py:508} INFO - Filling up the DagBag from /home/airflow/.local/lib/python3.7/site-packages/airflow/example_dags/example_branch_day_of_week_operator.py
[2022-08-14 06:10:31,659] {processor.py:651} INFO - DAG(s) dict_keys(['example_weekday_branch_operator']) retrieved from /home/airflow/.local/lib/python3.7/site-packages/airflow/example_dags/example_branch_day_of_week_operator.py
[2022-08-14 06:10:31,706] {logging_mixin.py:115} INFO - [2022-08-14 06:10:31,705] {dag.py:2420} INFO - Sync 1 DAGs
[2022-08-14 06:10:31,758] {logging_mixin.py:115} INFO - [2022-08-14 06:10:31,758] {dag.py:2972} INFO - Setting next_dagrun for example_weekday_branch_operator to 2022-08-13T00:00:00+00:00, run_after=2022-08-14T00:00:00+00:00
[2022-08-14 06:10:31,787] {processor.py:161} INFO - Processing /home/airflow/.local/lib/python3.7/site-packages/airflow/example_dags/example_branch_day_of_week_operator.py took 0.159 seconds
[2022-08-14 06:11:03,045] {processor.py:153} INFO - Started process (PID=1312) to work on /home/airflow/.local/lib/python3.7/site-packages/airflow/example_dags/example_branch_day_of_week_operator.py
[2022-08-14 06:11:03,053] {processor.py:641} INFO - Processing file /home/airflow/.local/lib/python3.7/site-packages/airflow/example_dags/example_branch_day_of_week_operator.py for tasks to queue
[2022-08-14 06:11:03,055] {logging_mixin.py:115} INFO - [2022-08-14 06:11:03,055] {dagbag.py:508} INFO - Filling up the DagBag from /home/airflow/.local/lib/python3.7/site-packages/airflow/example_dags/example_branch_day_of_week_operator.py
[2022-08-14 06:11:03,118] {processor.py:651} INFO - DAG(s) dict_keys(['example_weekday_branch_operator']) retrieved from /home/airflow/.local/lib/python3.7/site-packages/airflow/example_dags/example_branch_day_of_week_operator.py
[2022-08-14 06:11:03,243] {logging_mixin.py:115} INFO - [2022-08-14 06:11:03,243] {dag.py:2420} INFO - Sync 1 DAGs
[2022-08-14 06:11:03,376] {logging_mixin.py:115} INFO - [2022-08-14 06:11:03,376] {dag.py:2972} INFO - Setting next_dagrun for example_weekday_branch_operator to 2022-08-13T00:00:00+00:00, run_after=2022-08-14T00:00:00+00:00
[2022-08-14 06:11:03,430] {processor.py:161} INFO - Processing /home/airflow/.local/lib/python3.7/site-packages/airflow/example_dags/example_branch_day_of_week_operator.py took 0.399 seconds
[2022-08-14 06:11:35,048] {processor.py:153} INFO - Started process (PID=1378) to work on /home/airflow/.local/lib/python3.7/site-packages/airflow/example_dags/example_branch_day_of_week_operator.py
[2022-08-14 06:11:35,052] {processor.py:641} INFO - Processing file /home/airflow/.local/lib/python3.7/site-packages/airflow/example_dags/example_branch_day_of_week_operator.py for tasks to queue
[2022-08-14 06:11:35,056] {logging_mixin.py:115} INFO - [2022-08-14 06:11:35,055] {dagbag.py:508} INFO - Filling up the DagBag from /home/airflow/.local/lib/python3.7/site-packages/airflow/example_dags/example_branch_day_of_week_operator.py
[2022-08-14 06:11:35,106] {processor.py:651} INFO - DAG(s) dict_keys(['example_weekday_branch_operator']) retrieved from /home/airflow/.local/lib/python3.7/site-packages/airflow/example_dags/example_branch_day_of_week_operator.py
[2022-08-14 06:11:35,228] {logging_mixin.py:115} INFO - [2022-08-14 06:11:35,227] {dag.py:2420} INFO - Sync 1 DAGs
[2022-08-14 06:11:35,302] {logging_mixin.py:115} INFO - [2022-08-14 06:11:35,301] {dag.py:2972} INFO - Setting next_dagrun for example_weekday_branch_operator to 2022-08-13T00:00:00+00:00, run_after=2022-08-14T00:00:00+00:00
[2022-08-14 06:11:35,349] {processor.py:161} INFO - Processing /home/airflow/.local/lib/python3.7/site-packages/airflow/example_dags/example_branch_day_of_week_operator.py took 0.312 seconds
[2022-08-14 06:12:06,004] {processor.py:153} INFO - Started process (PID=1434) to work on /home/airflow/.local/lib/python3.7/site-packages/airflow/example_dags/example_branch_day_of_week_operator.py
[2022-08-14 06:12:06,005] {processor.py:641} INFO - Processing file /home/airflow/.local/lib/python3.7/site-packages/airflow/example_dags/example_branch_day_of_week_operator.py for tasks to queue
[2022-08-14 06:12:06,007] {logging_mixin.py:115} INFO - [2022-08-14 06:12:06,007] {dagbag.py:508} INFO - Filling up the DagBag from /home/airflow/.local/lib/python3.7/site-packages/airflow/example_dags/example_branch_day_of_week_operator.py
[2022-08-14 06:12:06,033] {processor.py:651} INFO - DAG(s) dict_keys(['example_weekday_branch_operator']) retrieved from /home/airflow/.local/lib/python3.7/site-packages/airflow/example_dags/example_branch_day_of_week_operator.py
[2022-08-14 06:12:06,081] {logging_mixin.py:115} INFO - [2022-08-14 06:12:06,080] {dag.py:2420} INFO - Sync 1 DAGs
[2022-08-14 06:12:06,129] {logging_mixin.py:115} INFO - [2022-08-14 06:12:06,128] {dag.py:2972} INFO - Setting next_dagrun for example_weekday_branch_operator to 2022-08-13T00:00:00+00:00, run_after=2022-08-14T00:00:00+00:00
[2022-08-14 06:12:06,152] {processor.py:161} INFO - Processing /home/airflow/.local/lib/python3.7/site-packages/airflow/example_dags/example_branch_day_of_week_operator.py took 0.156 seconds
[2022-08-14 06:12:37,186] {processor.py:153} INFO - Started process (PID=1496) to work on /home/airflow/.local/lib/python3.7/site-packages/airflow/example_dags/example_branch_day_of_week_operator.py
[2022-08-14 06:12:37,190] {processor.py:641} INFO - Processing file /home/airflow/.local/lib/python3.7/site-packages/airflow/example_dags/example_branch_day_of_week_operator.py for tasks to queue
[2022-08-14 06:12:37,193] {logging_mixin.py:115} INFO - [2022-08-14 06:12:37,193] {dagbag.py:508} INFO - Filling up the DagBag from /home/airflow/.local/lib/python3.7/site-packages/airflow/example_dags/example_branch_day_of_week_operator.py
[2022-08-14 06:12:37,272] {processor.py:651} INFO - DAG(s) dict_keys(['example_weekday_branch_operator']) retrieved from /home/airflow/.local/lib/python3.7/site-packages/airflow/example_dags/example_branch_day_of_week_operator.py
[2022-08-14 06:12:37,443] {logging_mixin.py:115} INFO - [2022-08-14 06:12:37,443] {dag.py:2420} INFO - Sync 1 DAGs
[2022-08-14 06:12:37,559] {logging_mixin.py:115} INFO - [2022-08-14 06:12:37,559] {dag.py:2972} INFO - Setting next_dagrun for example_weekday_branch_operator to 2022-08-13T00:00:00+00:00, run_after=2022-08-14T00:00:00+00:00
[2022-08-14 06:12:37,616] {processor.py:161} INFO - Processing /home/airflow/.local/lib/python3.7/site-packages/airflow/example_dags/example_branch_day_of_week_operator.py took 0.456 seconds
[2022-08-14 06:13:08,240] {processor.py:153} INFO - Started process (PID=1552) to work on /home/airflow/.local/lib/python3.7/site-packages/airflow/example_dags/example_branch_day_of_week_operator.py
[2022-08-14 06:13:08,242] {processor.py:641} INFO - Processing file /home/airflow/.local/lib/python3.7/site-packages/airflow/example_dags/example_branch_day_of_week_operator.py for tasks to queue
[2022-08-14 06:13:08,243] {logging_mixin.py:115} INFO - [2022-08-14 06:13:08,243] {dagbag.py:508} INFO - Filling up the DagBag from /home/airflow/.local/lib/python3.7/site-packages/airflow/example_dags/example_branch_day_of_week_operator.py
[2022-08-14 06:13:08,274] {processor.py:651} INFO - DAG(s) dict_keys(['example_weekday_branch_operator']) retrieved from /home/airflow/.local/lib/python3.7/site-packages/airflow/example_dags/example_branch_day_of_week_operator.py
[2022-08-14 06:13:08,360] {logging_mixin.py:115} INFO - [2022-08-14 06:13:08,360] {dag.py:2420} INFO - Sync 1 DAGs
[2022-08-14 06:13:08,419] {logging_mixin.py:115} INFO - [2022-08-14 06:13:08,419] {dag.py:2972} INFO - Setting next_dagrun for example_weekday_branch_operator to 2022-08-13T00:00:00+00:00, run_after=2022-08-14T00:00:00+00:00
[2022-08-14 06:13:08,449] {processor.py:161} INFO - Processing /home/airflow/.local/lib/python3.7/site-packages/airflow/example_dags/example_branch_day_of_week_operator.py took 0.216 seconds
[2022-08-14 06:13:38,852] {processor.py:153} INFO - Started process (PID=1606) to work on /home/airflow/.local/lib/python3.7/site-packages/airflow/example_dags/example_branch_day_of_week_operator.py
[2022-08-14 06:13:38,858] {processor.py:641} INFO - Processing file /home/airflow/.local/lib/python3.7/site-packages/airflow/example_dags/example_branch_day_of_week_operator.py for tasks to queue
[2022-08-14 06:13:38,860] {logging_mixin.py:115} INFO - [2022-08-14 06:13:38,860] {dagbag.py:508} INFO - Filling up the DagBag from /home/airflow/.local/lib/python3.7/site-packages/airflow/example_dags/example_branch_day_of_week_operator.py
[2022-08-14 06:13:38,881] {processor.py:651} INFO - DAG(s) dict_keys(['example_weekday_branch_operator']) retrieved from /home/airflow/.local/lib/python3.7/site-packages/airflow/example_dags/example_branch_day_of_week_operator.py
[2022-08-14 06:13:38,937] {logging_mixin.py:115} INFO - [2022-08-14 06:13:38,937] {dag.py:2420} INFO - Sync 1 DAGs
[2022-08-14 06:13:38,986] {logging_mixin.py:115} INFO - [2022-08-14 06:13:38,986] {dag.py:2972} INFO - Setting next_dagrun for example_weekday_branch_operator to 2022-08-13T00:00:00+00:00, run_after=2022-08-14T00:00:00+00:00
[2022-08-14 06:13:39,013] {processor.py:161} INFO - Processing /home/airflow/.local/lib/python3.7/site-packages/airflow/example_dags/example_branch_day_of_week_operator.py took 0.169 seconds
[2022-08-14 06:14:09,788] {processor.py:153} INFO - Started process (PID=1660) to work on /home/airflow/.local/lib/python3.7/site-packages/airflow/example_dags/example_branch_day_of_week_operator.py
[2022-08-14 06:14:09,790] {processor.py:641} INFO - Processing file /home/airflow/.local/lib/python3.7/site-packages/airflow/example_dags/example_branch_day_of_week_operator.py for tasks to queue
[2022-08-14 06:14:09,792] {logging_mixin.py:115} INFO - [2022-08-14 06:14:09,792] {dagbag.py:508} INFO - Filling up the DagBag from /home/airflow/.local/lib/python3.7/site-packages/airflow/example_dags/example_branch_day_of_week_operator.py
[2022-08-14 06:14:09,818] {processor.py:651} INFO - DAG(s) dict_keys(['example_weekday_branch_operator']) retrieved from /home/airflow/.local/lib/python3.7/site-packages/airflow/example_dags/example_branch_day_of_week_operator.py
[2022-08-14 06:14:09,887] {logging_mixin.py:115} INFO - [2022-08-14 06:14:09,887] {dag.py:2420} INFO - Sync 1 DAGs
[2022-08-14 06:14:09,952] {logging_mixin.py:115} INFO - [2022-08-14 06:14:09,952] {dag.py:2972} INFO - Setting next_dagrun for example_weekday_branch_operator to 2022-08-13T00:00:00+00:00, run_after=2022-08-14T00:00:00+00:00
[2022-08-14 06:14:09,976] {processor.py:161} INFO - Processing /home/airflow/.local/lib/python3.7/site-packages/airflow/example_dags/example_branch_day_of_week_operator.py took 0.197 seconds
[2022-08-14 06:14:40,137] {processor.py:153} INFO - Started process (PID=1715) to work on /home/airflow/.local/lib/python3.7/site-packages/airflow/example_dags/example_branch_day_of_week_operator.py
[2022-08-14 06:14:40,141] {processor.py:641} INFO - Processing file /home/airflow/.local/lib/python3.7/site-packages/airflow/example_dags/example_branch_day_of_week_operator.py for tasks to queue
[2022-08-14 06:14:40,145] {logging_mixin.py:115} INFO - [2022-08-14 06:14:40,144] {dagbag.py:508} INFO - Filling up the DagBag from /home/airflow/.local/lib/python3.7/site-packages/airflow/example_dags/example_branch_day_of_week_operator.py
[2022-08-14 06:14:40,208] {processor.py:651} INFO - DAG(s) dict_keys(['example_weekday_branch_operator']) retrieved from /home/airflow/.local/lib/python3.7/site-packages/airflow/example_dags/example_branch_day_of_week_operator.py
[2022-08-14 06:14:40,337] {logging_mixin.py:115} INFO - [2022-08-14 06:14:40,337] {dag.py:2420} INFO - Sync 1 DAGs
[2022-08-14 06:14:40,480] {logging_mixin.py:115} INFO - [2022-08-14 06:14:40,480] {dag.py:2972} INFO - Setting next_dagrun for example_weekday_branch_operator to 2022-08-13T00:00:00+00:00, run_after=2022-08-14T00:00:00+00:00
[2022-08-14 06:14:40,537] {processor.py:161} INFO - Processing /home/airflow/.local/lib/python3.7/site-packages/airflow/example_dags/example_branch_day_of_week_operator.py took 0.408 seconds
[2022-08-14 06:15:10,770] {processor.py:153} INFO - Started process (PID=1775) to work on /home/airflow/.local/lib/python3.7/site-packages/airflow/example_dags/example_branch_day_of_week_operator.py
[2022-08-14 06:15:10,775] {processor.py:641} INFO - Processing file /home/airflow/.local/lib/python3.7/site-packages/airflow/example_dags/example_branch_day_of_week_operator.py for tasks to queue
[2022-08-14 06:15:10,780] {logging_mixin.py:115} INFO - [2022-08-14 06:15:10,779] {dagbag.py:508} INFO - Filling up the DagBag from /home/airflow/.local/lib/python3.7/site-packages/airflow/example_dags/example_branch_day_of_week_operator.py
[2022-08-14 06:15:10,819] {processor.py:651} INFO - DAG(s) dict_keys(['example_weekday_branch_operator']) retrieved from /home/airflow/.local/lib/python3.7/site-packages/airflow/example_dags/example_branch_day_of_week_operator.py
[2022-08-14 06:15:10,959] {logging_mixin.py:115} INFO - [2022-08-14 06:15:10,959] {dag.py:2420} INFO - Sync 1 DAGs
[2022-08-14 06:15:11,078] {logging_mixin.py:115} INFO - [2022-08-14 06:15:11,078] {dag.py:2972} INFO - Setting next_dagrun for example_weekday_branch_operator to 2022-08-13T00:00:00+00:00, run_after=2022-08-14T00:00:00+00:00
[2022-08-14 06:15:11,142] {processor.py:161} INFO - Processing /home/airflow/.local/lib/python3.7/site-packages/airflow/example_dags/example_branch_day_of_week_operator.py took 0.385 seconds
[2022-08-14 06:15:41,434] {processor.py:153} INFO - Started process (PID=1831) to work on /home/airflow/.local/lib/python3.7/site-packages/airflow/example_dags/example_branch_day_of_week_operator.py
[2022-08-14 06:15:41,435] {processor.py:641} INFO - Processing file /home/airflow/.local/lib/python3.7/site-packages/airflow/example_dags/example_branch_day_of_week_operator.py for tasks to queue
[2022-08-14 06:15:41,444] {logging_mixin.py:115} INFO - [2022-08-14 06:15:41,444] {dagbag.py:508} INFO - Filling up the DagBag from /home/airflow/.local/lib/python3.7/site-packages/airflow/example_dags/example_branch_day_of_week_operator.py
[2022-08-14 06:15:41,465] {processor.py:651} INFO - DAG(s) dict_keys(['example_weekday_branch_operator']) retrieved from /home/airflow/.local/lib/python3.7/site-packages/airflow/example_dags/example_branch_day_of_week_operator.py
[2022-08-14 06:15:41,530] {logging_mixin.py:115} INFO - [2022-08-14 06:15:41,530] {dag.py:2420} INFO - Sync 1 DAGs
[2022-08-14 06:15:41,581] {logging_mixin.py:115} INFO - [2022-08-14 06:15:41,581] {dag.py:2972} INFO - Setting next_dagrun for example_weekday_branch_operator to 2022-08-13T00:00:00+00:00, run_after=2022-08-14T00:00:00+00:00
[2022-08-14 06:15:41,625] {processor.py:161} INFO - Processing /home/airflow/.local/lib/python3.7/site-packages/airflow/example_dags/example_branch_day_of_week_operator.py took 0.199 seconds
[2022-08-14 06:16:13,654] {processor.py:153} INFO - Started process (PID=1884) to work on /home/airflow/.local/lib/python3.7/site-packages/airflow/example_dags/example_branch_day_of_week_operator.py
[2022-08-14 06:16:13,656] {processor.py:641} INFO - Processing file /home/airflow/.local/lib/python3.7/site-packages/airflow/example_dags/example_branch_day_of_week_operator.py for tasks to queue
[2022-08-14 06:16:13,661] {logging_mixin.py:115} INFO - [2022-08-14 06:16:13,660] {dagbag.py:508} INFO - Filling up the DagBag from /home/airflow/.local/lib/python3.7/site-packages/airflow/example_dags/example_branch_day_of_week_operator.py
[2022-08-14 06:16:13,742] {processor.py:651} INFO - DAG(s) dict_keys(['example_weekday_branch_operator']) retrieved from /home/airflow/.local/lib/python3.7/site-packages/airflow/example_dags/example_branch_day_of_week_operator.py
[2022-08-14 06:16:13,885] {logging_mixin.py:115} INFO - [2022-08-14 06:16:13,885] {dag.py:2420} INFO - Sync 1 DAGs
[2022-08-14 06:16:14,072] {logging_mixin.py:115} INFO - [2022-08-14 06:16:14,072] {dag.py:2972} INFO - Setting next_dagrun for example_weekday_branch_operator to 2022-08-13T00:00:00+00:00, run_after=2022-08-14T00:00:00+00:00
[2022-08-14 06:16:14,172] {processor.py:161} INFO - Processing /home/airflow/.local/lib/python3.7/site-packages/airflow/example_dags/example_branch_day_of_week_operator.py took 0.549 seconds
[2022-08-14 06:16:44,849] {processor.py:153} INFO - Started process (PID=1929) to work on /home/airflow/.local/lib/python3.7/site-packages/airflow/example_dags/example_branch_day_of_week_operator.py
[2022-08-14 06:16:44,855] {processor.py:641} INFO - Processing file /home/airflow/.local/lib/python3.7/site-packages/airflow/example_dags/example_branch_day_of_week_operator.py for tasks to queue
[2022-08-14 06:16:44,867] {logging_mixin.py:115} INFO - [2022-08-14 06:16:44,865] {dagbag.py:508} INFO - Filling up the DagBag from /home/airflow/.local/lib/python3.7/site-packages/airflow/example_dags/example_branch_day_of_week_operator.py
[2022-08-14 06:16:44,993] {processor.py:651} INFO - DAG(s) dict_keys(['example_weekday_branch_operator']) retrieved from /home/airflow/.local/lib/python3.7/site-packages/airflow/example_dags/example_branch_day_of_week_operator.py
[2022-08-14 06:16:45,379] {logging_mixin.py:115} INFO - [2022-08-14 06:16:45,379] {dag.py:2420} INFO - Sync 1 DAGs
[2022-08-14 06:16:45,793] {logging_mixin.py:115} INFO - [2022-08-14 06:16:45,781] {dag.py:2972} INFO - Setting next_dagrun for example_weekday_branch_operator to 2022-08-13T00:00:00+00:00, run_after=2022-08-14T00:00:00+00:00
[2022-08-14 06:16:46,041] {processor.py:161} INFO - Processing /home/airflow/.local/lib/python3.7/site-packages/airflow/example_dags/example_branch_day_of_week_operator.py took 1.217 seconds
[2022-08-14 06:17:41,339] {processor.py:153} INFO - Started process (PID=1992) to work on /home/airflow/.local/lib/python3.7/site-packages/airflow/example_dags/example_branch_day_of_week_operator.py
[2022-08-14 06:17:41,344] {processor.py:641} INFO - Processing file /home/airflow/.local/lib/python3.7/site-packages/airflow/example_dags/example_branch_day_of_week_operator.py for tasks to queue
[2022-08-14 06:17:41,348] {logging_mixin.py:115} INFO - [2022-08-14 06:17:41,347] {dagbag.py:508} INFO - Filling up the DagBag from /home/airflow/.local/lib/python3.7/site-packages/airflow/example_dags/example_branch_day_of_week_operator.py
[2022-08-14 06:17:41,387] {processor.py:651} INFO - DAG(s) dict_keys(['example_weekday_branch_operator']) retrieved from /home/airflow/.local/lib/python3.7/site-packages/airflow/example_dags/example_branch_day_of_week_operator.py
[2022-08-14 06:17:41,484] {logging_mixin.py:115} INFO - [2022-08-14 06:17:41,483] {dag.py:2420} INFO - Sync 1 DAGs
[2022-08-14 06:17:41,638] {logging_mixin.py:115} INFO - [2022-08-14 06:17:41,634] {dag.py:2972} INFO - Setting next_dagrun for example_weekday_branch_operator to 2022-08-13T00:00:00+00:00, run_after=2022-08-14T00:00:00+00:00
[2022-08-14 06:17:41,693] {processor.py:161} INFO - Processing /home/airflow/.local/lib/python3.7/site-packages/airflow/example_dags/example_branch_day_of_week_operator.py took 0.368 seconds
[2022-08-14 07:13:39,001] {processor.py:153} INFO - Started process (PID=2048) to work on /home/airflow/.local/lib/python3.7/site-packages/airflow/example_dags/example_branch_day_of_week_operator.py
[2022-08-14 07:13:39,038] {processor.py:641} INFO - Processing file /home/airflow/.local/lib/python3.7/site-packages/airflow/example_dags/example_branch_day_of_week_operator.py for tasks to queue
[2022-08-14 07:13:39,050] {logging_mixin.py:115} INFO - [2022-08-14 07:13:39,050] {dagbag.py:508} INFO - Filling up the DagBag from /home/airflow/.local/lib/python3.7/site-packages/airflow/example_dags/example_branch_day_of_week_operator.py
[2022-08-14 07:13:40,044] {processor.py:651} INFO - DAG(s) dict_keys(['example_weekday_branch_operator']) retrieved from /home/airflow/.local/lib/python3.7/site-packages/airflow/example_dags/example_branch_day_of_week_operator.py
[2022-08-14 07:13:41,926] {logging_mixin.py:115} INFO - [2022-08-14 07:13:41,909] {dag.py:2420} INFO - Sync 1 DAGs
[2022-08-14 07:13:42,980] {logging_mixin.py:115} INFO - [2022-08-14 07:13:42,979] {dag.py:2972} INFO - Setting next_dagrun for example_weekday_branch_operator to 2022-08-13T00:00:00+00:00, run_after=2022-08-14T00:00:00+00:00
[2022-08-14 07:13:43,582] {processor.py:161} INFO - Processing /home/airflow/.local/lib/python3.7/site-packages/airflow/example_dags/example_branch_day_of_week_operator.py took 4.813 seconds
[2022-08-14 07:14:23,537] {processor.py:153} INFO - Started process (PID=2107) to work on /home/airflow/.local/lib/python3.7/site-packages/airflow/example_dags/example_branch_day_of_week_operator.py
[2022-08-14 07:14:23,545] {processor.py:641} INFO - Processing file /home/airflow/.local/lib/python3.7/site-packages/airflow/example_dags/example_branch_day_of_week_operator.py for tasks to queue
[2022-08-14 07:14:23,557] {logging_mixin.py:115} INFO - [2022-08-14 07:14:23,555] {dagbag.py:508} INFO - Filling up the DagBag from /home/airflow/.local/lib/python3.7/site-packages/airflow/example_dags/example_branch_day_of_week_operator.py
[2022-08-14 07:14:23,683] {processor.py:651} INFO - DAG(s) dict_keys(['example_weekday_branch_operator']) retrieved from /home/airflow/.local/lib/python3.7/site-packages/airflow/example_dags/example_branch_day_of_week_operator.py
[2022-08-14 07:14:24,023] {logging_mixin.py:115} INFO - [2022-08-14 07:14:24,023] {dag.py:2420} INFO - Sync 1 DAGs
[2022-08-14 07:14:24,395] {logging_mixin.py:115} INFO - [2022-08-14 07:14:24,376] {dag.py:2972} INFO - Setting next_dagrun for example_weekday_branch_operator to 2022-08-13T00:00:00+00:00, run_after=2022-08-14T00:00:00+00:00
[2022-08-14 07:14:24,538] {processor.py:161} INFO - Processing /home/airflow/.local/lib/python3.7/site-packages/airflow/example_dags/example_branch_day_of_week_operator.py took 1.045 seconds
[2022-08-14 07:14:55,031] {processor.py:153} INFO - Started process (PID=2168) to work on /home/airflow/.local/lib/python3.7/site-packages/airflow/example_dags/example_branch_day_of_week_operator.py
[2022-08-14 07:14:55,033] {processor.py:641} INFO - Processing file /home/airflow/.local/lib/python3.7/site-packages/airflow/example_dags/example_branch_day_of_week_operator.py for tasks to queue
[2022-08-14 07:14:55,035] {logging_mixin.py:115} INFO - [2022-08-14 07:14:55,034] {dagbag.py:508} INFO - Filling up the DagBag from /home/airflow/.local/lib/python3.7/site-packages/airflow/example_dags/example_branch_day_of_week_operator.py
[2022-08-14 07:14:55,053] {processor.py:651} INFO - DAG(s) dict_keys(['example_weekday_branch_operator']) retrieved from /home/airflow/.local/lib/python3.7/site-packages/airflow/example_dags/example_branch_day_of_week_operator.py
[2022-08-14 07:14:55,097] {logging_mixin.py:115} INFO - [2022-08-14 07:14:55,097] {dag.py:2420} INFO - Sync 1 DAGs
[2022-08-14 07:14:55,132] {logging_mixin.py:115} INFO - [2022-08-14 07:14:55,132] {dag.py:2972} INFO - Setting next_dagrun for example_weekday_branch_operator to 2022-08-13T00:00:00+00:00, run_after=2022-08-14T00:00:00+00:00
[2022-08-14 07:14:55,153] {processor.py:161} INFO - Processing /home/airflow/.local/lib/python3.7/site-packages/airflow/example_dags/example_branch_day_of_week_operator.py took 0.130 seconds
[2022-08-14 07:15:26,127] {processor.py:153} INFO - Started process (PID=2221) to work on /home/airflow/.local/lib/python3.7/site-packages/airflow/example_dags/example_branch_day_of_week_operator.py
[2022-08-14 07:15:26,131] {processor.py:641} INFO - Processing file /home/airflow/.local/lib/python3.7/site-packages/airflow/example_dags/example_branch_day_of_week_operator.py for tasks to queue
[2022-08-14 07:15:26,137] {logging_mixin.py:115} INFO - [2022-08-14 07:15:26,137] {dagbag.py:508} INFO - Filling up the DagBag from /home/airflow/.local/lib/python3.7/site-packages/airflow/example_dags/example_branch_day_of_week_operator.py
[2022-08-14 07:15:26,167] {processor.py:651} INFO - DAG(s) dict_keys(['example_weekday_branch_operator']) retrieved from /home/airflow/.local/lib/python3.7/site-packages/airflow/example_dags/example_branch_day_of_week_operator.py
[2022-08-14 07:15:26,273] {logging_mixin.py:115} INFO - [2022-08-14 07:15:26,272] {dag.py:2420} INFO - Sync 1 DAGs
[2022-08-14 07:15:26,344] {logging_mixin.py:115} INFO - [2022-08-14 07:15:26,344] {dag.py:2972} INFO - Setting next_dagrun for example_weekday_branch_operator to 2022-08-13T00:00:00+00:00, run_after=2022-08-14T00:00:00+00:00
[2022-08-14 07:15:26,377] {processor.py:161} INFO - Processing /home/airflow/.local/lib/python3.7/site-packages/airflow/example_dags/example_branch_day_of_week_operator.py took 0.260 seconds
