[2022-08-14 05:58:41,450] {processor.py:153} INFO - Started process (PID=114) to work on /home/airflow/.local/lib/python3.7/site-packages/airflow/example_dags/example_branch_operator.py
[2022-08-14 05:58:41,463] {processor.py:641} INFO - Processing file /home/airflow/.local/lib/python3.7/site-packages/airflow/example_dags/example_branch_operator.py for tasks to queue
[2022-08-14 05:58:41,475] {logging_mixin.py:115} INFO - [2022-08-14 05:58:41,474] {dagbag.py:508} INFO - Filling up the DagBag from /home/airflow/.local/lib/python3.7/site-packages/airflow/example_dags/example_branch_operator.py
[2022-08-14 05:58:41,950] {processor.py:651} INFO - DAG(s) dict_keys(['example_branch_operator']) retrieved from /home/airflow/.local/lib/python3.7/site-packages/airflow/example_dags/example_branch_operator.py
[2022-08-14 05:58:44,422] {logging_mixin.py:115} INFO - [2022-08-14 05:58:44,406] {manager.py:508} INFO - Created Permission View: can read on DAG:example_branch_operator
[2022-08-14 05:58:44,660] {logging_mixin.py:115} INFO - [2022-08-14 05:58:44,658] {manager.py:508} INFO - Created Permission View: can delete on DAG:example_branch_operator
[2022-08-14 05:58:44,907] {logging_mixin.py:115} INFO - [2022-08-14 05:58:44,907] {manager.py:508} INFO - Created Permission View: can edit on DAG:example_branch_operator
[2022-08-14 05:58:44,916] {logging_mixin.py:115} INFO - [2022-08-14 05:58:44,913] {dag.py:2420} INFO - Sync 1 DAGs
[2022-08-14 05:58:45,074] {logging_mixin.py:115} INFO - [2022-08-14 05:58:45,074] {dag.py:2439} INFO - Creating ORM DAG for example_branch_operator
[2022-08-14 05:58:45,394] {logging_mixin.py:115} INFO - [2022-08-14 05:58:45,389] {dag.py:2972} INFO - Setting next_dagrun for example_branch_operator to 2022-08-13T00:00:00+00:00, run_after=2022-08-14T00:00:00+00:00
[2022-08-14 05:58:45,764] {processor.py:161} INFO - Processing /home/airflow/.local/lib/python3.7/site-packages/airflow/example_dags/example_branch_operator.py took 4.377 seconds
[2022-08-14 05:59:16,469] {processor.py:153} INFO - Started process (PID=161) to work on /home/airflow/.local/lib/python3.7/site-packages/airflow/example_dags/example_branch_operator.py
[2022-08-14 05:59:16,472] {processor.py:641} INFO - Processing file /home/airflow/.local/lib/python3.7/site-packages/airflow/example_dags/example_branch_operator.py for tasks to queue
[2022-08-14 05:59:16,479] {logging_mixin.py:115} INFO - [2022-08-14 05:59:16,478] {dagbag.py:508} INFO - Filling up the DagBag from /home/airflow/.local/lib/python3.7/site-packages/airflow/example_dags/example_branch_operator.py
[2022-08-14 05:59:16,519] {processor.py:651} INFO - DAG(s) dict_keys(['example_branch_operator']) retrieved from /home/airflow/.local/lib/python3.7/site-packages/airflow/example_dags/example_branch_operator.py
[2022-08-14 05:59:16,616] {logging_mixin.py:115} INFO - [2022-08-14 05:59:16,615] {dag.py:2420} INFO - Sync 1 DAGs
[2022-08-14 05:59:16,687] {logging_mixin.py:115} INFO - [2022-08-14 05:59:16,687] {dag.py:2972} INFO - Setting next_dagrun for example_branch_operator to 2022-08-13T00:00:00+00:00, run_after=2022-08-14T00:00:00+00:00
[2022-08-14 05:59:16,748] {processor.py:161} INFO - Processing /home/airflow/.local/lib/python3.7/site-packages/airflow/example_dags/example_branch_operator.py took 0.286 seconds
[2022-08-14 05:59:46,853] {processor.py:153} INFO - Started process (PID=212) to work on /home/airflow/.local/lib/python3.7/site-packages/airflow/example_dags/example_branch_operator.py
[2022-08-14 05:59:46,856] {processor.py:641} INFO - Processing file /home/airflow/.local/lib/python3.7/site-packages/airflow/example_dags/example_branch_operator.py for tasks to queue
[2022-08-14 05:59:46,860] {logging_mixin.py:115} INFO - [2022-08-14 05:59:46,860] {dagbag.py:508} INFO - Filling up the DagBag from /home/airflow/.local/lib/python3.7/site-packages/airflow/example_dags/example_branch_operator.py
[2022-08-14 05:59:46,886] {processor.py:651} INFO - DAG(s) dict_keys(['example_branch_operator']) retrieved from /home/airflow/.local/lib/python3.7/site-packages/airflow/example_dags/example_branch_operator.py
[2022-08-14 05:59:46,954] {logging_mixin.py:115} INFO - [2022-08-14 05:59:46,953] {dag.py:2420} INFO - Sync 1 DAGs
[2022-08-14 05:59:47,007] {logging_mixin.py:115} INFO - [2022-08-14 05:59:47,006] {dag.py:2972} INFO - Setting next_dagrun for example_branch_operator to 2022-08-13T00:00:00+00:00, run_after=2022-08-14T00:00:00+00:00
[2022-08-14 05:59:47,061] {processor.py:161} INFO - Processing /home/airflow/.local/lib/python3.7/site-packages/airflow/example_dags/example_branch_operator.py took 0.217 seconds
[2022-08-14 06:00:17,234] {processor.py:153} INFO - Started process (PID=268) to work on /home/airflow/.local/lib/python3.7/site-packages/airflow/example_dags/example_branch_operator.py
[2022-08-14 06:00:17,236] {processor.py:641} INFO - Processing file /home/airflow/.local/lib/python3.7/site-packages/airflow/example_dags/example_branch_operator.py for tasks to queue
[2022-08-14 06:00:17,238] {logging_mixin.py:115} INFO - [2022-08-14 06:00:17,238] {dagbag.py:508} INFO - Filling up the DagBag from /home/airflow/.local/lib/python3.7/site-packages/airflow/example_dags/example_branch_operator.py
[2022-08-14 06:00:17,260] {processor.py:651} INFO - DAG(s) dict_keys(['example_branch_operator']) retrieved from /home/airflow/.local/lib/python3.7/site-packages/airflow/example_dags/example_branch_operator.py
[2022-08-14 06:00:17,312] {logging_mixin.py:115} INFO - [2022-08-14 06:00:17,312] {dag.py:2420} INFO - Sync 1 DAGs
[2022-08-14 06:00:17,351] {logging_mixin.py:115} INFO - [2022-08-14 06:00:17,351] {dag.py:2972} INFO - Setting next_dagrun for example_branch_operator to 2022-08-13T00:00:00+00:00, run_after=2022-08-14T00:00:00+00:00
[2022-08-14 06:00:17,378] {processor.py:161} INFO - Processing /home/airflow/.local/lib/python3.7/site-packages/airflow/example_dags/example_branch_operator.py took 0.151 seconds
[2022-08-14 06:00:47,944] {processor.py:153} INFO - Started process (PID=323) to work on /home/airflow/.local/lib/python3.7/site-packages/airflow/example_dags/example_branch_operator.py
[2022-08-14 06:00:47,950] {processor.py:641} INFO - Processing file /home/airflow/.local/lib/python3.7/site-packages/airflow/example_dags/example_branch_operator.py for tasks to queue
[2022-08-14 06:00:48,005] {logging_mixin.py:115} INFO - [2022-08-14 06:00:47,972] {dagbag.py:508} INFO - Filling up the DagBag from /home/airflow/.local/lib/python3.7/site-packages/airflow/example_dags/example_branch_operator.py
[2022-08-14 06:00:48,213] {processor.py:651} INFO - DAG(s) dict_keys(['example_branch_operator']) retrieved from /home/airflow/.local/lib/python3.7/site-packages/airflow/example_dags/example_branch_operator.py
[2022-08-14 06:00:48,292] {logging_mixin.py:115} INFO - [2022-08-14 06:00:48,292] {dag.py:2420} INFO - Sync 1 DAGs
[2022-08-14 06:00:48,381] {logging_mixin.py:115} INFO - [2022-08-14 06:00:48,381] {dag.py:2972} INFO - Setting next_dagrun for example_branch_operator to 2022-08-13T00:00:00+00:00, run_after=2022-08-14T00:00:00+00:00
[2022-08-14 06:00:48,426] {processor.py:161} INFO - Processing /home/airflow/.local/lib/python3.7/site-packages/airflow/example_dags/example_branch_operator.py took 0.505 seconds
[2022-08-14 06:01:18,517] {processor.py:153} INFO - Started process (PID=375) to work on /home/airflow/.local/lib/python3.7/site-packages/airflow/example_dags/example_branch_operator.py
[2022-08-14 06:01:18,519] {processor.py:641} INFO - Processing file /home/airflow/.local/lib/python3.7/site-packages/airflow/example_dags/example_branch_operator.py for tasks to queue
[2022-08-14 06:01:18,522] {logging_mixin.py:115} INFO - [2022-08-14 06:01:18,521] {dagbag.py:508} INFO - Filling up the DagBag from /home/airflow/.local/lib/python3.7/site-packages/airflow/example_dags/example_branch_operator.py
[2022-08-14 06:01:18,558] {processor.py:651} INFO - DAG(s) dict_keys(['example_branch_operator']) retrieved from /home/airflow/.local/lib/python3.7/site-packages/airflow/example_dags/example_branch_operator.py
[2022-08-14 06:01:18,632] {logging_mixin.py:115} INFO - [2022-08-14 06:01:18,632] {dag.py:2420} INFO - Sync 1 DAGs
[2022-08-14 06:01:18,673] {logging_mixin.py:115} INFO - [2022-08-14 06:01:18,673] {dag.py:2972} INFO - Setting next_dagrun for example_branch_operator to 2022-08-13T00:00:00+00:00, run_after=2022-08-14T00:00:00+00:00
[2022-08-14 06:01:18,699] {processor.py:161} INFO - Processing /home/airflow/.local/lib/python3.7/site-packages/airflow/example_dags/example_branch_operator.py took 0.199 seconds
[2022-08-14 06:01:49,029] {processor.py:153} INFO - Started process (PID=428) to work on /home/airflow/.local/lib/python3.7/site-packages/airflow/example_dags/example_branch_operator.py
[2022-08-14 06:01:49,031] {processor.py:641} INFO - Processing file /home/airflow/.local/lib/python3.7/site-packages/airflow/example_dags/example_branch_operator.py for tasks to queue
[2022-08-14 06:01:49,034] {logging_mixin.py:115} INFO - [2022-08-14 06:01:49,033] {dagbag.py:508} INFO - Filling up the DagBag from /home/airflow/.local/lib/python3.7/site-packages/airflow/example_dags/example_branch_operator.py
[2022-08-14 06:01:49,063] {processor.py:651} INFO - DAG(s) dict_keys(['example_branch_operator']) retrieved from /home/airflow/.local/lib/python3.7/site-packages/airflow/example_dags/example_branch_operator.py
[2022-08-14 06:01:49,125] {logging_mixin.py:115} INFO - [2022-08-14 06:01:49,125] {dag.py:2420} INFO - Sync 1 DAGs
[2022-08-14 06:01:49,195] {logging_mixin.py:115} INFO - [2022-08-14 06:01:49,195] {dag.py:2972} INFO - Setting next_dagrun for example_branch_operator to 2022-08-13T00:00:00+00:00, run_after=2022-08-14T00:00:00+00:00
[2022-08-14 06:01:49,221] {processor.py:161} INFO - Processing /home/airflow/.local/lib/python3.7/site-packages/airflow/example_dags/example_branch_operator.py took 0.202 seconds
[2022-08-14 06:02:20,184] {processor.py:153} INFO - Started process (PID=480) to work on /home/airflow/.local/lib/python3.7/site-packages/airflow/example_dags/example_branch_operator.py
[2022-08-14 06:02:20,220] {processor.py:641} INFO - Processing file /home/airflow/.local/lib/python3.7/site-packages/airflow/example_dags/example_branch_operator.py for tasks to queue
[2022-08-14 06:02:20,247] {logging_mixin.py:115} INFO - [2022-08-14 06:02:20,247] {dagbag.py:508} INFO - Filling up the DagBag from /home/airflow/.local/lib/python3.7/site-packages/airflow/example_dags/example_branch_operator.py
[2022-08-14 06:02:20,542] {processor.py:651} INFO - DAG(s) dict_keys(['example_branch_operator']) retrieved from /home/airflow/.local/lib/python3.7/site-packages/airflow/example_dags/example_branch_operator.py
[2022-08-14 06:02:20,982] {logging_mixin.py:115} INFO - [2022-08-14 06:02:20,981] {dag.py:2420} INFO - Sync 1 DAGs
[2022-08-14 06:02:21,587] {logging_mixin.py:115} INFO - [2022-08-14 06:02:21,587] {dag.py:2972} INFO - Setting next_dagrun for example_branch_operator to 2022-08-13T00:00:00+00:00, run_after=2022-08-14T00:00:00+00:00
[2022-08-14 06:02:21,791] {processor.py:161} INFO - Processing /home/airflow/.local/lib/python3.7/site-packages/airflow/example_dags/example_branch_operator.py took 1.815 seconds
[2022-08-14 06:03:03,906] {processor.py:153} INFO - Started process (PID=534) to work on /home/airflow/.local/lib/python3.7/site-packages/airflow/example_dags/example_branch_operator.py
[2022-08-14 06:03:03,922] {processor.py:641} INFO - Processing file /home/airflow/.local/lib/python3.7/site-packages/airflow/example_dags/example_branch_operator.py for tasks to queue
[2022-08-14 06:03:03,956] {logging_mixin.py:115} INFO - [2022-08-14 06:03:03,955] {dagbag.py:508} INFO - Filling up the DagBag from /home/airflow/.local/lib/python3.7/site-packages/airflow/example_dags/example_branch_operator.py
[2022-08-14 06:03:05,910] {processor.py:651} INFO - DAG(s) dict_keys(['example_branch_operator']) retrieved from /home/airflow/.local/lib/python3.7/site-packages/airflow/example_dags/example_branch_operator.py
[2022-08-14 06:03:08,592] {logging_mixin.py:115} INFO - [2022-08-14 06:03:08,592] {dag.py:2420} INFO - Sync 1 DAGs
[2022-08-14 06:03:10,246] {logging_mixin.py:115} INFO - [2022-08-14 06:03:10,246] {dag.py:2972} INFO - Setting next_dagrun for example_branch_operator to 2022-08-13T00:00:00+00:00, run_after=2022-08-14T00:00:00+00:00
[2022-08-14 06:03:10,808] {processor.py:161} INFO - Processing /home/airflow/.local/lib/python3.7/site-packages/airflow/example_dags/example_branch_operator.py took 7.078 seconds
[2022-08-14 06:04:08,159] {processor.py:153} INFO - Started process (PID=603) to work on /home/airflow/.local/lib/python3.7/site-packages/airflow/example_dags/example_branch_operator.py
[2022-08-14 06:04:08,165] {processor.py:641} INFO - Processing file /home/airflow/.local/lib/python3.7/site-packages/airflow/example_dags/example_branch_operator.py for tasks to queue
[2022-08-14 06:04:08,171] {logging_mixin.py:115} INFO - [2022-08-14 06:04:08,171] {dagbag.py:508} INFO - Filling up the DagBag from /home/airflow/.local/lib/python3.7/site-packages/airflow/example_dags/example_branch_operator.py
[2022-08-14 06:04:08,344] {processor.py:651} INFO - DAG(s) dict_keys(['example_branch_operator']) retrieved from /home/airflow/.local/lib/python3.7/site-packages/airflow/example_dags/example_branch_operator.py
[2022-08-14 06:04:08,982] {logging_mixin.py:115} INFO - [2022-08-14 06:04:08,982] {dag.py:2420} INFO - Sync 1 DAGs
[2022-08-14 06:04:09,790] {logging_mixin.py:115} INFO - [2022-08-14 06:04:09,764] {dag.py:2972} INFO - Setting next_dagrun for example_branch_operator to 2022-08-13T00:00:00+00:00, run_after=2022-08-14T00:00:00+00:00
[2022-08-14 06:04:10,305] {processor.py:161} INFO - Processing /home/airflow/.local/lib/python3.7/site-packages/airflow/example_dags/example_branch_operator.py took 2.168 seconds
[2022-08-14 06:04:46,129] {processor.py:153} INFO - Started process (PID=658) to work on /home/airflow/.local/lib/python3.7/site-packages/airflow/example_dags/example_branch_operator.py
[2022-08-14 06:04:46,131] {processor.py:641} INFO - Processing file /home/airflow/.local/lib/python3.7/site-packages/airflow/example_dags/example_branch_operator.py for tasks to queue
[2022-08-14 06:04:46,133] {logging_mixin.py:115} INFO - [2022-08-14 06:04:46,133] {dagbag.py:508} INFO - Filling up the DagBag from /home/airflow/.local/lib/python3.7/site-packages/airflow/example_dags/example_branch_operator.py
[2022-08-14 06:04:46,161] {processor.py:651} INFO - DAG(s) dict_keys(['example_branch_operator']) retrieved from /home/airflow/.local/lib/python3.7/site-packages/airflow/example_dags/example_branch_operator.py
[2022-08-14 06:04:46,228] {logging_mixin.py:115} INFO - [2022-08-14 06:04:46,228] {dag.py:2420} INFO - Sync 1 DAGs
[2022-08-14 06:04:46,321] {logging_mixin.py:115} INFO - [2022-08-14 06:04:46,321] {dag.py:2972} INFO - Setting next_dagrun for example_branch_operator to 2022-08-13T00:00:00+00:00, run_after=2022-08-14T00:00:00+00:00
[2022-08-14 06:04:46,364] {processor.py:161} INFO - Processing /home/airflow/.local/lib/python3.7/site-packages/airflow/example_dags/example_branch_operator.py took 0.242 seconds
[2022-08-14 06:05:22,048] {processor.py:153} INFO - Started process (PID=721) to work on /home/airflow/.local/lib/python3.7/site-packages/airflow/example_dags/example_branch_operator.py
[2022-08-14 06:05:22,051] {processor.py:641} INFO - Processing file /home/airflow/.local/lib/python3.7/site-packages/airflow/example_dags/example_branch_operator.py for tasks to queue
[2022-08-14 06:05:22,054] {logging_mixin.py:115} INFO - [2022-08-14 06:05:22,054] {dagbag.py:508} INFO - Filling up the DagBag from /home/airflow/.local/lib/python3.7/site-packages/airflow/example_dags/example_branch_operator.py
[2022-08-14 06:05:22,093] {processor.py:651} INFO - DAG(s) dict_keys(['example_branch_operator']) retrieved from /home/airflow/.local/lib/python3.7/site-packages/airflow/example_dags/example_branch_operator.py
[2022-08-14 06:05:22,184] {logging_mixin.py:115} INFO - [2022-08-14 06:05:22,184] {dag.py:2420} INFO - Sync 1 DAGs
[2022-08-14 06:05:22,245] {logging_mixin.py:115} INFO - [2022-08-14 06:05:22,245] {dag.py:2972} INFO - Setting next_dagrun for example_branch_operator to 2022-08-13T00:00:00+00:00, run_after=2022-08-14T00:00:00+00:00
[2022-08-14 06:05:22,292] {processor.py:161} INFO - Processing /home/airflow/.local/lib/python3.7/site-packages/airflow/example_dags/example_branch_operator.py took 0.261 seconds
[2022-08-14 06:05:53,084] {processor.py:153} INFO - Started process (PID=776) to work on /home/airflow/.local/lib/python3.7/site-packages/airflow/example_dags/example_branch_operator.py
[2022-08-14 06:05:53,086] {processor.py:641} INFO - Processing file /home/airflow/.local/lib/python3.7/site-packages/airflow/example_dags/example_branch_operator.py for tasks to queue
[2022-08-14 06:05:53,089] {logging_mixin.py:115} INFO - [2022-08-14 06:05:53,089] {dagbag.py:508} INFO - Filling up the DagBag from /home/airflow/.local/lib/python3.7/site-packages/airflow/example_dags/example_branch_operator.py
[2022-08-14 06:05:53,114] {processor.py:651} INFO - DAG(s) dict_keys(['example_branch_operator']) retrieved from /home/airflow/.local/lib/python3.7/site-packages/airflow/example_dags/example_branch_operator.py
[2022-08-14 06:05:53,175] {logging_mixin.py:115} INFO - [2022-08-14 06:05:53,175] {dag.py:2420} INFO - Sync 1 DAGs
[2022-08-14 06:05:53,221] {logging_mixin.py:115} INFO - [2022-08-14 06:05:53,221] {dag.py:2972} INFO - Setting next_dagrun for example_branch_operator to 2022-08-13T00:00:00+00:00, run_after=2022-08-14T00:00:00+00:00
[2022-08-14 06:05:53,248] {processor.py:161} INFO - Processing /home/airflow/.local/lib/python3.7/site-packages/airflow/example_dags/example_branch_operator.py took 0.172 seconds
[2022-08-14 06:06:23,710] {processor.py:153} INFO - Started process (PID=828) to work on /home/airflow/.local/lib/python3.7/site-packages/airflow/example_dags/example_branch_operator.py
[2022-08-14 06:06:23,712] {processor.py:641} INFO - Processing file /home/airflow/.local/lib/python3.7/site-packages/airflow/example_dags/example_branch_operator.py for tasks to queue
[2022-08-14 06:06:23,715] {logging_mixin.py:115} INFO - [2022-08-14 06:06:23,715] {dagbag.py:508} INFO - Filling up the DagBag from /home/airflow/.local/lib/python3.7/site-packages/airflow/example_dags/example_branch_operator.py
[2022-08-14 06:06:23,764] {processor.py:651} INFO - DAG(s) dict_keys(['example_branch_operator']) retrieved from /home/airflow/.local/lib/python3.7/site-packages/airflow/example_dags/example_branch_operator.py
[2022-08-14 06:06:23,971] {logging_mixin.py:115} INFO - [2022-08-14 06:06:23,970] {dag.py:2420} INFO - Sync 1 DAGs
[2022-08-14 06:06:24,064] {logging_mixin.py:115} INFO - [2022-08-14 06:06:24,064] {dag.py:2972} INFO - Setting next_dagrun for example_branch_operator to 2022-08-13T00:00:00+00:00, run_after=2022-08-14T00:00:00+00:00
[2022-08-14 06:06:24,105] {processor.py:161} INFO - Processing /home/airflow/.local/lib/python3.7/site-packages/airflow/example_dags/example_branch_operator.py took 0.404 seconds
[2022-08-14 06:06:58,769] {processor.py:153} INFO - Started process (PID=890) to work on /home/airflow/.local/lib/python3.7/site-packages/airflow/example_dags/example_branch_operator.py
[2022-08-14 06:06:58,820] {processor.py:641} INFO - Processing file /home/airflow/.local/lib/python3.7/site-packages/airflow/example_dags/example_branch_operator.py for tasks to queue
[2022-08-14 06:06:58,855] {logging_mixin.py:115} INFO - [2022-08-14 06:06:58,854] {dagbag.py:508} INFO - Filling up the DagBag from /home/airflow/.local/lib/python3.7/site-packages/airflow/example_dags/example_branch_operator.py
[2022-08-14 06:06:59,852] {processor.py:651} INFO - DAG(s) dict_keys(['example_branch_operator']) retrieved from /home/airflow/.local/lib/python3.7/site-packages/airflow/example_dags/example_branch_operator.py
[2022-08-14 06:07:02,169] {logging_mixin.py:115} INFO - [2022-08-14 06:07:02,168] {dag.py:2420} INFO - Sync 1 DAGs
[2022-08-14 06:07:03,092] {logging_mixin.py:115} INFO - [2022-08-14 06:07:03,092] {dag.py:2972} INFO - Setting next_dagrun for example_branch_operator to 2022-08-13T00:00:00+00:00, run_after=2022-08-14T00:00:00+00:00
[2022-08-14 06:07:03,206] {processor.py:161} INFO - Processing /home/airflow/.local/lib/python3.7/site-packages/airflow/example_dags/example_branch_operator.py took 4.487 seconds
[2022-08-14 06:07:33,577] {processor.py:153} INFO - Started process (PID=937) to work on /home/airflow/.local/lib/python3.7/site-packages/airflow/example_dags/example_branch_operator.py
[2022-08-14 06:07:33,608] {processor.py:641} INFO - Processing file /home/airflow/.local/lib/python3.7/site-packages/airflow/example_dags/example_branch_operator.py for tasks to queue
[2022-08-14 06:07:33,612] {logging_mixin.py:115} INFO - [2022-08-14 06:07:33,612] {dagbag.py:508} INFO - Filling up the DagBag from /home/airflow/.local/lib/python3.7/site-packages/airflow/example_dags/example_branch_operator.py
[2022-08-14 06:07:33,690] {processor.py:651} INFO - DAG(s) dict_keys(['example_branch_operator']) retrieved from /home/airflow/.local/lib/python3.7/site-packages/airflow/example_dags/example_branch_operator.py
[2022-08-14 06:07:33,792] {logging_mixin.py:115} INFO - [2022-08-14 06:07:33,792] {dag.py:2420} INFO - Sync 1 DAGs
[2022-08-14 06:07:33,857] {logging_mixin.py:115} INFO - [2022-08-14 06:07:33,856] {dag.py:2972} INFO - Setting next_dagrun for example_branch_operator to 2022-08-13T00:00:00+00:00, run_after=2022-08-14T00:00:00+00:00
[2022-08-14 06:07:33,884] {processor.py:161} INFO - Processing /home/airflow/.local/lib/python3.7/site-packages/airflow/example_dags/example_branch_operator.py took 0.328 seconds
[2022-08-14 06:08:04,702] {processor.py:153} INFO - Started process (PID=990) to work on /home/airflow/.local/lib/python3.7/site-packages/airflow/example_dags/example_branch_operator.py
[2022-08-14 06:08:04,734] {processor.py:641} INFO - Processing file /home/airflow/.local/lib/python3.7/site-packages/airflow/example_dags/example_branch_operator.py for tasks to queue
[2022-08-14 06:08:04,750] {logging_mixin.py:115} INFO - [2022-08-14 06:08:04,750] {dagbag.py:508} INFO - Filling up the DagBag from /home/airflow/.local/lib/python3.7/site-packages/airflow/example_dags/example_branch_operator.py
[2022-08-14 06:08:04,999] {processor.py:651} INFO - DAG(s) dict_keys(['example_branch_operator']) retrieved from /home/airflow/.local/lib/python3.7/site-packages/airflow/example_dags/example_branch_operator.py
[2022-08-14 06:08:05,560] {logging_mixin.py:115} INFO - [2022-08-14 06:08:05,549] {dag.py:2420} INFO - Sync 1 DAGs
[2022-08-14 06:08:06,294] {logging_mixin.py:115} INFO - [2022-08-14 06:08:06,294] {dag.py:2972} INFO - Setting next_dagrun for example_branch_operator to 2022-08-13T00:00:00+00:00, run_after=2022-08-14T00:00:00+00:00
[2022-08-14 06:08:06,849] {processor.py:161} INFO - Processing /home/airflow/.local/lib/python3.7/site-packages/airflow/example_dags/example_branch_operator.py took 2.179 seconds
[2022-08-14 06:08:37,405] {processor.py:153} INFO - Started process (PID=1043) to work on /home/airflow/.local/lib/python3.7/site-packages/airflow/example_dags/example_branch_operator.py
[2022-08-14 06:08:37,408] {processor.py:641} INFO - Processing file /home/airflow/.local/lib/python3.7/site-packages/airflow/example_dags/example_branch_operator.py for tasks to queue
[2022-08-14 06:08:37,410] {logging_mixin.py:115} INFO - [2022-08-14 06:08:37,410] {dagbag.py:508} INFO - Filling up the DagBag from /home/airflow/.local/lib/python3.7/site-packages/airflow/example_dags/example_branch_operator.py
[2022-08-14 06:08:37,433] {processor.py:651} INFO - DAG(s) dict_keys(['example_branch_operator']) retrieved from /home/airflow/.local/lib/python3.7/site-packages/airflow/example_dags/example_branch_operator.py
[2022-08-14 06:08:37,496] {logging_mixin.py:115} INFO - [2022-08-14 06:08:37,496] {dag.py:2420} INFO - Sync 1 DAGs
[2022-08-14 06:08:37,609] {logging_mixin.py:115} INFO - [2022-08-14 06:08:37,606] {dag.py:2972} INFO - Setting next_dagrun for example_branch_operator to 2022-08-13T00:00:00+00:00, run_after=2022-08-14T00:00:00+00:00
[2022-08-14 06:08:37,660] {processor.py:161} INFO - Processing /home/airflow/.local/lib/python3.7/site-packages/airflow/example_dags/example_branch_operator.py took 0.262 seconds
[2022-08-14 06:09:07,771] {processor.py:153} INFO - Started process (PID=1109) to work on /home/airflow/.local/lib/python3.7/site-packages/airflow/example_dags/example_branch_operator.py
[2022-08-14 06:09:07,774] {processor.py:641} INFO - Processing file /home/airflow/.local/lib/python3.7/site-packages/airflow/example_dags/example_branch_operator.py for tasks to queue
[2022-08-14 06:09:07,776] {logging_mixin.py:115} INFO - [2022-08-14 06:09:07,776] {dagbag.py:508} INFO - Filling up the DagBag from /home/airflow/.local/lib/python3.7/site-packages/airflow/example_dags/example_branch_operator.py
[2022-08-14 06:09:07,799] {processor.py:651} INFO - DAG(s) dict_keys(['example_branch_operator']) retrieved from /home/airflow/.local/lib/python3.7/site-packages/airflow/example_dags/example_branch_operator.py
[2022-08-14 06:09:07,849] {logging_mixin.py:115} INFO - [2022-08-14 06:09:07,849] {dag.py:2420} INFO - Sync 1 DAGs
[2022-08-14 06:09:07,892] {logging_mixin.py:115} INFO - [2022-08-14 06:09:07,892] {dag.py:2972} INFO - Setting next_dagrun for example_branch_operator to 2022-08-13T00:00:00+00:00, run_after=2022-08-14T00:00:00+00:00
[2022-08-14 06:09:07,920] {processor.py:161} INFO - Processing /home/airflow/.local/lib/python3.7/site-packages/airflow/example_dags/example_branch_operator.py took 0.157 seconds
[2022-08-14 06:09:38,118] {processor.py:153} INFO - Started process (PID=1162) to work on /home/airflow/.local/lib/python3.7/site-packages/airflow/example_dags/example_branch_operator.py
[2022-08-14 06:09:38,119] {processor.py:641} INFO - Processing file /home/airflow/.local/lib/python3.7/site-packages/airflow/example_dags/example_branch_operator.py for tasks to queue
[2022-08-14 06:09:38,123] {logging_mixin.py:115} INFO - [2022-08-14 06:09:38,123] {dagbag.py:508} INFO - Filling up the DagBag from /home/airflow/.local/lib/python3.7/site-packages/airflow/example_dags/example_branch_operator.py
[2022-08-14 06:09:38,178] {processor.py:651} INFO - DAG(s) dict_keys(['example_branch_operator']) retrieved from /home/airflow/.local/lib/python3.7/site-packages/airflow/example_dags/example_branch_operator.py
[2022-08-14 06:09:38,288] {logging_mixin.py:115} INFO - [2022-08-14 06:09:38,288] {dag.py:2420} INFO - Sync 1 DAGs
[2022-08-14 06:09:38,484] {logging_mixin.py:115} INFO - [2022-08-14 06:09:38,483] {dag.py:2972} INFO - Setting next_dagrun for example_branch_operator to 2022-08-13T00:00:00+00:00, run_after=2022-08-14T00:00:00+00:00
[2022-08-14 06:09:38,628] {processor.py:161} INFO - Processing /home/airflow/.local/lib/python3.7/site-packages/airflow/example_dags/example_branch_operator.py took 0.521 seconds
[2022-08-14 06:10:08,817] {processor.py:153} INFO - Started process (PID=1216) to work on /home/airflow/.local/lib/python3.7/site-packages/airflow/example_dags/example_branch_operator.py
[2022-08-14 06:10:08,821] {processor.py:641} INFO - Processing file /home/airflow/.local/lib/python3.7/site-packages/airflow/example_dags/example_branch_operator.py for tasks to queue
[2022-08-14 06:10:08,824] {logging_mixin.py:115} INFO - [2022-08-14 06:10:08,824] {dagbag.py:508} INFO - Filling up the DagBag from /home/airflow/.local/lib/python3.7/site-packages/airflow/example_dags/example_branch_operator.py
[2022-08-14 06:10:08,887] {processor.py:651} INFO - DAG(s) dict_keys(['example_branch_operator']) retrieved from /home/airflow/.local/lib/python3.7/site-packages/airflow/example_dags/example_branch_operator.py
[2022-08-14 06:10:08,949] {logging_mixin.py:115} INFO - [2022-08-14 06:10:08,949] {dag.py:2420} INFO - Sync 1 DAGs
[2022-08-14 06:10:08,986] {logging_mixin.py:115} INFO - [2022-08-14 06:10:08,985] {dag.py:2972} INFO - Setting next_dagrun for example_branch_operator to 2022-08-13T00:00:00+00:00, run_after=2022-08-14T00:00:00+00:00
[2022-08-14 06:10:09,006] {processor.py:161} INFO - Processing /home/airflow/.local/lib/python3.7/site-packages/airflow/example_dags/example_branch_operator.py took 0.202 seconds
[2022-08-14 06:10:39,853] {processor.py:153} INFO - Started process (PID=1279) to work on /home/airflow/.local/lib/python3.7/site-packages/airflow/example_dags/example_branch_operator.py
[2022-08-14 06:10:39,855] {processor.py:641} INFO - Processing file /home/airflow/.local/lib/python3.7/site-packages/airflow/example_dags/example_branch_operator.py for tasks to queue
[2022-08-14 06:10:39,858] {logging_mixin.py:115} INFO - [2022-08-14 06:10:39,858] {dagbag.py:508} INFO - Filling up the DagBag from /home/airflow/.local/lib/python3.7/site-packages/airflow/example_dags/example_branch_operator.py
[2022-08-14 06:10:39,936] {processor.py:651} INFO - DAG(s) dict_keys(['example_branch_operator']) retrieved from /home/airflow/.local/lib/python3.7/site-packages/airflow/example_dags/example_branch_operator.py
[2022-08-14 06:10:40,016] {logging_mixin.py:115} INFO - [2022-08-14 06:10:40,016] {dag.py:2420} INFO - Sync 1 DAGs
[2022-08-14 06:10:40,061] {logging_mixin.py:115} INFO - [2022-08-14 06:10:40,061] {dag.py:2972} INFO - Setting next_dagrun for example_branch_operator to 2022-08-13T00:00:00+00:00, run_after=2022-08-14T00:00:00+00:00
[2022-08-14 06:10:40,102] {processor.py:161} INFO - Processing /home/airflow/.local/lib/python3.7/site-packages/airflow/example_dags/example_branch_operator.py took 0.267 seconds
[2022-08-14 06:11:10,160] {processor.py:153} INFO - Started process (PID=1334) to work on /home/airflow/.local/lib/python3.7/site-packages/airflow/example_dags/example_branch_operator.py
[2022-08-14 06:11:10,162] {processor.py:641} INFO - Processing file /home/airflow/.local/lib/python3.7/site-packages/airflow/example_dags/example_branch_operator.py for tasks to queue
[2022-08-14 06:11:10,164] {logging_mixin.py:115} INFO - [2022-08-14 06:11:10,164] {dagbag.py:508} INFO - Filling up the DagBag from /home/airflow/.local/lib/python3.7/site-packages/airflow/example_dags/example_branch_operator.py
[2022-08-14 06:11:10,182] {processor.py:651} INFO - DAG(s) dict_keys(['example_branch_operator']) retrieved from /home/airflow/.local/lib/python3.7/site-packages/airflow/example_dags/example_branch_operator.py
[2022-08-14 06:11:10,227] {logging_mixin.py:115} INFO - [2022-08-14 06:11:10,226] {dag.py:2420} INFO - Sync 1 DAGs
[2022-08-14 06:11:10,283] {logging_mixin.py:115} INFO - [2022-08-14 06:11:10,283] {dag.py:2972} INFO - Setting next_dagrun for example_branch_operator to 2022-08-13T00:00:00+00:00, run_after=2022-08-14T00:00:00+00:00
[2022-08-14 06:11:10,318] {processor.py:161} INFO - Processing /home/airflow/.local/lib/python3.7/site-packages/airflow/example_dags/example_branch_operator.py took 0.165 seconds
[2022-08-14 06:11:40,800] {processor.py:153} INFO - Started process (PID=1389) to work on /home/airflow/.local/lib/python3.7/site-packages/airflow/example_dags/example_branch_operator.py
[2022-08-14 06:11:40,802] {processor.py:641} INFO - Processing file /home/airflow/.local/lib/python3.7/site-packages/airflow/example_dags/example_branch_operator.py for tasks to queue
[2022-08-14 06:11:40,810] {logging_mixin.py:115} INFO - [2022-08-14 06:11:40,810] {dagbag.py:508} INFO - Filling up the DagBag from /home/airflow/.local/lib/python3.7/site-packages/airflow/example_dags/example_branch_operator.py
[2022-08-14 06:11:40,841] {processor.py:651} INFO - DAG(s) dict_keys(['example_branch_operator']) retrieved from /home/airflow/.local/lib/python3.7/site-packages/airflow/example_dags/example_branch_operator.py
[2022-08-14 06:11:40,992] {logging_mixin.py:115} INFO - [2022-08-14 06:11:40,992] {dag.py:2420} INFO - Sync 1 DAGs
[2022-08-14 06:11:41,056] {logging_mixin.py:115} INFO - [2022-08-14 06:11:41,056] {dag.py:2972} INFO - Setting next_dagrun for example_branch_operator to 2022-08-13T00:00:00+00:00, run_after=2022-08-14T00:00:00+00:00
[2022-08-14 06:11:41,077] {processor.py:161} INFO - Processing /home/airflow/.local/lib/python3.7/site-packages/airflow/example_dags/example_branch_operator.py took 0.285 seconds
[2022-08-14 06:12:11,572] {processor.py:153} INFO - Started process (PID=1445) to work on /home/airflow/.local/lib/python3.7/site-packages/airflow/example_dags/example_branch_operator.py
[2022-08-14 06:12:11,574] {processor.py:641} INFO - Processing file /home/airflow/.local/lib/python3.7/site-packages/airflow/example_dags/example_branch_operator.py for tasks to queue
[2022-08-14 06:12:11,576] {logging_mixin.py:115} INFO - [2022-08-14 06:12:11,576] {dagbag.py:508} INFO - Filling up the DagBag from /home/airflow/.local/lib/python3.7/site-packages/airflow/example_dags/example_branch_operator.py
[2022-08-14 06:12:11,598] {processor.py:651} INFO - DAG(s) dict_keys(['example_branch_operator']) retrieved from /home/airflow/.local/lib/python3.7/site-packages/airflow/example_dags/example_branch_operator.py
[2022-08-14 06:12:11,640] {logging_mixin.py:115} INFO - [2022-08-14 06:12:11,640] {dag.py:2420} INFO - Sync 1 DAGs
[2022-08-14 06:12:11,677] {logging_mixin.py:115} INFO - [2022-08-14 06:12:11,677] {dag.py:2972} INFO - Setting next_dagrun for example_branch_operator to 2022-08-13T00:00:00+00:00, run_after=2022-08-14T00:00:00+00:00
[2022-08-14 06:12:11,698] {processor.py:161} INFO - Processing /home/airflow/.local/lib/python3.7/site-packages/airflow/example_dags/example_branch_operator.py took 0.134 seconds
[2022-08-14 06:12:42,433] {processor.py:153} INFO - Started process (PID=1509) to work on /home/airflow/.local/lib/python3.7/site-packages/airflow/example_dags/example_branch_operator.py
[2022-08-14 06:12:42,435] {processor.py:641} INFO - Processing file /home/airflow/.local/lib/python3.7/site-packages/airflow/example_dags/example_branch_operator.py for tasks to queue
[2022-08-14 06:12:42,437] {logging_mixin.py:115} INFO - [2022-08-14 06:12:42,437] {dagbag.py:508} INFO - Filling up the DagBag from /home/airflow/.local/lib/python3.7/site-packages/airflow/example_dags/example_branch_operator.py
[2022-08-14 06:12:42,455] {processor.py:651} INFO - DAG(s) dict_keys(['example_branch_operator']) retrieved from /home/airflow/.local/lib/python3.7/site-packages/airflow/example_dags/example_branch_operator.py
[2022-08-14 06:12:42,498] {logging_mixin.py:115} INFO - [2022-08-14 06:12:42,498] {dag.py:2420} INFO - Sync 1 DAGs
[2022-08-14 06:12:42,535] {logging_mixin.py:115} INFO - [2022-08-14 06:12:42,535] {dag.py:2972} INFO - Setting next_dagrun for example_branch_operator to 2022-08-13T00:00:00+00:00, run_after=2022-08-14T00:00:00+00:00
[2022-08-14 06:12:42,555] {processor.py:161} INFO - Processing /home/airflow/.local/lib/python3.7/site-packages/airflow/example_dags/example_branch_operator.py took 0.129 seconds
[2022-08-14 06:13:12,742] {processor.py:153} INFO - Started process (PID=1563) to work on /home/airflow/.local/lib/python3.7/site-packages/airflow/example_dags/example_branch_operator.py
[2022-08-14 06:13:12,745] {processor.py:641} INFO - Processing file /home/airflow/.local/lib/python3.7/site-packages/airflow/example_dags/example_branch_operator.py for tasks to queue
[2022-08-14 06:13:12,747] {logging_mixin.py:115} INFO - [2022-08-14 06:13:12,747] {dagbag.py:508} INFO - Filling up the DagBag from /home/airflow/.local/lib/python3.7/site-packages/airflow/example_dags/example_branch_operator.py
[2022-08-14 06:13:12,767] {processor.py:651} INFO - DAG(s) dict_keys(['example_branch_operator']) retrieved from /home/airflow/.local/lib/python3.7/site-packages/airflow/example_dags/example_branch_operator.py
[2022-08-14 06:13:12,884] {logging_mixin.py:115} INFO - [2022-08-14 06:13:12,883] {dag.py:2420} INFO - Sync 1 DAGs
[2022-08-14 06:13:12,936] {logging_mixin.py:115} INFO - [2022-08-14 06:13:12,936] {dag.py:2972} INFO - Setting next_dagrun for example_branch_operator to 2022-08-13T00:00:00+00:00, run_after=2022-08-14T00:00:00+00:00
[2022-08-14 06:13:12,964] {processor.py:161} INFO - Processing /home/airflow/.local/lib/python3.7/site-packages/airflow/example_dags/example_branch_operator.py took 0.234 seconds
[2022-08-14 06:13:43,344] {processor.py:153} INFO - Started process (PID=1617) to work on /home/airflow/.local/lib/python3.7/site-packages/airflow/example_dags/example_branch_operator.py
[2022-08-14 06:13:43,350] {processor.py:641} INFO - Processing file /home/airflow/.local/lib/python3.7/site-packages/airflow/example_dags/example_branch_operator.py for tasks to queue
[2022-08-14 06:13:43,355] {logging_mixin.py:115} INFO - [2022-08-14 06:13:43,355] {dagbag.py:508} INFO - Filling up the DagBag from /home/airflow/.local/lib/python3.7/site-packages/airflow/example_dags/example_branch_operator.py
[2022-08-14 06:13:43,415] {processor.py:651} INFO - DAG(s) dict_keys(['example_branch_operator']) retrieved from /home/airflow/.local/lib/python3.7/site-packages/airflow/example_dags/example_branch_operator.py
[2022-08-14 06:13:43,626] {logging_mixin.py:115} INFO - [2022-08-14 06:13:43,626] {dag.py:2420} INFO - Sync 1 DAGs
[2022-08-14 06:13:43,758] {logging_mixin.py:115} INFO - [2022-08-14 06:13:43,757] {dag.py:2972} INFO - Setting next_dagrun for example_branch_operator to 2022-08-13T00:00:00+00:00, run_after=2022-08-14T00:00:00+00:00
[2022-08-14 06:13:43,848] {processor.py:161} INFO - Processing /home/airflow/.local/lib/python3.7/site-packages/airflow/example_dags/example_branch_operator.py took 0.565 seconds
[2022-08-14 06:14:14,715] {processor.py:153} INFO - Started process (PID=1680) to work on /home/airflow/.local/lib/python3.7/site-packages/airflow/example_dags/example_branch_operator.py
[2022-08-14 06:14:14,718] {processor.py:641} INFO - Processing file /home/airflow/.local/lib/python3.7/site-packages/airflow/example_dags/example_branch_operator.py for tasks to queue
[2022-08-14 06:14:14,722] {logging_mixin.py:115} INFO - [2022-08-14 06:14:14,721] {dagbag.py:508} INFO - Filling up the DagBag from /home/airflow/.local/lib/python3.7/site-packages/airflow/example_dags/example_branch_operator.py
[2022-08-14 06:14:14,840] {processor.py:651} INFO - DAG(s) dict_keys(['example_branch_operator']) retrieved from /home/airflow/.local/lib/python3.7/site-packages/airflow/example_dags/example_branch_operator.py
[2022-08-14 06:14:15,100] {logging_mixin.py:115} INFO - [2022-08-14 06:14:15,099] {dag.py:2420} INFO - Sync 1 DAGs
[2022-08-14 06:14:15,471] {logging_mixin.py:115} INFO - [2022-08-14 06:14:15,471] {dag.py:2972} INFO - Setting next_dagrun for example_branch_operator to 2022-08-13T00:00:00+00:00, run_after=2022-08-14T00:00:00+00:00
[2022-08-14 06:14:15,579] {processor.py:161} INFO - Processing /home/airflow/.local/lib/python3.7/site-packages/airflow/example_dags/example_branch_operator.py took 0.876 seconds
[2022-08-14 06:14:46,507] {processor.py:153} INFO - Started process (PID=1735) to work on /home/airflow/.local/lib/python3.7/site-packages/airflow/example_dags/example_branch_operator.py
[2022-08-14 06:14:46,509] {processor.py:641} INFO - Processing file /home/airflow/.local/lib/python3.7/site-packages/airflow/example_dags/example_branch_operator.py for tasks to queue
[2022-08-14 06:14:46,513] {logging_mixin.py:115} INFO - [2022-08-14 06:14:46,513] {dagbag.py:508} INFO - Filling up the DagBag from /home/airflow/.local/lib/python3.7/site-packages/airflow/example_dags/example_branch_operator.py
[2022-08-14 06:14:46,534] {processor.py:651} INFO - DAG(s) dict_keys(['example_branch_operator']) retrieved from /home/airflow/.local/lib/python3.7/site-packages/airflow/example_dags/example_branch_operator.py
[2022-08-14 06:14:46,576] {logging_mixin.py:115} INFO - [2022-08-14 06:14:46,575] {dag.py:2420} INFO - Sync 1 DAGs
[2022-08-14 06:14:46,672] {logging_mixin.py:115} INFO - [2022-08-14 06:14:46,671] {dag.py:2972} INFO - Setting next_dagrun for example_branch_operator to 2022-08-13T00:00:00+00:00, run_after=2022-08-14T00:00:00+00:00
[2022-08-14 06:14:46,739] {processor.py:161} INFO - Processing /home/airflow/.local/lib/python3.7/site-packages/airflow/example_dags/example_branch_operator.py took 0.239 seconds
[2022-08-14 06:15:16,875] {processor.py:153} INFO - Started process (PID=1788) to work on /home/airflow/.local/lib/python3.7/site-packages/airflow/example_dags/example_branch_operator.py
[2022-08-14 06:15:16,877] {processor.py:641} INFO - Processing file /home/airflow/.local/lib/python3.7/site-packages/airflow/example_dags/example_branch_operator.py for tasks to queue
[2022-08-14 06:15:16,880] {logging_mixin.py:115} INFO - [2022-08-14 06:15:16,880] {dagbag.py:508} INFO - Filling up the DagBag from /home/airflow/.local/lib/python3.7/site-packages/airflow/example_dags/example_branch_operator.py
[2022-08-14 06:15:16,899] {processor.py:651} INFO - DAG(s) dict_keys(['example_branch_operator']) retrieved from /home/airflow/.local/lib/python3.7/site-packages/airflow/example_dags/example_branch_operator.py
[2022-08-14 06:15:16,942] {logging_mixin.py:115} INFO - [2022-08-14 06:15:16,942] {dag.py:2420} INFO - Sync 1 DAGs
[2022-08-14 06:15:16,985] {logging_mixin.py:115} INFO - [2022-08-14 06:15:16,984] {dag.py:2972} INFO - Setting next_dagrun for example_branch_operator to 2022-08-13T00:00:00+00:00, run_after=2022-08-14T00:00:00+00:00
[2022-08-14 06:15:17,011] {processor.py:161} INFO - Processing /home/airflow/.local/lib/python3.7/site-packages/airflow/example_dags/example_branch_operator.py took 0.142 seconds
[2022-08-14 06:15:47,234] {processor.py:153} INFO - Started process (PID=1842) to work on /home/airflow/.local/lib/python3.7/site-packages/airflow/example_dags/example_branch_operator.py
[2022-08-14 06:15:47,236] {processor.py:641} INFO - Processing file /home/airflow/.local/lib/python3.7/site-packages/airflow/example_dags/example_branch_operator.py for tasks to queue
[2022-08-14 06:15:47,252] {logging_mixin.py:115} INFO - [2022-08-14 06:15:47,252] {dagbag.py:508} INFO - Filling up the DagBag from /home/airflow/.local/lib/python3.7/site-packages/airflow/example_dags/example_branch_operator.py
[2022-08-14 06:15:47,308] {processor.py:651} INFO - DAG(s) dict_keys(['example_branch_operator']) retrieved from /home/airflow/.local/lib/python3.7/site-packages/airflow/example_dags/example_branch_operator.py
[2022-08-14 06:15:47,367] {logging_mixin.py:115} INFO - [2022-08-14 06:15:47,367] {dag.py:2420} INFO - Sync 1 DAGs
[2022-08-14 06:15:47,562] {logging_mixin.py:115} INFO - [2022-08-14 06:15:47,561] {dag.py:2972} INFO - Setting next_dagrun for example_branch_operator to 2022-08-13T00:00:00+00:00, run_after=2022-08-14T00:00:00+00:00
[2022-08-14 06:15:47,603] {processor.py:161} INFO - Processing /home/airflow/.local/lib/python3.7/site-packages/airflow/example_dags/example_branch_operator.py took 0.378 seconds
[2022-08-14 06:16:19,021] {processor.py:153} INFO - Started process (PID=1895) to work on /home/airflow/.local/lib/python3.7/site-packages/airflow/example_dags/example_branch_operator.py
[2022-08-14 06:16:19,027] {processor.py:641} INFO - Processing file /home/airflow/.local/lib/python3.7/site-packages/airflow/example_dags/example_branch_operator.py for tasks to queue
[2022-08-14 06:16:19,034] {logging_mixin.py:115} INFO - [2022-08-14 06:16:19,033] {dagbag.py:508} INFO - Filling up the DagBag from /home/airflow/.local/lib/python3.7/site-packages/airflow/example_dags/example_branch_operator.py
[2022-08-14 06:16:19,096] {processor.py:651} INFO - DAG(s) dict_keys(['example_branch_operator']) retrieved from /home/airflow/.local/lib/python3.7/site-packages/airflow/example_dags/example_branch_operator.py
[2022-08-14 06:16:19,249] {logging_mixin.py:115} INFO - [2022-08-14 06:16:19,249] {dag.py:2420} INFO - Sync 1 DAGs
[2022-08-14 06:16:19,404] {logging_mixin.py:115} INFO - [2022-08-14 06:16:19,404] {dag.py:2972} INFO - Setting next_dagrun for example_branch_operator to 2022-08-13T00:00:00+00:00, run_after=2022-08-14T00:00:00+00:00
[2022-08-14 06:16:19,469] {processor.py:161} INFO - Processing /home/airflow/.local/lib/python3.7/site-packages/airflow/example_dags/example_branch_operator.py took 0.467 seconds
[2022-08-14 06:16:57,337] {processor.py:153} INFO - Started process (PID=1951) to work on /home/airflow/.local/lib/python3.7/site-packages/airflow/example_dags/example_branch_operator.py
[2022-08-14 06:16:57,339] {processor.py:641} INFO - Processing file /home/airflow/.local/lib/python3.7/site-packages/airflow/example_dags/example_branch_operator.py for tasks to queue
[2022-08-14 06:16:57,342] {logging_mixin.py:115} INFO - [2022-08-14 06:16:57,342] {dagbag.py:508} INFO - Filling up the DagBag from /home/airflow/.local/lib/python3.7/site-packages/airflow/example_dags/example_branch_operator.py
[2022-08-14 06:16:57,416] {processor.py:651} INFO - DAG(s) dict_keys(['example_branch_operator']) retrieved from /home/airflow/.local/lib/python3.7/site-packages/airflow/example_dags/example_branch_operator.py
[2022-08-14 06:16:57,516] {logging_mixin.py:115} INFO - [2022-08-14 06:16:57,516] {dag.py:2420} INFO - Sync 1 DAGs
[2022-08-14 06:16:57,578] {logging_mixin.py:115} INFO - [2022-08-14 06:16:57,573] {dag.py:2972} INFO - Setting next_dagrun for example_branch_operator to 2022-08-13T00:00:00+00:00, run_after=2022-08-14T00:00:00+00:00
[2022-08-14 06:16:57,608] {processor.py:161} INFO - Processing /home/airflow/.local/lib/python3.7/site-packages/airflow/example_dags/example_branch_operator.py took 0.289 seconds
[2022-08-14 06:17:43,834] {processor.py:153} INFO - Started process (PID=2002) to work on /home/airflow/.local/lib/python3.7/site-packages/airflow/example_dags/example_branch_operator.py
[2022-08-14 06:17:43,839] {processor.py:641} INFO - Processing file /home/airflow/.local/lib/python3.7/site-packages/airflow/example_dags/example_branch_operator.py for tasks to queue
[2022-08-14 06:17:43,842] {logging_mixin.py:115} INFO - [2022-08-14 06:17:43,842] {dagbag.py:508} INFO - Filling up the DagBag from /home/airflow/.local/lib/python3.7/site-packages/airflow/example_dags/example_branch_operator.py
[2022-08-14 06:17:43,880] {processor.py:651} INFO - DAG(s) dict_keys(['example_branch_operator']) retrieved from /home/airflow/.local/lib/python3.7/site-packages/airflow/example_dags/example_branch_operator.py
[2022-08-14 06:17:43,957] {logging_mixin.py:115} INFO - [2022-08-14 06:17:43,957] {dag.py:2420} INFO - Sync 1 DAGs
[2022-08-14 06:17:44,015] {logging_mixin.py:115} INFO - [2022-08-14 06:17:44,015] {dag.py:2972} INFO - Setting next_dagrun for example_branch_operator to 2022-08-13T00:00:00+00:00, run_after=2022-08-14T00:00:00+00:00
[2022-08-14 06:17:44,058] {processor.py:161} INFO - Processing /home/airflow/.local/lib/python3.7/site-packages/airflow/example_dags/example_branch_operator.py took 0.231 seconds
[2022-08-14 07:14:12,028] {processor.py:153} INFO - Started process (PID=2087) to work on /home/airflow/.local/lib/python3.7/site-packages/airflow/example_dags/example_branch_operator.py
[2022-08-14 07:14:12,037] {processor.py:641} INFO - Processing file /home/airflow/.local/lib/python3.7/site-packages/airflow/example_dags/example_branch_operator.py for tasks to queue
[2022-08-14 07:14:12,039] {logging_mixin.py:115} INFO - [2022-08-14 07:14:12,039] {dagbag.py:508} INFO - Filling up the DagBag from /home/airflow/.local/lib/python3.7/site-packages/airflow/example_dags/example_branch_operator.py
[2022-08-14 07:14:12,154] {processor.py:651} INFO - DAG(s) dict_keys(['example_branch_operator']) retrieved from /home/airflow/.local/lib/python3.7/site-packages/airflow/example_dags/example_branch_operator.py
[2022-08-14 07:14:12,469] {logging_mixin.py:115} INFO - [2022-08-14 07:14:12,468] {dag.py:2420} INFO - Sync 1 DAGs
[2022-08-14 07:14:13,101] {logging_mixin.py:115} INFO - [2022-08-14 07:14:13,100] {dag.py:2972} INFO - Setting next_dagrun for example_branch_operator to 2022-08-13T00:00:00+00:00, run_after=2022-08-14T00:00:00+00:00
[2022-08-14 07:14:13,291] {processor.py:161} INFO - Processing /home/airflow/.local/lib/python3.7/site-packages/airflow/example_dags/example_branch_operator.py took 1.289 seconds
[2022-08-14 07:14:43,967] {processor.py:153} INFO - Started process (PID=2146) to work on /home/airflow/.local/lib/python3.7/site-packages/airflow/example_dags/example_branch_operator.py
[2022-08-14 07:14:43,969] {processor.py:641} INFO - Processing file /home/airflow/.local/lib/python3.7/site-packages/airflow/example_dags/example_branch_operator.py for tasks to queue
[2022-08-14 07:14:43,972] {logging_mixin.py:115} INFO - [2022-08-14 07:14:43,971] {dagbag.py:508} INFO - Filling up the DagBag from /home/airflow/.local/lib/python3.7/site-packages/airflow/example_dags/example_branch_operator.py
[2022-08-14 07:14:44,007] {processor.py:651} INFO - DAG(s) dict_keys(['example_branch_operator']) retrieved from /home/airflow/.local/lib/python3.7/site-packages/airflow/example_dags/example_branch_operator.py
[2022-08-14 07:14:44,084] {logging_mixin.py:115} INFO - [2022-08-14 07:14:44,084] {dag.py:2420} INFO - Sync 1 DAGs
[2022-08-14 07:14:44,123] {logging_mixin.py:115} INFO - [2022-08-14 07:14:44,123] {dag.py:2972} INFO - Setting next_dagrun for example_branch_operator to 2022-08-13T00:00:00+00:00, run_after=2022-08-14T00:00:00+00:00
[2022-08-14 07:14:44,149] {processor.py:161} INFO - Processing /home/airflow/.local/lib/python3.7/site-packages/airflow/example_dags/example_branch_operator.py took 0.196 seconds
[2022-08-14 07:15:14,292] {processor.py:153} INFO - Started process (PID=2199) to work on /home/airflow/.local/lib/python3.7/site-packages/airflow/example_dags/example_branch_operator.py
[2022-08-14 07:15:14,298] {processor.py:641} INFO - Processing file /home/airflow/.local/lib/python3.7/site-packages/airflow/example_dags/example_branch_operator.py for tasks to queue
[2022-08-14 07:15:14,302] {logging_mixin.py:115} INFO - [2022-08-14 07:15:14,301] {dagbag.py:508} INFO - Filling up the DagBag from /home/airflow/.local/lib/python3.7/site-packages/airflow/example_dags/example_branch_operator.py
[2022-08-14 07:15:14,344] {processor.py:651} INFO - DAG(s) dict_keys(['example_branch_operator']) retrieved from /home/airflow/.local/lib/python3.7/site-packages/airflow/example_dags/example_branch_operator.py
[2022-08-14 07:15:14,454] {logging_mixin.py:115} INFO - [2022-08-14 07:15:14,452] {dag.py:2420} INFO - Sync 1 DAGs
[2022-08-14 07:15:14,545] {logging_mixin.py:115} INFO - [2022-08-14 07:15:14,545] {dag.py:2972} INFO - Setting next_dagrun for example_branch_operator to 2022-08-13T00:00:00+00:00, run_after=2022-08-14T00:00:00+00:00
[2022-08-14 07:15:14,616] {processor.py:161} INFO - Processing /home/airflow/.local/lib/python3.7/site-packages/airflow/example_dags/example_branch_operator.py took 0.337 seconds
[2022-08-15 02:56:03,493] {processor.py:153} INFO - Started process (PID=2260) to work on /home/airflow/.local/lib/python3.7/site-packages/airflow/example_dags/example_branch_operator.py
[2022-08-15 02:56:03,526] {processor.py:641} INFO - Processing file /home/airflow/.local/lib/python3.7/site-packages/airflow/example_dags/example_branch_operator.py for tasks to queue
[2022-08-15 02:56:03,544] {logging_mixin.py:115} INFO - [2022-08-15 02:56:03,543] {dagbag.py:508} INFO - Filling up the DagBag from /home/airflow/.local/lib/python3.7/site-packages/airflow/example_dags/example_branch_operator.py
[2022-08-15 02:56:04,251] {processor.py:651} INFO - DAG(s) dict_keys(['example_branch_operator']) retrieved from /home/airflow/.local/lib/python3.7/site-packages/airflow/example_dags/example_branch_operator.py
[2022-08-15 02:56:05,933] {logging_mixin.py:115} INFO - [2022-08-15 02:56:05,932] {dag.py:2420} INFO - Sync 1 DAGs
