[2022-11-05 15:16:21,674] {taskinstance.py:1179} INFO - Dependencies all met for <TaskInstance: example_bash_operator.runme_2 scheduled__2022-11-04T00:00:00+00:00 [queued]>
[2022-11-05 15:16:21,750] {taskinstance.py:1179} INFO - Dependencies all met for <TaskInstance: example_bash_operator.runme_2 scheduled__2022-11-04T00:00:00+00:00 [queued]>
[2022-11-05 15:16:21,752] {taskinstance.py:1376} INFO - 
--------------------------------------------------------------------------------
[2022-11-05 15:16:21,753] {taskinstance.py:1377} INFO - Starting attempt 1 of 1
[2022-11-05 15:16:21,754] {taskinstance.py:1378} INFO - 
--------------------------------------------------------------------------------
[2022-11-05 15:16:22,269] {taskinstance.py:1397} INFO - Executing <Task(BashOperator): runme_2> on 2022-11-04 00:00:00+00:00
[2022-11-05 15:16:22,294] {standard_task_runner.py:52} INFO - Started process 3031 to run task
[2022-11-05 15:16:22,334] {standard_task_runner.py:79} INFO - Running: ['***', 'tasks', 'run', 'example_bash_operator', 'runme_2', 'scheduled__2022-11-04T00:00:00+00:00', '--job-id', '11', '--raw', '--subdir', '/home/***/.local/lib/python3.7/site-packages/***/example_dags/example_bash_operator.py', '--cfg-path', '/tmp/tmpklliyyo2', '--error-file', '/tmp/tmpd_k998wy']
[2022-11-05 15:16:22,339] {standard_task_runner.py:80} INFO - Job 11: Subtask runme_2
[2022-11-05 15:16:23,206] {task_command.py:371} INFO - Running <TaskInstance: example_bash_operator.runme_2 scheduled__2022-11-04T00:00:00+00:00 [running]> on host ec0dc6e942fe
[2022-11-05 15:16:24,616] {taskinstance.py:1591} INFO - Exporting the following env vars:
AIRFLOW_CTX_DAG_OWNER=***
AIRFLOW_CTX_DAG_ID=example_bash_operator
AIRFLOW_CTX_TASK_ID=runme_2
AIRFLOW_CTX_EXECUTION_DATE=2022-11-04T00:00:00+00:00
AIRFLOW_CTX_TRY_NUMBER=1
AIRFLOW_CTX_DAG_RUN_ID=scheduled__2022-11-04T00:00:00+00:00
[2022-11-05 15:16:24,629] {subprocess.py:62} INFO - Tmp dir root location: 
 /tmp
[2022-11-05 15:16:24,631] {subprocess.py:74} INFO - Running command: ['bash', '-c', 'echo "example_bash_operator__runme_2__20221104" && sleep 1']
[2022-11-05 15:16:24,766] {subprocess.py:85} INFO - Output:
[2022-11-05 15:16:24,792] {subprocess.py:92} INFO - example_bash_operator__runme_2__20221104
[2022-11-05 15:16:25,786] {subprocess.py:96} INFO - Command exited with return code 0
[2022-11-05 15:16:26,015] {taskinstance.py:1420} INFO - Marking task as SUCCESS. dag_id=example_bash_operator, task_id=runme_2, execution_date=20221104T000000, start_date=20221105T151621, end_date=20221105T151626
[2022-11-05 15:16:26,193] {local_task_job.py:156} INFO - Task exited with return code 0
[2022-11-05 15:16:26,587] {local_task_job.py:273} INFO - 1 downstream tasks scheduled from follow-on schedule check
