[2023-02-04 09:55:00,634] {taskinstance.py:1179} INFO - Dependencies all met for <TaskInstance: yandex-new-dag.bash_task scheduled__2023-02-04T09:50:00+00:00 [queued]>
[2023-02-04 09:55:00,644] {taskinstance.py:1179} INFO - Dependencies all met for <TaskInstance: yandex-new-dag.bash_task scheduled__2023-02-04T09:50:00+00:00 [queued]>
[2023-02-04 09:55:00,645] {taskinstance.py:1376} INFO - 
--------------------------------------------------------------------------------
[2023-02-04 09:55:00,645] {taskinstance.py:1377} INFO - Starting attempt 1 of 1
[2023-02-04 09:55:00,646] {taskinstance.py:1378} INFO - 
--------------------------------------------------------------------------------
[2023-02-04 09:55:00,663] {taskinstance.py:1397} INFO - Executing <Task(BashOperator): bash_task> on 2023-02-04 09:50:00+00:00
[2023-02-04 09:55:00,667] {standard_task_runner.py:52} INFO - Started process 13087 to run task
[2023-02-04 09:55:00,670] {standard_task_runner.py:79} INFO - Running: ['***', 'tasks', 'run', 'yandex-new-dag', 'bash_task', 'scheduled__2023-02-04T09:50:00+00:00', '--job-id', '312', '--raw', '--subdir', 'DAGS_FOLDER/new_dag.py', '--cfg-path', '/tmp/tmp99lzqi4s', '--error-file', '/tmp/tmpmh6gfssg']
[2023-02-04 09:55:00,671] {standard_task_runner.py:80} INFO - Job 312: Subtask bash_task
[2023-02-04 09:55:00,742] {task_command.py:371} INFO - Running <TaskInstance: yandex-new-dag.bash_task scheduled__2023-02-04T09:50:00+00:00 [running]> on host 39df186e1726
[2023-02-04 09:55:00,824] {taskinstance.py:1591} INFO - Exporting the following env vars:
AIRFLOW_CTX_DAG_OWNER=***
AIRFLOW_CTX_DAG_ID=yandex-new-dag
AIRFLOW_CTX_TASK_ID=bash_task
AIRFLOW_CTX_EXECUTION_DATE=2023-02-04T09:50:00+00:00
AIRFLOW_CTX_TRY_NUMBER=1
AIRFLOW_CTX_DAG_RUN_ID=scheduled__2023-02-04T09:50:00+00:00
[2023-02-04 09:55:00,826] {subprocess.py:62} INFO - Tmp dir root location: 
 /tmp
[2023-02-04 09:55:00,827] {subprocess.py:74} INFO - Running command: ['bash', '-c', "echo 'Hello, World!'"]
[2023-02-04 09:55:00,838] {subprocess.py:85} INFO - Output:
[2023-02-04 09:55:00,840] {subprocess.py:92} INFO - Hello, World!
[2023-02-04 09:55:00,841] {subprocess.py:96} INFO - Command exited with return code 0
[2023-02-04 09:55:00,875] {taskinstance.py:1420} INFO - Marking task as SUCCESS. dag_id=yandex-new-dag, task_id=bash_task, execution_date=20230204T095000, start_date=20230204T095500, end_date=20230204T095500
[2023-02-04 09:55:00,922] {local_task_job.py:156} INFO - Task exited with return code 0
[2023-02-04 09:55:00,949] {local_task_job.py:273} INFO - 0 downstream tasks scheduled from follow-on schedule check
