[2022-08-20 07:36:46,588] {processor.py:153} INFO - Started process (PID=10835) to work on /home/airflow/.local/lib/python3.7/site-packages/airflow/example_dags/example_branch_datetime_operator.py
[2022-08-20 07:36:46,613] {processor.py:641} INFO - Processing file /home/airflow/.local/lib/python3.7/site-packages/airflow/example_dags/example_branch_datetime_operator.py for tasks to queue
[2022-08-20 07:36:46,621] {logging_mixin.py:115} INFO - [2022-08-20 07:36:46,621] {dagbag.py:508} INFO - Filling up the DagBag from /home/airflow/.local/lib/python3.7/site-packages/airflow/example_dags/example_branch_datetime_operator.py
[2022-08-20 07:36:47,818] {processor.py:651} INFO - DAG(s) dict_keys(['example_branch_datetime_operator', 'example_branch_datetime_operator_2']) retrieved from /home/airflow/.local/lib/python3.7/site-packages/airflow/example_dags/example_branch_datetime_operator.py
[2022-08-20 07:36:49,094] {logging_mixin.py:115} INFO - [2022-08-20 07:36:49,094] {dag.py:2420} INFO - Sync 2 DAGs
[2022-08-20 07:36:51,591] {logging_mixin.py:115} INFO - [2022-08-20 07:36:51,591] {dag.py:2972} INFO - Setting next_dagrun for example_branch_datetime_operator to 2022-08-19T00:00:00+00:00, run_after=2022-08-20T00:00:00+00:00
[2022-08-20 07:36:51,792] {logging_mixin.py:115} INFO - [2022-08-20 07:36:51,728] {dag.py:2972} INFO - Setting next_dagrun for example_branch_datetime_operator_2 to 2022-08-19T00:00:00+00:00, run_after=2022-08-20T00:00:00+00:00
[2022-08-20 07:36:52,433] {processor.py:161} INFO - Processing /home/airflow/.local/lib/python3.7/site-packages/airflow/example_dags/example_branch_datetime_operator.py took 5.982 seconds
[2022-08-20 07:39:34,778] {processor.py:153} INFO - Started process (PID=10940) to work on /home/airflow/.local/lib/python3.7/site-packages/airflow/example_dags/example_branch_datetime_operator.py
[2022-08-20 07:39:34,791] {processor.py:641} INFO - Processing file /home/airflow/.local/lib/python3.7/site-packages/airflow/example_dags/example_branch_datetime_operator.py for tasks to queue
[2022-08-20 07:39:34,827] {logging_mixin.py:115} INFO - [2022-08-20 07:39:34,827] {dagbag.py:508} INFO - Filling up the DagBag from /home/airflow/.local/lib/python3.7/site-packages/airflow/example_dags/example_branch_datetime_operator.py
[2022-08-20 07:39:35,385] {processor.py:651} INFO - DAG(s) dict_keys(['example_branch_datetime_operator', 'example_branch_datetime_operator_2']) retrieved from /home/airflow/.local/lib/python3.7/site-packages/airflow/example_dags/example_branch_datetime_operator.py
[2022-08-20 07:39:37,085] {logging_mixin.py:115} INFO - [2022-08-20 07:39:37,084] {dag.py:2420} INFO - Sync 2 DAGs
[2022-08-20 07:39:38,329] {logging_mixin.py:115} INFO - [2022-08-20 07:39:38,329] {dag.py:2972} INFO - Setting next_dagrun for example_branch_datetime_operator to 2022-08-19T00:00:00+00:00, run_after=2022-08-20T00:00:00+00:00
[2022-08-20 07:39:38,413] {logging_mixin.py:115} INFO - [2022-08-20 07:39:38,412] {dag.py:2972} INFO - Setting next_dagrun for example_branch_datetime_operator_2 to 2022-08-19T00:00:00+00:00, run_after=2022-08-20T00:00:00+00:00
[2022-08-20 07:39:38,951] {processor.py:161} INFO - Processing /home/airflow/.local/lib/python3.7/site-packages/airflow/example_dags/example_branch_datetime_operator.py took 4.299 seconds
[2022-08-20 10:23:40,969] {processor.py:153} INFO - Started process (PID=11042) to work on /home/airflow/.local/lib/python3.7/site-packages/airflow/example_dags/example_branch_datetime_operator.py
[2022-08-20 10:23:40,988] {processor.py:641} INFO - Processing file /home/airflow/.local/lib/python3.7/site-packages/airflow/example_dags/example_branch_datetime_operator.py for tasks to queue
[2022-08-20 10:23:40,997] {logging_mixin.py:115} INFO - [2022-08-20 10:23:40,996] {dagbag.py:508} INFO - Filling up the DagBag from /home/airflow/.local/lib/python3.7/site-packages/airflow/example_dags/example_branch_datetime_operator.py
[2022-08-20 10:23:41,346] {processor.py:651} INFO - DAG(s) dict_keys(['example_branch_datetime_operator', 'example_branch_datetime_operator_2']) retrieved from /home/airflow/.local/lib/python3.7/site-packages/airflow/example_dags/example_branch_datetime_operator.py
[2022-08-20 10:23:42,284] {logging_mixin.py:115} INFO - [2022-08-20 10:23:42,283] {dag.py:2420} INFO - Sync 2 DAGs
[2022-08-20 10:23:44,948] {logging_mixin.py:115} INFO - [2022-08-20 10:23:44,948] {dag.py:2972} INFO - Setting next_dagrun for example_branch_datetime_operator to 2022-08-19T00:00:00+00:00, run_after=2022-08-20T00:00:00+00:00
[2022-08-20 10:23:45,020] {logging_mixin.py:115} INFO - [2022-08-20 10:23:45,020] {dag.py:2972} INFO - Setting next_dagrun for example_branch_datetime_operator_2 to 2022-08-19T00:00:00+00:00, run_after=2022-08-20T00:00:00+00:00
[2022-08-20 10:23:45,769] {processor.py:161} INFO - Processing /home/airflow/.local/lib/python3.7/site-packages/airflow/example_dags/example_branch_datetime_operator.py took 4.970 seconds
[2022-08-20 10:24:47,405] {processor.py:153} INFO - Started process (PID=11099) to work on /home/airflow/.local/lib/python3.7/site-packages/airflow/example_dags/example_branch_datetime_operator.py
[2022-08-20 10:24:47,431] {processor.py:641} INFO - Processing file /home/airflow/.local/lib/python3.7/site-packages/airflow/example_dags/example_branch_datetime_operator.py for tasks to queue
[2022-08-20 10:24:47,436] {logging_mixin.py:115} INFO - [2022-08-20 10:24:47,436] {dagbag.py:508} INFO - Filling up the DagBag from /home/airflow/.local/lib/python3.7/site-packages/airflow/example_dags/example_branch_datetime_operator.py
[2022-08-20 10:24:47,935] {processor.py:651} INFO - DAG(s) dict_keys(['example_branch_datetime_operator', 'example_branch_datetime_operator_2']) retrieved from /home/airflow/.local/lib/python3.7/site-packages/airflow/example_dags/example_branch_datetime_operator.py
[2022-08-20 10:24:48,897] {logging_mixin.py:115} INFO - [2022-08-20 10:24:48,897] {dag.py:2420} INFO - Sync 2 DAGs
[2022-08-20 10:24:49,861] {logging_mixin.py:115} INFO - [2022-08-20 10:24:49,861] {dag.py:2972} INFO - Setting next_dagrun for example_branch_datetime_operator to 2022-08-19T00:00:00+00:00, run_after=2022-08-20T00:00:00+00:00
[2022-08-20 10:24:50,000] {logging_mixin.py:115} INFO - [2022-08-20 10:24:50,000] {dag.py:2972} INFO - Setting next_dagrun for example_branch_datetime_operator_2 to 2022-08-19T00:00:00+00:00, run_after=2022-08-20T00:00:00+00:00
[2022-08-20 10:24:50,934] {processor.py:161} INFO - Processing /home/airflow/.local/lib/python3.7/site-packages/airflow/example_dags/example_branch_datetime_operator.py took 3.652 seconds
[2022-08-20 11:34:56,326] {processor.py:153} INFO - Started process (PID=11170) to work on /home/airflow/.local/lib/python3.7/site-packages/airflow/example_dags/example_branch_datetime_operator.py
[2022-08-20 11:34:56,341] {processor.py:641} INFO - Processing file /home/airflow/.local/lib/python3.7/site-packages/airflow/example_dags/example_branch_datetime_operator.py for tasks to queue
[2022-08-20 11:34:56,348] {logging_mixin.py:115} INFO - [2022-08-20 11:34:56,348] {dagbag.py:508} INFO - Filling up the DagBag from /home/airflow/.local/lib/python3.7/site-packages/airflow/example_dags/example_branch_datetime_operator.py
[2022-08-20 11:34:56,561] {processor.py:651} INFO - DAG(s) dict_keys(['example_branch_datetime_operator', 'example_branch_datetime_operator_2']) retrieved from /home/airflow/.local/lib/python3.7/site-packages/airflow/example_dags/example_branch_datetime_operator.py
[2022-08-20 11:34:57,014] {logging_mixin.py:115} INFO - [2022-08-20 11:34:57,008] {dag.py:2420} INFO - Sync 2 DAGs
[2022-08-20 11:34:57,459] {logging_mixin.py:115} INFO - [2022-08-20 11:34:57,459] {dag.py:2972} INFO - Setting next_dagrun for example_branch_datetime_operator to 2022-08-19T00:00:00+00:00, run_after=2022-08-20T00:00:00+00:00
[2022-08-20 11:34:57,505] {logging_mixin.py:115} INFO - [2022-08-20 11:34:57,503] {dag.py:2972} INFO - Setting next_dagrun for example_branch_datetime_operator_2 to 2022-08-19T00:00:00+00:00, run_after=2022-08-20T00:00:00+00:00
[2022-08-20 11:34:57,735] {processor.py:161} INFO - Processing /home/airflow/.local/lib/python3.7/site-packages/airflow/example_dags/example_branch_datetime_operator.py took 1.467 seconds
[2022-08-20 11:35:38,407] {processor.py:153} INFO - Started process (PID=11224) to work on /home/airflow/.local/lib/python3.7/site-packages/airflow/example_dags/example_branch_datetime_operator.py
[2022-08-20 11:35:38,416] {processor.py:641} INFO - Processing file /home/airflow/.local/lib/python3.7/site-packages/airflow/example_dags/example_branch_datetime_operator.py for tasks to queue
[2022-08-20 11:35:38,425] {logging_mixin.py:115} INFO - [2022-08-20 11:35:38,425] {dagbag.py:508} INFO - Filling up the DagBag from /home/airflow/.local/lib/python3.7/site-packages/airflow/example_dags/example_branch_datetime_operator.py
[2022-08-20 11:35:38,520] {processor.py:651} INFO - DAG(s) dict_keys(['example_branch_datetime_operator', 'example_branch_datetime_operator_2']) retrieved from /home/airflow/.local/lib/python3.7/site-packages/airflow/example_dags/example_branch_datetime_operator.py
[2022-08-20 11:35:38,678] {logging_mixin.py:115} INFO - [2022-08-20 11:35:38,678] {dag.py:2420} INFO - Sync 2 DAGs
[2022-08-20 11:35:38,790] {logging_mixin.py:115} INFO - [2022-08-20 11:35:38,790] {dag.py:2972} INFO - Setting next_dagrun for example_branch_datetime_operator to 2022-08-19T00:00:00+00:00, run_after=2022-08-20T00:00:00+00:00
[2022-08-20 11:35:38,798] {logging_mixin.py:115} INFO - [2022-08-20 11:35:38,798] {dag.py:2972} INFO - Setting next_dagrun for example_branch_datetime_operator_2 to 2022-08-19T00:00:00+00:00, run_after=2022-08-20T00:00:00+00:00
[2022-08-20 11:35:38,841] {processor.py:161} INFO - Processing /home/airflow/.local/lib/python3.7/site-packages/airflow/example_dags/example_branch_datetime_operator.py took 0.453 seconds
[2022-08-20 11:36:09,484] {processor.py:153} INFO - Started process (PID=11269) to work on /home/airflow/.local/lib/python3.7/site-packages/airflow/example_dags/example_branch_datetime_operator.py
[2022-08-20 11:36:09,493] {processor.py:641} INFO - Processing file /home/airflow/.local/lib/python3.7/site-packages/airflow/example_dags/example_branch_datetime_operator.py for tasks to queue
[2022-08-20 11:36:09,497] {logging_mixin.py:115} INFO - [2022-08-20 11:36:09,496] {dagbag.py:508} INFO - Filling up the DagBag from /home/airflow/.local/lib/python3.7/site-packages/airflow/example_dags/example_branch_datetime_operator.py
[2022-08-20 11:36:09,535] {processor.py:651} INFO - DAG(s) dict_keys(['example_branch_datetime_operator', 'example_branch_datetime_operator_2']) retrieved from /home/airflow/.local/lib/python3.7/site-packages/airflow/example_dags/example_branch_datetime_operator.py
[2022-08-20 11:36:09,645] {logging_mixin.py:115} INFO - [2022-08-20 11:36:09,645] {dag.py:2420} INFO - Sync 2 DAGs
[2022-08-20 11:36:09,775] {logging_mixin.py:115} INFO - [2022-08-20 11:36:09,774] {dag.py:2972} INFO - Setting next_dagrun for example_branch_datetime_operator to 2022-08-19T00:00:00+00:00, run_after=2022-08-20T00:00:00+00:00
[2022-08-20 11:36:09,794] {logging_mixin.py:115} INFO - [2022-08-20 11:36:09,793] {dag.py:2972} INFO - Setting next_dagrun for example_branch_datetime_operator_2 to 2022-08-19T00:00:00+00:00, run_after=2022-08-20T00:00:00+00:00
[2022-08-20 11:36:09,840] {processor.py:161} INFO - Processing /home/airflow/.local/lib/python3.7/site-packages/airflow/example_dags/example_branch_datetime_operator.py took 0.371 seconds
[2022-08-20 11:36:51,821] {processor.py:153} INFO - Started process (PID=11330) to work on /home/airflow/.local/lib/python3.7/site-packages/airflow/example_dags/example_branch_datetime_operator.py
[2022-08-20 11:36:51,854] {processor.py:641} INFO - Processing file /home/airflow/.local/lib/python3.7/site-packages/airflow/example_dags/example_branch_datetime_operator.py for tasks to queue
[2022-08-20 11:36:51,890] {logging_mixin.py:115} INFO - [2022-08-20 11:36:51,890] {dagbag.py:508} INFO - Filling up the DagBag from /home/airflow/.local/lib/python3.7/site-packages/airflow/example_dags/example_branch_datetime_operator.py
[2022-08-20 11:36:51,994] {processor.py:651} INFO - DAG(s) dict_keys(['example_branch_datetime_operator', 'example_branch_datetime_operator_2']) retrieved from /home/airflow/.local/lib/python3.7/site-packages/airflow/example_dags/example_branch_datetime_operator.py
[2022-08-20 11:36:52,773] {logging_mixin.py:115} INFO - [2022-08-20 11:36:52,772] {dag.py:2420} INFO - Sync 2 DAGs
[2022-08-20 11:36:53,423] {logging_mixin.py:115} INFO - [2022-08-20 11:36:53,423] {dag.py:2972} INFO - Setting next_dagrun for example_branch_datetime_operator to 2022-08-19T00:00:00+00:00, run_after=2022-08-20T00:00:00+00:00
[2022-08-20 11:36:53,454] {logging_mixin.py:115} INFO - [2022-08-20 11:36:53,454] {dag.py:2972} INFO - Setting next_dagrun for example_branch_datetime_operator_2 to 2022-08-19T00:00:00+00:00, run_after=2022-08-20T00:00:00+00:00
[2022-08-20 11:36:53,692] {processor.py:161} INFO - Processing /home/airflow/.local/lib/python3.7/site-packages/airflow/example_dags/example_branch_datetime_operator.py took 1.945 seconds
[2022-08-20 11:37:32,135] {processor.py:153} INFO - Started process (PID=11383) to work on /home/airflow/.local/lib/python3.7/site-packages/airflow/example_dags/example_branch_datetime_operator.py
[2022-08-20 11:37:32,166] {processor.py:641} INFO - Processing file /home/airflow/.local/lib/python3.7/site-packages/airflow/example_dags/example_branch_datetime_operator.py for tasks to queue
[2022-08-20 11:37:32,175] {logging_mixin.py:115} INFO - [2022-08-20 11:37:32,174] {dagbag.py:508} INFO - Filling up the DagBag from /home/airflow/.local/lib/python3.7/site-packages/airflow/example_dags/example_branch_datetime_operator.py
[2022-08-20 11:37:32,413] {processor.py:651} INFO - DAG(s) dict_keys(['example_branch_datetime_operator', 'example_branch_datetime_operator_2']) retrieved from /home/airflow/.local/lib/python3.7/site-packages/airflow/example_dags/example_branch_datetime_operator.py
[2022-08-20 11:37:33,018] {logging_mixin.py:115} INFO - [2022-08-20 11:37:33,018] {dag.py:2420} INFO - Sync 2 DAGs
[2022-08-20 11:37:33,443] {logging_mixin.py:115} INFO - [2022-08-20 11:37:33,443] {dag.py:2972} INFO - Setting next_dagrun for example_branch_datetime_operator to 2022-08-19T00:00:00+00:00, run_after=2022-08-20T00:00:00+00:00
[2022-08-20 11:37:33,472] {logging_mixin.py:115} INFO - [2022-08-20 11:37:33,471] {dag.py:2972} INFO - Setting next_dagrun for example_branch_datetime_operator_2 to 2022-08-19T00:00:00+00:00, run_after=2022-08-20T00:00:00+00:00
[2022-08-20 11:37:33,716] {processor.py:161} INFO - Processing /home/airflow/.local/lib/python3.7/site-packages/airflow/example_dags/example_branch_datetime_operator.py took 1.636 seconds
[2022-08-20 11:38:04,645] {processor.py:153} INFO - Started process (PID=11430) to work on /home/airflow/.local/lib/python3.7/site-packages/airflow/example_dags/example_branch_datetime_operator.py
[2022-08-20 11:38:04,651] {processor.py:641} INFO - Processing file /home/airflow/.local/lib/python3.7/site-packages/airflow/example_dags/example_branch_datetime_operator.py for tasks to queue
[2022-08-20 11:38:04,668] {logging_mixin.py:115} INFO - [2022-08-20 11:38:04,667] {dagbag.py:508} INFO - Filling up the DagBag from /home/airflow/.local/lib/python3.7/site-packages/airflow/example_dags/example_branch_datetime_operator.py
[2022-08-20 11:38:04,775] {processor.py:651} INFO - DAG(s) dict_keys(['example_branch_datetime_operator', 'example_branch_datetime_operator_2']) retrieved from /home/airflow/.local/lib/python3.7/site-packages/airflow/example_dags/example_branch_datetime_operator.py
[2022-08-20 11:38:05,105] {logging_mixin.py:115} INFO - [2022-08-20 11:38:05,103] {dag.py:2420} INFO - Sync 2 DAGs
[2022-08-20 11:38:05,202] {logging_mixin.py:115} INFO - [2022-08-20 11:38:05,202] {dag.py:2972} INFO - Setting next_dagrun for example_branch_datetime_operator to 2022-08-19T00:00:00+00:00, run_after=2022-08-20T00:00:00+00:00
[2022-08-20 11:38:05,211] {logging_mixin.py:115} INFO - [2022-08-20 11:38:05,211] {dag.py:2972} INFO - Setting next_dagrun for example_branch_datetime_operator_2 to 2022-08-19T00:00:00+00:00, run_after=2022-08-20T00:00:00+00:00
[2022-08-20 11:38:05,248] {processor.py:161} INFO - Processing /home/airflow/.local/lib/python3.7/site-packages/airflow/example_dags/example_branch_datetime_operator.py took 0.653 seconds
