[2022-08-20 07:37:34,754] {processor.py:153} INFO - Started process (PID=10864) to work on /home/airflow/.local/lib/python3.7/site-packages/airflow/example_dags/example_latest_only.py
[2022-08-20 07:37:34,782] {processor.py:641} INFO - Processing file /home/airflow/.local/lib/python3.7/site-packages/airflow/example_dags/example_latest_only.py for tasks to queue
[2022-08-20 07:37:34,816] {logging_mixin.py:115} INFO - [2022-08-20 07:37:34,816] {dagbag.py:508} INFO - Filling up the DagBag from /home/airflow/.local/lib/python3.7/site-packages/airflow/example_dags/example_latest_only.py
[2022-08-20 07:37:35,137] {processor.py:651} INFO - DAG(s) dict_keys(['latest_only']) retrieved from /home/airflow/.local/lib/python3.7/site-packages/airflow/example_dags/example_latest_only.py
[2022-08-20 07:37:38,786] {logging_mixin.py:115} INFO - [2022-08-20 07:37:38,786] {dag.py:2420} INFO - Sync 1 DAGs
[2022-08-20 07:37:40,598] {logging_mixin.py:115} INFO - [2022-08-20 07:37:40,598] {dag.py:2972} INFO - Setting next_dagrun for latest_only to 2022-08-20T03:37:40.597453+00:00, run_after=2022-08-20T07:37:40.597453+00:00
[2022-08-20 07:37:41,197] {processor.py:161} INFO - Processing /home/airflow/.local/lib/python3.7/site-packages/airflow/example_dags/example_latest_only.py took 6.729 seconds
[2022-08-20 10:21:45,120] {processor.py:153} INFO - Started process (PID=10968) to work on /home/airflow/.local/lib/python3.7/site-packages/airflow/example_dags/example_latest_only.py
[2022-08-20 10:21:45,203] {processor.py:641} INFO - Processing file /home/airflow/.local/lib/python3.7/site-packages/airflow/example_dags/example_latest_only.py for tasks to queue
[2022-08-20 10:21:45,252] {logging_mixin.py:115} INFO - [2022-08-20 10:21:45,252] {dagbag.py:508} INFO - Filling up the DagBag from /home/airflow/.local/lib/python3.7/site-packages/airflow/example_dags/example_latest_only.py
[2022-08-20 10:21:46,547] {processor.py:651} INFO - DAG(s) dict_keys(['latest_only']) retrieved from /home/airflow/.local/lib/python3.7/site-packages/airflow/example_dags/example_latest_only.py
[2022-08-20 10:21:54,885] {logging_mixin.py:115} INFO - [2022-08-20 10:21:54,885] {dag.py:2420} INFO - Sync 1 DAGs
[2022-08-20 10:22:03,496] {logging_mixin.py:115} INFO - [2022-08-20 10:22:03,496] {dag.py:2972} INFO - Setting next_dagrun for latest_only to 2022-08-20T06:22:03.240339+00:00, run_after=2022-08-20T10:22:03.240339+00:00
[2022-08-20 10:22:07,655] {processor.py:161} INFO - Processing /home/airflow/.local/lib/python3.7/site-packages/airflow/example_dags/example_latest_only.py took 23.092 seconds
[2022-08-20 10:24:06,007] {processor.py:153} INFO - Started process (PID=11062) to work on /home/airflow/.local/lib/python3.7/site-packages/airflow/example_dags/example_latest_only.py
[2022-08-20 10:24:06,062] {processor.py:641} INFO - Processing file /home/airflow/.local/lib/python3.7/site-packages/airflow/example_dags/example_latest_only.py for tasks to queue
[2022-08-20 10:24:06,101] {logging_mixin.py:115} INFO - [2022-08-20 10:24:06,094] {dagbag.py:508} INFO - Filling up the DagBag from /home/airflow/.local/lib/python3.7/site-packages/airflow/example_dags/example_latest_only.py
[2022-08-20 10:24:06,430] {processor.py:651} INFO - DAG(s) dict_keys(['latest_only']) retrieved from /home/airflow/.local/lib/python3.7/site-packages/airflow/example_dags/example_latest_only.py
[2022-08-20 10:24:08,129] {logging_mixin.py:115} INFO - [2022-08-20 10:24:08,129] {dag.py:2420} INFO - Sync 1 DAGs
[2022-08-20 10:24:10,621] {logging_mixin.py:115} INFO - [2022-08-20 10:24:10,621] {dag.py:2972} INFO - Setting next_dagrun for latest_only to 2022-08-20T06:24:10.620781+00:00, run_after=2022-08-20T10:24:10.620781+00:00
[2022-08-20 10:24:11,335] {processor.py:161} INFO - Processing /home/airflow/.local/lib/python3.7/site-packages/airflow/example_dags/example_latest_only.py took 5.539 seconds
[2022-08-20 10:25:11,849] {processor.py:153} INFO - Started process (PID=11132) to work on /home/airflow/.local/lib/python3.7/site-packages/airflow/example_dags/example_latest_only.py
[2022-08-20 10:25:11,856] {processor.py:641} INFO - Processing file /home/airflow/.local/lib/python3.7/site-packages/airflow/example_dags/example_latest_only.py for tasks to queue
[2022-08-20 10:25:11,879] {logging_mixin.py:115} INFO - [2022-08-20 10:25:11,879] {dagbag.py:508} INFO - Filling up the DagBag from /home/airflow/.local/lib/python3.7/site-packages/airflow/example_dags/example_latest_only.py
[2022-08-20 10:25:11,973] {processor.py:651} INFO - DAG(s) dict_keys(['latest_only']) retrieved from /home/airflow/.local/lib/python3.7/site-packages/airflow/example_dags/example_latest_only.py
[2022-08-20 10:25:12,652] {logging_mixin.py:115} INFO - [2022-08-20 10:25:12,652] {dag.py:2420} INFO - Sync 1 DAGs
[2022-08-20 10:25:13,213] {logging_mixin.py:115} INFO - [2022-08-20 10:25:13,213] {dag.py:2972} INFO - Setting next_dagrun for latest_only to 2022-08-20T06:25:13.212640+00:00, run_after=2022-08-20T10:25:13.212640+00:00
[2022-08-20 10:25:13,363] {processor.py:161} INFO - Processing /home/airflow/.local/lib/python3.7/site-packages/airflow/example_dags/example_latest_only.py took 1.553 seconds
[2022-08-20 11:35:16,713] {processor.py:153} INFO - Started process (PID=11190) to work on /home/airflow/.local/lib/python3.7/site-packages/airflow/example_dags/example_latest_only.py
[2022-08-20 11:35:16,732] {processor.py:641} INFO - Processing file /home/airflow/.local/lib/python3.7/site-packages/airflow/example_dags/example_latest_only.py for tasks to queue
[2022-08-20 11:35:16,740] {logging_mixin.py:115} INFO - [2022-08-20 11:35:16,740] {dagbag.py:508} INFO - Filling up the DagBag from /home/airflow/.local/lib/python3.7/site-packages/airflow/example_dags/example_latest_only.py
[2022-08-20 11:35:17,055] {processor.py:651} INFO - DAG(s) dict_keys(['latest_only']) retrieved from /home/airflow/.local/lib/python3.7/site-packages/airflow/example_dags/example_latest_only.py
[2022-08-20 11:35:18,459] {logging_mixin.py:115} INFO - [2022-08-20 11:35:18,437] {dag.py:2420} INFO - Sync 1 DAGs
[2022-08-20 11:35:19,090] {logging_mixin.py:115} INFO - [2022-08-20 11:35:19,090] {dag.py:2972} INFO - Setting next_dagrun for latest_only to 2022-08-20T07:35:19.079411+00:00, run_after=2022-08-20T11:35:19.079411+00:00
[2022-08-20 11:35:19,321] {processor.py:161} INFO - Processing /home/airflow/.local/lib/python3.7/site-packages/airflow/example_dags/example_latest_only.py took 2.821 seconds
[2022-08-20 11:35:50,117] {processor.py:153} INFO - Started process (PID=11235) to work on /home/airflow/.local/lib/python3.7/site-packages/airflow/example_dags/example_latest_only.py
[2022-08-20 11:35:50,134] {processor.py:641} INFO - Processing file /home/airflow/.local/lib/python3.7/site-packages/airflow/example_dags/example_latest_only.py for tasks to queue
[2022-08-20 11:35:50,183] {logging_mixin.py:115} INFO - [2022-08-20 11:35:50,153] {dagbag.py:508} INFO - Filling up the DagBag from /home/airflow/.local/lib/python3.7/site-packages/airflow/example_dags/example_latest_only.py
[2022-08-20 11:35:50,272] {processor.py:651} INFO - DAG(s) dict_keys(['latest_only']) retrieved from /home/airflow/.local/lib/python3.7/site-packages/airflow/example_dags/example_latest_only.py
[2022-08-20 11:35:50,543] {logging_mixin.py:115} INFO - [2022-08-20 11:35:50,543] {dag.py:2420} INFO - Sync 1 DAGs
[2022-08-20 11:35:50,903] {logging_mixin.py:115} INFO - [2022-08-20 11:35:50,902] {dag.py:2972} INFO - Setting next_dagrun for latest_only to 2022-08-20T07:35:50.902068+00:00, run_after=2022-08-20T11:35:50.902068+00:00
[2022-08-20 11:35:51,251] {processor.py:161} INFO - Processing /home/airflow/.local/lib/python3.7/site-packages/airflow/example_dags/example_latest_only.py took 1.179 seconds
[2022-08-20 11:36:22,510] {processor.py:153} INFO - Started process (PID=11289) to work on /home/airflow/.local/lib/python3.7/site-packages/airflow/example_dags/example_latest_only.py
[2022-08-20 11:36:22,538] {processor.py:641} INFO - Processing file /home/airflow/.local/lib/python3.7/site-packages/airflow/example_dags/example_latest_only.py for tasks to queue
[2022-08-20 11:36:22,552] {logging_mixin.py:115} INFO - [2022-08-20 11:36:22,552] {dagbag.py:508} INFO - Filling up the DagBag from /home/airflow/.local/lib/python3.7/site-packages/airflow/example_dags/example_latest_only.py
[2022-08-20 11:36:22,608] {processor.py:651} INFO - DAG(s) dict_keys(['latest_only']) retrieved from /home/airflow/.local/lib/python3.7/site-packages/airflow/example_dags/example_latest_only.py
[2022-08-20 11:36:22,711] {logging_mixin.py:115} INFO - [2022-08-20 11:36:22,711] {dag.py:2420} INFO - Sync 1 DAGs
[2022-08-20 11:36:22,790] {logging_mixin.py:115} INFO - [2022-08-20 11:36:22,790] {dag.py:2972} INFO - Setting next_dagrun for latest_only to 2022-08-20T07:36:22.789762+00:00, run_after=2022-08-20T11:36:22.789762+00:00
[2022-08-20 11:36:22,842] {processor.py:161} INFO - Processing /home/airflow/.local/lib/python3.7/site-packages/airflow/example_dags/example_latest_only.py took 0.352 seconds
[2022-08-20 11:36:59,971] {processor.py:153} INFO - Started process (PID=11344) to work on /home/airflow/.local/lib/python3.7/site-packages/airflow/example_dags/example_latest_only.py
[2022-08-20 11:36:59,980] {processor.py:641} INFO - Processing file /home/airflow/.local/lib/python3.7/site-packages/airflow/example_dags/example_latest_only.py for tasks to queue
[2022-08-20 11:36:59,983] {logging_mixin.py:115} INFO - [2022-08-20 11:36:59,983] {dagbag.py:508} INFO - Filling up the DagBag from /home/airflow/.local/lib/python3.7/site-packages/airflow/example_dags/example_latest_only.py
[2022-08-20 11:37:00,056] {processor.py:651} INFO - DAG(s) dict_keys(['latest_only']) retrieved from /home/airflow/.local/lib/python3.7/site-packages/airflow/example_dags/example_latest_only.py
[2022-08-20 11:37:00,203] {logging_mixin.py:115} INFO - [2022-08-20 11:37:00,203] {dag.py:2420} INFO - Sync 1 DAGs
[2022-08-20 11:37:00,415] {logging_mixin.py:115} INFO - [2022-08-20 11:37:00,411] {dag.py:2972} INFO - Setting next_dagrun for latest_only to 2022-08-20T07:37:00.410827+00:00, run_after=2022-08-20T11:37:00.410827+00:00
[2022-08-20 11:37:00,650] {processor.py:161} INFO - Processing /home/airflow/.local/lib/python3.7/site-packages/airflow/example_dags/example_latest_only.py took 0.717 seconds
[2022-08-20 11:37:40,747] {processor.py:153} INFO - Started process (PID=11395) to work on /home/airflow/.local/lib/python3.7/site-packages/airflow/example_dags/example_latest_only.py
[2022-08-20 11:37:40,750] {processor.py:641} INFO - Processing file /home/airflow/.local/lib/python3.7/site-packages/airflow/example_dags/example_latest_only.py for tasks to queue
[2022-08-20 11:37:40,754] {logging_mixin.py:115} INFO - [2022-08-20 11:37:40,754] {dagbag.py:508} INFO - Filling up the DagBag from /home/airflow/.local/lib/python3.7/site-packages/airflow/example_dags/example_latest_only.py
[2022-08-20 11:37:40,786] {processor.py:651} INFO - DAG(s) dict_keys(['latest_only']) retrieved from /home/airflow/.local/lib/python3.7/site-packages/airflow/example_dags/example_latest_only.py
[2022-08-20 11:37:40,924] {logging_mixin.py:115} INFO - [2022-08-20 11:37:40,924] {dag.py:2420} INFO - Sync 1 DAGs
[2022-08-20 11:37:41,022] {logging_mixin.py:115} INFO - [2022-08-20 11:37:41,022] {dag.py:2972} INFO - Setting next_dagrun for latest_only to 2022-08-20T07:37:41.021675+00:00, run_after=2022-08-20T11:37:41.021675+00:00
[2022-08-20 11:37:41,098] {processor.py:161} INFO - Processing /home/airflow/.local/lib/python3.7/site-packages/airflow/example_dags/example_latest_only.py took 0.365 seconds
[2022-08-20 11:38:13,120] {processor.py:153} INFO - Started process (PID=11449) to work on /home/airflow/.local/lib/python3.7/site-packages/airflow/example_dags/example_latest_only.py
[2022-08-20 11:38:13,128] {processor.py:641} INFO - Processing file /home/airflow/.local/lib/python3.7/site-packages/airflow/example_dags/example_latest_only.py for tasks to queue
[2022-08-20 11:38:13,131] {logging_mixin.py:115} INFO - [2022-08-20 11:38:13,131] {dagbag.py:508} INFO - Filling up the DagBag from /home/airflow/.local/lib/python3.7/site-packages/airflow/example_dags/example_latest_only.py
[2022-08-20 11:38:13,163] {processor.py:651} INFO - DAG(s) dict_keys(['latest_only']) retrieved from /home/airflow/.local/lib/python3.7/site-packages/airflow/example_dags/example_latest_only.py
[2022-08-20 11:38:13,266] {logging_mixin.py:115} INFO - [2022-08-20 11:38:13,266] {dag.py:2420} INFO - Sync 1 DAGs
[2022-08-20 11:38:13,367] {logging_mixin.py:115} INFO - [2022-08-20 11:38:13,366] {dag.py:2972} INFO - Setting next_dagrun for latest_only to 2022-08-20T07:38:13.366331+00:00, run_after=2022-08-20T11:38:13.366331+00:00
[2022-08-20 11:38:13,462] {processor.py:161} INFO - Processing /home/airflow/.local/lib/python3.7/site-packages/airflow/example_dags/example_latest_only.py took 0.361 seconds
