[2022-08-20 07:36:54,317] {processor.py:153} INFO - Started process (PID=10840) to work on /home/airflow/.local/lib/python3.7/site-packages/airflow/example_dags/example_python_operator.py
[2022-08-20 07:36:54,337] {processor.py:641} INFO - Processing file /home/airflow/.local/lib/python3.7/site-packages/airflow/example_dags/example_python_operator.py for tasks to queue
[2022-08-20 07:36:54,371] {logging_mixin.py:115} INFO - [2022-08-20 07:36:54,371] {dagbag.py:508} INFO - Filling up the DagBag from /home/airflow/.local/lib/python3.7/site-packages/airflow/example_dags/example_python_operator.py
[2022-08-20 07:36:55,386] {processor.py:651} INFO - DAG(s) dict_keys(['example_python_operator']) retrieved from /home/airflow/.local/lib/python3.7/site-packages/airflow/example_dags/example_python_operator.py
[2022-08-20 07:36:56,774] {logging_mixin.py:115} INFO - [2022-08-20 07:36:56,763] {dag.py:2420} INFO - Sync 1 DAGs
[2022-08-20 07:36:59,058] {logging_mixin.py:115} INFO - [2022-08-20 07:36:59,058] {dag.py:2972} INFO - Setting next_dagrun for example_python_operator to None, run_after=None
[2022-08-20 07:37:00,141] {processor.py:161} INFO - Processing /home/airflow/.local/lib/python3.7/site-packages/airflow/example_dags/example_python_operator.py took 6.012 seconds
[2022-08-20 07:39:41,342] {processor.py:153} INFO - Started process (PID=10945) to work on /home/airflow/.local/lib/python3.7/site-packages/airflow/example_dags/example_python_operator.py
[2022-08-20 07:39:41,376] {processor.py:641} INFO - Processing file /home/airflow/.local/lib/python3.7/site-packages/airflow/example_dags/example_python_operator.py for tasks to queue
[2022-08-20 07:39:41,408] {logging_mixin.py:115} INFO - [2022-08-20 07:39:41,407] {dagbag.py:508} INFO - Filling up the DagBag from /home/airflow/.local/lib/python3.7/site-packages/airflow/example_dags/example_python_operator.py
[2022-08-20 07:39:42,363] {processor.py:651} INFO - DAG(s) dict_keys(['example_python_operator']) retrieved from /home/airflow/.local/lib/python3.7/site-packages/airflow/example_dags/example_python_operator.py
[2022-08-20 07:39:44,174] {logging_mixin.py:115} INFO - [2022-08-20 07:39:44,174] {dag.py:2420} INFO - Sync 1 DAGs
[2022-08-20 07:39:45,171] {logging_mixin.py:115} INFO - [2022-08-20 07:39:45,170] {dag.py:2972} INFO - Setting next_dagrun for example_python_operator to None, run_after=None
[2022-08-20 07:39:45,612] {processor.py:161} INFO - Processing /home/airflow/.local/lib/python3.7/site-packages/airflow/example_dags/example_python_operator.py took 4.363 seconds
[2022-08-20 10:23:50,172] {processor.py:153} INFO - Started process (PID=11047) to work on /home/airflow/.local/lib/python3.7/site-packages/airflow/example_dags/example_python_operator.py
[2022-08-20 10:23:50,183] {processor.py:641} INFO - Processing file /home/airflow/.local/lib/python3.7/site-packages/airflow/example_dags/example_python_operator.py for tasks to queue
[2022-08-20 10:23:50,228] {logging_mixin.py:115} INFO - [2022-08-20 10:23:50,228] {dagbag.py:508} INFO - Filling up the DagBag from /home/airflow/.local/lib/python3.7/site-packages/airflow/example_dags/example_python_operator.py
[2022-08-20 10:23:51,716] {processor.py:651} INFO - DAG(s) dict_keys(['example_python_operator']) retrieved from /home/airflow/.local/lib/python3.7/site-packages/airflow/example_dags/example_python_operator.py
[2022-08-20 10:23:53,098] {logging_mixin.py:115} INFO - [2022-08-20 10:23:53,097] {dag.py:2420} INFO - Sync 1 DAGs
[2022-08-20 10:23:54,575] {logging_mixin.py:115} INFO - [2022-08-20 10:23:54,575] {dag.py:2972} INFO - Setting next_dagrun for example_python_operator to None, run_after=None
[2022-08-20 10:23:55,394] {processor.py:161} INFO - Processing /home/airflow/.local/lib/python3.7/site-packages/airflow/example_dags/example_python_operator.py took 5.443 seconds
[2022-08-20 10:25:04,749] {processor.py:153} INFO - Started process (PID=11117) to work on /home/airflow/.local/lib/python3.7/site-packages/airflow/example_dags/example_python_operator.py
[2022-08-20 10:25:04,819] {processor.py:641} INFO - Processing file /home/airflow/.local/lib/python3.7/site-packages/airflow/example_dags/example_python_operator.py for tasks to queue
[2022-08-20 10:25:04,826] {logging_mixin.py:115} INFO - [2022-08-20 10:25:04,826] {dagbag.py:508} INFO - Filling up the DagBag from /home/airflow/.local/lib/python3.7/site-packages/airflow/example_dags/example_python_operator.py
[2022-08-20 10:25:05,570] {processor.py:651} INFO - DAG(s) dict_keys(['example_python_operator']) retrieved from /home/airflow/.local/lib/python3.7/site-packages/airflow/example_dags/example_python_operator.py
[2022-08-20 10:25:06,405] {logging_mixin.py:115} INFO - [2022-08-20 10:25:06,378] {dag.py:2420} INFO - Sync 1 DAGs
[2022-08-20 10:25:07,453] {logging_mixin.py:115} INFO - [2022-08-20 10:25:07,453] {dag.py:2972} INFO - Setting next_dagrun for example_python_operator to None, run_after=None
[2022-08-20 10:25:07,842] {processor.py:161} INFO - Processing /home/airflow/.local/lib/python3.7/site-packages/airflow/example_dags/example_python_operator.py took 3.141 seconds
[2022-08-20 11:34:58,998] {processor.py:153} INFO - Started process (PID=11175) to work on /home/airflow/.local/lib/python3.7/site-packages/airflow/example_dags/example_python_operator.py
[2022-08-20 11:34:59,003] {processor.py:641} INFO - Processing file /home/airflow/.local/lib/python3.7/site-packages/airflow/example_dags/example_python_operator.py for tasks to queue
[2022-08-20 11:34:59,015] {logging_mixin.py:115} INFO - [2022-08-20 11:34:59,015] {dagbag.py:508} INFO - Filling up the DagBag from /home/airflow/.local/lib/python3.7/site-packages/airflow/example_dags/example_python_operator.py
[2022-08-20 11:34:59,709] {processor.py:651} INFO - DAG(s) dict_keys(['example_python_operator']) retrieved from /home/airflow/.local/lib/python3.7/site-packages/airflow/example_dags/example_python_operator.py
[2022-08-20 11:35:00,501] {logging_mixin.py:115} INFO - [2022-08-20 11:35:00,501] {dag.py:2420} INFO - Sync 1 DAGs
[2022-08-20 11:35:01,151] {logging_mixin.py:115} INFO - [2022-08-20 11:35:01,151] {dag.py:2972} INFO - Setting next_dagrun for example_python_operator to None, run_after=None
[2022-08-20 11:35:01,497] {processor.py:161} INFO - Processing /home/airflow/.local/lib/python3.7/site-packages/airflow/example_dags/example_python_operator.py took 2.548 seconds
[2022-08-20 11:35:40,790] {processor.py:153} INFO - Started process (PID=11230) to work on /home/airflow/.local/lib/python3.7/site-packages/airflow/example_dags/example_python_operator.py
[2022-08-20 11:35:40,824] {processor.py:641} INFO - Processing file /home/airflow/.local/lib/python3.7/site-packages/airflow/example_dags/example_python_operator.py for tasks to queue
[2022-08-20 11:35:40,842] {logging_mixin.py:115} INFO - [2022-08-20 11:35:40,842] {dagbag.py:508} INFO - Filling up the DagBag from /home/airflow/.local/lib/python3.7/site-packages/airflow/example_dags/example_python_operator.py
[2022-08-20 11:35:41,339] {processor.py:651} INFO - DAG(s) dict_keys(['example_python_operator']) retrieved from /home/airflow/.local/lib/python3.7/site-packages/airflow/example_dags/example_python_operator.py
[2022-08-20 11:35:41,797] {logging_mixin.py:115} INFO - [2022-08-20 11:35:41,797] {dag.py:2420} INFO - Sync 1 DAGs
[2022-08-20 11:35:41,960] {logging_mixin.py:115} INFO - [2022-08-20 11:35:41,960] {dag.py:2972} INFO - Setting next_dagrun for example_python_operator to None, run_after=None
[2022-08-20 11:35:42,918] {processor.py:161} INFO - Processing /home/airflow/.local/lib/python3.7/site-packages/airflow/example_dags/example_python_operator.py took 2.224 seconds
[2022-08-20 11:36:13,889] {processor.py:153} INFO - Started process (PID=11284) to work on /home/airflow/.local/lib/python3.7/site-packages/airflow/example_dags/example_python_operator.py
[2022-08-20 11:36:13,895] {processor.py:641} INFO - Processing file /home/airflow/.local/lib/python3.7/site-packages/airflow/example_dags/example_python_operator.py for tasks to queue
[2022-08-20 11:36:13,905] {logging_mixin.py:115} INFO - [2022-08-20 11:36:13,905] {dagbag.py:508} INFO - Filling up the DagBag from /home/airflow/.local/lib/python3.7/site-packages/airflow/example_dags/example_python_operator.py
[2022-08-20 11:36:14,135] {processor.py:651} INFO - DAG(s) dict_keys(['example_python_operator']) retrieved from /home/airflow/.local/lib/python3.7/site-packages/airflow/example_dags/example_python_operator.py
[2022-08-20 11:36:14,347] {logging_mixin.py:115} INFO - [2022-08-20 11:36:14,346] {dag.py:2420} INFO - Sync 1 DAGs
[2022-08-20 11:36:14,544] {logging_mixin.py:115} INFO - [2022-08-20 11:36:14,540] {dag.py:2972} INFO - Setting next_dagrun for example_python_operator to None, run_after=None
[2022-08-20 11:36:14,703] {processor.py:161} INFO - Processing /home/airflow/.local/lib/python3.7/site-packages/airflow/example_dags/example_python_operator.py took 0.830 seconds
[2022-08-20 11:36:54,948] {processor.py:153} INFO - Started process (PID=11333) to work on /home/airflow/.local/lib/python3.7/site-packages/airflow/example_dags/example_python_operator.py
[2022-08-20 11:36:54,965] {processor.py:641} INFO - Processing file /home/airflow/.local/lib/python3.7/site-packages/airflow/example_dags/example_python_operator.py for tasks to queue
[2022-08-20 11:36:54,976] {logging_mixin.py:115} INFO - [2022-08-20 11:36:54,976] {dagbag.py:508} INFO - Filling up the DagBag from /home/airflow/.local/lib/python3.7/site-packages/airflow/example_dags/example_python_operator.py
[2022-08-20 11:36:55,436] {processor.py:651} INFO - DAG(s) dict_keys(['example_python_operator']) retrieved from /home/airflow/.local/lib/python3.7/site-packages/airflow/example_dags/example_python_operator.py
[2022-08-20 11:36:55,740] {logging_mixin.py:115} INFO - [2022-08-20 11:36:55,740] {dag.py:2420} INFO - Sync 1 DAGs
[2022-08-20 11:36:56,007] {logging_mixin.py:115} INFO - [2022-08-20 11:36:56,007] {dag.py:2972} INFO - Setting next_dagrun for example_python_operator to None, run_after=None
[2022-08-20 11:36:56,131] {processor.py:161} INFO - Processing /home/airflow/.local/lib/python3.7/site-packages/airflow/example_dags/example_python_operator.py took 1.397 seconds
[2022-08-20 11:37:38,231] {processor.py:153} INFO - Started process (PID=11389) to work on /home/airflow/.local/lib/python3.7/site-packages/airflow/example_dags/example_python_operator.py
[2022-08-20 11:37:38,242] {processor.py:641} INFO - Processing file /home/airflow/.local/lib/python3.7/site-packages/airflow/example_dags/example_python_operator.py for tasks to queue
[2022-08-20 11:37:38,258] {logging_mixin.py:115} INFO - [2022-08-20 11:37:38,258] {dagbag.py:508} INFO - Filling up the DagBag from /home/airflow/.local/lib/python3.7/site-packages/airflow/example_dags/example_python_operator.py
[2022-08-20 11:37:38,555] {processor.py:651} INFO - DAG(s) dict_keys(['example_python_operator']) retrieved from /home/airflow/.local/lib/python3.7/site-packages/airflow/example_dags/example_python_operator.py
[2022-08-20 11:37:38,750] {logging_mixin.py:115} INFO - [2022-08-20 11:37:38,748] {dag.py:2420} INFO - Sync 1 DAGs
[2022-08-20 11:37:39,001] {logging_mixin.py:115} INFO - [2022-08-20 11:37:39,001] {dag.py:2972} INFO - Setting next_dagrun for example_python_operator to None, run_after=None
[2022-08-20 11:37:39,117] {processor.py:161} INFO - Processing /home/airflow/.local/lib/python3.7/site-packages/airflow/example_dags/example_python_operator.py took 0.936 seconds
[2022-08-20 11:38:10,087] {processor.py:153} INFO - Started process (PID=11443) to work on /home/airflow/.local/lib/python3.7/site-packages/airflow/example_dags/example_python_operator.py
[2022-08-20 11:38:10,099] {processor.py:641} INFO - Processing file /home/airflow/.local/lib/python3.7/site-packages/airflow/example_dags/example_python_operator.py for tasks to queue
[2022-08-20 11:38:10,105] {logging_mixin.py:115} INFO - [2022-08-20 11:38:10,104] {dagbag.py:508} INFO - Filling up the DagBag from /home/airflow/.local/lib/python3.7/site-packages/airflow/example_dags/example_python_operator.py
[2022-08-20 11:38:10,340] {processor.py:651} INFO - DAG(s) dict_keys(['example_python_operator']) retrieved from /home/airflow/.local/lib/python3.7/site-packages/airflow/example_dags/example_python_operator.py
[2022-08-20 11:38:10,627] {logging_mixin.py:115} INFO - [2022-08-20 11:38:10,627] {dag.py:2420} INFO - Sync 1 DAGs
[2022-08-20 11:38:10,820] {logging_mixin.py:115} INFO - [2022-08-20 11:38:10,820] {dag.py:2972} INFO - Setting next_dagrun for example_python_operator to None, run_after=None
[2022-08-20 11:38:10,940] {processor.py:161} INFO - Processing /home/airflow/.local/lib/python3.7/site-packages/airflow/example_dags/example_python_operator.py took 0.873 seconds
