[2022-08-20 07:38:29,360] {processor.py:153} INFO - Started process (PID=10897) to work on /home/airflow/.local/lib/python3.7/site-packages/airflow/example_dags/example_short_circuit_operator.py
[2022-08-20 07:38:29,406] {processor.py:641} INFO - Processing file /home/airflow/.local/lib/python3.7/site-packages/airflow/example_dags/example_short_circuit_operator.py for tasks to queue
[2022-08-20 07:38:29,417] {logging_mixin.py:115} INFO - [2022-08-20 07:38:29,417] {dagbag.py:508} INFO - Filling up the DagBag from /home/airflow/.local/lib/python3.7/site-packages/airflow/example_dags/example_short_circuit_operator.py
[2022-08-20 07:38:31,000] {processor.py:651} INFO - DAG(s) dict_keys(['example_short_circuit_operator']) retrieved from /home/airflow/.local/lib/python3.7/site-packages/airflow/example_dags/example_short_circuit_operator.py
[2022-08-20 07:38:34,874] {logging_mixin.py:115} INFO - [2022-08-20 07:38:34,848] {dag.py:2420} INFO - Sync 1 DAGs
[2022-08-20 07:38:39,301] {logging_mixin.py:115} INFO - [2022-08-20 07:38:39,301] {dag.py:2972} INFO - Setting next_dagrun for example_short_circuit_operator to 2022-08-19T07:38:39.300955+00:00, run_after=2022-08-20T07:38:39.300955+00:00
[2022-08-20 07:38:39,991] {processor.py:161} INFO - Processing /home/airflow/.local/lib/python3.7/site-packages/airflow/example_dags/example_short_circuit_operator.py took 10.778 seconds
[2022-08-20 10:24:20,813] {processor.py:153} INFO - Started process (PID=11075) to work on /home/airflow/.local/lib/python3.7/site-packages/airflow/example_dags/example_short_circuit_operator.py
[2022-08-20 10:24:20,828] {processor.py:641} INFO - Processing file /home/airflow/.local/lib/python3.7/site-packages/airflow/example_dags/example_short_circuit_operator.py for tasks to queue
[2022-08-20 10:24:20,852] {logging_mixin.py:115} INFO - [2022-08-20 10:24:20,852] {dagbag.py:508} INFO - Filling up the DagBag from /home/airflow/.local/lib/python3.7/site-packages/airflow/example_dags/example_short_circuit_operator.py
[2022-08-20 10:24:21,385] {processor.py:651} INFO - DAG(s) dict_keys(['example_short_circuit_operator']) retrieved from /home/airflow/.local/lib/python3.7/site-packages/airflow/example_dags/example_short_circuit_operator.py
[2022-08-20 10:24:22,383] {logging_mixin.py:115} INFO - [2022-08-20 10:24:22,382] {dag.py:2420} INFO - Sync 1 DAGs
[2022-08-20 10:24:23,229] {logging_mixin.py:115} INFO - [2022-08-20 10:24:23,229] {dag.py:2972} INFO - Setting next_dagrun for example_short_circuit_operator to 2022-08-19T10:24:23.228532+00:00, run_after=2022-08-20T10:24:23.228532+00:00
[2022-08-20 10:24:23,683] {processor.py:161} INFO - Processing /home/airflow/.local/lib/python3.7/site-packages/airflow/example_dags/example_short_circuit_operator.py took 2.962 seconds
[2022-08-20 11:34:41,661] {processor.py:153} INFO - Started process (PID=11147) to work on /home/airflow/.local/lib/python3.7/site-packages/airflow/example_dags/example_short_circuit_operator.py
[2022-08-20 11:34:41,681] {processor.py:641} INFO - Processing file /home/airflow/.local/lib/python3.7/site-packages/airflow/example_dags/example_short_circuit_operator.py for tasks to queue
[2022-08-20 11:34:41,810] {logging_mixin.py:115} INFO - [2022-08-20 11:34:41,809] {dagbag.py:508} INFO - Filling up the DagBag from /home/airflow/.local/lib/python3.7/site-packages/airflow/example_dags/example_short_circuit_operator.py
[2022-08-20 11:34:42,507] {processor.py:651} INFO - DAG(s) dict_keys(['example_short_circuit_operator']) retrieved from /home/airflow/.local/lib/python3.7/site-packages/airflow/example_dags/example_short_circuit_operator.py
[2022-08-20 11:34:43,603] {logging_mixin.py:115} INFO - [2022-08-20 11:34:43,603] {dag.py:2420} INFO - Sync 1 DAGs
[2022-08-20 11:34:44,245] {logging_mixin.py:115} INFO - [2022-08-20 11:34:44,228] {dag.py:2972} INFO - Setting next_dagrun for example_short_circuit_operator to 2022-08-19T11:34:44.227958+00:00, run_after=2022-08-20T11:34:44.227958+00:00
[2022-08-20 11:34:44,429] {processor.py:161} INFO - Processing /home/airflow/.local/lib/python3.7/site-packages/airflow/example_dags/example_short_circuit_operator.py took 2.901 seconds
[2022-08-20 11:35:39,127] {processor.py:153} INFO - Started process (PID=11226) to work on /home/airflow/.local/lib/python3.7/site-packages/airflow/example_dags/example_short_circuit_operator.py
[2022-08-20 11:35:39,135] {processor.py:641} INFO - Processing file /home/airflow/.local/lib/python3.7/site-packages/airflow/example_dags/example_short_circuit_operator.py for tasks to queue
[2022-08-20 11:35:39,145] {logging_mixin.py:115} INFO - [2022-08-20 11:35:39,144] {dagbag.py:508} INFO - Filling up the DagBag from /home/airflow/.local/lib/python3.7/site-packages/airflow/example_dags/example_short_circuit_operator.py
[2022-08-20 11:35:39,238] {processor.py:651} INFO - DAG(s) dict_keys(['example_short_circuit_operator']) retrieved from /home/airflow/.local/lib/python3.7/site-packages/airflow/example_dags/example_short_circuit_operator.py
[2022-08-20 11:35:39,388] {logging_mixin.py:115} INFO - [2022-08-20 11:35:39,388] {dag.py:2420} INFO - Sync 1 DAGs
[2022-08-20 11:35:39,524] {logging_mixin.py:115} INFO - [2022-08-20 11:35:39,523] {dag.py:2972} INFO - Setting next_dagrun for example_short_circuit_operator to 2022-08-19T11:35:39.523147+00:00, run_after=2022-08-20T11:35:39.523147+00:00
[2022-08-20 11:35:39,638] {processor.py:161} INFO - Processing /home/airflow/.local/lib/python3.7/site-packages/airflow/example_dags/example_short_circuit_operator.py took 0.565 seconds
[2022-08-20 11:36:10,000] {processor.py:153} INFO - Started process (PID=11271) to work on /home/airflow/.local/lib/python3.7/site-packages/airflow/example_dags/example_short_circuit_operator.py
[2022-08-20 11:36:10,008] {processor.py:641} INFO - Processing file /home/airflow/.local/lib/python3.7/site-packages/airflow/example_dags/example_short_circuit_operator.py for tasks to queue
[2022-08-20 11:36:10,013] {logging_mixin.py:115} INFO - [2022-08-20 11:36:10,012] {dagbag.py:508} INFO - Filling up the DagBag from /home/airflow/.local/lib/python3.7/site-packages/airflow/example_dags/example_short_circuit_operator.py
[2022-08-20 11:36:10,049] {processor.py:651} INFO - DAG(s) dict_keys(['example_short_circuit_operator']) retrieved from /home/airflow/.local/lib/python3.7/site-packages/airflow/example_dags/example_short_circuit_operator.py
[2022-08-20 11:36:10,348] {logging_mixin.py:115} INFO - [2022-08-20 11:36:10,348] {dag.py:2420} INFO - Sync 1 DAGs
[2022-08-20 11:36:10,502] {logging_mixin.py:115} INFO - [2022-08-20 11:36:10,502] {dag.py:2972} INFO - Setting next_dagrun for example_short_circuit_operator to 2022-08-19T11:36:10.501632+00:00, run_after=2022-08-20T11:36:10.501632+00:00
[2022-08-20 11:36:10,545] {processor.py:161} INFO - Processing /home/airflow/.local/lib/python3.7/site-packages/airflow/example_dags/example_short_circuit_operator.py took 0.566 seconds
[2022-08-20 11:36:56,338] {processor.py:153} INFO - Started process (PID=11337) to work on /home/airflow/.local/lib/python3.7/site-packages/airflow/example_dags/example_short_circuit_operator.py
[2022-08-20 11:36:56,349] {processor.py:641} INFO - Processing file /home/airflow/.local/lib/python3.7/site-packages/airflow/example_dags/example_short_circuit_operator.py for tasks to queue
[2022-08-20 11:36:56,352] {logging_mixin.py:115} INFO - [2022-08-20 11:36:56,352] {dagbag.py:508} INFO - Filling up the DagBag from /home/airflow/.local/lib/python3.7/site-packages/airflow/example_dags/example_short_circuit_operator.py
[2022-08-20 11:36:56,480] {processor.py:651} INFO - DAG(s) dict_keys(['example_short_circuit_operator']) retrieved from /home/airflow/.local/lib/python3.7/site-packages/airflow/example_dags/example_short_circuit_operator.py
[2022-08-20 11:36:56,899] {logging_mixin.py:115} INFO - [2022-08-20 11:36:56,899] {dag.py:2420} INFO - Sync 1 DAGs
[2022-08-20 11:36:57,210] {logging_mixin.py:115} INFO - [2022-08-20 11:36:57,210] {dag.py:2972} INFO - Setting next_dagrun for example_short_circuit_operator to 2022-08-19T11:36:57.209387+00:00, run_after=2022-08-20T11:36:57.209387+00:00
[2022-08-20 11:36:57,396] {processor.py:161} INFO - Processing /home/airflow/.local/lib/python3.7/site-packages/airflow/example_dags/example_short_circuit_operator.py took 1.076 seconds
[2022-08-20 11:37:42,465] {processor.py:153} INFO - Started process (PID=11400) to work on /home/airflow/.local/lib/python3.7/site-packages/airflow/example_dags/example_short_circuit_operator.py
[2022-08-20 11:37:42,467] {processor.py:641} INFO - Processing file /home/airflow/.local/lib/python3.7/site-packages/airflow/example_dags/example_short_circuit_operator.py for tasks to queue
[2022-08-20 11:37:42,470] {logging_mixin.py:115} INFO - [2022-08-20 11:37:42,469] {dagbag.py:508} INFO - Filling up the DagBag from /home/airflow/.local/lib/python3.7/site-packages/airflow/example_dags/example_short_circuit_operator.py
[2022-08-20 11:37:42,524] {processor.py:651} INFO - DAG(s) dict_keys(['example_short_circuit_operator']) retrieved from /home/airflow/.local/lib/python3.7/site-packages/airflow/example_dags/example_short_circuit_operator.py
[2022-08-20 11:37:42,630] {logging_mixin.py:115} INFO - [2022-08-20 11:37:42,630] {dag.py:2420} INFO - Sync 1 DAGs
[2022-08-20 11:37:42,719] {logging_mixin.py:115} INFO - [2022-08-20 11:37:42,718] {dag.py:2972} INFO - Setting next_dagrun for example_short_circuit_operator to 2022-08-19T11:37:42.718381+00:00, run_after=2022-08-20T11:37:42.718381+00:00
[2022-08-20 11:37:42,766] {processor.py:161} INFO - Processing /home/airflow/.local/lib/python3.7/site-packages/airflow/example_dags/example_short_circuit_operator.py took 0.317 seconds
[2022-08-20 11:38:16,980] {processor.py:153} INFO - Started process (PID=11459) to work on /home/airflow/.local/lib/python3.7/site-packages/airflow/example_dags/example_short_circuit_operator.py
[2022-08-20 11:38:16,993] {processor.py:641} INFO - Processing file /home/airflow/.local/lib/python3.7/site-packages/airflow/example_dags/example_short_circuit_operator.py for tasks to queue
[2022-08-20 11:38:16,996] {logging_mixin.py:115} INFO - [2022-08-20 11:38:16,996] {dagbag.py:508} INFO - Filling up the DagBag from /home/airflow/.local/lib/python3.7/site-packages/airflow/example_dags/example_short_circuit_operator.py
[2022-08-20 11:38:17,044] {processor.py:651} INFO - DAG(s) dict_keys(['example_short_circuit_operator']) retrieved from /home/airflow/.local/lib/python3.7/site-packages/airflow/example_dags/example_short_circuit_operator.py
[2022-08-20 11:38:17,200] {logging_mixin.py:115} INFO - [2022-08-20 11:38:17,200] {dag.py:2420} INFO - Sync 1 DAGs
[2022-08-20 11:38:17,292] {logging_mixin.py:115} INFO - [2022-08-20 11:38:17,292] {dag.py:2972} INFO - Setting next_dagrun for example_short_circuit_operator to 2022-08-19T11:38:17.292356+00:00, run_after=2022-08-20T11:38:17.292356+00:00
[2022-08-20 11:38:17,386] {processor.py:161} INFO - Processing /home/airflow/.local/lib/python3.7/site-packages/airflow/example_dags/example_short_circuit_operator.py took 0.421 seconds
