[2022-08-20 07:36:02,717] {processor.py:153} INFO - Started process (PID=10804) to work on /home/airflow/.local/lib/python3.7/site-packages/airflow/example_dags/tutorial.py
[2022-08-20 07:36:02,964] {processor.py:641} INFO - Processing file /home/airflow/.local/lib/python3.7/site-packages/airflow/example_dags/tutorial.py for tasks to queue
[2022-08-20 07:36:03,328] {logging_mixin.py:115} INFO - [2022-08-20 07:36:03,328] {dagbag.py:508} INFO - Filling up the DagBag from /home/airflow/.local/lib/python3.7/site-packages/airflow/example_dags/tutorial.py
[2022-08-20 07:36:05,173] {processor.py:651} INFO - DAG(s) dict_keys(['tutorial']) retrieved from /home/airflow/.local/lib/python3.7/site-packages/airflow/example_dags/tutorial.py
[2022-08-20 07:36:08,884] {logging_mixin.py:115} INFO - [2022-08-20 07:36:08,884] {dag.py:2420} INFO - Sync 1 DAGs
[2022-08-20 07:36:13,455] {logging_mixin.py:115} INFO - [2022-08-20 07:36:13,412] {dag.py:2972} INFO - Setting next_dagrun for tutorial to 2022-08-19T07:36:13.411415+00:00, run_after=2022-08-20T07:36:13.411415+00:00
[2022-08-20 07:36:14,756] {processor.py:161} INFO - Processing /home/airflow/.local/lib/python3.7/site-packages/airflow/example_dags/tutorial.py took 13.079 seconds
[2022-08-20 07:39:21,327] {processor.py:153} INFO - Started process (PID=10925) to work on /home/airflow/.local/lib/python3.7/site-packages/airflow/example_dags/tutorial.py
[2022-08-20 07:39:21,351] {processor.py:641} INFO - Processing file /home/airflow/.local/lib/python3.7/site-packages/airflow/example_dags/tutorial.py for tasks to queue
[2022-08-20 07:39:21,381] {logging_mixin.py:115} INFO - [2022-08-20 07:39:21,367] {dagbag.py:508} INFO - Filling up the DagBag from /home/airflow/.local/lib/python3.7/site-packages/airflow/example_dags/tutorial.py
[2022-08-20 07:39:21,632] {processor.py:651} INFO - DAG(s) dict_keys(['tutorial']) retrieved from /home/airflow/.local/lib/python3.7/site-packages/airflow/example_dags/tutorial.py
[2022-08-20 07:39:22,677] {logging_mixin.py:115} INFO - [2022-08-20 07:39:22,677] {dag.py:2420} INFO - Sync 1 DAGs
[2022-08-20 07:39:23,620] {logging_mixin.py:115} INFO - [2022-08-20 07:39:23,619] {dag.py:2972} INFO - Setting next_dagrun for tutorial to 2022-08-19T07:39:23.619373+00:00, run_after=2022-08-20T07:39:23.619373+00:00
[2022-08-20 07:39:24,037] {processor.py:161} INFO - Processing /home/airflow/.local/lib/python3.7/site-packages/airflow/example_dags/tutorial.py took 2.820 seconds
[2022-08-20 10:23:17,947] {processor.py:153} INFO - Started process (PID=11028) to work on /home/airflow/.local/lib/python3.7/site-packages/airflow/example_dags/tutorial.py
[2022-08-20 10:23:18,012] {processor.py:641} INFO - Processing file /home/airflow/.local/lib/python3.7/site-packages/airflow/example_dags/tutorial.py for tasks to queue
[2022-08-20 10:23:18,600] {logging_mixin.py:115} INFO - [2022-08-20 10:23:18,600] {dagbag.py:508} INFO - Filling up the DagBag from /home/airflow/.local/lib/python3.7/site-packages/airflow/example_dags/tutorial.py
[2022-08-20 10:23:19,383] {processor.py:651} INFO - DAG(s) dict_keys(['tutorial']) retrieved from /home/airflow/.local/lib/python3.7/site-packages/airflow/example_dags/tutorial.py
[2022-08-20 10:23:22,094] {logging_mixin.py:115} INFO - [2022-08-20 10:23:22,094] {dag.py:2420} INFO - Sync 1 DAGs
[2022-08-20 10:23:25,738] {logging_mixin.py:115} INFO - [2022-08-20 10:23:25,738] {dag.py:2972} INFO - Setting next_dagrun for tutorial to 2022-08-19T10:23:25.710879+00:00, run_after=2022-08-20T10:23:25.710879+00:00
[2022-08-20 10:23:26,437] {processor.py:161} INFO - Processing /home/airflow/.local/lib/python3.7/site-packages/airflow/example_dags/tutorial.py took 8.702 seconds
[2022-08-20 10:24:35,790] {processor.py:153} INFO - Started process (PID=11091) to work on /home/airflow/.local/lib/python3.7/site-packages/airflow/example_dags/tutorial.py
[2022-08-20 10:24:35,819] {processor.py:641} INFO - Processing file /home/airflow/.local/lib/python3.7/site-packages/airflow/example_dags/tutorial.py for tasks to queue
[2022-08-20 10:24:35,836] {logging_mixin.py:115} INFO - [2022-08-20 10:24:35,835] {dagbag.py:508} INFO - Filling up the DagBag from /home/airflow/.local/lib/python3.7/site-packages/airflow/example_dags/tutorial.py
[2022-08-20 10:24:35,984] {processor.py:651} INFO - DAG(s) dict_keys(['tutorial']) retrieved from /home/airflow/.local/lib/python3.7/site-packages/airflow/example_dags/tutorial.py
[2022-08-20 10:24:36,937] {logging_mixin.py:115} INFO - [2022-08-20 10:24:36,936] {dag.py:2420} INFO - Sync 1 DAGs
[2022-08-20 10:24:37,478] {logging_mixin.py:115} INFO - [2022-08-20 10:24:37,477] {dag.py:2972} INFO - Setting next_dagrun for tutorial to 2022-08-19T10:24:37.456145+00:00, run_after=2022-08-20T10:24:37.456145+00:00
[2022-08-20 10:24:37,826] {processor.py:161} INFO - Processing /home/airflow/.local/lib/python3.7/site-packages/airflow/example_dags/tutorial.py took 2.144 seconds
[2022-08-20 11:34:50,454] {processor.py:153} INFO - Started process (PID=11157) to work on /home/airflow/.local/lib/python3.7/site-packages/airflow/example_dags/tutorial.py
[2022-08-20 11:34:50,469] {processor.py:641} INFO - Processing file /home/airflow/.local/lib/python3.7/site-packages/airflow/example_dags/tutorial.py for tasks to queue
[2022-08-20 11:34:50,482] {logging_mixin.py:115} INFO - [2022-08-20 11:34:50,482] {dagbag.py:508} INFO - Filling up the DagBag from /home/airflow/.local/lib/python3.7/site-packages/airflow/example_dags/tutorial.py
[2022-08-20 11:34:50,606] {processor.py:651} INFO - DAG(s) dict_keys(['tutorial']) retrieved from /home/airflow/.local/lib/python3.7/site-packages/airflow/example_dags/tutorial.py
[2022-08-20 11:34:50,985] {logging_mixin.py:115} INFO - [2022-08-20 11:34:50,985] {dag.py:2420} INFO - Sync 1 DAGs
[2022-08-20 11:34:51,304] {logging_mixin.py:115} INFO - [2022-08-20 11:34:51,304] {dag.py:2972} INFO - Setting next_dagrun for tutorial to 2022-08-19T11:34:51.298608+00:00, run_after=2022-08-20T11:34:51.298608+00:00
[2022-08-20 11:34:51,498] {processor.py:161} INFO - Processing /home/airflow/.local/lib/python3.7/site-packages/airflow/example_dags/tutorial.py took 1.113 seconds
[2022-08-20 11:35:35,033] {processor.py:153} INFO - Started process (PID=11216) to work on /home/airflow/.local/lib/python3.7/site-packages/airflow/example_dags/tutorial.py
[2022-08-20 11:35:35,036] {processor.py:641} INFO - Processing file /home/airflow/.local/lib/python3.7/site-packages/airflow/example_dags/tutorial.py for tasks to queue
[2022-08-20 11:35:35,043] {logging_mixin.py:115} INFO - [2022-08-20 11:35:35,043] {dagbag.py:508} INFO - Filling up the DagBag from /home/airflow/.local/lib/python3.7/site-packages/airflow/example_dags/tutorial.py
[2022-08-20 11:35:35,106] {processor.py:651} INFO - DAG(s) dict_keys(['tutorial']) retrieved from /home/airflow/.local/lib/python3.7/site-packages/airflow/example_dags/tutorial.py
[2022-08-20 11:35:35,766] {logging_mixin.py:115} INFO - [2022-08-20 11:35:35,765] {dag.py:2420} INFO - Sync 1 DAGs
[2022-08-20 11:35:36,024] {logging_mixin.py:115} INFO - [2022-08-20 11:35:36,024] {dag.py:2972} INFO - Setting next_dagrun for tutorial to 2022-08-19T11:35:36.024077+00:00, run_after=2022-08-20T11:35:36.024077+00:00
[2022-08-20 11:35:36,127] {processor.py:161} INFO - Processing /home/airflow/.local/lib/python3.7/site-packages/airflow/example_dags/tutorial.py took 1.116 seconds
[2022-08-20 11:36:06,253] {processor.py:153} INFO - Started process (PID=11263) to work on /home/airflow/.local/lib/python3.7/site-packages/airflow/example_dags/tutorial.py
[2022-08-20 11:36:06,256] {processor.py:641} INFO - Processing file /home/airflow/.local/lib/python3.7/site-packages/airflow/example_dags/tutorial.py for tasks to queue
[2022-08-20 11:36:06,258] {logging_mixin.py:115} INFO - [2022-08-20 11:36:06,258] {dagbag.py:508} INFO - Filling up the DagBag from /home/airflow/.local/lib/python3.7/site-packages/airflow/example_dags/tutorial.py
[2022-08-20 11:36:06,271] {processor.py:651} INFO - DAG(s) dict_keys(['tutorial']) retrieved from /home/airflow/.local/lib/python3.7/site-packages/airflow/example_dags/tutorial.py
[2022-08-20 11:36:06,375] {logging_mixin.py:115} INFO - [2022-08-20 11:36:06,375] {dag.py:2420} INFO - Sync 1 DAGs
[2022-08-20 11:36:06,435] {logging_mixin.py:115} INFO - [2022-08-20 11:36:06,435] {dag.py:2972} INFO - Setting next_dagrun for tutorial to 2022-08-19T11:36:06.434943+00:00, run_after=2022-08-20T11:36:06.434943+00:00
[2022-08-20 11:36:06,471] {processor.py:161} INFO - Processing /home/airflow/.local/lib/python3.7/site-packages/airflow/example_dags/tutorial.py took 0.225 seconds
[2022-08-20 11:36:43,734] {processor.py:153} INFO - Started process (PID=11315) to work on /home/airflow/.local/lib/python3.7/site-packages/airflow/example_dags/tutorial.py
[2022-08-20 11:36:43,771] {processor.py:641} INFO - Processing file /home/airflow/.local/lib/python3.7/site-packages/airflow/example_dags/tutorial.py for tasks to queue
[2022-08-20 11:36:43,793] {logging_mixin.py:115} INFO - [2022-08-20 11:36:43,793] {dagbag.py:508} INFO - Filling up the DagBag from /home/airflow/.local/lib/python3.7/site-packages/airflow/example_dags/tutorial.py
[2022-08-20 11:36:43,921] {processor.py:651} INFO - DAG(s) dict_keys(['tutorial']) retrieved from /home/airflow/.local/lib/python3.7/site-packages/airflow/example_dags/tutorial.py
[2022-08-20 11:36:44,363] {logging_mixin.py:115} INFO - [2022-08-20 11:36:44,362] {dag.py:2420} INFO - Sync 1 DAGs
[2022-08-20 11:36:44,962] {logging_mixin.py:115} INFO - [2022-08-20 11:36:44,962] {dag.py:2972} INFO - Setting next_dagrun for tutorial to 2022-08-19T11:36:44.904661+00:00, run_after=2022-08-20T11:36:44.904661+00:00
[2022-08-20 11:36:45,836] {processor.py:161} INFO - Processing /home/airflow/.local/lib/python3.7/site-packages/airflow/example_dags/tutorial.py took 2.151 seconds
[2022-08-20 11:37:26,124] {processor.py:153} INFO - Started process (PID=11370) to work on /home/airflow/.local/lib/python3.7/site-packages/airflow/example_dags/tutorial.py
[2022-08-20 11:37:26,130] {processor.py:641} INFO - Processing file /home/airflow/.local/lib/python3.7/site-packages/airflow/example_dags/tutorial.py for tasks to queue
[2022-08-20 11:37:26,145] {logging_mixin.py:115} INFO - [2022-08-20 11:37:26,145] {dagbag.py:508} INFO - Filling up the DagBag from /home/airflow/.local/lib/python3.7/site-packages/airflow/example_dags/tutorial.py
[2022-08-20 11:37:26,309] {processor.py:651} INFO - DAG(s) dict_keys(['tutorial']) retrieved from /home/airflow/.local/lib/python3.7/site-packages/airflow/example_dags/tutorial.py
[2022-08-20 11:37:27,022] {logging_mixin.py:115} INFO - [2022-08-20 11:37:27,022] {dag.py:2420} INFO - Sync 1 DAGs
[2022-08-20 11:37:27,647] {logging_mixin.py:115} INFO - [2022-08-20 11:37:27,646] {dag.py:2972} INFO - Setting next_dagrun for tutorial to 2022-08-19T11:37:27.646354+00:00, run_after=2022-08-20T11:37:27.646354+00:00
[2022-08-20 11:37:27,797] {processor.py:161} INFO - Processing /home/airflow/.local/lib/python3.7/site-packages/airflow/example_dags/tutorial.py took 1.919 seconds
[2022-08-20 11:37:59,166] {processor.py:153} INFO - Started process (PID=11424) to work on /home/airflow/.local/lib/python3.7/site-packages/airflow/example_dags/tutorial.py
[2022-08-20 11:37:59,183] {processor.py:641} INFO - Processing file /home/airflow/.local/lib/python3.7/site-packages/airflow/example_dags/tutorial.py for tasks to queue
[2022-08-20 11:37:59,191] {logging_mixin.py:115} INFO - [2022-08-20 11:37:59,191] {dagbag.py:508} INFO - Filling up the DagBag from /home/airflow/.local/lib/python3.7/site-packages/airflow/example_dags/tutorial.py
[2022-08-20 11:37:59,275] {processor.py:651} INFO - DAG(s) dict_keys(['tutorial']) retrieved from /home/airflow/.local/lib/python3.7/site-packages/airflow/example_dags/tutorial.py
[2022-08-20 11:37:59,486] {logging_mixin.py:115} INFO - [2022-08-20 11:37:59,485] {dag.py:2420} INFO - Sync 1 DAGs
[2022-08-20 11:37:59,772] {logging_mixin.py:115} INFO - [2022-08-20 11:37:59,772] {dag.py:2972} INFO - Setting next_dagrun for tutorial to 2022-08-19T11:37:59.771944+00:00, run_after=2022-08-20T11:37:59.771944+00:00
[2022-08-20 11:37:59,812] {processor.py:161} INFO - Processing /home/airflow/.local/lib/python3.7/site-packages/airflow/example_dags/tutorial.py took 0.730 seconds
[2022-08-20 11:38:37,136] {processor.py:153} INFO - Started process (PID=11478) to work on /home/airflow/.local/lib/python3.7/site-packages/airflow/example_dags/tutorial.py
[2022-08-20 11:38:37,230] {processor.py:641} INFO - Processing file /home/airflow/.local/lib/python3.7/site-packages/airflow/example_dags/tutorial.py for tasks to queue
[2022-08-20 11:38:37,518] {logging_mixin.py:115} INFO - [2022-08-20 11:38:37,518] {dagbag.py:508} INFO - Filling up the DagBag from /home/airflow/.local/lib/python3.7/site-packages/airflow/example_dags/tutorial.py
[2022-08-23 09:21:36,610] {processor.py:651} INFO - DAG(s) dict_keys(['tutorial']) retrieved from /home/airflow/.local/lib/python3.7/site-packages/airflow/example_dags/tutorial.py
[2022-08-23 09:21:38,707] {logging_mixin.py:115} INFO - [2022-08-23 09:21:38,707] {dag.py:2420} INFO - Sync 1 DAGs
