[2022-08-20 10:22:51,041] {processor.py:153} INFO - Started process (PID=11001) to work on /home/airflow/.local/lib/python3.7/site-packages/airflow/example_dags/tutorial_taskflow_api_etl_virtualenv.py
[2022-08-20 10:22:51,121] {processor.py:641} INFO - Processing file /home/airflow/.local/lib/python3.7/site-packages/airflow/example_dags/tutorial_taskflow_api_etl_virtualenv.py for tasks to queue
[2022-08-20 10:22:51,140] {logging_mixin.py:115} INFO - [2022-08-20 10:22:51,139] {dagbag.py:508} INFO - Filling up the DagBag from /home/airflow/.local/lib/python3.7/site-packages/airflow/example_dags/tutorial_taskflow_api_etl_virtualenv.py
[2022-08-20 10:22:52,931] {processor.py:651} INFO - DAG(s) dict_keys(['tutorial_taskflow_api_etl_virtualenv']) retrieved from /home/airflow/.local/lib/python3.7/site-packages/airflow/example_dags/tutorial_taskflow_api_etl_virtualenv.py
[2022-08-20 10:22:58,060] {logging_mixin.py:115} INFO - [2022-08-20 10:22:58,060] {dag.py:2420} INFO - Sync 1 DAGs
[2022-08-20 10:22:59,495] {logging_mixin.py:115} INFO - [2022-08-20 10:22:59,495] {dag.py:2972} INFO - Setting next_dagrun for tutorial_taskflow_api_etl_virtualenv to None, run_after=None
[2022-08-20 10:23:00,333] {processor.py:161} INFO - Processing /home/airflow/.local/lib/python3.7/site-packages/airflow/example_dags/tutorial_taskflow_api_etl_virtualenv.py took 9.522 seconds
[2022-08-20 10:25:00,053] {processor.py:153} INFO - Started process (PID=11115) to work on /home/airflow/.local/lib/python3.7/site-packages/airflow/example_dags/tutorial_taskflow_api_etl_virtualenv.py
[2022-08-20 10:25:00,160] {processor.py:641} INFO - Processing file /home/airflow/.local/lib/python3.7/site-packages/airflow/example_dags/tutorial_taskflow_api_etl_virtualenv.py for tasks to queue
[2022-08-20 10:25:00,172] {logging_mixin.py:115} INFO - [2022-08-20 10:25:00,172] {dagbag.py:508} INFO - Filling up the DagBag from /home/airflow/.local/lib/python3.7/site-packages/airflow/example_dags/tutorial_taskflow_api_etl_virtualenv.py
[2022-08-20 10:25:00,639] {processor.py:651} INFO - DAG(s) dict_keys(['tutorial_taskflow_api_etl_virtualenv']) retrieved from /home/airflow/.local/lib/python3.7/site-packages/airflow/example_dags/tutorial_taskflow_api_etl_virtualenv.py
[2022-08-20 10:25:03,417] {logging_mixin.py:115} INFO - [2022-08-20 10:25:03,417] {dag.py:2420} INFO - Sync 1 DAGs
[2022-08-20 10:25:04,080] {logging_mixin.py:115} INFO - [2022-08-20 10:25:04,080] {dag.py:2972} INFO - Setting next_dagrun for tutorial_taskflow_api_etl_virtualenv to None, run_after=None
[2022-08-20 10:25:04,376] {processor.py:161} INFO - Processing /home/airflow/.local/lib/python3.7/site-packages/airflow/example_dags/tutorial_taskflow_api_etl_virtualenv.py took 4.553 seconds
[2022-08-20 11:35:30,101] {processor.py:153} INFO - Started process (PID=11203) to work on /home/airflow/.local/lib/python3.7/site-packages/airflow/example_dags/tutorial_taskflow_api_etl_virtualenv.py
[2022-08-20 11:35:30,108] {processor.py:641} INFO - Processing file /home/airflow/.local/lib/python3.7/site-packages/airflow/example_dags/tutorial_taskflow_api_etl_virtualenv.py for tasks to queue
[2022-08-20 11:35:30,113] {logging_mixin.py:115} INFO - [2022-08-20 11:35:30,113] {dagbag.py:508} INFO - Filling up the DagBag from /home/airflow/.local/lib/python3.7/site-packages/airflow/example_dags/tutorial_taskflow_api_etl_virtualenv.py
[2022-08-20 11:35:30,550] {processor.py:651} INFO - DAG(s) dict_keys(['tutorial_taskflow_api_etl_virtualenv']) retrieved from /home/airflow/.local/lib/python3.7/site-packages/airflow/example_dags/tutorial_taskflow_api_etl_virtualenv.py
[2022-08-20 11:35:31,892] {logging_mixin.py:115} INFO - [2022-08-20 11:35:31,892] {dag.py:2420} INFO - Sync 1 DAGs
[2022-08-20 11:35:32,217] {logging_mixin.py:115} INFO - [2022-08-20 11:35:32,212] {dag.py:2972} INFO - Setting next_dagrun for tutorial_taskflow_api_etl_virtualenv to None, run_after=None
[2022-08-20 11:35:32,464] {processor.py:161} INFO - Processing /home/airflow/.local/lib/python3.7/site-packages/airflow/example_dags/tutorial_taskflow_api_etl_virtualenv.py took 2.441 seconds
[2022-08-20 11:36:03,336] {processor.py:153} INFO - Started process (PID=11258) to work on /home/airflow/.local/lib/python3.7/site-packages/airflow/example_dags/tutorial_taskflow_api_etl_virtualenv.py
[2022-08-20 11:36:03,347] {processor.py:641} INFO - Processing file /home/airflow/.local/lib/python3.7/site-packages/airflow/example_dags/tutorial_taskflow_api_etl_virtualenv.py for tasks to queue
[2022-08-20 11:36:03,355] {logging_mixin.py:115} INFO - [2022-08-20 11:36:03,354] {dagbag.py:508} INFO - Filling up the DagBag from /home/airflow/.local/lib/python3.7/site-packages/airflow/example_dags/tutorial_taskflow_api_etl_virtualenv.py
[2022-08-20 11:36:03,567] {processor.py:651} INFO - DAG(s) dict_keys(['tutorial_taskflow_api_etl_virtualenv']) retrieved from /home/airflow/.local/lib/python3.7/site-packages/airflow/example_dags/tutorial_taskflow_api_etl_virtualenv.py
[2022-08-20 11:36:04,233] {logging_mixin.py:115} INFO - [2022-08-20 11:36:04,233] {dag.py:2420} INFO - Sync 1 DAGs
[2022-08-20 11:36:04,309] {logging_mixin.py:115} INFO - [2022-08-20 11:36:04,309] {dag.py:2972} INFO - Setting next_dagrun for tutorial_taskflow_api_etl_virtualenv to None, run_after=None
[2022-08-20 11:36:04,376] {processor.py:161} INFO - Processing /home/airflow/.local/lib/python3.7/site-packages/airflow/example_dags/tutorial_taskflow_api_etl_virtualenv.py took 1.061 seconds
[2022-08-20 11:36:44,988] {processor.py:153} INFO - Started process (PID=11316) to work on /home/airflow/.local/lib/python3.7/site-packages/airflow/example_dags/tutorial_taskflow_api_etl_virtualenv.py
[2022-08-20 11:36:45,004] {processor.py:641} INFO - Processing file /home/airflow/.local/lib/python3.7/site-packages/airflow/example_dags/tutorial_taskflow_api_etl_virtualenv.py for tasks to queue
[2022-08-20 11:36:45,058] {logging_mixin.py:115} INFO - [2022-08-20 11:36:45,058] {dagbag.py:508} INFO - Filling up the DagBag from /home/airflow/.local/lib/python3.7/site-packages/airflow/example_dags/tutorial_taskflow_api_etl_virtualenv.py
[2022-08-20 11:36:45,315] {processor.py:651} INFO - DAG(s) dict_keys(['tutorial_taskflow_api_etl_virtualenv']) retrieved from /home/airflow/.local/lib/python3.7/site-packages/airflow/example_dags/tutorial_taskflow_api_etl_virtualenv.py
[2022-08-20 11:36:46,429] {logging_mixin.py:115} INFO - [2022-08-20 11:36:46,429] {dag.py:2420} INFO - Sync 1 DAGs
[2022-08-20 11:36:46,859] {logging_mixin.py:115} INFO - [2022-08-20 11:36:46,859] {dag.py:2972} INFO - Setting next_dagrun for tutorial_taskflow_api_etl_virtualenv to None, run_after=None
[2022-08-20 11:36:47,111] {processor.py:161} INFO - Processing /home/airflow/.local/lib/python3.7/site-packages/airflow/example_dags/tutorial_taskflow_api_etl_virtualenv.py took 2.193 seconds
[2022-08-20 11:37:34,169] {processor.py:153} INFO - Started process (PID=11385) to work on /home/airflow/.local/lib/python3.7/site-packages/airflow/example_dags/tutorial_taskflow_api_etl_virtualenv.py
[2022-08-20 11:37:34,185] {processor.py:641} INFO - Processing file /home/airflow/.local/lib/python3.7/site-packages/airflow/example_dags/tutorial_taskflow_api_etl_virtualenv.py for tasks to queue
[2022-08-20 11:37:34,207] {logging_mixin.py:115} INFO - [2022-08-20 11:37:34,206] {dagbag.py:508} INFO - Filling up the DagBag from /home/airflow/.local/lib/python3.7/site-packages/airflow/example_dags/tutorial_taskflow_api_etl_virtualenv.py
[2022-08-20 11:37:34,629] {processor.py:651} INFO - DAG(s) dict_keys(['tutorial_taskflow_api_etl_virtualenv']) retrieved from /home/airflow/.local/lib/python3.7/site-packages/airflow/example_dags/tutorial_taskflow_api_etl_virtualenv.py
[2022-08-20 11:37:36,840] {logging_mixin.py:115} INFO - [2022-08-20 11:37:36,840] {dag.py:2420} INFO - Sync 1 DAGs
[2022-08-20 11:37:37,533] {logging_mixin.py:115} INFO - [2022-08-20 11:37:37,533] {dag.py:2972} INFO - Setting next_dagrun for tutorial_taskflow_api_etl_virtualenv to None, run_after=None
[2022-08-20 11:37:37,878] {processor.py:161} INFO - Processing /home/airflow/.local/lib/python3.7/site-packages/airflow/example_dags/tutorial_taskflow_api_etl_virtualenv.py took 3.762 seconds
[2022-08-20 11:38:08,431] {processor.py:153} INFO - Started process (PID=11439) to work on /home/airflow/.local/lib/python3.7/site-packages/airflow/example_dags/tutorial_taskflow_api_etl_virtualenv.py
[2022-08-20 11:38:08,448] {processor.py:641} INFO - Processing file /home/airflow/.local/lib/python3.7/site-packages/airflow/example_dags/tutorial_taskflow_api_etl_virtualenv.py for tasks to queue
[2022-08-20 11:38:08,453] {logging_mixin.py:115} INFO - [2022-08-20 11:38:08,452] {dagbag.py:508} INFO - Filling up the DagBag from /home/airflow/.local/lib/python3.7/site-packages/airflow/example_dags/tutorial_taskflow_api_etl_virtualenv.py
[2022-08-20 11:38:08,647] {processor.py:651} INFO - DAG(s) dict_keys(['tutorial_taskflow_api_etl_virtualenv']) retrieved from /home/airflow/.local/lib/python3.7/site-packages/airflow/example_dags/tutorial_taskflow_api_etl_virtualenv.py
[2022-08-20 11:38:09,617] {logging_mixin.py:115} INFO - [2022-08-20 11:38:09,616] {dag.py:2420} INFO - Sync 1 DAGs
[2022-08-20 11:38:09,822] {logging_mixin.py:115} INFO - [2022-08-20 11:38:09,822] {dag.py:2972} INFO - Setting next_dagrun for tutorial_taskflow_api_etl_virtualenv to None, run_after=None
[2022-08-20 11:38:09,913] {processor.py:161} INFO - Processing /home/airflow/.local/lib/python3.7/site-packages/airflow/example_dags/tutorial_taskflow_api_etl_virtualenv.py took 1.502 seconds
