[2022-11-05 15:16:06,432] {taskinstance.py:1179} INFO - Dependencies all met for <TaskInstance: example_bash_operator.runme_1 scheduled__2022-11-04T00:00:00+00:00 [queued]>
[2022-11-05 15:16:06,611] {taskinstance.py:1179} INFO - Dependencies all met for <TaskInstance: example_bash_operator.runme_1 scheduled__2022-11-04T00:00:00+00:00 [queued]>
[2022-11-05 15:16:06,615] {taskinstance.py:1376} INFO - 
--------------------------------------------------------------------------------
[2022-11-05 15:16:06,617] {taskinstance.py:1377} INFO - Starting attempt 1 of 1
[2022-11-05 15:16:06,619] {taskinstance.py:1378} INFO - 
--------------------------------------------------------------------------------
[2022-11-05 15:16:06,850] {taskinstance.py:1397} INFO - Executing <Task(BashOperator): runme_1> on 2022-11-04 00:00:00+00:00
[2022-11-05 15:16:06,886] {standard_task_runner.py:52} INFO - Started process 3012 to run task
[2022-11-05 15:16:06,945] {standard_task_runner.py:79} INFO - Running: ['***', 'tasks', 'run', 'example_bash_operator', 'runme_1', 'scheduled__2022-11-04T00:00:00+00:00', '--job-id', '10', '--raw', '--subdir', '/home/***/.local/lib/python3.7/site-packages/***/example_dags/example_bash_operator.py', '--cfg-path', '/tmp/tmpucx6hnlk', '--error-file', '/tmp/tmprmpb3648']
[2022-11-05 15:16:06,954] {standard_task_runner.py:80} INFO - Job 10: Subtask runme_1
[2022-11-05 15:16:07,684] {task_command.py:371} INFO - Running <TaskInstance: example_bash_operator.runme_1 scheduled__2022-11-04T00:00:00+00:00 [running]> on host ec0dc6e942fe
[2022-11-05 15:16:08,214] {taskinstance.py:1591} INFO - Exporting the following env vars:
AIRFLOW_CTX_DAG_OWNER=***
AIRFLOW_CTX_DAG_ID=example_bash_operator
AIRFLOW_CTX_TASK_ID=runme_1
AIRFLOW_CTX_EXECUTION_DATE=2022-11-04T00:00:00+00:00
AIRFLOW_CTX_TRY_NUMBER=1
AIRFLOW_CTX_DAG_RUN_ID=scheduled__2022-11-04T00:00:00+00:00
[2022-11-05 15:16:08,223] {subprocess.py:62} INFO - Tmp dir root location: 
 /tmp
[2022-11-05 15:16:08,226] {subprocess.py:74} INFO - Running command: ['bash', '-c', 'echo "example_bash_operator__runme_1__20221104" && sleep 1']
[2022-11-05 15:16:08,281] {subprocess.py:85} INFO - Output:
[2022-11-05 15:16:08,300] {subprocess.py:92} INFO - example_bash_operator__runme_1__20221104
[2022-11-05 15:16:09,321] {subprocess.py:96} INFO - Command exited with return code 0
[2022-11-05 15:16:09,722] {taskinstance.py:1420} INFO - Marking task as SUCCESS. dag_id=example_bash_operator, task_id=runme_1, execution_date=20221104T000000, start_date=20221105T151606, end_date=20221105T151609
[2022-11-05 15:16:10,054] {local_task_job.py:156} INFO - Task exited with return code 0
[2022-11-05 15:16:10,807] {local_task_job.py:273} INFO - 0 downstream tasks scheduled from follow-on schedule check
