[2022-11-05 13:27:18,039] {processor.py:153} INFO - Started process (PID=51) to work on /opt/airflow/dags/yandex_dag.py
[2022-11-05 13:27:18,048] {processor.py:641} INFO - Processing file /opt/airflow/dags/yandex_dag.py for tasks to queue
[2022-11-05 13:27:18,054] {logging_mixin.py:115} INFO - [2022-11-05 13:27:18,054] {dagbag.py:508} INFO - Filling up the DagBag from /opt/airflow/dags/yandex_dag.py
[2022-11-05 13:27:20,073] {logging_mixin.py:115} INFO - [2022-11-05 13:27:20,073] {crypto.py:82} WARNING - empty cryptography key - values will not be stored encrypted.
[2022-11-05 13:27:20,519] {processor.py:651} INFO - DAG(s) dict_keys(['yandex-rates-test']) retrieved from /opt/airflow/dags/yandex_dag.py
[2022-11-05 13:27:21,677] {logging_mixin.py:115} INFO - [2022-11-05 13:27:21,665] {manager.py:508} INFO - Created Permission View: can edit on DAG:yandex-rates-test
[2022-11-05 13:27:21,943] {logging_mixin.py:115} INFO - [2022-11-05 13:27:21,942] {manager.py:508} INFO - Created Permission View: can delete on DAG:yandex-rates-test
[2022-11-05 13:27:22,156] {logging_mixin.py:115} INFO - [2022-11-05 13:27:22,156] {manager.py:508} INFO - Created Permission View: can read on DAG:yandex-rates-test
[2022-11-05 13:27:22,160] {logging_mixin.py:115} INFO - [2022-11-05 13:27:22,159] {dag.py:2420} INFO - Sync 1 DAGs
[2022-11-05 13:27:22,291] {logging_mixin.py:115} INFO - [2022-11-05 13:27:22,291] {dag.py:2439} INFO - Creating ORM DAG for yandex-rates-test
[2022-11-05 13:27:22,493] {logging_mixin.py:115} INFO - [2022-11-05 13:27:22,493] {dag.py:2972} INFO - Setting next_dagrun for yandex-rates-test to 2022-11-05T09:00:00+00:00, run_after=2022-11-05T12:00:00+00:00
[2022-11-05 13:27:22,587] {processor.py:161} INFO - Processing /opt/airflow/dags/yandex_dag.py took 4.567 seconds
[2022-11-05 13:59:32,410] {processor.py:153} INFO - Started process (PID=57) to work on /opt/airflow/dags/yandex_dag.py
[2022-11-05 13:59:32,413] {processor.py:641} INFO - Processing file /opt/airflow/dags/yandex_dag.py for tasks to queue
[2022-11-05 13:59:32,427] {logging_mixin.py:115} INFO - [2022-11-05 13:59:32,420] {dagbag.py:508} INFO - Filling up the DagBag from /opt/airflow/dags/yandex_dag.py
[2022-11-05 13:59:32,855] {logging_mixin.py:115} INFO - [2022-11-05 13:59:32,855] {crypto.py:82} WARNING - empty cryptography key - values will not be stored encrypted.
[2022-11-05 13:59:32,914] {logging_mixin.py:115} INFO - [2022-11-05 13:59:32,907] {dagbag.py:321} ERROR - Failed to import: /opt/airflow/dags/yandex_dag.py
Traceback (most recent call last):
  File "/home/airflow/.local/lib/python3.7/site-packages/airflow/models/dagbag.py", line 318, in parse
    loader.exec_module(new_module)
  File "<frozen importlib._bootstrap_external>", line 728, in exec_module
  File "<frozen importlib._bootstrap>", line 219, in _call_with_frames_removed
  File "/opt/airflow/dags/yandex_dag.py", line 152, in <module>
    create_dir >> import_rates_from_api >> insert_rates_to_pg >> waiting_for_file
NameError: name 'waiting_for_file' is not defined
[2022-11-05 13:59:32,916] {processor.py:653} WARNING - No viable dags retrieved from /opt/airflow/dags/yandex_dag.py
[2022-11-05 13:59:32,949] {processor.py:161} INFO - Processing /opt/airflow/dags/yandex_dag.py took 0.563 seconds
[2022-11-05 14:00:33,070] {processor.py:153} INFO - Started process (PID=122) to work on /opt/airflow/dags/yandex_dag.py
[2022-11-05 14:00:33,073] {processor.py:641} INFO - Processing file /opt/airflow/dags/yandex_dag.py for tasks to queue
[2022-11-05 14:00:33,086] {logging_mixin.py:115} INFO - [2022-11-05 14:00:33,086] {dagbag.py:508} INFO - Filling up the DagBag from /opt/airflow/dags/yandex_dag.py
[2022-11-05 14:00:33,214] {logging_mixin.py:115} INFO - [2022-11-05 14:00:33,214] {crypto.py:82} WARNING - empty cryptography key - values will not be stored encrypted.
[2022-11-05 14:00:33,277] {logging_mixin.py:115} INFO - [2022-11-05 14:00:33,261] {dagbag.py:321} ERROR - Failed to import: /opt/airflow/dags/yandex_dag.py
Traceback (most recent call last):
  File "/home/airflow/.local/lib/python3.7/site-packages/airflow/models/dagbag.py", line 318, in parse
    loader.exec_module(new_module)
  File "<frozen importlib._bootstrap_external>", line 728, in exec_module
  File "<frozen importlib._bootstrap>", line 219, in _call_with_frames_removed
  File "/opt/airflow/dags/yandex_dag.py", line 152, in <module>
    create_dir >> import_rates_from_api >> insert_rates_to_pg >> waiting_for_file
NameError: name 'waiting_for_file' is not defined
[2022-11-05 14:00:33,297] {processor.py:653} WARNING - No viable dags retrieved from /opt/airflow/dags/yandex_dag.py
[2022-11-05 14:00:33,341] {processor.py:161} INFO - Processing /opt/airflow/dags/yandex_dag.py took 0.287 seconds
[2022-11-05 14:01:16,001] {processor.py:153} INFO - Started process (PID=171) to work on /opt/airflow/dags/yandex_dag.py
[2022-11-05 14:01:16,012] {processor.py:641} INFO - Processing file /opt/airflow/dags/yandex_dag.py for tasks to queue
[2022-11-05 14:01:16,015] {logging_mixin.py:115} INFO - [2022-11-05 14:01:16,015] {dagbag.py:508} INFO - Filling up the DagBag from /opt/airflow/dags/yandex_dag.py
[2022-11-05 14:01:16,244] {logging_mixin.py:115} INFO - [2022-11-05 14:01:16,242] {crypto.py:82} WARNING - empty cryptography key - values will not be stored encrypted.
[2022-11-05 14:01:16,637] {logging_mixin.py:115} INFO - [2022-11-05 14:01:16,620] {dagbag.py:321} ERROR - Failed to import: /opt/airflow/dags/yandex_dag.py
Traceback (most recent call last):
  File "/home/airflow/.local/lib/python3.7/site-packages/airflow/models/dagbag.py", line 318, in parse
    loader.exec_module(new_module)
  File "<frozen importlib._bootstrap_external>", line 728, in exec_module
  File "<frozen importlib._bootstrap>", line 219, in _call_with_frames_removed
  File "/opt/airflow/dags/yandex_dag.py", line 152, in <module>
    create_dir >> import_rates_from_api >> insert_rates_to_pg >> waiting_for_file
NameError: name 'waiting_for_file' is not defined
[2022-11-05 14:01:16,639] {processor.py:653} WARNING - No viable dags retrieved from /opt/airflow/dags/yandex_dag.py
[2022-11-05 14:01:16,821] {processor.py:161} INFO - Processing /opt/airflow/dags/yandex_dag.py took 0.841 seconds
[2022-11-05 14:01:49,395] {processor.py:153} INFO - Started process (PID=232) to work on /opt/airflow/dags/yandex_dag.py
[2022-11-05 14:01:49,400] {processor.py:641} INFO - Processing file /opt/airflow/dags/yandex_dag.py for tasks to queue
[2022-11-05 14:01:49,409] {logging_mixin.py:115} INFO - [2022-11-05 14:01:49,409] {dagbag.py:508} INFO - Filling up the DagBag from /opt/airflow/dags/yandex_dag.py
[2022-11-05 14:01:49,547] {logging_mixin.py:115} INFO - [2022-11-05 14:01:49,547] {crypto.py:82} WARNING - empty cryptography key - values will not be stored encrypted.
[2022-11-05 14:01:49,676] {logging_mixin.py:115} INFO - [2022-11-05 14:01:49,659] {dagbag.py:321} ERROR - Failed to import: /opt/airflow/dags/yandex_dag.py
Traceback (most recent call last):
  File "/home/airflow/.local/lib/python3.7/site-packages/airflow/models/dagbag.py", line 318, in parse
    loader.exec_module(new_module)
  File "<frozen importlib._bootstrap_external>", line 728, in exec_module
  File "<frozen importlib._bootstrap>", line 219, in _call_with_frames_removed
  File "/opt/airflow/dags/yandex_dag.py", line 152, in <module>
    create_dir >> import_rates_from_api >> insert_rates_to_pg >> waiting_for_file
NameError: name 'waiting_for_file' is not defined
[2022-11-05 14:01:49,694] {processor.py:653} WARNING - No viable dags retrieved from /opt/airflow/dags/yandex_dag.py
[2022-11-05 14:01:49,850] {processor.py:161} INFO - Processing /opt/airflow/dags/yandex_dag.py took 0.470 seconds
[2022-11-05 14:02:20,637] {processor.py:153} INFO - Started process (PID=285) to work on /opt/airflow/dags/yandex_dag.py
[2022-11-05 14:02:20,639] {processor.py:641} INFO - Processing file /opt/airflow/dags/yandex_dag.py for tasks to queue
[2022-11-05 14:02:20,642] {logging_mixin.py:115} INFO - [2022-11-05 14:02:20,642] {dagbag.py:508} INFO - Filling up the DagBag from /opt/airflow/dags/yandex_dag.py
[2022-11-05 14:02:20,701] {logging_mixin.py:115} INFO - [2022-11-05 14:02:20,701] {crypto.py:82} WARNING - empty cryptography key - values will not be stored encrypted.
[2022-11-05 14:02:20,733] {logging_mixin.py:115} INFO - [2022-11-05 14:02:20,729] {dagbag.py:321} ERROR - Failed to import: /opt/airflow/dags/yandex_dag.py
Traceback (most recent call last):
  File "/home/airflow/.local/lib/python3.7/site-packages/airflow/models/dagbag.py", line 318, in parse
    loader.exec_module(new_module)
  File "<frozen importlib._bootstrap_external>", line 728, in exec_module
  File "<frozen importlib._bootstrap>", line 219, in _call_with_frames_removed
  File "/opt/airflow/dags/yandex_dag.py", line 152, in <module>
    create_dir >> import_rates_from_api >> insert_rates_to_pg >> waiting_for_file
NameError: name 'waiting_for_file' is not defined
[2022-11-05 14:02:20,736] {processor.py:653} WARNING - No viable dags retrieved from /opt/airflow/dags/yandex_dag.py
[2022-11-05 14:02:20,766] {processor.py:161} INFO - Processing /opt/airflow/dags/yandex_dag.py took 0.149 seconds
[2022-11-05 14:02:50,946] {processor.py:153} INFO - Started process (PID=338) to work on /opt/airflow/dags/yandex_dag.py
[2022-11-05 14:02:50,948] {processor.py:641} INFO - Processing file /opt/airflow/dags/yandex_dag.py for tasks to queue
[2022-11-05 14:02:50,950] {logging_mixin.py:115} INFO - [2022-11-05 14:02:50,950] {dagbag.py:508} INFO - Filling up the DagBag from /opt/airflow/dags/yandex_dag.py
[2022-11-05 14:02:51,053] {logging_mixin.py:115} INFO - [2022-11-05 14:02:51,053] {crypto.py:82} WARNING - empty cryptography key - values will not be stored encrypted.
[2022-11-05 14:02:51,114] {logging_mixin.py:115} INFO - [2022-11-05 14:02:51,101] {dagbag.py:321} ERROR - Failed to import: /opt/airflow/dags/yandex_dag.py
Traceback (most recent call last):
  File "/home/airflow/.local/lib/python3.7/site-packages/airflow/models/dagbag.py", line 318, in parse
    loader.exec_module(new_module)
  File "<frozen importlib._bootstrap_external>", line 728, in exec_module
  File "<frozen importlib._bootstrap>", line 219, in _call_with_frames_removed
  File "/opt/airflow/dags/yandex_dag.py", line 152, in <module>
    create_dir >> import_rates_from_api >> insert_rates_to_pg >> waiting_for_file
NameError: name 'waiting_for_file' is not defined
[2022-11-05 14:02:51,121] {processor.py:653} WARNING - No viable dags retrieved from /opt/airflow/dags/yandex_dag.py
[2022-11-05 14:02:51,151] {processor.py:161} INFO - Processing /opt/airflow/dags/yandex_dag.py took 0.211 seconds
[2022-11-05 14:03:21,378] {processor.py:153} INFO - Started process (PID=393) to work on /opt/airflow/dags/yandex_dag.py
[2022-11-05 14:03:21,380] {processor.py:641} INFO - Processing file /opt/airflow/dags/yandex_dag.py for tasks to queue
[2022-11-05 14:03:21,381] {logging_mixin.py:115} INFO - [2022-11-05 14:03:21,381] {dagbag.py:508} INFO - Filling up the DagBag from /opt/airflow/dags/yandex_dag.py
[2022-11-05 14:03:21,421] {logging_mixin.py:115} INFO - [2022-11-05 14:03:21,421] {crypto.py:82} WARNING - empty cryptography key - values will not be stored encrypted.
[2022-11-05 14:03:21,445] {logging_mixin.py:115} INFO - [2022-11-05 14:03:21,441] {dagbag.py:321} ERROR - Failed to import: /opt/airflow/dags/yandex_dag.py
Traceback (most recent call last):
  File "/home/airflow/.local/lib/python3.7/site-packages/airflow/models/dagbag.py", line 318, in parse
    loader.exec_module(new_module)
  File "<frozen importlib._bootstrap_external>", line 728, in exec_module
  File "<frozen importlib._bootstrap>", line 219, in _call_with_frames_removed
  File "/opt/airflow/dags/yandex_dag.py", line 152, in <module>
    create_dir >> import_rates_from_api >> insert_rates_to_pg >> waiting_for_file
NameError: name 'waiting_for_file' is not defined
[2022-11-05 14:03:21,446] {processor.py:653} WARNING - No viable dags retrieved from /opt/airflow/dags/yandex_dag.py
[2022-11-05 14:03:21,461] {processor.py:161} INFO - Processing /opt/airflow/dags/yandex_dag.py took 0.088 seconds
[2022-11-05 14:03:51,877] {processor.py:153} INFO - Started process (PID=452) to work on /opt/airflow/dags/yandex_dag.py
[2022-11-05 14:03:51,911] {processor.py:641} INFO - Processing file /opt/airflow/dags/yandex_dag.py for tasks to queue
[2022-11-05 14:03:51,928] {logging_mixin.py:115} INFO - [2022-11-05 14:03:51,928] {dagbag.py:508} INFO - Filling up the DagBag from /opt/airflow/dags/yandex_dag.py
[2022-11-05 14:03:52,089] {logging_mixin.py:115} INFO - [2022-11-05 14:03:52,089] {crypto.py:82} WARNING - empty cryptography key - values will not be stored encrypted.
[2022-11-05 14:03:52,252] {logging_mixin.py:115} INFO - [2022-11-05 14:03:52,245] {dagbag.py:321} ERROR - Failed to import: /opt/airflow/dags/yandex_dag.py
Traceback (most recent call last):
  File "/home/airflow/.local/lib/python3.7/site-packages/airflow/models/dagbag.py", line 318, in parse
    loader.exec_module(new_module)
  File "<frozen importlib._bootstrap_external>", line 728, in exec_module
  File "<frozen importlib._bootstrap>", line 219, in _call_with_frames_removed
  File "/opt/airflow/dags/yandex_dag.py", line 152, in <module>
    create_dir >> import_rates_from_api >> insert_rates_to_pg >> waiting_for_file
NameError: name 'waiting_for_file' is not defined
[2022-11-05 14:03:52,254] {processor.py:653} WARNING - No viable dags retrieved from /opt/airflow/dags/yandex_dag.py
[2022-11-05 14:03:52,321] {processor.py:161} INFO - Processing /opt/airflow/dags/yandex_dag.py took 0.478 seconds
[2022-11-05 14:04:22,591] {processor.py:153} INFO - Started process (PID=509) to work on /opt/airflow/dags/yandex_dag.py
[2022-11-05 14:04:22,592] {processor.py:641} INFO - Processing file /opt/airflow/dags/yandex_dag.py for tasks to queue
[2022-11-05 14:04:22,594] {logging_mixin.py:115} INFO - [2022-11-05 14:04:22,594] {dagbag.py:508} INFO - Filling up the DagBag from /opt/airflow/dags/yandex_dag.py
[2022-11-05 14:04:22,633] {logging_mixin.py:115} INFO - [2022-11-05 14:04:22,633] {crypto.py:82} WARNING - empty cryptography key - values will not be stored encrypted.
[2022-11-05 14:04:22,657] {logging_mixin.py:115} INFO - [2022-11-05 14:04:22,653] {dagbag.py:321} ERROR - Failed to import: /opt/airflow/dags/yandex_dag.py
Traceback (most recent call last):
  File "/home/airflow/.local/lib/python3.7/site-packages/airflow/models/dagbag.py", line 318, in parse
    loader.exec_module(new_module)
  File "<frozen importlib._bootstrap_external>", line 728, in exec_module
  File "<frozen importlib._bootstrap>", line 219, in _call_with_frames_removed
  File "/opt/airflow/dags/yandex_dag.py", line 152, in <module>
    create_dir >> import_rates_from_api >> insert_rates_to_pg >> waiting_for_file
NameError: name 'waiting_for_file' is not defined
[2022-11-05 14:04:22,659] {processor.py:653} WARNING - No viable dags retrieved from /opt/airflow/dags/yandex_dag.py
[2022-11-05 14:04:22,685] {processor.py:161} INFO - Processing /opt/airflow/dags/yandex_dag.py took 0.099 seconds
[2022-11-05 14:04:27,910] {processor.py:153} INFO - Started process (PID=520) to work on /opt/airflow/dags/yandex_dag.py
[2022-11-05 14:04:27,912] {processor.py:641} INFO - Processing file /opt/airflow/dags/yandex_dag.py for tasks to queue
[2022-11-05 14:04:27,914] {logging_mixin.py:115} INFO - [2022-11-05 14:04:27,914] {dagbag.py:508} INFO - Filling up the DagBag from /opt/airflow/dags/yandex_dag.py
[2022-11-05 14:04:28,032] {logging_mixin.py:115} INFO - [2022-11-05 14:04:28,032] {crypto.py:82} WARNING - empty cryptography key - values will not be stored encrypted.
[2022-11-05 14:04:28,072] {processor.py:651} INFO - DAG(s) dict_keys(['yandex-rates-test']) retrieved from /opt/airflow/dags/yandex_dag.py
[2022-11-05 14:04:28,496] {logging_mixin.py:115} INFO - [2022-11-05 14:04:28,496] {manager.py:508} INFO - Created Permission View: can read on DAG:yandex-rates-test
[2022-11-05 14:04:28,513] {logging_mixin.py:115} INFO - [2022-11-05 14:04:28,513] {manager.py:508} INFO - Created Permission View: can edit on DAG:yandex-rates-test
[2022-11-05 14:04:28,529] {logging_mixin.py:115} INFO - [2022-11-05 14:04:28,529] {manager.py:508} INFO - Created Permission View: can delete on DAG:yandex-rates-test
[2022-11-05 14:04:28,530] {logging_mixin.py:115} INFO - [2022-11-05 14:04:28,530] {dag.py:2420} INFO - Sync 1 DAGs
[2022-11-05 14:04:28,546] {logging_mixin.py:115} INFO - [2022-11-05 14:04:28,546] {dag.py:2439} INFO - Creating ORM DAG for yandex-rates-test
[2022-11-05 14:04:28,575] {logging_mixin.py:115} INFO - [2022-11-05 14:04:28,575] {dag.py:2972} INFO - Setting next_dagrun for yandex-rates-test to 2022-11-05T09:00:00+00:00, run_after=2022-11-05T12:00:00+00:00
[2022-11-05 14:04:28,626] {processor.py:161} INFO - Processing /opt/airflow/dags/yandex_dag.py took 0.720 seconds
[2022-11-05 14:04:58,772] {processor.py:153} INFO - Started process (PID=576) to work on /opt/airflow/dags/yandex_dag.py
[2022-11-05 14:04:58,781] {processor.py:641} INFO - Processing file /opt/airflow/dags/yandex_dag.py for tasks to queue
[2022-11-05 14:04:58,800] {logging_mixin.py:115} INFO - [2022-11-05 14:04:58,800] {dagbag.py:508} INFO - Filling up the DagBag from /opt/airflow/dags/yandex_dag.py
[2022-11-05 14:04:58,882] {logging_mixin.py:115} INFO - [2022-11-05 14:04:58,882] {crypto.py:82} WARNING - empty cryptography key - values will not be stored encrypted.
[2022-11-05 14:04:58,908] {processor.py:651} INFO - DAG(s) dict_keys(['yandex-rates-test']) retrieved from /opt/airflow/dags/yandex_dag.py
[2022-11-05 14:04:58,931] {logging_mixin.py:115} INFO - [2022-11-05 14:04:58,931] {dag.py:2420} INFO - Sync 1 DAGs
[2022-11-05 14:04:58,980] {logging_mixin.py:115} INFO - [2022-11-05 14:04:58,980] {dag.py:2972} INFO - Setting next_dagrun for yandex-rates-test to 2022-11-05T09:00:00+00:00, run_after=2022-11-05T12:00:00+00:00
[2022-11-05 14:04:59,034] {processor.py:161} INFO - Processing /opt/airflow/dags/yandex_dag.py took 0.270 seconds
[2022-11-05 14:05:29,629] {processor.py:153} INFO - Started process (PID=640) to work on /opt/airflow/dags/yandex_dag.py
[2022-11-05 14:05:29,632] {processor.py:641} INFO - Processing file /opt/airflow/dags/yandex_dag.py for tasks to queue
[2022-11-05 14:05:29,649] {logging_mixin.py:115} INFO - [2022-11-05 14:05:29,649] {dagbag.py:508} INFO - Filling up the DagBag from /opt/airflow/dags/yandex_dag.py
[2022-11-05 14:05:29,774] {logging_mixin.py:115} INFO - [2022-11-05 14:05:29,774] {crypto.py:82} WARNING - empty cryptography key - values will not be stored encrypted.
[2022-11-05 14:05:29,857] {processor.py:651} INFO - DAG(s) dict_keys(['yandex-rates-test']) retrieved from /opt/airflow/dags/yandex_dag.py
[2022-11-05 14:05:29,955] {logging_mixin.py:115} INFO - [2022-11-05 14:05:29,955] {dag.py:2420} INFO - Sync 1 DAGs
[2022-11-05 14:05:30,030] {logging_mixin.py:115} INFO - [2022-11-05 14:05:30,030] {dag.py:2972} INFO - Setting next_dagrun for yandex-rates-test to 2022-11-05T09:00:00+00:00, run_after=2022-11-05T12:00:00+00:00
[2022-11-05 14:05:30,095] {processor.py:161} INFO - Processing /opt/airflow/dags/yandex_dag.py took 0.487 seconds
[2022-11-05 14:06:00,496] {processor.py:153} INFO - Started process (PID=685) to work on /opt/airflow/dags/yandex_dag.py
[2022-11-05 14:06:00,498] {processor.py:641} INFO - Processing file /opt/airflow/dags/yandex_dag.py for tasks to queue
[2022-11-05 14:06:00,502] {logging_mixin.py:115} INFO - [2022-11-05 14:06:00,502] {dagbag.py:508} INFO - Filling up the DagBag from /opt/airflow/dags/yandex_dag.py
[2022-11-05 14:06:00,597] {logging_mixin.py:115} INFO - [2022-11-05 14:06:00,597] {crypto.py:82} WARNING - empty cryptography key - values will not be stored encrypted.
[2022-11-05 14:06:00,659] {processor.py:651} INFO - DAG(s) dict_keys(['yandex-rates-test']) retrieved from /opt/airflow/dags/yandex_dag.py
[2022-11-05 14:06:00,700] {logging_mixin.py:115} INFO - [2022-11-05 14:06:00,699] {dag.py:2420} INFO - Sync 1 DAGs
[2022-11-05 14:06:00,746] {logging_mixin.py:115} INFO - [2022-11-05 14:06:00,745] {dag.py:2972} INFO - Setting next_dagrun for yandex-rates-test to 2022-11-05T09:00:00+00:00, run_after=2022-11-05T12:00:00+00:00
[2022-11-05 14:06:00,773] {processor.py:161} INFO - Processing /opt/airflow/dags/yandex_dag.py took 0.288 seconds
[2022-11-05 14:06:31,148] {processor.py:153} INFO - Started process (PID=755) to work on /opt/airflow/dags/yandex_dag.py
[2022-11-05 14:06:31,152] {processor.py:641} INFO - Processing file /opt/airflow/dags/yandex_dag.py for tasks to queue
[2022-11-05 14:06:31,154] {logging_mixin.py:115} INFO - [2022-11-05 14:06:31,153] {dagbag.py:508} INFO - Filling up the DagBag from /opt/airflow/dags/yandex_dag.py
[2022-11-05 14:06:31,225] {logging_mixin.py:115} INFO - [2022-11-05 14:06:31,225] {crypto.py:82} WARNING - empty cryptography key - values will not be stored encrypted.
[2022-11-05 14:06:31,278] {processor.py:651} INFO - DAG(s) dict_keys(['yandex-rates-test']) retrieved from /opt/airflow/dags/yandex_dag.py
[2022-11-05 14:06:31,319] {logging_mixin.py:115} INFO - [2022-11-05 14:06:31,319] {dag.py:2420} INFO - Sync 1 DAGs
[2022-11-05 14:06:31,399] {logging_mixin.py:115} INFO - [2022-11-05 14:06:31,399] {dag.py:2972} INFO - Setting next_dagrun for yandex-rates-test to 2022-11-05T09:00:00+00:00, run_after=2022-11-05T12:00:00+00:00
[2022-11-05 14:06:31,462] {processor.py:161} INFO - Processing /opt/airflow/dags/yandex_dag.py took 0.323 seconds
[2022-11-05 14:07:01,982] {processor.py:153} INFO - Started process (PID=810) to work on /opt/airflow/dags/yandex_dag.py
[2022-11-05 14:07:01,984] {processor.py:641} INFO - Processing file /opt/airflow/dags/yandex_dag.py for tasks to queue
[2022-11-05 14:07:01,986] {logging_mixin.py:115} INFO - [2022-11-05 14:07:01,986] {dagbag.py:508} INFO - Filling up the DagBag from /opt/airflow/dags/yandex_dag.py
[2022-11-05 14:07:02,033] {logging_mixin.py:115} INFO - [2022-11-05 14:07:02,033] {crypto.py:82} WARNING - empty cryptography key - values will not be stored encrypted.
[2022-11-05 14:07:02,058] {processor.py:651} INFO - DAG(s) dict_keys(['yandex-rates-test']) retrieved from /opt/airflow/dags/yandex_dag.py
[2022-11-05 14:07:02,081] {logging_mixin.py:115} INFO - [2022-11-05 14:07:02,081] {dag.py:2420} INFO - Sync 1 DAGs
[2022-11-05 14:07:02,122] {logging_mixin.py:115} INFO - [2022-11-05 14:07:02,122] {dag.py:2972} INFO - Setting next_dagrun for yandex-rates-test to 2022-11-05T09:00:00+00:00, run_after=2022-11-05T12:00:00+00:00
[2022-11-05 14:07:02,145] {processor.py:161} INFO - Processing /opt/airflow/dags/yandex_dag.py took 0.168 seconds
[2022-11-05 14:07:32,252] {processor.py:153} INFO - Started process (PID=873) to work on /opt/airflow/dags/yandex_dag.py
[2022-11-05 14:07:32,254] {processor.py:641} INFO - Processing file /opt/airflow/dags/yandex_dag.py for tasks to queue
[2022-11-05 14:07:32,258] {logging_mixin.py:115} INFO - [2022-11-05 14:07:32,258] {dagbag.py:508} INFO - Filling up the DagBag from /opt/airflow/dags/yandex_dag.py
[2022-11-05 14:07:32,308] {logging_mixin.py:115} INFO - [2022-11-05 14:07:32,307] {crypto.py:82} WARNING - empty cryptography key - values will not be stored encrypted.
[2022-11-05 14:07:32,340] {processor.py:651} INFO - DAG(s) dict_keys(['yandex-rates-test']) retrieved from /opt/airflow/dags/yandex_dag.py
[2022-11-05 14:07:32,379] {logging_mixin.py:115} INFO - [2022-11-05 14:07:32,379] {dag.py:2420} INFO - Sync 1 DAGs
[2022-11-05 14:07:32,449] {logging_mixin.py:115} INFO - [2022-11-05 14:07:32,449] {dag.py:2972} INFO - Setting next_dagrun for yandex-rates-test to 2022-11-05T09:00:00+00:00, run_after=2022-11-05T12:00:00+00:00
[2022-11-05 14:07:32,473] {processor.py:161} INFO - Processing /opt/airflow/dags/yandex_dag.py took 0.228 seconds
[2022-11-05 14:07:37,471] {processor.py:153} INFO - Started process (PID=881) to work on /opt/airflow/dags/yandex_dag.py
[2022-11-05 14:07:37,473] {processor.py:641} INFO - Processing file /opt/airflow/dags/yandex_dag.py for tasks to queue
[2022-11-05 14:07:37,475] {logging_mixin.py:115} INFO - [2022-11-05 14:07:37,474] {dagbag.py:508} INFO - Filling up the DagBag from /opt/airflow/dags/yandex_dag.py
[2022-11-05 14:07:37,616] {logging_mixin.py:115} INFO - [2022-11-05 14:07:37,616] {crypto.py:82} WARNING - empty cryptography key - values will not be stored encrypted.
[2022-11-05 14:07:37,646] {processor.py:651} INFO - DAG(s) dict_keys(['yandex-rates-test']) retrieved from /opt/airflow/dags/yandex_dag.py
[2022-11-05 14:07:37,672] {logging_mixin.py:115} INFO - [2022-11-05 14:07:37,672] {dag.py:2420} INFO - Sync 1 DAGs
[2022-11-05 14:07:37,710] {logging_mixin.py:115} INFO - [2022-11-05 14:07:37,710] {dag.py:2972} INFO - Setting next_dagrun for yandex-rates-test to 2022-11-05T09:00:00+00:00, run_after=2022-11-05T12:00:00+00:00
[2022-11-05 14:07:37,739] {processor.py:161} INFO - Processing /opt/airflow/dags/yandex_dag.py took 0.277 seconds
[2022-11-05 14:07:55,394] {processor.py:153} INFO - Started process (PID=915) to work on /opt/airflow/dags/yandex_dag.py
[2022-11-05 14:07:55,396] {processor.py:641} INFO - Processing file /opt/airflow/dags/yandex_dag.py for tasks to queue
[2022-11-05 14:07:55,398] {logging_mixin.py:115} INFO - [2022-11-05 14:07:55,397] {dagbag.py:508} INFO - Filling up the DagBag from /opt/airflow/dags/yandex_dag.py
[2022-11-05 14:07:55,469] {logging_mixin.py:115} INFO - [2022-11-05 14:07:55,468] {crypto.py:82} WARNING - empty cryptography key - values will not be stored encrypted.
[2022-11-05 14:07:55,491] {processor.py:651} INFO - DAG(s) dict_keys(['yandex-rates-test']) retrieved from /opt/airflow/dags/yandex_dag.py
[2022-11-05 14:07:55,511] {logging_mixin.py:115} INFO - [2022-11-05 14:07:55,511] {dag.py:2420} INFO - Sync 1 DAGs
[2022-11-05 14:07:55,544] {logging_mixin.py:115} INFO - [2022-11-05 14:07:55,544] {dag.py:2972} INFO - Setting next_dagrun for yandex-rates-test to 2022-11-05T09:00:00+00:00, run_after=2022-11-05T12:00:00+00:00
[2022-11-05 14:07:55,580] {processor.py:161} INFO - Processing /opt/airflow/dags/yandex_dag.py took 0.192 seconds
[2022-11-05 14:08:25,763] {processor.py:153} INFO - Started process (PID=968) to work on /opt/airflow/dags/yandex_dag.py
[2022-11-05 14:08:25,765] {processor.py:641} INFO - Processing file /opt/airflow/dags/yandex_dag.py for tasks to queue
[2022-11-05 14:08:25,771] {logging_mixin.py:115} INFO - [2022-11-05 14:08:25,770] {dagbag.py:508} INFO - Filling up the DagBag from /opt/airflow/dags/yandex_dag.py
[2022-11-05 14:08:25,822] {logging_mixin.py:115} INFO - [2022-11-05 14:08:25,822] {crypto.py:82} WARNING - empty cryptography key - values will not be stored encrypted.
[2022-11-05 14:08:25,904] {processor.py:651} INFO - DAG(s) dict_keys(['yandex-rates-test']) retrieved from /opt/airflow/dags/yandex_dag.py
[2022-11-05 14:08:25,961] {logging_mixin.py:115} INFO - [2022-11-05 14:08:25,961] {dag.py:2420} INFO - Sync 1 DAGs
[2022-11-05 14:08:26,051] {logging_mixin.py:115} INFO - [2022-11-05 14:08:26,049] {dag.py:2972} INFO - Setting next_dagrun for yandex-rates-test to 2022-11-05T09:00:00+00:00, run_after=2022-11-05T12:00:00+00:00
[2022-11-05 14:08:26,100] {processor.py:161} INFO - Processing /opt/airflow/dags/yandex_dag.py took 0.361 seconds
[2022-11-05 14:08:56,529] {processor.py:153} INFO - Started process (PID=1023) to work on /opt/airflow/dags/yandex_dag.py
[2022-11-05 14:08:56,548] {processor.py:641} INFO - Processing file /opt/airflow/dags/yandex_dag.py for tasks to queue
[2022-11-05 14:08:56,584] {logging_mixin.py:115} INFO - [2022-11-05 14:08:56,559] {dagbag.py:508} INFO - Filling up the DagBag from /opt/airflow/dags/yandex_dag.py
[2022-11-05 14:08:57,129] {logging_mixin.py:115} INFO - [2022-11-05 14:08:57,129] {crypto.py:82} WARNING - empty cryptography key - values will not be stored encrypted.
[2022-11-05 14:08:57,304] {processor.py:651} INFO - DAG(s) dict_keys(['yandex-rates-test']) retrieved from /opt/airflow/dags/yandex_dag.py
[2022-11-05 14:08:57,479] {logging_mixin.py:115} INFO - [2022-11-05 14:08:57,478] {dag.py:2420} INFO - Sync 1 DAGs
[2022-11-05 14:08:57,613] {logging_mixin.py:115} INFO - [2022-11-05 14:08:57,613] {dag.py:2972} INFO - Setting next_dagrun for yandex-rates-test to 2022-11-05T09:00:00+00:00, run_after=2022-11-05T12:00:00+00:00
[2022-11-05 14:08:57,670] {processor.py:161} INFO - Processing /opt/airflow/dags/yandex_dag.py took 1.178 seconds
[2022-11-05 14:09:27,916] {processor.py:153} INFO - Started process (PID=1076) to work on /opt/airflow/dags/yandex_dag.py
[2022-11-05 14:09:27,927] {processor.py:641} INFO - Processing file /opt/airflow/dags/yandex_dag.py for tasks to queue
[2022-11-05 14:09:27,934] {logging_mixin.py:115} INFO - [2022-11-05 14:09:27,934] {dagbag.py:508} INFO - Filling up the DagBag from /opt/airflow/dags/yandex_dag.py
[2022-11-05 14:09:28,027] {logging_mixin.py:115} INFO - [2022-11-05 14:09:28,027] {crypto.py:82} WARNING - empty cryptography key - values will not be stored encrypted.
[2022-11-05 14:09:28,111] {processor.py:651} INFO - DAG(s) dict_keys(['yandex-rates-test']) retrieved from /opt/airflow/dags/yandex_dag.py
[2022-11-05 14:09:28,157] {logging_mixin.py:115} INFO - [2022-11-05 14:09:28,157] {dag.py:2420} INFO - Sync 1 DAGs
[2022-11-05 14:09:28,255] {logging_mixin.py:115} INFO - [2022-11-05 14:09:28,255] {dag.py:2972} INFO - Setting next_dagrun for yandex-rates-test to 2022-11-05T09:00:00+00:00, run_after=2022-11-05T12:00:00+00:00
[2022-11-05 14:09:28,311] {processor.py:161} INFO - Processing /opt/airflow/dags/yandex_dag.py took 0.406 seconds
[2022-11-05 14:10:09,500] {processor.py:153} INFO - Started process (PID=1130) to work on /opt/airflow/dags/yandex_dag.py
[2022-11-05 14:10:09,527] {processor.py:641} INFO - Processing file /opt/airflow/dags/yandex_dag.py for tasks to queue
[2022-11-05 14:10:09,546] {logging_mixin.py:115} INFO - [2022-11-05 14:10:09,545] {dagbag.py:508} INFO - Filling up the DagBag from /opt/airflow/dags/yandex_dag.py
[2022-11-05 14:10:09,887] {logging_mixin.py:115} INFO - [2022-11-05 14:10:09,887] {crypto.py:82} WARNING - empty cryptography key - values will not be stored encrypted.
[2022-11-05 14:10:10,071] {processor.py:651} INFO - DAG(s) dict_keys(['yandex-rates-test']) retrieved from /opt/airflow/dags/yandex_dag.py
[2022-11-05 14:10:10,465] {logging_mixin.py:115} INFO - [2022-11-05 14:10:10,464] {dag.py:2420} INFO - Sync 1 DAGs
[2022-11-05 14:10:10,765] {logging_mixin.py:115} INFO - [2022-11-05 14:10:10,765] {dag.py:2972} INFO - Setting next_dagrun for yandex-rates-test to 2022-11-05T09:00:00+00:00, run_after=2022-11-05T12:00:00+00:00
[2022-11-05 14:10:12,236] {processor.py:161} INFO - Processing /opt/airflow/dags/yandex_dag.py took 2.817 seconds
[2022-11-05 14:10:42,937] {processor.py:153} INFO - Started process (PID=1186) to work on /opt/airflow/dags/yandex_dag.py
[2022-11-05 14:10:42,950] {processor.py:641} INFO - Processing file /opt/airflow/dags/yandex_dag.py for tasks to queue
[2022-11-05 14:10:42,959] {logging_mixin.py:115} INFO - [2022-11-05 14:10:42,959] {dagbag.py:508} INFO - Filling up the DagBag from /opt/airflow/dags/yandex_dag.py
[2022-11-05 14:10:43,092] {logging_mixin.py:115} INFO - [2022-11-05 14:10:43,091] {crypto.py:82} WARNING - empty cryptography key - values will not be stored encrypted.
[2022-11-05 14:10:43,268] {processor.py:651} INFO - DAG(s) dict_keys(['yandex-rates-test']) retrieved from /opt/airflow/dags/yandex_dag.py
[2022-11-05 14:10:43,375] {logging_mixin.py:115} INFO - [2022-11-05 14:10:43,375] {dag.py:2420} INFO - Sync 1 DAGs
[2022-11-05 14:10:43,507] {logging_mixin.py:115} INFO - [2022-11-05 14:10:43,507] {dag.py:2972} INFO - Setting next_dagrun for yandex-rates-test to 2022-11-05T09:00:00+00:00, run_after=2022-11-05T12:00:00+00:00
[2022-11-05 14:10:43,893] {processor.py:161} INFO - Processing /opt/airflow/dags/yandex_dag.py took 0.960 seconds
[2022-11-05 14:11:14,470] {processor.py:153} INFO - Started process (PID=1241) to work on /opt/airflow/dags/yandex_dag.py
[2022-11-05 14:11:14,472] {processor.py:641} INFO - Processing file /opt/airflow/dags/yandex_dag.py for tasks to queue
[2022-11-05 14:11:14,475] {logging_mixin.py:115} INFO - [2022-11-05 14:11:14,475] {dagbag.py:508} INFO - Filling up the DagBag from /opt/airflow/dags/yandex_dag.py
[2022-11-05 14:11:14,655] {logging_mixin.py:115} INFO - [2022-11-05 14:11:14,655] {crypto.py:82} WARNING - empty cryptography key - values will not be stored encrypted.
[2022-11-05 14:11:14,743] {processor.py:651} INFO - DAG(s) dict_keys(['yandex-rates-test']) retrieved from /opt/airflow/dags/yandex_dag.py
[2022-11-05 14:11:14,832] {logging_mixin.py:115} INFO - [2022-11-05 14:11:14,832] {dag.py:2420} INFO - Sync 1 DAGs
[2022-11-05 14:11:14,974] {logging_mixin.py:115} INFO - [2022-11-05 14:11:14,974] {dag.py:2972} INFO - Setting next_dagrun for yandex-rates-test to 2022-11-05T09:00:00+00:00, run_after=2022-11-05T12:00:00+00:00
[2022-11-05 14:11:15,288] {processor.py:161} INFO - Processing /opt/airflow/dags/yandex_dag.py took 0.829 seconds
[2022-11-05 14:11:45,527] {processor.py:153} INFO - Started process (PID=1296) to work on /opt/airflow/dags/yandex_dag.py
[2022-11-05 14:11:45,529] {processor.py:641} INFO - Processing file /opt/airflow/dags/yandex_dag.py for tasks to queue
[2022-11-05 14:11:45,531] {logging_mixin.py:115} INFO - [2022-11-05 14:11:45,531] {dagbag.py:508} INFO - Filling up the DagBag from /opt/airflow/dags/yandex_dag.py
[2022-11-05 14:11:45,587] {logging_mixin.py:115} INFO - [2022-11-05 14:11:45,587] {crypto.py:82} WARNING - empty cryptography key - values will not be stored encrypted.
[2022-11-05 14:11:45,609] {processor.py:651} INFO - DAG(s) dict_keys(['yandex-rates-test']) retrieved from /opt/airflow/dags/yandex_dag.py
[2022-11-05 14:11:45,634] {logging_mixin.py:115} INFO - [2022-11-05 14:11:45,634] {dag.py:2420} INFO - Sync 1 DAGs
[2022-11-05 14:11:45,694] {logging_mixin.py:115} INFO - [2022-11-05 14:11:45,694] {dag.py:2972} INFO - Setting next_dagrun for yandex-rates-test to 2022-11-05T09:00:00+00:00, run_after=2022-11-05T12:00:00+00:00
[2022-11-05 14:11:45,854] {processor.py:161} INFO - Processing /opt/airflow/dags/yandex_dag.py took 0.333 seconds
[2022-11-05 14:12:16,301] {processor.py:153} INFO - Started process (PID=1361) to work on /opt/airflow/dags/yandex_dag.py
[2022-11-05 14:12:16,306] {processor.py:641} INFO - Processing file /opt/airflow/dags/yandex_dag.py for tasks to queue
[2022-11-05 14:12:16,312] {logging_mixin.py:115} INFO - [2022-11-05 14:12:16,312] {dagbag.py:508} INFO - Filling up the DagBag from /opt/airflow/dags/yandex_dag.py
[2022-11-05 14:12:16,390] {logging_mixin.py:115} INFO - [2022-11-05 14:12:16,389] {crypto.py:82} WARNING - empty cryptography key - values will not be stored encrypted.
[2022-11-05 14:12:16,422] {processor.py:651} INFO - DAG(s) dict_keys(['yandex-rates-test']) retrieved from /opt/airflow/dags/yandex_dag.py
[2022-11-05 14:12:16,459] {logging_mixin.py:115} INFO - [2022-11-05 14:12:16,458] {dag.py:2420} INFO - Sync 1 DAGs
[2022-11-05 14:12:16,549] {logging_mixin.py:115} INFO - [2022-11-05 14:12:16,549] {dag.py:2972} INFO - Setting next_dagrun for yandex-rates-test to 2022-11-05T09:00:00+00:00, run_after=2022-11-05T12:00:00+00:00
[2022-11-05 14:12:16,881] {processor.py:161} INFO - Processing /opt/airflow/dags/yandex_dag.py took 0.588 seconds
[2022-11-05 14:12:54,516] {processor.py:153} INFO - Started process (PID=1411) to work on /opt/airflow/dags/yandex_dag.py
[2022-11-05 14:12:54,542] {processor.py:641} INFO - Processing file /opt/airflow/dags/yandex_dag.py for tasks to queue
[2022-11-05 14:12:54,546] {logging_mixin.py:115} INFO - [2022-11-05 14:12:54,545] {dagbag.py:508} INFO - Filling up the DagBag from /opt/airflow/dags/yandex_dag.py
[2022-11-05 14:12:54,767] {logging_mixin.py:115} INFO - [2022-11-05 14:12:54,767] {crypto.py:82} WARNING - empty cryptography key - values will not be stored encrypted.
[2022-11-05 14:12:54,876] {processor.py:651} INFO - DAG(s) dict_keys(['yandex-rates-test']) retrieved from /opt/airflow/dags/yandex_dag.py
[2022-11-05 14:12:55,029] {logging_mixin.py:115} INFO - [2022-11-05 14:12:55,029] {dag.py:2420} INFO - Sync 1 DAGs
[2022-11-05 14:12:55,332] {logging_mixin.py:115} INFO - [2022-11-05 14:12:55,332] {dag.py:2972} INFO - Setting next_dagrun for yandex-rates-test to 2022-11-05T09:00:00+00:00, run_after=2022-11-05T12:00:00+00:00
[2022-11-05 14:12:56,402] {processor.py:161} INFO - Processing /opt/airflow/dags/yandex_dag.py took 1.915 seconds
[2022-11-05 14:13:26,780] {processor.py:153} INFO - Started process (PID=1467) to work on /opt/airflow/dags/yandex_dag.py
[2022-11-05 14:13:26,783] {processor.py:641} INFO - Processing file /opt/airflow/dags/yandex_dag.py for tasks to queue
[2022-11-05 14:13:26,793] {logging_mixin.py:115} INFO - [2022-11-05 14:13:26,793] {dagbag.py:508} INFO - Filling up the DagBag from /opt/airflow/dags/yandex_dag.py
[2022-11-05 14:13:27,067] {logging_mixin.py:115} INFO - [2022-11-05 14:13:27,067] {crypto.py:82} WARNING - empty cryptography key - values will not be stored encrypted.
[2022-11-05 14:13:27,360] {processor.py:651} INFO - DAG(s) dict_keys(['yandex-rates-test']) retrieved from /opt/airflow/dags/yandex_dag.py
[2022-11-05 14:13:27,560] {logging_mixin.py:115} INFO - [2022-11-05 14:13:27,560] {dag.py:2420} INFO - Sync 1 DAGs
[2022-11-05 14:13:27,616] {logging_mixin.py:115} INFO - [2022-11-05 14:13:27,615] {dag.py:2972} INFO - Setting next_dagrun for yandex-rates-test to 2022-11-05T09:00:00+00:00, run_after=2022-11-05T12:00:00+00:00
[2022-11-05 14:13:28,046] {processor.py:161} INFO - Processing /opt/airflow/dags/yandex_dag.py took 1.277 seconds
[2022-11-05 14:13:58,305] {processor.py:153} INFO - Started process (PID=1540) to work on /opt/airflow/dags/yandex_dag.py
[2022-11-05 14:13:58,308] {processor.py:641} INFO - Processing file /opt/airflow/dags/yandex_dag.py for tasks to queue
[2022-11-05 14:13:58,310] {logging_mixin.py:115} INFO - [2022-11-05 14:13:58,309] {dagbag.py:508} INFO - Filling up the DagBag from /opt/airflow/dags/yandex_dag.py
[2022-11-05 14:13:58,399] {logging_mixin.py:115} INFO - [2022-11-05 14:13:58,399] {crypto.py:82} WARNING - empty cryptography key - values will not be stored encrypted.
[2022-11-05 14:13:58,442] {processor.py:651} INFO - DAG(s) dict_keys(['yandex-rates-test']) retrieved from /opt/airflow/dags/yandex_dag.py
[2022-11-05 14:13:58,484] {logging_mixin.py:115} INFO - [2022-11-05 14:13:58,484] {dag.py:2420} INFO - Sync 1 DAGs
[2022-11-05 14:13:58,658] {logging_mixin.py:115} INFO - [2022-11-05 14:13:58,657] {dag.py:2972} INFO - Setting next_dagrun for yandex-rates-test to 2022-11-05T09:00:00+00:00, run_after=2022-11-05T12:00:00+00:00
[2022-11-05 14:13:59,398] {processor.py:161} INFO - Processing /opt/airflow/dags/yandex_dag.py took 1.107 seconds
[2022-11-05 14:14:30,347] {processor.py:153} INFO - Started process (PID=1596) to work on /opt/airflow/dags/yandex_dag.py
[2022-11-05 14:14:30,348] {processor.py:641} INFO - Processing file /opt/airflow/dags/yandex_dag.py for tasks to queue
[2022-11-05 14:14:30,350] {logging_mixin.py:115} INFO - [2022-11-05 14:14:30,350] {dagbag.py:508} INFO - Filling up the DagBag from /opt/airflow/dags/yandex_dag.py
[2022-11-05 14:14:30,404] {logging_mixin.py:115} INFO - [2022-11-05 14:14:30,404] {crypto.py:82} WARNING - empty cryptography key - values will not be stored encrypted.
[2022-11-05 14:14:30,435] {processor.py:651} INFO - DAG(s) dict_keys(['yandex-rates-test']) retrieved from /opt/airflow/dags/yandex_dag.py
[2022-11-05 14:14:30,464] {logging_mixin.py:115} INFO - [2022-11-05 14:14:30,464] {dag.py:2420} INFO - Sync 1 DAGs
[2022-11-05 14:14:30,507] {logging_mixin.py:115} INFO - [2022-11-05 14:14:30,507] {dag.py:2972} INFO - Setting next_dagrun for yandex-rates-test to 2022-11-05T09:00:00+00:00, run_after=2022-11-05T12:00:00+00:00
[2022-11-05 14:14:30,986] {processor.py:161} INFO - Processing /opt/airflow/dags/yandex_dag.py took 0.647 seconds
[2022-11-05 14:15:08,120] {processor.py:153} INFO - Started process (PID=1641) to work on /opt/airflow/dags/yandex_dag.py
[2022-11-05 14:15:08,128] {processor.py:641} INFO - Processing file /opt/airflow/dags/yandex_dag.py for tasks to queue
[2022-11-05 14:15:08,146] {logging_mixin.py:115} INFO - [2022-11-05 14:15:08,144] {dagbag.py:508} INFO - Filling up the DagBag from /opt/airflow/dags/yandex_dag.py
[2022-11-05 14:15:08,276] {logging_mixin.py:115} INFO - [2022-11-05 14:15:08,272] {crypto.py:82} WARNING - empty cryptography key - values will not be stored encrypted.
[2022-11-05 14:15:08,324] {processor.py:651} INFO - DAG(s) dict_keys(['yandex-rates-test']) retrieved from /opt/airflow/dags/yandex_dag.py
[2022-11-05 14:15:08,368] {logging_mixin.py:115} INFO - [2022-11-05 14:15:08,368] {dag.py:2420} INFO - Sync 1 DAGs
[2022-11-05 14:15:08,473] {logging_mixin.py:115} INFO - [2022-11-05 14:15:08,473] {dag.py:2972} INFO - Setting next_dagrun for yandex-rates-test to 2022-11-05T09:00:00+00:00, run_after=2022-11-05T12:00:00+00:00
[2022-11-05 14:15:09,273] {processor.py:161} INFO - Processing /opt/airflow/dags/yandex_dag.py took 1.167 seconds
[2022-11-05 14:15:39,713] {processor.py:153} INFO - Started process (PID=1697) to work on /opt/airflow/dags/yandex_dag.py
[2022-11-05 14:15:39,715] {processor.py:641} INFO - Processing file /opt/airflow/dags/yandex_dag.py for tasks to queue
[2022-11-05 14:15:39,717] {logging_mixin.py:115} INFO - [2022-11-05 14:15:39,717] {dagbag.py:508} INFO - Filling up the DagBag from /opt/airflow/dags/yandex_dag.py
[2022-11-05 14:15:39,778] {logging_mixin.py:115} INFO - [2022-11-05 14:15:39,778] {crypto.py:82} WARNING - empty cryptography key - values will not be stored encrypted.
[2022-11-05 14:15:39,810] {processor.py:651} INFO - DAG(s) dict_keys(['yandex-rates-test']) retrieved from /opt/airflow/dags/yandex_dag.py
[2022-11-05 14:15:39,841] {logging_mixin.py:115} INFO - [2022-11-05 14:15:39,841] {dag.py:2420} INFO - Sync 1 DAGs
[2022-11-05 14:15:39,893] {logging_mixin.py:115} INFO - [2022-11-05 14:15:39,893] {dag.py:2972} INFO - Setting next_dagrun for yandex-rates-test to 2022-11-05T09:00:00+00:00, run_after=2022-11-05T12:00:00+00:00
[2022-11-05 14:15:40,064] {processor.py:161} INFO - Processing /opt/airflow/dags/yandex_dag.py took 0.359 seconds
[2022-11-05 14:16:10,176] {processor.py:153} INFO - Started process (PID=1751) to work on /opt/airflow/dags/yandex_dag.py
[2022-11-05 14:16:10,178] {processor.py:641} INFO - Processing file /opt/airflow/dags/yandex_dag.py for tasks to queue
[2022-11-05 14:16:10,182] {logging_mixin.py:115} INFO - [2022-11-05 14:16:10,182] {dagbag.py:508} INFO - Filling up the DagBag from /opt/airflow/dags/yandex_dag.py
[2022-11-05 14:16:10,243] {logging_mixin.py:115} INFO - [2022-11-05 14:16:10,242] {crypto.py:82} WARNING - empty cryptography key - values will not be stored encrypted.
[2022-11-05 14:16:10,272] {processor.py:651} INFO - DAG(s) dict_keys(['yandex-rates-test']) retrieved from /opt/airflow/dags/yandex_dag.py
[2022-11-05 14:16:10,303] {logging_mixin.py:115} INFO - [2022-11-05 14:16:10,301] {dag.py:2420} INFO - Sync 1 DAGs
[2022-11-05 14:16:10,417] {logging_mixin.py:115} INFO - [2022-11-05 14:16:10,417] {dag.py:2972} INFO - Setting next_dagrun for yandex-rates-test to 2022-11-05T09:00:00+00:00, run_after=2022-11-05T12:00:00+00:00
[2022-11-05 14:16:10,734] {processor.py:161} INFO - Processing /opt/airflow/dags/yandex_dag.py took 0.567 seconds
[2022-11-05 14:16:41,068] {processor.py:153} INFO - Started process (PID=1807) to work on /opt/airflow/dags/yandex_dag.py
[2022-11-05 14:16:41,070] {processor.py:641} INFO - Processing file /opt/airflow/dags/yandex_dag.py for tasks to queue
[2022-11-05 14:16:41,072] {logging_mixin.py:115} INFO - [2022-11-05 14:16:41,072] {dagbag.py:508} INFO - Filling up the DagBag from /opt/airflow/dags/yandex_dag.py
[2022-11-05 14:16:41,319] {logging_mixin.py:115} INFO - [2022-11-05 14:16:41,319] {crypto.py:82} WARNING - empty cryptography key - values will not be stored encrypted.
[2022-11-05 14:16:41,455] {processor.py:651} INFO - DAG(s) dict_keys(['yandex-rates-test']) retrieved from /opt/airflow/dags/yandex_dag.py
[2022-11-05 14:16:41,544] {logging_mixin.py:115} INFO - [2022-11-05 14:16:41,544] {dag.py:2420} INFO - Sync 1 DAGs
[2022-11-05 14:16:41,805] {logging_mixin.py:115} INFO - [2022-11-05 14:16:41,805] {dag.py:2972} INFO - Setting next_dagrun for yandex-rates-test to 2022-11-05T09:00:00+00:00, run_after=2022-11-05T12:00:00+00:00
[2022-11-05 14:16:42,784] {processor.py:161} INFO - Processing /opt/airflow/dags/yandex_dag.py took 1.723 seconds
[2022-11-05 14:17:13,121] {processor.py:153} INFO - Started process (PID=1863) to work on /opt/airflow/dags/yandex_dag.py
[2022-11-05 14:17:13,122] {processor.py:641} INFO - Processing file /opt/airflow/dags/yandex_dag.py for tasks to queue
[2022-11-05 14:17:13,124] {logging_mixin.py:115} INFO - [2022-11-05 14:17:13,124] {dagbag.py:508} INFO - Filling up the DagBag from /opt/airflow/dags/yandex_dag.py
[2022-11-05 14:17:13,166] {logging_mixin.py:115} INFO - [2022-11-05 14:17:13,166] {crypto.py:82} WARNING - empty cryptography key - values will not be stored encrypted.
[2022-11-05 14:17:13,193] {processor.py:651} INFO - DAG(s) dict_keys(['yandex-rates-test']) retrieved from /opt/airflow/dags/yandex_dag.py
[2022-11-05 14:17:13,216] {logging_mixin.py:115} INFO - [2022-11-05 14:17:13,216] {dag.py:2420} INFO - Sync 1 DAGs
[2022-11-05 14:17:13,250] {logging_mixin.py:115} INFO - [2022-11-05 14:17:13,249] {dag.py:2972} INFO - Setting next_dagrun for yandex-rates-test to 2022-11-05T09:00:00+00:00, run_after=2022-11-05T12:00:00+00:00
[2022-11-05 14:17:13,419] {processor.py:161} INFO - Processing /opt/airflow/dags/yandex_dag.py took 0.303 seconds
[2022-11-05 14:17:43,856] {processor.py:153} INFO - Started process (PID=1916) to work on /opt/airflow/dags/yandex_dag.py
[2022-11-05 14:17:43,858] {processor.py:641} INFO - Processing file /opt/airflow/dags/yandex_dag.py for tasks to queue
[2022-11-05 14:17:43,861] {logging_mixin.py:115} INFO - [2022-11-05 14:17:43,861] {dagbag.py:508} INFO - Filling up the DagBag from /opt/airflow/dags/yandex_dag.py
[2022-11-05 14:17:44,022] {logging_mixin.py:115} INFO - [2022-11-05 14:17:44,022] {crypto.py:82} WARNING - empty cryptography key - values will not be stored encrypted.
[2022-11-05 14:17:44,118] {processor.py:651} INFO - DAG(s) dict_keys(['yandex-rates-test']) retrieved from /opt/airflow/dags/yandex_dag.py
[2022-11-05 14:17:44,186] {logging_mixin.py:115} INFO - [2022-11-05 14:17:44,186] {dag.py:2420} INFO - Sync 1 DAGs
[2022-11-05 14:17:44,230] {logging_mixin.py:115} INFO - [2022-11-05 14:17:44,230] {dag.py:2972} INFO - Setting next_dagrun for yandex-rates-test to 2022-11-05T09:00:00+00:00, run_after=2022-11-05T12:00:00+00:00
[2022-11-05 14:17:44,870] {processor.py:161} INFO - Processing /opt/airflow/dags/yandex_dag.py took 1.021 seconds
[2022-11-05 14:18:14,979] {processor.py:153} INFO - Started process (PID=1975) to work on /opt/airflow/dags/yandex_dag.py
[2022-11-05 14:18:14,988] {processor.py:641} INFO - Processing file /opt/airflow/dags/yandex_dag.py for tasks to queue
[2022-11-05 14:18:14,991] {logging_mixin.py:115} INFO - [2022-11-05 14:18:14,991] {dagbag.py:508} INFO - Filling up the DagBag from /opt/airflow/dags/yandex_dag.py
[2022-11-05 14:18:15,069] {logging_mixin.py:115} INFO - [2022-11-05 14:18:15,069] {crypto.py:82} WARNING - empty cryptography key - values will not be stored encrypted.
[2022-11-05 14:18:15,099] {processor.py:651} INFO - DAG(s) dict_keys(['yandex-rates-test']) retrieved from /opt/airflow/dags/yandex_dag.py
[2022-11-05 14:18:15,127] {logging_mixin.py:115} INFO - [2022-11-05 14:18:15,127] {dag.py:2420} INFO - Sync 1 DAGs
[2022-11-05 14:18:15,174] {logging_mixin.py:115} INFO - [2022-11-05 14:18:15,174] {dag.py:2972} INFO - Setting next_dagrun for yandex-rates-test to 2022-11-05T09:00:00+00:00, run_after=2022-11-05T12:00:00+00:00
[2022-11-05 14:18:15,381] {processor.py:161} INFO - Processing /opt/airflow/dags/yandex_dag.py took 0.411 seconds
[2022-11-05 14:18:45,913] {processor.py:153} INFO - Started process (PID=2040) to work on /opt/airflow/dags/yandex_dag.py
[2022-11-05 14:18:45,914] {processor.py:641} INFO - Processing file /opt/airflow/dags/yandex_dag.py for tasks to queue
[2022-11-05 14:18:45,916] {logging_mixin.py:115} INFO - [2022-11-05 14:18:45,916] {dagbag.py:508} INFO - Filling up the DagBag from /opt/airflow/dags/yandex_dag.py
[2022-11-05 14:18:46,000] {logging_mixin.py:115} INFO - [2022-11-05 14:18:46,000] {crypto.py:82} WARNING - empty cryptography key - values will not be stored encrypted.
[2022-11-05 14:18:46,051] {processor.py:651} INFO - DAG(s) dict_keys(['yandex-rates-test']) retrieved from /opt/airflow/dags/yandex_dag.py
[2022-11-05 14:18:46,114] {logging_mixin.py:115} INFO - [2022-11-05 14:18:46,114] {dag.py:2420} INFO - Sync 1 DAGs
[2022-11-05 14:18:46,233] {logging_mixin.py:115} INFO - [2022-11-05 14:18:46,227] {dag.py:2972} INFO - Setting next_dagrun for yandex-rates-test to 2022-11-05T09:00:00+00:00, run_after=2022-11-05T12:00:00+00:00
[2022-11-05 14:18:46,616] {processor.py:161} INFO - Processing /opt/airflow/dags/yandex_dag.py took 0.718 seconds
[2022-11-05 14:19:17,198] {processor.py:153} INFO - Started process (PID=2098) to work on /opt/airflow/dags/yandex_dag.py
[2022-11-05 14:19:17,205] {processor.py:641} INFO - Processing file /opt/airflow/dags/yandex_dag.py for tasks to queue
[2022-11-05 14:19:17,207] {logging_mixin.py:115} INFO - [2022-11-05 14:19:17,207] {dagbag.py:508} INFO - Filling up the DagBag from /opt/airflow/dags/yandex_dag.py
[2022-11-05 14:19:17,257] {logging_mixin.py:115} INFO - [2022-11-05 14:19:17,257] {crypto.py:82} WARNING - empty cryptography key - values will not be stored encrypted.
[2022-11-05 14:19:17,288] {processor.py:651} INFO - DAG(s) dict_keys(['yandex-rates-test']) retrieved from /opt/airflow/dags/yandex_dag.py
[2022-11-05 14:19:17,313] {logging_mixin.py:115} INFO - [2022-11-05 14:19:17,313] {dag.py:2420} INFO - Sync 1 DAGs
[2022-11-05 14:19:17,362] {logging_mixin.py:115} INFO - [2022-11-05 14:19:17,362] {dag.py:2972} INFO - Setting next_dagrun for yandex-rates-test to 2022-11-05T09:00:00+00:00, run_after=2022-11-05T12:00:00+00:00
[2022-11-05 14:19:17,555] {processor.py:161} INFO - Processing /opt/airflow/dags/yandex_dag.py took 0.364 seconds
[2022-11-05 14:19:47,753] {processor.py:153} INFO - Started process (PID=2157) to work on /opt/airflow/dags/yandex_dag.py
[2022-11-05 14:19:47,757] {processor.py:641} INFO - Processing file /opt/airflow/dags/yandex_dag.py for tasks to queue
[2022-11-05 14:19:47,759] {logging_mixin.py:115} INFO - [2022-11-05 14:19:47,759] {dagbag.py:508} INFO - Filling up the DagBag from /opt/airflow/dags/yandex_dag.py
[2022-11-05 14:19:47,842] {logging_mixin.py:115} INFO - [2022-11-05 14:19:47,841] {crypto.py:82} WARNING - empty cryptography key - values will not be stored encrypted.
[2022-11-05 14:19:47,991] {processor.py:651} INFO - DAG(s) dict_keys(['yandex-rates-test']) retrieved from /opt/airflow/dags/yandex_dag.py
[2022-11-05 14:19:48,046] {logging_mixin.py:115} INFO - [2022-11-05 14:19:48,045] {dag.py:2420} INFO - Sync 1 DAGs
[2022-11-05 14:19:48,290] {logging_mixin.py:115} INFO - [2022-11-05 14:19:48,290] {dag.py:2972} INFO - Setting next_dagrun for yandex-rates-test to 2022-11-05T09:00:00+00:00, run_after=2022-11-05T12:00:00+00:00
[2022-11-05 14:19:48,315] {processor.py:161} INFO - Processing /opt/airflow/dags/yandex_dag.py took 0.580 seconds
[2022-11-05 14:20:19,105] {processor.py:153} INFO - Started process (PID=2221) to work on /opt/airflow/dags/yandex_dag.py
[2022-11-05 14:20:19,107] {processor.py:641} INFO - Processing file /opt/airflow/dags/yandex_dag.py for tasks to queue
[2022-11-05 14:20:19,114] {logging_mixin.py:115} INFO - [2022-11-05 14:20:19,113] {dagbag.py:508} INFO - Filling up the DagBag from /opt/airflow/dags/yandex_dag.py
[2022-11-05 14:20:19,166] {logging_mixin.py:115} INFO - [2022-11-05 14:20:19,166] {crypto.py:82} WARNING - empty cryptography key - values will not be stored encrypted.
[2022-11-05 14:20:19,195] {processor.py:651} INFO - DAG(s) dict_keys(['yandex-rates-test']) retrieved from /opt/airflow/dags/yandex_dag.py
[2022-11-05 14:20:19,232] {logging_mixin.py:115} INFO - [2022-11-05 14:20:19,232] {dag.py:2420} INFO - Sync 1 DAGs
[2022-11-05 14:20:19,537] {logging_mixin.py:115} INFO - [2022-11-05 14:20:19,536] {dag.py:2972} INFO - Setting next_dagrun for yandex-rates-test to 2022-11-05T09:00:00+00:00, run_after=2022-11-05T12:00:00+00:00
[2022-11-05 14:20:19,552] {processor.py:161} INFO - Processing /opt/airflow/dags/yandex_dag.py took 0.455 seconds
[2022-11-05 14:20:50,062] {processor.py:153} INFO - Started process (PID=2275) to work on /opt/airflow/dags/yandex_dag.py
[2022-11-05 14:20:50,077] {processor.py:641} INFO - Processing file /opt/airflow/dags/yandex_dag.py for tasks to queue
[2022-11-05 14:20:50,102] {logging_mixin.py:115} INFO - [2022-11-05 14:20:50,102] {dagbag.py:508} INFO - Filling up the DagBag from /opt/airflow/dags/yandex_dag.py
[2022-11-05 14:20:50,270] {logging_mixin.py:115} INFO - [2022-11-05 14:20:50,269] {crypto.py:82} WARNING - empty cryptography key - values will not be stored encrypted.
[2022-11-05 14:20:50,440] {processor.py:651} INFO - DAG(s) dict_keys(['yandex-rates-test']) retrieved from /opt/airflow/dags/yandex_dag.py
[2022-11-05 14:20:50,612] {logging_mixin.py:115} INFO - [2022-11-05 14:20:50,611] {dag.py:2420} INFO - Sync 1 DAGs
[2022-11-05 14:20:51,696] {logging_mixin.py:115} INFO - [2022-11-05 14:20:51,696] {dag.py:2972} INFO - Setting next_dagrun for yandex-rates-test to 2022-11-05T09:00:00+00:00, run_after=2022-11-05T12:00:00+00:00
[2022-11-05 14:20:51,756] {processor.py:161} INFO - Processing /opt/airflow/dags/yandex_dag.py took 1.717 seconds
[2022-11-05 14:21:04,170] {processor.py:153} INFO - Started process (PID=2283) to work on /opt/airflow/dags/yandex_dag.py
[2022-11-05 14:21:04,208] {processor.py:641} INFO - Processing file /opt/airflow/dags/yandex_dag.py for tasks to queue
[2022-11-05 14:21:04,241] {logging_mixin.py:115} INFO - [2022-11-05 14:21:04,241] {dagbag.py:508} INFO - Filling up the DagBag from /opt/airflow/dags/yandex_dag.py
[2022-11-05 14:21:05,143] {logging_mixin.py:115} INFO - [2022-11-05 14:21:05,143] {crypto.py:82} WARNING - empty cryptography key - values will not be stored encrypted.
[2022-11-05 14:21:05,550] {processor.py:651} INFO - DAG(s) dict_keys(['yandex-rates-test']) retrieved from /opt/airflow/dags/yandex_dag.py
[2022-11-05 14:21:05,910] {logging_mixin.py:115} INFO - [2022-11-05 14:21:05,910] {dag.py:2420} INFO - Sync 1 DAGs
[2022-11-05 14:21:07,565] {logging_mixin.py:115} INFO - [2022-11-05 14:21:07,565] {dag.py:2972} INFO - Setting next_dagrun for yandex-rates-test to 2022-11-05T09:00:00+00:00, run_after=2022-11-05T12:00:00+00:00
[2022-11-05 14:21:07,636] {processor.py:161} INFO - Processing /opt/airflow/dags/yandex_dag.py took 3.539 seconds
[2022-11-05 14:21:38,600] {processor.py:153} INFO - Started process (PID=2349) to work on /opt/airflow/dags/yandex_dag.py
[2022-11-05 14:21:38,601] {processor.py:641} INFO - Processing file /opt/airflow/dags/yandex_dag.py for tasks to queue
[2022-11-05 14:21:38,603] {logging_mixin.py:115} INFO - [2022-11-05 14:21:38,603] {dagbag.py:508} INFO - Filling up the DagBag from /opt/airflow/dags/yandex_dag.py
[2022-11-05 14:21:38,655] {logging_mixin.py:115} INFO - [2022-11-05 14:21:38,654] {crypto.py:82} WARNING - empty cryptography key - values will not be stored encrypted.
[2022-11-05 14:21:38,680] {processor.py:651} INFO - DAG(s) dict_keys(['yandex-rates-test']) retrieved from /opt/airflow/dags/yandex_dag.py
[2022-11-05 14:21:38,703] {logging_mixin.py:115} INFO - [2022-11-05 14:21:38,702] {dag.py:2420} INFO - Sync 1 DAGs
[2022-11-05 14:21:38,905] {logging_mixin.py:115} INFO - [2022-11-05 14:21:38,905] {dag.py:2972} INFO - Setting next_dagrun for yandex-rates-test to 2022-11-05T09:00:00+00:00, run_after=2022-11-05T12:00:00+00:00
[2022-11-05 14:21:38,929] {processor.py:161} INFO - Processing /opt/airflow/dags/yandex_dag.py took 0.336 seconds
[2022-11-05 14:22:09,009] {processor.py:153} INFO - Started process (PID=2403) to work on /opt/airflow/dags/yandex_dag.py
[2022-11-05 14:22:09,010] {processor.py:641} INFO - Processing file /opt/airflow/dags/yandex_dag.py for tasks to queue
[2022-11-05 14:22:09,012] {logging_mixin.py:115} INFO - [2022-11-05 14:22:09,012] {dagbag.py:508} INFO - Filling up the DagBag from /opt/airflow/dags/yandex_dag.py
[2022-11-05 14:22:09,069] {logging_mixin.py:115} INFO - [2022-11-05 14:22:09,068] {crypto.py:82} WARNING - empty cryptography key - values will not be stored encrypted.
[2022-11-05 14:22:09,096] {processor.py:651} INFO - DAG(s) dict_keys(['yandex-rates-test']) retrieved from /opt/airflow/dags/yandex_dag.py
[2022-11-05 14:22:09,117] {logging_mixin.py:115} INFO - [2022-11-05 14:22:09,117] {dag.py:2420} INFO - Sync 1 DAGs
[2022-11-05 14:22:09,311] {logging_mixin.py:115} INFO - [2022-11-05 14:22:09,311] {dag.py:2972} INFO - Setting next_dagrun for yandex-rates-test to 2022-11-05T09:00:00+00:00, run_after=2022-11-05T12:00:00+00:00
[2022-11-05 14:22:09,332] {processor.py:161} INFO - Processing /opt/airflow/dags/yandex_dag.py took 0.329 seconds
[2022-11-05 14:22:40,259] {processor.py:153} INFO - Started process (PID=2466) to work on /opt/airflow/dags/yandex_dag.py
[2022-11-05 14:22:40,261] {processor.py:641} INFO - Processing file /opt/airflow/dags/yandex_dag.py for tasks to queue
[2022-11-05 14:22:40,263] {logging_mixin.py:115} INFO - [2022-11-05 14:22:40,263] {dagbag.py:508} INFO - Filling up the DagBag from /opt/airflow/dags/yandex_dag.py
[2022-11-05 14:22:40,319] {logging_mixin.py:115} INFO - [2022-11-05 14:22:40,319] {crypto.py:82} WARNING - empty cryptography key - values will not be stored encrypted.
[2022-11-05 14:22:40,361] {processor.py:651} INFO - DAG(s) dict_keys(['yandex-rates-test']) retrieved from /opt/airflow/dags/yandex_dag.py
[2022-11-05 14:22:40,402] {logging_mixin.py:115} INFO - [2022-11-05 14:22:40,401] {dag.py:2420} INFO - Sync 1 DAGs
[2022-11-05 14:22:40,640] {logging_mixin.py:115} INFO - [2022-11-05 14:22:40,640] {dag.py:2972} INFO - Setting next_dagrun for yandex-rates-test to 2022-11-05T09:00:00+00:00, run_after=2022-11-05T12:00:00+00:00
[2022-11-05 14:22:40,665] {processor.py:161} INFO - Processing /opt/airflow/dags/yandex_dag.py took 0.414 seconds
[2022-11-05 14:23:11,049] {processor.py:153} INFO - Started process (PID=2520) to work on /opt/airflow/dags/yandex_dag.py
[2022-11-05 14:23:11,051] {processor.py:641} INFO - Processing file /opt/airflow/dags/yandex_dag.py for tasks to queue
[2022-11-05 14:23:11,053] {logging_mixin.py:115} INFO - [2022-11-05 14:23:11,053] {dagbag.py:508} INFO - Filling up the DagBag from /opt/airflow/dags/yandex_dag.py
[2022-11-05 14:23:11,110] {logging_mixin.py:115} INFO - [2022-11-05 14:23:11,110] {crypto.py:82} WARNING - empty cryptography key - values will not be stored encrypted.
[2022-11-05 14:23:11,139] {processor.py:651} INFO - DAG(s) dict_keys(['yandex-rates-test']) retrieved from /opt/airflow/dags/yandex_dag.py
[2022-11-05 14:23:11,171] {logging_mixin.py:115} INFO - [2022-11-05 14:23:11,171] {dag.py:2420} INFO - Sync 1 DAGs
[2022-11-05 14:23:11,407] {logging_mixin.py:115} INFO - [2022-11-05 14:23:11,407] {dag.py:2972} INFO - Setting next_dagrun for yandex-rates-test to 2022-11-05T09:00:00+00:00, run_after=2022-11-05T12:00:00+00:00
[2022-11-05 14:23:11,426] {processor.py:161} INFO - Processing /opt/airflow/dags/yandex_dag.py took 0.384 seconds
[2022-11-05 14:23:41,937] {processor.py:153} INFO - Started process (PID=2584) to work on /opt/airflow/dags/yandex_dag.py
[2022-11-05 14:23:41,943] {processor.py:641} INFO - Processing file /opt/airflow/dags/yandex_dag.py for tasks to queue
[2022-11-05 14:23:41,948] {logging_mixin.py:115} INFO - [2022-11-05 14:23:41,948] {dagbag.py:508} INFO - Filling up the DagBag from /opt/airflow/dags/yandex_dag.py
[2022-11-05 14:23:42,134] {logging_mixin.py:115} INFO - [2022-11-05 14:23:42,134] {crypto.py:82} WARNING - empty cryptography key - values will not be stored encrypted.
[2022-11-05 14:23:42,173] {processor.py:651} INFO - DAG(s) dict_keys(['yandex-rates-test']) retrieved from /opt/airflow/dags/yandex_dag.py
[2022-11-05 14:23:42,206] {logging_mixin.py:115} INFO - [2022-11-05 14:23:42,206] {dag.py:2420} INFO - Sync 1 DAGs
[2022-11-05 14:23:42,572] {logging_mixin.py:115} INFO - [2022-11-05 14:23:42,569] {dag.py:2972} INFO - Setting next_dagrun for yandex-rates-test to 2022-11-05T09:00:00+00:00, run_after=2022-11-05T12:00:00+00:00
[2022-11-05 14:23:42,614] {processor.py:161} INFO - Processing /opt/airflow/dags/yandex_dag.py took 0.685 seconds
[2022-11-05 14:24:13,288] {processor.py:153} INFO - Started process (PID=2652) to work on /opt/airflow/dags/yandex_dag.py
[2022-11-05 14:24:13,293] {processor.py:641} INFO - Processing file /opt/airflow/dags/yandex_dag.py for tasks to queue
[2022-11-05 14:24:13,297] {logging_mixin.py:115} INFO - [2022-11-05 14:24:13,297] {dagbag.py:508} INFO - Filling up the DagBag from /opt/airflow/dags/yandex_dag.py
[2022-11-05 14:24:13,403] {logging_mixin.py:115} INFO - [2022-11-05 14:24:13,403] {crypto.py:82} WARNING - empty cryptography key - values will not be stored encrypted.
[2022-11-05 14:24:13,459] {processor.py:651} INFO - DAG(s) dict_keys(['yandex-rates-test']) retrieved from /opt/airflow/dags/yandex_dag.py
[2022-11-05 14:24:13,529] {logging_mixin.py:115} INFO - [2022-11-05 14:24:13,529] {dag.py:2420} INFO - Sync 1 DAGs
[2022-11-05 14:24:13,884] {logging_mixin.py:115} INFO - [2022-11-05 14:24:13,884] {dag.py:2972} INFO - Setting next_dagrun for yandex-rates-test to 2022-11-05T09:00:00+00:00, run_after=2022-11-05T12:00:00+00:00
[2022-11-05 14:24:13,906] {processor.py:161} INFO - Processing /opt/airflow/dags/yandex_dag.py took 0.627 seconds
[2022-11-05 14:24:44,693] {processor.py:153} INFO - Started process (PID=2707) to work on /opt/airflow/dags/yandex_dag.py
[2022-11-05 14:24:44,695] {processor.py:641} INFO - Processing file /opt/airflow/dags/yandex_dag.py for tasks to queue
[2022-11-05 14:24:44,698] {logging_mixin.py:115} INFO - [2022-11-05 14:24:44,698] {dagbag.py:508} INFO - Filling up the DagBag from /opt/airflow/dags/yandex_dag.py
[2022-11-05 14:24:44,769] {logging_mixin.py:115} INFO - [2022-11-05 14:24:44,769] {crypto.py:82} WARNING - empty cryptography key - values will not be stored encrypted.
[2022-11-05 14:24:44,793] {processor.py:651} INFO - DAG(s) dict_keys(['yandex-rates-test']) retrieved from /opt/airflow/dags/yandex_dag.py
[2022-11-05 14:24:44,822] {logging_mixin.py:115} INFO - [2022-11-05 14:24:44,822] {dag.py:2420} INFO - Sync 1 DAGs
[2022-11-05 14:24:45,092] {logging_mixin.py:115} INFO - [2022-11-05 14:24:45,092] {dag.py:2972} INFO - Setting next_dagrun for yandex-rates-test to 2022-11-05T09:00:00+00:00, run_after=2022-11-05T12:00:00+00:00
[2022-11-05 14:24:45,112] {processor.py:161} INFO - Processing /opt/airflow/dags/yandex_dag.py took 0.428 seconds
[2022-11-05 14:25:15,294] {processor.py:153} INFO - Started process (PID=2759) to work on /opt/airflow/dags/yandex_dag.py
[2022-11-05 14:25:15,295] {processor.py:641} INFO - Processing file /opt/airflow/dags/yandex_dag.py for tasks to queue
[2022-11-05 14:25:15,297] {logging_mixin.py:115} INFO - [2022-11-05 14:25:15,297] {dagbag.py:508} INFO - Filling up the DagBag from /opt/airflow/dags/yandex_dag.py
[2022-11-05 14:25:15,345] {logging_mixin.py:115} INFO - [2022-11-05 14:25:15,345] {crypto.py:82} WARNING - empty cryptography key - values will not be stored encrypted.
[2022-11-05 14:25:15,370] {processor.py:651} INFO - DAG(s) dict_keys(['yandex-rates-test']) retrieved from /opt/airflow/dags/yandex_dag.py
[2022-11-05 14:25:15,395] {logging_mixin.py:115} INFO - [2022-11-05 14:25:15,395] {dag.py:2420} INFO - Sync 1 DAGs
[2022-11-05 14:25:15,706] {logging_mixin.py:115} INFO - [2022-11-05 14:25:15,705] {dag.py:2972} INFO - Setting next_dagrun for yandex-rates-test to 2022-11-05T09:00:00+00:00, run_after=2022-11-05T12:00:00+00:00
[2022-11-05 14:25:15,752] {processor.py:161} INFO - Processing /opt/airflow/dags/yandex_dag.py took 0.463 seconds
[2022-11-05 14:25:46,074] {processor.py:153} INFO - Started process (PID=2818) to work on /opt/airflow/dags/yandex_dag.py
[2022-11-05 14:25:46,076] {processor.py:641} INFO - Processing file /opt/airflow/dags/yandex_dag.py for tasks to queue
[2022-11-05 14:25:46,078] {logging_mixin.py:115} INFO - [2022-11-05 14:25:46,078] {dagbag.py:508} INFO - Filling up the DagBag from /opt/airflow/dags/yandex_dag.py
[2022-11-05 14:25:46,130] {logging_mixin.py:115} INFO - [2022-11-05 14:25:46,129] {crypto.py:82} WARNING - empty cryptography key - values will not be stored encrypted.
[2022-11-05 14:25:46,156] {processor.py:651} INFO - DAG(s) dict_keys(['yandex-rates-test']) retrieved from /opt/airflow/dags/yandex_dag.py
[2022-11-05 14:25:46,180] {logging_mixin.py:115} INFO - [2022-11-05 14:25:46,179] {dag.py:2420} INFO - Sync 1 DAGs
[2022-11-05 14:25:46,391] {logging_mixin.py:115} INFO - [2022-11-05 14:25:46,391] {dag.py:2972} INFO - Setting next_dagrun for yandex-rates-test to 2022-11-05T09:00:00+00:00, run_after=2022-11-05T12:00:00+00:00
[2022-11-05 14:25:46,414] {processor.py:161} INFO - Processing /opt/airflow/dags/yandex_dag.py took 0.346 seconds
[2022-11-05 14:26:18,776] {processor.py:153} INFO - Started process (PID=2881) to work on /opt/airflow/dags/yandex_dag.py
[2022-11-05 14:26:18,831] {processor.py:641} INFO - Processing file /opt/airflow/dags/yandex_dag.py for tasks to queue
[2022-11-05 14:26:18,995] {logging_mixin.py:115} INFO - [2022-11-05 14:26:18,994] {dagbag.py:508} INFO - Filling up the DagBag from /opt/airflow/dags/yandex_dag.py
[2022-11-05 14:26:19,231] {logging_mixin.py:115} INFO - [2022-11-05 14:26:19,226] {crypto.py:82} WARNING - empty cryptography key - values will not be stored encrypted.
[2022-11-05 14:26:19,363] {processor.py:651} INFO - DAG(s) dict_keys(['yandex-rates-test']) retrieved from /opt/airflow/dags/yandex_dag.py
[2022-11-05 14:26:19,442] {logging_mixin.py:115} INFO - [2022-11-05 14:26:19,442] {dag.py:2420} INFO - Sync 1 DAGs
[2022-11-05 14:26:20,308] {logging_mixin.py:115} INFO - [2022-11-05 14:26:20,308] {dag.py:2972} INFO - Setting next_dagrun for yandex-rates-test to 2022-11-05T09:00:00+00:00, run_after=2022-11-05T12:00:00+00:00
[2022-11-05 14:26:20,365] {processor.py:161} INFO - Processing /opt/airflow/dags/yandex_dag.py took 1.701 seconds
[2022-11-05 14:26:51,109] {processor.py:153} INFO - Started process (PID=2937) to work on /opt/airflow/dags/yandex_dag.py
[2022-11-05 14:26:51,113] {processor.py:641} INFO - Processing file /opt/airflow/dags/yandex_dag.py for tasks to queue
[2022-11-05 14:26:51,116] {logging_mixin.py:115} INFO - [2022-11-05 14:26:51,116] {dagbag.py:508} INFO - Filling up the DagBag from /opt/airflow/dags/yandex_dag.py
[2022-11-05 14:26:51,281] {logging_mixin.py:115} INFO - [2022-11-05 14:26:51,274] {crypto.py:82} WARNING - empty cryptography key - values will not be stored encrypted.
[2022-11-05 14:26:51,366] {processor.py:651} INFO - DAG(s) dict_keys(['yandex-rates-test']) retrieved from /opt/airflow/dags/yandex_dag.py
[2022-11-05 14:26:51,418] {logging_mixin.py:115} INFO - [2022-11-05 14:26:51,418] {dag.py:2420} INFO - Sync 1 DAGs
[2022-11-05 14:26:51,719] {logging_mixin.py:115} INFO - [2022-11-05 14:26:51,715] {dag.py:2972} INFO - Setting next_dagrun for yandex-rates-test to 2022-11-05T09:00:00+00:00, run_after=2022-11-05T12:00:00+00:00
[2022-11-05 14:26:51,813] {processor.py:161} INFO - Processing /opt/airflow/dags/yandex_dag.py took 0.716 seconds
[2022-11-05 14:27:22,380] {processor.py:153} INFO - Started process (PID=2996) to work on /opt/airflow/dags/yandex_dag.py
[2022-11-05 14:27:22,381] {processor.py:641} INFO - Processing file /opt/airflow/dags/yandex_dag.py for tasks to queue
[2022-11-05 14:27:22,384] {logging_mixin.py:115} INFO - [2022-11-05 14:27:22,383] {dagbag.py:508} INFO - Filling up the DagBag from /opt/airflow/dags/yandex_dag.py
[2022-11-05 14:27:22,485] {logging_mixin.py:115} INFO - [2022-11-05 14:27:22,485] {crypto.py:82} WARNING - empty cryptography key - values will not be stored encrypted.
[2022-11-05 14:27:22,548] {processor.py:651} INFO - DAG(s) dict_keys(['yandex-rates-test']) retrieved from /opt/airflow/dags/yandex_dag.py
[2022-11-05 14:27:22,637] {logging_mixin.py:115} INFO - [2022-11-05 14:27:22,636] {dag.py:2420} INFO - Sync 1 DAGs
[2022-11-05 14:27:22,968] {logging_mixin.py:115} INFO - [2022-11-05 14:27:22,968] {dag.py:2972} INFO - Setting next_dagrun for yandex-rates-test to 2022-11-05T09:00:00+00:00, run_after=2022-11-05T12:00:00+00:00
[2022-11-05 14:27:23,002] {processor.py:161} INFO - Processing /opt/airflow/dags/yandex_dag.py took 0.629 seconds
[2022-11-05 14:27:53,593] {processor.py:153} INFO - Started process (PID=3052) to work on /opt/airflow/dags/yandex_dag.py
[2022-11-05 14:27:53,617] {processor.py:641} INFO - Processing file /opt/airflow/dags/yandex_dag.py for tasks to queue
[2022-11-05 14:27:53,623] {logging_mixin.py:115} INFO - [2022-11-05 14:27:53,623] {dagbag.py:508} INFO - Filling up the DagBag from /opt/airflow/dags/yandex_dag.py
[2022-11-05 14:27:53,766] {logging_mixin.py:115} INFO - [2022-11-05 14:27:53,766] {crypto.py:82} WARNING - empty cryptography key - values will not be stored encrypted.
[2022-11-05 14:27:53,845] {processor.py:651} INFO - DAG(s) dict_keys(['yandex-rates-test']) retrieved from /opt/airflow/dags/yandex_dag.py
[2022-11-05 14:27:53,926] {logging_mixin.py:115} INFO - [2022-11-05 14:27:53,926] {dag.py:2420} INFO - Sync 1 DAGs
[2022-11-05 14:27:54,735] {logging_mixin.py:115} INFO - [2022-11-05 14:27:54,734] {dag.py:2972} INFO - Setting next_dagrun for yandex-rates-test to 2022-11-05T09:00:00+00:00, run_after=2022-11-05T12:00:00+00:00
[2022-11-05 14:27:54,772] {processor.py:161} INFO - Processing /opt/airflow/dags/yandex_dag.py took 1.196 seconds
[2022-11-05 14:28:25,481] {processor.py:153} INFO - Started process (PID=3118) to work on /opt/airflow/dags/yandex_dag.py
[2022-11-05 14:28:25,483] {processor.py:641} INFO - Processing file /opt/airflow/dags/yandex_dag.py for tasks to queue
[2022-11-05 14:28:25,486] {logging_mixin.py:115} INFO - [2022-11-05 14:28:25,485] {dagbag.py:508} INFO - Filling up the DagBag from /opt/airflow/dags/yandex_dag.py
[2022-11-05 14:28:25,565] {logging_mixin.py:115} INFO - [2022-11-05 14:28:25,565] {crypto.py:82} WARNING - empty cryptography key - values will not be stored encrypted.
[2022-11-05 14:28:25,616] {processor.py:651} INFO - DAG(s) dict_keys(['yandex-rates-test']) retrieved from /opt/airflow/dags/yandex_dag.py
[2022-11-05 14:28:25,649] {logging_mixin.py:115} INFO - [2022-11-05 14:28:25,649] {dag.py:2420} INFO - Sync 1 DAGs
[2022-11-05 14:28:26,052] {logging_mixin.py:115} INFO - [2022-11-05 14:28:26,052] {dag.py:2972} INFO - Setting next_dagrun for yandex-rates-test to 2022-11-05T09:00:00+00:00, run_after=2022-11-05T12:00:00+00:00
[2022-11-05 14:28:26,094] {processor.py:161} INFO - Processing /opt/airflow/dags/yandex_dag.py took 0.622 seconds
[2022-11-05 14:28:56,373] {processor.py:153} INFO - Started process (PID=3177) to work on /opt/airflow/dags/yandex_dag.py
[2022-11-05 14:28:56,376] {processor.py:641} INFO - Processing file /opt/airflow/dags/yandex_dag.py for tasks to queue
[2022-11-05 14:28:56,382] {logging_mixin.py:115} INFO - [2022-11-05 14:28:56,382] {dagbag.py:508} INFO - Filling up the DagBag from /opt/airflow/dags/yandex_dag.py
[2022-11-05 14:28:56,458] {logging_mixin.py:115} INFO - [2022-11-05 14:28:56,457] {crypto.py:82} WARNING - empty cryptography key - values will not be stored encrypted.
[2022-11-05 14:28:56,519] {processor.py:651} INFO - DAG(s) dict_keys(['yandex-rates-test']) retrieved from /opt/airflow/dags/yandex_dag.py
[2022-11-05 14:28:56,550] {logging_mixin.py:115} INFO - [2022-11-05 14:28:56,550] {dag.py:2420} INFO - Sync 1 DAGs
[2022-11-05 14:28:56,766] {logging_mixin.py:115} INFO - [2022-11-05 14:28:56,766] {dag.py:2972} INFO - Setting next_dagrun for yandex-rates-test to 2022-11-05T09:00:00+00:00, run_after=2022-11-05T12:00:00+00:00
[2022-11-05 14:28:56,789] {processor.py:161} INFO - Processing /opt/airflow/dags/yandex_dag.py took 0.422 seconds
[2022-11-05 14:29:27,224] {processor.py:153} INFO - Started process (PID=3233) to work on /opt/airflow/dags/yandex_dag.py
[2022-11-05 14:29:27,226] {processor.py:641} INFO - Processing file /opt/airflow/dags/yandex_dag.py for tasks to queue
[2022-11-05 14:29:27,233] {logging_mixin.py:115} INFO - [2022-11-05 14:29:27,233] {dagbag.py:508} INFO - Filling up the DagBag from /opt/airflow/dags/yandex_dag.py
[2022-11-05 14:29:27,284] {logging_mixin.py:115} INFO - [2022-11-05 14:29:27,284] {crypto.py:82} WARNING - empty cryptography key - values will not be stored encrypted.
[2022-11-05 14:29:27,310] {processor.py:651} INFO - DAG(s) dict_keys(['yandex-rates-test']) retrieved from /opt/airflow/dags/yandex_dag.py
[2022-11-05 14:29:27,337] {logging_mixin.py:115} INFO - [2022-11-05 14:29:27,336] {dag.py:2420} INFO - Sync 1 DAGs
[2022-11-05 14:29:27,533] {logging_mixin.py:115} INFO - [2022-11-05 14:29:27,533] {dag.py:2972} INFO - Setting next_dagrun for yandex-rates-test to 2022-11-05T09:00:00+00:00, run_after=2022-11-05T12:00:00+00:00
[2022-11-05 14:29:27,549] {processor.py:161} INFO - Processing /opt/airflow/dags/yandex_dag.py took 0.332 seconds
[2022-11-05 14:29:58,945] {processor.py:153} INFO - Started process (PID=3293) to work on /opt/airflow/dags/yandex_dag.py
[2022-11-05 14:29:59,089] {processor.py:641} INFO - Processing file /opt/airflow/dags/yandex_dag.py for tasks to queue
[2022-11-05 14:29:59,248] {logging_mixin.py:115} INFO - [2022-11-05 14:29:59,247] {dagbag.py:508} INFO - Filling up the DagBag from /opt/airflow/dags/yandex_dag.py
[2022-11-05 14:30:00,805] {logging_mixin.py:115} INFO - [2022-11-05 14:30:00,805] {crypto.py:82} WARNING - empty cryptography key - values will not be stored encrypted.
[2022-11-05 14:30:01,028] {processor.py:651} INFO - DAG(s) dict_keys(['yandex-rates-test']) retrieved from /opt/airflow/dags/yandex_dag.py
[2022-11-05 14:30:01,292] {logging_mixin.py:115} INFO - [2022-11-05 14:30:01,291] {dag.py:2420} INFO - Sync 1 DAGs
[2022-11-05 14:30:03,662] {logging_mixin.py:115} INFO - [2022-11-05 14:30:03,662] {dag.py:2972} INFO - Setting next_dagrun for yandex-rates-test to 2022-11-05T09:00:00+00:00, run_after=2022-11-05T12:00:00+00:00
[2022-11-05 14:30:03,710] {processor.py:161} INFO - Processing /opt/airflow/dags/yandex_dag.py took 5.062 seconds
[2022-11-05 14:30:34,004] {processor.py:153} INFO - Started process (PID=3352) to work on /opt/airflow/dags/yandex_dag.py
[2022-11-05 14:30:34,005] {processor.py:641} INFO - Processing file /opt/airflow/dags/yandex_dag.py for tasks to queue
[2022-11-05 14:30:34,013] {logging_mixin.py:115} INFO - [2022-11-05 14:30:34,013] {dagbag.py:508} INFO - Filling up the DagBag from /opt/airflow/dags/yandex_dag.py
[2022-11-05 14:30:34,067] {logging_mixin.py:115} INFO - [2022-11-05 14:30:34,067] {crypto.py:82} WARNING - empty cryptography key - values will not be stored encrypted.
[2022-11-05 14:30:34,099] {processor.py:651} INFO - DAG(s) dict_keys(['yandex-rates-test']) retrieved from /opt/airflow/dags/yandex_dag.py
[2022-11-05 14:30:34,125] {logging_mixin.py:115} INFO - [2022-11-05 14:30:34,125] {dag.py:2420} INFO - Sync 1 DAGs
[2022-11-05 14:30:34,357] {logging_mixin.py:115} INFO - [2022-11-05 14:30:34,357] {dag.py:2972} INFO - Setting next_dagrun for yandex-rates-test to 2022-11-05T09:00:00+00:00, run_after=2022-11-05T12:00:00+00:00
[2022-11-05 14:30:34,418] {processor.py:161} INFO - Processing /opt/airflow/dags/yandex_dag.py took 0.421 seconds
