[2022-11-05 15:18:17,568] {taskinstance.py:1179} INFO - Dependencies all met for <TaskInstance: example_bash_operator.runme_2 manual__2022-11-05T15:17:53.726801+00:00 [queued]>
[2022-11-05 15:18:17,746] {taskinstance.py:1179} INFO - Dependencies all met for <TaskInstance: example_bash_operator.runme_2 manual__2022-11-05T15:17:53.726801+00:00 [queued]>
[2022-11-05 15:18:17,749] {taskinstance.py:1376} INFO - 
--------------------------------------------------------------------------------
[2022-11-05 15:18:17,752] {taskinstance.py:1377} INFO - Starting attempt 1 of 1
[2022-11-05 15:18:17,758] {taskinstance.py:1378} INFO - 
--------------------------------------------------------------------------------
[2022-11-05 15:18:18,182] {taskinstance.py:1397} INFO - Executing <Task(BashOperator): runme_2> on 2022-11-05 15:17:53.726801+00:00
[2022-11-05 15:18:18,407] {standard_task_runner.py:52} INFO - Started process 3108 to run task
[2022-11-05 15:18:18,599] {standard_task_runner.py:79} INFO - Running: ['***', 'tasks', 'run', 'example_bash_operator', 'runme_2', 'manual__2022-11-05T15:17:53.726801+00:00', '--job-id', '17', '--raw', '--subdir', '/home/***/.local/lib/python3.7/site-packages/***/example_dags/example_bash_operator.py', '--cfg-path', '/tmp/tmp__j_b2rn', '--error-file', '/tmp/tmplxyffg99']
[2022-11-05 15:18:18,604] {standard_task_runner.py:80} INFO - Job 17: Subtask runme_2
[2022-11-05 15:18:20,285] {task_command.py:371} INFO - Running <TaskInstance: example_bash_operator.runme_2 manual__2022-11-05T15:17:53.726801+00:00 [running]> on host ec0dc6e942fe
[2022-11-05 15:18:23,369] {taskinstance.py:1591} INFO - Exporting the following env vars:
AIRFLOW_CTX_DAG_OWNER=***
AIRFLOW_CTX_DAG_ID=example_bash_operator
AIRFLOW_CTX_TASK_ID=runme_2
AIRFLOW_CTX_EXECUTION_DATE=2022-11-05T15:17:53.726801+00:00
AIRFLOW_CTX_TRY_NUMBER=1
AIRFLOW_CTX_DAG_RUN_ID=manual__2022-11-05T15:17:53.726801+00:00
[2022-11-05 15:18:23,602] {subprocess.py:62} INFO - Tmp dir root location: 
 /tmp
[2022-11-05 15:18:23,611] {subprocess.py:74} INFO - Running command: ['bash', '-c', 'echo "example_bash_operator__runme_2__20221105" && sleep 1']
[2022-11-05 15:18:23,974] {subprocess.py:85} INFO - Output:
[2022-11-05 15:18:24,008] {subprocess.py:92} INFO - example_bash_operator__runme_2__20221105
[2022-11-05 15:18:25,075] {subprocess.py:96} INFO - Command exited with return code 0
[2022-11-05 15:18:26,241] {taskinstance.py:1420} INFO - Marking task as SUCCESS. dag_id=example_bash_operator, task_id=runme_2, execution_date=20221105T151753, start_date=20221105T151817, end_date=20221105T151826
[2022-11-05 15:18:26,852] {local_task_job.py:156} INFO - Task exited with return code 0
[2022-11-05 15:18:27,747] {local_task_job.py:273} INFO - 1 downstream tasks scheduled from follow-on schedule check
